You have been successfully authorized!
running main
likes remaining: 100
name: Calla, id: 595d96fb7dc2373c612b1874
Napping for 0.101535 seconds...
	liking... {u'likes_remaining': 100, u'match': False}
Aww, it's not a match:(
name: Tania, id: 536dc0df86d6e6f24c000c11
Napping for 0.209277 seconds...
	liking... {u'likes_remaining': 100, u'match': False}
Aww, it's not a match:(
name: Lauren, id: 57a101081bd63c8f4dc8151f
Napping for 0.867090 seconds...
	liking... {u'likes_remaining': 100, u'match': False}
Aww, it's not a match:(
name: Jessica, id: 599c808eb0bd302814e5400d
Napping for 0.401655 seconds...
	liking... {u'likes_remaining': 100, u'match': False}
Aww, it's not a match:(
name: Dana Clare, id: 59cae3bfa43bba643833ebde
Napping for 0.760677 seconds...
	liking... {u'likes_remaining': 100, u'match': False}
Aww, it's not a match:(
name: Emma, id: 5a31a65fc32aba580dac56cd
Napping for 0.031777 seconds...
	liking... {u'likes_remaining': 100, u'match': False}
Aww, it's not a match:(
name: Monique, id: 58a3c6a60509c4185ce0c2e1
Napping for 0.498028 seconds...
	liking... {u'likes_remaining': 100, u'match': False}
Aww, it's not a match:(
