You have been successfully authorized!
running main
likes remaining: 0
name: Valeria, id: 5a5c5989def65a4e1a823f8f
Napping for 0.000646 seconds...
	liking... {u'rate_limited_until': 1516044176131, u'likes_remaining': 0, u'match': False}
Aww, it's not a match:(
out of likes. Closing...
name: Erin, id: 5a5c5e54253434f02de1d602
Napping for 1.034696 seconds...
	liking... {u'rate_limited_until': 1516044176131, u'likes_remaining': 0, u'match': False}
Aww, it's not a match:(
out of likes. Closing...
name: DeAndra, id: 592fad510bd880996f76cd91
Napping for 0.494946 seconds...
	liking... {u'rate_limited_until': 1516044176131, u'likes_remaining': 0, u'match': False}
Aww, it's not a match:(
out of likes. Closing...
name: Nida, id: 5a5c73d9037399d726a3d79d
Napping for 0.082357 seconds...
	liking... {u'rate_limited_until': 1516044176131, u'likes_remaining': 0, u'match': False}
Aww, it's not a match:(
out of likes. Closing...
name: Jenny, id: 5a5c9fd1bf6920e327c1d740
Napping for 0.017873 seconds...
	liking... {u'rate_limited_until': 1516044176131, u'likes_remaining': 0, u'match': False}
Aww, it's not a match:(
out of likes. Closing...
name: Jenny, id: 5a4ef9a8e1f6028675c24093
Napping for 0.126037 seconds...
	liking... {u'rate_limited_until': 1516044176131, u'likes_remaining': 0, u'match': False}
Aww, it's not a match:(
out of likes. Closing...
name: Natalie, id: 5a1f94acb90c018263f2d46d
Napping for 1.147842 seconds...
	liking... {u'rate_limited_until': 1516044176131, u'likes_remaining': 0, u'match': False}
Aww, it's not a match:(
out of likes. Closing...
name: Kristy, id: 5a5c641b253434f02de1dc96
Napping for 0.871079 seconds...
	liking... {u'rate_limited_until': 1516044176131, u'likes_remaining': 0, u'match': False}
Aww, it's not a match:(
out of likes. Closing...
name: Nakisha, id: 52d85cd1e98e12ee030011ca
Napping for 0.194143 seconds...
	liking... {u'rate_limited_until': 1516044176131, u'likes_remaining': 0, u'match': False}
Aww, it's not a match:(
out of likes. Closing...
name: Vicky, id: 549396428b9befab5b71e05e
Napping for 0.306689 seconds...
	liking... {u'rate_limited_until': 1516044176131, u'likes_remaining': 0, u'match': False}
Aww, it's not a match:(
out of likes. Closing...
name: Coco, id: 52709722f078487745000b6c
Napping for 0.331408 seconds...
	liking... {u'rate_limited_until': 1516044176131, u'likes_remaining': 0, u'match': False}
Aww, it's not a match:(
out of likes. Closing...
name: Qing, id: 55c7abf2e7100e962e124c45
Napping for 0.927276 seconds...
	liking... {u'rate_limited_until': 1516044176131, u'likes_remaining': 0, u'match': False}
Aww, it's not a match:(
out of likes. Closing...
name: Jenny, id: 5a5c9fd1bf6920e327c1d740
Napping for 0.441636 seconds...
	liking... {u'rate_limited_until': 1516044176131, u'likes_remaining': 0, u'match': False}
Aww, it's not a match:(
out of likes. Closing...
name: Zoe, id: 54ddc3e0036e30c86cb3dbd7
Napping for 0.060024 seconds...
	liking... {u'rate_limited_until': 1516044176131, u'likes_remaining': 0, u'match': False}
Aww, it's not a match:(
out of likes. Closing...
name: Rosie, id: 5a52f30ecb58ec106ae1a01a
Napping for 0.225126 seconds...
	liking... {u'rate_limited_until': 1516044176131, u'likes_remaining': 0, u'match': False}
Aww, it's not a match:(
out of likes. Closing...
name: Vivian, id: 59fe5067f645039e576445ec
Napping for 0.199596 seconds...
	liking... {u'rate_limited_until': 1516044176131, u'likes_remaining': 0, u'match': False}
Aww, it's not a match:(
out of likes. Closing...
name: Richa, id: 585dda783c6990561bde7777
Napping for 0.442359 seconds...
	liking... {u'rate_limited_until': 1516044176131, u'likes_remaining': 0, u'match': False}
Aww, it's not a match:(
out of likes. Closing...
name: Erin, id: 5a5c5e54253434f02de1d602
Napping for 0.039222 seconds...
	liking... {u'rate_limited_until': 1516044176131, u'likes_remaining': 0, u'match': False}
Aww, it's not a match:(
out of likes. Closing...
name: Margot, id: 50f8c3dfa976202026000046
Napping for 1.077650 seconds...
	liking... {u'rate_limited_until': 1516044176131, u'likes_remaining': 0, u'match': False}
Aww, it's not a match:(
out of likes. Closing...
name: Sara, id: 598a494b861544843e017c40
Napping for 1.037276 seconds...
	liking... {u'rate_limited_until': 1516044176131, u'likes_remaining': 0, u'match': False}
Aww, it's not a match:(
out of likes. Closing...
