You have been successfully authorized!
running main
likes remaining: 100
name: Steph, id: 592b5c96a30e80b87ce3e947
Napping for 0.333212 seconds...
	liking... {u'likes_remaining': 100, u'match': False}
Aww, it's not a match:(
name: Angelica, id: 59f03623bf6f36537deb95c5
Napping for 0.614782 seconds...
	liking... {u'likes_remaining': 100, u'match': False}
Aww, it's not a match:(
name: Cambrie, id: 59c6005bd7e0db1176e319e6
Napping for 0.707109 seconds...
	liking... {u'likes_remaining': 100, u'match': False}
Aww, it's not a match:(
name: Sam, id: 5a2cb97f4ce394d41650fd6a
Napping for 0.072550 seconds...
	liking... {u'likes_remaining': 100, u'match': False}
Aww, it's not a match:(
name: Santa, id: 5a3a9a78745e0c8a791275eb
