You have been successfully authorized!
running main
likes remaining: 100
name: Jocelyn, id: 59dd48b488bf50571518dc54
Napping for 0.383675 seconds...
	liking... {u'likes_remaining': 100, u'match': False}
Aww, it's not a match:(
name: Gretchen, id: 59e30b8e1859d3de3452f472
Napping for 0.042621 seconds...
	liking... {u'likes_remaining': 100, u'match': {u'common_like_count': 0, u'is_super_like': False, u'common_friend_count': 0, u'is_fast_match': False, u'is_boost_match': False, u'messages': [], u'last_activity_date': u'2018-01-09T17:14:18.865Z', u'dead': False, u'message_count': 0, u'participants': [u'5411d98b8ce312114adedd68', u'59e30b8e1859d3de3452f472'], u'closed': False, u'created_date': u'2018-01-09T17:14:18.865Z', u'following': True, u'following_moments': True, u'_id': u'5411d98b8ce312114adedd6859e30b8e1859d3de3452f472', u'pending': False}}
It's a match!
name: Elaine, id: 59e3eda5f5eb276334966155
Napping for 0.759937 seconds...
	liking... {u'likes_remaining': 100, u'match': False}
Aww, it's not a match:(
name: Jessica, id: 5a4c5748958bba891e4e359d
Napping for 1.154895 seconds...
	liking... {u'likes_remaining': 100, u'match': False}
Aww, it's not a match:(
name: Lia, id: 5a4577315f165d721238a57a
Napping for 0.963556 seconds...
	liking... {u'likes_remaining': 100, u'match': False}
Aww, it's not a match:(
name: Jessica, id: 5a51377429fbc1844a1a22f3
Napping for 1.028368 seconds...
	liking... {u'likes_remaining': 100, u'match': False}
Aww, it's not a match:(
name: Teja, id: 57d251fedbdcb9b20122e8af
Napping for 0.231823 seconds...
	liking... {u'likes_remaining': 100, u'match': False}
Aww, it's not a match:(
name: Andrea, id: 5a543a15707af2d86f910506
Napping for 1.162888 seconds...
	liking... {u'likes_remaining': 100, u'match': False}
Aww, it's not a match:(
name: Gwen, id: 5a52b54cbea73a546a12e688
Napping for 1.135556 seconds...
	liking... {u'likes_remaining': 100, u'match': False}
Aww, it's not a match:(
name: Amy, id: 587d76b704d463a3430125b9
Napping for 1.188431 seconds...
	liking... {u'likes_remaining': 100, u'match': False}
Aww, it's not a match:(
name: Isabel, id: 5a4468b79e6f7d692584df2d
Napping for 0.457685 seconds...
	liking... {u'likes_remaining': 100, u'match': False}
Aww, it's not a match:(
name: Emily, id: 5a545950133b2393694c9cb1
Napping for 1.159691 seconds...
	liking... {u'likes_remaining': 100, u'match': False}
Aww, it's not a match:(
name: Tegan, id: 5a4720eefaabd2bc617e6daa
Napping for 1.109566 seconds...
	liking... {u'likes_remaining': 100, u'match': False}
Aww, it's not a match:(
name: Emily, id: 55aaa8803d6a471e12a9eb01
Napping for 0.902354 seconds...
	liking... {u'likes_remaining': 100, u'match': False}
Aww, it's not a match:(
name: Julia, id: 5658bc013aa04b54355dde3d
Napping for 0.161299 seconds...
	liking... {u'likes_remaining': 100, u'match': False}
Aww, it's not a match:(
name: Lo, id: 5a4352d6958bba891e4738b6
Napping for 1.028277 seconds...
	liking... {u'likes_remaining': 100, u'match': False}
Aww, it's not a match:(
name: Emerald, id: 5a54484d91b2b84f694bbe4b
Napping for 1.123211 seconds...
	liking... {u'likes_remaining': 100, u'match': False}
Aww, it's not a match:(
name: Tori, id: 5a5316e3707af2d86f901091
Napping for 1.078691 seconds...
	liking... {u'likes_remaining': 100, u'match': False}
Aww, it's not a match:(
name: Yan, id: 5a5285af1cd829ba6f51a15b
Napping for 0.507503 seconds...
	liking... {u'likes_remaining': 100, u'match': False}
Aww, it's not a match:(
name: Soyoung, id: 57b94ffd6423bcde0a93bce2
Napping for 0.291176 seconds...
	liking... {u'likes_remaining': 100, u'match': False}
Aww, it's not a match:(
name: Sophie, id: 5414d9d16c6958714cc34e40
Napping for 0.221833 seconds...
	liking... {u'likes_remaining': 100, u'match': False}
Aww, it's not a match:(
name: Jenny, id: 57f73f839a6593b56a26c057
Napping for 0.616494 seconds...
	liking... {u'likes_remaining': 100, u'match': False}
Aww, it's not a match:(
name: Erin, id: 5a52b51c82f36bb469ef7472
Napping for 0.902376 seconds...
	liking... {u'likes_remaining': 100, u'match': False}
Aww, it's not a match:(
name: Jazmin, id: 5a52b4bfe343b0055d40c394
Napping for 0.140699 seconds...
	liking... {u'likes_remaining': 100, u'match': False}
Aww, it's not a match:(
name: Bri, id: 5a543cbc82f36bb469f0af91
Napping for 0.791573 seconds...
	liking... {u'likes_remaining': 100, u'match': False}
Aww, it's not a match:(
name: Celisa, id: 548bd24e20bdcf1f24df4dd8
Napping for 1.011562 seconds...
	liking... {u'likes_remaining': 100, u'match': False}
Aww, it's not a match:(
name: Jennifer, id: 57846751cb63801912650cdb
Napping for 0.852818 seconds...
	liking... {u'likes_remaining': 100, u'match': False}
Aww, it's not a match:(
name: Lauren, id: 5a458d61b86023b5127f3bee
Napping for 0.339644 seconds...
	liking... {u'likes_remaining': 100, u'match': False}
Aww, it's not a match:(
name: Samantha, id: 59379fccb93a28567f484691
Napping for 0.942592 seconds...
	liking... {u'likes_remaining': 100, u'match': False}
Aww, it's not a match:(
name: Emily, id: 58dd8745b8481af1792a2fb5
Napping for 0.181710 seconds...
	liking... {u'likes_remaining': 100, u'match': False}
Aww, it's not a match:(
name: Mary, id: 59e41f0e1859d3de3453b8be
Napping for 0.318250 seconds...
	liking... {u'likes_remaining': 100, u'match': False}
Aww, it's not a match:(
name: Odalys, id: 5a3d6edaca8c017e1d34cb30
Napping for 0.291250 seconds...
	liking... {u'likes_remaining': 100, u'match': False}
Aww, it's not a match:(
name: Himani, id: 59bb3bc7e9dd767510badc69
Napping for 0.703504 seconds...
	liking... {u'likes_remaining': 100, u'match': False}
Aww, it's not a match:(
name: Katryna, id: 5a5467d982f36bb469f0e489
Napping for 0.158297 seconds...
	liking... {u'likes_remaining': 100, u'match': False}
Aww, it's not a match:(
name: Janice, id: 5a546948cb58ec106ae31887
Napping for 1.110090 seconds...
	liking... {u'likes_remaining': 100, u'match': False}
Aww, it's not a match:(
name: Chanel, id: 53fc1c52d6d235ed2fd87bb6
Napping for 0.128694 seconds...
	liking... {u'likes_remaining': 100, u'match': False}
Aww, it's not a match:(
name: Sarah-Danielle, id: 5281e69bbe6619a54f00009a
Napping for 0.143265 seconds...
	liking... {u'likes_remaining': 100, u'match': False}
Aww, it's not a match:(
name: Katie, id: 59f414a01d0f17950c2ca2eb
Napping for 0.127720 seconds...
	liking... {u'likes_remaining': 100, u'match': False}
Aww, it's not a match:(
name: Essra, id: 5a4c70ae2788ab671efb311c
Napping for 0.922193 seconds...
	liking... {u'likes_remaining': 100, u'match': False}
Aww, it's not a match:(
name: Spandana, id: 5a541a6882f36bb469f0933b
Napping for 0.018122 seconds...
	liking... {u'likes_remaining': 100, u'match': False}
Aww, it's not a match:(
name: Gabrielle, id: 56beedd81c526dee69b692ab
Napping for 0.090981 seconds...
	liking... {u'likes_remaining': 100, u'match': False}
Aww, it's not a match:(
name: Natalie, id: 58f051eb33f507d82384dbf6
Napping for 0.836211 seconds...
	liking... {u'likes_remaining': 100, u'match': False}
Aww, it's not a match:(
name: Lina, id: 59c3112ca360601c45c9284f
Napping for 0.902582 seconds...
	liking... {u'likes_remaining': 100, u'match': False}
Aww, it's not a match:(
name: Jamaica, id: 5a528a95febb740d70894057
Napping for 0.856773 seconds...
	liking... {u'likes_remaining': 100, u'match': False}
Aww, it's not a match:(
name: Spoorthi, id: 5a4c277f199b629412e32024
Napping for 0.936377 seconds...
	liking... {u'likes_remaining': 100, u'match': False}
Aww, it's not a match:(
name: Makayla, id: 5a50b8d2f077ffbd3675c4e4
Napping for 0.426650 seconds...
	liking... {u'likes_remaining': 100, u'match': False}
Aww, it's not a match:(
name: Jessica, id: 5a4459649e6f7d692584c8f0
Napping for 0.769673 seconds...
	liking... {u'likes_remaining': 100, u'match': False}
Aww, it's not a match:(
name: Sarahvaughn, id: 5a41cc2998f95f50125c2201
Napping for 0.947509 seconds...
	liking... {u'likes_remaining': 100, u'match': False}
Aww, it's not a match:(
name: Blue, id: 58d9cc0f9b86a3a40b061c81
Napping for 1.002987 seconds...
	liking... {u'likes_remaining': 100, u'match': False}
Aww, it's not a match:(
name: Sandra, id: 56657cc1cdb8b083159351de
Napping for 0.654445 seconds...
	liking... {u'likes_remaining': 100, u'match': False}
Aww, it's not a match:(
name: Gabriela, id: 57df80c03f5253080a57e4dd
Napping for 0.995794 seconds...
	liking... {u'likes_remaining': 100, u'match': False}
Aww, it's not a match:(
name: Michelle, id: 57f5893859cca5a20911aa4d
Napping for 0.722587 seconds...
	liking... {u'likes_remaining': 100, u'match': False}
Aww, it's not a match:(
name: Ale, id: 59745f9aa25981f0510790df
Napping for 0.623615 seconds...
	liking... {u'likes_remaining': 100, u'match': False}
Aww, it's not a match:(
name: Sarah, id: 57ce026614c3cc06795e64f3
Napping for 1.016044 seconds...
	liking... {u'likes_remaining': 100, u'match': False}
Aww, it's not a match:(
name: Lilly, id: 59ab99b3c1b592a202a8e39f
Napping for 0.340195 seconds...
	liking... {u'likes_remaining': 100, u'match': False}
Aww, it's not a match:(
name: Kelly, id: 5a4b70e1faabd2bc6180cfc4
Napping for 0.088882 seconds...
	liking... {u'likes_remaining': 100, u'match': False}
Aww, it's not a match:(
name: Angi, id: 5a5061f785de90634a24460c
Napping for 0.112581 seconds...
	liking... {u'likes_remaining': 100, u'match': False}
Aww, it's not a match:(
name: Erin, id: 57e4bed7a05c05d13fb2c692
Napping for 0.107133 seconds...
	liking... {u'likes_remaining': 100, u'match': False}
Aww, it's not a match:(
name: Audrey, id: 5a5435afbea73a546a144313
Napping for 0.667883 seconds...
	liking... {u'likes_remaining': 100, u'match': False}
Aww, it's not a match:(
name: Veronica, id: 580eef5b31e2aa49617b088d
Napping for 0.525262 seconds...
	liking... {u'likes_remaining': 100, u'match': False}
Aww, it's not a match:(
name: Emerald, id: 5a4e00939857331203e096e6
Napping for 0.245722 seconds...
	liking... {u'likes_remaining': 100, u'match': False}
Aww, it's not a match:(
name: Kimmie, id: 5104b469164f1bdb29000021
Napping for 0.528417 seconds...
	liking... {u'likes_remaining': 100, u'match': False}
Aww, it's not a match:(
name: Lauren, id: 541a42331e2767b36a5a4ac1
Napping for 0.763317 seconds...
	liking... {u'likes_remaining': 100, u'match': False}
Aww, it's not a match:(
name: Ivy, id: 5a3ce9def77d1c966e7df885
Napping for 1.002790 seconds...
	liking... {u'likes_remaining': 100, u'match': False}
Aww, it's not a match:(
name: Nandita, id: 5a52d8d5133b2393694b70bf
Napping for 0.256399 seconds...
	liking... {u'likes_remaining': 100, u'match': False}
Aww, it's not a match:(
name: Koko, id: 59f5125219e1196f6baa45c7
Napping for 0.259147 seconds...
	liking... {u'likes_remaining': 100, u'match': False}
Aww, it's not a match:(
name: Michaela, id: 58e6a59a4d647a606703455f
Napping for 0.250393 seconds...
	liking... {u'likes_remaining': 100, u'match': False}
Aww, it's not a match:(
name: Toni-Kay, id: 5a52eeca0d4f3e71698dbe91
Napping for 0.275820 seconds...
	liking... {u'likes_remaining': 100, u'match': False}
Aww, it's not a match:(
name: Belinda, id: 5a49fc7798f95f5012618d68
Napping for 0.832107 seconds...
	liking... {u'likes_remaining': 100, u'match': False}
Aww, it's not a match:(
name: Jasmine, id: 55b6b480eec557c27a2fd96e
Napping for 0.238507 seconds...
	liking... {u'likes_remaining': 100, u'match': False}
Aww, it's not a match:(
name: Rose, id: 54b42744993e08a96fe1c902
Napping for 0.987197 seconds...
	liking... {u'likes_remaining': 100, u'match': False}
Aww, it's not a match:(
name: Deepika, id: 5a4c9005aa9e1a4725d8ccd2
Napping for 0.096981 seconds...
	liking... {u'likes_remaining': 100, u'match': False}
Aww, it's not a match:(
name: Avalon, id: 532888490cc5eb8103000c81
Napping for 0.395893 seconds...
	liking... {u'likes_remaining': 100, u'match': False}
Aww, it's not a match:(
name: Geena, id: 5a503ec2fbe4e81f4a6c2406
Napping for 0.812481 seconds...
	liking... {u'likes_remaining': 100, u'match': False}
Aww, it's not a match:(
name: Alison, id: 56490d3401dc59f53e5d1bb0
Napping for 0.819260 seconds...
	liking... {u'likes_remaining': 100, u'match': False}
Aww, it's not a match:(
name: Grace, id: 5a4e7a493eac0236096af4c0
Napping for 0.878651 seconds...
	liking... {u'likes_remaining': 100, u'match': False}
Aww, it's not a match:(
name: May, id: 59b6105b76f207a33cafe612
Napping for 0.090904 seconds...
	liking... {u'likes_remaining': 100, u'match': False}
Aww, it's not a match:(
name: Taylor, id: 5a5455ec39394c325d628185
Napping for 0.340421 seconds...
	liking... {u'likes_remaining': 100, u'match': False}
Aww, it's not a match:(
name: Phoebe, id: 559a030fa7ae7c8402cf095b
Napping for 0.431460 seconds...
	liking... {u'likes_remaining': 100, u'match': False}
Aww, it's not a match:(
name: Gitanjali, id: 57449c2c1b8876e9156563c5
Napping for 0.217599 seconds...
	liking... {u'likes_remaining': 100, u'match': False}
Aww, it's not a match:(
name: Sarah, id: 576ccf98bca44c133af5249a
Napping for 0.292571 seconds...
	liking... {u'likes_remaining': 100, u'match': False}
Aww, it's not a match:(
name: Emily, id: 56d0c1665d8d63d608bed19e
Napping for 1.142811 seconds...
	liking... {u'likes_remaining': 100, u'match': False}
Aww, it's not a match:(
name: Nomi, id: 58c70bb3a1d54edd505064cf
Napping for 0.506297 seconds...
	liking... {u'likes_remaining': 100, u'match': False}
Aww, it's not a match:(
name: Iman, id: 5a497a582eced07167475b70
Napping for 0.152282 seconds...
	liking... {u'likes_remaining': 100, u'match': False}
Aww, it's not a match:(
name: BreAnna, id: 5a4c81032788ab671efb4486
Napping for 0.059947 seconds...
	liking... {u'likes_remaining': 100, u'match': False}
Aww, it's not a match:(
name: Jenny, id: 53c233ffa4e14c454b9ea31a
Napping for 0.618563 seconds...
	liking... {u'likes_remaining': 100, u'match': False}
Aww, it's not a match:(
name: Tessa, id: 5996660a03af1ed72d2a41ab
Napping for 1.034121 seconds...
	liking... {u'likes_remaining': 100, u'match': False}
Aww, it's not a match:(
name: Ankita, id: 5a53220c39394c325d618821
Napping for 0.185605 seconds...
	liking... {u'likes_remaining': 100, u'match': False}
Aww, it's not a match:(
name: Sarah, id: 530c39c9ac488a983c0006b2
Napping for 0.658254 seconds...
	liking... {u'likes_remaining': 100, u'match': False}
Aww, it's not a match:(
name: Aubrey, id: 5a4f0bba9857331203e17f0b
Napping for 0.028678 seconds...
	liking... {u'likes_remaining': 100, u'match': False}
Aww, it's not a match:(
name: Michelle, id: 5a2de8faf562e7fb0f443387
Napping for 0.036992 seconds...
	liking... {u'likes_remaining': 100, u'match': False}
Aww, it's not a match:(
name: Alliah, id: 59c2a1f680d0c22136c85dfe
Napping for 0.167251 seconds...
	liking... {u'likes_remaining': 100, u'match': False}
Aww, it's not a match:(
name: Belin, id: 5248676cb3efe0296800000b
Napping for 0.026669 seconds...
	liking... {u'likes_remaining': 100, u'match': False}
Aww, it's not a match:(
name: Claire, id: 5a4db6f36457c2530274be69
Napping for 0.060547 seconds...
	liking... {u'likes_remaining': 100, u'match': False}
Aww, it's not a match:(
name: Jyotsna, id: 585e2fe7f7cc6e471789638b
Napping for 0.501520 seconds...
	liking... {u'likes_remaining': 100, u'match': False}
Aww, it's not a match:(
name: Nhung, id: 59079410c2d7177d79285b6c
Napping for 0.015558 seconds...
	liking... {u'likes_remaining': 100, u'match': False}
Aww, it's not a match:(
name: Regina, id: 5a42d0e3958bba891e46cdb6
Napping for 0.585100 seconds...
	liking... {u'likes_remaining': 100, u'match': False}
Aww, it's not a match:(
name: Agnetta, id: 539e8bd0f7522f1b26623e01
Napping for 0.443881 seconds...
	liking... {u'likes_remaining': 100, u'match': False}
Aww, it's not a match:(
name: Kelsey, id: 5114528496790f2c3f00011b
Napping for 0.400981 seconds...
	liking... {u'likes_remaining': 100, u'match': False}
Aww, it's not a match:(
name: Michaela, id: 522d586a8c3c4d9a1200005c
Napping for 0.124306 seconds...
	liking... {u'rate_limited_until': 1515561359787, u'likes_remaining': 0, u'match': False}
Aww, it's not a match:(
out of likes. Closing...
name: Camila, id: 5a5236c5e343b0055d401fa5
Napping for 0.869373 seconds...
	liking... {u'rate_limited_until': 1515561359787, u'likes_remaining': 0, u'match': False}
Aww, it's not a match:(
out of likes. Closing...
name: Darshini, id: 5a3c9800881cced96e3ea7c0
Napping for 0.693442 seconds...
	liking... {u'rate_limited_until': 1515561359787, u'likes_remaining': 0, u'match': False}
Aww, it's not a match:(
out of likes. Closing...
name: Moriah, id: 55a327169f53383e4485f061
Napping for 0.330755 seconds...
	liking... {u'rate_limited_until': 1515561359787, u'likes_remaining': 0, u'match': False}
Aww, it's not a match:(
out of likes. Closing...
name: Margarita, id: 5a543d00707af2d86f9109b1
Napping for 0.396894 seconds...
	liking... {u'rate_limited_until': 1515561359787, u'likes_remaining': 0, u'match': False}
Aww, it's not a match:(
out of likes. Closing...
name: Yehn, id: 5a4f11f77ef3f81009aec572
Napping for 1.166821 seconds...
	liking... {u'rate_limited_until': 1515561359787, u'likes_remaining': 0, u'match': False}
Aww, it's not a match:(
out of likes. Closing...
name: Adelyn, id: 57bbad25e5cfdcb30aac74bc
Napping for 0.731640 seconds...
	liking... {u'rate_limited_until': 1515561359787, u'likes_remaining': 0, u'match': False}
Aww, it's not a match:(
out of likes. Closing...
name: Haley, id: 576473c56dbb809b13f38872
Napping for 0.989218 seconds...
	liking... {u'rate_limited_until': 1515561359787, u'likes_remaining': 0, u'match': False}
Aww, it's not a match:(
out of likes. Closing...
name: Marisa, id: 5844f1825860dfd4076977d8
Napping for 0.958132 seconds...
	liking... {u'rate_limited_until': 1515561359787, u'likes_remaining': 0, u'match': False}
Aww, it's not a match:(
out of likes. Closing...
name: Cicilee, id: 5a2f8ae335e23591160d7d2e
Napping for 1.152644 seconds...
	liking... {u'rate_limited_until': 1515561359787, u'likes_remaining': 0, u'match': False}
Aww, it's not a match:(
out of likes. Closing...
name: Meg, id: 5a52b7eb133b2393694b5304
Napping for 0.779515 seconds...
	liking... {u'rate_limited_until': 1515561359787, u'likes_remaining': 0, u'match': False}
Aww, it's not a match:(
out of likes. Closing...
