You have been successfully authorized!
running main
likes remaining: 100
name: Nayely, id: 5a5c55470e1e57b526d43f09
Napping for 0.548516 seconds...
	liking... {u'likes_remaining': 100, u'match': False}
Aww, it's not a match:(
name: Brittany, id: 52cfa991dfd8fd1d2700173a
Napping for 0.884870 seconds...
	liking... {u'likes_remaining': 100, u'match': False}
Aww, it's not a match:(
name: Jessica, id: 574601fa3f601774116414ef
Napping for 0.136773 seconds...
	liking... {u'likes_remaining': 100, u'match': False}
Aww, it's not a match:(
name: Lorena, id: 53ec1291d2fc88b64c85f759
Napping for 1.134739 seconds...
	liking... {u'likes_remaining': 100, u'match': False}
Aww, it's not a match:(
name: Lupita, id: 54a68864141c94fa242a524f
Napping for 1.116745 seconds...
	liking... {u'likes_remaining': 100, u'match': False}
Aww, it's not a match:(
name: Saintra, id: 5a52ec5d0d4f3e71698dbca6
Napping for 1.154138 seconds...
	liking... {u'likes_remaining': 100, u'match': False}
Aww, it's not a match:(
name: Lakshmi, id: 5a5bb62021a95b112eba421d
Napping for 1.122460 seconds...
	liking... {u'likes_remaining': 100, u'match': False}
Aww, it's not a match:(
name: Amy, id: 5611aac7e495c6167481ec81
Napping for 0.621911 seconds...
	liking... {u'likes_remaining': 100, u'match': False}
Aww, it's not a match:(
name: Kira, id: 5111cdea5397bdb12a0006ad
Napping for 0.164012 seconds...
	liking... {u'likes_remaining': 100, u'match': False}
Aww, it's not a match:(
name: Andrea, id: 5426381d272003853ec61480
Napping for 0.825094 seconds...
	liking... {u'likes_remaining': 100, u'match': False}
Aww, it's not a match:(
name: Priya, id: 576a384cc5b1abcb0453fc22
Napping for 1.104357 seconds...
	liking... {u'likes_remaining': 100, u'match': False}
Aww, it's not a match:(
name: Lauren, id: 59c7370de93823db75b3defd
Napping for 0.112428 seconds...
	liking... {u'likes_remaining': 100, u'match': False}
Aww, it's not a match:(
name: Manroop, id: 5a45c50e958bba891e4953d4
Napping for 0.297415 seconds...
	liking... {u'likes_remaining': 100, u'match': False}
Aww, it's not a match:(
name: Ausra, id: 5a5c37530e1e57b526d42bbe
Napping for 0.293180 seconds...
	liking... {u'likes_remaining': 100, u'match': False}
Aww, it's not a match:(
name: Irina, id: 574bebf3289173540ba24a8f
Napping for 0.899185 seconds...
	liking... {u'likes_remaining': 100, u'match': False}
Aww, it's not a match:(
name: Kaia, id: 5a5c533f253434f02de1c6e6
Napping for 0.310280 seconds...
	liking... {u'likes_remaining': 100, u'match': False}
Aww, it's not a match:(
name: Jess, id: 5a55d23b82f36bb469f1c28e
Napping for 0.365751 seconds...
	liking... {u'likes_remaining': 100, u'match': False}
Aww, it's not a match:(
name: Sai, id: 5a4a185c199b629412e1bb7f
Napping for 0.876082 seconds...
	liking... {u'likes_remaining': 100, u'match': False}
Aww, it's not a match:(
name: Millie, id: 5a598ea9347976ac2d3ebb16
Napping for 0.821823 seconds...
	liking... {u'likes_remaining': 100, u'match': False}
Aww, it's not a match:(
name: Anna, id: 5a5c561e1364b39f2770bedc
Napping for 0.029559 seconds...
	liking... {u'likes_remaining': 100, u'match': False}
Aww, it's not a match:(
name: Tami, id: 51d4766b6b7bada121000027
Napping for 0.137014 seconds...
	liking... {u'likes_remaining': 100, u'match': False}
Aww, it's not a match:(
name: Subin, id: 5a4b37125f165d72123bc0c0
Napping for 0.487749 seconds...
	liking... {u'likes_remaining': 100, u'match': False}
Aww, it's not a match:(
name: Nathalie, id: 5a5c4ff2037399d726a3c128
Napping for 1.162804 seconds...
	liking... {u'likes_remaining': 100, u'match': False}
Aww, it's not a match:(
name: Ashley, id: 5a4ea45d0066185a09a445d5
Napping for 1.119501 seconds...
	liking... {u'likes_remaining': 100, u'match': False}
Aww, it's not a match:(
name: Camila, id: 5347835e14609de63300145b
Napping for 0.184878 seconds...
	liking... {u'likes_remaining': 100, u'match': False}
Aww, it's not a match:(
name: Laurissa, id: 5a5c50ce21a95b112eba8f79
Napping for 0.286571 seconds...
	liking... {u'likes_remaining': 100, u'match': False}
Aww, it's not a match:(
name: Jessica, id: 5a5c51160e1e57b526d43bcc
Napping for 0.699414 seconds...
	liking... {u'likes_remaining': 100, u'match': False}
Aww, it's not a match:(
name: Kelsey, id: 5a4b2f5ce8dc17aa1ea28db6
Napping for 0.323063 seconds...
	liking... {u'likes_remaining': 100, u'match': False}
Aww, it's not a match:(
name: Kaia, id: 5a5c533f253434f02de1c6e6
Napping for 0.334683 seconds...
	liking... {u'likes_remaining': 100, u'match': False}
Aww, it's not a match:(
name: Peyton, id: 5a449329199b629412dd2b52
Napping for 1.179400 seconds...
	liking... {u'likes_remaining': 100, u'match': False}
Aww, it's not a match:(
name: Maria, id: 5a5c4d7fbc9c78c127926bb8
Napping for 0.820350 seconds...
	liking... {u'likes_remaining': 100, u'match': False}
Aww, it's not a match:(
name: Becca, id: 5a5c4cdda0bb942c1a4a868f
Napping for 0.530910 seconds...
	liking... {u'likes_remaining': 100, u'match': False}
Aww, it's not a match:(
name: Becca, id: 53f122dd041e05233ecdec4b
Napping for 0.654954 seconds...
	liking... {u'likes_remaining': 100, u'match': False}
Aww, it's not a match:(
name: Sam, id: 5a5c4b05bf6920e327c19c33
Napping for 0.734244 seconds...
	liking... {u'likes_remaining': 100, u'match': False}
Aww, it's not a match:(
name: Hailey, id: 5a5c5625625db61a27018b8b
Napping for 0.049653 seconds...
	liking... {u'likes_remaining': 100, u'match': False}
Aww, it's not a match:(
name: Hailey, id: 5a55a7731cd829ba6f538e6e
Napping for 0.141059 seconds...
	liking... {u'likes_remaining': 100, u'match': False}
Aww, it's not a match:(
name: Jessica, id: 5958936dfa14850173a8b2eb
Napping for 0.147143 seconds...
	liking... {u'likes_remaining': 100, u'match': False}
Aww, it's not a match:(
name: Usha, id: 5a54605bcbc712e35cbc72b2
Napping for 0.861133 seconds...
	liking... {u'likes_remaining': 100, u'match': False}
Aww, it's not a match:(
name: Miette, id: 5a5afd10347976ac2d3fdc03
Napping for 0.461289 seconds...
	liking... {u'likes_remaining': 100, u'match': False}
Aww, it's not a match:(
name: Sweetie, id: 5a5c4ba3037399d726a3be53
Napping for 0.461654 seconds...
	liking... {u'likes_remaining': 100, u'match': False}
Aww, it's not a match:(
name: Jennifer, id: 56d13deada13397c188a6899
Napping for 0.863659 seconds...
	liking... {u'likes_remaining': 100, u'match': False}
Aww, it's not a match:(
name: Darion, id: 59ecc85bb88423105d868901
Napping for 0.194525 seconds...
	liking... {u'likes_remaining': 100, u'match': False}
Aww, it's not a match:(
name: Lauren, id: 5a5bc6ad8a4213f92677bd24
Napping for 0.939578 seconds...
	liking... {u'likes_remaining': 100, u'match': False}
Aww, it's not a match:(
name: Sasha, id: 5a5af26b8a4213f926772b02
Napping for 1.073908 seconds...
	liking... {u'likes_remaining': 100, u'match': False}
Aww, it's not a match:(
name: Laura, id: 59a11133a57fdfb607fc8467
Napping for 0.739728 seconds...
	liking... {u'likes_remaining': 100, u'match': False}
Aww, it's not a match:(
name: SnapBacks N Tattoos, id: 5a5c3e6d253434f02de1b1c2
Napping for 0.908443 seconds...
	liking... {u'likes_remaining': 100, u'match': False}
Aww, it's not a match:(
name: Maddiexx, id: 59d334880d47f57a7007623a
Napping for 0.179382 seconds...
	liking... {u'likes_remaining': 100, u'match': False}
Aww, it's not a match:(
name: Chanel, id: 5a5c25d0253434f02de1853b
Napping for 0.877930 seconds...
	liking... {u'likes_remaining': 100, u'match': False}
Aww, it's not a match:(
name: Jaclyn April, id: 571056ce05c8551f76515d5b
Napping for 0.896781 seconds...
	liking... {u'likes_remaining': 100, u'match': False}
Aww, it's not a match:(
name: Emily, id: 5a5adea9def65a4e1a80e9cc
Napping for 0.311077 seconds...
	liking... {u'likes_remaining': 100, u'match': False}
Aww, it's not a match:(
name: Sarah, id: 53bb5362c99f3a663ed0e75b
Napping for 0.193429 seconds...
	liking... {u'likes_remaining': 100, u'match': False}
Aww, it's not a match:(
name: Sam, id: 5a5c4b05bf6920e327c19c33
Napping for 1.064987 seconds...
	liking... {u'likes_remaining': 100, u'match': False}
Aww, it's not a match:(
name: Victoria, id: 5a5c48b61364b39f2770b6a4
Napping for 0.578880 seconds...
	liking... {u'likes_remaining': 100, u'match': False}
Aww, it's not a match:(
name: Bonni, id: 5a5c16e28a4213f92678016f
Napping for 0.198229 seconds...
	liking... {u'likes_remaining': 100, u'match': False}
Aww, it's not a match:(
name: Cassia, id: 5a5c3ba7a0bb942c1a4a64d3
Napping for 1.017314 seconds...
	liking... {u'likes_remaining': 100, u'match': False}
Aww, it's not a match:(
name: Grace, id: 5a5c30b2037399d726a3abc2
Napping for 0.289018 seconds...
	liking... {u'likes_remaining': 100, u'match': False}
Aww, it's not a match:(
name: Tejal, id: 5579ab185fe3203763d56e7c
Napping for 0.622120 seconds...
	liking... {u'likes_remaining': 100, u'match': False}
Aww, it's not a match:(
name: Kayla, id: 5a584c09625db61a27fee3dd
Napping for 1.059014 seconds...
	liking... {u'likes_remaining': 100, u'match': False}
Aww, it's not a match:(
name: Janelle, id: 5a4dd6a1e1f6028675c17075
Napping for 0.509687 seconds...
	liking... {u'likes_remaining': 100, u'match': False}
Aww, it's not a match:(
name: Karishma, id: 531923189c18d98516000611
Napping for 0.160668 seconds...
	liking... {u'likes_remaining': 100, u'match': False}
Aww, it's not a match:(
name: Haley, id: 5a5c3b600e1e57b526d42f67
Napping for 0.177276 seconds...
	liking... {u'likes_remaining': 100, u'match': False}
Aww, it's not a match:(
name: Mervi, id: 5a5c354c625db61a270172a6
Napping for 0.010768 seconds...
	liking... {u'likes_remaining': 100, u'match': False}
Aww, it's not a match:(
name: Kristin, id: 5390bdf9a882227161ecc980
Napping for 1.070473 seconds...
	liking... {u'likes_remaining': 100, u'match': False}
Aww, it's not a match:(
name: Sara, id: 5a5ba817407c450428ed1e37
Napping for 0.226772 seconds...
	liking... {u'likes_remaining': 100, u'match': False}
Aww, it's not a match:(
name: Melissa, id: 552cc9fa6dcd32da5067325e
Napping for 0.187296 seconds...
	liking... {u'likes_remaining': 100, u'match': False}
Aww, it's not a match:(
name: Aimy, id: 59e2d7919219a92a158b31b7
Napping for 0.342560 seconds...
	liking... {u'likes_remaining': 100, u'match': False}
Aww, it's not a match:(
name: Salma, id: 5a5c37dda0bb942c1a4a5b70
Napping for 0.963564 seconds...
	liking... {u'likes_remaining': 100, u'match': False}
Aww, it's not a match:(
name: Maddy, id: 5a599b81347976ac2d3ec293
Napping for 0.062983 seconds...
	liking... {u'likes_remaining': 100, u'match': False}
Aww, it's not a match:(
name: Ausra, id: 5a5c37530e1e57b526d42bbe
Napping for 0.324337 seconds...
	liking... {u'likes_remaining': 100, u'match': False}
Aww, it's not a match:(
name: Hanna, id: 56ecfcc34222f8af2142324c
Napping for 0.982404 seconds...
	liking... {u'likes_remaining': 100, u'match': False}
Aww, it's not a match:(
name: Jackie, id: 5a5c2f96037399d726a3ab1a
Napping for 1.058229 seconds...
	liking... {u'likes_remaining': 100, u'match': False}
Aww, it's not a match:(
name: Steph, id: 5a5c29a3253434f02de18bcd
Napping for 0.345219 seconds...
	liking... {u'likes_remaining': 100, u'match': False}
Aww, it's not a match:(
name: Daisy, id: 5a59b78c253434f02ddfc25f
Napping for 1.007398 seconds...
	liking... {u'likes_remaining': 100, u'match': False}
Aww, it's not a match:(
name: Aida, id: 5a5c2ecca0bb942c1a4a4660
Napping for 0.842080 seconds...
	liking... {u'likes_remaining': 100, u'match': False}
Aww, it's not a match:(
name: Lowkya, id: 5a5be2f0347976ac2d4087db
Napping for 0.458652 seconds...
	liking... {u'likes_remaining': 100, u'match': False}
Aww, it's not a match:(
name: Alison, id: 5a5c2dfbbf6920e327c185a0
Napping for 0.455528 seconds...
	liking... {u'likes_remaining': 100, u'match': False}
Aww, it's not a match:(
name: Cynthia, id: 55e9e08f3b2fda672aa12484
Napping for 0.910342 seconds...
	liking... {u'likes_remaining': 100, u'match': False}
Aww, it's not a match:(
name: Angela, id: 5a23a8619980c6f9034f4939
Napping for 0.404155 seconds...
	liking... {u'likes_remaining': 100, u'match': False}
Aww, it's not a match:(
name: Mayra, id: 5a5c31470e1e57b526d428cf
Napping for 0.453295 seconds...
	liking... {u'likes_remaining': 100, u'match': False}
Aww, it's not a match:(
name: Hailey, id: 5a5c5625625db61a27018b8b
Napping for 0.910727 seconds...
	liking... {u'likes_remaining': 100, u'match': False}
Aww, it's not a match:(
name: Gina, id: 5a277b1be1b2cbde776bf339
Napping for 0.042648 seconds...
	liking... {u'likes_remaining': 100, u'match': False}
Aww, it's not a match:(
name: Emi, id: 546994359c2b03c32177abb6
Napping for 0.032328 seconds...
	liking... {u'likes_remaining': 100, u'match': False}
Aww, it's not a match:(
name: Kelsey, id: 5a5c3758a0bb942c1a4a5a66
Napping for 1.067473 seconds...
	liking... {u'likes_remaining': 100, u'match': False}
Aww, it's not a match:(
name: Priyanka, id: 5a4d31cb199b629412e3cd93
Napping for 1.075107 seconds...
	liking... {u'likes_remaining': 100, u'match': False}
Aww, it's not a match:(
name: Stacey, id: 5a5bb840037399d726a34362
Napping for 1.126354 seconds...
	liking... {u'likes_remaining': 100, u'match': False}
Aww, it's not a match:(
name: Mary Grace, id: 53eda2838430162444587a9f
Napping for 0.191268 seconds...
	liking... {u'likes_remaining': 100, u'match': False}
Aww, it's not a match:(
name: Esther, id: 5a1a3cee74356a2c6d5b7f50
Napping for 0.785169 seconds...
	liking... {u'likes_remaining': 100, u'match': False}
Aww, it's not a match:(
name: Janani, id: 554e6d4f8eb72f2a1f41d3d2
Napping for 0.062634 seconds...
	liking... {u'likes_remaining': 100, u'match': False}
Aww, it's not a match:(
name: Haley, id: 5a5c3b600e1e57b526d42f67
Napping for 0.055584 seconds...
	liking... {u'likes_remaining': 100, u'match': False}
Aww, it's not a match:(
name: Marie, id: 5a5c281a1364b39f27709d93
Napping for 1.168595 seconds...
	liking... {u'likes_remaining': 100, u'match': False}
Aww, it's not a match:(
name: Elizabeth, id: 5a5c0d3da0bb942c1a4a149e
Napping for 0.711300 seconds...
	liking... {u'likes_remaining': 100, u'match': False}
Aww, it's not a match:(
name: Nora, id: 515b84e8958d548e1900000e
Napping for 0.947502 seconds...
	liking... {u'likes_remaining': 100, u'match': False}
Aww, it's not a match:(
name: Lauren, id: 59d80fba2bc0cd2d2619b04f
Napping for 0.756788 seconds...
	liking... {u'likes_remaining': 100, u'match': False}
Aww, it's not a match:(
name: Alexis, id: 5a5c2d89625db61a27016b37
Napping for 0.565341 seconds...
	liking... {u'likes_remaining': 100, u'match': False}
Aww, it's not a match:(
name: Yvonne, id: 5a51e200cbc712e35cba0c54
Napping for 0.913933 seconds...
	liking... {u'likes_remaining': 100, u'match': False}
Aww, it's not a match:(
name: Emily, id: 53e79da16c212f5b5bf179e5
Napping for 0.305015 seconds...
	liking... {u'likes_remaining': 100, u'match': False}
Aww, it's not a match:(
name: Breana, id: 571719ae07cb0a7212a987ea
Napping for 0.583326 seconds...
	liking... {u'likes_remaining': 100, u'match': False}
Aww, it's not a match:(
name: Athena Skylar, id: 59f4ce3f1d0f17950c2d1c8b
Napping for 0.368929 seconds...
	liking... {u'likes_remaining': 100, u'match': False}
Aww, it's not a match:(
name: Lauren, id: 5a49a138702237291d1664a8
Napping for 0.719137 seconds...
	liking... {u'likes_remaining': 100, u'match': False}
Aww, it's not a match:(
name: Jacqueline, id: 5a5c1e25def65a4e1a822ea8
Napping for 0.304670 seconds...
	liking... {u'rate_limited_until': 1516044176131, u'likes_remaining': 0, u'match': False}
Aww, it's not a match:(
out of likes. Closing...
name: Joy, id: 5a39e89a38ce27bf259a7a55
Napping for 0.553987 seconds...
	liking... {u'rate_limited_until': 1516044176131, u'likes_remaining': 0, u'match': False}
Aww, it's not a match:(
out of likes. Closing...
name: Mira, id: 512ab120d3e850643b00047b
Napping for 0.970957 seconds...
	liking... {u'rate_limited_until': 1516044176131, u'likes_remaining': 0, u'match': False}
Aww, it's not a match:(
out of likes. Closing...
name: Kim, id: 5a5c33348a4213f926781eaa
Napping for 0.011544 seconds...
	liking... {u'rate_limited_until': 1516044176131, u'likes_remaining': 0, u'match': False}
Aww, it's not a match:(
out of likes. Closing...
name: Jacqueline, id: 5a5c1e25def65a4e1a822ea8
Napping for 1.162566 seconds...
	liking... {u'rate_limited_until': 1516044176131, u'likes_remaining': 0, u'match': False}
Aww, it's not a match:(
out of likes. Closing...
name: Kacie, id: 5426360a945a3d973026d9a4
Napping for 0.111929 seconds...
	liking... {u'rate_limited_until': 1516044176131, u'likes_remaining': 0, u'match': False}
Aww, it's not a match:(
out of likes. Closing...
name: Bre'Anna, id: 5720193e39b30ae018fa9e64
Napping for 0.922633 seconds...
	liking... {u'rate_limited_until': 1516044176131, u'likes_remaining': 0, u'match': False}
Aww, it's not a match:(
out of likes. Closing...
name: Kim, id: 5a5c33348a4213f926781eaa
Napping for 1.184190 seconds...
	liking... {u'rate_limited_until': 1516044176131, u'likes_remaining': 0, u'match': False}
Aww, it's not a match:(
out of likes. Closing...
name: Jacqueline, id: 5a5c1e25def65a4e1a822ea8
Napping for 0.550853 seconds...
	liking... {u'rate_limited_until': 1516044176131, u'likes_remaining': 0, u'match': False}
Aww, it's not a match:(
out of likes. Closing...
name: Kristina, id: 54bc0970ead099b570a4ac48
Napping for 0.835990 seconds...
	liking... {u'rate_limited_until': 1516044176131, u'likes_remaining': 0, u'match': False}
Aww, it's not a match:(
out of likes. Closing...
name: Andrea, id: 5a4c69539e6f7d69258a4df7
Napping for 0.210434 seconds...
	liking... {u'rate_limited_until': 1516044176131, u'likes_remaining': 0, u'match': False}
Aww, it's not a match:(
out of likes. Closing...
name: Daisha, id: 59f0ca2e058c0d91605d1205
Napping for 0.933929 seconds...
	liking... {u'rate_limited_until': 1516044176131, u'likes_remaining': 0, u'match': False}
Aww, it's not a match:(
out of likes. Closing...
name: Tiffany, id: 5a4ec512cee7d6ab02c19e40
Napping for 0.841537 seconds...
	liking... {u'rate_limited_until': 1516044176131, u'likes_remaining': 0, u'match': False}
Aww, it's not a match:(
out of likes. Closing...
name: Qing, id: 55c7abf2e7100e962e124c45
Napping for 0.069982 seconds...
	liking... {u'rate_limited_until': 1516044176131, u'likes_remaining': 0, u'match': False}
Aww, it's not a match:(
out of likes. Closing...
