You have been successfully authorized!
running main
likes remaining: 0
name: Rielle, id: 5932072732252e78320b7566
Napping for 0.225498 seconds...
	liking... {u'rate_limited_until': 1514783281286, u'likes_remaining': 0, u'match': False}
Aww, it's not a match:(
name: Alana, id: 5a20eb98645c6b7a478d90c5
Napping for 0.112213 seconds...
	liking... {u'rate_limited_until': 1514783281286, u'likes_remaining': 0, u'match': False}
Aww, it's not a match:(
name: Chloe, id: 5a4466835920884b1d576985
Napping for 0.818474 seconds...
	liking... {u'rate_limited_until': 1514783281286, u'likes_remaining': 0, u'match': False}
Aww, it's not a match:(
name: Alexa, id: 5a41a96f2788ab671ef31b16
Napping for 0.617579 seconds...
	liking... {u'rate_limited_until': 1514783281286, u'likes_remaining': 0, u'match': False}
Aww, it's not a match:(
name: Anika, id: 57e4eaa6a60738963f229648
Napping for 0.969387 seconds...
	liking... {u'rate_limited_until': 1514783281286, u'likes_remaining': 0, u'match': False}
Aww, it's not a match:(
name: Anammaria, id: 5834fff0d4220ff94512f692
Napping for 0.500469 seconds...
	liking... {u'rate_limited_until': 1514783281286, u'likes_remaining': 0, u'match': False}
Aww, it's not a match:(
name: Rachel, id: 5663c212b3083473469bf7c5
Napping for 0.768852 seconds...
	liking... {u'rate_limited_until': 1514783281286, u'likes_remaining': 0, u'match': False}
Aww, it's not a match:(
name: Audrey, id: 56580787bb56dc4133c2ca5c
Napping for 0.202095 seconds...
	liking... {u'rate_limited_until': 1514783281286, u'likes_remaining': 0, u'match': False}
Aww, it's not a match:(
name: Synah, id: 576f45a58b016c2c12cd6cf5
Napping for 0.410200 seconds...
	liking... {u'rate_limited_until': 1514783281286, u'likes_remaining': 0, u'match': False}
Aww, it's not a match:(
name: Simone, id: 51f9cf410547b2493a000044
Napping for 0.299964 seconds...
	liking... {u'rate_limited_until': 1514783281286, u'likes_remaining': 0, u'match': False}
Aww, it's not a match:(
name: Erica, id: 57aa7b094a0693515d0973ac
Napping for 0.384191 seconds...
	liking... {u'rate_limited_until': 1514783281286, u'likes_remaining': 0, u'match': False}
Aww, it's not a match:(
name: Sydney, id: 511ca2e7fe6c3b2f1a0000c3
Napping for 0.018537 seconds...
	liking... {u'rate_limited_until': 1514783281286, u'likes_remaining': 0, u'match': False}
Aww, it's not a match:(
name: Nelly, id: 5a43150836e65f961d51e378
Napping for 0.836622 seconds...
	liking... {u'rate_limited_until': 1514783281286, u'likes_remaining': 0, u'match': False}
Aww, it's not a match:(
name: Cath, id: 59816a35248b55700cc60456
Napping for 0.888513 seconds...
	liking... {u'rate_limited_until': 1514783281286, u'likes_remaining': 0, u'match': False}
Aww, it's not a match:(
name: Veronica, id: 5a20d3cb3c0327a447a9b32e
Napping for 1.056983 seconds...
	liking... {u'rate_limited_until': 1514783281286, u'likes_remaining': 0, u'match': False}
Aww, it's not a match:(
name: Alexia, id: 59ae4e29804b5dcd02daaed9
Napping for 0.548160 seconds...
	liking... {u'rate_limited_until': 1514783281286, u'likes_remaining': 0, u'match': False}
Aww, it's not a match:(
name: Emily, id: 57f5ce591189eebe3d2c4077
Napping for 0.879826 seconds...
	liking... {u'rate_limited_until': 1514783281286, u'likes_remaining': 0, u'match': False}
Aww, it's not a match:(
name: Roselyn, id: 5a41625436e65f961d504449
Napping for 0.504882 seconds...
	liking... {u'rate_limited_until': 1514783281286, u'likes_remaining': 0, u'match': False}
Aww, it's not a match:(
name: Riciel, id: 536f414594b386fc19000245
Napping for 0.585709 seconds...
	liking... {u'rate_limited_until': 1514783281286, u'likes_remaining': 0, u'match': False}
Aww, it's not a match:(
name: Madison, id: 51833696e93bb9b73f000043
Napping for 0.988456 seconds...
	liking... {u'rate_limited_until': 1514783281286, u'likes_remaining': 0, u'match': False}
Aww, it's not a match:(
name: Richa, id: 585dda783c6990561bde7777
Napping for 0.960817 seconds...
	liking... {u'rate_limited_until': 1514783281286, u'likes_remaining': 0, u'match': False}
Aww, it's not a match:(
name: Sarah, id: 54e68f86faa7e28d12f01d46
Napping for 0.807137 seconds...
	liking... {u'rate_limited_until': 1514783281286, u'likes_remaining': 0, u'match': False}
Aww, it's not a match:(
name: Eve, id: 5410f13025544c464a59cfe8
Napping for 1.177751 seconds...
	liking... {u'rate_limited_until': 1514783281286, u'likes_remaining': 0, u'match': False}
Aww, it's not a match:(
name: Kira, id: 5a07df3cd18122430441bc7e
Napping for 0.049141 seconds...
	liking... {u'rate_limited_until': 1514783281286, u'likes_remaining': 0, u'match': False}
Aww, it's not a match:(
name: Thalia, id: 5a19d0d6b90c018263ee9a2e
Napping for 1.046502 seconds...
	liking... {u'rate_limited_until': 1514783281286, u'likes_remaining': 0, u'match': False}
Aww, it's not a match:(
name: Ann, id: 5a1a7c099b83dbe36f6b1ef2
Napping for 0.155990 seconds...
	liking... {u'rate_limited_until': 1514783281286, u'likes_remaining': 0, u'match': False}
Aww, it's not a match:(
name: Lisza, id: 59a655febdc82efc1ff2ffce
Napping for 0.651330 seconds...
	liking... {u'rate_limited_until': 1514783281286, u'likes_remaining': 0, u'match': False}
Aww, it's not a match:(
name: Natalie, id: 543425d95ebfa37331512357
Napping for 0.976752 seconds...
	liking... {u'rate_limited_until': 1514783281286, u'likes_remaining': 0, u'match': False}
Aww, it's not a match:(
name: Ethel, id: 5a3c11d6433cd02f4c0b0eab
Napping for 0.463465 seconds...
	liking... {u'rate_limited_until': 1514783281286, u'likes_remaining': 0, u'match': False}
Aww, it's not a match:(
name: Kay, id: 5a411c78aa9e1a4725d15760
Napping for 0.165895 seconds...
	liking... {u'rate_limited_until': 1514783281286, u'likes_remaining': 0, u'match': False}
Aww, it's not a match:(
name: Shayna, id: 589fcd1b224269512a821a68
Napping for 0.454991 seconds...
	liking... {u'rate_limited_until': 1514783281286, u'likes_remaining': 0, u'match': False}
Aww, it's not a match:(
name: Taylor, id: 59ac2ae473bf68e32b708f78
Napping for 0.571614 seconds...
	liking... {u'rate_limited_until': 1514783281286, u'likes_remaining': 0, u'match': False}
Aww, it's not a match:(
name: Aditi, id: 585735c3914cd0d5186f7c54
Napping for 0.201270 seconds...
	liking... {u'rate_limited_until': 1514783281286, u'likes_remaining': 0, u'match': False}
Aww, it's not a match:(
name: Maya, id: 5a38affdc906947e0b56337b
Napping for 0.987080 seconds...
	liking... {u'rate_limited_until': 1514783281286, u'likes_remaining': 0, u'match': False}
Aww, it's not a match:(
name: Leica, id: 5a14d7172c4ebbf769144a36
Napping for 0.372080 seconds...
	liking... {u'rate_limited_until': 1514783281286, u'likes_remaining': 0, u'match': False}
Aww, it's not a match:(
name: Hannah, id: 54188972ed2350bc2d0da7f8
Napping for 1.015098 seconds...
	liking... {u'rate_limited_until': 1514783281286, u'likes_remaining': 0, u'match': False}
Aww, it's not a match:(
name: Cidney, id: 58e31a2e9ecfbc494bd0d553
Napping for 0.652936 seconds...
	liking... {u'rate_limited_until': 1514783281286, u'likes_remaining': 0, u'match': False}
Aww, it's not a match:(
name: Maria, id: 5a1a6347d9154a1169a98c2b
Napping for 1.044520 seconds...
	liking... {u'rate_limited_until': 1514783281286, u'likes_remaining': 0, u'match': False}
Aww, it's not a match:(
name: Nicole, id: 54e3c715fa1b0e5842f5879d
Napping for 0.985169 seconds...
	liking... {u'rate_limited_until': 1514783281286, u'likes_remaining': 0, u'match': False}
Aww, it's not a match:(
name: Elizabeth, id: 53fda22bf180820919a591a8
Napping for 0.976801 seconds...
	liking... {u'rate_limited_until': 1514783281286, u'likes_remaining': 0, u'match': False}
Aww, it's not a match:(
name: Marinae, id: 59403a387d96805f0d67dc86
Napping for 1.090134 seconds...
	liking... {u'rate_limited_until': 1514783281286, u'likes_remaining': 0, u'match': False}
Aww, it's not a match:(
name: Anika, id: 59d1d57d0d47f57a70064eae
Napping for 0.059372 seconds...
	liking... {u'rate_limited_until': 1514783281286, u'likes_remaining': 0, u'match': False}
Aww, it's not a match:(
name: Karina, id: 56c90f6cbbeac6d24c047a22
Napping for 1.065908 seconds...
	liking... {u'rate_limited_until': 1514783281286, u'likes_remaining': 0, u'match': False}
Aww, it's not a match:(
name: Philandra, id: 5a4922f1faabd2bc617f7030
Napping for 0.496361 seconds...
	liking... {u'rate_limited_until': 1514783281286, u'likes_remaining': 0, u'match': False}
Aww, it's not a match:(
name: Kat, id: 59377d40fc8b35b64b1122e6
Napping for 0.216726 seconds...
	liking... {u'rate_limited_until': 1514783281286, u'likes_remaining': 0, u'match': False}
Aww, it's not a match:(
name: Helena, id: 5a460ceb199b629412de08be
Napping for 0.097250 seconds...
	liking... {u'rate_limited_until': 1514783281286, u'likes_remaining': 0, u'match': False}
Aww, it's not a match:(
name: Lisa, id: 5a4915bcb86023b51281b34e
Napping for 0.299062 seconds...
	liking... {u'rate_limited_until': 1514783281286, u'likes_remaining': 0, u'match': False}
Aww, it's not a match:(
name: Carla, id: 5a2677b67a77a8d703066fd2
Napping for 0.961194 seconds...
	liking... {u'rate_limited_until': 1514783281286, u'likes_remaining': 0, u'match': False}
Aww, it's not a match:(
name: Mele Folau, id: 58ffff1b118f3b5f60f8f1f9
Napping for 0.784855 seconds...
	liking... {u'rate_limited_until': 1514783281286, u'likes_remaining': 0, u'match': False}
Aww, it's not a match:(
name: Riya, id: 5a140a9f984ed5f70b270965
Napping for 0.082815 seconds...
	liking... {u'rate_limited_until': 1514783281286, u'likes_remaining': 0, u'match': False}
Aww, it's not a match:(
name: Kathleen, id: 54a07e4c6df5619d3abb5ae7
Napping for 0.338792 seconds...
	liking... {u'rate_limited_until': 1514783281286, u'likes_remaining': 0, u'match': False}
Aww, it's not a match:(
name: Victoria, id: 5a2620b3e1b2cbde776aea0c
Napping for 0.198555 seconds...
	liking... {u'rate_limited_until': 1514783281286, u'likes_remaining': 0, u'match': False}
Aww, it's not a match:(
name: Katy, id: 59c4a2d380d0c22136c9d402
Napping for 0.360609 seconds...
	liking... {u'rate_limited_until': 1514783281286, u'likes_remaining': 0, u'match': False}
Aww, it's not a match:(
name: Joy, id: 54215e6fde3a987a79d12dec
Napping for 0.033512 seconds...
	liking... {u'rate_limited_until': 1514783281286, u'likes_remaining': 0, u'match': False}
Aww, it's not a match:(
name: Kate, id: 59dd672d2fd8f5eb33b57f5d
Napping for 0.825992 seconds...
	liking... {u'rate_limited_until': 1514783281286, u'likes_remaining': 0, u'match': False}
Aww, it's not a match:(
name: Samantha, id: 5a4874b22eced0716746cc86
Napping for 0.226640 seconds...
	liking... {u'rate_limited_until': 1514783281286, u'likes_remaining': 0, u'match': False}
Aww, it's not a match:(
name: Catherine, id: 57154120fd89b710119525a9
Napping for 0.099755 seconds...
	liking... {u'rate_limited_until': 1514783281286, u'likes_remaining': 0, u'match': False}
Aww, it's not a match:(
name: Julie, id: 5a43c232702237291d12e3ef
Napping for 0.092163 seconds...
	liking... {u'rate_limited_until': 1514783281286, u'likes_remaining': 0, u'match': False}
Aww, it's not a match:(
name: Celi, id: 5a2cb346c32aba580da922e0
Napping for 0.799834 seconds...
	liking... {u'rate_limited_until': 1514783281286, u'likes_remaining': 0, u'match': False}
Aww, it's not a match:(
name: Margot, id: 53a2740b74c1188505118d2c
Napping for 1.198776 seconds...
	liking... {u'rate_limited_until': 1514783281286, u'likes_remaining': 0, u'match': False}
Aww, it's not a match:(
name: Viri, id: 5a449decb86023b5127e7cd4
Napping for 0.256301 seconds...
	liking... {u'rate_limited_until': 1514783281286, u'likes_remaining': 0, u'match': False}
Aww, it's not a match:(
name: Aimee, id: 56cfb9c611efebf12bac862b
Napping for 0.711635 seconds...
	liking... {u'rate_limited_until': 1514783281286, u'likes_remaining': 0, u'match': False}
Aww, it's not a match:(
name: Joselyn, id: 5568fcca7cba298e5979ab20
Napping for 0.572002 seconds...
	liking... {u'rate_limited_until': 1514783281286, u'likes_remaining': 0, u'match': False}
Aww, it's not a match:(
name: Jackie, id: 5a404c4398f95f50125b223a
Napping for 1.111266 seconds...
	liking... {u'rate_limited_until': 1514783281286, u'likes_remaining': 0, u'match': False}
Aww, it's not a match:(
name: Kim, id: 59f6cb632887e49e0c515ce9
Napping for 1.097587 seconds...
	liking... {u'rate_limited_until': 1514783281286, u'likes_remaining': 0, u'match': False}
Aww, it's not a match:(
name: Sami, id: 5458458387150e4403507a88
Napping for 0.916596 seconds...
	liking... {u'rate_limited_until': 1514783281286, u'likes_remaining': 0, u'match': False}
Aww, it's not a match:(
name: Jennifer, id: 5a4724432eced0716745b956
Napping for 0.223010 seconds...
	liking... {u'rate_limited_until': 1514783281286, u'likes_remaining': 0, u'match': False}
Aww, it's not a match:(
name: Julia, id: 565fcbdece49e09b150528dd
Napping for 0.543506 seconds...
	liking... {u'rate_limited_until': 1514783281286, u'likes_remaining': 0, u'match': False}
Aww, it's not a match:(
name: Jackiee, id: 5a48838e702237291d15ddda
Napping for 0.105526 seconds...
	liking... {u'rate_limited_until': 1514783281286, u'likes_remaining': 0, u'match': False}
Aww, it's not a match:(
name: Jena, id: 5429f449cd9ecbe448c23a95
Napping for 0.776538 seconds...
	liking... {u'rate_limited_until': 1514783281286, u'likes_remaining': 0, u'match': False}
Aww, it's not a match:(
name: Crystal, id: 59c20bd90e8758f74413c326
Napping for 1.041781 seconds...
	liking... {u'rate_limited_until': 1514783281286, u'likes_remaining': 0, u'match': False}
Aww, it's not a match:(
name: Isabella, id: 5a1d7f306dce70a963ecda56
Napping for 1.193214 seconds...
	liking... {u'rate_limited_until': 1514783281286, u'likes_remaining': 0, u'match': False}
Aww, it's not a match:(
name: Natasha, id: 522ab46e0fc4bea427000101
Napping for 0.981298 seconds...
	liking... {u'rate_limited_until': 1514783281286, u'likes_remaining': 0, u'match': False}
Aww, it's not a match:(
name: Cami, id: 55a0a8797398122b2d8554d5
Napping for 1.018704 seconds...
	liking... {u'rate_limited_until': 1514783281286, u'likes_remaining': 0, u'match': False}
Aww, it's not a match:(
name: Ariana, id: 540ddfc81702947427faf126
Napping for 0.773277 seconds...
	liking... {u'rate_limited_until': 1514783281286, u'likes_remaining': 0, u'match': False}
Aww, it's not a match:(
name: Jasmine, id: 580543dfc6ad6f9c7f761746
Napping for 0.804880 seconds...
	liking... {u'rate_limited_until': 1514783281286, u'likes_remaining': 0, u'match': False}
Aww, it's not a match:(
name: Katie, id: 5a2b75c1c42152b31677d5ac
Napping for 0.069594 seconds...
	liking... {u'rate_limited_until': 1514783281286, u'likes_remaining': 0, u'match': False}
Aww, it's not a match:(
name: Daniela, id: 598926cbea21b37013412c45
Napping for 0.558348 seconds...
	liking... {u'rate_limited_until': 1514783281286, u'likes_remaining': 0, u'match': False}
Aww, it's not a match:(
name: Leah, id: 596a5db6608f375f5e30be22
Napping for 0.103524 seconds...
	liking... {u'rate_limited_until': 1514783281286, u'likes_remaining': 0, u'match': False}
Aww, it's not a match:(
name: Nina, id: 53221774b6ebe446490070d9
Napping for 0.724582 seconds...
	liking... {u'rate_limited_until': 1514783281286, u'likes_remaining': 0, u'match': False}
Aww, it's not a match:(
name: Danielle, id: 51b69fb097d443010500251c
Napping for 0.178060 seconds...
	liking... {u'rate_limited_until': 1514783281286, u'likes_remaining': 0, u'match': False}
Aww, it's not a match:(
name: Britta, id: 5650c62f5c27e5e02ff259f3
Napping for 0.937022 seconds...
	liking... {u'rate_limited_until': 1514783281286, u'likes_remaining': 0, u'match': False}
Aww, it's not a match:(
name: Sarah, id: 5a47b35798f95f5012601df9
Napping for 0.747530 seconds...
	liking... {u'rate_limited_until': 1514783281286, u'likes_remaining': 0, u'match': False}
Aww, it's not a match:(
name: Sable, id: 59e480221859d3de3453e726
Napping for 0.581008 seconds...
	liking... {u'rate_limited_until': 1514783281286, u'likes_remaining': 0, u'match': False}
Aww, it's not a match:(
name: Angela, id: 568472d15bbe84406101f48a
Napping for 1.053370 seconds...
	liking... {u'rate_limited_until': 1514783281286, u'likes_remaining': 0, u'match': False}
Aww, it's not a match:(
name: Ugochi, id: 585a3fdc74c01be3297e12bb
Napping for 0.771714 seconds...
	liking... {u'rate_limited_until': 1514783281286, u'likes_remaining': 0, u'match': False}
Aww, it's not a match:(
name: Nicole, id: 54dc4ace4adeea1469f3cf65
Napping for 0.235949 seconds...
	liking... {u'rate_limited_until': 1514783281286, u'likes_remaining': 0, u'match': False}
Aww, it's not a match:(
name: Darcy, id: 570df7b4fae7862e0d447a58
Napping for 0.624780 seconds...
	liking... {u'rate_limited_until': 1514783281286, u'likes_remaining': 0, u'match': False}
Aww, it's not a match:(
name: Aakanksha, id: 547e4db95ad2092f3879a6cc
Napping for 0.381917 seconds...
	liking... {u'rate_limited_until': 1514783281286, u'likes_remaining': 0, u'match': False}
Aww, it's not a match:(
name: Tachelle, id: 5a233597cb7bfebd77045796
Napping for 0.479557 seconds...
	liking... {u'rate_limited_until': 1514783281286, u'likes_remaining': 0, u'match': False}
Aww, it's not a match:(
name: Maria, id: 59a107f8ab1ae9a01f4d3e05
Napping for 0.726646 seconds...
	liking... {u'rate_limited_until': 1514783281286, u'likes_remaining': 0, u'match': False}
Aww, it's not a match:(
name: Megan, id: 5a1f93f2082828936f48bca4
Napping for 1.123730 seconds...
	liking... {u'rate_limited_until': 1514783281286, u'likes_remaining': 0, u'match': False}
Aww, it's not a match:(
name: Remi, id: 5a44ae65199b629412dd46cb
Napping for 0.314132 seconds...
	liking... {u'rate_limited_until': 1514783281286, u'likes_remaining': 0, u'match': False}
Aww, it's not a match:(
name: Jenny, id: 5a3b026b0f25f3fc31af8da7
Napping for 0.652847 seconds...
	liking... {u'rate_limited_until': 1514783281286, u'likes_remaining': 0, u'match': False}
Aww, it's not a match:(
name: Diane, id: 549b9fcc6485214e3d01f904
Napping for 0.238834 seconds...
	liking... {u'rate_limited_until': 1514783281286, u'likes_remaining': 0, u'match': False}
Aww, it's not a match:(
name: Deacy, id: 5a08fc57df6ea5060545b599
Napping for 0.008363 seconds...
	liking... {u'rate_limited_until': 1514783281286, u'likes_remaining': 0, u'match': False}
Aww, it's not a match:(
name: Lolita, id: 5a47d34fe8dc17aa1e9fdd3c
Napping for 1.086866 seconds...
	liking... {u'rate_limited_until': 1514783281286, u'likes_remaining': 0, u'match': False}
Aww, it's not a match:(
name: Priya, id: 598d30c07d9440be58539c65
Napping for 1.125411 seconds...
	liking... {u'rate_limited_until': 1514783281286, u'likes_remaining': 0, u'match': False}
Aww, it's not a match:(
name: Chris, id: 59ac9aac804b5dcd02d98095
Napping for 0.963041 seconds...
	liking... {u'rate_limited_until': 1514783281286, u'likes_remaining': 0, u'match': False}
Aww, it's not a match:(
name: Lex, id: 59eaffa0021ee7b5248ce840
Napping for 0.225224 seconds...
	liking... {u'rate_limited_until': 1514783281286, u'likes_remaining': 0, u'match': False}
Aww, it's not a match:(
name: Christine, id: 51b1618520a2de053600117b
Napping for 1.161903 seconds...
	liking... {u'rate_limited_until': 1514783281286, u'likes_remaining': 0, u'match': False}
Aww, it's not a match:(
name: Alondra, id: 5a2bb6e3c32aba580da8825b
Napping for 0.955269 seconds...
	liking... {u'rate_limited_until': 1514783281286, u'likes_remaining': 0, u'match': False}
Aww, it's not a match:(
name: Shelly Wu, id: 5a373096e4953290059771b1
Napping for 0.315099 seconds...
	liking... {u'rate_limited_until': 1514783281286, u'likes_remaining': 0, u'match': False}
Aww, it's not a match:(
name: Gurleena, id: 5a46c582199b629412deb2e5
Napping for 0.561789 seconds...
	liking... {u'rate_limited_until': 1514783281286, u'likes_remaining': 0, u'match': False}
Aww, it's not a match:(
name: Jessica, id: 5a395b8639ca29937f491e24
Napping for 0.473842 seconds...
	liking... {u'rate_limited_until': 1514783281286, u'likes_remaining': 0, u'match': False}
Aww, it's not a match:(
name: Meg, id: 5879486b4dea2bf73efce96e
Napping for 1.104734 seconds...
	liking... {u'rate_limited_until': 1514783281286, u'likes_remaining': 0, u'match': False}
Aww, it's not a match:(
name: June, id: 5a45ea99b86023b5127fb1dc
Napping for 0.732870 seconds...
	liking... {u'rate_limited_until': 1514783281286, u'likes_remaining': 0, u'match': False}
Aww, it's not a match:(
name: Jenna, id: 55f72a7139665c5e4c4fbee0
Napping for 0.374045 seconds...
	liking... {u'rate_limited_until': 1514783281286, u'likes_remaining': 0, u'match': False}
Aww, it's not a match:(
name: Ana, id: 59f78618f07ecb7e0cea5039
Napping for 0.608736 seconds...
	liking... {u'rate_limited_until': 1514783281286, u'likes_remaining': 0, u'match': False}
Aww, it's not a match:(
name: Mary, id: 58f9cfbdcab19f77600d9ef0
Napping for 0.094207 seconds...
	liking... {u'rate_limited_until': 1514783281286, u'likes_remaining': 0, u'match': False}
Aww, it's not a match:(
name: Slyn, id: 57aaa193518989095a98f3e3
Napping for 0.521338 seconds...
	liking... {u'rate_limited_until': 1514783281286, u'likes_remaining': 0, u'match': False}
Aww, it's not a match:(
name: Sophia, id: 585381bf0c3d56b741e96bd4
Napping for 1.047508 seconds...
	liking... {u'rate_limited_until': 1514783281286, u'likes_remaining': 0, u'match': False}
Aww, it's not a match:(
name: Kira, id: 59d30f1f928a7e58701f9d60
Napping for 0.805147 seconds...
	liking... {u'rate_limited_until': 1514783281286, u'likes_remaining': 0, u'match': False}
Aww, it's not a match:(
name: Savannah, id: 53c59a019e8e3d146c4906d4
Napping for 1.002207 seconds...
	liking... {u'rate_limited_until': 1514783281286, u'likes_remaining': 0, u'match': False}
Aww, it's not a match:(
name: Jessica, id: 59d5d4f33d7d94801c3bc0e7
Napping for 1.102143 seconds...
	liking... {u'rate_limited_until': 1514783281286, u'likes_remaining': 0, u'match': False}
Aww, it's not a match:(
name: Nikita, id: 58ddcfbe0d90031d3d03b8d9
Napping for 0.193981 seconds...
	liking... {u'rate_limited_until': 1514783281286, u'likes_remaining': 0, u'match': False}
Aww, it's not a match:(
name: Jess, id: 5397f272426125b115e50a62
Napping for 0.306167 seconds...
	liking... {u'rate_limited_until': 1514783281286, u'likes_remaining': 0, u'match': False}
Aww, it's not a match:(
name: Dionna, id: 57ac051fc02fb9880a7bba21
Napping for 0.960991 seconds...
	liking... {u'rate_limited_until': 1514783281286, u'likes_remaining': 0, u'match': False}
Aww, it's not a match:(
name: Miriam, id: 59b0d7405919e6ff4feecde7
Napping for 1.122513 seconds...
	liking... {u'rate_limited_until': 1514783281286, u'likes_remaining': 0, u'match': False}
Aww, it's not a match:(
name: Tianhan, id: 57783eb76fc56b34121953bf
Napping for 0.979943 seconds...
	liking... {u'rate_limited_until': 1514783281286, u'likes_remaining': 0, u'match': False}
Aww, it's not a match:(
name: AgenaMarie, id: 5a43ebed958bba891e47d460
Napping for 0.237382 seconds...
	liking... {u'rate_limited_until': 1514783281286, u'likes_remaining': 0, u'match': False}
Aww, it's not a match:(
name: Lexi, id: 53177ea1c088c4933600002c
Napping for 0.565364 seconds...
	liking... {u'rate_limited_until': 1514783281286, u'likes_remaining': 0, u'match': False}
Aww, it's not a match:(
name: Sarah, id: 52f7045386e3c58511000ec8
Napping for 1.057182 seconds...
	liking... {u'rate_limited_until': 1514783281286, u'likes_remaining': 0, u'match': False}
Aww, it's not a match:(
name: Ashwarya, id: 59683781880352573448c5c3
Napping for 0.842390 seconds...
	liking... {u'rate_limited_until': 1514783281286, u'likes_remaining': 0, u'match': False}
Aww, it's not a match:(
name: Katie, id: 5395475b8b8b33207bd8c8b7
Napping for 1.176553 seconds...
	liking... {u'rate_limited_until': 1514783281286, u'likes_remaining': 0, u'match': False}
Aww, it's not a match:(
name: Isabel, id: 5771f33e808d22145e9d235f
Napping for 0.545503 seconds...
	liking... {u'rate_limited_until': 1514783281286, u'likes_remaining': 0, u'match': False}
Aww, it's not a match:(
name: Rochelle, id: 563af64958837a6e5c106e1a
Napping for 1.009911 seconds...
	liking... {u'rate_limited_until': 1514783281286, u'likes_remaining': 0, u'match': False}
Aww, it's not a match:(
name: Gabby, id: 5678c84e1599a273255be1ab
Napping for 1.119960 seconds...
	liking... {u'rate_limited_until': 1514783281286, u'likes_remaining': 0, u'match': False}
Aww, it's not a match:(
name: Brieanna, id: 59d701926830afb7267d33b3
Napping for 0.663280 seconds...
	liking... {u'rate_limited_until': 1514783281286, u'likes_remaining': 0, u'match': False}
Aww, it's not a match:(
name: Gisela, id: 5890458273564ae27e854bbd
Napping for 0.135287 seconds...
	liking... {u'rate_limited_until': 1514783281286, u'likes_remaining': 0, u'match': False}
Aww, it's not a match:(
name: Lorraine, id: 520cb48789c0a7b825000011
Napping for 0.103305 seconds...
	liking... {u'rate_limited_until': 1514783281286, u'likes_remaining': 0, u'match': False}
Aww, it's not a match:(
name: Nereida, id: 5a442fbe5f165d721237c08e
Napping for 0.385497 seconds...
	liking... {u'rate_limited_until': 1514783281286, u'likes_remaining': 0, u'match': False}
Aww, it's not a match:(
name: Esmeralda, id: 5a3c26a891a7c8b976144dbb
Napping for 0.439739 seconds...
	liking... {u'rate_limited_until': 1514783281286, u'likes_remaining': 0, u'match': False}
Aww, it's not a match:(
name: Hannah, id: 58423aff21398d0664515de5
Napping for 0.371012 seconds...
	liking... {u'rate_limited_until': 1514783281286, u'likes_remaining': 0, u'match': False}
Aww, it's not a match:(
name: Cindy, id: 5734b95743aa684e0bb900f3
Napping for 1.025282 seconds...
	liking... {u'rate_limited_until': 1514783281286, u'likes_remaining': 0, u'match': False}
Aww, it's not a match:(
name: Nicole, id: 5869e1645ba54a61354b1868
Napping for 0.855118 seconds...
	liking... {u'rate_limited_until': 1514783281286, u'likes_remaining': 0, u'match': False}
Aww, it's not a match:(
name: Bratty, id: 5a44b8d05f165d7212382dd6
Napping for 1.072959 seconds...
	liking... {u'rate_limited_until': 1514783281286, u'likes_remaining': 0, u'match': False}
Aww, it's not a match:(
name: Anna, id: 57cde4d4eb9d168f2ebda813
Napping for 0.092806 seconds...
	liking... {u'rate_limited_until': 1514783281286, u'likes_remaining': 0, u'match': False}
Aww, it's not a match:(
name: Sofia, id: 59cac40d8a8815db378c2184
Napping for 0.668875 seconds...
	liking... {u'rate_limited_until': 1514783281286, u'likes_remaining': 0, u'match': False}
Aww, it's not a match:(
name: Leslie, id: 571fbf193f133a950ba00ab0
Napping for 0.222276 seconds...
	liking... {u'rate_limited_until': 1514783281286, u'likes_remaining': 0, u'match': False}
Aww, it's not a match:(
name: Ashley, id: 574c778282dbcbfd0b5bfb64
Napping for 0.284863 seconds...
	liking... {u'rate_limited_until': 1514783281286, u'likes_remaining': 0, u'match': False}
Aww, it's not a match:(
name: Amy, id: 565a70d516cedb36284b3a8d
Napping for 0.219607 seconds...
	liking... {u'rate_limited_until': 1514783281286, u'likes_remaining': 0, u'match': False}
Aww, it's not a match:(
name: Marsela, id: 5a4000c8e8dc17aa1e9c3d5f
Napping for 0.593669 seconds...
	liking... {u'rate_limited_until': 1514783281286, u'likes_remaining': 0, u'match': False}
Aww, it's not a match:(
name: Chelly, id: 5a3ddb0fe8dc17aa1e9b38cd
Napping for 0.911738 seconds...
	liking... {u'rate_limited_until': 1514783281286, u'likes_remaining': 0, u'match': False}
Aww, it's not a match:(
name: Celeste, id: 5670f9aa560b7e4578aec7ea
Napping for 0.300672 seconds...
	liking... {u'rate_limited_until': 1514783281286, u'likes_remaining': 0, u'match': False}
Aww, it's not a match:(
name: Aani, id: 59c47c92404c9a003659f4fc
Napping for 0.137317 seconds...
	liking... {u'rate_limited_until': 1514783281286, u'likes_remaining': 0, u'match': False}
Aww, it's not a match:(
name: Ally, id: 5a4329c82eced071674296d8
Napping for 0.527172 seconds...
	liking... {u'rate_limited_until': 1514783281286, u'likes_remaining': 0, u'match': False}
Aww, it's not a match:(
name: Ani, id: 59adc56a804b5dcd02da4d6e
Napping for 0.995560 seconds...
	liking... {u'rate_limited_until': 1514783281286, u'likes_remaining': 0, u'match': False}
Aww, it's not a match:(
name: Nisha, id: 5789d648c649d32f54cf7fea
Napping for 0.586791 seconds...
	liking... {u'rate_limited_until': 1514783281286, u'likes_remaining': 0, u'match': False}
Aww, it's not a match:(
name: Gloria, id: 59cfb97019606eb15cd9618c
Napping for 0.092664 seconds...
	liking... {u'rate_limited_until': 1514783281286, u'likes_remaining': 0, u'match': False}
Aww, it's not a match:(
name: Sam, id: 59dba5c06830afb726814afa
Napping for 0.966739 seconds...
	liking... {u'rate_limited_until': 1514783281286, u'likes_remaining': 0, u'match': False}
Aww, it's not a match:(
name: Susie, id: 5a0ff00a2b1e79b001726609
Napping for 0.787035 seconds...
	liking... {u'rate_limited_until': 1514783281286, u'likes_remaining': 0, u'match': False}
Aww, it's not a match:(
name: Yasmin, id: 57257deada6abe6713d285db
Napping for 0.357280 seconds...
	liking... {u'rate_limited_until': 1514783281286, u'likes_remaining': 0, u'match': False}
Aww, it's not a match:(
name: Liat, id: 5898066f4800b9610abc94c6
Napping for 0.303000 seconds...
	liking... {u'rate_limited_until': 1514783281286, u'likes_remaining': 0, u'match': False}
Aww, it's not a match:(
name: Natalia, id: 5a3a3037afa44416269c7034
Napping for 0.224546 seconds...
	liking... {u'rate_limited_until': 1514783281286, u'likes_remaining': 0, u'match': False}
Aww, it's not a match:(
name: Pooja, id: 51f062f521a4ef7b0400000d
Napping for 0.167502 seconds...
	liking... {u'rate_limited_until': 1514783281286, u'likes_remaining': 0, u'match': False}
Aww, it's not a match:(
name: Deeksha, id: 54e17444140eb33c78877595
Napping for 0.460363 seconds...
	liking... {u'rate_limited_until': 1514783281286, u'likes_remaining': 0, u'match': False}
Aww, it's not a match:(
name: Selin, id: 5a21eafbe1b2cbde7767090e
Napping for 0.042672 seconds...
	liking... {u'rate_limited_until': 1514783281286, u'likes_remaining': 0, u'match': False}
Aww, it's not a match:(
name: Emma, id: 5a3ebe282788ab671ef0af45
Napping for 0.840122 seconds...
	liking... {u'rate_limited_until': 1514783281286, u'likes_remaining': 0, u'match': False}
Aww, it's not a match:(
name: Fox, id: 548d26b9a36ddbf845854f5f
Napping for 1.131643 seconds...
	liking... {u'rate_limited_until': 1514783281286, u'likes_remaining': 0, u'match': False}
Aww, it's not a match:(
name: Elizabeth, id: 5498a00b918f1ec272f1ee1e
Napping for 1.108015 seconds...
	liking... {u'rate_limited_until': 1514783281286, u'likes_remaining': 0, u'match': False}
Aww, it's not a match:(
name: Kylie, id: 595d50d6fe142bc5722599d7
Napping for 0.624081 seconds...
	liking... {u'rate_limited_until': 1514783281286, u'likes_remaining': 0, u'match': False}
Aww, it's not a match:(
name: Pho, id: 58d4ab1b5bd74e464cd0ff9d
Napping for 0.898589 seconds...
	liking... {u'rate_limited_until': 1514783281286, u'likes_remaining': 0, u'match': False}
Aww, it's not a match:(
name: Ashley, id: 5a381e65acf7656e05863190
Napping for 0.770673 seconds...
	liking... {u'rate_limited_until': 1514783281286, u'likes_remaining': 0, u'match': False}
Aww, it's not a match:(
name: Cindy, id: 5a3f81d65f165d7212348b44
Napping for 0.475479 seconds...
	liking... {u'rate_limited_until': 1514783281286, u'likes_remaining': 0, u'match': False}
Aww, it's not a match:(
name: Astha, id: 56b57490ce5568c2771d604e
Napping for 0.552680 seconds...
	liking... {u'rate_limited_until': 1514783281286, u'likes_remaining': 0, u'match': False}
Aww, it's not a match:(
name: Gabby, id: 56f09708f128052f36918717
Napping for 1.153415 seconds...
	liking... {u'rate_limited_until': 1514783281286, u'likes_remaining': 0, u'match': False}
Aww, it's not a match:(
name: Lauren, id: 59eac40db88423105d85355d
Napping for 0.623700 seconds...
	liking... {u'rate_limited_until': 1514783281286, u'likes_remaining': 0, u'match': False}
Aww, it's not a match:(
name: Mia, id: 53e29f6538df41c874fc6f38
Napping for 0.200355 seconds...
	liking... {u'rate_limited_until': 1514783281286, u'likes_remaining': 0, u'match': False}
Aww, it's not a match:(
name: Heather, id: 5a3990ecda699dda38664812
Napping for 0.521217 seconds...
	liking... {u'rate_limited_until': 1514783281286, u'likes_remaining': 0, u'match': False}
Aww, it's not a match:(
name: Krystal Kate, id: 58b8eb239a4c5de238e46821
Napping for 0.981273 seconds...
	liking... {u'rate_limited_until': 1514783281286, u'likes_remaining': 0, u'match': False}
Aww, it's not a match:(
name: Catherine, id: 532a622e4ada4d9b66001091
Napping for 0.408666 seconds...
	liking... {u'rate_limited_until': 1514783281286, u'likes_remaining': 0, u'match': False}
Aww, it's not a match:(
name: Malena, id: 5a43034156899e2525a10da1
Napping for 0.246022 seconds...
	liking... {u'rate_limited_until': 1514783281286, u'likes_remaining': 0, u'match': False}
Aww, it's not a match:(
name: Hanna, id: 5341e319a85e44ad3e004d97
Napping for 0.100402 seconds...
	liking... {u'rate_limited_until': 1514783281286, u'likes_remaining': 0, u'match': False}
Aww, it's not a match:(
name: Raina, id: 5a434e495920884b1d567ff7
Napping for 0.771511 seconds...
	liking... {u'rate_limited_until': 1514783281286, u'likes_remaining': 0, u'match': False}
Aww, it's not a match:(
name: Sam, id: 5a41aaa25f165d721236099d
Napping for 0.003041 seconds...
	liking... {u'rate_limited_until': 1514783281286, u'likes_remaining': 0, u'match': False}
Aww, it's not a match:(
name: Angela, id: 599394a9bfbd2adf7c16a58d
Napping for 0.184668 seconds...
	liking... {u'rate_limited_until': 1514783281286, u'likes_remaining': 0, u'match': False}
Aww, it's not a match:(
name: Linni, id: 59f18511eaf6441160f54c14
Napping for 0.322616 seconds...
	liking... {u'rate_limited_until': 1514783281286, u'likes_remaining': 0, u'match': False}
Aww, it's not a match:(
name: Yisel, id: 59990bc80cde093f2e19be3c
Napping for 0.365409 seconds...
	liking... {u'rate_limited_until': 1514783281286, u'likes_remaining': 0, u'match': False}
Aww, it's not a match:(
name: Adie, id: 5403841b9d93692737620bc8
Napping for 0.394425 seconds...
	liking... {u'rate_limited_until': 1514783281286, u'likes_remaining': 0, u'match': False}
Aww, it's not a match:(
name: Shritama, id: 58b266be15f4ca4d77ffc0ac
Napping for 0.838262 seconds...
	liking... {u'rate_limited_until': 1514783281286, u'likes_remaining': 0, u'match': False}
Aww, it's not a match:(
name: Lauren, id: 58f41ebb5a74cc0e24bd0361
Napping for 0.298883 seconds...
	liking... {u'rate_limited_until': 1514783281286, u'likes_remaining': 0, u'match': False}
Aww, it's not a match:(
name: Brittany, id: 531527e6135a037923000018
Napping for 0.699713 seconds...
	liking... {u'rate_limited_until': 1514783281286, u'likes_remaining': 0, u'match': False}
Aww, it's not a match:(
name: Jasmine, id: 5a3cb182f77d1c966e7dc9cb
Napping for 0.269167 seconds...
	liking... {u'rate_limited_until': 1514783281286, u'likes_remaining': 0, u'match': False}
Aww, it's not a match:(
