You have been successfully authorized!
running main
likes remaining: 0
name: Amanda, id: 5a35d36b8c464cb70ff7a833
Napping for 0.704582 seconds...
	liking... {u'rate_limited_until': 1514010873453, u'likes_remaining': 0, u'match': False}
Aww, it's not a match:(
name: Kaitlin, id: 572d8746800dd15714504e24
Napping for 0.587333 seconds...
	liking... {u'rate_limited_until': 1514010873453, u'likes_remaining': 0, u'match': False}
Aww, it's not a match:(
name: Marissa, id: 57c240ec333c808d10a05eff
Napping for 1.162724 seconds...
	liking... {u'rate_limited_until': 1514010873453, u'likes_remaining': 0, u'match': False}
Aww, it's not a match:(
name: Rachael, id: 582d375ed11fff607b34f795
Napping for 0.520617 seconds...
	liking... {u'rate_limited_until': 1514010873453, u'likes_remaining': 0, u'match': False}
Aww, it's not a match:(
name: Isabel, id: 5864887516e040600a5db6b8
Napping for 1.059619 seconds...
	liking... {u'rate_limited_until': 1514010873453, u'likes_remaining': 0, u'match': False}
Aww, it's not a match:(
name: Jossie, id: 5a05153b9ff213da03e75ef7
Napping for 0.244202 seconds...
	liking... {u'rate_limited_until': 1514010873453, u'likes_remaining': 0, u'match': False}
Aww, it's not a match:(
name: Duyen, id: 5a3cc3f9ab2fd03e7b71fc05
Napping for 0.622138 seconds...
	liking... {u'rate_limited_until': 1514010873453, u'likes_remaining': 0, u'match': False}
Aww, it's not a match:(
name: Summer, id: 53f2dbce5eb871106d101907
Napping for 0.224357 seconds...
	liking... {u'rate_limited_until': 1514010873453, u'likes_remaining': 0, u'match': False}
Aww, it's not a match:(
name: Sneha, id: 57b8b86410484b6c0a21915f
Napping for 0.147816 seconds...
	liking... {u'rate_limited_until': 1514010873453, u'likes_remaining': 0, u'match': False}
Aww, it's not a match:(
name: Veronica, id: 560e03fb87f138826543afcc
Napping for 0.573885 seconds...
	liking... {u'rate_limited_until': 1514010873453, u'likes_remaining': 0, u'match': False}
Aww, it's not a match:(
name: hiovanni, id: 59af63bcc1b592a202ab98a8
Napping for 0.068421 seconds...
	liking... {u'rate_limited_until': 1514010873453, u'likes_remaining': 0, u'match': False}
Aww, it's not a match:(
name: Marissa, id: 5a3a248d539b43ea3070fc43
Napping for 0.782989 seconds...
	liking... {u'rate_limited_until': 1514010873453, u'likes_remaining': 0, u'match': False}
Aww, it's not a match:(
name: Dani, id: 5a3c8361f77d1c966e7da9dd
Napping for 1.121953 seconds...
	liking... {u'rate_limited_until': 1514010873453, u'likes_remaining': 0, u'match': False}
Aww, it's not a match:(
name: Alxsa, id: 596d7560041451ff2863bbbf
Napping for 0.288125 seconds...
	liking... {u'rate_limited_until': 1514010873453, u'likes_remaining': 0, u'match': False}
Aww, it's not a match:(
name: Sarah, id: 539f9e42ba31ed550cb833e9
Napping for 0.020834 seconds...
	liking... {u'rate_limited_until': 1514010873453, u'likes_remaining': 0, u'match': False}
Aww, it's not a match:(
name: Amara, id: 56343afe71bee8ed2ec43d57
Napping for 0.534798 seconds...
	liking... {u'rate_limited_until': 1514010873453, u'likes_remaining': 0, u'match': False}
Aww, it's not a match:(
name: Arianna, id: 5a3a0d29bdd79bec25c1bf98
Napping for 0.865014 seconds...
	liking... {u'rate_limited_until': 1514010873453, u'likes_remaining': 0, u'match': False}
Aww, it's not a match:(
name: Neha, id: 59b49dc92bb628d7316fc4f7
Napping for 1.029904 seconds...
	liking... {u'rate_limited_until': 1514010873453, u'likes_remaining': 0, u'match': False}
Aww, it's not a match:(
name: Rachel, id: 591a5d5d7208a8d96e93a267
Napping for 1.054358 seconds...
	liking... {u'rate_limited_until': 1514010873453, u'likes_remaining': 0, u'match': False}
Aww, it's not a match:(
name: Elizabeth, id: 5822cd8d0dba88cb09a571b2
Napping for 0.187086 seconds...
	liking... {u'rate_limited_until': 1514010873453, u'likes_remaining': 0, u'match': False}
Aww, it's not a match:(
name: Aunsiripar, id: 5a2f0f8cf75486d90fd45ade
Napping for 0.896901 seconds...
	liking... {u'rate_limited_until': 1514010873453, u'likes_remaining': 0, u'match': False}
Aww, it's not a match:(
name: Raychel, id: 59f177bf72a405807d59eee7
Napping for 0.524107 seconds...
	liking... {u'rate_limited_until': 1514010873453, u'likes_remaining': 0, u'match': False}
Aww, it's not a match:(
name: Madi, id: 54168e338ce312114adfa91a
Napping for 1.139773 seconds...
	liking... {u'rate_limited_until': 1514010873453, u'likes_remaining': 0, u'match': False}
Aww, it's not a match:(
name: Angela, id: 5a2864c0a9428ff32fcab0c2
Napping for 0.706700 seconds...
	liking... {u'rate_limited_until': 1514010873453, u'likes_remaining': 0, u'match': False}
Aww, it's not a match:(
name: Farzana, id: 58eb0fecc9bb156c1db7b4e9
Napping for 0.783541 seconds...
	liking... {u'rate_limited_until': 1514010873453, u'likes_remaining': 0, u'match': False}
Aww, it's not a match:(
name: Katie, id: 59a09fb12b49c3ca1ff2a7fa
Napping for 0.194944 seconds...
	liking... {u'rate_limited_until': 1514010873453, u'likes_remaining': 0, u'match': False}
Aww, it's not a match:(
name: Sharleen, id: 5a3a0359afa44416269c54d6
Napping for 0.799249 seconds...
	liking... {u'rate_limited_until': 1514010873453, u'likes_remaining': 0, u'match': False}
Aww, it's not a match:(
name: Audra, id: 5a2b7ac78c464cb70ff0ab65
Napping for 0.848107 seconds...
	liking... {u'rate_limited_until': 1514010873453, u'likes_remaining': 0, u'match': False}
Aww, it's not a match:(
name: Issa, id: 5a257d48e1b2cbde776a3405
Napping for 0.155339 seconds...
	liking... {u'rate_limited_until': 1514010873453, u'likes_remaining': 0, u'match': False}
Aww, it's not a match:(
name: Linnea, id: 59bf4189a360601c45c640de
Napping for 0.662191 seconds...
	liking... {u'rate_limited_until': 1514010873453, u'likes_remaining': 0, u'match': False}
Aww, it's not a match:(
name: Aani, id: 59c47c92404c9a003659f4fc
Napping for 0.095861 seconds...
	liking... {u'rate_limited_until': 1514010873453, u'likes_remaining': 0, u'match': False}
Aww, it's not a match:(
name: Samantha, id: 59bd86755df5efaf0a37a83f
Napping for 1.124146 seconds...
	liking... {u'rate_limited_until': 1514010873453, u'likes_remaining': 0, u'match': False}
Aww, it's not a match:(
name: Jenny, id: 5a3b026b0f25f3fc31af8da7
Napping for 0.286632 seconds...
	liking... {u'rate_limited_until': 1514010873453, u'likes_remaining': 0, u'match': False}
Aww, it's not a match:(
name: Yaoyao, id: 55af66eac9d519887f4d6ecf
Napping for 0.986573 seconds...
	liking... {u'rate_limited_until': 1514010873453, u'likes_remaining': 0, u'match': False}
Aww, it's not a match:(
name: Ha Vy, id: 5a39f854bdd79bec25c1b1d3
Napping for 0.811914 seconds...
	liking... {u'rate_limited_until': 1514010873453, u'likes_remaining': 0, u'match': False}
Aww, it's not a match:(
name: Christine, id: 591b13e5049d9d091cd17403
Napping for 0.973507 seconds...
	liking... {u'rate_limited_until': 1514010873453, u'likes_remaining': 0, u'match': False}
Aww, it's not a match:(
