You have been successfully authorized!
running main
likes remaining: 100
name: Loni, id: 5709bc5ad862b9c835472b16
Napping for 0.517817 seconds...
	liking... {u'likes_remaining': 100, u'match': False}
Aww, it's not a match:(
name: Hanna, id: 597cf6a6330f2571291e5fe6
Napping for 1.162154 seconds...
	liking... {u'likes_remaining': 100, u'match': False}
Aww, it's not a match:(
name: Alisha, id: 5a10affe0bd5546f7fd7e305
Napping for 0.869525 seconds...
	liking... {u'likes_remaining': 100, u'match': False}
Aww, it's not a match:(
name: Puakea, id: 559cd9e85377c9c156b026fa
Napping for 0.223442 seconds...
	liking... {u'likes_remaining': 100, u'match': False}
Aww, it's not a match:(
name: Malees, id: 5994e1f67aa341d015f52131
Napping for 0.691644 seconds...
	liking... {u'likes_remaining': 100, u'match': False}
Aww, it's not a match:(
name: Ngan, id: 5a3b7c9e0c31145e582d8fde
Napping for 0.693680 seconds...
	liking... {u'likes_remaining': 100, u'match': False}
Aww, it's not a match:(
name: Mr. Wigglesworth, id: 5a64d9cbe529d0f472c42c4c
Napping for 0.147542 seconds...
	is_brand, will left-swipe now {u'status': 200}
name: Bonita, id: 5824c2b1efcfef1834e441a8
Napping for 0.682907 seconds...
	liking... {u'likes_remaining': 100, u'match': False}
Aww, it's not a match:(
name: Khadija, id: 5929975f3b0adde27cd98ca9
Napping for 0.788716 seconds...
	liking... {u'likes_remaining': 100, u'match': False}
Aww, it's not a match:(
name: Melanie, id: 5871ba7405cbbc5127b99d5b
Napping for 0.264695 seconds...
	liking... {u'likes_remaining': 100, u'match': False}
Aww, it's not a match:(
name: Joanne, id: 58f80e983ee05325607f6f05
Napping for 1.061292 seconds...
	liking... {u'likes_remaining': 100, u'match': False}
Aww, it's not a match:(
name: Amy, id: 5a66e3f20326596c44f6dfdf
Napping for 0.163198 seconds...
	liking... {u'likes_remaining': 100, u'match': False}
Aww, it's not a match:(
name: Madi, id: 59ec19ed305a35da5cb89151
Napping for 0.964050 seconds...
	liking... {u'likes_remaining': 100, u'match': False}
Aww, it's not a match:(
name: Mariah, id: 5530f0cf1a4e8e564a3ef79b
Napping for 0.149872 seconds...
	liking... {u'likes_remaining': 100, u'match': False}
Aww, it's not a match:(
name: Tevy, id: 5a55733dfebb740d708b6b3e
Napping for 0.462856 seconds...
	liking... {u'likes_remaining': 100, u'match': False}
Aww, it's not a match:(
name: Brianna, id: 5698520deff4607841a12f2b
Napping for 0.405041 seconds...
	liking... {u'likes_remaining': 100, u'match': False}
Aww, it's not a match:(
name: Savannah, id: 5a64dab2f820291e73a5c79e
Napping for 0.417544 seconds...
	is_brand, will left-swipe now {u'status': 200}
name: Sabina, id: 5572794d4dab4f1c2b4d6dca
Napping for 1.158290 seconds...
	liking... {u'likes_remaining': 100, u'match': False}
Aww, it's not a match:(
name: Claire, id: 59af7281c1b592a202aba271
Napping for 0.330611 seconds...
	liking... {u'likes_remaining': 100, u'match': False}
Aww, it's not a match:(
name: Lauren, id: 5a66e537ccdbb7753515d254
Napping for 0.857212 seconds...
	liking... {u'likes_remaining': 100, u'match': False}
Aww, it's not a match:(
name: Amanda, id: 5a66e06a8b067109447179fd
Napping for 0.628252 seconds...
	liking... {u'likes_remaining': 100, u'match': False}
Aww, it's not a match:(
name: Amber, id: 5588e60f97cc7d267183a5dd
Napping for 0.739725 seconds...
	liking... {u'likes_remaining': 100, u'match': False}
Aww, it's not a match:(
name: AdriAnna, id: 5a66e2ffbd42cd31665c5f08
Napping for 0.529220 seconds...
	liking... {u'likes_remaining': 100, u'match': False}
Aww, it's not a match:(
name: Allison, id: 548905814799ebe5539c64fb
Napping for 0.376071 seconds...
	liking... {u'likes_remaining': 100, u'match': False}
Aww, it's not a match:(
name: Amanda, id: 520027163b2694ca26000005
Napping for 0.421563 seconds...
	liking... {u'likes_remaining': 100, u'match': False}
Aww, it's not a match:(
name: Sheila, id: 5a4c385eaa9e1a4725d88a2a
Napping for 0.648511 seconds...
	liking... {u'likes_remaining': 100, u'match': False}
Aww, it's not a match:(
name: Sabrina Ariel, id: 5610dd4f9b66eeb177080e70
Napping for 0.364604 seconds...
	liking... {u'likes_remaining': 100, u'match': False}
Aww, it's not a match:(
name: Emma, id: 57f9975c0fc9ef152b198e84
Napping for 1.167196 seconds...
	liking... {u'likes_remaining': 100, u'match': False}
Aww, it's not a match:(
name: Vivi, id: 5a63d47661fa3b0e36547a5f
Napping for 0.190078 seconds...
	liking... {u'likes_remaining': 100, u'match': False}
Aww, it's not a match:(
name: throws UnicodeDecodeError so I cannot say, id: 5a66d75e0811fb8d66aa56f0
UnicodeDecodeError: 'ascii' codec can't decode byte 0xc3 in position 2: ordinal not in range(128)
Napping for 0.715340 seconds...
	liking... {u'likes_remaining': 100, u'match': False}
Aww, it's not a match:(
name: Angela, id: 550c418bdd73dd0e140ab8c9
Napping for 0.495014 seconds...
	liking... {u'likes_remaining': 100, u'match': False}
Aww, it's not a match:(
name: Tabitha, id: 592fa2e9a75cb3b73249a64a
Napping for 1.109391 seconds...
	liking... {u'likes_remaining': 100, u'match': False}
Aww, it's not a match:(
name: Katie, id: 5a66d78dccdbb7753515c997
Napping for 0.296080 seconds...
	liking... {u'likes_remaining': 100, u'match': False}
Aww, it's not a match:(
name: Candice, id: 5a66d2f9bd42cd31665c4f0e
Napping for 0.744369 seconds...
	liking... {u'likes_remaining': 100, u'match': False}
Aww, it's not a match:(
name: Shelby, id: 525ef9769dcbb3112800116c
Napping for 0.028802 seconds...
	liking... {u'likes_remaining': 100, u'match': False}
Aww, it's not a match:(
name: Dana, id: 556fc3a90469211e5aaacabc
Napping for 0.105149 seconds...
	liking... {u'likes_remaining': 100, u'match': False}
Aww, it's not a match:(
name: Dragonfly, id: 5a64dbc0e529d0f472c42c4d
Napping for 0.810178 seconds...
	is_brand, will left-swipe now {u'status': 200}
name: Samira, id: 5a66d353ccdbb7753515c686
Napping for 0.995752 seconds...
	liking... {u'likes_remaining': 100, u'match': False}
Aww, it's not a match:(
name: Diane, id: 5a66d744ccdbb7753515c959
Napping for 1.100953 seconds...
	liking... {u'likes_remaining': 100, u'match': False}
Aww, it's not a match:(
name: Ksenia, id: 599a663003af1ed72d2d1ba4
Napping for 0.924188 seconds...
	liking... {u'likes_remaining': 100, u'match': False}
Aww, it's not a match:(
name: Elise, id: 59000d15375033ae4200bf24
Napping for 0.949319 seconds...
	liking... {u'likes_remaining': 100, u'match': False}
Aww, it's not a match:(
name: Samantha, id: 5a643f0f1657e2234637ee51
Napping for 1.047943 seconds...
	liking... {u'likes_remaining': 100, u'match': False}
Aww, it's not a match:(
name: Mila, id: 5a398663539b43ea307047f4
Napping for 0.382380 seconds...
	liking... {u'likes_remaining': 100, u'match': False}
Aww, it's not a match:(
name: Liz, id: 58e1c96ed4f2f38a3e3046dc
Napping for 0.436682 seconds...
	liking... {u'likes_remaining': 100, u'match': False}
Aww, it's not a match:(
name: Taylor-Anne, id: 5a66ada6ab67b94d461da9f4
Napping for 1.176817 seconds...
	liking... {u'likes_remaining': 100, u'match': False}
Aww, it's not a match:(
name: Lisa, id: 56350418f46f932f189a3fd7
Napping for 1.187855 seconds...
	liking... {u'likes_remaining': 100, u'match': False}
Aww, it's not a match:(
name: Amanda, id: 5a66b552e7bd253c44f5e472
Napping for 0.645001 seconds...
	liking... {u'likes_remaining': 100, u'match': False}
Aww, it's not a match:(
name: Emily, id: 598222e8b094df0359c28b3c
Napping for 0.758846 seconds...
	liking... {u'likes_remaining': 100, u'match': False}
Aww, it's not a match:(
name: Sarah, id: 5a66c8591657e223463a371b
Napping for 0.251710 seconds...
	liking... {u'likes_remaining': 100, u'match': False}
Aww, it's not a match:(
name: Flor, id: 5a66c28ee7bd253c44f5f8f2
Napping for 0.404262 seconds...
	liking... {u'likes_remaining': 100, u'match': False}
Aww, it's not a match:(
name: Ashley, id: 5a29c1c962570c86332d60a4
Napping for 1.093294 seconds...
	liking... {u'likes_remaining': 100, u'match': False}
Aww, it's not a match:(
name: Vaughn, id: 5a64dd3ff820291e73a5c79f
Napping for 0.531005 seconds...
	is_brand, will left-swipe now {u'status': 200}
name: Maria, id: 5a3bf6432ed50a4e57040b5b
Napping for 0.382145 seconds...
	liking... {u'likes_remaining': 100, u'match': False}
Aww, it's not a match:(
name: Laverne, id: 5a5d5913625db61a2702292a
Napping for 0.886848 seconds...
	liking... {u'likes_remaining': 100, u'match': False}
Aww, it's not a match:(
name: Paloma, id: 5a50a2d26f40e44d44c4b37b
Napping for 1.066384 seconds...
	liking... {u'likes_remaining': 100, u'match': False}
Aww, it's not a match:(
name: Kim, id: 56b36761fa67e4dd2bdcbae6
Napping for 0.989320 seconds...
	liking... {u'likes_remaining': 100, u'match': False}
Aww, it's not a match:(
name: Natalie, id: 5a66bcce0326596c44f6cc1a
Napping for 0.655904 seconds...
	liking... {u'likes_remaining': 100, u'match': False}
Aww, it's not a match:(
name: Sierra, id: 58a9e83f45a2bbd4021fae24
Napping for 0.944883 seconds...
	liking... {u'likes_remaining': 100, u'match': False}
Aww, it's not a match:(
name: Jordan, id: 5a66c0c8ccdbb7753515bd7c
Napping for 0.175191 seconds...
	liking... {u'likes_remaining': 100, u'match': False}
Aww, it's not a match:(
name: Anne, id: 595345b0a23c863111254c45
Napping for 0.258364 seconds...
	liking... {u'likes_remaining': 100, u'match': False}
Aww, it's not a match:(
name: Emily, id: 581d7812bafa46c033211c9d
Napping for 0.144349 seconds...
	liking... {u'likes_remaining': 100, u'match': False}
Aww, it's not a match:(
name: Abbey, id: 5a66a2cf61fa3b0e36569d9b
Napping for 0.902432 seconds...
	liking... {u'likes_remaining': 100, u'match': False}
Aww, it's not a match:(
name: Taylor, id: 59b0b20e5919e6ff4feeb65a
Napping for 0.036505 seconds...
	liking... {u'likes_remaining': 100, u'match': False}
Aww, it's not a match:(
name: Heena, id: 5a600e2f9f096e8309ce9521
Napping for 0.188454 seconds...
	liking... {u'likes_remaining': 100, u'match': False}
Aww, it's not a match:(
name: Sara, id: 582776a51a2faeba12ca1a86
Napping for 0.194083 seconds...
	liking... {u'likes_remaining': 100, u'match': False}
Aww, it's not a match:(
name: Sara, id: 5a66c3f861fa3b0e3656b200
Napping for 0.539163 seconds...
	liking... {u'likes_remaining': 100, u'match': False}
Aww, it's not a match:(
name: Sarah, id: 5a66ce938b067109447164fd
Napping for 0.194265 seconds...
	liking... {u'likes_remaining': 100, u'match': False}
Aww, it's not a match:(
name: Sarah, id: 5647e731a4390a1f4d3208bc
Napping for 0.692463 seconds...
	liking... {u'likes_remaining': 100, u'match': False}
Aww, it's not a match:(
name: Kala, id: 5501fe1580a3544c5f9bae8d
Napping for 0.822057 seconds...
	liking... {u'likes_remaining': 100, u'match': False}
Aww, it's not a match:(
name: Blueberry Pie, id: 5a64df25a9bb2d9e72e1ac98
Napping for 0.041328 seconds...
	is_brand, will left-swipe now {u'status': 200}
name: Samantha, id: 59bc8868aca1dedc0ab60fe6
Napping for 1.122498 seconds...
	liking... {u'likes_remaining': 100, u'match': False}
Aww, it's not a match:(
name: Carly, id: 5a66ba9ebd42cd31665c3aa9
Napping for 0.383726 seconds...
	liking... {u'likes_remaining': 100, u'match': False}
Aww, it's not a match:(
name: Danelle, id: 5a397ae81b52a2bd3050c377
Napping for 0.650032 seconds...
	liking... {u'likes_remaining': 100, u'match': False}
Aww, it's not a match:(
name: Jordan, id: 584481104c01d7420ac007aa
Napping for 0.245709 seconds...
	liking... {u'likes_remaining': 100, u'match': False}
Aww, it's not a match:(
name: Maria, id: 5a1d0ff9ff59cbf76c226483
Napping for 0.743675 seconds...
	liking... {u'likes_remaining': 100, u'match': False}
Aww, it's not a match:(
name: Ana, id: 5a0a505a80ba23df715f547a
Napping for 0.671118 seconds...
	liking... {u'likes_remaining': 100, u'match': False}
Aww, it's not a match:(
name: jen, id: 5980a52e4a75f5b45fb0db31
Napping for 1.102466 seconds...
	liking... {u'likes_remaining': 100, u'match': False}
Aww, it's not a match:(
name: Joy, id: 590fcda8dfe1814f0d8ee193
Napping for 0.990090 seconds...
	liking... {u'likes_remaining': 100, u'match': False}
Aww, it's not a match:(
name: Karsyn, id: 5a0e76a7f06bd3167853c862
Napping for 0.334546 seconds...
	liking... {u'likes_remaining': 100, u'match': False}
Aww, it's not a match:(
name: Constance, id: 5a49fbbf702237291d168f5e
Napping for 0.625333 seconds...
	liking... {u'likes_remaining': 100, u'match': False}
Aww, it's not a match:(
name: Lucie, id: 5a66c0fa4b32b6c64525f284
Napping for 0.149012 seconds...
	liking... {u'likes_remaining': 100, u'match': False}
Aww, it's not a match:(
name: Francis, id: 5a3b92e0394cc0c3587e951e
Napping for 0.650593 seconds...
	liking... {u'likes_remaining': 100, u'match': False}
Aww, it's not a match:(
name: Jasmine, id: 5a419a5bb86023b5127c7d0f
Napping for 0.165813 seconds...
	liking... {u'likes_remaining': 100, u'match': False}
Aww, it's not a match:(
name: Rachael, id: 56b176b6333b7c007d519a00
Napping for 1.035115 seconds...
	liking... {u'likes_remaining': 100, u'match': False}
Aww, it's not a match:(
name: Rose, id: 5a301ca12f46971c1053a608
Napping for 0.925523 seconds...
	liking... {u'likes_remaining': 100, u'match': False}
Aww, it's not a match:(
name: Chelsea, id: 5a66baef4b32b6c64525ee98
Napping for 0.838271 seconds...
	liking... {u'likes_remaining': 100, u'match': False}
Aww, it's not a match:(
name: Destynie, id: 57665f7a13f146300b7db10e
Napping for 0.203682 seconds...
	liking... {u'likes_remaining': 100, u'match': False}
Aww, it's not a match:(
name: Sophia, id: 5962533b8439c3e37293f533
Napping for 1.002862 seconds...
	liking... {u'likes_remaining': 100, u'match': False}
Aww, it's not a match:(
name: Kate, id: 56a2f934212cf1f8089a1abe
Napping for 0.242992 seconds...
	liking... {u'likes_remaining': 100, u'match': False}
Aww, it's not a match:(
name: Kaina, id: 5a41b762958bba891e461186
Napping for 1.035135 seconds...
	liking... {u'likes_remaining': 100, u'match': False}
Aww, it's not a match:(
name: Safi, id: 55f70243869c89324b7512c6
Napping for 0.223372 seconds...
	liking... {u'likes_remaining': 100, u'match': False}
Aww, it's not a match:(
name: Carly, id: 5a66ba9ebd42cd31665c3aa9
Napping for 0.202684 seconds...
	liking... {u'likes_remaining': 100, u'match': False}
Aww, it's not a match:(
name: Puneet, id: 58fd5e02aa8bf0ff428c7475
Napping for 1.150337 seconds...
	liking... {u'likes_remaining': 100, u'match': False}
Aww, it's not a match:(
name: Jenny, id: 59603febc3b9991d73cbc0d8
Napping for 0.914062 seconds...
	liking... {u'likes_remaining': 100, u'match': False}
Aww, it's not a match:(
name: Naomi, id: 5528ca4982a5edba1fa2b81e
Napping for 0.801457 seconds...
	liking... {u'likes_remaining': 100, u'match': False}
Aww, it's not a match:(
name: Kimberly, id: 5a16227ab90c018263ec2d34
Napping for 0.587767 seconds...
	liking... {u'likes_remaining': 100, u'match': False}
Aww, it's not a match:(
name: Tracy, id: 537ea62b84e055da74d5fe30
Napping for 0.063841 seconds...
	liking... {u'likes_remaining': 100, u'match': False}
Aww, it's not a match:(
name: Carmen, id: 578db73fa4e13f320a29b387
Napping for 0.481281 seconds...
	liking... {u'likes_remaining': 100, u'match': False}
Aww, it's not a match:(
name: Emma, id: 59eb9ab7305a35da5cb82e76
Napping for 0.098501 seconds...
	liking... {u'likes_remaining': 100, u'match': False}
Aww, it's not a match:(
name: Alfa, id: 55978eedb3a00d1a3860fafc
Napping for 0.384197 seconds...
	liking... {u'likes_remaining': 100, u'match': False}
Aww, it's not a match:(
name: Taylor, id: 5a4d7ba53446e53e01cc5d59
Napping for 0.583190 seconds...
	liking... {u'likes_remaining': 100, u'match': False}
Aww, it's not a match:(
name: Carrera, id: 573fe24a13b9bc73135f73f9
Napping for 0.084463 seconds...
	liking... {u'likes_remaining': 100, u'match': False}
Aww, it's not a match:(
name: Jenna, id: 595ef5d0fa14850173ac81f9
Napping for 0.174219 seconds...
	liking... {u'likes_remaining': 100, u'match': False}
Aww, it's not a match:(
name: Elizabeth, id: 53fe9ec8607d7354538065d4
Napping for 1.093919 seconds...
	liking... {u'likes_remaining': 100, u'match': False}
Aww, it's not a match:(
name: Mimi, id: 59e440be3fed5bd61485e0fc
Napping for 0.209478 seconds...
	liking... {u'rate_limited_until': 1516736328174, u'likes_remaining': 0, u'match': False}
Aww, it's not a match:(
out of likes. Closing...
name: Dalen, id: 580e1f33fdab6fc00ad357c0
Napping for 0.992893 seconds...
	liking... {u'rate_limited_until': 1516736328174, u'likes_remaining': 0, u'match': False}
Aww, it's not a match:(
out of likes. Closing...
name: Ryana Fate, id: 5a1bc962b90c018263f01b01
Napping for 0.643938 seconds...
	liking... {u'rate_limited_until': 1516736328174, u'likes_remaining': 0, u'match': False}
Aww, it's not a match:(
out of likes. Closing...
name: Leslie, id: 5a18f6265e5856dc6c6b74a5
Napping for 0.986243 seconds...
	liking... {u'rate_limited_until': 1516736328174, u'likes_remaining': 0, u'match': False}
Aww, it's not a match:(
out of likes. Closing...
name: Becca, id: 59e4b1a99219a92a158c5aaa
Napping for 0.203598 seconds...
	liking... {u'rate_limited_until': 1516736328174, u'likes_remaining': 0, u'match': False}
Aww, it's not a match:(
out of likes. Closing...
name: Madison, id: 59b38a201d1b38ae3cb7f4a2
Napping for 0.545737 seconds...
	liking... {u'rate_limited_until': 1516736328174, u'likes_remaining': 0, u'match': False}
Aww, it's not a match:(
out of likes. Closing...
name: Savannah, id: 59c004d00e8758f744123a6a
Napping for 0.391879 seconds...
	liking... {u'rate_limited_until': 1516736328174, u'likes_remaining': 0, u'match': False}
Aww, it's not a match:(
out of likes. Closing...
name: Katelyn, id: 59b41b2b3532e2e531fd14ea
Napping for 0.922183 seconds...
	liking... {u'rate_limited_until': 1516736328174, u'likes_remaining': 0, u'match': False}
Aww, it's not a match:(
out of likes. Closing...
name: Phoebe, id: 554d39f61a478e3742dad95b
Napping for 0.914391 seconds...
	liking... {u'rate_limited_until': 1516736328174, u'likes_remaining': 0, u'match': False}
Aww, it's not a match:(
out of likes. Closing...
name: Laura, id: 5a5798f4e343b0055d4479c2
Napping for 1.190376 seconds...
	liking... {u'rate_limited_until': 1516736328174, u'likes_remaining': 0, u'match': False}
Aww, it's not a match:(
out of likes. Closing...
name: Elif, id: 5250b64031b856c177002365
Napping for 0.937413 seconds...
	liking... {u'rate_limited_until': 1516736328174, u'likes_remaining': 0, u'match': False}
Aww, it's not a match:(
out of likes. Closing...
name: Belinda, id: 593777e68f36a8747f367529
Napping for 0.664144 seconds...
	liking... {u'rate_limited_until': 1516736328174, u'likes_remaining': 0, u'match': False}
Aww, it's not a match:(
out of likes. Closing...
name: Jasmine, id: 59fcc79a2cebed680c888abf
Napping for 0.503938 seconds...
	liking... {u'rate_limited_until': 1516736328174, u'likes_remaining': 0, u'match': False}
Aww, it's not a match:(
out of likes. Closing...
