You have been successfully authorized!
running main
likes remaining: 0
name: Katherine, id: 5668b41ca94a71b9042580bd
Napping for 0.394046 seconds...
	liking... {u'rate_limited_until': 1514094286796, u'likes_remaining': 0, u'match': False}
Aww, it's not a match:(
name: AshleyMae, id: 55adfa09d51b4cd85f7d5aa5
Napping for 0.845873 seconds...
	liking... {u'rate_limited_until': 1514094286796, u'likes_remaining': 0, u'match': False}
Aww, it's not a match:(
name: Evanne, id: 597ed7427e46873c447362f1
Napping for 0.026016 seconds...
	liking... {u'rate_limited_until': 1514094286796, u'likes_remaining': 0, u'match': False}
Aww, it's not a match:(
name: Jocelyn, id: 5603a585c277fa483cd08ead
Napping for 0.795516 seconds...
	liking... {u'rate_limited_until': 1514094286796, u'likes_remaining': 0, u'match': False}
Aww, it's not a match:(
name: Wiktoria, id: 54e9981f8420cc1f3726592e
Napping for 0.116725 seconds...
	liking... {u'rate_limited_until': 1514094286796, u'likes_remaining': 0, u'match': False}
Aww, it's not a match:(
name: Geralyn, id: 5611c7804d62a1dd53373e5b
Napping for 1.007244 seconds...
	liking... {u'rate_limited_until': 1514094286796, u'likes_remaining': 0, u'match': False}
Aww, it's not a match:(
name: Gates, id: 54e0f6168867f797796d4e25
Napping for 0.205282 seconds...
	liking... {u'rate_limited_until': 1514094286796, u'likes_remaining': 0, u'match': False}
Aww, it's not a match:(
name: Emma, id: 5a0d2b7d80ba23df71618ab7
Napping for 1.155454 seconds...
	liking... {u'rate_limited_until': 1514094286796, u'likes_remaining': 0, u'match': False}
Aww, it's not a match:(
name: Lexi, id: 58a5f9075aad2f4e54e013ef
Napping for 0.514448 seconds...
	liking... {u'rate_limited_until': 1514094286796, u'likes_remaining': 0, u'match': False}
Aww, it's not a match:(
name: Ella, id: 597819723ffb7be025273c3f
Napping for 1.106771 seconds...
	liking... {u'rate_limited_until': 1514094286796, u'likes_remaining': 0, u'match': False}
Aww, it's not a match:(
name: Ivy, id: 58ed3ac4fb6535500bc85d94
Napping for 0.109626 seconds...
	liking... {u'rate_limited_until': 1514094286796, u'likes_remaining': 0, u'match': False}
Aww, it's not a match:(
name: Meera, id: 57e30f58e01ebc823c366540
Napping for 0.439895 seconds...
	liking... {u'rate_limited_until': 1514094286796, u'likes_remaining': 0, u'match': False}
Aww, it's not a match:(
name: Samara maia, id: 592b58a6794cd5865e7a9b84
Napping for 0.019443 seconds...
	liking... {u'rate_limited_until': 1514094286796, u'likes_remaining': 0, u'match': False}
Aww, it's not a match:(
name: Hsing Chu, id: 59a378bbab1ae9a01f4f6543
Napping for 0.677890 seconds...
	liking... {u'rate_limited_until': 1514094286796, u'likes_remaining': 0, u'match': False}
Aww, it's not a match:(
name: Kichi, id: 59fc01c962dab66a0c557b3b
Napping for 0.895898 seconds...
	liking... {u'rate_limited_until': 1514094286796, u'likes_remaining': 0, u'match': False}
Aww, it's not a match:(
name: AshleyMae, id: 55adfa09d51b4cd85f7d5aa5
Napping for 0.487671 seconds...
	liking... {u'rate_limited_until': 1514094286796, u'likes_remaining': 0, u'match': False}
Aww, it's not a match:(
name: AshleyMae, id: 55adfa09d51b4cd85f7d5aa5
Napping for 1.175681 seconds...
	liking... {u'rate_limited_until': 1514094286796, u'likes_remaining': 0, u'match': False}
Aww, it's not a match:(
name: Daniela, id: 56e814781c988d7519a27e16
Napping for 1.088580 seconds...
	liking... {u'rate_limited_until': 1514094286796, u'likes_remaining': 0, u'match': False}
Aww, it's not a match:(
name: Ruby, id: 5955963ae929c5ec6bf349cc
Napping for 0.075328 seconds...
	liking... {u'rate_limited_until': 1514094286796, u'likes_remaining': 0, u'match': False}
Aww, it's not a match:(
name: Maria, id: 5a388f2f9ab86a0f7f4c493b
Napping for 0.652089 seconds...
	liking... {u'rate_limited_until': 1514094286796, u'likes_remaining': 0, u'match': False}
Aww, it's not a match:(
name: Ondrea, id: 5a366bea2f46971c1057cba1
Napping for 1.081506 seconds...
	liking... {u'rate_limited_until': 1514094286796, u'likes_remaining': 0, u'match': False}
Aww, it's not a match:(
name: Kelcey, id: 535a19f6a56f9b4214007e05
Napping for 0.585593 seconds...
	liking... {u'rate_limited_until': 1514094286796, u'likes_remaining': 0, u'match': False}
Aww, it's not a match:(
name: Carolyn, id: 567f1ec4551f622c7e222cb4
Napping for 0.881958 seconds...
	liking... {u'rate_limited_until': 1514094286796, u'likes_remaining': 0, u'match': False}
Aww, it's not a match:(
name: Carey, id: 533cbe0b9ef8629e1a00080f
Napping for 0.984105 seconds...
	liking... {u'rate_limited_until': 1514094286796, u'likes_remaining': 0, u'match': False}
Aww, it's not a match:(
name: AshleyMae, id: 55adfa09d51b4cd85f7d5aa5
Napping for 0.139670 seconds...
	liking... {u'rate_limited_until': 1514094286796, u'likes_remaining': 0, u'match': False}
Aww, it's not a match:(
name: Dani, id: 531695ae630eae666f000017
Napping for 0.997353 seconds...
	liking... {u'rate_limited_until': 1514094286796, u'likes_remaining': 0, u'match': False}
Aww, it's not a match:(
name: Julia, id: 58c8d68da44d1170108439a1
Napping for 0.862288 seconds...
	liking... {u'rate_limited_until': 1514094286796, u'likes_remaining': 0, u'match': False}
Aww, it's not a match:(
name: Courtney, id: 5a376fab5b39086f165ec507
Napping for 0.488172 seconds...
	liking... {u'rate_limited_until': 1514094286796, u'likes_remaining': 0, u'match': False}
Aww, it's not a match:(
name: Bridget, id: 5a2120306fb6b4154797f73e
Napping for 0.348287 seconds...
	liking... {u'rate_limited_until': 1514094286796, u'likes_remaining': 0, u'match': False}
Aww, it's not a match:(
name: Charlotte, id: 5a3e207eb86023b5127a4a53
Napping for 0.626694 seconds...
	liking... {u'rate_limited_until': 1514094286796, u'likes_remaining': 0, u'match': False}
Aww, it's not a match:(
name: Kortney, id: 59d0b8da9f6316d35cc31ffb
Napping for 0.242697 seconds...
	liking... {u'rate_limited_until': 1514094286796, u'likes_remaining': 0, u'match': False}
Aww, it's not a match:(
name: Julie, id: 58bc43d8859cbe4146aa41a0
Napping for 0.632366 seconds...
	liking... {u'rate_limited_until': 1514094286796, u'likes_remaining': 0, u'match': False}
Aww, it's not a match:(
name: Eloise, id: 5a38ba654f4517be130fcae8
Napping for 0.447375 seconds...
	liking... {u'rate_limited_until': 1514094286796, u'likes_remaining': 0, u'match': False}
Aww, it's not a match:(
name: Barry, id: 5a3df2fb4584d1451e4938ea
Napping for 0.828556 seconds...
	liking... {u'rate_limited_until': 1514094286796, u'likes_remaining': 0, u'match': False}
Aww, it's not a match:(
name: Michelle, id: 512ac498088d90f1290001f7
Napping for 0.588017 seconds...
	liking... {u'rate_limited_until': 1514094286796, u'likes_remaining': 0, u'match': False}
Aww, it's not a match:(
name: Michelle Katherine, id: 58100967ce32bbc27f3d4599
Napping for 1.113011 seconds...
	liking... {u'rate_limited_until': 1514094286796, u'likes_remaining': 0, u'match': False}
Aww, it's not a match:(
name: AshleyMae, id: 55adfa09d51b4cd85f7d5aa5
Napping for 0.466315 seconds...
	liking... {u'rate_limited_until': 1514094286796, u'likes_remaining': 0, u'match': False}
Aww, it's not a match:(
name: Michelle, id: 5a3dc6e098f95f501259b39b
Napping for 0.655613 seconds...
	liking... {u'rate_limited_until': 1514094286796, u'likes_remaining': 0, u'match': False}
Aww, it's not a match:(
name: Jessica, id: 5a3dc81c9e6f7d69258078d4
Napping for 0.134062 seconds...
	liking... {u'rate_limited_until': 1514094286796, u'likes_remaining': 0, u'match': False}
Aww, it's not a match:(
name: Elie, id: 5a31ee4e5b39086f165ae98b
Napping for 0.648507 seconds...
	liking... {u'rate_limited_until': 1514094286796, u'likes_remaining': 0, u'match': False}
Aww, it's not a match:(
name: AshleyMae, id: 55adfa09d51b4cd85f7d5aa5
Napping for 0.866866 seconds...
	liking... {u'rate_limited_until': 1514094286796, u'likes_remaining': 0, u'match': False}
Aww, it's not a match:(
name: Lily, id: 5482d2318620d7333f5f7139
Napping for 0.379638 seconds...
	liking... {u'rate_limited_until': 1514094286796, u'likes_remaining': 0, u'match': False}
Aww, it's not a match:(
name: Max, id: 5a3ddbeb36e65f961d4e4b31
Napping for 0.885955 seconds...
	liking... {u'rate_limited_until': 1514094286796, u'likes_remaining': 0, u'match': False}
Aww, it's not a match:(
name: Mahati, id: 5a3e9d46aa9e1a4725cff994
Napping for 0.538376 seconds...
	liking... {u'rate_limited_until': 1514094286796, u'likes_remaining': 0, u'match': False}
Aww, it's not a match:(
name: Alex, id: 59eb94e0b88423105d85b444
Napping for 0.524686 seconds...
	liking... {u'rate_limited_until': 1514094286796, u'likes_remaining': 0, u'match': False}
Aww, it's not a match:(
name: Alice, id: 53b8d0349e545277176e5ed1
Napping for 0.638500 seconds...
	liking... {u'rate_limited_until': 1514094286796, u'likes_remaining': 0, u'match': False}
Aww, it's not a match:(
name: Angie, id: 528c23c8a5e5b5cd700000d0
Napping for 0.033468 seconds...
	liking... {u'rate_limited_until': 1514094286796, u'likes_remaining': 0, u'match': False}
Aww, it's not a match:(
name: Jyleon, id: 58e7d53b40da15e162313cdf
Napping for 0.632362 seconds...
	liking... {u'rate_limited_until': 1514094286796, u'likes_remaining': 0, u'match': False}
Aww, it's not a match:(
name: AshleyMae, id: 55adfa09d51b4cd85f7d5aa5
Napping for 0.902140 seconds...
	liking... {u'rate_limited_until': 1514094286796, u'likes_remaining': 0, u'match': False}
Aww, it's not a match:(
name: Sindhura, id: 5a3dbe7500a7d7751d96775a
Napping for 0.165024 seconds...
	liking... {u'rate_limited_until': 1514094286796, u'likes_remaining': 0, u'match': False}
Aww, it's not a match:(
name: Zzzzz, id: 5a3e5cbf2788ab671ef05c7a
Napping for 0.282427 seconds...
	liking... {u'rate_limited_until': 1514094286796, u'likes_remaining': 0, u'match': False}
Aww, it's not a match:(
name: Mariella, id: 5a3d819de8dc17aa1e9b01fe
Napping for 0.764961 seconds...
	liking... {u'rate_limited_until': 1514094286796, u'likes_remaining': 0, u'match': False}
Aww, it's not a match:(
name: Chloe, id: 567f66b0b95d00207b2359c2
Napping for 0.452958 seconds...
	liking... {u'rate_limited_until': 1514094286796, u'likes_remaining': 0, u'match': False}
Aww, it's not a match:(
name: Sarah, id: 57a6943ccd09c3185f73c655
Napping for 1.161193 seconds...
	liking... {u'rate_limited_until': 1514094286796, u'likes_remaining': 0, u'match': False}
Aww, it's not a match:(
name: Brenda, id: 59b98856ad054f1910881ef6
Napping for 0.291177 seconds...
	liking... {u'rate_limited_until': 1514094286796, u'likes_remaining': 0, u'match': False}
Aww, it's not a match:(
name: Patrizia, id: 5a3d95ee958bba891e43eccf
Napping for 0.363820 seconds...
	liking... {u'rate_limited_until': 1514094286796, u'likes_remaining': 0, u'match': False}
Aww, it's not a match:(
name: Kristalyn, id: 55da531fc4b9d6346f0d783e
Napping for 0.017014 seconds...
	liking... {u'rate_limited_until': 1514094286796, u'likes_remaining': 0, u'match': False}
Aww, it's not a match:(
name: Jasmine, id: 5883f50e7055752e16d7978e
Napping for 0.445797 seconds...
	liking... {u'rate_limited_until': 1514094286796, u'likes_remaining': 0, u'match': False}
Aww, it's not a match:(
name: Foxx, id: 5a20e2ff5258acb14c2a2721
Napping for 0.322853 seconds...
	liking... {u'rate_limited_until': 1514094286796, u'likes_remaining': 0, u'match': False}
Aww, it's not a match:(
name: Lucinda, id: 59418be9fc43238a2ca412ee
Napping for 0.174103 seconds...
	liking... {u'rate_limited_until': 1514094286796, u'likes_remaining': 0, u'match': False}
Aww, it's not a match:(
name: Hadar, id: 5a2382467a77a8d70303bce3
Napping for 0.697815 seconds...
	liking... {u'rate_limited_until': 1514094286796, u'likes_remaining': 0, u'match': False}
Aww, it's not a match:(
name: Lisa, id: 5a3ddc2b199b629412d92b9a
Napping for 0.538632 seconds...
	liking... {u'rate_limited_until': 1514094286796, u'likes_remaining': 0, u'match': False}
Aww, it's not a match:(
name: AshleyMae, id: 55adfa09d51b4cd85f7d5aa5
Napping for 0.190641 seconds...
	liking... {u'rate_limited_until': 1514094286796, u'likes_remaining': 0, u'match': False}
Aww, it's not a match:(
name: Alexis, id: 59fb794fd19bf54f0c08d907
Napping for 0.663032 seconds...
	liking... {u'rate_limited_until': 1514094286796, u'likes_remaining': 0, u'match': False}
Aww, it's not a match:(
name: Rhicka-Joyce, id: 56747c47356c939e642efefe
Napping for 0.217343 seconds...
	liking... {u'rate_limited_until': 1514094286796, u'likes_remaining': 0, u'match': False}
Aww, it's not a match:(
name: Hannah, id: 529ff4e40d093acf040000fa
Napping for 1.082066 seconds...
	liking... {u'rate_limited_until': 1514094286796, u'likes_remaining': 0, u'match': False}
Aww, it's not a match:(
name: Vyvy, id: 575a05d5a16a460e0f4e80b8
Napping for 0.478694 seconds...
	liking... {u'rate_limited_until': 1514094286796, u'likes_remaining': 0, u'match': False}
Aww, it's not a match:(
name: Leeanne, id: 591f8195a59b56cd2bb2db86
Napping for 0.911305 seconds...
	liking... {u'rate_limited_until': 1514094286796, u'likes_remaining': 0, u'match': False}
Aww, it's not a match:(
name: Maddy, id: 523418404e2e7ac935000137
Napping for 0.060722 seconds...
	liking... {u'rate_limited_until': 1514094286796, u'likes_remaining': 0, u'match': False}
Aww, it's not a match:(
name: Stina, id: 5a3dadd72788ab671eefcca0
Napping for 0.268595 seconds...
	liking... {u'rate_limited_until': 1514094286796, u'likes_remaining': 0, u'match': False}
Aww, it's not a match:(
name: Merrill, id: 5721482f48372a371e5b89ea
Napping for 0.914409 seconds...
	liking... {u'rate_limited_until': 1514094286796, u'likes_remaining': 0, u'match': False}
Aww, it's not a match:(
name: Kendra, id: 5a3dc03156899e25259e4286
Napping for 0.066392 seconds...
	liking... {u'rate_limited_until': 1514094286796, u'likes_remaining': 0, u'match': False}
Aww, it's not a match:(
name: Lucia, id: 535cbd0ee653aac234003e45
Napping for 0.262841 seconds...
	liking... {u'rate_limited_until': 1514094286796, u'likes_remaining': 0, u'match': False}
Aww, it's not a match:(
name: Nicole, id: 5664998a013d0d096d7025f3
Napping for 0.543750 seconds...
	liking... {u'rate_limited_until': 1514094286796, u'likes_remaining': 0, u'match': False}
Aww, it's not a match:(
name: Vy, id: 573338a1bc8489873c8dca24
Napping for 0.177935 seconds...
	liking... {u'rate_limited_until': 1514094286796, u'likes_remaining': 0, u'match': False}
Aww, it's not a match:(
name: Ashley, id: 5a24ef49779f34267d305273
Napping for 0.843814 seconds...
	liking... {u'rate_limited_until': 1514094286796, u'likes_remaining': 0, u'match': False}
Aww, it's not a match:(
name: Laycie, id: 587452e21a6d36d76155bc40
Napping for 0.161101 seconds...
	liking... {u'rate_limited_until': 1514094286796, u'likes_remaining': 0, u'match': False}
Aww, it's not a match:(
name: AshleyMae, id: 55adfa09d51b4cd85f7d5aa5
Napping for 0.011390 seconds...
	liking... {u'rate_limited_until': 1514094286796, u'likes_remaining': 0, u'match': False}
Aww, it's not a match:(
name: Rebecca, id: 591d0951cee27fe448022828
Napping for 0.424159 seconds...
	liking... {u'rate_limited_until': 1514094286796, u'likes_remaining': 0, u'match': False}
Aww, it's not a match:(
name: Khailyn, id: 59ade17323ae8efb02234d91
Napping for 0.753743 seconds...
	liking... {u'rate_limited_until': 1514094286796, u'likes_remaining': 0, u'match': False}
Aww, it's not a match:(
name: Stefi, id: 5a3e6c3e2788ab671ef07073
Napping for 0.094572 seconds...
	liking... {u'rate_limited_until': 1514094286796, u'likes_remaining': 0, u'match': False}
Aww, it's not a match:(
name: Jessica, id: 5a3dc64d56899e25259e49d5
Napping for 0.674399 seconds...
	liking... {u'rate_limited_until': 1514094286796, u'likes_remaining': 0, u'match': False}
Aww, it's not a match:(
name: AshleyMae, id: 55adfa09d51b4cd85f7d5aa5
Napping for 1.073775 seconds...
	liking... {u'rate_limited_until': 1514094286796, u'likes_remaining': 0, u'match': False}
Aww, it's not a match:(
name: Elise, id: 59c369073d56b3bc35c2c239
Napping for 1.192877 seconds...
	liking... {u'rate_limited_until': 1514094286796, u'likes_remaining': 0, u'match': False}
Aww, it's not a match:(
name: Claire, id: 55cc3ca8e26cb74852b08917
Napping for 0.159303 seconds...
	liking... {u'rate_limited_until': 1514094286796, u'likes_remaining': 0, u'match': False}
Aww, it's not a match:(
name: Kayla, id: 599679b003af1ed72d2a4df3
Napping for 0.140035 seconds...
	liking... {u'rate_limited_until': 1514094286796, u'likes_remaining': 0, u'match': False}
Aww, it's not a match:(
name: An, id: 59c7508f6d8c20783d47908a
Napping for 1.101063 seconds...
	liking... {u'rate_limited_until': 1514094286796, u'likes_remaining': 0, u'match': False}
Aww, it's not a match:(
name: Lily, id: 572851aa57a5c9290e65b4d2
Napping for 0.283739 seconds...
	liking... {u'rate_limited_until': 1514094286796, u'likes_remaining': 0, u'match': False}
Aww, it's not a match:(
name: Emeline, id: 59fe740b644b6ced5a1b7bac
Napping for 0.865463 seconds...
	liking... {u'rate_limited_until': 1514094286796, u'likes_remaining': 0, u'match': False}
Aww, it's not a match:(
name: Cyrena, id: 5a3879779ab86a0f7f4c32d9
Napping for 0.065673 seconds...
	liking... {u'rate_limited_until': 1514094286796, u'likes_remaining': 0, u'match': False}
Aww, it's not a match:(
name: Yeny, id: 5954c0d6eb019c794a5f7b8d
Napping for 0.289401 seconds...
	liking... {u'rate_limited_until': 1514094286796, u'likes_remaining': 0, u'match': False}
Aww, it's not a match:(
name: Emmy, id: 59e454174094b87533e3f1a6
Napping for 1.077273 seconds...
	liking... {u'rate_limited_until': 1514094286796, u'likes_remaining': 0, u'match': False}
Aww, it's not a match:(
name: Brittni, id: 589e8f9322204a3416d90dab
Napping for 0.987593 seconds...
	liking... {u'rate_limited_until': 1514094286796, u'likes_remaining': 0, u'match': False}
Aww, it's not a match:(
name: Amanda, id: 533df1be87ef803e6c002b7b
Napping for 0.069342 seconds...
	liking... {u'rate_limited_until': 1514094286796, u'likes_remaining': 0, u'match': False}
Aww, it's not a match:(
name: Stephanie, id: 51187252d6a19bdd1000004e
Napping for 0.066910 seconds...
	liking... {u'rate_limited_until': 1514094286796, u'likes_remaining': 0, u'match': False}
Aww, it's not a match:(
name: Gaby, id: 5805503b970c6fe51027a74c
Napping for 0.279858 seconds...
	liking... {u'rate_limited_until': 1514094286796, u'likes_remaining': 0, u'match': False}
Aww, it's not a match:(
name: Jessica, id: 5576205bbd82eb4476affd13
Napping for 0.400718 seconds...
	liking... {u'rate_limited_until': 1514094286796, u'likes_remaining': 0, u'match': False}
Aww, it's not a match:(
name: Angie, id: 56fd67ef82c16bb75a49a1b8
Napping for 0.669134 seconds...
	liking... {u'rate_limited_until': 1514094286796, u'likes_remaining': 0, u'match': False}
Aww, it's not a match:(
name: AshleyMae, id: 55adfa09d51b4cd85f7d5aa5
Napping for 0.210142 seconds...
	liking... {u'rate_limited_until': 1514094286796, u'likes_remaining': 0, u'match': False}
Aww, it's not a match:(
name: Dani, id: 56ef2cd4a9448ace64915c00
Napping for 0.191235 seconds...
	liking... {u'rate_limited_until': 1514094286796, u'likes_remaining': 0, u'match': False}
Aww, it's not a match:(
name: Ceairra, id: 5a3d9a614584d1451e48dd5b
Napping for 0.883337 seconds...
	liking... {u'rate_limited_until': 1514094286796, u'likes_remaining': 0, u'match': False}
Aww, it's not a match:(
name: Ena, id: 58a6a55113953a564103a8d0
Napping for 0.095387 seconds...
	liking... {u'rate_limited_until': 1514094286796, u'likes_remaining': 0, u'match': False}
Aww, it's not a match:(
name: AshleyMae, id: 55adfa09d51b4cd85f7d5aa5
Napping for 0.421491 seconds...
	liking... {u'rate_limited_until': 1514094286796, u'likes_remaining': 0, u'match': False}
Aww, it's not a match:(
name: Emily, id: 586b25e2f406558e54420399
Napping for 1.178909 seconds...
	liking... {u'rate_limited_until': 1514094286796, u'likes_remaining': 0, u'match': False}
Aww, it's not a match:(
name: Krista, id: 5695c6ff28adac87596ea9a3
Napping for 0.796399 seconds...
	liking... {u'rate_limited_until': 1514094286796, u'likes_remaining': 0, u'match': False}
Aww, it's not a match:(
name: Jessica, id: 5a2f43fee49532900591d426
Napping for 0.905623 seconds...
	liking... {u'rate_limited_until': 1514094286796, u'likes_remaining': 0, u'match': False}
Aww, it's not a match:(
name: Nicole, id: 581c4df659ccfbcc14fd35bd
Napping for 0.323120 seconds...
	liking... {u'rate_limited_until': 1514094286796, u'likes_remaining': 0, u'match': False}
Aww, it's not a match:(
name: Lily, id: 59e675138f8b23787c4b780d
Napping for 0.112319 seconds...
	liking... {u'rate_limited_until': 1514094286796, u'likes_remaining': 0, u'match': False}
Aww, it's not a match:(
name: Jordan, id: 56e76b21ccc4ff7a487f67ba
Napping for 0.042518 seconds...
	liking... {u'rate_limited_until': 1514094286796, u'likes_remaining': 0, u'match': False}
Aww, it's not a match:(
name: Christina, id: 5358b3936eab00e2720051b3
Napping for 0.913005 seconds...
	liking... {u'rate_limited_until': 1514094286796, u'likes_remaining': 0, u'match': False}
Aww, it's not a match:(
name: Kelli, id: 5a2c310796f2b8b105c9d36e
Napping for 1.111372 seconds...
	liking... {u'rate_limited_until': 1514094286796, u'likes_remaining': 0, u'match': False}
Aww, it's not a match:(
name: Francesca, id: 59e7cc4caa6d127e5cff3eb0
Napping for 0.911699 seconds...
	liking... {u'rate_limited_until': 1514094286796, u'likes_remaining': 0, u'match': False}
Aww, it's not a match:(
name: AshleyMae, id: 55adfa09d51b4cd85f7d5aa5
Napping for 1.072971 seconds...
	liking... {u'rate_limited_until': 1514094286796, u'likes_remaining': 0, u'match': False}
Aww, it's not a match:(
name: Camille, id: 563821614d4decec3d3f3788
Napping for 0.820504 seconds...
	liking... {u'rate_limited_until': 1514094286796, u'likes_remaining': 0, u'match': False}
Aww, it's not a match:(
name: Sarah, id: 58aa36ef485cd95056b8b007
Napping for 0.766323 seconds...
	liking... {u'rate_limited_until': 1514094286796, u'likes_remaining': 0, u'match': False}
Aww, it's not a match:(
name: Simone, id: 5351398e9b0acfcf5c000685
Napping for 0.655523 seconds...
	liking... {u'rate_limited_until': 1514094286796, u'likes_remaining': 0, u'match': False}
Aww, it's not a match:(
name: AshleyMae, id: 55adfa09d51b4cd85f7d5aa5
Napping for 0.739071 seconds...
	liking... {u'rate_limited_until': 1514094286796, u'likes_remaining': 0, u'match': False}
Aww, it's not a match:(
name: Gual, id: 54fbae603b361cd508247ff5
Napping for 0.370025 seconds...
	liking... {u'rate_limited_until': 1514094286796, u'likes_remaining': 0, u'match': False}
Aww, it's not a match:(
name: Sydney, id: 59de65bdf5eb276334929e63
Napping for 0.519397 seconds...
	liking... {u'rate_limited_until': 1514094286796, u'likes_remaining': 0, u'match': False}
Aww, it's not a match:(
name: El, id: 59d404f8928a7e5870205767
Napping for 0.526240 seconds...
	liking... {u'rate_limited_until': 1514094286796, u'likes_remaining': 0, u'match': False}
Aww, it's not a match:(
name: AshleyMae, id: 55adfa09d51b4cd85f7d5aa5
Napping for 0.206595 seconds...
	liking... {u'rate_limited_until': 1514094286796, u'likes_remaining': 0, u'match': False}
Aww, it's not a match:(
name: Amelia, id: 5a26475cbc08658f77cfb9bc
Napping for 0.805695 seconds...
	liking... {u'rate_limited_until': 1514094286796, u'likes_remaining': 0, u'match': False}
Aww, it's not a match:(
name: Ysabela, id: 583bba2552e005104cdd1576
Napping for 0.949421 seconds...
	liking... {u'rate_limited_until': 1514094286796, u'likes_remaining': 0, u'match': False}
Aww, it's not a match:(
name: Ellie, id: 568b809619c1d5211cd30b70
Napping for 1.017377 seconds...
	liking... {u'rate_limited_until': 1514094286796, u'likes_remaining': 0, u'match': False}
Aww, it's not a match:(
name: Sabina, id: 5850cc2dcd967bab2a53eac1
Napping for 0.858428 seconds...
	liking... {u'rate_limited_until': 1514094286796, u'likes_remaining': 0, u'match': False}
Aww, it's not a match:(
name: Madeline, id: 5892c734eada19f404f0b0ef
Napping for 0.572565 seconds...
	liking... {u'rate_limited_until': 1514094286796, u'likes_remaining': 0, u'match': False}
Aww, it's not a match:(
name: Heather, id: 595d2c51c3b9991d73c9eb9c
Napping for 0.410745 seconds...
	liking... {u'rate_limited_until': 1514094286796, u'likes_remaining': 0, u'match': False}
Aww, it's not a match:(
name: Sophia, id: 5917eecc049d9d091ccfee1f
Napping for 0.169814 seconds...
	liking... {u'rate_limited_until': 1514094286796, u'likes_remaining': 0, u'match': False}
Aww, it's not a match:(
name: JoJo, id: 59379e82fc8b35b64b11318e
Napping for 0.114287 seconds...
	liking... {u'rate_limited_until': 1514094286796, u'likes_remaining': 0, u'match': False}
Aww, it's not a match:(
name: Emily, id: 592667ca1481bb0c7df91193
Napping for 0.338701 seconds...
	liking... {u'rate_limited_until': 1514094286796, u'likes_remaining': 0, u'match': False}
Aww, it's not a match:(
name: Amanda, id: 5957381f63be6d5d3720e2f5
Napping for 0.937909 seconds...
	liking... {u'rate_limited_until': 1514094286796, u'likes_remaining': 0, u'match': False}
Aww, it's not a match:(
name: Pooja, id: 5a3e9f6c56899e25259edfc6
Napping for 0.775083 seconds...
	liking... {u'rate_limited_until': 1514094286796, u'likes_remaining': 0, u'match': False}
Aww, it's not a match:(
name: Margaret, id: 57d44606f0db15456f5ff6a1
Napping for 1.129972 seconds...
	liking... {u'rate_limited_until': 1514094286796, u'likes_remaining': 0, u'match': False}
Aww, it's not a match:(
name: Vanessa, id: 57e88aa95da2f4e11d940611
Napping for 0.689936 seconds...
	liking... {u'rate_limited_until': 1514094286796, u'likes_remaining': 0, u'match': False}
Aww, it's not a match:(
name: Julie, id: 5a3b611d3b1a3e9257d61d11
Napping for 0.293688 seconds...
	liking... {u'rate_limited_until': 1514094286796, u'likes_remaining': 0, u'match': False}
Aww, it's not a match:(
name: Sofia, id: 5a3af5b7ebe5877d3233eba7
Napping for 0.239564 seconds...
	liking... {u'rate_limited_until': 1514094286796, u'likes_remaining': 0, u'match': False}
Aww, it's not a match:(
name: AshleyMae, id: 55adfa09d51b4cd85f7d5aa5
Napping for 0.118525 seconds...
	liking... {u'rate_limited_until': 1514094286796, u'likes_remaining': 0, u'match': False}
Aww, it's not a match:(
name: Swathi, id: 5a27a6eb8a1c1dea7c5e7a69
Napping for 0.374036 seconds...
	liking... {u'rate_limited_until': 1514094286796, u'likes_remaining': 0, u'match': False}
Aww, it's not a match:(
name: Lily, id: 5a3cdadac6de1ca3024b8a65
Napping for 0.234474 seconds...
	liking... {u'rate_limited_until': 1514094286796, u'likes_remaining': 0, u'match': False}
Aww, it's not a match:(
name: Andrea, id: 55d60f36e9905a133132dfea
Napping for 0.203591 seconds...
	liking... {u'rate_limited_until': 1514094286796, u'likes_remaining': 0, u'match': False}
Aww, it's not a match:(
name: Idara, id: 5a1cb3429b83dbe36f6d556c
Napping for 1.027421 seconds...
	liking... {u'rate_limited_until': 1514094286796, u'likes_remaining': 0, u'match': False}
Aww, it's not a match:(
name: Aileen, id: 54e07c2957a3c5164ccb3533
Napping for 0.800088 seconds...
	liking... {u'rate_limited_until': 1514094286796, u'likes_remaining': 0, u'match': False}
Aww, it's not a match:(
name: LaTanya, id: 5a3df9099e6f7d6925809cb0
Napping for 0.227474 seconds...
	liking... {u'rate_limited_until': 1514094286796, u'likes_remaining': 0, u'match': False}
Aww, it's not a match:(
name: Kaholi, id: 571d592baede1bf30d46c3f4
Napping for 1.124684 seconds...
	liking... {u'rate_limited_until': 1514094286796, u'likes_remaining': 0, u'match': False}
Aww, it's not a match:(
name: Maddie, id: 58d9ca35ef1e549c0b5e3a0a
Napping for 0.778877 seconds...
	liking... {u'rate_limited_until': 1514094286796, u'likes_remaining': 0, u'match': False}
Aww, it's not a match:(
name: AzizA, id: 5a36d92cf1d30c4c05587d78
Napping for 0.051659 seconds...
	liking... {u'rate_limited_until': 1514094286796, u'likes_remaining': 0, u'match': False}
Aww, it's not a match:(
name: AshleyMae, id: 55adfa09d51b4cd85f7d5aa5
Napping for 0.876752 seconds...
	liking... {u'rate_limited_until': 1514094286796, u'likes_remaining': 0, u'match': False}
Aww, it's not a match:(
name: Danielle, id: 5a3b6ed21d4418644c2e812c
Napping for 0.559017 seconds...
	liking... {u'rate_limited_until': 1514094286796, u'likes_remaining': 0, u'match': False}
Aww, it's not a match:(
name: Stella, id: 5889a7f31d40b4675f298a0f
Napping for 0.353701 seconds...
	liking... {u'rate_limited_until': 1514094286796, u'likes_remaining': 0, u'match': False}
Aww, it's not a match:(
name: Alyssa, id: 57ac0a29cb648d025e1c5843
Napping for 0.243693 seconds...
	liking... {u'rate_limited_until': 1514094286796, u'likes_remaining': 0, u'match': False}
Aww, it's not a match:(
name: Ashley, id: 5a39c34d21bcac2632cfe609
Napping for 0.521957 seconds...
	liking... {u'rate_limited_until': 1514094286796, u'likes_remaining': 0, u'match': False}
Aww, it's not a match:(
name: AshleyMae, id: 55adfa09d51b4cd85f7d5aa5
Napping for 0.485780 seconds...
	liking... {u'rate_limited_until': 1514094286796, u'likes_remaining': 0, u'match': False}
Aww, it's not a match:(
name: Monica, id: 530dc3ddc8c86fe0160003f8
Napping for 1.094750 seconds...
	liking... {u'rate_limited_until': 1514094286796, u'likes_remaining': 0, u'match': False}
Aww, it's not a match:(
name: Emily, id: 59f631bed6967c4b6ba72301
Napping for 1.070954 seconds...
	liking... {u'rate_limited_until': 1514094286796, u'likes_remaining': 0, u'match': False}
Aww, it's not a match:(
name: Navneet, id: 51eccd1de821afb76700000e
Napping for 0.865983 seconds...
	liking... {u'rate_limited_until': 1514094286796, u'likes_remaining': 0, u'match': False}
Aww, it's not a match:(
name: Vivars, id: 568220d30c2bd80648bfe01b
Napping for 0.213197 seconds...
	liking... {u'rate_limited_until': 1514094286796, u'likes_remaining': 0, u'match': False}
Aww, it's not a match:(
