You have been successfully authorized!
running main
likes remaining: 0
name: Yilia, id: 5a505a594a2e8d81437cd985
Napping for 0.781878 seconds...
	liking... {u'rate_limited_until': 1515488250823, u'likes_remaining': 0, u'match': False}
Aww, it's not a match:(
out of likes. Closing...
name: Nishi, id: 597d672c7e46873c447241d2
Napping for 0.764641 seconds...
	liking... {u'rate_limited_until': 1515488250823, u'likes_remaining': 0, u'match': False}
Aww, it's not a match:(
out of likes. Closing...
name: Nadia, id: 5a52bbeb2baf5f326afa2e52
Napping for 0.843505 seconds...
	liking... {u'rate_limited_until': 1515488250823, u'likes_remaining': 0, u'match': False}
Aww, it's not a match:(
out of likes. Closing...
name: Ashley, id: 5a478df400a7d7751d9c873c
Napping for 1.181881 seconds...
	liking... {u'rate_limited_until': 1515488250823, u'likes_remaining': 0, u'match': False}
Aww, it's not a match:(
out of likes. Closing...
name: Kayla, id: 5a4556be36e65f961d53a352
Napping for 0.301879 seconds...
	liking... {u'rate_limited_until': 1515488250823, u'likes_remaining': 0, u'match': False}
Aww, it's not a match:(
out of likes. Closing...
name: Cheyanne, id: 5a4058f39e6f7d6925823348
Napping for 0.954604 seconds...
	liking... {u'rate_limited_until': 1515488250823, u'likes_remaining': 0, u'match': False}
Aww, it's not a match:(
out of likes. Closing...
name: Melissa, id: 5a528c0a51f181756ad4fb11
Napping for 0.787539 seconds...
	liking... {u'rate_limited_until': 1515488250823, u'likes_remaining': 0, u'match': False}
Aww, it's not a match:(
out of likes. Closing...
name: Becca, id: 57376834d80d9e1512c74166
Napping for 0.306570 seconds...
	liking... {u'rate_limited_until': 1515488250823, u'likes_remaining': 0, u'match': False}
Aww, it's not a match:(
out of likes. Closing...
name: Samantha, id: 595410f90ae00bce6b7d9575
Napping for 0.845914 seconds...
	liking... {u'rate_limited_until': 1515488250823, u'likes_remaining': 0, u'match': False}
Aww, it's not a match:(
out of likes. Closing...
name: Leilani, id: 54153735d7afca1537e86f3f
Napping for 1.143036 seconds...
	liking... {u'rate_limited_until': 1515488250823, u'likes_remaining': 0, u'match': False}
Aww, it's not a match:(
out of likes. Closing...
name: Jessie, id: 59a560aad3a0b329200703b4
Napping for 0.071015 seconds...
	liking... {u'rate_limited_until': 1515488250823, u'likes_remaining': 0, u'match': False}
Aww, it's not a match:(
out of likes. Closing...
name: Shelby, id: 57c529295c5601c8434b6166
Napping for 0.124338 seconds...
	liking... {u'rate_limited_until': 1515488250823, u'likes_remaining': 0, u'match': False}
Aww, it's not a match:(
out of likes. Closing...
name: Andreya, id: 59d00802928a7e58701d2d1d
Napping for 0.303172 seconds...
	liking... {u'rate_limited_until': 1515488250823, u'likes_remaining': 0, u'match': False}
Aww, it's not a match:(
out of likes. Closing...
name: Supreitha, id: 5a510a778797be79366444a8
Napping for 0.724078 seconds...
	liking... {u'rate_limited_until': 1515488250823, u'likes_remaining': 0, u'match': False}
Aww, it's not a match:(
out of likes. Closing...
name: Stephanie, id: 5a508789e1c8852c44630f8a
Napping for 1.180797 seconds...
	liking... {u'rate_limited_until': 1515488250823, u'likes_remaining': 0, u'match': False}
Aww, it's not a match:(
out of likes. Closing...
name: Camila, id: 5165fdf44dd1296a0b000288
Napping for 0.968820 seconds...
	liking... {u'rate_limited_until': 1515488250823, u'likes_remaining': 0, u'match': False}
Aww, it's not a match:(
out of likes. Closing...
name: Sarah, id: 542db8ee293d3b720884a211
Napping for 0.529873 seconds...
	liking... {u'rate_limited_until': 1515488250823, u'likes_remaining': 0, u'match': False}
Aww, it's not a match:(
out of likes. Closing...
name: Jenna, id: 5a4db470f1bb1c65759d859b
Napping for 0.005143 seconds...
	liking... {u'rate_limited_until': 1515488250823, u'likes_remaining': 0, u'match': False}
Aww, it's not a match:(
out of likes. Closing...
name: Oshana, id: 5a515b5b2c2a6fa95a415149
Napping for 0.187231 seconds...
	liking... {u'rate_limited_until': 1515488250823, u'likes_remaining': 0, u'match': False}
Aww, it's not a match:(
out of likes. Closing...
name: Brooke, id: 5a4a71c236e65f961d5783c4
Napping for 0.730427 seconds...
	liking... {u'rate_limited_until': 1515488250823, u'likes_remaining': 0, u'match': False}
Aww, it's not a match:(
out of likes. Closing...
