You have been successfully authorized!
running main
likes remaining: 0
name: Leia, id: 54334213557bb72d1c5bb2a0
Napping for 1.027840 seconds...
	liking... {u'rate_limited_until': 1514228523437, u'likes_remaining': 0, u'match': False}
Aww, it's not a match:(
name: Veronica, id: 560d3e366955f0647d45877a
Napping for 0.919931 seconds...
	liking... {u'rate_limited_until': 1514228523437, u'likes_remaining': 0, u'match': False}
Aww, it's not a match:(
name: Carly, id: 575e1112077c37770ce6e71f
Napping for 0.765954 seconds...
	liking... {u'rate_limited_until': 1514228523437, u'likes_remaining': 0, u'match': False}
Aww, it's not a match:(
name: Lily, id: 5918faf591054c331c388bfd
Napping for 0.583633 seconds...
	liking... {u'rate_limited_until': 1514228523437, u'likes_remaining': 0, u'match': False}
Aww, it's not a match:(
name: Maria, id: 59545e12b70f1e266c1ae163
Napping for 1.011150 seconds...
	liking... {u'rate_limited_until': 1514228523437, u'likes_remaining': 0, u'match': False}
Aww, it's not a match:(
name: Casey, id: 59685407ab9bc5415e87bb5f
Napping for 0.421827 seconds...
	liking... {u'rate_limited_until': 1514228523437, u'likes_remaining': 0, u'match': False}
Aww, it's not a match:(
name: AshleyMae, id: 55adfa09d51b4cd85f7d5aa5
Napping for 0.388824 seconds...
	liking... {u'rate_limited_until': 1514228523437, u'likes_remaining': 0, u'match': False}
Aww, it's not a match:(
name: Brittani, id: 5520197aeef330a22062def3
Napping for 0.121352 seconds...
	liking... {u'rate_limited_until': 1514228523437, u'likes_remaining': 0, u'match': False}
Aww, it's not a match:(
name: Samantha, id: 53f3e31b87f4e8e361c547c9
Napping for 0.575478 seconds...
	liking... {u'rate_limited_until': 1514228523437, u'likes_remaining': 0, u'match': False}
Aww, it's not a match:(
name: Tiffany, id: 5998e409945d42a05c000759
Napping for 0.358259 seconds...
	liking... {u'rate_limited_until': 1514228523437, u'likes_remaining': 0, u'match': False}
Aww, it's not a match:(
name: Velma, id: 59de67de88bf50571519a5d0
Napping for 0.808433 seconds...
	liking... {u'rate_limited_until': 1514228523437, u'likes_remaining': 0, u'match': False}
Aww, it's not a match:(
name: Haley, id: 58ad41a85724cbbb0b2d6c10
Napping for 1.036314 seconds...
	liking... {u'rate_limited_until': 1514228523437, u'likes_remaining': 0, u'match': False}
Aww, it's not a match:(
name: AshleyMae, id: 55adfa09d51b4cd85f7d5aa5
Napping for 0.004861 seconds...
	liking... {u'rate_limited_until': 1514228523437, u'likes_remaining': 0, u'match': False}
Aww, it's not a match:(
name: Gabrielle, id: 552afbde7b7b355910134885
Napping for 0.260119 seconds...
	liking... {u'rate_limited_until': 1514228523437, u'likes_remaining': 0, u'match': False}
Aww, it's not a match:(
name: Kaitlyn, id: 55a22f36639ede1463bf83e1
Napping for 1.101581 seconds...
	liking... {u'rate_limited_until': 1514228523437, u'likes_remaining': 0, u'match': False}
Aww, it's not a match:(
name: Iris, id: 5a3bd4b39a742fe25e517dab
Napping for 1.151138 seconds...
	liking... {u'rate_limited_until': 1514228523437, u'likes_remaining': 0, u'match': False}
Aww, it's not a match:(
name: Kanika, id: 5787d9d52b3661847799e9b6
Napping for 0.351724 seconds...
	liking... {u'rate_limited_until': 1514228523437, u'likes_remaining': 0, u'match': False}
Aww, it's not a match:(
name: Skylar, id: 59efeead058c0d91605c9553
Napping for 1.103542 seconds...
	liking... {u'rate_limited_until': 1514228523437, u'likes_remaining': 0, u'match': False}
Aww, it's not a match:(
name: Bianca, id: 5a1e4173db01d9126da251ca
Napping for 0.584706 seconds...
	liking... {u'rate_limited_until': 1514228523437, u'likes_remaining': 0, u'match': False}
Aww, it's not a match:(
name: Audrey, id: 56580787bb56dc4133c2ca5c
Napping for 0.249572 seconds...
	liking... {u'rate_limited_until': 1514228523437, u'likes_remaining': 0, u'match': False}
Aww, it's not a match:(
name: AshleyMae, id: 55adfa09d51b4cd85f7d5aa5
Napping for 1.116913 seconds...
	liking... {u'rate_limited_until': 1514228523437, u'likes_remaining': 0, u'match': False}
Aww, it's not a match:(
name: Angela, id: 56e457665f898a7f4fdcf00d
Napping for 0.559028 seconds...
	liking... {u'rate_limited_until': 1514228523437, u'likes_remaining': 0, u'match': False}
Aww, it's not a match:(
name: Melody, id: 59a3d696646d298907cff3c7
Napping for 0.385507 seconds...
	liking... {u'rate_limited_until': 1514228523437, u'likes_remaining': 0, u'match': False}
Aww, it's not a match:(
name: Tanya, id: 5a1defdd9b83dbe36f6e3c8b
Napping for 1.013803 seconds...
	liking... {u'rate_limited_until': 1514228523437, u'likes_remaining': 0, u'match': False}
Aww, it's not a match:(
name: Alisa, id: 590979d3c2d7177d7929687d
Napping for 1.170042 seconds...
	liking... {u'rate_limited_until': 1514228523437, u'likes_remaining': 0, u'match': False}
Aww, it's not a match:(
name: Anuli, id: 56b4370a317690fe472f1b1f
Napping for 0.235210 seconds...
	liking... {u'rate_limited_until': 1514228523437, u'likes_remaining': 0, u'match': False}
Aww, it's not a match:(
name: Kaili, id: 59f3b86790fe59680c5f8628
Napping for 0.327467 seconds...
	liking... {u'rate_limited_until': 1514228523437, u'likes_remaining': 0, u'match': False}
Aww, it's not a match:(
name: Esther, id: 5a3ad45a539b43ea30717a96
Napping for 0.300670 seconds...
	liking... {u'rate_limited_until': 1514228523437, u'likes_remaining': 0, u'match': False}
Aww, it's not a match:(
name: Elie, id: 5a31ee4e5b39086f165ae98b
Napping for 0.847780 seconds...
	liking... {u'rate_limited_until': 1514228523437, u'likes_remaining': 0, u'match': False}
Aww, it's not a match:(
name: Mahati, id: 5a3e9d46aa9e1a4725cff994
Napping for 0.804674 seconds...
	liking... {u'rate_limited_until': 1514228523437, u'likes_remaining': 0, u'match': False}
Aww, it's not a match:(
name: Melanie, id: 53e86a239d85b41c2fdfe5f2
Napping for 1.141335 seconds...
	liking... {u'rate_limited_until': 1514228523437, u'likes_remaining': 0, u'match': False}
Aww, it's not a match:(
name: Michelle, id: 512ac498088d90f1290001f7
Napping for 0.068851 seconds...
	liking... {u'rate_limited_until': 1514228523437, u'likes_remaining': 0, u'match': False}
Aww, it's not a match:(
name: Ngoc, id: 56eb993acd4f942d23e6dbc7
Napping for 0.740128 seconds...
	liking... {u'rate_limited_until': 1514228523437, u'likes_remaining': 0, u'match': False}
Aww, it's not a match:(
name: Jenny, id: 59d97b412bc0cd2d261b0201
Napping for 0.236556 seconds...
	liking... {u'rate_limited_until': 1514228523437, u'likes_remaining': 0, u'match': False}
Aww, it's not a match:(
name: AshleyMae, id: 55adfa09d51b4cd85f7d5aa5
Napping for 0.531948 seconds...
	liking... {u'rate_limited_until': 1514228523437, u'likes_remaining': 0, u'match': False}
Aww, it's not a match:(
name: Natasha, id: 5921c5f0d72df30e4905d2be
Napping for 0.781783 seconds...
	liking... {u'rate_limited_until': 1514228523437, u'likes_remaining': 0, u'match': False}
Aww, it's not a match:(
name: Suzanne, id: 56f85681a2163e4673920466
Napping for 1.136365 seconds...
	liking... {u'rate_limited_until': 1514228523437, u'likes_remaining': 0, u'match': False}
Aww, it's not a match:(
name: Sarah, id: 595982aff64fff1e61562304
Napping for 0.125555 seconds...
	liking... {u'rate_limited_until': 1514228523437, u'likes_remaining': 0, u'match': False}
Aww, it's not a match:(
name: Kaylan, id: 54fb6e7e286cb9c107a86431
Napping for 0.578939 seconds...
	liking... {u'rate_limited_until': 1514228523437, u'likes_remaining': 0, u'match': False}
Aww, it's not a match:(
name: Sophia, id: 5a408c399e6f7d6925825256
Napping for 0.155421 seconds...
	liking... {u'rate_limited_until': 1514228523437, u'likes_remaining': 0, u'match': False}
Aww, it's not a match:(
name: Trishtine, id: 5a3eab13e8dc17aa1e9bc6c6
Napping for 0.418221 seconds...
	liking... {u'rate_limited_until': 1514228523437, u'likes_remaining': 0, u'match': False}
Aww, it's not a match:(
name: Angie, id: 528c23c8a5e5b5cd700000d0
Napping for 0.680058 seconds...
	liking... {u'rate_limited_until': 1514228523437, u'likes_remaining': 0, u'match': False}
Aww, it's not a match:(
name: Laycie, id: 587452e21a6d36d76155bc40
Napping for 0.026982 seconds...
	liking... {u'rate_limited_until': 1514228523437, u'likes_remaining': 0, u'match': False}
Aww, it's not a match:(
name: Juliette, id: 54f49764fcef394c016e4307
Napping for 1.131555 seconds...
	liking... {u'rate_limited_until': 1514228523437, u'likes_remaining': 0, u'match': False}
Aww, it's not a match:(
name: Diane, id: 5684c8b43492dcd16d5e0183
Napping for 0.253092 seconds...
	liking... {u'rate_limited_until': 1514228523437, u'likes_remaining': 0, u'match': False}
Aww, it's not a match:(
name: Kelli, id: 5a40a4445f165d72123548d7
Napping for 1.039305 seconds...
	liking... {u'rate_limited_until': 1514228523437, u'likes_remaining': 0, u'match': False}
Aww, it's not a match:(
name: Tessa, id: 512d12cbe859298011000762
Napping for 1.040264 seconds...
	liking... {u'rate_limited_until': 1514228523437, u'likes_remaining': 0, u'match': False}
Aww, it's not a match:(
name: AshleyMae, id: 55adfa09d51b4cd85f7d5aa5
Napping for 0.629151 seconds...
	liking... {u'rate_limited_until': 1514228523437, u'likes_remaining': 0, u'match': False}
Aww, it's not a match:(
name: Hadar, id: 5a2382467a77a8d70303bce3
Napping for 0.360820 seconds...
	liking... {u'rate_limited_until': 1514228523437, u'likes_remaining': 0, u'match': False}
Aww, it's not a match:(
name: Madai, id: 58e46aa381b1c4226309e05a
Napping for 0.077347 seconds...
	liking... {u'rate_limited_until': 1514228523437, u'likes_remaining': 0, u'match': False}
Aww, it's not a match:(
name: Tina, id: 5a3ee3a5eda0a18a254957ee
Napping for 0.396963 seconds...
	liking... {u'rate_limited_until': 1514228523437, u'likes_remaining': 0, u'match': False}
Aww, it's not a match:(
name: Riyana, id: 54657adccc524a540ed48d6e
Napping for 0.555819 seconds...
	liking... {u'rate_limited_until': 1514228523437, u'likes_remaining': 0, u'match': False}
Aww, it's not a match:(
name: Leeanne, id: 591f8195a59b56cd2bb2db86
Napping for 1.022331 seconds...
	liking... {u'rate_limited_until': 1514228523437, u'likes_remaining': 0, u'match': False}
Aww, it's not a match:(
name: Mary, id: 5a35f87335e2359116111456
Napping for 0.622456 seconds...
	liking... {u'rate_limited_until': 1514228523437, u'likes_remaining': 0, u'match': False}
Aww, it's not a match:(
name: Rachel, id: 5356c4d089773cbe6b0012b3
Napping for 0.533049 seconds...
	liking... {u'rate_limited_until': 1514228523437, u'likes_remaining': 0, u'match': False}
Aww, it's not a match:(
name: Patrizia, id: 5a3d95ee958bba891e43eccf
Napping for 0.284610 seconds...
	liking... {u'rate_limited_until': 1514228523437, u'likes_remaining': 0, u'match': False}
Aww, it's not a match:(
name: Hannah, id: 5a32f5b2c32aba580dad4695
Napping for 0.143995 seconds...
	liking... {u'rate_limited_until': 1514228523437, u'likes_remaining': 0, u'match': False}
Aww, it's not a match:(
name: AshleyMae, id: 55adfa09d51b4cd85f7d5aa5
Napping for 1.186160 seconds...
	liking... {u'rate_limited_until': 1514228523437, u'likes_remaining': 0, u'match': False}
Aww, it's not a match:(
name: Hannah, id: 529ff4e40d093acf040000fa
Napping for 0.131083 seconds...
	liking... {u'rate_limited_until': 1514228523437, u'likes_remaining': 0, u'match': False}
Aww, it's not a match:(
name: Stina, id: 5a3dadd72788ab671eefcca0
Napping for 0.483947 seconds...
	liking... {u'rate_limited_until': 1514228523437, u'likes_remaining': 0, u'match': False}
Aww, it's not a match:(
name: Jud, id: 59861b6d279e98504b0f738b
Napping for 0.092148 seconds...
	liking... {u'rate_limited_until': 1514228523437, u'likes_remaining': 0, u'match': False}
Aww, it's not a match:(
name: Emeline, id: 59fe740b644b6ced5a1b7bac
Napping for 1.008423 seconds...
	liking... {u'rate_limited_until': 1514228523437, u'likes_remaining': 0, u'match': False}
Aww, it's not a match:(
name: Savina, id: 5a397c97281c24a838308cc1
Napping for 0.400322 seconds...
	liking... {u'rate_limited_until': 1514228523437, u'likes_remaining': 0, u'match': False}
Aww, it's not a match:(
name: Jennifer, id: 5a3709ab7d0da8f30cdadf96
Napping for 0.354525 seconds...
	liking... {u'rate_limited_until': 1514228523437, u'likes_remaining': 0, u'match': False}
Aww, it's not a match:(
name: AshleyMae, id: 55adfa09d51b4cd85f7d5aa5
Napping for 0.675748 seconds...
	liking... {u'rate_limited_until': 1514228523437, u'likes_remaining': 0, u'match': False}
Aww, it's not a match:(
name: Amy, id: 595f08513b4614726121006e
Napping for 0.061822 seconds...
	liking... {u'rate_limited_until': 1514228523437, u'likes_remaining': 0, u'match': False}
Aww, it's not a match:(
name: Lucinda, id: 59418be9fc43238a2ca412ee
Napping for 0.990697 seconds...
	liking... {u'rate_limited_until': 1514228523437, u'likes_remaining': 0, u'match': False}
Aww, it's not a match:(
name: AshleyMae, id: 55adfa09d51b4cd85f7d5aa5
Napping for 0.351091 seconds...
	liking... {u'rate_limited_until': 1514228523437, u'likes_remaining': 0, u'match': False}
Aww, it's not a match:(
name: Angie, id: 56fd67ef82c16bb75a49a1b8
Napping for 0.676718 seconds...
	liking... {u'rate_limited_until': 1514228523437, u'likes_remaining': 0, u'match': False}
Aww, it's not a match:(
name: Sophie, id: 543ee70298fa0d791d90943e
Napping for 0.182119 seconds...
	liking... {u'rate_limited_until': 1514228523437, u'likes_remaining': 0, u'match': False}
Aww, it's not a match:(
name: Storrey, id: 53b8781ae632a5bd2fa9653b
Napping for 0.445613 seconds...
	liking... {u'rate_limited_until': 1514228523437, u'likes_remaining': 0, u'match': False}
Aww, it's not a match:(
name: Vy, id: 573338a1bc8489873c8dca24
Napping for 0.238387 seconds...
	liking... {u'rate_limited_until': 1514228523437, u'likes_remaining': 0, u'match': False}
Aww, it's not a match:(
name: Elle, id: 5a06331c4439b2380551753d
Napping for 0.574719 seconds...
	liking... {u'rate_limited_until': 1514228523437, u'likes_remaining': 0, u'match': False}
Aww, it's not a match:(
name: Merrill, id: 5721482f48372a371e5b89ea
Napping for 0.690708 seconds...
	liking... {u'rate_limited_until': 1514228523437, u'likes_remaining': 0, u'match': False}
Aww, it's not a match:(
name: Carolyn, id: 5451c7dca4cb482d4cbce42a
Napping for 0.466130 seconds...
	liking... {u'rate_limited_until': 1514228523437, u'likes_remaining': 0, u'match': False}
Aww, it's not a match:(
name: Kiran, id: 56da1e4bdb0a5f563d22aed1
Napping for 1.131725 seconds...
	liking... {u'rate_limited_until': 1514228523437, u'likes_remaining': 0, u'match': False}
Aww, it's not a match:(
name: Elise, id: 59c369073d56b3bc35c2c239
Napping for 0.324878 seconds...
	liking... {u'rate_limited_until': 1514228523437, u'likes_remaining': 0, u'match': False}
Aww, it's not a match:(
name: Doris, id: 5a407a0f9e6f7d69258246f9
Napping for 0.896272 seconds...
	liking... {u'rate_limited_until': 1514228523437, u'likes_remaining': 0, u'match': False}
Aww, it's not a match:(
name: Kate, id: 561aa716cc453b9069933996
Napping for 0.117858 seconds...
	liking... {u'rate_limited_until': 1514228523437, u'likes_remaining': 0, u'match': False}
Aww, it's not a match:(
name: Ashley, id: 5a24ef49779f34267d305273
Napping for 0.647304 seconds...
	liking... {u'rate_limited_until': 1514228523437, u'likes_remaining': 0, u'match': False}
Aww, it's not a match:(
name: AshleyMae, id: 55adfa09d51b4cd85f7d5aa5
Napping for 0.285862 seconds...
	liking... {u'rate_limited_until': 1514228523437, u'likes_remaining': 0, u'match': False}
Aww, it's not a match:(
name: Kelly, id: 58d87eaf181e9b020c0aed56
Napping for 1.018777 seconds...
	liking... {u'rate_limited_until': 1514228523437, u'likes_remaining': 0, u'match': False}
Aww, it's not a match:(
name: Sarah, id: 5a3f07212788ab671ef12755
Napping for 0.633723 seconds...
	liking... {u'rate_limited_until': 1514228523437, u'likes_remaining': 0, u'match': False}
Aww, it's not a match:(
name: Stephanie, id: 51187252d6a19bdd1000004e
Napping for 0.623231 seconds...
	liking... {u'rate_limited_until': 1514228523437, u'likes_remaining': 0, u'match': False}
Aww, it's not a match:(
name: Niki, id: 59e0f5bc1859d3de34518854
Napping for 0.229769 seconds...
	liking... {u'rate_limited_until': 1514228523437, u'likes_remaining': 0, u'match': False}
Aww, it's not a match:(
name: Jessica, id: 5a26f3fcd834171508707ea1
Napping for 0.970292 seconds...
	liking... {u'rate_limited_until': 1514228523437, u'likes_remaining': 0, u'match': False}
Aww, it's not a match:(
name: Neha, id: 5a3f371e56899e25259f36dd
Napping for 0.517219 seconds...
	liking... {u'rate_limited_until': 1514228523437, u'likes_remaining': 0, u'match': False}
Aww, it's not a match:(
name: Jemma, id: 57b7ed7e103919ec378613d3
Napping for 0.308481 seconds...
	liking... {u'rate_limited_until': 1514228523437, u'likes_remaining': 0, u'match': False}
Aww, it's not a match:(
name: Lily, id: 572851aa57a5c9290e65b4d2
Napping for 1.042255 seconds...
	liking... {u'rate_limited_until': 1514228523437, u'likes_remaining': 0, u'match': False}
Aww, it's not a match:(
name: Felicia, id: 530a2767692ab34f63000654
Napping for 1.044580 seconds...
	liking... {u'rate_limited_until': 1514228523437, u'likes_remaining': 0, u'match': False}
Aww, it's not a match:(
name: Natalie, id: 58d491b7ad10315e4c77eb96
Napping for 0.819819 seconds...
	liking... {u'rate_limited_until': 1514228523437, u'likes_remaining': 0, u'match': False}
Aww, it's not a match:(
name: Kathryn, id: 57cf1dbb2ed02ce072217c0b
Napping for 0.339974 seconds...
	liking... {u'rate_limited_until': 1514228523437, u'likes_remaining': 0, u'match': False}
Aww, it's not a match:(
name: Liz, id: 51244dd3b1ff882b15000b7b
Napping for 0.181764 seconds...
	liking... {u'rate_limited_until': 1514228523437, u'likes_remaining': 0, u'match': False}
Aww, it's not a match:(
name: Allison, id: 5a29c9bd0c57c2423078cbef
Napping for 0.262029 seconds...
	liking... {u'rate_limited_until': 1514228523437, u'likes_remaining': 0, u'match': False}
Aww, it's not a match:(
name: Stoner, id: 5a405b095f165d7212350e51
Napping for 0.592489 seconds...
	liking... {u'rate_limited_until': 1514228523437, u'likes_remaining': 0, u'match': False}
Aww, it's not a match:(
name: AshleyMae, id: 55adfa09d51b4cd85f7d5aa5
Napping for 0.298907 seconds...
	liking... {u'rate_limited_until': 1514228523437, u'likes_remaining': 0, u'match': False}
Aww, it's not a match:(
name: Ivory, id: 59dc4cdb88bf50571518026a
Napping for 0.126839 seconds...
	liking... {u'rate_limited_until': 1514228523437, u'likes_remaining': 0, u'match': False}
Aww, it's not a match:(
name: Kelly, id: 5918f45f7470355d1ca29f00
Napping for 0.638919 seconds...
	liking... {u'rate_limited_until': 1514228523437, u'likes_remaining': 0, u'match': False}
Aww, it's not a match:(
name: Rachel, id: 5850bab39c49a1ab4d53c1d7
Napping for 0.674254 seconds...
	liking... {u'rate_limited_until': 1514228523437, u'likes_remaining': 0, u'match': False}
Aww, it's not a match:(
name: Becca, id: 597392bda0dd2ba96d5eb594
Napping for 0.054481 seconds...
	liking... {u'rate_limited_until': 1514228523437, u'likes_remaining': 0, u'match': False}
Aww, it's not a match:(
name: Rosie, id: 5a3fbc0aeda0a18a2549bdcc
Napping for 0.846464 seconds...
	liking... {u'rate_limited_until': 1514228523437, u'likes_remaining': 0, u'match': False}
Aww, it's not a match:(
name: AshleyMae, id: 55adfa09d51b4cd85f7d5aa5
Napping for 0.001966 seconds...
	liking... {u'rate_limited_until': 1514228523437, u'likes_remaining': 0, u'match': False}
Aww, it's not a match:(
name: Stefi, id: 5a3e6c3e2788ab671ef07073
Napping for 0.834257 seconds...
	liking... {u'rate_limited_until': 1514228523437, u'likes_remaining': 0, u'match': False}
Aww, it's not a match:(
name: Erinn, id: 589d7910250f40e91abf50bd
Napping for 0.672564 seconds...
	liking... {u'rate_limited_until': 1514228523437, u'likes_remaining': 0, u'match': False}
Aww, it's not a match:(
name: Christina, id: 57942b99abf4dde50a48bf79
Napping for 1.149027 seconds...
	liking... {u'rate_limited_until': 1514228523437, u'likes_remaining': 0, u'match': False}
Aww, it's not a match:(
name: Maurelle, id: 59deec1888bf5057151a0e17
Napping for 0.569984 seconds...
	liking... {u'rate_limited_until': 1514228523437, u'likes_remaining': 0, u'match': False}
Aww, it's not a match:(
name: Avika, id: 57807144908259ca09166fe5
Napping for 0.222346 seconds...
	liking... {u'rate_limited_until': 1514228523437, u'likes_remaining': 0, u'match': False}
Aww, it's not a match:(
name: Test, id: 5a400c1a00a7d7751d97eb73
Napping for 0.664916 seconds...
	liking... {u'rate_limited_until': 1514228523437, u'likes_remaining': 0, u'match': False}
Aww, it's not a match:(
name: Nina, id: 52a3ee511744d7977e00092a
Napping for 1.025968 seconds...
	liking... {u'rate_limited_until': 1514228523437, u'likes_remaining': 0, u'match': False}
Aww, it's not a match:(
name: Kristin, id: 55f0ef8ed9f01e1a026f5e2e
Napping for 0.675999 seconds...
	liking... {u'rate_limited_until': 1514228523437, u'likes_remaining': 0, u'match': False}
Aww, it's not a match:(
name: Miss'e, id: 59aa056123ae8efb02208686
Napping for 0.698621 seconds...
	liking... {u'rate_limited_until': 1514228523437, u'likes_remaining': 0, u'match': False}
Aww, it's not a match:(
name: Natalie, id: 54af4583c7ea4aec699bc119
Napping for 0.167935 seconds...
	liking... {u'rate_limited_until': 1514228523437, u'likes_remaining': 0, u'match': False}
Aww, it's not a match:(
name: Sally, id: 59b89d0c451ee6103a48e283
Napping for 0.090858 seconds...
	liking... {u'rate_limited_until': 1514228523437, u'likes_remaining': 0, u'match': False}
Aww, it's not a match:(
name: Moni, id: 5a3f55f35f165d7212345ec7
Napping for 1.181768 seconds...
	liking... {u'rate_limited_until': 1514228523437, u'likes_remaining': 0, u'match': False}
Aww, it's not a match:(
name: Julia, id: 54963fd8a9063bc61229a79a
Napping for 0.719723 seconds...
	liking... {u'rate_limited_until': 1514228523437, u'likes_remaining': 0, u'match': False}
Aww, it's not a match:(
name: AshleyMae, id: 55adfa09d51b4cd85f7d5aa5
Napping for 0.231242 seconds...
	liking... {u'rate_limited_until': 1514228523437, u'likes_remaining': 0, u'match': False}
Aww, it's not a match:(
name: Julie, id: 5746acbf1d27d1e70c56c533
Napping for 0.351097 seconds...
	liking... {u'rate_limited_until': 1514228523437, u'likes_remaining': 0, u'match': False}
Aww, it's not a match:(
name: Dani, id: 531695ae630eae666f000017
Napping for 0.339331 seconds...
	liking... {u'rate_limited_until': 1514228523437, u'likes_remaining': 0, u'match': False}
Aww, it's not a match:(
name: Lilli, id: 5a1d23aaff59cbf76c228463
Napping for 0.319660 seconds...
	liking... {u'rate_limited_until': 1514228523437, u'likes_remaining': 0, u'match': False}
Aww, it's not a match:(
name: Pooja, id: 58efdcc17f2d571a0bd635a3
Napping for 0.687514 seconds...
	liking... {u'rate_limited_until': 1514228523437, u'likes_remaining': 0, u'match': False}
Aww, it's not a match:(
name: Leilani, id: 54153735d7afca1537e86f3f
Napping for 0.212826 seconds...
	liking... {u'rate_limited_until': 1514228523437, u'likes_remaining': 0, u'match': False}
Aww, it's not a match:(
name: Zoe, id: 545d8ce82f2422fe43f873d0
Napping for 0.715101 seconds...
	liking... {u'rate_limited_until': 1514228523437, u'likes_remaining': 0, u'match': False}
Aww, it's not a match:(
name: Nicole, id: 5664998a013d0d096d7025f3
Napping for 0.714744 seconds...
	liking... {u'rate_limited_until': 1514228523437, u'likes_remaining': 0, u'match': False}
Aww, it's not a match:(
name: Mathilde, id: 57dba26df27a30b9497610aa
Napping for 0.677566 seconds...
	liking... {u'rate_limited_until': 1514228523437, u'likes_remaining': 0, u'match': False}
Aww, it's not a match:(
name: Emily, id: 586b25e2f406558e54420399
Napping for 0.721200 seconds...
	liking... {u'rate_limited_until': 1514228523437, u'likes_remaining': 0, u'match': False}
Aww, it's not a match:(
name: El, id: 59d404f8928a7e5870205767
Napping for 1.048753 seconds...
	liking... {u'rate_limited_until': 1514228523437, u'likes_remaining': 0, u'match': False}
Aww, it's not a match:(
name: Nicole, id: 581c4df659ccfbcc14fd35bd
Napping for 0.335820 seconds...
	liking... {u'rate_limited_until': 1514228523437, u'likes_remaining': 0, u'match': False}
Aww, it's not a match:(
name: Kayla, id: 599606078418afff5cd644cd
Napping for 0.557616 seconds...
	liking... {u'rate_limited_until': 1514228523437, u'likes_remaining': 0, u'match': False}
Aww, it's not a match:(
name: Mady, id: 53d6c369fe89ca1725529624
Napping for 0.721350 seconds...
	liking... {u'rate_limited_until': 1514228523437, u'likes_remaining': 0, u'match': False}
Aww, it's not a match:(
name: Thuc, id: 57d212396da90c006ad1a218
Napping for 0.136021 seconds...
	liking... {u'rate_limited_until': 1514228523437, u'likes_remaining': 0, u'match': False}
Aww, it's not a match:(
name: AshleyMae, id: 55adfa09d51b4cd85f7d5aa5
Napping for 0.230813 seconds...
	liking... {u'rate_limited_until': 1514228523437, u'likes_remaining': 0, u'match': False}
Aww, it's not a match:(
name: Shaney, id: 59e8159aaa6d127e5cff6e20
Napping for 0.662540 seconds...
	liking... {u'rate_limited_until': 1514228523437, u'likes_remaining': 0, u'match': False}
Aww, it's not a match:(
name: Barry, id: 5a3df2fb4584d1451e4938ea
Napping for 0.286816 seconds...
	liking... {u'rate_limited_until': 1514228523437, u'likes_remaining': 0, u'match': False}
Aww, it's not a match:(
name: Caroline, id: 595df33c7dc2373c612b47c2
Napping for 0.833510 seconds...
	liking... {u'rate_limited_until': 1514228523437, u'likes_remaining': 0, u'match': False}
Aww, it's not a match:(
name: Stella, id: 5a40791f00a7d7751d983c3b
Napping for 0.347933 seconds...
	liking... {u'rate_limited_until': 1514228523437, u'likes_remaining': 0, u'match': False}
Aww, it's not a match:(
name: Vickie, id: 5a40811636e65f961d4f97b0
Napping for 0.487169 seconds...
	liking... {u'rate_limited_until': 1514228523437, u'likes_remaining': 0, u'match': False}
Aww, it's not a match:(
name: Anna, id: 53002c2e49f665793c005020
Napping for 0.162099 seconds...
	liking... {u'rate_limited_until': 1514228523437, u'likes_remaining': 0, u'match': False}
Aww, it's not a match:(
name: Nadine, id: 5424db07a20d44b510a2b98d
Napping for 0.960238 seconds...
	liking... {u'rate_limited_until': 1514228523437, u'likes_remaining': 0, u'match': False}
Aww, it's not a match:(
name: An, id: 59c7508f6d8c20783d47908a
Napping for 0.396580 seconds...
	liking... {u'rate_limited_until': 1514228523437, u'likes_remaining': 0, u'match': False}
Aww, it's not a match:(
name: Dani, id: 56ef2cd4a9448ace64915c00
Napping for 1.103581 seconds...
	liking... {u'rate_limited_until': 1514228523437, u'likes_remaining': 0, u'match': False}
Aww, it's not a match:(
name: AshleyMae, id: 55adfa09d51b4cd85f7d5aa5
Napping for 0.814266 seconds...
	liking... {u'rate_limited_until': 1514228523437, u'likes_remaining': 0, u'match': False}
Aww, it's not a match:(
name: Gaby, id: 5805503b970c6fe51027a74c
Napping for 0.661032 seconds...
	liking... {u'rate_limited_until': 1514228523437, u'likes_remaining': 0, u'match': False}
Aww, it's not a match:(
name: Shannon, id: 529b95449f0d0d015d000258
Napping for 0.054950 seconds...
	liking... {u'rate_limited_until': 1514228523437, u'likes_remaining': 0, u'match': False}
Aww, it's not a match:(
name: Deidre, id: 55a5fe2b740b994e79d803db
Napping for 0.619758 seconds...
	liking... {u'rate_limited_until': 1514228523437, u'likes_remaining': 0, u'match': False}
Aww, it's not a match:(
name: Louise, id: 5543942f6c413cda7165dca1
Napping for 0.907882 seconds...
	liking... {u'rate_limited_until': 1514228523437, u'likes_remaining': 0, u'match': False}
Aww, it's not a match:(
name: Madeline, id: 5892c734eada19f404f0b0ef
Napping for 0.384452 seconds...
	liking... {u'rate_limited_until': 1514228523437, u'likes_remaining': 0, u'match': False}
Aww, it's not a match:(
name: Alex, id: 59eb94e0b88423105d85b444
Napping for 0.474550 seconds...
	liking... {u'rate_limited_until': 1514228523437, u'likes_remaining': 0, u'match': False}
Aww, it's not a match:(
name: AshleyMae, id: 55adfa09d51b4cd85f7d5aa5
Napping for 0.135498 seconds...
	liking... {u'rate_limited_until': 1514228523437, u'likes_remaining': 0, u'match': False}
Aww, it's not a match:(
name: Opal, id: 5a2f4ce4e49532900591e09e
Napping for 0.091231 seconds...
	liking... {u'rate_limited_until': 1514228523437, u'likes_remaining': 0, u'match': False}
Aww, it's not a match:(
name: Brandi, id: 57c39d5fe73d13f56d3cbd30
Napping for 0.241176 seconds...
	liking... {u'rate_limited_until': 1514228523437, u'likes_remaining': 0, u'match': False}
Aww, it's not a match:(
name: Sarah, id: 5516020931abb715796949ab
Napping for 0.264301 seconds...
	liking... {u'rate_limited_until': 1514228523437, u'likes_remaining': 0, u'match': False}
Aww, it's not a match:(
name: Rhicka-Joyce, id: 56747c47356c939e642efefe
Napping for 0.618798 seconds...
	liking... {u'rate_limited_until': 1514228523437, u'likes_remaining': 0, u'match': False}
Aww, it's not a match:(
name: Elizabeth, id: 5a3572d7c32aba580daee6ce
Napping for 0.439195 seconds...
	liking... {u'rate_limited_until': 1514228523437, u'likes_remaining': 0, u'match': False}
Aww, it's not a match:(
name: Emilia, id: 59214d2294111638495336dd
Napping for 0.223974 seconds...
	liking... {u'rate_limited_until': 1514228523437, u'likes_remaining': 0, u'match': False}
Aww, it's not a match:(
name: Kaitlin, id: 5536c7a4d3028334779322b5
Napping for 0.712651 seconds...
	liking... {u'rate_limited_until': 1514228523437, u'likes_remaining': 0, u'match': False}
Aww, it's not a match:(
name: Megan, id: 59a1a64ba57fdfb607fcde25
Napping for 0.735092 seconds...
	liking... {u'rate_limited_until': 1514228523437, u'likes_remaining': 0, u'match': False}
Aww, it's not a match:(
name: Kelsey, id: 5994b197b4edcf9b7c6a92ce
Napping for 0.074963 seconds...
	liking... {u'rate_limited_until': 1514228523437, u'likes_remaining': 0, u'match': False}
Aww, it's not a match:(
name: Kayla, id: 599679b003af1ed72d2a4df3
Napping for 1.165847 seconds...
	liking... {u'rate_limited_until': 1514228523437, u'likes_remaining': 0, u'match': False}
Aww, it's not a match:(
name: Soo, id: 5a107ca0ae4955917fad7db6
Napping for 0.418774 seconds...
	liking... {u'rate_limited_until': 1514228523437, u'likes_remaining': 0, u'match': False}
Aww, it's not a match:(
name: Diana, id: 59aa1083804b5dcd02d7aaf5
Napping for 0.252207 seconds...
	liking... {u'rate_limited_until': 1514228523437, u'likes_remaining': 0, u'match': False}
Aww, it's not a match:(
name: Megan, id: 5a33e08835e2359116104426
Napping for 0.211389 seconds...
	liking... {u'rate_limited_until': 1514228523437, u'likes_remaining': 0, u'match': False}
Aww, it's not a match:(
name: AshleyMae, id: 55adfa09d51b4cd85f7d5aa5
Napping for 1.165838 seconds...
	liking... {u'rate_limited_until': 1514228523437, u'likes_remaining': 0, u'match': False}
Aww, it's not a match:(
name: Susan, id: 59ac4a1bf2728a2503db8551
Napping for 0.201538 seconds...
	liking... {u'rate_limited_until': 1514228523437, u'likes_remaining': 0, u'match': False}
Aww, it's not a match:(
name: Ysabela, id: 583bba2552e005104cdd1576
Napping for 0.719907 seconds...
	liking... {u'rate_limited_until': 1514228523437, u'likes_remaining': 0, u'match': False}
Aww, it's not a match:(
name: Jade, id: 55d9cbf0854bcfe44bd96764
Napping for 0.147234 seconds...
	liking... {u'rate_limited_until': 1514228523437, u'likes_remaining': 0, u'match': False}
Aww, it's not a match:(
name: Audrey, id: 50ea2b4852b0798c72000dbb
Napping for 1.100834 seconds...
	liking... {u'rate_limited_until': 1514228523437, u'likes_remaining': 0, u'match': False}
Aww, it's not a match:(
name: Lisa, id: 5a3ddc2b199b629412d92b9a
Napping for 0.492357 seconds...
	liking... {u'rate_limited_until': 1514228523437, u'likes_remaining': 0, u'match': False}
Aww, it's not a match:(
name: Melissa, id: 5a3ed16eeda0a18a25494ae6
Napping for 0.104413 seconds...
	liking... {u'rate_limited_until': 1514228523437, u'likes_remaining': 0, u'match': False}
Aww, it's not a match:(
name: Jessica, id: 5a3dc81c9e6f7d69258078d4
Napping for 1.159446 seconds...
	liking... {u'rate_limited_until': 1514228523437, u'likes_remaining': 0, u'match': False}
Aww, it's not a match:(
name: Rebecca, id: 591d0951cee27fe448022828
Napping for 0.718909 seconds...
	liking... {u'rate_limited_until': 1514228523437, u'likes_remaining': 0, u'match': False}
Aww, it's not a match:(
name: Susannah, id: 55e1f08b51d8b9841d9d1c63
Napping for 0.073335 seconds...
	liking... {u'rate_limited_until': 1514228523437, u'likes_remaining': 0, u'match': False}
Aww, it's not a match:(
name: Christina, id: 58e4b9277e977d1869590df9
Napping for 0.974571 seconds...
	liking... {u'rate_limited_until': 1514228523437, u'likes_remaining': 0, u'match': False}
Aww, it's not a match:(
name: Zzzzz, id: 5a3e5cbf2788ab671ef05c7a
Napping for 0.876672 seconds...
	liking... {u'rate_limited_until': 1514228523437, u'likes_remaining': 0, u'match': False}
Aww, it's not a match:(
name: AshleyMae, id: 55adfa09d51b4cd85f7d5aa5
Napping for 0.357648 seconds...
	liking... {u'rate_limited_until': 1514228523437, u'likes_remaining': 0, u'match': False}
Aww, it's not a match:(
name: Ceairra, id: 5a3d9a614584d1451e48dd5b
Napping for 0.874516 seconds...
	liking... {u'rate_limited_until': 1514228523437, u'likes_remaining': 0, u'match': False}
Aww, it's not a match:(
name: Sindhura, id: 5a3dbe7500a7d7751d96775a
Napping for 0.121628 seconds...
	liking... {u'rate_limited_until': 1514228523437, u'likes_remaining': 0, u'match': False}
Aww, it's not a match:(
name: AshleyMae, id: 55adfa09d51b4cd85f7d5aa5
Napping for 0.282597 seconds...
	liking... {u'rate_limited_until': 1514228523437, u'likes_remaining': 0, u'match': False}
Aww, it's not a match:(
name: Lily, id: 5918faf591054c331c388bfd
Napping for 0.012229 seconds...
	liking... {u'rate_limited_until': 1514228523437, u'likes_remaining': 0, u'match': False}
Aww, it's not a match:(
name: Alice, id: 53b8d0349e545277176e5ed1
Napping for 0.902656 seconds...
	liking... {u'rate_limited_until': 1514228523437, u'likes_remaining': 0, u'match': False}
Aww, it's not a match:(
name: Brenda, id: 59b98856ad054f1910881ef6
Napping for 0.135870 seconds...
	liking... {u'rate_limited_until': 1514228523437, u'likes_remaining': 0, u'match': False}
Aww, it's not a match:(
name: Kimiya, id: 597cd56f7e46873c4471c76f
Napping for 0.611468 seconds...
	liking... {u'rate_limited_until': 1514228523437, u'likes_remaining': 0, u'match': False}
Aww, it's not a match:(
name: Cyrena, id: 5a3879779ab86a0f7f4c32d9
Napping for 0.180798 seconds...
	liking... {u'rate_limited_until': 1514228523437, u'likes_remaining': 0, u'match': False}
Aww, it's not a match:(
name: Maddy, id: 523418404e2e7ac935000137
Napping for 1.091690 seconds...
	liking... {u'rate_limited_until': 1514228523437, u'likes_remaining': 0, u'match': False}
Aww, it's not a match:(
name: Foxx, id: 5a20e2ff5258acb14c2a2721
Napping for 0.633028 seconds...
	liking... {u'rate_limited_until': 1514228523437, u'likes_remaining': 0, u'match': False}
Aww, it's not a match:(
name: Jasmine, id: 5883f50e7055752e16d7978e
Napping for 0.884512 seconds...
	liking... {u'rate_limited_until': 1514228523437, u'likes_remaining': 0, u'match': False}
Aww, it's not a match:(
name: Max, id: 5a3ddbeb36e65f961d4e4b31
Napping for 0.577500 seconds...
	liking... {u'rate_limited_until': 1514228523437, u'likes_remaining': 0, u'match': False}
Aww, it's not a match:(
name: Kendra, id: 5a3dc03156899e25259e4286
Napping for 0.612680 seconds...
	liking... {u'rate_limited_until': 1514228523437, u'likes_remaining': 0, u'match': False}
Aww, it's not a match:(
name: Jessica, id: 5576205bbd82eb4476affd13
Napping for 0.565538 seconds...
	liking... {u'rate_limited_until': 1514228523437, u'likes_remaining': 0, u'match': False}
Aww, it's not a match:(
name: Jessica, id: 5a3dc64d56899e25259e49d5
Napping for 0.684006 seconds...
	liking... {u'rate_limited_until': 1514228523437, u'likes_remaining': 0, u'match': False}
Aww, it's not a match:(
name: Amanda, id: 533df1be87ef803e6c002b7b
Napping for 1.076685 seconds...
	liking... {u'rate_limited_until': 1514228523437, u'likes_remaining': 0, u'match': False}
Aww, it's not a match:(
name: Francesca, id: 59e7cc4caa6d127e5cff3eb0
Napping for 0.869112 seconds...
	liking... {u'rate_limited_until': 1514228523437, u'likes_remaining': 0, u'match': False}
Aww, it's not a match:(
name: AshleyMae, id: 55adfa09d51b4cd85f7d5aa5
Napping for 0.941751 seconds...
	liking... {u'rate_limited_until': 1514228523437, u'likes_remaining': 0, u'match': False}
Aww, it's not a match:(
name: Brittni, id: 589e8f9322204a3416d90dab
Napping for 0.518454 seconds...
	liking... {u'rate_limited_until': 1514228523437, u'likes_remaining': 0, u'match': False}
Aww, it's not a match:(
name: Emmy, id: 59e454174094b87533e3f1a6
Napping for 1.188457 seconds...
	liking... {u'rate_limited_until': 1514228523437, u'likes_remaining': 0, u'match': False}
Aww, it's not a match:(
name: Claire, id: 55cc3ca8e26cb74852b08917
Napping for 0.764751 seconds...
	liking... {u'rate_limited_until': 1514228523437, u'likes_remaining': 0, u'match': False}
Aww, it's not a match:(
name: Ena, id: 58a6a55113953a564103a8d0
Napping for 0.980294 seconds...
	liking... {u'rate_limited_until': 1514228523437, u'likes_remaining': 0, u'match': False}
Aww, it's not a match:(
name: Sarah, id: 58aa36ef485cd95056b8b007
Napping for 0.042400 seconds...
	liking... {u'rate_limited_until': 1514228523437, u'likes_remaining': 0, u'match': False}
Aww, it's not a match:(
name: Sydney, id: 59de65bdf5eb276334929e63
Napping for 0.597913 seconds...
	liking... {u'rate_limited_until': 1514228523437, u'likes_remaining': 0, u'match': False}
Aww, it's not a match:(
name: Ellie, id: 568b809619c1d5211cd30b70
Napping for 0.420232 seconds...
	liking... {u'rate_limited_until': 1514228523437, u'likes_remaining': 0, u'match': False}
Aww, it's not a match:(
name: AshleyMae, id: 55adfa09d51b4cd85f7d5aa5
Napping for 0.982743 seconds...
	liking... {u'rate_limited_until': 1514228523437, u'likes_remaining': 0, u'match': False}
Aww, it's not a match:(
name: Katie, id: 52573ae4e34062407f0004c8
Napping for 0.994351 seconds...
	liking... {u'rate_limited_until': 1514228523437, u'likes_remaining': 0, u'match': False}
Aww, it's not a match:(
name: Amelia, id: 5a26475cbc08658f77cfb9bc
Napping for 0.781796 seconds...
	liking... {u'rate_limited_until': 1514228523437, u'likes_remaining': 0, u'match': False}
Aww, it's not a match:(
