You have been successfully authorized!
running main
likes remaining: 100
name: Marissa, id: 592f99dad371f1c36fd9f49f
Napping for 0.756607 seconds...
	liking... {u'likes_remaining': 100, u'match': False}
Aww, it's not a match:(
name: Katerine, id: 55f20cf9e6c36eb57c3b7038
Napping for 0.187708 seconds...
	liking... {u'likes_remaining': 100, u'match': False}
Aww, it's not a match:(
name: Audrey, id: 52ca2416a439dc17440016c2
Napping for 0.522249 seconds...
	liking... {u'likes_remaining': 100, u'match': False}
Aww, it's not a match:(
name: Jessica, id: 5a5d24950d6e7a0a1ab4fc7e
Napping for 1.070154 seconds...
	liking... {u'likes_remaining': 100, u'match': False}
Aww, it's not a match:(
name: Reyna, id: 58a5031646344b762895926b
Napping for 0.565533 seconds...
	liking... {u'likes_remaining': 100, u'match': False}
Aww, it's not a match:(
name: Tanya, id: 5966d659ff05db8c34cd87f5
Napping for 0.948511 seconds...
	liking... {u'likes_remaining': 100, u'match': False}
Aww, it's not a match:(
name: Paulina Marie, id: 5a5daaba037399d726a52d24
Napping for 0.691877 seconds...
	liking... {u'likes_remaining': 100, u'match': False}
Aww, it's not a match:(
name: Brianna, id: 575d5d80235c75c3176402d6
Napping for 0.809061 seconds...
	liking... {u'likes_remaining': 100, u'match': False}
Aww, it's not a match:(
name: Adrienne, id: 520ec82b9298da357b00008e
Napping for 0.591194 seconds...
	liking... {u'likes_remaining': 100, u'match': False}
Aww, it's not a match:(
name: Rachel, id: 53a7433cba62d9f06229d437
Napping for 0.466910 seconds...
	liking... {u'likes_remaining': 100, u'match': False}
Aww, it's not a match:(
name: Kelly, id: 57a191d7b111552d317a1474
Napping for 0.836842 seconds...
	liking... {u'likes_remaining': 100, u'match': False}
Aww, it's not a match:(
name: Megan, id: 548aaae5c2bd0caf1309e274
Napping for 1.024340 seconds...
	liking... {u'likes_remaining': 100, u'match': False}
Aww, it's not a match:(
name: Morgan, id: 59d9791c12e661964bf9c8d0
Napping for 0.944339 seconds...
	liking... {u'likes_remaining': 100, u'match': False}
Aww, it's not a match:(
name: Danyelle, id: 5a3176672f46971c10546849
Napping for 0.034516 seconds...
	liking... {u'likes_remaining': 100, u'match': False}
Aww, it's not a match:(
name: Anna, id: 595b37aefa14850173aa5942
Napping for 1.192549 seconds...
	liking... {u'likes_remaining': 100, u'match': False}
Aww, it's not a match:(
name: Adrienne, id: 53002ed839702fe43d008b6a
Napping for 0.495542 seconds...
	liking... {u'likes_remaining': 100, u'match': False}
Aww, it's not a match:(
name: Lizzy, id: 56c0f6efc5a9607629ed5e9f
Napping for 0.741998 seconds...
	liking... {u'likes_remaining': 100, u'match': False}
Aww, it's not a match:(
name: Katelyn, id: 55b3c91b7e040a1807d21286
Napping for 1.013828 seconds...
	liking... {u'likes_remaining': 100, u'match': False}
Aww, it's not a match:(
name: Beth Ann, id: 537c992908b274ea7e916731
Napping for 1.011525 seconds...
	liking... {u'likes_remaining': 100, u'match': False}
Aww, it's not a match:(
name: Diksha, id: 5a45b8bcaa9e1a4725d3e7f1
Napping for 0.130911 seconds...
	liking... {u'likes_remaining': 100, u'match': False}
Aww, it's not a match:(
name: Victoria, id: 587dfba1f1dbd8920a1bb1c3
Napping for 0.338558 seconds...
	liking... {u'likes_remaining': 100, u'match': False}
Aww, it's not a match:(
name: Laura, id: 59e2a4ca1859d3de3452b673
Napping for 0.681055 seconds...
	liking... {u'likes_remaining': 100, u'match': False}
Aww, it's not a match:(
name: Molly, id: 596448acfe142bc57229eae7
Napping for 0.856873 seconds...
	liking... {u'likes_remaining': 100, u'match': False}
Aww, it's not a match:(
name: Amanda, id: 55769f1f05d64c404d602559
Napping for 1.055767 seconds...
	liking... {u'likes_remaining': 100, u'match': False}
Aww, it's not a match:(
name: Justine, id: 5a61b66512d5a9307a7159d2
Napping for 1.166046 seconds...
	liking... {u'likes_remaining': 100, u'match': False}
Aww, it's not a match:(
name: Janelle, id: 59d2fec5928a7e58701f911b
Napping for 0.973474 seconds...
	liking... {u'likes_remaining': 100, u'match': False}
Aww, it's not a match:(
name: Eliza, id: 56a9d676221bc79f2d17b89b
Napping for 0.329285 seconds...
	liking... {u'likes_remaining': 100, u'match': False}
Aww, it's not a match:(
name: Ariana, id: 5a6222b9ccdbb77535124672
Napping for 0.360008 seconds...
	liking... {u'likes_remaining': 100, u'match': False}
Aww, it's not a match:(
name: Wiktoria, id: 56fbb2fe49d9c6f7791580b1
Napping for 0.133914 seconds...
	liking... {u'likes_remaining': 100, u'match': False}
Aww, it's not a match:(
name: Aleksandra, id: 57ba52c2a7612ab10aec6855
Napping for 0.936996 seconds...
	liking... {u'likes_remaining': 100, u'match': False}
Aww, it's not a match:(
name: Tri, id: 5a61ea40ab67b94d4619e2d4
Napping for 0.283093 seconds...
	liking... {u'likes_remaining': 100, u'match': False}
Aww, it's not a match:(
name: Nancy, id: 5a61f616ab67b94d4619f5fb
Napping for 0.826194 seconds...
	liking... {u'likes_remaining': 100, u'match': False}
Aww, it's not a match:(
name: Elizabeth, id: 59b47b4e30d8cd8b3ca78529
Napping for 0.821956 seconds...
	liking... {u'likes_remaining': 100, u'match': False}
Aww, it's not a match:(
name: Gurpreet, id: 5a619a969b04dca409c5f8bc
Napping for 0.284485 seconds...
	liking... {u'likes_remaining': 100, u'match': False}
Aww, it's not a match:(
name: Susana, id: 5a6197153b822f010a3bc18c
Napping for 1.136625 seconds...
	liking... {u'likes_remaining': 100, u'match': False}
Aww, it's not a match:(
name: Aurea, id: 5a61b90218931c8a7aac9c21
Napping for 1.170565 seconds...
	liking... {u'likes_remaining': 100, u'match': False}
Aww, it's not a match:(
name: Elizabeth, id: 5514c69767bc18a7107e179e
Napping for 1.172276 seconds...
	liking... {u'likes_remaining': 100, u'match': False}
Aww, it's not a match:(
name: Karla, id: 5a61946429b40bd7096790e0
Napping for 0.523862 seconds...
	liking... {u'likes_remaining': 100, u'match': False}
Aww, it's not a match:(
name: Jamie, id: 583c681e17ca16ba5d3f7eeb
Napping for 0.472683 seconds...
	liking... {u'likes_remaining': 100, u'match': False}
Aww, it's not a match:(
name: Sara, id: 5816aab60575d90a348908a8
Napping for 1.145111 seconds...
	liking... {u'likes_remaining': 100, u'match': False}
Aww, it's not a match:(
name: Barbara, id: 5980289568a2c28a5f02e4cd
Napping for 0.101005 seconds...
	liking... {u'likes_remaining': 100, u'match': False}
Aww, it's not a match:(
name: Julia, id: 5a61a1c39b04dca409c5fdca
Napping for 0.571190 seconds...
	liking... {u'likes_remaining': 100, u'match': False}
Aww, it's not a match:(
name: Julia, id: 58ec486d4579bc6b5d409947
Napping for 0.444205 seconds...
	liking... {u'likes_remaining': 100, u'match': False}
Aww, it's not a match:(
name: Serina, id: 5a61cb48b18e735b66aa3d73
Napping for 0.292232 seconds...
	liking... {u'likes_remaining': 100, u'match': False}
Aww, it's not a match:(
name: Alejandra, id: 597440cb31bfe0d251da36ef
Napping for 0.353508 seconds...
	liking... {u'likes_remaining': 100, u'match': False}
Aww, it's not a match:(
name: Josie, id: 5437678f331391d7258e7922
Napping for 1.086652 seconds...
	liking... {u'likes_remaining': 100, u'match': False}
Aww, it's not a match:(
name: Melissa, id: 55edc6ede52426585d6d2de2
Napping for 0.687413 seconds...
	liking... {u'likes_remaining': 100, u'match': False}
Aww, it's not a match:(
name: Sarah, id: 5a61ad5212d5a9307a7150d0
Napping for 0.319560 seconds...
	liking... {u'likes_remaining': 100, u'match': False}
Aww, it's not a match:(
name: Connie, id: 561ef1b7cd5b8054381c5e77
Napping for 0.537809 seconds...
	liking... {u'likes_remaining': 100, u'match': False}
Aww, it's not a match:(
name: Karen, id: 5900811378acdde84256b926
Napping for 0.677476 seconds...
	liking... {u'likes_remaining': 100, u'match': False}
Aww, it's not a match:(
name: Jess, id: 5a61c1c38b067109446d1ca8
Napping for 0.580871 seconds...
	liking... {u'likes_remaining': 100, u'match': False}
Aww, it's not a match:(
name: Jocelyn, id: 59533502a467e21a57b1baa8
Napping for 0.752577 seconds...
	liking... {u'likes_remaining': 100, u'match': False}
Aww, it's not a match:(
name: Shyna, id: 52009ea56991889f2b0001cd
Napping for 1.023251 seconds...
	liking... {u'likes_remaining': 100, u'match': False}
Aww, it's not a match:(
name: Savannah, id: 5a61af4d9b04dca409c6057b
Napping for 1.112035 seconds...
	liking... {u'likes_remaining': 100, u'match': False}
Aww, it's not a match:(
name: Hazel, id: 5a4dc0ac7c524bce02e4d149
Napping for 0.015091 seconds...
	liking... {u'likes_remaining': 100, u'match': False}
Aww, it's not a match:(
name: Amy, id: 5441ebcc4d7e9db11ce07e60
Napping for 0.909443 seconds...
	liking... {u'likes_remaining': 100, u'match': False}
Aww, it's not a match:(
name: Aurea, id: 5a61b90218931c8a7aac9c21
Napping for 0.924318 seconds...
	liking... {u'likes_remaining': 100, u'match': False}
Aww, it's not a match:(
name: Salina, id: 5a24c6b73a4ba15808185bb5
Napping for 0.184897 seconds...
	liking... {u'likes_remaining': 100, u'match': False}
Aww, it's not a match:(
name: Justine, id: 5a61b66512d5a9307a7159d2
Napping for 0.197745 seconds...
	liking... {u'likes_remaining': 100, u'match': False}
Aww, it's not a match:(
name: Juliana, id: 59868b343c99f19c4bcde57e
Napping for 1.004691 seconds...
	liking... {u'likes_remaining': 100, u'match': False}
Aww, it's not a match:(
name: Eva-YiFan, id: 5a61b16812d5a9307a71561f
Napping for 0.731936 seconds...
	liking... {u'likes_remaining': 100, u'match': False}
Aww, it's not a match:(
name: Roxanne, id: 594737a9d8b77a1d2ad98648
Napping for 1.096473 seconds...
	liking... {u'likes_remaining': 100, u'match': False}
Aww, it's not a match:(
name: Janet, id: 59ce07fa7eae477b3ea0cd35
Napping for 0.162020 seconds...
	liking... {u'likes_remaining': 100, u'match': False}
Aww, it's not a match:(
name: Sneha, id: 5362aa820185423231001459
Napping for 0.379304 seconds...
	liking... {u'likes_remaining': 100, u'match': False}
Aww, it's not a match:(
name: throws UnicodeDecodeError so I cannot say, id: 596d0a4acb33e67934234841
UnicodeDecodeError: 'ascii' codec can't decode byte 0xc3 in position 4: ordinal not in range(128)
Napping for 0.106421 seconds...
	liking... {u'likes_remaining': 100, u'match': False}
Aww, it's not a match:(
name: Vanessa, id: 5a5ee016bf6920e327c38bd3
Napping for 0.725745 seconds...
	liking... {u'likes_remaining': 100, u'match': False}
Aww, it's not a match:(
name: Ebelyn, id: 5a61a22f29b40bd70967a2b8
Napping for 0.148566 seconds...
	liking... {u'likes_remaining': 100, u'match': False}
Aww, it's not a match:(
name: Line, id: 5963f00dfe142bc57229a7fc
Napping for 0.405738 seconds...
	liking... {u'likes_remaining': 100, u'match': False}
Aww, it's not a match:(
name: Grace, id: 5588f75bb11fa5920fdd1105
Napping for 0.263465 seconds...
	liking... {u'likes_remaining': 100, u'match': False}
Aww, it's not a match:(
name: Ariana, id: 5a61862b12d5a9307a711e5b
Napping for 0.068788 seconds...
	liking... {u'likes_remaining': 100, u'match': False}
Aww, it's not a match:(
name: Diana, id: 5a6177ca3bc66c992a01cef3
Napping for 0.215849 seconds...
	liking... {u'likes_remaining': 100, u'match': False}
Aww, it's not a match:(
name: Laytyn, id: 55a4cda633aafe3b182de437
Napping for 0.371875 seconds...
	liking... {u'likes_remaining': 100, u'match': False}
Aww, it's not a match:(
name: Camille, id: 5a61465639aa4bc32a067b50
Napping for 0.674560 seconds...
	liking... {u'likes_remaining': 100, u'match': False}
Aww, it's not a match:(
name: Anita, id: 5a5fad6bbf6920e327c42022
Napping for 0.316832 seconds...
	liking... {u'likes_remaining': 100, u'match': False}
Aww, it's not a match:(
name: Nicki, id: 579a6c52113e35fb26d6cef3
Napping for 0.424046 seconds...
	liking... {u'likes_remaining': 100, u'match': False}
Aww, it's not a match:(
name: Brittany, id: 59743c1359d1770752aec7cf
Napping for 0.742871 seconds...
	liking... {u'likes_remaining': 100, u'match': False}
Aww, it's not a match:(
name: Seun, id: 54fd6a588ff66d2545e25b4a
Napping for 0.503853 seconds...
	liking... {u'likes_remaining': 100, u'match': False}
Aww, it's not a match:(
name: Selena, id: 53caecd0f370310d38d8d50f
Napping for 0.058515 seconds...
	liking... {u'likes_remaining': 100, u'match': False}
Aww, it's not a match:(
name: Rachel, id: 5a360f4e4ce394d41657b355
Napping for 0.320792 seconds...
	liking... {u'likes_remaining': 100, u'match': False}
Aww, it's not a match:(
name: Cherlyn, id: 59ae478973bf68e32b721df1
Napping for 1.050214 seconds...
	liking... {u'likes_remaining': 100, u'match': False}
Aww, it's not a match:(
name: Giang, id: 5a5835c3347976ac2d3daa0d
Napping for 0.569520 seconds...
	liking... {u'likes_remaining': 100, u'match': False}
Aww, it's not a match:(
name: Lucrezia, id: 5a17a21a082828936f426db7
Napping for 0.531151 seconds...
	liking... {u'likes_remaining': 100, u'match': False}
Aww, it's not a match:(
name: Dulce, id: 5a5d9961bf6920e327c27dc7
Napping for 0.101981 seconds...
	liking... {u'likes_remaining': 100, u'match': False}
Aww, it's not a match:(
name: Aubrey, id: 57b55a0561d4e4746891c195
Napping for 0.464364 seconds...
	liking... {u'likes_remaining': 100, u'match': False}
Aww, it's not a match:(
name: Kichoo, id: 552e73eeb055e4ec7bde3fa9
Napping for 1.077900 seconds...
	liking... {u'likes_remaining': 100, u'match': False}
Aww, it's not a match:(
name: Alisha, id: 5a5e812d21a95b112ebc0deb
Napping for 1.005409 seconds...
	liking... {u'likes_remaining': 100, u'match': False}
Aww, it's not a match:(
name: Karla, id: 5a5fd8b591aba5ce2d1df3eb
Napping for 0.277410 seconds...
	liking... {u'likes_remaining': 100, u'match': False}
Aww, it's not a match:(
name: Andry, id: 569e3c1b7ec4d69278796a79
Napping for 0.180830 seconds...
	liking... {u'likes_remaining': 100, u'match': False}
Aww, it's not a match:(
name: Jazz, id: 5a29c9ac8b3afeeb384da441
Napping for 1.041391 seconds...
	liking... {u'likes_remaining': 100, u'match': False}
Aww, it's not a match:(
name: Hannah, id: 55e3ff9d73c2f9e239639bc9
Napping for 0.979230 seconds...
	liking... {u'likes_remaining': 100, u'match': False}
Aww, it's not a match:(
name: Emily, id: 548f5415b1536356689193e3
Napping for 0.378007 seconds...
	liking... {u'likes_remaining': 100, u'match': False}
Aww, it's not a match:(
name: Ariana, id: 5a6222b9ccdbb77535124672
Napping for 0.153256 seconds...
	liking... {u'likes_remaining': 100, u'match': False}
Aww, it's not a match:(
name: Veronica, id: 5245135dff0cc5e902001e91
Napping for 0.577875 seconds...
	liking... {u'likes_remaining': 100, u'match': False}
Aww, it's not a match:(
name: Daniella, id: 59c6f14d8639523c3d28582c
Napping for 0.095190 seconds...
	liking... {u'likes_remaining': 100, u'match': False}
Aww, it's not a match:(
name: Regina, id: 5a61c729e7bd253c44f1f9ac
Napping for 0.785666 seconds...
	liking... {u'likes_remaining': 100, u'match': False}
Aww, it's not a match:(
name: Francine, id: 5a5859d01364b39f276de271
Napping for 0.870543 seconds...
	liking... {u'likes_remaining': 100, u'match': False}
Aww, it's not a match:(
name: Maja, id: 5a59afc4bf6920e327bfb018
Napping for 1.174540 seconds...
	liking... {u'likes_remaining': 100, u'match': False}
Aww, it's not a match:(
name: Tiara, id: 599e5604ab1ae9a01f4b7d47
Napping for 0.159578 seconds...
	liking... {u'likes_remaining': 100, u'match': False}
Aww, it's not a match:(
name: Karen, id: 5426d89044071492514f8812
Napping for 0.050037 seconds...
	liking... {u'likes_remaining': 100, u'match': False}
Aww, it's not a match:(
name: Phebe, id: 592681a82c1ddab35ebbec2e
Napping for 0.791270 seconds...
	liking... {u'rate_limited_until': 1516424739721, u'likes_remaining': 0, u'match': False}
Aww, it's not a match:(
out of likes. Closing...
name: Naomi, id: 56df56ac4a06a8785c47a7e8
Napping for 0.661388 seconds...
	liking... {u'rate_limited_until': 1516424739721, u'likes_remaining': 0, u'match': False}
Aww, it's not a match:(
out of likes. Closing...
name: Jailena, id: 56036898c277fa483cd087bc
Napping for 0.126122 seconds...
	liking... {u'rate_limited_until': 1516424739721, u'likes_remaining': 0, u'match': False}
Aww, it's not a match:(
out of likes. Closing...
name: Sammy, id: 54f2b6bb53a74c797c232a78
Napping for 0.019920 seconds...
	liking... {u'rate_limited_until': 1516424739721, u'likes_remaining': 0, u'match': False}
Aww, it's not a match:(
out of likes. Closing...
name: Anna, id: 594047bd854cf7087f40075a
Napping for 0.901716 seconds...
	liking... {u'rate_limited_until': 1516424739721, u'likes_remaining': 0, u'match': False}
Aww, it's not a match:(
out of likes. Closing...
name: Miriam, id: 58d332766aaa587b04b5e4fb
Napping for 0.670848 seconds...
	liking... {u'rate_limited_until': 1516424739721, u'likes_remaining': 0, u'match': False}
Aww, it's not a match:(
out of likes. Closing...
name: Leah, id: 5a570fb739394c325d650043
Napping for 0.920502 seconds...
	liking... {u'rate_limited_until': 1516424739721, u'likes_remaining': 0, u'match': False}
Aww, it's not a match:(
out of likes. Closing...
name: Alyssa, id: 5a61b1533b822f010a3bd382
Napping for 1.141605 seconds...
	liking... {u'rate_limited_until': 1516424739721, u'likes_remaining': 0, u'match': False}
Aww, it's not a match:(
out of likes. Closing...
name: Briana, id: 526c8d0c17f25650300014a6
Napping for 0.063301 seconds...
	liking... {u'rate_limited_until': 1516424739721, u'likes_remaining': 0, u'match': False}
Aww, it's not a match:(
out of likes. Closing...
name: Steph, id: 5712539dae504c9317f6d6d9
Napping for 0.816214 seconds...
	liking... {u'rate_limited_until': 1516424739721, u'likes_remaining': 0, u'match': False}
Aww, it's not a match:(
out of likes. Closing...
name: Silvia, id: 5a4c5e21faabd2bc6181a126
Napping for 1.138113 seconds...
	liking... {u'rate_limited_until': 1516424739721, u'likes_remaining': 0, u'match': False}
Aww, it's not a match:(
out of likes. Closing...
name: Ana, id: 59b7631eaa76836c3af09773
Napping for 1.073266 seconds...
	liking... {u'rate_limited_until': 1516424739721, u'likes_remaining': 0, u'match': False}
Aww, it's not a match:(
out of likes. Closing...
