You have been successfully authorized!
running main
likes remaining: 0
name: Amy, id: 565a70d516cedb36284b3a8d
Napping for 0.111689 seconds...
	liking... {u'rate_limited_until': 1514783281286, u'likes_remaining': 0, u'match': False}
Aww, it's not a match:(
name: Ashley, id: 574c778282dbcbfd0b5bfb64
Napping for 0.749714 seconds...
	liking... {u'rate_limited_until': 1514783281286, u'likes_remaining': 0, u'match': False}
Aww, it's not a match:(
name: Pooja, id: 51f062f521a4ef7b0400000d
Napping for 0.097214 seconds...
	liking... {u'rate_limited_until': 1514783281286, u'likes_remaining': 0, u'match': False}
Aww, it's not a match:(
name: Nisha, id: 5789d648c649d32f54cf7fea
Napping for 0.412208 seconds...
	liking... {u'rate_limited_until': 1514783281286, u'likes_remaining': 0, u'match': False}
Aww, it's not a match:(
name: Aani, id: 59c47c92404c9a003659f4fc
Napping for 0.980379 seconds...
	liking... {u'rate_limited_until': 1514783281286, u'likes_remaining': 0, u'match': False}
Aww, it's not a match:(
name: Chelly, id: 5a3ddb0fe8dc17aa1e9b38cd
Napping for 0.794026 seconds...
	liking... {u'rate_limited_until': 1514783281286, u'likes_remaining': 0, u'match': False}
Aww, it's not a match:(
name: Susie, id: 5a0ff00a2b1e79b001726609
Napping for 0.531153 seconds...
	liking... {u'rate_limited_until': 1514783281286, u'likes_remaining': 0, u'match': False}
Aww, it's not a match:(
name: Sam, id: 59dba5c06830afb726814afa
Napping for 0.239799 seconds...
	liking... {u'rate_limited_until': 1514783281286, u'likes_remaining': 0, u'match': False}
Aww, it's not a match:(
name: Liat, id: 5898066f4800b9610abc94c6
Napping for 0.198624 seconds...
	liking... {u'rate_limited_until': 1514783281286, u'likes_remaining': 0, u'match': False}
Aww, it's not a match:(
name: Ally, id: 5a4329c82eced071674296d8
Napping for 0.316554 seconds...
	liking... {u'rate_limited_until': 1514783281286, u'likes_remaining': 0, u'match': False}
Aww, it's not a match:(
name: Kylie, id: 595d50d6fe142bc5722599d7
Napping for 0.879481 seconds...
	liking... {u'rate_limited_until': 1514783281286, u'likes_remaining': 0, u'match': False}
Aww, it's not a match:(
name: Natalia, id: 5a3a3037afa44416269c7034
Napping for 0.797113 seconds...
	liking... {u'rate_limited_until': 1514783281286, u'likes_remaining': 0, u'match': False}
Aww, it's not a match:(
name: Ani, id: 59adc56a804b5dcd02da4d6e
Napping for 0.680304 seconds...
	liking... {u'rate_limited_until': 1514783281286, u'likes_remaining': 0, u'match': False}
Aww, it's not a match:(
name: Emma, id: 5a3ebe282788ab671ef0af45
Napping for 0.533419 seconds...
	liking... {u'rate_limited_until': 1514783281286, u'likes_remaining': 0, u'match': False}
Aww, it's not a match:(
name: Ashley, id: 5a381e65acf7656e05863190
Napping for 0.786936 seconds...
	liking... {u'rate_limited_until': 1514783281286, u'likes_remaining': 0, u'match': False}
Aww, it's not a match:(
name: Cindy, id: 5a3f81d65f165d7212348b44
Napping for 1.018316 seconds...
	liking... {u'rate_limited_until': 1514783281286, u'likes_remaining': 0, u'match': False}
Aww, it's not a match:(
name: Deeksha, id: 54e17444140eb33c78877595
Napping for 0.688821 seconds...
	liking... {u'rate_limited_until': 1514783281286, u'likes_remaining': 0, u'match': False}
Aww, it's not a match:(
name: Gloria, id: 59cfb97019606eb15cd9618c
Napping for 1.139960 seconds...
	liking... {u'rate_limited_until': 1514783281286, u'likes_remaining': 0, u'match': False}
Aww, it's not a match:(
name: Yasmin, id: 57257deada6abe6713d285db
Napping for 1.155322 seconds...
	liking... {u'rate_limited_until': 1514783281286, u'likes_remaining': 0, u'match': False}
Aww, it's not a match:(
name: Fox, id: 548d26b9a36ddbf845854f5f
Napping for 0.621128 seconds...
	liking... {u'rate_limited_until': 1514783281286, u'likes_remaining': 0, u'match': False}
Aww, it's not a match:(
name: Malena, id: 5a43034156899e2525a10da1
Napping for 0.187529 seconds...
	liking... {u'rate_limited_until': 1514783281286, u'likes_remaining': 0, u'match': False}
Aww, it's not a match:(
name: Hanna, id: 5341e319a85e44ad3e004d97
Napping for 0.971946 seconds...
	liking... {u'rate_limited_until': 1514783281286, u'likes_remaining': 0, u'match': False}
Aww, it's not a match:(
name: Lauren, id: 59eac40db88423105d85355d
Napping for 0.823216 seconds...
	liking... {u'rate_limited_until': 1514783281286, u'likes_remaining': 0, u'match': False}
Aww, it's not a match:(
name: Astha, id: 56b57490ce5568c2771d604e
Napping for 1.034102 seconds...
	liking... {u'rate_limited_until': 1514783281286, u'likes_remaining': 0, u'match': False}
Aww, it's not a match:(
name: Heather, id: 5a3990ecda699dda38664812
Napping for 0.461374 seconds...
	liking... {u'rate_limited_until': 1514783281286, u'likes_remaining': 0, u'match': False}
Aww, it's not a match:(
name: Selin, id: 5a21eafbe1b2cbde7767090e
Napping for 0.387978 seconds...
	liking... {u'rate_limited_until': 1514783281286, u'likes_remaining': 0, u'match': False}
Aww, it's not a match:(
name: Pho, id: 58d4ab1b5bd74e464cd0ff9d
Napping for 0.270817 seconds...
	liking... {u'rate_limited_until': 1514783281286, u'likes_remaining': 0, u'match': False}
Aww, it's not a match:(
name: Elizabeth, id: 5498a00b918f1ec272f1ee1e
Napping for 0.982991 seconds...
	liking... {u'rate_limited_until': 1514783281286, u'likes_remaining': 0, u'match': False}
Aww, it's not a match:(
name: Krystal Kate, id: 58b8eb239a4c5de238e46821
Napping for 0.139566 seconds...
	liking... {u'rate_limited_until': 1514783281286, u'likes_remaining': 0, u'match': False}
Aww, it's not a match:(
name: Jasmine, id: 5a3cb182f77d1c966e7dc9cb
Napping for 0.002555 seconds...
	liking... {u'rate_limited_until': 1514783281286, u'likes_remaining': 0, u'match': False}
Aww, it's not a match:(
name: Gabby, id: 56f09708f128052f36918717
Napping for 0.353154 seconds...
	liking... {u'rate_limited_until': 1514783281286, u'likes_remaining': 0, u'match': False}
Aww, it's not a match:(
name: Angela, id: 599394a9bfbd2adf7c16a58d
Napping for 0.172966 seconds...
	liking... {u'rate_limited_until': 1514783281286, u'likes_remaining': 0, u'match': False}
Aww, it's not a match:(
name: Adie, id: 5403841b9d93692737620bc8
Napping for 0.241419 seconds...
	liking... {u'rate_limited_until': 1514783281286, u'likes_remaining': 0, u'match': False}
Aww, it's not a match:(
name: Linni, id: 59f18511eaf6441160f54c14
Napping for 0.451628 seconds...
	liking... {u'rate_limited_until': 1514783281286, u'likes_remaining': 0, u'match': False}
Aww, it's not a match:(
name: Catherine, id: 532a622e4ada4d9b66001091
Napping for 0.367703 seconds...
	liking... {u'rate_limited_until': 1514783281286, u'likes_remaining': 0, u'match': False}
Aww, it's not a match:(
name: Sam, id: 5a41aaa25f165d721236099d
Napping for 1.187977 seconds...
	liking... {u'rate_limited_until': 1514783281286, u'likes_remaining': 0, u'match': False}
Aww, it's not a match:(
name: Lauren, id: 58f41ebb5a74cc0e24bd0361
Napping for 0.439328 seconds...
	liking... {u'rate_limited_until': 1514783281286, u'likes_remaining': 0, u'match': False}
Aww, it's not a match:(
name: Mia, id: 53e29f6538df41c874fc6f38
Napping for 0.293357 seconds...
	liking... {u'rate_limited_until': 1514783281286, u'likes_remaining': 0, u'match': False}
Aww, it's not a match:(
name: Brittany, id: 531527e6135a037923000018
Napping for 1.115572 seconds...
	liking... {u'rate_limited_until': 1514783281286, u'likes_remaining': 0, u'match': False}
Aww, it's not a match:(
name: Phlisha, id: 5823bf3b05cb8318254af536
Napping for 0.103862 seconds...
	liking... {u'rate_limited_until': 1514783281286, u'likes_remaining': 0, u'match': False}
Aww, it's not a match:(
name: Raina, id: 5a434e495920884b1d567ff7
Napping for 1.198223 seconds...
	liking... {u'rate_limited_until': 1514783281286, u'likes_remaining': 0, u'match': False}
Aww, it's not a match:(
name: Eryn, id: 593e0ecb79b8de094f312a91
Napping for 0.268618 seconds...
	liking... {u'rate_limited_until': 1514783281286, u'likes_remaining': 0, u'match': False}
Aww, it's not a match:(
name: Nicole, id: 5619cdbb5a78ba790f12d2ae
Napping for 0.571860 seconds...
	liking... {u'rate_limited_until': 1514783281286, u'likes_remaining': 0, u'match': False}
Aww, it's not a match:(
name: Rachel, id: 51d9f45d4b8aed383e000141
Napping for 0.510716 seconds...
	liking... {u'rate_limited_until': 1514783281286, u'likes_remaining': 0, u'match': False}
Aww, it's not a match:(
name: Shritama, id: 58b266be15f4ca4d77ffc0ac
Napping for 0.212027 seconds...
	liking... {u'rate_limited_until': 1514783281286, u'likes_remaining': 0, u'match': False}
Aww, it's not a match:(
name: Yisel, id: 59990bc80cde093f2e19be3c
Napping for 0.200859 seconds...
	liking... {u'rate_limited_until': 1514783281286, u'likes_remaining': 0, u'match': False}
Aww, it's not a match:(
name: Hannah, id: 55e11e2affb1f5066227496b
Napping for 0.030464 seconds...
	liking... {u'rate_limited_until': 1514783281286, u'likes_remaining': 0, u'match': False}
Aww, it's not a match:(
name: Ivy, id: 5a419e3400a7d7751d98e840
Napping for 0.206219 seconds...
	liking... {u'rate_limited_until': 1514783281286, u'likes_remaining': 0, u'match': False}
Aww, it's not a match:(
name: Coco, id: 5a3fe2d456899e25259f8348
Napping for 0.344304 seconds...
	liking... {u'rate_limited_until': 1514783281286, u'likes_remaining': 0, u'match': False}
Aww, it's not a match:(
name: Jess, id: 59eabd86b3b982a907f7e2d6
Napping for 0.864983 seconds...
	liking... {u'rate_limited_until': 1514783281286, u'likes_remaining': 0, u'match': False}
Aww, it's not a match:(
name: Nicole, id: 540fe0c3a63bacf34c65e9bc
Napping for 0.910269 seconds...
	liking... {u'rate_limited_until': 1514783281286, u'likes_remaining': 0, u'match': False}
Aww, it's not a match:(
name: Bri, id: 5a153f8048b5722c69d6c8eb
Napping for 0.201199 seconds...
	liking... {u'rate_limited_until': 1514783281286, u'likes_remaining': 0, u'match': False}
Aww, it's not a match:(
name: Jasmine, id: 57ac8aef22cd6e8b0ae9c966
Napping for 0.667320 seconds...
	liking... {u'rate_limited_until': 1514783281286, u'likes_remaining': 0, u'match': False}
Aww, it's not a match:(
name: Eryn, id: 5127d5e6575dbd3d46000098
Napping for 0.333045 seconds...
	liking... {u'rate_limited_until': 1514783281286, u'likes_remaining': 0, u'match': False}
Aww, it's not a match:(
name: Haley, id: 53641686338ce0ef01000b79
Napping for 0.767354 seconds...
	liking... {u'rate_limited_until': 1514783281286, u'likes_remaining': 0, u'match': False}
Aww, it's not a match:(
name: Sherri, id: 5a49037156899e2525a4f67c
Napping for 1.025206 seconds...
	liking... {u'rate_limited_until': 1514783281286, u'likes_remaining': 0, u'match': False}
Aww, it's not a match:(
name: Katherine, id: 5a3a26cb0f9300402684a243
Napping for 0.352430 seconds...
	liking... {u'rate_limited_until': 1514783281286, u'likes_remaining': 0, u'match': False}
Aww, it's not a match:(
name: Aundria, id: 5a4701feaa9e1a4725d4ec72
Napping for 0.738582 seconds...
	liking... {u'rate_limited_until': 1514783281286, u'likes_remaining': 0, u'match': False}
Aww, it's not a match:(
name: Jessica, id: 555c0d49a0a3965543449626
Napping for 0.405952 seconds...
	liking... {u'rate_limited_until': 1514783281286, u'likes_remaining': 0, u'match': False}
Aww, it's not a match:(
name: Elizabeth, id: 54434a31345a422c1d528244
Napping for 0.526195 seconds...
	liking... {u'rate_limited_until': 1514783281286, u'likes_remaining': 0, u'match': False}
Aww, it's not a match:(
name: Sharon, id: 57957c161b7300137dc31991
Napping for 0.631939 seconds...
	liking... {u'rate_limited_until': 1514783281286, u'likes_remaining': 0, u'match': False}
Aww, it's not a match:(
name: Sarah, id: 597eacf9593dee5a441a8184
Napping for 0.311409 seconds...
	liking... {u'rate_limited_until': 1514783281286, u'likes_remaining': 0, u'match': False}
Aww, it's not a match:(
name: Nikki, id: 5898cb61d9ba1fa50a7f323b
Napping for 1.052352 seconds...
	liking... {u'rate_limited_until': 1514783281286, u'likes_remaining': 0, u'match': False}
Aww, it's not a match:(
name: Nancy, id: 5a4175eeb86023b5127c4f3c
Napping for 0.319400 seconds...
	liking... {u'rate_limited_until': 1514783281286, u'likes_remaining': 0, u'match': False}
Aww, it's not a match:(
name: Ameera, id: 58ca46de789316fe76f385a6
Napping for 0.098794 seconds...
	liking... {u'rate_limited_until': 1514783281286, u'likes_remaining': 0, u'match': False}
Aww, it's not a match:(
name: Grace, id: 54b1fa44b1adc7ed5597f888
Napping for 0.038469 seconds...
	liking... {u'rate_limited_until': 1514783281286, u'likes_remaining': 0, u'match': False}
Aww, it's not a match:(
name: Erika, id: 5a449f0afaabd2bc617cbbd4
Napping for 0.379952 seconds...
	liking... {u'rate_limited_until': 1514783281286, u'likes_remaining': 0, u'match': False}
Aww, it's not a match:(
name: Katherine, id: 5516175fcec55bde28daf830
Napping for 1.007300 seconds...
	liking... {u'rate_limited_until': 1514783281286, u'likes_remaining': 0, u'match': False}
Aww, it's not a match:(
name: Manreet, id: 5a486e80702237291d15c348
Napping for 0.277569 seconds...
	liking... {u'rate_limited_until': 1514783281286, u'likes_remaining': 0, u'match': False}
Aww, it's not a match:(
name: Evelyn, id: 5a3f4c7a5f165d721234528f
Napping for 0.533364 seconds...
	liking... {u'rate_limited_until': 1514783281286, u'likes_remaining': 0, u'match': False}
Aww, it's not a match:(
name: Meenakshi, id: 5a48a87256899e2525a4b714
Napping for 0.205316 seconds...
	liking... {u'rate_limited_until': 1514783281286, u'likes_remaining': 0, u'match': False}
Aww, it's not a match:(
name: Stefanie, id: 53d740369b0c0b2e76a27792
Napping for 0.368960 seconds...
	liking... {u'rate_limited_until': 1514783281286, u'likes_remaining': 0, u'match': False}
Aww, it's not a match:(
name: Erin, id: 5a485dc42eced0716746b22f
Napping for 0.830936 seconds...
	liking... {u'rate_limited_until': 1514783281286, u'likes_remaining': 0, u'match': False}
Aww, it's not a match:(
name: Shivani, id: 5a488eeeb86023b512817c5d
Napping for 1.010715 seconds...
	liking... {u'rate_limited_until': 1514783281286, u'likes_remaining': 0, u'match': False}
Aww, it's not a match:(
name: Jaeda, id: 5975aaf3b212a8916d29a32d
Napping for 0.678327 seconds...
	liking... {u'rate_limited_until': 1514783281286, u'likes_remaining': 0, u'match': False}
Aww, it's not a match:(
name: Kuo, id: 5a40b1815f165d72123557a1
Napping for 0.944442 seconds...
	liking... {u'rate_limited_until': 1514783281286, u'likes_remaining': 0, u'match': False}
Aww, it's not a match:(
name: Kamarah, id: 57759f3d3c71c86d5b22e227
Napping for 0.838084 seconds...
	liking... {u'rate_limited_until': 1514783281286, u'likes_remaining': 0, u'match': False}
Aww, it's not a match:(
name: Ruth, id: 5a4804ca199b629412dfd3c4
Napping for 0.823560 seconds...
	liking... {u'rate_limited_until': 1514783281286, u'likes_remaining': 0, u'match': False}
Aww, it's not a match:(
name: Shirley, id: 5a490de2b86023b51281ab13
Napping for 1.129930 seconds...
	liking... {u'rate_limited_until': 1514783281286, u'likes_remaining': 0, u'match': False}
Aww, it's not a match:(
name: Miriam, id: 54d842565f2ae95b496d695e
Napping for 1.085465 seconds...
	liking... {u'rate_limited_until': 1514783281286, u'likes_remaining': 0, u'match': False}
Aww, it's not a match:(
name: Kaela, id: 5747c614f32706fd0e5d17b0
Napping for 0.458633 seconds...
	liking... {u'rate_limited_until': 1514783281286, u'likes_remaining': 0, u'match': False}
Aww, it's not a match:(
name: Izzie, id: 5a3725da35e235911612103f
Napping for 0.206835 seconds...
	liking... {u'rate_limited_until': 1514783281286, u'likes_remaining': 0, u'match': False}
Aww, it's not a match:(
name: yaya, id: 5a489a2336e65f961d5602d5
Napping for 1.159269 seconds...
	liking... {u'rate_limited_until': 1514783281286, u'likes_remaining': 0, u'match': False}
Aww, it's not a match:(
name: Sofia, id: 5a487fd32eced0716746d467
Napping for 0.879087 seconds...
	liking... {u'rate_limited_until': 1514783281286, u'likes_remaining': 0, u'match': False}
Aww, it's not a match:(
name: Marisa, id: 585ba404272692353a50973c
Napping for 0.429215 seconds...
	liking... {u'rate_limited_until': 1514783281286, u'likes_remaining': 0, u'match': False}
Aww, it's not a match:(
name: Gabrielle, id: 552afbde7b7b355910134885
Napping for 0.858754 seconds...
	liking... {u'rate_limited_until': 1514783281286, u'likes_remaining': 0, u'match': False}
Aww, it's not a match:(
name: Rachel, id: 5664aca980f1dd9747b15278
Napping for 0.089962 seconds...
	liking... {u'rate_limited_until': 1514783281286, u'likes_remaining': 0, u'match': False}
Aww, it's not a match:(
name: Hannah, id: 59609210fa14850173ad70fd
Napping for 0.333574 seconds...
	liking... {u'rate_limited_until': 1514783281286, u'likes_remaining': 0, u'match': False}
Aww, it's not a match:(
name: Allison, id: 5a48796d702237291d15d2ac
Napping for 0.466479 seconds...
	liking... {u'rate_limited_until': 1514783281286, u'likes_remaining': 0, u'match': False}
Aww, it's not a match:(
name: Allison, id: 58e274bbc8bb757356effedc
Napping for 0.688016 seconds...
	liking... {u'rate_limited_until': 1514783281286, u'likes_remaining': 0, u'match': False}
Aww, it's not a match:(
name: Anastasia, id: 59b6277420258ddc31d33ed3
Napping for 0.368409 seconds...
	liking... {u'rate_limited_until': 1514783281286, u'likes_remaining': 0, u'match': False}
Aww, it's not a match:(
name: Leilah, id: 591fc8109626b5b248421080
Napping for 0.616153 seconds...
	liking... {u'rate_limited_until': 1514783281286, u'likes_remaining': 0, u'match': False}
Aww, it's not a match:(
name: Julie, id: 5a4854ce5f165d72123a75ec
Napping for 1.021656 seconds...
	liking... {u'rate_limited_until': 1514783281286, u'likes_remaining': 0, u'match': False}
Aww, it's not a match:(
name: Elizabeth, id: 58f976c7118f3b5f60f562a4
Napping for 0.288176 seconds...
	liking... {u'rate_limited_until': 1514783281286, u'likes_remaining': 0, u'match': False}
Aww, it's not a match:(
name: Alejandra, id: 57f73bf4199ecd3e11b5af2d
Napping for 1.046231 seconds...
	liking... {u'rate_limited_until': 1514783281286, u'likes_remaining': 0, u'match': False}
Aww, it's not a match:(
name: Stella, id: 5a48c30f702237291d15fad4
Napping for 0.145862 seconds...
	liking... {u'rate_limited_until': 1514783281286, u'likes_remaining': 0, u'match': False}
Aww, it's not a match:(
name: Amy, id: 54474561e46c04da42bd6621
Napping for 0.398814 seconds...
	liking... {u'rate_limited_until': 1514783281286, u'likes_remaining': 0, u'match': False}
Aww, it's not a match:(
name: Cynthia, id: 5a42047e9e6f7d69258339b2
Napping for 0.595349 seconds...
	liking... {u'rate_limited_until': 1514783281286, u'likes_remaining': 0, u'match': False}
Aww, it's not a match:(
name: Shannon, id: 59e14e8a3fed5bd61483dfd5
Napping for 0.005106 seconds...
	liking... {u'rate_limited_until': 1514783281286, u'likes_remaining': 0, u'match': False}
Aww, it's not a match:(
name: Elizabeth, id: 5773be336e7bac751201ca67
Napping for 0.954273 seconds...
	liking... {u'rate_limited_until': 1514783281286, u'likes_remaining': 0, u'match': False}
Aww, it's not a match:(
name: Erica, id: 5a48a0e356899e2525a4b195
Napping for 0.163239 seconds...
	liking... {u'rate_limited_until': 1514783281286, u'likes_remaining': 0, u'match': False}
Aww, it's not a match:(
name: Arienne, id: 59b4cb8a20258ddc31d23619
Napping for 1.010148 seconds...
	liking... {u'rate_limited_until': 1514783281286, u'likes_remaining': 0, u'match': False}
Aww, it's not a match:(
name: Makayla, id: 56b97254eda122da3e8ce445
Napping for 0.971402 seconds...
	liking... {u'rate_limited_until': 1514783281286, u'likes_remaining': 0, u'match': False}
Aww, it's not a match:(
name: Emily, id: 5a3da097b86023b51279fc62
Napping for 0.058118 seconds...
	liking... {u'rate_limited_until': 1514783281286, u'likes_remaining': 0, u'match': False}
Aww, it's not a match:(
name: J, id: 59f7f390de6138800cd71bc3
Napping for 0.933937 seconds...
	liking... {u'rate_limited_until': 1514783281286, u'likes_remaining': 0, u'match': False}
Aww, it's not a match:(
name: Megan, id: 5663d82d14caabaf4af53dd6
Napping for 0.641729 seconds...
	liking... {u'rate_limited_until': 1514783281286, u'likes_remaining': 0, u'match': False}
Aww, it's not a match:(
name: McKenna, id: 58be623c4c8dd0f25c3e78ac
Napping for 0.195202 seconds...
	liking... {u'rate_limited_until': 1514783281286, u'likes_remaining': 0, u'match': False}
Aww, it's not a match:(
name: Jashan, id: 5a41ef162eced071674153f4
Napping for 0.433052 seconds...
	liking... {u'rate_limited_until': 1514783281286, u'likes_remaining': 0, u'match': False}
Aww, it's not a match:(
name: Kayla, id: 5a34a142f75486d90fd89a6d
Napping for 1.167856 seconds...
	liking... {u'rate_limited_until': 1514783281286, u'likes_remaining': 0, u'match': False}
Aww, it's not a match:(
name: Monica, id: 54acae91a2371f62112096a7
Napping for 0.895810 seconds...
	liking... {u'rate_limited_until': 1514783281286, u'likes_remaining': 0, u'match': False}
Aww, it's not a match:(
name: Roxanna, id: 59cc13e4e626fb2f3862a821
Napping for 0.462770 seconds...
	liking... {u'rate_limited_until': 1514783281286, u'likes_remaining': 0, u'match': False}
Aww, it's not a match:(
name: Becky, id: 549780e8daf5862b7915eda0
Napping for 0.162228 seconds...
	liking... {u'rate_limited_until': 1514783281286, u'likes_remaining': 0, u'match': False}
Aww, it's not a match:(
name: Tara, id: 5a41f03336e65f961d508426
Napping for 1.197011 seconds...
	liking... {u'rate_limited_until': 1514783281286, u'likes_remaining': 0, u'match': False}
Aww, it's not a match:(
name: Maddie, id: 59a0d8ed2b49c3ca1ff2d2ea
Napping for 0.409786 seconds...
	liking... {u'rate_limited_until': 1514783281286, u'likes_remaining': 0, u'match': False}
Aww, it's not a match:(
name: Shanel, id: 59f17b796f57b3297d1d2cb6
Napping for 0.670322 seconds...
	liking... {u'rate_limited_until': 1514783281286, u'likes_remaining': 0, u'match': False}
Aww, it's not a match:(
name: Susana, id: 5a44926cfaabd2bc617ca6ed
Napping for 0.241351 seconds...
	liking... {u'rate_limited_until': 1514783281286, u'likes_remaining': 0, u'match': False}
Aww, it's not a match:(
name: Ann Taylor, id: 59c727e36d8c20783d4775f3
Napping for 0.675806 seconds...
	liking... {u'rate_limited_until': 1514783281286, u'likes_remaining': 0, u'match': False}
Aww, it's not a match:(
name: Kimberly, id: 5a2e3734f75486d90fd38d78
Napping for 0.379476 seconds...
	liking... {u'rate_limited_until': 1514783281286, u'likes_remaining': 0, u'match': False}
Aww, it's not a match:(
name: Hind, id: 59e68343edf3ef8236b2e6be
Napping for 0.283074 seconds...
	liking... {u'rate_limited_until': 1514783281286, u'likes_remaining': 0, u'match': False}
Aww, it's not a match:(
name: Abby, id: 583769d4b4143ef165568675
Napping for 0.792313 seconds...
	liking... {u'rate_limited_until': 1514783281286, u'likes_remaining': 0, u'match': False}
Aww, it's not a match:(
name: Ari, id: 5a3a158febe5877d3232e4d9
Napping for 0.872338 seconds...
	liking... {u'rate_limited_until': 1514783281286, u'likes_remaining': 0, u'match': False}
Aww, it's not a match:(
name: Alyssa, id: 5a41bc7500a7d7751d991443
Napping for 0.860362 seconds...
	liking... {u'rate_limited_until': 1514783281286, u'likes_remaining': 0, u'match': False}
Aww, it's not a match:(
name: Rachel, id: 57dcbefd299762a570b3ba46
Napping for 0.232020 seconds...
	liking... {u'rate_limited_until': 1514783281286, u'likes_remaining': 0, u'match': False}
Aww, it's not a match:(
name: Lily, id: 5918faf591054c331c388bfd
Napping for 1.054867 seconds...
	liking... {u'rate_limited_until': 1514783281286, u'likes_remaining': 0, u'match': False}
Aww, it's not a match:(
name: Amy, id: 5a46e2dc98f95f50125fa1d0
Napping for 0.189171 seconds...
	liking... {u'rate_limited_until': 1514783281286, u'likes_remaining': 0, u'match': False}
Aww, it's not a match:(
name: Krysten, id: 5a1a1df7ff59cbf76c1ffe58
Napping for 0.748934 seconds...
	liking... {u'rate_limited_until': 1514783281286, u'likes_remaining': 0, u'match': False}
Aww, it's not a match:(
name: Ni, id: 5a468656b86023b512803387
Napping for 0.368971 seconds...
	liking... {u'rate_limited_until': 1514783281286, u'likes_remaining': 0, u'match': False}
Aww, it's not a match:(
name: Jessica, id: 56277bdf71a2eccd6c49f9a4
Napping for 0.046325 seconds...
	liking... {u'rate_limited_until': 1514783281286, u'likes_remaining': 0, u'match': False}
Aww, it's not a match:(
name: Quinn, id: 54aa2f81bc605c284b851265
Napping for 0.049472 seconds...
	liking... {u'rate_limited_until': 1514783281286, u'likes_remaining': 0, u'match': False}
Aww, it's not a match:(
name: Christina, id: 546474ba7e21f7b3722934cf
Napping for 1.134888 seconds...
	liking... {u'rate_limited_until': 1514783281286, u'likes_remaining': 0, u'match': False}
Aww, it's not a match:(
name: Tara, id: 52e22307e141d4d828000004
Napping for 0.869905 seconds...
	liking... {u'rate_limited_until': 1514783281286, u'likes_remaining': 0, u'match': False}
Aww, it's not a match:(
name: Sam, id: 5958baeffa14850173a8c579
Napping for 0.893492 seconds...
	liking... {u'rate_limited_until': 1514783281286, u'likes_remaining': 0, u'match': False}
Aww, it's not a match:(
name: Melody, id: 59a3d696646d298907cff3c7
Napping for 1.166363 seconds...
	liking... {u'rate_limited_until': 1514783281286, u'likes_remaining': 0, u'match': False}
Aww, it's not a match:(
name: Lais, id: 5a2f6328cb3615370d0e793b
Napping for 1.162647 seconds...
	liking... {u'rate_limited_until': 1514783281286, u'likes_remaining': 0, u'match': False}
Aww, it's not a match:(
name: Brittney, id: 53b61c79230f8d58401ee6bc
Napping for 0.336262 seconds...
	liking... {u'rate_limited_until': 1514783281286, u'likes_remaining': 0, u'match': False}
Aww, it's not a match:(
name: Julia, id: 5979d7d753ef6b383ce4c86f
Napping for 1.140767 seconds...
	liking... {u'rate_limited_until': 1514783281286, u'likes_remaining': 0, u'match': False}
Aww, it's not a match:(
name: Anna, id: 55d2e20d04f22ff023bc5f0e
Napping for 0.211968 seconds...
	liking... {u'rate_limited_until': 1514783281286, u'likes_remaining': 0, u'match': False}
Aww, it's not a match:(
name: Dacey, id: 54ac449f606fdafe54044c7d
Napping for 0.590373 seconds...
	liking... {u'rate_limited_until': 1514783281286, u'likes_remaining': 0, u'match': False}
Aww, it's not a match:(
name: Brenda, id: 5869c0478a0ab6d75df855a2
Napping for 0.059700 seconds...
	liking... {u'rate_limited_until': 1514783281286, u'likes_remaining': 0, u'match': False}
Aww, it's not a match:(
name: Desiree, id: 5a44ae5ffaabd2bc617ccebf
Napping for 0.806510 seconds...
	liking... {u'rate_limited_until': 1514783281286, u'likes_remaining': 0, u'match': False}
Aww, it's not a match:(
name: Samantha, id: 53f3e31b87f4e8e361c547c9
Napping for 0.924906 seconds...
	liking... {u'rate_limited_until': 1514783281286, u'likes_remaining': 0, u'match': False}
Aww, it's not a match:(
name: Alisa, id: 590979d3c2d7177d7929687d
Napping for 0.117532 seconds...
	liking... {u'rate_limited_until': 1514783281286, u'likes_remaining': 0, u'match': False}
Aww, it's not a match:(
name: Anaid, id: 5a44a1e5b86023b5127e7fbe
Napping for 0.582716 seconds...
	liking... {u'rate_limited_until': 1514783281286, u'likes_remaining': 0, u'match': False}
Aww, it's not a match:(
name: Saskia, id: 5a41dc48e8dc17aa1e9ce520
Napping for 0.734509 seconds...
	liking... {u'rate_limited_until': 1514783281286, u'likes_remaining': 0, u'match': False}
Aww, it's not a match:(
name: Mariel, id: 5a459f5ab86023b5127f5383
Napping for 0.436327 seconds...
	liking... {u'rate_limited_until': 1514783281286, u'likes_remaining': 0, u'match': False}
Aww, it's not a match:(
name: Haejin, id: 5652b3dc58f28f787a4708fa
Napping for 1.140186 seconds...
	liking... {u'rate_limited_until': 1514783281286, u'likes_remaining': 0, u'match': False}
Aww, it's not a match:(
name: Audrey, id: 596685a8e57864ef580cda4e
Napping for 0.954898 seconds...
	liking... {u'rate_limited_until': 1514783281286, u'likes_remaining': 0, u'match': False}
Aww, it's not a match:(
name: Molly, id: 53db21d082dc9c9f74f06cec
Napping for 0.682254 seconds...
	liking... {u'rate_limited_until': 1514783281286, u'likes_remaining': 0, u'match': False}
Aww, it's not a match:(
name: Ashley, id: 57feca5306950d7c639d82bd
Napping for 0.604279 seconds...
	liking... {u'rate_limited_until': 1514783281286, u'likes_remaining': 0, u'match': False}
Aww, it's not a match:(
name: Catherine, id: 57be54f34ff76bd41e1934ea
Napping for 0.069694 seconds...
	liking... {u'rate_limited_until': 1514783281286, u'likes_remaining': 0, u'match': False}
Aww, it's not a match:(
name: Sav, id: 5a44c49c00a7d7751d9ab434
Napping for 0.983784 seconds...
	liking... {u'rate_limited_until': 1514783281286, u'likes_remaining': 0, u'match': False}
Aww, it's not a match:(
name: Hannah, id: 521c15bc48e00f220300001b
Napping for 1.104272 seconds...
	liking... {u'rate_limited_until': 1514783281286, u'likes_remaining': 0, u'match': False}
Aww, it's not a match:(
name: Katherine, id: 599ce82bf6b7eaf82c140c67
Napping for 0.617352 seconds...
	liking... {u'rate_limited_until': 1514783281286, u'likes_remaining': 0, u'match': False}
Aww, it's not a match:(
name: Malea, id: 51f1b8c1912342753200031a
Napping for 0.304417 seconds...
	liking... {u'rate_limited_until': 1514783281286, u'likes_remaining': 0, u'match': False}
Aww, it's not a match:(
name: Puja, id: 54765883e16c5ec52b651ffb
Napping for 0.218710 seconds...
	liking... {u'rate_limited_until': 1514783281286, u'likes_remaining': 0, u'match': False}
Aww, it's not a match:(
name: Lesly, id: 598d36bb861544843e037054
Napping for 0.122106 seconds...
	liking... {u'rate_limited_until': 1514783281286, u'likes_remaining': 0, u'match': False}
Aww, it's not a match:(
name: Krizta, id: 598537c1b5bf44356708c440
Napping for 0.370267 seconds...
	liking... {u'rate_limited_until': 1514783281286, u'likes_remaining': 0, u'match': False}
Aww, it's not a match:(
name: Melanie, id: 59063213c2d7177d792781b5
Napping for 0.546956 seconds...
	liking... {u'rate_limited_until': 1514783281286, u'likes_remaining': 0, u'match': False}
Aww, it's not a match:(
name: Yehna, id: 55127252cd103895638afa13
Napping for 0.805227 seconds...
	liking... {u'rate_limited_until': 1514783281286, u'likes_remaining': 0, u'match': False}
Aww, it's not a match:(
