You have been successfully authorized!
running main
likes remaining: 100
name: Kelly, id: 5a531441133b2393694ba148
Napping for 0.901544 seconds...
	liking... {u'likes_remaining': 100, u'match': False}
Aww, it's not a match:(
name: Ashley, id: 5a5983dbbf6920e327bf8296
Napping for 0.091715 seconds...
	liking... {u'likes_remaining': 100, u'match': False}
Aww, it's not a match:(
name: Molly, id: 52b532f33f98b1ca2f000484
Napping for 0.971170 seconds...
	liking... {u'likes_remaining': 100, u'match': False}
Aww, it's not a match:(
name: Yihan, id: 59cabc2d8674ba0b7e0b6d9c
Napping for 0.773966 seconds...
	liking... {u'likes_remaining': 100, u'match': False}
Aww, it's not a match:(
name: Orla, id: 582fa9ae5e2aebab0a8b9997
Napping for 0.491495 seconds...
	liking... {u'likes_remaining': 100, u'match': False}
Aww, it's not a match:(
name: Stacie, id: 59e556f2ff77d28b0b6e8db6
Napping for 0.759275 seconds...
	liking... {u'likes_remaining': 100, u'match': False}
Aww, it's not a match:(
name: Kit, id: 5a584b77347976ac2d3dc024
Napping for 0.308995 seconds...
	liking... {u'likes_remaining': 100, u'match': False}
Aww, it's not a match:(
name: Shannon, id: 5a31ff3496f2b8b105cde927
Napping for 1.082232 seconds...
	liking... {u'likes_remaining': 100, u'match': False}
Aww, it's not a match:(
name: Shannon, id: 593a154dd1dd3e83448ce495
Napping for 1.014839 seconds...
	liking... {u'likes_remaining': 100, u'match': False}
Aww, it's not a match:(
name: Kate, id: 5a5989470d6e7a0a1ab2caf4
Napping for 0.549327 seconds...
	liking... {u'likes_remaining': 100, u'match': False}
Aww, it's not a match:(
name: Michelle, id: 5a597f2391aba5ce2d1935b3
Napping for 0.922617 seconds...
	liking... {u'likes_remaining': 100, u'match': False}
Aww, it's not a match:(
name: Alyssa, id: 57c4c9f73c6385173c77ad7e
Napping for 0.675047 seconds...
	liking... {u'likes_remaining': 100, u'match': False}
Aww, it's not a match:(
name: Masooda, id: 5a59849b037399d726a1aca9
Napping for 0.712470 seconds...
	liking... {u'likes_remaining': 100, u'match': False}
Aww, it's not a match:(
name: Sierra, id: 5a581c6f253434f02dde8ecf
Napping for 0.807775 seconds...
	liking... {u'likes_remaining': 100, u'match': False}
Aww, it's not a match:(
name: Megan, id: 5a49b2002788ab671ef8ddc9
Napping for 0.199637 seconds...
	liking... {u'likes_remaining': 100, u'match': False}
Aww, it's not a match:(
name: Lauryn, id: 598d4a107d9440be5853aade
Napping for 0.949734 seconds...
	liking... {u'likes_remaining': 100, u'match': False}
Aww, it's not a match:(
name: Camille, id: 5998d85cebdfcdaa2d790df4
Napping for 0.658970 seconds...
	liking... {u'likes_remaining': 100, u'match': False}
Aww, it's not a match:(
name: Hannah, id: 5a4e7fcc9857331203e10bf8
Napping for 0.255938 seconds...
	liking... {u'likes_remaining': 100, u'match': False}
Aww, it's not a match:(
name: Vernalynne, id: 570f12019e26ff0e130d2386
Napping for 0.425664 seconds...
	liking... {u'likes_remaining': 100, u'match': False}
Aww, it's not a match:(
name: Felicia, id: 530a2767692ab34f63000654
Napping for 0.262727 seconds...
	liking... {u'likes_remaining': 100, u'match': False}
Aww, it's not a match:(
name: Andrea, id: 55b9d22ea94054d02e9fce0b
Napping for 0.215434 seconds...
	liking... {u'likes_remaining': 100, u'match': False}
Aww, it's not a match:(
name: Ken, id: 5a1cf14ed9154a1169abcd21
Napping for 0.164034 seconds...
	liking... {u'likes_remaining': 100, u'match': False}
Aww, it's not a match:(
name: Raven, id: 5a34bf23f562e7fb0f482de1
Napping for 1.073781 seconds...
	liking... {u'likes_remaining': 100, u'match': False}
Aww, it's not a match:(
name: Becca, id: 57376834d80d9e1512c74166
Napping for 0.698166 seconds...
	liking... {u'likes_remaining': 100, u'match': False}
Aww, it's not a match:(
name: Ashley, id: 5a1a1eafd9154a1169a960cf
Napping for 0.699715 seconds...
	liking... {u'likes_remaining': 100, u'match': False}
Aww, it's not a match:(
name: Alexis-Rae, id: 597eafd7593dee5a441a8384
Napping for 0.689285 seconds...
	liking... {u'likes_remaining': 100, u'match': False}
Aww, it's not a match:(
name: Sophia, id: 57e5e289070ca0594b27d3e4
Napping for 1.008705 seconds...
	liking... {u'likes_remaining': 100, u'match': False}
Aww, it's not a match:(
name: Alma, id: 59007f7d78acdde84256b896
Napping for 0.096363 seconds...
	liking... {u'likes_remaining': 100, u'match': False}
Aww, it's not a match:(
name: Barbara, id: 533516a8ff51c684550011cd
Napping for 0.305496 seconds...
	liking... {u'likes_remaining': 100, u'match': False}
Aww, it's not a match:(
name: Reena, id: 59963c4dac0e75295d36a53c
Napping for 0.081400 seconds...
	liking... {u'likes_remaining': 100, u'match': False}
Aww, it's not a match:(
name: Sherry, id: 59a9ed61c1b592a202a7b5cc
Napping for 0.908148 seconds...
	liking... {u'likes_remaining': 100, u'match': False}
Aww, it's not a match:(
name: Jamela, id: 55a3e58fca854d83196110dd
Napping for 0.814220 seconds...
	liking... {u'likes_remaining': 100, u'match': False}
Aww, it's not a match:(
name: Charli, id: 57f9d353d605eee43ce63862
Napping for 0.347846 seconds...
	liking... {u'likes_remaining': 100, u'match': False}
Aww, it's not a match:(
name: Kimiya, id: 597cd56f7e46873c4471c76f
Napping for 0.889449 seconds...
	liking... {u'likes_remaining': 100, u'match': False}
Aww, it's not a match:(
name: Hanna, id: 5959daaefe142bc572238a64
Napping for 0.317119 seconds...
	liking... {u'likes_remaining': 100, u'match': False}
Aww, it's not a match:(
name: Marissa, id: 5a1b438c5e5856dc6c6d559e
Napping for 0.229832 seconds...
	liking... {u'likes_remaining': 100, u'match': False}
Aww, it's not a match:(
name: Lisa, id: 59769047cdbd96127f77354e
Napping for 0.797585 seconds...
	liking... {u'likes_remaining': 100, u'match': False}
Aww, it's not a match:(
name: Imonie, id: 5a4950a4b86023b51281d661
Napping for 0.658926 seconds...
	liking... {u'likes_remaining': 100, u'match': False}
Aww, it's not a match:(
name: Laura, id: 5a5064206f40e44d44c473b4
Napping for 0.675885 seconds...
	liking... {u'likes_remaining': 100, u'match': False}
Aww, it's not a match:(
name: Marisela, id: 57d73db3202cc80f0e12dd3d
Napping for 0.794128 seconds...
	liking... {u'likes_remaining': 100, u'match': False}
Aww, it's not a match:(
name: Michelle, id: 56b4635307529815414c55b7
Napping for 0.963008 seconds...
	liking... {u'likes_remaining': 100, u'match': False}
Aww, it's not a match:(
name: Lindsey, id: 5a3f0cfd2788ab671ef1368a
Napping for 1.016395 seconds...
	liking... {u'likes_remaining': 100, u'match': False}
Aww, it's not a match:(
name: Ena, id: 58a6a55113953a564103a8d0
Napping for 0.156673 seconds...
	liking... {u'likes_remaining': 100, u'match': False}
Aww, it's not a match:(
name: Perla, id: 5a484f352788ab671ef8141d
Napping for 0.570519 seconds...
	liking... {u'likes_remaining': 100, u'match': False}
Aww, it's not a match:(
name: Jasmin, id: 5a2527217a77a8d7030524dc
Napping for 1.037985 seconds...
	liking... {u'likes_remaining': 100, u'match': False}
Aww, it's not a match:(
name: Brittany, id: 5903fc6cc821eca079a6faca
Napping for 0.924552 seconds...
	liking... {u'likes_remaining': 100, u'match': False}
Aww, it's not a match:(
name: Ashley, id: 5a4c27cce8dc17aa1ea332e9
Napping for 0.013287 seconds...
	liking... {u'likes_remaining': 100, u'match': False}
Aww, it's not a match:(
name: Veronika, id: 5a4b21692eced0716748605a
Napping for 0.936187 seconds...
	liking... {u'likes_remaining': 100, u'match': False}
Aww, it's not a match:(
name: HighHelloThere, id: 5a4f559f5c6220f102eb240b
Napping for 0.896823 seconds...
	liking... {u'likes_remaining': 100, u'match': False}
Aww, it's not a match:(
name: Jessica, id: 5254896b48557c7d20001cc6
Napping for 1.150432 seconds...
	liking... {u'likes_remaining': 100, u'match': False}
Aww, it's not a match:(
name: Madhusmita, id: 57b3dfdd914f3d8b3f0d781a
Napping for 0.114388 seconds...
	liking... {u'likes_remaining': 100, u'match': False}
Aww, it's not a match:(
name: throws UnicodeDecodeError so I cannot say, id: 546d25880155e14c484eaf74
UnicodeDecodeError: 'ascii' codec can't decode byte 0xc4 in position 3: ordinal not in range(128)
Napping for 1.177087 seconds...
	liking... {u'likes_remaining': 100, u'match': False}
Aww, it's not a match:(
name: Georgina, id: 5a5072218289d2414a016d31
Napping for 0.739234 seconds...
	liking... {u'likes_remaining': 100, u'match': False}
Aww, it's not a match:(
name: Karina, id: 5a0571f6b56f6be5038ab0ad
Napping for 0.266831 seconds...
	liking... {u'likes_remaining': 100, u'match': False}
Aww, it's not a match:(
name: Tintu Mon, id: 59b8a872ce28588c1ef725a2
Napping for 0.117918 seconds...
	liking... {u'likes_remaining': 100, u'match': False}
Aww, it's not a match:(
name: Sophia, id: 5a408c399e6f7d6925825256
Napping for 0.342038 seconds...
	liking... {u'likes_remaining': 100, u'match': False}
Aww, it's not a match:(
name: Leslie, id: 595760052bbab83f3754f0fe
Napping for 0.197858 seconds...
	liking... {u'likes_remaining': 100, u'match': False}
Aww, it's not a match:(
name: Alana, id: 5a53184a59021ec15c956515
Napping for 0.192695 seconds...
	liking... {u'likes_remaining': 100, u'match': False}
Aww, it's not a match:(
name: Tuyet, id: 58c22220a1beabaf2be05411
Napping for 0.497173 seconds...
	liking... {u'likes_remaining': 100, u'match': False}
Aww, it's not a match:(
name: Xinyi, id: 58a92a906654d10d0323902f
Napping for 0.167367 seconds...
	liking... {u'likes_remaining': 100, u'match': False}
Aww, it's not a match:(
name: Shallia, id: 59521fe2ba1dc8025700d810
Napping for 0.346975 seconds...
	liking... {u'likes_remaining': 100, u'match': False}
Aww, it's not a match:(
name: Natalie, id: 5711d69f9c4accfe10407914
Napping for 1.038550 seconds...
	liking... {u'likes_remaining': 100, u'match': False}
Aww, it's not a match:(
name: Karina, id: 5a499ce99e6f7d6925884d94
Napping for 0.338058 seconds...
	liking... {u'likes_remaining': 100, u'match': False}
Aww, it's not a match:(
name: Jessica, id: 54df02bd89e250a2795c9309
Napping for 0.370868 seconds...
	liking... {u'likes_remaining': 100, u'match': False}
Aww, it's not a match:(
name: Macayla, id: 58b81b03b820dd4b45d04060
Napping for 1.068812 seconds...
	liking... {u'likes_remaining': 100, u'match': False}
Aww, it's not a match:(
name: Brooke, id: 5a4a71c236e65f961d5783c4
Napping for 0.929240 seconds...
	liking... {u'likes_remaining': 100, u'match': False}
Aww, it's not a match:(
name: hailey, id: 599d0ea7f6b7eaf82c14271b
Napping for 0.627457 seconds...
	liking... {u'rate_limited_until': 1515860660536, u'likes_remaining': 0, u'match': False}
Aww, it's not a match:(
out of likes. Closing...
name: Lauren, id: 59fdfbaf8ca924e157376633
Napping for 0.109294 seconds...
	liking... {u'rate_limited_until': 1515860660536, u'likes_remaining': 0, u'match': False}
Aww, it's not a match:(
out of likes. Closing...
name: Lucy, id: 5998a9d457ad3fcd5cd10f79
Napping for 0.284310 seconds...
	liking... {u'rate_limited_until': 1515860660536, u'likes_remaining': 0, u'match': False}
Aww, it's not a match:(
out of likes. Closing...
name: Lin, id: 57788a65ece15c4813b6de31
Napping for 0.662027 seconds...
	liking... {u'rate_limited_until': 1515860660536, u'likes_remaining': 0, u'match': False}
Aww, it's not a match:(
out of likes. Closing...
name: Katie, id: 59c48333d134935f459c0df5
Napping for 0.401244 seconds...
	liking... {u'rate_limited_until': 1515860660536, u'likes_remaining': 0, u'match': False}
Aww, it's not a match:(
out of likes. Closing...
name: Sara, id: 5a51cf8ecb58ec106ae064c2
Napping for 1.069921 seconds...
	liking... {u'rate_limited_until': 1515860660536, u'likes_remaining': 0, u'match': False}
Aww, it's not a match:(
out of likes. Closing...
name: Trinaa, id: 572bd5e7e98061140cbbf611
Napping for 0.395634 seconds...
	liking... {u'rate_limited_until': 1515860660536, u'likes_remaining': 0, u'match': False}
Aww, it's not a match:(
out of likes. Closing...
name: Samantha, id: 5a4874b22eced0716746cc86
Napping for 1.145834 seconds...
	liking... {u'rate_limited_until': 1515860660536, u'likes_remaining': 0, u'match': False}
Aww, it's not a match:(
out of likes. Closing...
name: Maureen, id: 5a4a89879e6f7d692588d462
Napping for 0.792397 seconds...
	liking... {u'rate_limited_until': 1515860660536, u'likes_remaining': 0, u'match': False}
Aww, it's not a match:(
out of likes. Closing...
name: Clara, id: 57847b5996d518311508ae63
Napping for 0.820853 seconds...
	liking... {u'rate_limited_until': 1515860660536, u'likes_remaining': 0, u'match': False}
Aww, it's not a match:(
out of likes. Closing...
name: Valeria, id: 5a4b546f702237291d1776c8
Napping for 1.189264 seconds...
	liking... {u'rate_limited_until': 1515860660536, u'likes_remaining': 0, u'match': False}
Aww, it's not a match:(
out of likes. Closing...
name: Talita, id: 5250b4f4012a8533130023d7
Napping for 0.313398 seconds...
	liking... {u'rate_limited_until': 1515860660536, u'likes_remaining': 0, u'match': False}
Aww, it's not a match:(
out of likes. Closing...
name: Maya, id: 5a55dc5d133b2393694df88e
Napping for 0.447740 seconds...
	liking... {u'rate_limited_until': 1515860660536, u'likes_remaining': 0, u'match': False}
Aww, it's not a match:(
out of likes. Closing...
name: Marie, id: 59ced25eaa5a9a9c7010a425
Napping for 0.249848 seconds...
	liking... {u'rate_limited_until': 1515860660536, u'likes_remaining': 0, u'match': False}
Aww, it's not a match:(
out of likes. Closing...
