You have been successfully authorized!
running main
likes remaining: 100
name: Jordan, id: 539b6c68ac437428612690df
Napping for 0.573627 seconds...
	liking... {u'likes_remaining': 100, u'match': False}
Aww, it's not a match:(
name: Phimvana, id: 5a3dede1199b629412d93b15
Napping for 0.092443 seconds...
	liking... {u'likes_remaining': 100, u'match': False}
Aww, it's not a match:(
name: Raychel, id: 59f177bf72a405807d59eee7
Napping for 0.704703 seconds...
	liking... {u'likes_remaining': 100, u'match': False}
Aww, it's not a match:(
name: Drew, id: 54d3ce6ef1a4e4e90b17e394
Napping for 0.360843 seconds...
	liking... {u'likes_remaining': 100, u'match': False}
Aww, it's not a match:(
name: Katia, id: 5a4350dc56899e2525a1531a
Napping for 0.078212 seconds...
	liking... {u'likes_remaining': 100, u'match': False}
Aww, it's not a match:(
name: Bobbie, id: 5984a2d3b33bbdbd4ba01798
Napping for 0.706966 seconds...
	liking... {u'likes_remaining': 100, u'match': False}
Aww, it's not a match:(
name: Abi, id: 5a39f7f638ce27bf259a84d4
Napping for 0.880485 seconds...
	liking... {u'likes_remaining': 100, u'match': False}
Aww, it's not a match:(
name: Yaoyao, id: 55af66eac9d519887f4d6ecf
Napping for 0.707936 seconds...
	liking... {u'likes_remaining': 100, u'match': False}
Aww, it's not a match:(
name: Sheriah, id: 5499322e6f02f4d575dc0149
Napping for 0.906446 seconds...
	liking... {u'likes_remaining': 100, u'match': False}
Aww, it's not a match:(
name: Dana, id: 5a2f44b2cb3615370d0e5fcd
Napping for 0.373213 seconds...
	liking... {u'likes_remaining': 100, u'match': False}
Aww, it's not a match:(
name: Hannah, id: 5a0c6d8f80ba23df7160cc17
Napping for 0.847395 seconds...
	liking... {u'likes_remaining': 100, u'match': False}
Aww, it's not a match:(
name: Ewelina, id: 59d947df85a955ed4b09de70
Napping for 0.854704 seconds...
	liking... {u'likes_remaining': 100, u'match': False}
Aww, it's not a match:(
name: Janelle, id: 5a43ff29faabd2bc617c2517
Napping for 0.754163 seconds...
	liking... {u'likes_remaining': 100, u'match': False}
Aww, it's not a match:(
name: Marisa, id: 5a3cc6ffab2fd03e7b71fdf0
Napping for 0.934702 seconds...
	liking... {u'likes_remaining': 100, u'match': False}
Aww, it's not a match:(
name: Sabrina, id: 579e4082c0f2cb5c140b4a76
Napping for 0.575952 seconds...
	liking... {u'likes_remaining': 100, u'match': False}
Aww, it's not a match:(
name: Vivian, id: 5a4055f92eced07167405253
Napping for 0.679126 seconds...
	liking... {u'likes_remaining': 100, u'match': False}
Aww, it's not a match:(
name: Gracie, id: 5399e4b9d9709cdb51075285
Napping for 1.108706 seconds...
	liking... {u'likes_remaining': 100, u'match': False}
Aww, it's not a match:(
name: Jenna, id: 5483e41bcaccd6a24ec7e7bb
Napping for 0.286616 seconds...
	liking... {u'likes_remaining': 100, u'match': False}
Aww, it's not a match:(
name: Kathleen, id: 59f11d1ff067063b60ede1ca
Napping for 0.551272 seconds...
	liking... {u'likes_remaining': 100, u'match': False}
Aww, it's not a match:(
name: Judy, id: 5a191b87ff59cbf76c1f37a3
Napping for 1.057334 seconds...
	liking... {u'likes_remaining': 100, u'match': False}
Aww, it's not a match:(
name: Rubi, id: 5a35dcc2cb3615370d124e34
Napping for 0.510242 seconds...
	liking... {u'likes_remaining': 100, u'match': False}
Aww, it's not a match:(
name: Luke, id: 540bc0b85b0ae20a75565bdd
Napping for 0.838713 seconds...
	liking... {u'likes_remaining': 100, u'match': False}
Aww, it's not a match:(
name: Priscilla, id: 56dd4ccf2e5f643b31f0d3f5
Napping for 0.814692 seconds...
	liking... {u'likes_remaining': 100, u'match': False}
Aww, it's not a match:(
name: Virginia, id: 5785587846efb7ce5a8fcf5c
Napping for 0.430029 seconds...
	liking... {u'likes_remaining': 100, u'match': False}
Aww, it's not a match:(
name: Margaret, id: 54262a00a2b01e380fbaa0e6
Napping for 0.985896 seconds...
	liking... {u'likes_remaining': 100, u'match': False}
Aww, it's not a match:(
name: Stefanie, id: 55c93ac77264c51b7fe8e1e6
Napping for 0.637683 seconds...
	liking... {u'likes_remaining': 100, u'match': False}
Aww, it's not a match:(
name: Savana, id: 56f985b3201e88c46b43012e
Napping for 0.887266 seconds...
	liking... {u'likes_remaining': 100, u'match': False}
Aww, it's not a match:(
name: Varshine, id: 59890157f6360c4e132935eb
Napping for 0.588175 seconds...
	liking... {u'likes_remaining': 100, u'match': False}
Aww, it's not a match:(
name: Kci, id: 59ffe1fcb103ab885a5b21da
Napping for 0.323979 seconds...
	liking... {u'likes_remaining': 100, u'match': False}
Aww, it's not a match:(
name: Kelsey, id: 5a448e4bfaabd2bc617ca112
Napping for 0.224529 seconds...
	liking... {u'likes_remaining': 100, u'match': False}
Aww, it's not a match:(
name: Jenna, id: 54cd53cdc568a8270c1b9ea4
Napping for 1.090295 seconds...
	liking... {u'likes_remaining': 100, u'match': False}
Aww, it's not a match:(
name: Kerissa, id: 5699fde0c8ac2dde52d310dc
Napping for 0.627921 seconds...
	liking... {u'likes_remaining': 100, u'match': False}
Aww, it's not a match:(
name: Alyssa, id: 5a3c0ddf1d4418644c2ec8ec
Napping for 0.927120 seconds...
	liking... {u'likes_remaining': 100, u'match': False}
Aww, it's not a match:(
name: Ruby, id: 5a38dda246f0e4ef0d2939ce
Napping for 0.655088 seconds...
	liking... {u'likes_remaining': 100, u'match': False}
Aww, it's not a match:(
name: Christine, id: 591b13e5049d9d091cd17403
Napping for 0.219215 seconds...
	liking... {u'likes_remaining': 100, u'match': False}
Aww, it's not a match:(
name: Kayla, id: 59c8864dd7e0db1176e519ae
Napping for 0.679727 seconds...
	liking... {u'likes_remaining': 100, u'match': False}
Aww, it's not a match:(
name: Jm, id: 5551050d45b5177778e70680
Napping for 0.974916 seconds...
	liking... {u'likes_remaining': 100, u'match': False}
Aww, it's not a match:(
name: Jocelin, id: 59c981e9a43bba643832f70a
Napping for 0.769015 seconds...
	liking... {u'likes_remaining': 100, u'match': False}
Aww, it's not a match:(
name: Paige, id: 5912979db3fde3f30c47cf37
Napping for 0.287313 seconds...
	liking... {u'likes_remaining': 100, u'match': False}
Aww, it's not a match:(
name: Sarah, id: 549a2d10e7f19c921debfca6
Napping for 0.232705 seconds...
	liking... {u'likes_remaining': 100, u'match': False}
Aww, it's not a match:(
name: Talela, id: 56da307edb0a5f563d22b17b
Napping for 0.783175 seconds...
	liking... {u'likes_remaining': 100, u'match': False}
Aww, it's not a match:(
name: Ceci, id: 55a936ea84ed7f26598d9c49
Napping for 0.160358 seconds...
	liking... {u'likes_remaining': 100, u'match': False}
Aww, it's not a match:(
name: Christina, id: 5a3dfb4e4584d1451e4942c2
Napping for 0.576271 seconds...
	liking... {u'likes_remaining': 100, u'match': False}
Aww, it's not a match:(
name: Kinsey, id: 588447b0f8baa52f68482520
Napping for 1.168594 seconds...
	liking... {u'likes_remaining': 100, u'match': False}
Aww, it's not a match:(
name: Bhagya, id: 58ba3c308a8324bc24b47af1
Napping for 0.141680 seconds...
	liking... {u'likes_remaining': 100, u'match': False}
Aww, it's not a match:(
name: Keana, id: 5a432b032788ab671ef4701b
Napping for 0.775513 seconds...
	liking... {u'likes_remaining': 100, u'match': False}
Aww, it's not a match:(
name: Kira, id: 53b8708f4dfc9dd434630efc
Napping for 0.661026 seconds...
	liking... {u'likes_remaining': 100, u'match': False}
Aww, it's not a match:(
name: Erica, id: 585a686170e46f84068aa07b
Napping for 0.896942 seconds...
	liking... {u'likes_remaining': 100, u'match': False}
Aww, it's not a match:(
name: Wesley, id: 55cfa3091e66dff13ea0f014
Napping for 0.415576 seconds...
	liking... {u'likes_remaining': 100, u'match': False}
Aww, it's not a match:(
name: Anh, id: 5a3f2ca656899e25259f2622
Napping for 1.151277 seconds...
	liking... {u'likes_remaining': 100, u'match': False}
Aww, it's not a match:(
name: Jassmin, id: 5a4461f75920884b1d575fff
Napping for 0.465681 seconds...
	liking... {u'likes_remaining': 100, u'match': False}
Aww, it's not a match:(
name: Audra, id: 5a41c3efe8dc17aa1e9ccac9
Napping for 0.719276 seconds...
	liking... {u'likes_remaining': 100, u'match': False}
Aww, it's not a match:(
name: Maggie, id: 5a3edc575f165d7212340550
Napping for 0.151264 seconds...
	liking... {u'likes_remaining': 100, u'match': False}
Aww, it's not a match:(
name: Lindsey, id: 595df0878439c3e372915aaa
Napping for 0.424471 seconds...
	liking... {u'likes_remaining': 100, u'match': False}
Aww, it's not a match:(
name: Kjersti, id: 576da165e7293fdd747e8137
Napping for 0.836637 seconds...
	liking... {u'likes_remaining': 100, u'match': False}
Aww, it's not a match:(
name: Megan, id: 586606c918ac499f0ab733e8
Napping for 0.171887 seconds...
	liking... {u'likes_remaining': 100, u'match': False}
Aww, it's not a match:(
name: Rona, id: 58bbea428586d40450224258
Napping for 0.251066 seconds...
	liking... {u'likes_remaining': 100, u'match': False}
Aww, it's not a match:(
name: Nat, id: 5a444f34faabd2bc617c9205
Napping for 0.524815 seconds...
	liking... {u'likes_remaining': 100, u'match': False}
Aww, it's not a match:(
name: Jen, id: 5a444c465f165d721237e1d6
Napping for 1.105055 seconds...
	liking... {u'likes_remaining': 100, u'match': False}
Aww, it's not a match:(
name: Isabelle, id: 54b16d4985d7b00f13d3603e
Napping for 0.792441 seconds...
	liking... {u'likes_remaining': 100, u'match': False}
Aww, it's not a match:(
name: Sara, id: 549a193d3580ef2b79e9e4cd
Napping for 0.004465 seconds...
	liking... {u'likes_remaining': 100, u'match': False}
Aww, it's not a match:(
name: Emma, id: 576b4fd12640462469b2b5ec
Napping for 0.005355 seconds...
	liking... {u'likes_remaining': 100, u'match': False}
Aww, it's not a match:(
name: Isabel, id: 5864887516e040600a5db6b8
Napping for 0.662623 seconds...
	liking... {u'likes_remaining': 100, u'match': False}
Aww, it's not a match:(
name: Jes, id: 5299598947d8dcf43e00010a
Napping for 0.509510 seconds...
	liking... {u'likes_remaining': 100, u'match': False}
Aww, it's not a match:(
name: Ashly, id: 5a43de049e6f7d6925847c62
Napping for 0.623223 seconds...
	liking... {u'likes_remaining': 100, u'match': False}
Aww, it's not a match:(
name: Delilah, id: 574b6f83b84b28550bd73b7f
Napping for 0.531817 seconds...
	liking... {u'likes_remaining': 100, u'match': False}
Aww, it's not a match:(
name: Maya, id: 59ab44ac804b5dcd02d882bd
Napping for 0.611884 seconds...
	liking... {u'likes_remaining': 100, u'match': False}
Aww, it's not a match:(
name: Remi, id: 5a44ae65199b629412dd46cb
Napping for 0.876551 seconds...
	liking... {u'rate_limited_until': 1514526757200, u'likes_remaining': 0, u'match': False}
Aww, it's not a match:(
name: Maynhia, id: 5918d2187470355d1ca28aa0
Napping for 0.032685 seconds...
	liking... {u'rate_limited_until': 1514526757200, u'likes_remaining': 0, u'match': False}
Aww, it's not a match:(
name: Cyn, id: 5988015d3c99f19c4bcefaf0
Napping for 0.221489 seconds...
	liking... {u'rate_limited_until': 1514526757200, u'likes_remaining': 0, u'match': False}
Aww, it's not a match:(
name: Joy, id: 54215e6fde3a987a79d12dec
Napping for 0.262837 seconds...
	liking... {u'rate_limited_until': 1514526757200, u'likes_remaining': 0, u'match': False}
Aww, it's not a match:(
name: AgenaMarie, id: 5a43ebed958bba891e47d460
Napping for 0.281998 seconds...
	liking... {u'rate_limited_until': 1514526757200, u'likes_remaining': 0, u'match': False}
Aww, it's not a match:(
name: Katie, id: 5395475b8b8b33207bd8c8b7
Napping for 0.332191 seconds...
	liking... {u'rate_limited_until': 1514526757200, u'likes_remaining': 0, u'match': False}
Aww, it's not a match:(
name: Sarah, id: 52f7045386e3c58511000ec8
Napping for 0.042259 seconds...
	liking... {u'rate_limited_until': 1514526757200, u'likes_remaining': 0, u'match': False}
Aww, it's not a match:(
name: Carla, id: 5a2677b67a77a8d703066fd2
Napping for 1.136733 seconds...
	liking... {u'rate_limited_until': 1514526757200, u'likes_remaining': 0, u'match': False}
Aww, it's not a match:(
name: Kathleen, id: 59f04cbbf067063b60ed4dd0
Napping for 0.278957 seconds...
	liking... {u'rate_limited_until': 1514526757200, u'likes_remaining': 0, u'match': False}
Aww, it's not a match:(
name: Colleen, id: 55b579a7e2e2661e4fe8f06b
Napping for 1.097222 seconds...
	liking... {u'rate_limited_until': 1514526757200, u'likes_remaining': 0, u'match': False}
Aww, it's not a match:(
name: Liat, id: 5898066f4800b9610abc94c6
Napping for 0.180307 seconds...
	liking... {u'rate_limited_until': 1514526757200, u'likes_remaining': 0, u'match': False}
Aww, it's not a match:(
name: Hailey, id: 543ef482219549453d1e608b
Napping for 0.858130 seconds...
	liking... {u'rate_limited_until': 1514526757200, u'likes_remaining': 0, u'match': False}
Aww, it's not a match:(
name: Aakanksha, id: 547e4db95ad2092f3879a6cc
Napping for 0.530252 seconds...
	liking... {u'rate_limited_until': 1514526757200, u'likes_remaining': 0, u'match': False}
Aww, it's not a match:(
name: Yasmin, id: 57257deada6abe6713d285db
Napping for 0.141956 seconds...
	liking... {u'rate_limited_until': 1514526757200, u'likes_remaining': 0, u'match': False}
Aww, it's not a match:(
name: Jossie, id: 5a05153b9ff213da03e75ef7
Napping for 0.059605 seconds...
	liking... {u'rate_limited_until': 1514526757200, u'likes_remaining': 0, u'match': False}
Aww, it's not a match:(
name: Rebecca, id: 55dd4bfad0e8fdd8541039eb
Napping for 0.826258 seconds...
	liking... {u'rate_limited_until': 1514526757200, u'likes_remaining': 0, u'match': False}
Aww, it's not a match:(
name: Viri, id: 5a449decb86023b5127e7cd4
Napping for 0.126910 seconds...
	liking... {u'rate_limited_until': 1514526757200, u'likes_remaining': 0, u'match': False}
Aww, it's not a match:(
name: Celi, id: 5a2cb346c32aba580da922e0
Napping for 0.656336 seconds...
	liking... {u'rate_limited_until': 1514526757200, u'likes_remaining': 0, u'match': False}
Aww, it's not a match:(
name: Slyn, id: 57aaa193518989095a98f3e3
Napping for 0.178095 seconds...
	liking... {u'rate_limited_until': 1514526757200, u'likes_remaining': 0, u'match': False}
Aww, it's not a match:(
name: Gisela, id: 5890458273564ae27e854bbd
Napping for 1.194407 seconds...
	liking... {u'rate_limited_until': 1514526757200, u'likes_remaining': 0, u'match': False}
Aww, it's not a match:(
name: Emma, id: 598154d3b094df0359c1f80a
Napping for 1.004978 seconds...
	liking... {u'rate_limited_until': 1514526757200, u'likes_remaining': 0, u'match': False}
Aww, it's not a match:(
name: Tiffany, id: 511f2593b1ff882b150003d6
Napping for 0.694256 seconds...
	liking... {u'rate_limited_until': 1514526757200, u'likes_remaining': 0, u'match': False}
Aww, it's not a match:(
name: Komal, id: 59b995185df5efaf0a34baa7
Napping for 0.881596 seconds...
	liking... {u'rate_limited_until': 1514526757200, u'likes_remaining': 0, u'match': False}
Aww, it's not a match:(
name: Alisha, id: 5a3463cbcb3615370d114921
Napping for 0.228683 seconds...
	liking... {u'rate_limited_until': 1514526757200, u'likes_remaining': 0, u'match': False}
Aww, it's not a match:(
name: Diane, id: 549b9fcc6485214e3d01f904
Napping for 1.165059 seconds...
	liking... {u'rate_limited_until': 1514526757200, u'likes_remaining': 0, u'match': False}
Aww, it's not a match:(
name: Katya, id: 5a3c18273b1a3e9257d64b98
Napping for 0.608919 seconds...
	liking... {u'rate_limited_until': 1514526757200, u'likes_remaining': 0, u'match': False}
Aww, it's not a match:(
name: Kaitlin, id: 5a04dcedb56f6be5038a4a6f
Napping for 0.196557 seconds...
	liking... {u'rate_limited_until': 1514526757200, u'likes_remaining': 0, u'match': False}
Aww, it's not a match:(
name: Mallory, id: 5a40adbb36e65f961d4fc4f9
Napping for 1.098776 seconds...
	liking... {u'rate_limited_until': 1514526757200, u'likes_remaining': 0, u'match': False}
Aww, it's not a match:(
name: Sam, id: 59dba5c06830afb726814afa
Napping for 1.161080 seconds...
	liking... {u'rate_limited_until': 1514526757200, u'likes_remaining': 0, u'match': False}
Aww, it's not a match:(
name: Alondra, id: 5a2bb6e3c32aba580da8825b
Napping for 0.494211 seconds...
	liking... {u'rate_limited_until': 1514526757200, u'likes_remaining': 0, u'match': False}
Aww, it's not a match:(
name: Ema, id: 56b962efea33563d336f27be
Napping for 0.106328 seconds...
	liking... {u'rate_limited_until': 1514526757200, u'likes_remaining': 0, u'match': False}
Aww, it's not a match:(
name: Lauren, id: 59eac40db88423105d85355d
Napping for 0.450810 seconds...
	liking... {u'rate_limited_until': 1514526757200, u'likes_remaining': 0, u'match': False}
Aww, it's not a match:(
name: Claire, id: 582fc44ec3c7a1d576fe168f
Napping for 0.863227 seconds...
	liking... {u'rate_limited_until': 1514526757200, u'likes_remaining': 0, u'match': False}
Aww, it's not a match:(
name: Stefani, id: 5a3ab6340f930040268510ab
Napping for 1.046686 seconds...
	liking... {u'rate_limited_until': 1514526757200, u'likes_remaining': 0, u'match': False}
Aww, it's not a match:(
name: Vivian, id: 5a3c5d41c0fcbd7f02bdfbca
Napping for 0.282608 seconds...
	liking... {u'rate_limited_until': 1514526757200, u'likes_remaining': 0, u'match': False}
Aww, it's not a match:(
name: Katie, id: 5a2b75c1c42152b31677d5ac
Napping for 0.851659 seconds...
	liking... {u'rate_limited_until': 1514526757200, u'likes_remaining': 0, u'match': False}
Aww, it's not a match:(
name: Danielle, id: 51b69fb097d443010500251c
Napping for 0.197870 seconds...
	liking... {u'rate_limited_until': 1514526757200, u'likes_remaining': 0, u'match': False}
Aww, it's not a match:(
name: Jena, id: 5429f449cd9ecbe448c23a95
Napping for 1.120861 seconds...
	liking... {u'rate_limited_until': 1514526757200, u'likes_remaining': 0, u'match': False}
Aww, it's not a match:(
name: Isabella, id: 5a1d7f306dce70a963ecda56
Napping for 0.801138 seconds...
	liking... {u'rate_limited_until': 1514526757200, u'likes_remaining': 0, u'match': False}
Aww, it's not a match:(
name: Jackie, id: 5a404c4398f95f50125b223a
Napping for 0.027036 seconds...
	liking... {u'rate_limited_until': 1514526757200, u'likes_remaining': 0, u'match': False}
Aww, it's not a match:(
name: Linni, id: 59f18511eaf6441160f54c14
Napping for 0.818589 seconds...
	liking... {u'rate_limited_until': 1514526757200, u'likes_remaining': 0, u'match': False}
Aww, it's not a match:(
name: Brieanna, id: 59d701926830afb7267d33b3
Napping for 0.483780 seconds...
	liking... {u'rate_limited_until': 1514526757200, u'likes_remaining': 0, u'match': False}
Aww, it's not a match:(
name: Michelle, id: 52a9339212f61be00c00003a
Napping for 1.066925 seconds...
	liking... {u'rate_limited_until': 1514526757200, u'likes_remaining': 0, u'match': False}
Aww, it's not a match:(
name: Summer, id: 5a2c99fa4ce394d41650ee6e
Napping for 1.089430 seconds...
	liking... {u'rate_limited_until': 1514526757200, u'likes_remaining': 0, u'match': False}
Aww, it's not a match:(
name: Jasmine, id: 580543dfc6ad6f9c7f761746
Napping for 0.491709 seconds...
	liking... {u'rate_limited_until': 1514526757200, u'likes_remaining': 0, u'match': False}
Aww, it's not a match:(
name: Sami, id: 5458458387150e4403507a88
Napping for 0.301723 seconds...
	liking... {u'rate_limited_until': 1514526757200, u'likes_remaining': 0, u'match': False}
Aww, it's not a match:(
name: Lisa, id: 59c85575602d0d5a3d2bba92
Napping for 0.900082 seconds...
	liking... {u'rate_limited_until': 1514526757200, u'likes_remaining': 0, u'match': False}
Aww, it's not a match:(
name: Ashley, id: 574c778282dbcbfd0b5bfb64
Napping for 1.164975 seconds...
	liking... {u'rate_limited_until': 1514526757200, u'likes_remaining': 0, u'match': False}
Aww, it's not a match:(
name: Alice, id: 5a430ba2aa9e1a4725d269ab
Napping for 1.024640 seconds...
	liking... {u'rate_limited_until': 1514526757200, u'likes_remaining': 0, u'match': False}
Aww, it's not a match:(
name: Kim, id: 59f6cb632887e49e0c515ce9
Napping for 0.485219 seconds...
	liking... {u'rate_limited_until': 1514526757200, u'likes_remaining': 0, u'match': False}
Aww, it's not a match:(
name: Sarah, id: 53714f1433ec04e3030048a1
Napping for 1.082176 seconds...
	liking... {u'rate_limited_until': 1514526757200, u'likes_remaining': 0, u'match': False}
Aww, it's not a match:(
name: Kylie, id: 595d50d6fe142bc5722599d7
Napping for 1.128228 seconds...
	liking... {u'rate_limited_until': 1514526757200, u'likes_remaining': 0, u'match': False}
Aww, it's not a match:(
name: Jasmine, id: 5a3cb182f77d1c966e7dc9cb
Napping for 0.808979 seconds...
	liking... {u'rate_limited_until': 1514526757200, u'likes_remaining': 0, u'match': False}
Aww, it's not a match:(
name: Selin, id: 5a21eafbe1b2cbde7767090e
Napping for 0.087866 seconds...
	liking... {u'rate_limited_until': 1514526757200, u'likes_remaining': 0, u'match': False}
Aww, it's not a match:(
name: Ally, id: 5a4329c82eced071674296d8
Napping for 0.785424 seconds...
	liking... {u'rate_limited_until': 1514526757200, u'likes_remaining': 0, u'match': False}
Aww, it's not a match:(
name: Deeksha, id: 54e17444140eb33c78877595
Napping for 0.310329 seconds...
	liking... {u'rate_limited_until': 1514526757200, u'likes_remaining': 0, u'match': False}
Aww, it's not a match:(
name: Malena, id: 5a43034156899e2525a10da1
Napping for 0.111954 seconds...
	liking... {u'rate_limited_until': 1514526757200, u'likes_remaining': 0, u'match': False}
Aww, it's not a match:(
name: Elizabeth, id: 5498a00b918f1ec272f1ee1e
Napping for 0.613702 seconds...
	liking... {u'rate_limited_until': 1514526757200, u'likes_remaining': 0, u'match': False}
Aww, it's not a match:(
name: Karma, id: 58c76407418c019a0f15e215
Napping for 0.817820 seconds...
	liking... {u'rate_limited_until': 1514526757200, u'likes_remaining': 0, u'match': False}
Aww, it's not a match:(
name: Shannon, id: 5808520a439664b3506598f8
Napping for 0.674621 seconds...
	liking... {u'rate_limited_until': 1514526757200, u'likes_remaining': 0, u'match': False}
Aww, it's not a match:(
name: Heather, id: 5a3990ecda699dda38664812
Napping for 0.569480 seconds...
	liking... {u'rate_limited_until': 1514526757200, u'likes_remaining': 0, u'match': False}
Aww, it's not a match:(
name: Belin, id: 5248676cb3efe0296800000b
Napping for 0.254466 seconds...
	liking... {u'rate_limited_until': 1514526757200, u'likes_remaining': 0, u'match': False}
Aww, it's not a match:(
name: Lauren, id: 58f41ebb5a74cc0e24bd0361
Napping for 0.054821 seconds...
	liking... {u'rate_limited_until': 1514526757200, u'likes_remaining': 0, u'match': False}
Aww, it's not a match:(
name: Raina, id: 5a434e495920884b1d567ff7
Napping for 0.327352 seconds...
	liking... {u'rate_limited_until': 1514526757200, u'likes_remaining': 0, u'match': False}
Aww, it's not a match:(
name: Shwetha, id: 5a0d29c380ba23df71618807
Napping for 0.763087 seconds...
	liking... {u'rate_limited_until': 1514526757200, u'likes_remaining': 0, u'match': False}
Aww, it's not a match:(
name: Pooja, id: 51f062f521a4ef7b0400000d
Napping for 0.244788 seconds...
	liking... {u'rate_limited_until': 1514526757200, u'likes_remaining': 0, u'match': False}
Aww, it's not a match:(
name: Nicole, id: 5869e1645ba54a61354b1868
Napping for 0.353257 seconds...
	liking... {u'rate_limited_until': 1514526757200, u'likes_remaining': 0, u'match': False}
Aww, it's not a match:(
name: Bri, id: 5a153f8048b5722c69d6c8eb
Napping for 0.192116 seconds...
	liking... {u'rate_limited_until': 1514526757200, u'likes_remaining': 0, u'match': False}
Aww, it's not a match:(
name: Jenny, id: 5a3b026b0f25f3fc31af8da7
Napping for 0.338473 seconds...
	liking... {u'rate_limited_until': 1514526757200, u'likes_remaining': 0, u'match': False}
Aww, it's not a match:(
name: Aani, id: 59c47c92404c9a003659f4fc
Napping for 0.103086 seconds...
	liking... {u'rate_limited_until': 1514526757200, u'likes_remaining': 0, u'match': False}
Aww, it's not a match:(
name: Jessica, id: 5975435cddf9b7836d5f9122
Napping for 0.548332 seconds...
	liking... {u'rate_limited_until': 1514526757200, u'likes_remaining': 0, u'match': False}
Aww, it's not a match:(
name: Ani, id: 59adc56a804b5dcd02da4d6e
Napping for 0.864430 seconds...
	liking... {u'rate_limited_until': 1514526757200, u'likes_remaining': 0, u'match': False}
Aww, it's not a match:(
name: Aimee, id: 56cfb9c611efebf12bac862b
Napping for 0.073320 seconds...
	liking... {u'rate_limited_until': 1514526757200, u'likes_remaining': 0, u'match': False}
Aww, it's not a match:(
name: Marsela, id: 5a4000c8e8dc17aa1e9c3d5f
Napping for 0.415609 seconds...
	liking... {u'rate_limited_until': 1514526757200, u'likes_remaining': 0, u'match': False}
Aww, it's not a match:(
name: Kelia, id: 5931006641264cb43252e887
Napping for 0.772991 seconds...
	liking... {u'rate_limited_until': 1514526757200, u'likes_remaining': 0, u'match': False}
Aww, it's not a match:(
name: Gloria, id: 59cfb97019606eb15cd9618c
Napping for 0.383179 seconds...
	liking... {u'rate_limited_until': 1514526757200, u'likes_remaining': 0, u'match': False}
Aww, it's not a match:(
name: Shritama, id: 58b266be15f4ca4d77ffc0ac
Napping for 0.880864 seconds...
	liking... {u'rate_limited_until': 1514526757200, u'likes_remaining': 0, u'match': False}
Aww, it's not a match:(
name: Esmeralda, id: 5a3c26a891a7c8b976144dbb
Napping for 1.128870 seconds...
	liking... {u'rate_limited_until': 1514526757200, u'likes_remaining': 0, u'match': False}
Aww, it's not a match:(
name: Jeanne, id: 56bd7b30e37f78b41ff7a668
Napping for 0.697699 seconds...
	liking... {u'rate_limited_until': 1514526757200, u'likes_remaining': 0, u'match': False}
Aww, it's not a match:(
name: Cindy, id: 5734b95743aa684e0bb900f3
Napping for 0.309534 seconds...
	liking... {u'rate_limited_until': 1514526757200, u'likes_remaining': 0, u'match': False}
Aww, it's not a match:(
name: Aidan, id: 59bf2c9da360601c45c628f2
Napping for 0.797628 seconds...
	liking... {u'rate_limited_until': 1514526757200, u'likes_remaining': 0, u'match': False}
Aww, it's not a match:(
name: Fox, id: 548d26b9a36ddbf845854f5f
Napping for 1.145177 seconds...
	liking... {u'rate_limited_until': 1514526757200, u'likes_remaining': 0, u'match': False}
Aww, it's not a match:(
name: Sam, id: 5a41aaa25f165d721236099d
Napping for 0.334097 seconds...
	liking... {u'rate_limited_until': 1514526757200, u'likes_remaining': 0, u'match': False}
Aww, it's not a match:(
name: Anna, id: 57cde4d4eb9d168f2ebda813
Napping for 1.174420 seconds...
	liking... {u'rate_limited_until': 1514526757200, u'likes_remaining': 0, u'match': False}
Aww, it's not a match:(
name: Francesca, id: 57a42491f1dd568907021fe4
Napping for 0.880037 seconds...
	liking... {u'rate_limited_until': 1514526757200, u'likes_remaining': 0, u'match': False}
Aww, it's not a match:(
name: Gisela, id: 5690057b4fa33cbc3449bb51
Napping for 0.237776 seconds...
	liking... {u'rate_limited_until': 1514526757200, u'likes_remaining': 0, u'match': False}
Aww, it's not a match:(
name: Susie, id: 5a0ff00a2b1e79b001726609
Napping for 1.125053 seconds...
	liking... {u'rate_limited_until': 1514526757200, u'likes_remaining': 0, u'match': False}
Aww, it's not a match:(
name: Nicole, id: 540fe0c3a63bacf34c65e9bc
Napping for 0.400041 seconds...
	liking... {u'rate_limited_until': 1514526757200, u'likes_remaining': 0, u'match': False}
Aww, it's not a match:(
name: Kimiko, id: 54ad5f6c7f442758631dd0e8
Napping for 0.371467 seconds...
	liking... {u'rate_limited_until': 1514526757200, u'likes_remaining': 0, u'match': False}
Aww, it's not a match:(
name: Tracie, id: 584788869f54f90e0a3a31e1
Napping for 0.450414 seconds...
	liking... {u'rate_limited_until': 1514526757200, u'likes_remaining': 0, u'match': False}
Aww, it's not a match:(
name: Adie, id: 5403841b9d93692737620bc8
Napping for 0.954453 seconds...
	liking... {u'rate_limited_until': 1514526757200, u'likes_remaining': 0, u'match': False}
Aww, it's not a match:(
name: Mary, id: 58f9cfbdcab19f77600d9ef0
Napping for 0.100576 seconds...
	liking... {u'rate_limited_until': 1514526757200, u'likes_remaining': 0, u'match': False}
Aww, it's not a match:(
name: Marissa, id: 5a3a248d539b43ea3070fc43
Napping for 0.924015 seconds...
	liking... {u'rate_limited_until': 1514526757200, u'likes_remaining': 0, u'match': False}
Aww, it's not a match:(
name: Jae, id: 53c570239a0db0fe7393963a
Napping for 0.297008 seconds...
	liking... {u'rate_limited_until': 1514526757200, u'likes_remaining': 0, u'match': False}
Aww, it's not a match:(
name: Nicole, id: 5619cdbb5a78ba790f12d2ae
Napping for 0.538320 seconds...
	liking... {u'rate_limited_until': 1514526757200, u'likes_remaining': 0, u'match': False}
Aww, it's not a match:(
name: Pho, id: 58d4ab1b5bd74e464cd0ff9d
Napping for 0.898811 seconds...
	liking... {u'rate_limited_until': 1514526757200, u'likes_remaining': 0, u'match': False}
Aww, it's not a match:(
name: Dahlia, id: 5a23d77f5fa2623708ca6f5c
Napping for 0.106787 seconds...
	liking... {u'rate_limited_until': 1514526757200, u'likes_remaining': 0, u'match': False}
Aww, it's not a match:(
name: Ivy, id: 5a419e3400a7d7751d98e840
Napping for 1.112120 seconds...
	liking... {u'rate_limited_until': 1514526757200, u'likes_remaining': 0, u'match': False}
Aww, it's not a match:(
name: Coco, id: 5a3fe2d456899e25259f8348
Napping for 1.164641 seconds...
	liking... {u'rate_limited_until': 1514526757200, u'likes_remaining': 0, u'match': False}
Aww, it's not a match:(
name: Neha, id: 59b49dc92bb628d7316fc4f7
Napping for 0.972782 seconds...
	liking... {u'rate_limited_until': 1514526757200, u'likes_remaining': 0, u'match': False}
Aww, it's not a match:(
name: Khuyen, id: 5969a5aa7c2f47945e76f477
Napping for 0.134616 seconds...
	liking... {u'rate_limited_until': 1514526757200, u'likes_remaining': 0, u'match': False}
Aww, it's not a match:(
name: Xiao, id: 5949de3687505a9930eda754
Napping for 0.503371 seconds...
	liking... {u'rate_limited_until': 1514526757200, u'likes_remaining': 0, u'match': False}
Aww, it's not a match:(
name: Lexi, id: 53177ea1c088c4933600002c
Napping for 0.142236 seconds...
	liking... {u'rate_limited_until': 1514526757200, u'likes_remaining': 0, u'match': False}
Aww, it's not a match:(
name: Leana Karissa, id: 584a0bf9edae2ec413cdaf6f
Napping for 1.148766 seconds...
	liking... {u'rate_limited_until': 1514526757200, u'likes_remaining': 0, u'match': False}
Aww, it's not a match:(
name: Ashley, id: 5a381e65acf7656e05863190
Napping for 0.227932 seconds...
	liking... {u'rate_limited_until': 1514526757200, u'likes_remaining': 0, u'match': False}
Aww, it's not a match:(
name: Chelly, id: 5a3ddb0fe8dc17aa1e9b38cd
Napping for 0.335869 seconds...
	liking... {u'rate_limited_until': 1514526757200, u'likes_remaining': 0, u'match': False}
Aww, it's not a match:(
name: Mayra, id: 5243f208376363110a001da4
Napping for 0.217079 seconds...
	liking... {u'rate_limited_until': 1514526757200, u'likes_remaining': 0, u'match': False}
Aww, it's not a match:(
name: Sneha, id: 57b8b86410484b6c0a21915f
Napping for 1.019490 seconds...
	liking... {u'rate_limited_until': 1514526757200, u'likes_remaining': 0, u'match': False}
Aww, it's not a match:(
name: Alejandra, id: 5a3b4c306180507057d2ed10
Napping for 0.001352 seconds...
	liking... {u'rate_limited_until': 1514526757200, u'likes_remaining': 0, u'match': False}
Aww, it's not a match:(
name: Catherine, id: 532a622e4ada4d9b66001091
Napping for 0.140847 seconds...
	liking... {u'rate_limited_until': 1514526757200, u'likes_remaining': 0, u'match': False}
Aww, it's not a match:(
name: Jess, id: 59eabd86b3b982a907f7e2d6
Napping for 0.871284 seconds...
	liking... {u'rate_limited_until': 1514526757200, u'likes_remaining': 0, u'match': False}
Aww, it's not a match:(
name: Penelope, id: 59c85c9be93823db75b4c7c1
Napping for 0.526466 seconds...
	liking... {u'rate_limited_until': 1514526757200, u'likes_remaining': 0, u'match': False}
Aww, it's not a match:(
name: Hataichanok, id: 59197fa36fe3c7856e23a65d
Napping for 0.456500 seconds...
	liking... {u'rate_limited_until': 1514526757200, u'likes_remaining': 0, u'match': False}
Aww, it's not a match:(
name: Amy, id: 565a70d516cedb36284b3a8d
Napping for 1.094249 seconds...
	liking... {u'rate_limited_until': 1514526757200, u'likes_remaining': 0, u'match': False}
Aww, it's not a match:(
name: Hanna, id: 5341e319a85e44ad3e004d97
Napping for 0.222122 seconds...
	liking... {u'rate_limited_until': 1514526757200, u'likes_remaining': 0, u'match': False}
Aww, it's not a match:(
name: Sofia, id: 59cac40d8a8815db378c2184
Napping for 0.898277 seconds...
	liking... {u'rate_limited_until': 1514526757200, u'likes_remaining': 0, u'match': False}
Aww, it's not a match:(
name: Jackie, id: 58b03cea5e7d732955022d97
Napping for 0.010162 seconds...
	liking... {u'rate_limited_until': 1514526757200, u'likes_remaining': 0, u'match': False}
Aww, it's not a match:(
name: Natalia, id: 5a3a3037afa44416269c7034
Napping for 0.584693 seconds...
	liking... {u'rate_limited_until': 1514526757200, u'likes_remaining': 0, u'match': False}
Aww, it's not a match:(
name: Taylor, id: 51016ffdb25a7c914500002b
Napping for 0.386353 seconds...
	liking... {u'rate_limited_until': 1514526757200, u'likes_remaining': 0, u'match': False}
Aww, it's not a match:(
name: Alxsa, id: 596d7560041451ff2863bbbf
Napping for 0.683817 seconds...
	liking... {u'rate_limited_until': 1514526757200, u'likes_remaining': 0, u'match': False}
Aww, it's not a match:(
name: Angela, id: 599394a9bfbd2adf7c16a58d
Napping for 1.161461 seconds...
	liking... {u'rate_limited_until': 1514526757200, u'likes_remaining': 0, u'match': False}
Aww, it's not a match:(
name: Nisha, id: 5789d648c649d32f54cf7fea
Napping for 0.564061 seconds...
	liking... {u'rate_limited_until': 1514526757200, u'likes_remaining': 0, u'match': False}
Aww, it's not a match:(
name: Georgia, id: 5a3b303271e9b8514c2d6e9d
Napping for 0.094789 seconds...
	liking... {u'rate_limited_until': 1514526757200, u'likes_remaining': 0, u'match': False}
Aww, it's not a match:(
