You have been successfully authorized!
running main
likes remaining: 100
name: Lovejit, id: 530ce6d3543e9e7b3d000056
Napping for 0.868397 seconds...
	liking... {u'likes_remaining': 100, u'match': False}
Aww, it's not a match:(
name: Toni, id: 5285b010ae82de116400004a
Napping for 0.233241 seconds...
	liking... {u'likes_remaining': 100, u'match': False}
Aww, it's not a match:(
name: Angelica, id: 5a53234d59021ec15c956e3f
Napping for 1.048845 seconds...
	liking... {u'likes_remaining': 100, u'match': False}
Aww, it's not a match:(
name: Dominique, id: 5451ea5f29856f0849d9f756
Napping for 0.733924 seconds...
	liking... {u'likes_remaining': 100, u'match': False}
Aww, it's not a match:(
name: Beth, id: 59501e06d108c9e056b10924
Napping for 0.600115 seconds...
	liking... {u'likes_remaining': 100, u'match': False}
Aww, it's not a match:(
name: Kaveri, id: 57fdb3bf98ce4b8440110cd2
Napping for 0.021175 seconds...
	liking... {u'likes_remaining': 100, u'match': False}
Aww, it's not a match:(
name: Lauren, id: 54d279b981f561ff0b4446e2
Napping for 0.901460 seconds...
	liking... {u'likes_remaining': 100, u'match': False}
Aww, it's not a match:(
name: Pia, id: 5a5005fe4a2e8d81437c91f2
Napping for 0.597869 seconds...
	liking... {u'likes_remaining': 100, u'match': False}
Aww, it's not a match:(
name: Marisa, id: 5a52f5f80d4f3e71698dc9bb
Napping for 0.473898 seconds...
	liking... {u'likes_remaining': 100, u'match': False}
Aww, it's not a match:(
name: Emma, id: 52f425955e3ba0011f000d5e
Napping for 0.549149 seconds...
	liking... {u'likes_remaining': 100, u'match': False}
Aww, it's not a match:(
name: Dani, id: 5a529d32cbc712e35cbac549
Napping for 1.029350 seconds...
	liking... {u'likes_remaining': 100, u'match': False}
Aww, it's not a match:(
name: Euni, id: 5a5317a1133b2393694ba684
Napping for 0.652635 seconds...
	liking... {u'likes_remaining': 100, u'match': False}
Aww, it's not a match:(
name: Jannette Lucia, id: 592a599236051d837c1a1f56
Napping for 0.032216 seconds...
	liking... {u'likes_remaining': 100, u'match': False}
Aww, it's not a match:(
name: Elizabeth, id: 53fda22bf180820919a591a8
Napping for 0.494386 seconds...
	liking... {u'likes_remaining': 100, u'match': False}
Aww, it's not a match:(
name: Sithara, id: 5a4f1a025c6220f102eb00e7
Napping for 0.683739 seconds...
	liking... {u'likes_remaining': 100, u'match': False}
Aww, it's not a match:(
name: Jodie, id: 5a4dd91c3eac0236096a6fc8
Napping for 1.147188 seconds...
	liking... {u'likes_remaining': 100, u'match': False}
Aww, it's not a match:(
name: Jennifer, id: 5a52b8fb39394c325d61595c
Napping for 0.348579 seconds...
	liking... {u'likes_remaining': 100, u'match': False}
Aww, it's not a match:(
name: Melissa, id: 5a31bd7af75486d90fd6552a
Napping for 0.982566 seconds...
	liking... {u'likes_remaining': 100, u'match': False}
Aww, it's not a match:(
name: Thu, id: 57d4f7a7e9a7a8ec7e2c590b
Napping for 0.842812 seconds...
	liking... {u'likes_remaining': 100, u'match': False}
Aww, it's not a match:(
name: Michelle, id: 5a12679be975406d01b47c43
Napping for 0.920122 seconds...
	liking... {u'likes_remaining': 100, u'match': False}
Aww, it's not a match:(
name: Morgan, id: 5a3b5b05394cc0c3587e6531
Napping for 0.619821 seconds...
	liking... {u'likes_remaining': 100, u'match': False}
Aww, it's not a match:(
name: Rimi, id: 5a53a34539394c325d61cabf
Napping for 1.174247 seconds...
	liking... {u'likes_remaining': 100, u'match': False}
Aww, it's not a match:(
name: Gabrielle, id: 50dd01088834a99002001edd
Napping for 0.391660 seconds...
	liking... {u'likes_remaining': 100, u'match': False}
Aww, it's not a match:(
name: Ivette, id: 5a4fea8af077ffbd3675155b
Napping for 0.747717 seconds...
	liking... {u'likes_remaining': 100, u'match': False}
Aww, it's not a match:(
name: Millie, id: 591137552fb509a73beefc80
Napping for 0.128210 seconds...
	liking... {u'likes_remaining': 100, u'match': False}
Aww, it's not a match:(
name: Ana Beatriz, id: 550ecebc091aee65196967dc
Napping for 1.167625 seconds...
	liking... {u'likes_remaining': 100, u'match': False}
Aww, it's not a match:(
name: Tiffany Marie, id: 5335ac7c79651c036a000cf5
Napping for 0.744619 seconds...
	liking... {u'likes_remaining': 100, u'match': False}
Aww, it's not a match:(
name: Valarie, id: 5a4c4a3300a7d7751d9f9f4c
Napping for 1.171883 seconds...
	liking... {u'likes_remaining': 100, u'match': False}
Aww, it's not a match:(
name: Vanessa, id: 5a52d81e39394c325d6167e7
Napping for 0.193054 seconds...
	liking... {u'likes_remaining': 100, u'match': False}
Aww, it's not a match:(
name: Megan, id: 5a39f16eebe5877d3232b5c2
Napping for 1.099262 seconds...
	liking... {u'likes_remaining': 100, u'match': False}
Aww, it's not a match:(
name: Tereza, id: 59a2f4c7bdc82efc1ff028cc
Napping for 0.666159 seconds...
	liking... {u'likes_remaining': 100, u'match': False}
Aww, it's not a match:(
name: Laura, id: 5a4d35b9748db4857e543160
Napping for 0.362316 seconds...
	liking... {u'likes_remaining': 100, u'match': False}
Aww, it's not a match:(
name: Miriam, id: 54d842565f2ae95b496d695e
Napping for 1.189174 seconds...
	liking... {u'likes_remaining': 100, u'match': False}
Aww, it's not a match:(
name: Jacqueline, id: 5a530288707af2d86f9000dc
Napping for 0.820627 seconds...
	liking... {u'likes_remaining': 100, u'match': False}
Aww, it's not a match:(
name: Cornelia, id: 5a3f30b92788ab671ef17f91
Napping for 0.517367 seconds...
	liking... {u'likes_remaining': 100, u'match': False}
Aww, it's not a match:(
name: Eun Jee, id: 5a4f2dce0066185a09a4a75f
Napping for 0.821779 seconds...
	liking... {u'likes_remaining': 100, u'match': False}
Aww, it's not a match:(
name: Julia, id: 59374e998f36a8747f365eee
Napping for 0.089309 seconds...
	liking... {u'likes_remaining': 100, u'match': False}
Aww, it's not a match:(
name: Jaime, id: 5a4c6a90702237291d183dcb
Napping for 0.454378 seconds...
	liking... {u'likes_remaining': 100, u'match': False}
Aww, it's not a match:(
name: Serenity, id: 5a508470efcd196043540911
Napping for 1.010378 seconds...
	liking... {u'likes_remaining': 100, u'match': False}
Aww, it's not a match:(
name: Coraima, id: 5a5076d64a2e8d81437cefd9
Napping for 0.014347 seconds...
	liking... {u'likes_remaining': 100, u'match': False}
Aww, it's not a match:(
name: Sylvie, id: 5a40102d5f165d721234e4ec
Napping for 0.375186 seconds...
	liking... {u'likes_remaining': 100, u'match': False}
Aww, it's not a match:(
name: Jessica, id: 5976a6a0edd73df47e927675
Napping for 0.759661 seconds...
	liking... {u'likes_remaining': 100, u'match': False}
Aww, it's not a match:(
name: Katie, id: 5267513e9f3f4ef149000b04
Napping for 0.635029 seconds...
	liking... {u'likes_remaining': 100, u'match': False}
Aww, it's not a match:(
name: Jessica, id: 51786a7a61886b420a000008
Napping for 0.609659 seconds...
	liking... {u'likes_remaining': 100, u'match': False}
Aww, it's not a match:(
name: Kristen, id: 5a3a8359607d5a1431219ac4
Napping for 0.310751 seconds...
	liking... {u'likes_remaining': 100, u'match': False}
Aww, it's not a match:(
name: Esmeralda, id: 5a337a30cb3615370d10ed45
Napping for 0.826384 seconds...
	liking... {u'likes_remaining': 100, u'match': False}
Aww, it's not a match:(
name: Elizabeth, id: 58f976c7118f3b5f60f562a4
Napping for 0.743762 seconds...
	liking... {u'likes_remaining': 100, u'match': False}
Aww, it's not a match:(
name: Megan, id: 5a5183bb0d4f3e71698c9e87
Napping for 0.666804 seconds...
	liking... {u'likes_remaining': 100, u'match': False}
Aww, it's not a match:(
name: Marie Theres, id: 59acdc96c1b592a202a9d249
Napping for 1.169216 seconds...
	liking... {u'likes_remaining': 100, u'match': False}
Aww, it's not a match:(
name: Ashley, id: 59dda2a82fd8f5eb33b5a75c
Napping for 0.021070 seconds...
	liking... {u'likes_remaining': 100, u'match': False}
Aww, it's not a match:(
name: Sophie, id: 5195bacd306e8ba17d000034
Napping for 0.413843 seconds...
	liking... {u'likes_remaining': 100, u'match': False}
Aww, it's not a match:(
name: Stephanie, id: 5a53b2fe133b2393694c407f
Napping for 0.198311 seconds...
	liking... {u'likes_remaining': 100, u'match': False}
Aww, it's not a match:(
name: Amanda, id: 5a4b0ffb5920884b1d5be428
Napping for 0.522169 seconds...
	liking... {u'likes_remaining': 100, u'match': False}
Aww, it's not a match:(
name: Hannah, id: 5a51c83d69c73afa6feb2cb3
Napping for 1.180648 seconds...
	liking... {u'likes_remaining': 100, u'match': False}
Aww, it's not a match:(
name: Iman, id: 56749a94d6a00f527e54cc36
Napping for 0.661309 seconds...
	liking... {u'likes_remaining': 100, u'match': False}
Aww, it's not a match:(
name: Hannah, id: 59adb80173bf68e32b71b3fb
Napping for 0.749318 seconds...
	liking... {u'likes_remaining': 100, u'match': False}
Aww, it's not a match:(
name: Sarah, id: 5a4d9f613eac0236096a1c0f
Napping for 0.973810 seconds...
	liking... {u'likes_remaining': 100, u'match': False}
Aww, it's not a match:(
name: Aundria, id: 5a4701feaa9e1a4725d4ec72
Napping for 0.794377 seconds...
	liking... {u'likes_remaining': 100, u'match': False}
Aww, it's not a match:(
name: Hannah, id: 582d8a627138318453b3f60b
Napping for 0.629973 seconds...
	liking... {u'likes_remaining': 100, u'match': False}
Aww, it's not a match:(
name: Carmen, id: 5a4f199ef1bb1c65759ece96
Napping for 0.136949 seconds...
	liking... {u'likes_remaining': 100, u'match': False}
Aww, it's not a match:(
name: Avani, id: 5913f86fbc6ea4df1bc059be
Napping for 0.992724 seconds...
	liking... {u'likes_remaining': 100, u'match': False}
Aww, it's not a match:(
name: Sabrina, id: 523a345bed1567186f0002ab
Napping for 0.422711 seconds...
	liking... {u'likes_remaining': 100, u'match': False}
Aww, it's not a match:(
name: Xaviera, id: 59b0ad7f6a8e1fa34fa02594
Napping for 1.164650 seconds...
	liking... {u'likes_remaining': 100, u'match': False}
Aww, it's not a match:(
name: Gloria, id: 5a455f4d702237291d13dc8c
Napping for 0.073839 seconds...
	liking... {u'likes_remaining': 100, u'match': False}
Aww, it's not a match:(
name: Amanda, id: 588edb89edbf9b684552df4f
Napping for 0.538015 seconds...
	liking... {u'likes_remaining': 100, u'match': False}
Aww, it's not a match:(
name: Jessica, id: 596b13db608f375f5e313dfb
Napping for 0.329545 seconds...
	liking... {u'likes_remaining': 100, u'match': False}
Aww, it's not a match:(
name: An, id: 5394e3cff0d54ab55183b988
Napping for 0.034285 seconds...
	liking... {u'likes_remaining': 100, u'match': False}
Aww, it's not a match:(
name: Joselyn, id: 5a4df9fa5c6220f102e9f555
Napping for 0.112236 seconds...
	liking... {u'likes_remaining': 100, u'match': False}
Aww, it's not a match:(
name: Angela, id: 592f934c957b838133436308
Napping for 0.260632 seconds...
	liking... {u'likes_remaining': 100, u'match': False}
Aww, it's not a match:(
name: Rosie, id: 5a4d44c099fa2a2f7adbe131
Napping for 0.911760 seconds...
	liking... {u'likes_remaining': 100, u'match': False}
Aww, it's not a match:(
name: Laurelle, id: 5a1dac12d9154a1169ac64bb
Napping for 0.428352 seconds...
	liking... {u'likes_remaining': 100, u'match': False}
Aww, it's not a match:(
name: Autumn, id: 53489abeaaf9d63339003537
Napping for 0.682931 seconds...
	liking... {u'likes_remaining': 100, u'match': False}
Aww, it's not a match:(
name: Maddie, id: 57cad313b49578707fa7f936
Napping for 0.886402 seconds...
	liking... {u'likes_remaining': 100, u'match': False}
Aww, it's not a match:(
name: Maria, id: 5a53663d707af2d86f9060a5
Napping for 0.569536 seconds...
	liking... {u'likes_remaining': 100, u'match': False}
Aww, it's not a match:(
name: Saran, id: 5832671d0379ce3c64e24117
Napping for 0.705427 seconds...
	liking... {u'likes_remaining': 100, u'match': False}
Aww, it's not a match:(
name: Jordan, id: 5a1c85c174356a2c6d5d03b3
Napping for 0.226877 seconds...
	liking... {u'likes_remaining': 100, u'match': False}
Aww, it's not a match:(
name: Theodora, id: 55964a960fcca6483117ce8c
Napping for 0.340209 seconds...
	liking... {u'likes_remaining': 100, u'match': False}
Aww, it's not a match:(
name: Sav, id: 5a44c49c00a7d7751d9ab434
Napping for 0.671778 seconds...
	liking... {u'likes_remaining': 100, u'match': False}
Aww, it's not a match:(
name: Leah, id: 5a51d4b11cd829ba6f5137ac
Napping for 0.058166 seconds...
	liking... {u'likes_remaining': 100, u'match': False}
Aww, it's not a match:(
name: Judith, id: 5a3a330f1b52a2bd3051467d
Napping for 0.586260 seconds...
	liking... {u'likes_remaining': 100, u'match': False}
Aww, it's not a match:(
name: Jesika, id: 537af859d1ea6a4f415b8f12
Napping for 0.636545 seconds...
	liking... {u'likes_remaining': 100, u'match': False}
Aww, it's not a match:(
name: Madhuri, id: 54886986955c459b680357a1
Napping for 0.304700 seconds...
	liking... {u'likes_remaining': 100, u'match': False}
Aww, it's not a match:(
name: Gabrielle, id: 54f0f0419ea47b936c1e23ee
Napping for 0.691895 seconds...
	liking... {u'likes_remaining': 100, u'match': False}
Aww, it's not a match:(
name: Cynthia, id: 5a42047e9e6f7d69258339b2
Napping for 0.573897 seconds...
	liking... {u'likes_remaining': 100, u'match': False}
Aww, it's not a match:(
name: Gabriela, id: 5462786b439d6c2a26a0407a
Napping for 0.187244 seconds...
	liking... {u'likes_remaining': 100, u'match': False}
Aww, it's not a match:(
name: Barbara, id: 58056a1def3039f23be3bc63
Napping for 0.271365 seconds...
	liking... {u'likes_remaining': 100, u'match': False}
Aww, it's not a match:(
name: Dpk, id: 5a5320f5707af2d86f901df0
Napping for 1.183066 seconds...
	liking... {u'likes_remaining': 100, u'match': False}
Aww, it's not a match:(
name: Rachael, id: 5600e3961a00ce276467b7ea
Napping for 0.837645 seconds...
	liking... {u'likes_remaining': 100, u'match': False}
Aww, it's not a match:(
name: Jaclyn, id: 531fdf8a12771f6c08001599
Napping for 0.490237 seconds...
	liking... {u'likes_remaining': 100, u'match': False}
Aww, it's not a match:(
name: Anna, id: 55b6ec1b5c558cfd3c2f1130
Napping for 0.748711 seconds...
	liking... {u'likes_remaining': 100, u'match': False}
Aww, it's not a match:(
name: Karla, id: 5a5166145f1f757b5b0cad8f
Napping for 1.109503 seconds...
	liking... {u'likes_remaining': 100, u'match': False}
Aww, it's not a match:(
name: Kathleen, id: 51f355172fdab90c6200011e
Napping for 1.152484 seconds...
	liking... {u'likes_remaining': 100, u'match': False}
Aww, it's not a match:(
name: Jessica, id: 5976a6a0edd73df47e927675
Napping for 0.209903 seconds...
	liking... {u'likes_remaining': 100, u'match': False}
Aww, it's not a match:(
name: JoVanna, id: 52280de1e97a9fe033000005
Napping for 0.929047 seconds...
	liking... {u'likes_remaining': 100, u'match': False}
Aww, it's not a match:(
name: Julie, id: 599f6021646d298907cc87ba
Napping for 0.349214 seconds...
	liking... {u'likes_remaining': 100, u'match': False}
Aww, it's not a match:(
name: Rachana, id: 5a4d76c79d2f630202b16c76
Napping for 0.951842 seconds...
	liking... {u'likes_remaining': 100, u'match': False}
Aww, it's not a match:(
name: Lara, id: 5316bcc106e72da71600005a
Napping for 0.403045 seconds...
	liking... {u'likes_remaining': 100, u'match': False}
Aww, it's not a match:(
name: Gali, id: 59fc2c35acec62c00c2e74a1
Napping for 0.453469 seconds...
	liking... {u'likes_remaining': 100, u'match': False}
Aww, it's not a match:(
name: Julie, id: 51eb671d9eb963f75b000167
Napping for 0.736131 seconds...
	liking... {u'likes_remaining': 100, u'match': False}
Aww, it's not a match:(
name: Violet, id: 58d93fb73564574613e88ec3
Napping for 0.517881 seconds...
	liking... {u'rate_limited_until': 1515488250823, u'likes_remaining': 0, u'match': False}
Aww, it's not a match:(
name: Rachel, id: 532af5af0ebd0eb37b0008e7
Napping for 0.627141 seconds...
	liking... {u'rate_limited_until': 1515488250823, u'likes_remaining': 0, u'match': False}
Aww, it's not a match:(
name: Vivian, id: 59fe5067f645039e576445ec
Napping for 0.064534 seconds...
	liking... {u'rate_limited_until': 1515488250823, u'likes_remaining': 0, u'match': False}
Aww, it's not a match:(
name: Tina, id: 5a53b66c707af2d86f90a3b5
Napping for 0.154790 seconds...
	liking... {u'rate_limited_until': 1515488250823, u'likes_remaining': 0, u'match': False}
Aww, it's not a match:(
name: Tracy, id: 5a4c096d702237291d17fdd1
Napping for 0.092557 seconds...
	liking... {u'rate_limited_until': 1515488250823, u'likes_remaining': 0, u'match': False}
Aww, it's not a match:(
name: Madi, id: 54168e338ce312114adfa91a
Napping for 1.045710 seconds...
	liking... {u'rate_limited_until': 1515488250823, u'likes_remaining': 0, u'match': False}
Aww, it's not a match:(
name: Lauren, id: 56de3d09993affce36cf5cfa
Napping for 0.428511 seconds...
	liking... {u'rate_limited_until': 1515488250823, u'likes_remaining': 0, u'match': False}
Aww, it's not a match:(
name: Faith, id: 5a51e2d4febb740d7088bafb
Napping for 0.895380 seconds...
	liking... {u'rate_limited_until': 1515488250823, u'likes_remaining': 0, u'match': False}
Aww, it's not a match:(
name: Tara, id: 52e22307e141d4d828000004
Napping for 0.530630 seconds...
	liking... {u'rate_limited_until': 1515488250823, u'likes_remaining': 0, u'match': False}
Aww, it's not a match:(
name: Kathy, id: 59dc60ab9219a92a1586a3fe
Napping for 1.166651 seconds...
	liking... {u'rate_limited_until': 1515488250823, u'likes_remaining': 0, u'match': False}
Aww, it's not a match:(
name: Allyson, id: 57e340c1ab65798f6dfa46d8
Napping for 0.351976 seconds...
	liking... {u'rate_limited_until': 1515488250823, u'likes_remaining': 0, u'match': False}
Aww, it's not a match:(
name: Mira, id: 512ab120d3e850643b00047b
Napping for 0.065480 seconds...
	liking... {u'rate_limited_until': 1515488250823, u'likes_remaining': 0, u'match': False}
Aww, it's not a match:(
name: Samantha, id: 5a4c0bd836e65f961d58c30b
Napping for 0.831327 seconds...
	liking... {u'rate_limited_until': 1515488250823, u'likes_remaining': 0, u'match': False}
Aww, it's not a match:(
name: Kiyanna, id: 5a4d5584754960f86d75f738
Napping for 0.843770 seconds...
	liking... {u'rate_limited_until': 1515488250823, u'likes_remaining': 0, u'match': False}
Aww, it's not a match:(
name: Jenny, id: 5a4ef9a8e1f6028675c24093
Napping for 0.797812 seconds...
	liking... {u'rate_limited_until': 1515488250823, u'likes_remaining': 0, u'match': False}
Aww, it's not a match:(
name: Lauren, id: 5a49a138702237291d1664a8
Napping for 0.993658 seconds...
	liking... {u'rate_limited_until': 1515488250823, u'likes_remaining': 0, u'match': False}
Aww, it's not a match:(
name: Izzie, id: 5a3725da35e235911612103f
Napping for 0.363772 seconds...
	liking... {u'rate_limited_until': 1515488250823, u'likes_remaining': 0, u'match': False}
Aww, it's not a match:(
name: Sophia, id: 537f81a9ca3d668a1d68862c
Napping for 0.237095 seconds...
	liking... {u'rate_limited_until': 1515488250823, u'likes_remaining': 0, u'match': False}
Aww, it's not a match:(
name: Sania, id: 5a4ebc669857331203e13c6c
Napping for 0.322966 seconds...
	liking... {u'rate_limited_until': 1515488250823, u'likes_remaining': 0, u'match': False}
Aww, it's not a match:(
name: Monika, id: 5a47cabd36e65f961d553024
Napping for 0.031787 seconds...
	liking... {u'rate_limited_until': 1515488250823, u'likes_remaining': 0, u'match': False}
Aww, it's not a match:(
name: Lindsay, id: 528faca5a74618e84d000030
Napping for 0.031451 seconds...
	liking... {u'rate_limited_until': 1515488250823, u'likes_remaining': 0, u'match': False}
Aww, it's not a match:(
name: Sophia, id: 59a8e60df2728a2503d91b42
Napping for 0.121512 seconds...
	liking... {u'rate_limited_until': 1515488250823, u'likes_remaining': 0, u'match': False}
Aww, it's not a match:(
name: Kira, id: 5111cdea5397bdb12a0006ad
Napping for 0.754471 seconds...
	liking... {u'rate_limited_until': 1515488250823, u'likes_remaining': 0, u'match': False}
Aww, it's not a match:(
name: Nena, id: 5a4c7a8398f95f5012639154
Napping for 0.254352 seconds...
	liking... {u'rate_limited_until': 1515488250823, u'likes_remaining': 0, u'match': False}
Aww, it's not a match:(
name: Chia, id: 5a4ea1e26002fc8202f85201
Napping for 0.768073 seconds...
	liking... {u'rate_limited_until': 1515488250823, u'likes_remaining': 0, u'match': False}
Aww, it's not a match:(
name: Vanessa, id: 5488045f26d8e3297e6bce43
Napping for 0.488379 seconds...
	liking... {u'rate_limited_until': 1515488250823, u'likes_remaining': 0, u'match': False}
Aww, it's not a match:(
name: Nora, id: 515b84e8958d548e1900000e
Napping for 1.020068 seconds...
	liking... {u'rate_limited_until': 1515488250823, u'likes_remaining': 0, u'match': False}
Aww, it's not a match:(
name: Tamara, id: 55bcfa6982a0f691274bdfc8
Napping for 0.075480 seconds...
	liking... {u'rate_limited_until': 1515488250823, u'likes_remaining': 0, u'match': False}
Aww, it's not a match:(
name: Donya, id: 5a53479b69c73afa6fecf55f
Napping for 1.176972 seconds...
	liking... {u'rate_limited_until': 1515488250823, u'likes_remaining': 0, u'match': False}
Aww, it's not a match:(
