You have been successfully authorized!
running main
likes remaining: 100
name: Helen, id: 59b24823ec03ad281e50a28f
Napping for 0.072163 seconds...
	liking... {u'likes_remaining': 100, u'match': False}
Aww, it's not a match:(
name: Natalee, id: 5a42970b9e6f7d6925839576
Napping for 0.469880 seconds...
	liking... {u'likes_remaining': 100, u'match': False}
Aww, it's not a match:(
name: Jasmine, id: 55cd2e367df9df6e5d4459f9
Napping for 0.309923 seconds...
	liking... {u'likes_remaining': 100, u'match': False}
Aww, it's not a match:(
name: Jessica, id: 5a456dc1958bba891e491e34
Napping for 0.082738 seconds...
	liking... {u'likes_remaining': 100, u'match': False}
Aww, it's not a match:(
name: Allie, id: 54cc727e19b119b94eff88ca
Napping for 1.199416 seconds...
	liking... {u'likes_remaining': 100, u'match': False}
Aww, it's not a match:(
name: Shefali, id: 59b228bb3234d75318e1e613
Napping for 0.313738 seconds...
	liking... {u'likes_remaining': 100, u'match': False}
Aww, it's not a match:(
name: Kenya, id: 5a4318d65f165d721236c4e9
Napping for 0.808464 seconds...
	liking... {u'likes_remaining': 100, u'match': False}
Aww, it's not a match:(
name: Emma, id: 591c37acf0a1a5af6e595acd
Napping for 0.259725 seconds...
	liking... {u'likes_remaining': 100, u'match': False}
Aww, it's not a match:(
name: Eliana, id: 56755e3acbf6c6424897f937
Napping for 0.646513 seconds...
	liking... {u'likes_remaining': 100, u'match': False}
Aww, it's not a match:(
name: Barbara, id: 558ffbe803dc1b790eaccc74
Napping for 0.816125 seconds...
	liking... {u'likes_remaining': 100, u'match': False}
Aww, it's not a match:(
name: Diana, id: 58b5232e6cf526c57cc478a1
Napping for 0.056402 seconds...
	liking... {u'likes_remaining': 100, u'match': False}
Aww, it's not a match:(
name: Cameron, id: 593d25182f0b6fd44edadbcb
Napping for 1.120431 seconds...
	liking... {u'likes_remaining': 100, u'match': False}
Aww, it's not a match:(
name: Morgan, id: 5a2704a30818fb3d7d7d4cd3
Napping for 0.729965 seconds...
	liking... {u'likes_remaining': 100, u'match': False}
Aww, it's not a match:(
name: Brandi, id: 56dffd01aed3f87703afab5a
Napping for 0.827731 seconds...
	liking... {u'likes_remaining': 100, u'match': False}
Aww, it's not a match:(
name: Nikkan, id: 5815942c2495ae960bdc16d8
Napping for 0.162292 seconds...
	liking... {u'likes_remaining': 100, u'match': False}
Aww, it's not a match:(
name: Morgan, id: 56442fe92de1d0ab04709d4d
Napping for 0.388397 seconds...
	liking... {u'likes_remaining': 100, u'match': False}
Aww, it's not a match:(
name: Suellen, id: 5a406f5656899e25259fba0b
Napping for 0.069310 seconds...
	liking... {u'likes_remaining': 100, u'match': False}
Aww, it's not a match:(
name: Ibed, id: 5a46fc01e8dc17aa1e9f94fa
Napping for 0.063211 seconds...
	liking... {u'likes_remaining': 100, u'match': False}
Aww, it's not a match:(
name: Jessica, id: 54282bb2ab31753355e7a18e
Napping for 0.596887 seconds...
	liking... {u'likes_remaining': 100, u'match': False}
Aww, it's not a match:(
name: Christina, id: 572edc958c78258f0cad1050
Napping for 1.005070 seconds...
	liking... {u'likes_remaining': 100, u'match': False}
Aww, it's not a match:(
name: Alyssa, id: 5a42c8ae958bba891e46c071
Napping for 0.938208 seconds...
	liking... {u'likes_remaining': 100, u'match': False}
Aww, it's not a match:(
name: Kimbrely, id: 58dc82ea2a6b06727a2acbe7
Napping for 0.209982 seconds...
	liking... {u'likes_remaining': 100, u'match': False}
Aww, it's not a match:(
name: Jill, id: 5a4470ff36e65f961d52ea89
Napping for 0.796747 seconds...
	liking... {u'likes_remaining': 100, u'match': False}
Aww, it's not a match:(
name: Brooklyn Vo, id: 5a42a10f5f165d7212366fbc
Napping for 0.119378 seconds...
	liking... {u'likes_remaining': 100, u'match': False}
Aww, it's not a match:(
name: Raka, id: 57577c1fdcce003c1fa08f35
Napping for 0.938888 seconds...
	liking... {u'likes_remaining': 100, u'match': False}
Aww, it's not a match:(
name: Brenda, id: 5971541cddf9b7836d5cc6f4
Napping for 0.499481 seconds...
	liking... {u'likes_remaining': 100, u'match': False}
Aww, it's not a match:(
name: Hazel, id: 5a40a2af958bba891e451e08
Napping for 0.365464 seconds...
	liking... {u'likes_remaining': 100, u'match': False}
Aww, it's not a match:(
name: Lexi, id: 553aa8086bd7408541facb16
Napping for 1.048888 seconds...
	liking... {u'likes_remaining': 100, u'match': False}
Aww, it's not a match:(
name: Rachel, id: 5a2ae7b7c958a22b29f6c0c5
Napping for 0.074722 seconds...
	liking... {u'likes_remaining': 100, u'match': False}
Aww, it's not a match:(
name: Angelica, id: 5a3c6d1585a42ee579144cb1
Napping for 1.092792 seconds...
	liking... {u'likes_remaining': 100, u'match': False}
Aww, it's not a match:(
name: Allison, id: 5a41c6955f165d721236244b
Napping for 1.074016 seconds...
	liking... {u'likes_remaining': 100, u'match': False}
Aww, it's not a match:(
name: Krithika, id: 55e8fe70799e4f781d2fffa6
Napping for 0.965913 seconds...
	liking... {u'likes_remaining': 100, u'match': False}
Aww, it's not a match:(
name: Calista, id: 59f6616e3b7cdc3960c89061
Napping for 0.735940 seconds...
	liking... {u'likes_remaining': 100, u'match': False}
Aww, it's not a match:(
name: Jenny, id: 5a17cd826c976bae6faba661
Napping for 0.752235 seconds...
	liking... {u'likes_remaining': 100, u'match': False}
Aww, it's not a match:(
name: Rose, id: 5a46d5dcb86023b512808b71
Napping for 0.376750 seconds...
	liking... {u'likes_remaining': 100, u'match': False}
Aww, it's not a match:(
name: Laura, id: 5a446a93b86023b5127e74a0
Napping for 0.725391 seconds...
	liking... {u'likes_remaining': 100, u'match': False}
Aww, it's not a match:(
name: Carmen, id: 55487021ac71a6a30d793470
Napping for 0.360635 seconds...
	liking... {u'likes_remaining': 100, u'match': False}
Aww, it's not a match:(
name: Nhi, id: 5a44a9e156899e2525a21bb9
Napping for 1.150014 seconds...
	liking... {u'likes_remaining': 100, u'match': False}
Aww, it's not a match:(
name: Irene, id: 5908fd5cc821eca079a9d544
Napping for 0.881899 seconds...
	liking... {u'likes_remaining': 100, u'match': False}
Aww, it's not a match:(
name: Eloise, id: 5a45bf7aaa9e1a4725d3f1ea
Napping for 1.100711 seconds...
	liking... {u'likes_remaining': 100, u'match': False}
Aww, it's not a match:(
name: Chelsea, id: 5871e92118dde8c610b190a2
Napping for 0.046000 seconds...
	liking... {u'likes_remaining': 100, u'match': False}
Aww, it's not a match:(
name: Morena, id: 5a4785442eced071674607aa
Napping for 0.098791 seconds...
	liking... {u'likes_remaining': 100, u'match': False}
Aww, it's not a match:(
name: Anita, id: 5a4718bffaabd2bc617e662c
Napping for 1.035619 seconds...
	liking... {u'likes_remaining': 100, u'match': False}
Aww, it's not a match:(
name: Diana, id: 5a41d1df5920884b1d557a97
Napping for 1.089360 seconds...
	liking... {u'likes_remaining': 100, u'match': False}
Aww, it's not a match:(
name: Sarah, id: 5a45dbc52eced07167450c94
Napping for 1.000554 seconds...
	liking... {u'likes_remaining': 100, u'match': False}
Aww, it's not a match:(
name: Annie, id: 51e6ace18a471ba3280000e5
Napping for 0.889942 seconds...
	liking... {u'likes_remaining': 100, u'match': False}
Aww, it's not a match:(
name: Brandi, id: 5a460b0200a7d7751d9b87bb
Napping for 0.005501 seconds...
	liking... {u'likes_remaining': 100, u'match': False}
Aww, it's not a match:(
name: Ananya, id: 595b12a28439c3e3728fb693
Napping for 1.110094 seconds...
	liking... {u'likes_remaining': 100, u'match': False}
Aww, it's not a match:(
name: Kalpana, id: 5a46b9805920884b1d594d63
Napping for 0.105970 seconds...
	liking... {u'likes_remaining': 100, u'match': False}
Aww, it's not a match:(
name: Leticia, id: 5a4739bc958bba891e4ab060
Napping for 0.211912 seconds...
	liking... {u'likes_remaining': 100, u'match': False}
Aww, it's not a match:(
name: Lisa, id: 5a47241a36e65f961d549027
Napping for 0.015077 seconds...
	liking... {u'likes_remaining': 100, u'match': False}
Aww, it's not a match:(
name: Andrea, id: 5a46a9b4958bba891e4a28b8
Napping for 0.927599 seconds...
	liking... {u'likes_remaining': 100, u'match': False}
Aww, it's not a match:(
name: Brenda R, id: 5a4739a3958bba891e4ab030
Napping for 0.299028 seconds...
	liking... {u'likes_remaining': 100, u'match': False}
Aww, it's not a match:(
name: Jennifer, id: 553bf067d4ad5539385bb0f7
Napping for 1.076430 seconds...
	liking... {u'likes_remaining': 100, u'match': False}
Aww, it's not a match:(
name: Morenike, id: 577336e8ba1e08a049da0bec
Napping for 0.086081 seconds...
	liking... {u'likes_remaining': 100, u'match': False}
Aww, it's not a match:(
name: Aashna, id: 596647177dc2373c613070c9
Napping for 0.908937 seconds...
	liking... {u'likes_remaining': 100, u'match': False}
Aww, it's not a match:(
name: Michelle, id: 5a47269d5920884b1d59bc3a
Napping for 0.192302 seconds...
	liking... {u'likes_remaining': 100, u'match': False}
Aww, it's not a match:(
name: Angie, id: 5a4470b55f165d7212380055
Napping for 0.550750 seconds...
	liking... {u'likes_remaining': 100, u'match': False}
Aww, it's not a match:(
name: Jess, id: 5a433a0a36e65f961d51ef8f
Napping for 0.554928 seconds...
	liking... {u'likes_remaining': 100, u'match': False}
Aww, it's not a match:(
name: Jalyn, id: 5a39f7efda699dda3866845f
Napping for 0.941454 seconds...
	liking... {u'likes_remaining': 100, u'match': False}
Aww, it's not a match:(
name: Chayne, id: 59138b20049d9d091ccdd10d
Napping for 0.530199 seconds...
	liking... {u'likes_remaining': 100, u'match': False}
Aww, it's not a match:(
name: Cutie, id: 5a443a79702237291d1339a9
Napping for 0.983657 seconds...
	liking... {u'likes_remaining': 100, u'match': False}
Aww, it's not a match:(
name: Emily, id: 56b4231a7816a725747a3070
Napping for 0.621900 seconds...
	liking... {u'likes_remaining': 100, u'match': False}
Aww, it's not a match:(
name: Vicky, id: 58dbd68a22d0de9d0bd3aad7
Napping for 1.001697 seconds...
	liking... {u'likes_remaining': 100, u'match': False}
Aww, it's not a match:(
name: Tori, id: 59e7e53ada9375a85cbe70ec
Napping for 0.725250 seconds...
	liking... {u'likes_remaining': 100, u'match': False}
Aww, it's not a match:(
name: Sara, id: 5775ee83cd3d579958c92a3c
Napping for 1.120642 seconds...
	liking... {u'likes_remaining': 100, u'match': False}
Aww, it's not a match:(
name: Ginevra, id: 5a41da5c5920884b1d558e24
Napping for 1.060909 seconds...
	liking... {u'likes_remaining': 100, u'match': False}
Aww, it's not a match:(
name: Jenny, id: 5a47d1a52788ab671ef7a632
Napping for 0.426596 seconds...
	liking... {u'likes_remaining': 100, u'match': False}
Aww, it's not a match:(
name: Cally, id: 5a45479456899e2525a27a64
Napping for 0.214570 seconds...
	liking... {u'likes_remaining': 100, u'match': False}
Aww, it's not a match:(
name: Whitney, id: 59b08b1b081219cd4ff2fcf7
Napping for 1.094288 seconds...
	liking... {u'likes_remaining': 100, u'match': False}
Aww, it's not a match:(
name: Amy, id: 5a479a1b5920884b1d5a066b
Napping for 0.524668 seconds...
	liking... {u'likes_remaining': 100, u'match': False}
Aww, it's not a match:(
name: Alex, id: 5801347a4bbd40ce2e8c07e5
Napping for 0.402523 seconds...
	liking... {u'likes_remaining': 100, u'match': False}
Aww, it's not a match:(
name: Emma, id: 5849fcf96e1ad105160fd030
Napping for 0.606411 seconds...
	liking... {u'likes_remaining': 100, u'match': False}
Aww, it's not a match:(
name: Yuping, id: 5959a50cfe142bc572236ad5
Napping for 0.790885 seconds...
	liking... {u'likes_remaining': 100, u'match': False}
Aww, it's not a match:(
name: Brianna, id: 5a41fc195920884b1d55c3d6
Napping for 0.012002 seconds...
	liking... {u'likes_remaining': 100, u'match': False}
Aww, it's not a match:(
name: Hanna, id: 5a45b7ebaa9e1a4725d3e629
Napping for 1.160520 seconds...
	liking... {u'likes_remaining': 100, u'match': False}
Aww, it's not a match:(
name: Sarah, id: 5a45f0c35920884b1d58865c
Napping for 1.008808 seconds...
	liking... {u'likes_remaining': 100, u'match': False}
Aww, it's not a match:(
name: Carly, id: 59ae0105c1b592a202aa9f5b
Napping for 0.051095 seconds...
	liking... {u'likes_remaining': 100, u'match': False}
Aww, it's not a match:(
name: Sophia, id: 57e870bd188cfa2002320372
Napping for 1.147783 seconds...
	liking... {u'likes_remaining': 100, u'match': False}
Aww, it's not a match:(
name: Samantha, id: 54ac9abd75d6647e4f690dde
Napping for 0.911262 seconds...
	liking... {u'likes_remaining': 100, u'match': False}
Aww, it's not a match:(
name: Katie, id: 5a470ac42788ab671ef7610c
Napping for 0.837557 seconds...
	liking... {u'likes_remaining': 100, u'match': False}
Aww, it's not a match:(
name: Courtney, id: 52be5bcb4a30db7a67000097
Napping for 0.425824 seconds...
	liking... {u'likes_remaining': 100, u'match': False}
Aww, it's not a match:(
name: Jessica, id: 5822e9a13739851f5e1837ad
Napping for 0.813152 seconds...
	liking... {u'likes_remaining': 100, u'match': False}
Aww, it's not a match:(
name: Danice, id: 59ec1e26aa6d127e5c01ed95
Napping for 0.040192 seconds...
	liking... {u'likes_remaining': 100, u'match': False}
Aww, it's not a match:(
name: Julia, id: 53dac7395d9e781514ee1606
Napping for 0.743343 seconds...
	liking... {u'likes_remaining': 100, u'match': False}
Aww, it's not a match:(
name: Alexa, id: 5a4193eafaabd2bc617ab6f5
Napping for 0.676976 seconds...
	liking... {u'likes_remaining': 100, u'match': False}
Aww, it's not a match:(
name: Brigitte, id: 56d2accd46f437f42da35cc4
Napping for 0.679828 seconds...
	liking... {u'likes_remaining': 100, u'match': False}
Aww, it's not a match:(
name: Kariah, id: 5a0277764439b238054ed884
Napping for 0.516463 seconds...
	liking... {u'likes_remaining': 100, u'match': False}
Aww, it's not a match:(
name: Livien, id: 5a3720e4f562e7fb0f49890d
Napping for 0.357654 seconds...
	liking... {u'likes_remaining': 100, u'match': False}
Aww, it's not a match:(
name: Courtney, id: 58806d51cdac37c21515f6eb
Napping for 0.322119 seconds...
	liking... {u'likes_remaining': 100, u'match': False}
Aww, it's not a match:(
name: Agnes, id: 599d03ad795f486c2c59b052
Napping for 0.072221 seconds...
	liking... {u'likes_remaining': 100, u'match': False}
Aww, it's not a match:(
name: Min, id: 5a45c26d5f165d721238ddc2
Napping for 1.004327 seconds...
	liking... {u'likes_remaining': 100, u'match': False}
Aww, it's not a match:(
name: Clarissa, id: 59f3ce0ed6967c4b6ba55973
Napping for 0.144324 seconds...
	liking... {u'likes_remaining': 100, u'match': False}
Aww, it's not a match:(
name: Katrina, id: 59d04f9e928a7e58701d670c
Napping for 0.105669 seconds...
	liking... {u'likes_remaining': 100, u'match': False}
Aww, it's not a match:(
name: Kate, id: 5a456b052788ab671ef64aa5
Napping for 0.313872 seconds...
	liking... {u'likes_remaining': 100, u'match': False}
Aww, it's not a match:(
name: Kaylee, id: 5a3faa7798f95f50125aac6c
Napping for 0.723413 seconds...
	liking... {u'likes_remaining': 100, u'match': False}
Aww, it's not a match:(
name: Deisy, id: 566dc5e06bef9dc56c8fc3fe
Napping for 1.155459 seconds...
	liking... {u'likes_remaining': 100, u'match': False}
Aww, it's not a match:(
name: Margaret, id: 5a376f7b2f46971c10588f62
Napping for 0.883102 seconds...
	liking... {u'likes_remaining': 100, u'match': False}
Aww, it's not a match:(
name: Kelly, id: 5854d584107ba1e12d09a057
Napping for 1.051684 seconds...
	liking... {u'likes_remaining': 100, u'match': False}
Aww, it's not a match:(
name: Jyl, id: 5a42bf9b958bba891e46b437
Napping for 0.514343 seconds...
	liking... {u'rate_limited_until': 1514712463698, u'likes_remaining': 0, u'match': False}
Aww, it's not a match:(
name: Elizabeth, id: 5773be336e7bac751201ca67
Napping for 0.612829 seconds...
	liking... {u'rate_limited_until': 1514712463698, u'likes_remaining': 0, u'match': False}
Aww, it's not a match:(
name: Ester, id: 59ffabfbb103ab885a5afd99
Napping for 0.166118 seconds...
	liking... {u'rate_limited_until': 1514712463698, u'likes_remaining': 0, u'match': False}
Aww, it's not a match:(
name: Maddie, id: 59a0d8ed2b49c3ca1ff2d2ea
Napping for 0.418882 seconds...
	liking... {u'rate_limited_until': 1514712463698, u'likes_remaining': 0, u'match': False}
Aww, it's not a match:(
name: Kamarah, id: 57759f3d3c71c86d5b22e227
Napping for 0.796932 seconds...
	liking... {u'rate_limited_until': 1514712463698, u'likes_remaining': 0, u'match': False}
Aww, it's not a match:(
name: Cynthia, id: 5a42047e9e6f7d69258339b2
Napping for 0.450648 seconds...
	liking... {u'rate_limited_until': 1514712463698, u'likes_remaining': 0, u'match': False}
Aww, it's not a match:(
name: Shannon, id: 59e14e8a3fed5bd61483dfd5
Napping for 0.361374 seconds...
	liking... {u'rate_limited_until': 1514712463698, u'likes_remaining': 0, u'match': False}
Aww, it's not a match:(
name: Hind, id: 59e68343edf3ef8236b2e6be
Napping for 0.605513 seconds...
	liking... {u'rate_limited_until': 1514712463698, u'likes_remaining': 0, u'match': False}
Aww, it's not a match:(
name: Tara, id: 5a41f03336e65f961d508426
Napping for 0.548638 seconds...
	liking... {u'rate_limited_until': 1514712463698, u'likes_remaining': 0, u'match': False}
Aww, it's not a match:(
name: Abby, id: 583769d4b4143ef165568675
Napping for 1.178860 seconds...
	liking... {u'rate_limited_until': 1514712463698, u'likes_remaining': 0, u'match': False}
Aww, it's not a match:(
name: Ann Taylor, id: 59c727e36d8c20783d4775f3
Napping for 0.792792 seconds...
	liking... {u'rate_limited_until': 1514712463698, u'likes_remaining': 0, u'match': False}
Aww, it's not a match:(
name: Becky, id: 549780e8daf5862b7915eda0
Napping for 1.110508 seconds...
	liking... {u'rate_limited_until': 1514712463698, u'likes_remaining': 0, u'match': False}
Aww, it's not a match:(
name: McKenna, id: 58be623c4c8dd0f25c3e78ac
Napping for 0.370338 seconds...
	liking... {u'rate_limited_until': 1514712463698, u'likes_remaining': 0, u'match': False}
Aww, it's not a match:(
name: Tuk-Tun, id: 5a1348a57911cb6501f7fd96
Napping for 0.545404 seconds...
	liking... {u'rate_limited_until': 1514712463698, u'likes_remaining': 0, u'match': False}
Aww, it's not a match:(
name: Roxanna, id: 59cc13e4e626fb2f3862a821
Napping for 0.389236 seconds...
	liking... {u'rate_limited_until': 1514712463698, u'likes_remaining': 0, u'match': False}
Aww, it's not a match:(
name: Ari, id: 5a3a158febe5877d3232e4d9
Napping for 0.559671 seconds...
	liking... {u'rate_limited_until': 1514712463698, u'likes_remaining': 0, u'match': False}
Aww, it's not a match:(
name: Kimberly, id: 5a2e3734f75486d90fd38d78
Napping for 0.851254 seconds...
	liking... {u'rate_limited_until': 1514712463698, u'likes_remaining': 0, u'match': False}
Aww, it's not a match:(
name: Amy, id: 5a46e2dc98f95f50125fa1d0
Napping for 0.712250 seconds...
	liking... {u'rate_limited_until': 1514712463698, u'likes_remaining': 0, u'match': False}
Aww, it's not a match:(
name: Mavi, id: 5a431cd05920884b1d565501
Napping for 0.670036 seconds...
	liking... {u'rate_limited_until': 1514712463698, u'likes_remaining': 0, u'match': False}
Aww, it's not a match:(
name: Rachel, id: 57dcbefd299762a570b3ba46
Napping for 0.308817 seconds...
	liking... {u'rate_limited_until': 1514712463698, u'likes_remaining': 0, u'match': False}
Aww, it's not a match:(
name: Susana, id: 5a44926cfaabd2bc617ca6ed
Napping for 0.232918 seconds...
	liking... {u'rate_limited_until': 1514712463698, u'likes_remaining': 0, u'match': False}
Aww, it's not a match:(
name: Maria, id: 5a324a8dcb3615370d100e64
Napping for 0.220675 seconds...
	liking... {u'rate_limited_until': 1514712463698, u'likes_remaining': 0, u'match': False}
Aww, it's not a match:(
name: Emily, id: 5a3da097b86023b51279fc62
Napping for 0.384276 seconds...
	liking... {u'rate_limited_until': 1514712463698, u'likes_remaining': 0, u'match': False}
Aww, it's not a match:(
name: Shannon, id: 5a29f4efc958a22b29f635bc
Napping for 0.828230 seconds...
	liking... {u'rate_limited_until': 1514712463698, u'likes_remaining': 0, u'match': False}
Aww, it's not a match:(
name: J, id: 59f7f390de6138800cd71bc3
Napping for 1.075004 seconds...
	liking... {u'rate_limited_until': 1514712463698, u'likes_remaining': 0, u'match': False}
Aww, it's not a match:(
name: Alayna, id: 5a4727365920884b1d59bd39
Napping for 1.021075 seconds...
	liking... {u'rate_limited_until': 1514712463698, u'likes_remaining': 0, u'match': False}
Aww, it's not a match:(
name: Marli, id: 5a1e9c8a7526478f633c0e37
Napping for 1.056549 seconds...
	liking... {u'rate_limited_until': 1514712463698, u'likes_remaining': 0, u'match': False}
Aww, it's not a match:(
name: Izzy, id: 54430d0ea87f8f08747e6556
Napping for 0.652574 seconds...
	liking... {u'rate_limited_until': 1514712463698, u'likes_remaining': 0, u'match': False}
Aww, it's not a match:(
name: Quinn, id: 54aa2f81bc605c284b851265
Napping for 0.384906 seconds...
	liking... {u'rate_limited_until': 1514712463698, u'likes_remaining': 0, u'match': False}
Aww, it's not a match:(
name: Lily, id: 5918faf591054c331c388bfd
Napping for 0.982097 seconds...
	liking... {u'rate_limited_until': 1514712463698, u'likes_remaining': 0, u'match': False}
Aww, it's not a match:(
name: Kay, id: 59a6396681d558ec079cd8ec
Napping for 1.016432 seconds...
	liking... {u'rate_limited_until': 1514712463698, u'likes_remaining': 0, u'match': False}
Aww, it's not a match:(
name: Alyssa, id: 5a41bc7500a7d7751d991443
Napping for 1.015660 seconds...
	liking... {u'rate_limited_until': 1514712463698, u'likes_remaining': 0, u'match': False}
Aww, it's not a match:(
name: Nancy, id: 5a4175eeb86023b5127c4f3c
Napping for 1.067737 seconds...
	liking... {u'rate_limited_until': 1514712463698, u'likes_remaining': 0, u'match': False}
Aww, it's not a match:(
name: Krysten, id: 5a1a1df7ff59cbf76c1ffe58
Napping for 1.094396 seconds...
	liking... {u'rate_limited_until': 1514712463698, u'likes_remaining': 0, u'match': False}
Aww, it's not a match:(
