You have been successfully authorized!
running main
likes remaining: 100
name: Cindy, id: 52b003c1859cd7a15200016c
Napping for 0.888560 seconds...
	liking... {u'likes_remaining': 100, u'match': False}
Aww, it's not a match:(
name: Diana, id: 5458a20eee58a42550914373
Napping for 0.041192 seconds...
	liking... {u'likes_remaining': 100, u'match': False}
Aww, it's not a match:(
name: Danya, id: 5a57127ccb58ec106ae4fead
Napping for 0.786126 seconds...
	liking... {u'likes_remaining': 100, u'match': False}
Aww, it's not a match:(
name: Faye, id: 5a5ab527a0bb942c1a4908f9
Napping for 0.140384 seconds...
	liking... {u'likes_remaining': 100, u'match': False}
Aww, it's not a match:(
name: Angie, id: 5a3ccb33c0fcbd7f02be4f43
Napping for 0.129296 seconds...
	liking... {u'likes_remaining': 100, u'match': False}
Aww, it's not a match:(
name: T, id: 5a3c56e8c6de1ca3024b7cb7
Napping for 0.342581 seconds...
	liking... {u'likes_remaining': 100, u'match': False}
Aww, it's not a match:(
name: Janelle, id: 53ea6eb58e062c2f44d6ad10
Napping for 0.685974 seconds...
	liking... {u'likes_remaining': 100, u'match': False}
Aww, it's not a match:(
name: Vanesss, id: 5a5f26400d6e7a0a1ab65d66
Napping for 0.112551 seconds...
	liking... {u'likes_remaining': 100, u'match': False}
Aww, it's not a match:(
name: Selenne, id: 53264d45471fb6d23600210b
Napping for 0.624919 seconds...
	liking... {u'likes_remaining': 100, u'match': False}
Aww, it's not a match:(
name: Mariela, id: 5a584e94bc9c78c1278fc3c5
Napping for 0.753613 seconds...
	liking... {u'likes_remaining': 100, u'match': False}
Aww, it's not a match:(
name: Jacinda, id: 5a62dea9bd42cd316659346b
Napping for 0.522404 seconds...
	liking... {u'likes_remaining': 100, u'match': False}
Aww, it's not a match:(
name: Lenaa, id: 5a518ca639394c325d603921
Napping for 0.029456 seconds...
	liking... {u'likes_remaining': 100, u'match': False}
Aww, it's not a match:(
name: Jona, id: 5a590b061364b39f276e6cc0
Napping for 0.462341 seconds...
	liking... {u'likes_remaining': 100, u'match': False}
Aww, it's not a match:(
name: Angela, id: 59b371642bb628d7316ee6b5
Napping for 0.661298 seconds...
	liking... {u'likes_remaining': 100, u'match': False}
Aww, it's not a match:(
name: Kristine, id: 59e54dd7143cc9580b25a8e9
Napping for 0.871065 seconds...
	liking... {u'likes_remaining': 100, u'match': False}
Aww, it's not a match:(
name: Dana, id: 5a61064912d5a9307a70b0f9
Napping for 0.272468 seconds...
	liking... {u'likes_remaining': 100, u'match': False}
Aww, it's not a match:(
name: Samantha, id: 52b40b401f9369532b000460
Napping for 0.154579 seconds...
	liking... {u'likes_remaining': 100, u'match': False}
Aww, it's not a match:(
name: Blessing, id: 5a4c7b05e8dc17aa1ea37e1f
Napping for 0.432432 seconds...
	liking... {u'likes_remaining': 100, u'match': False}
Aww, it's not a match:(
name: Christina, id: 5a581d488a4213f926754177
Napping for 0.418382 seconds...
	liking... {u'likes_remaining': 100, u'match': False}
Aww, it's not a match:(
name: Beer, id: 569b2ad9fda51a1c3ce00dd7
Napping for 0.406448 seconds...
	liking... {u'likes_remaining': 100, u'match': False}
Aww, it's not a match:(
name: Elise, id: 56f64236afa8b89f1764c717
Napping for 0.183906 seconds...
	liking... {u'likes_remaining': 100, u'match': False}
Aww, it's not a match:(
name: Jamie, id: 597e215e242e087c44341982
Napping for 0.169945 seconds...
	liking... {u'likes_remaining': 100, u'match': False}
Aww, it's not a match:(
name: Walter, id: 5a639427ccdbb775351333dd
Napping for 0.031226 seconds...
	liking... {u'likes_remaining': 100, u'match': False}
Aww, it's not a match:(
name: Alex, id: 58f3f19d95ca1df3232d7816
Napping for 0.481609 seconds...
	liking... {u'likes_remaining': 100, u'match': False}
Aww, it's not a match:(
name: Vendula, id: 54a03b85af73cc240d1464d6
Napping for 0.444194 seconds...
	liking... {u'likes_remaining': 100, u'match': False}
Aww, it's not a match:(
name: Clarissa, id: 59153fc9f0a1a5af6e55ed3e
Napping for 1.173080 seconds...
	liking... {u'likes_remaining': 100, u'match': False}
Aww, it's not a match:(
name: Aya, id: 5a62cdef8b067109446defda
Napping for 0.286085 seconds...
	liking... {u'likes_remaining': 100, u'match': False}
Aww, it's not a match:(
name: Vanessa, id: 53f2f9b230cc05133f4086ac
Napping for 0.689364 seconds...
	liking... {u'likes_remaining': 100, u'match': False}
Aww, it's not a match:(
name: Serena, id: 59a74d40ab1ae9a01f522647
Napping for 0.284341 seconds...
	liking... {u'likes_remaining': 100, u'match': False}
Aww, it's not a match:(
name: Jasmine, id: 5970077aa25981f05104a1d3
Napping for 0.318838 seconds...
	liking... {u'likes_remaining': 100, u'match': False}
Aww, it's not a match:(
name: Jin, id: 5a4d0230faabd2bc6181f3db
Napping for 0.978039 seconds...
	liking... {u'likes_remaining': 100, u'match': False}
Aww, it's not a match:(
name: Brittany, id: 59f1a28bffc02cff7ce890d3
Napping for 0.538166 seconds...
	liking... {u'likes_remaining': 100, u'match': False}
Aww, it's not a match:(
name: Ck, id: 5a6375de786ea3f945942930
Napping for 0.831336 seconds...
	liking... {u'likes_remaining': 100, u'match': False}
Aww, it's not a match:(
name: Michelle, id: 5a62df02ccdbb7753512bb07
Napping for 1.158785 seconds...
	liking... {u'likes_remaining': 100, u'match': False}
Aww, it's not a match:(
name: Chantal, id: 5a62df621657e22346372cd0
Napping for 0.451596 seconds...
	liking... {u'likes_remaining': 100, u'match': False}
Aww, it's not a match:(
name: Thi, id: 5a6375df786ea3f945942932
Napping for 1.127355 seconds...
	liking... {u'likes_remaining': 100, u'match': False}
Aww, it's not a match:(
name: Chelsea, id: 5a4be8045920884b1d5c7a87
Napping for 1.127970 seconds...
	liking... {u'likes_remaining': 100, u'match': False}
Aww, it's not a match:(
name: Mariwel, id: 5a5ead4fbc9c78c12793fe95
Napping for 0.031274 seconds...
	liking... {u'likes_remaining': 100, u'match': False}
Aww, it's not a match:(
name: Valerie, id: 5a1168478ed5085a782c4903
Napping for 0.574340 seconds...
	liking... {u'rate_limited_until': 1516519779693, u'likes_remaining': 0, u'match': False}
Aww, it's not a match:(
out of likes. Closing...
name: Michelle, id: 5a20d9edef50a8e44c737e32
Napping for 0.465660 seconds...
	liking... {u'rate_limited_until': 1516519779693, u'likes_remaining': 0, u'match': False}
Aww, it's not a match:(
out of likes. Closing...
name: Phebe, id: 592681a82c1ddab35ebbec2e
Napping for 0.897694 seconds...
	liking... {u'rate_limited_until': 1516519779693, u'likes_remaining': 0, u'match': False}
Aww, it's not a match:(
out of likes. Closing...
name: Laura, id: 590ce5f7e4fab3033ce70f82
Napping for 1.130697 seconds...
	liking... {u'rate_limited_until': 1516519779693, u'likes_remaining': 0, u'match': False}
Aww, it's not a match:(
out of likes. Closing...
name: Shawna, id: 5726b89e7ef361fc196cc3bf
Napping for 0.461657 seconds...
	liking... {u'rate_limited_until': 1516519779693, u'likes_remaining': 0, u'match': False}
Aww, it's not a match:(
out of likes. Closing...
name: Xiaowen, id: 595e41673b46147261207d1a
Napping for 0.817613 seconds...
	liking... {u'rate_limited_until': 1516519779693, u'likes_remaining': 0, u'match': False}
Aww, it's not a match:(
out of likes. Closing...
name: Sophy, id: 59c3391a3d56b3bc35c2aa0c
Napping for 0.257919 seconds...
	liking... {u'rate_limited_until': 1516519779693, u'likes_remaining': 0, u'match': False}
Aww, it's not a match:(
out of likes. Closing...
name: Uma, id: 5969b1c5cb33e67934210b53
Napping for 0.969290 seconds...
	liking... {u'rate_limited_until': 1516519779693, u'likes_remaining': 0, u'match': False}
Aww, it's not a match:(
out of likes. Closing...
name: Cheryl, id: 59699e47cb33e679342101b5
Napping for 1.052144 seconds...
	liking... {u'rate_limited_until': 1516519779693, u'likes_remaining': 0, u'match': False}
Aww, it's not a match:(
out of likes. Closing...
name: Katherine, id: 5a5ce018bc9c78c12792ac3a
Napping for 0.845064 seconds...
	liking... {u'rate_limited_until': 1516519779693, u'likes_remaining': 0, u'match': False}
Aww, it's not a match:(
out of likes. Closing...
name: Fatimah, id: 5a35d0278c464cb70ff7a111
Napping for 1.072451 seconds...
	liking... {u'rate_limited_until': 1516519779693, u'likes_remaining': 0, u'match': False}
Aww, it's not a match:(
out of likes. Closing...
name: Cassie, id: 5940d753424196731d94463f
Napping for 0.422222 seconds...
	liking... {u'rate_limited_until': 1516519779693, u'likes_remaining': 0, u'match': False}
Aww, it's not a match:(
out of likes. Closing...
name: Cally, id: 595488b12565e8444aa27d2e
Napping for 0.764911 seconds...
	liking... {u'rate_limited_until': 1516519779693, u'likes_remaining': 0, u'match': False}
Aww, it's not a match:(
out of likes. Closing...
name: Cherie, id: 57ce2b0e1da0becc3ab204b6
Napping for 0.378105 seconds...
	liking... {u'rate_limited_until': 1516519779693, u'likes_remaining': 0, u'match': False}
Aww, it's not a match:(
out of likes. Closing...
name: Claudia, id: 594de5920ae1c266116720d4
Napping for 1.024277 seconds...
	liking... {u'rate_limited_until': 1516519779693, u'likes_remaining': 0, u'match': False}
Aww, it's not a match:(
out of likes. Closing...
name: Karina, id: 5a5c634f037399d726a3ce38
Napping for 1.029376 seconds...
	liking... {u'rate_limited_until': 1516519779693, u'likes_remaining': 0, u'match': False}
Aww, it's not a match:(
out of likes. Closing...
name: Leslie, id: 5a52803539394c325d60f745
Napping for 0.381237 seconds...
	liking... {u'rate_limited_until': 1516519779693, u'likes_remaining': 0, u'match': False}
Aww, it's not a match:(
out of likes. Closing...
