You have been successfully authorized!
running main
likes remaining: 100
name: Kayla, id: 594957c86aab4b794c7986f3
Napping for 1.029653 seconds...
	liking... {u'likes_remaining': 100, u'match': False}
Aww, it's not a match:(
name: Cindy, id: 5a30e40c7d0da8f30cd659c8
Napping for 0.412682 seconds...
	liking... {u'likes_remaining': 100, u'match': False}
Aww, it's not a match:(
name: Sio, id: 587c476b08c1cc440eece09c
Napping for 0.676799 seconds...
	liking... {u'likes_remaining': 100, u'match': False}
Aww, it's not a match:(
name: Litzy, id: 5a344f0dc42152b3167dda13
Napping for 0.174169 seconds...
	liking... {u'likes_remaining': 100, u'match': False}
Aww, it's not a match:(
name: Kassandra, id: 592730a7d838d30f5f4c5f42
Napping for 0.641528 seconds...
	liking... {u'likes_remaining': 100, u'match': False}
Aww, it's not a match:(
name: Sarai, id: 5a35bdbf5b39086f165db0fb
Napping for 0.566580 seconds...
	liking... {u'likes_remaining': 100, u'match': False}
Aww, it's not a match:(
name: Marissa Janet, id: 575c56ad2094b17a0b168245
Napping for 0.607476 seconds...
	liking... {u'likes_remaining': 100, u'match': False}
Aww, it's not a match:(
name: Trina, id: 57cb56710cf8e9a50f6564a3
Napping for 0.161083 seconds...
	liking... {u'likes_remaining': 100, u'match': False}
Aww, it's not a match:(
name: Mayra, id: 537ee641ca3d668a1d687ea6
Napping for 0.449536 seconds...
	liking... {u'likes_remaining': 100, u'match': False}
Aww, it's not a match:(
name: Natasha, id: 5a2e288f96f2b8b105cb87d7
Napping for 0.710854 seconds...
	liking... {u'likes_remaining': 100, u'match': False}
Aww, it's not a match:(
name: Nicole, id: 545b1231b958a99b70456179
Napping for 0.899057 seconds...
	liking... {u'likes_remaining': 100, u'match': False}
Aww, it's not a match:(
name: Maria, id: 5a31b120e495329005935488
Napping for 0.357741 seconds...
	liking... {u'likes_remaining': 100, u'match': False}
Aww, it's not a match:(
name: Julia, id: 53ab70fc459cd64379644ca8
Napping for 0.921453 seconds...
	liking... {u'likes_remaining': 100, u'match': False}
Aww, it's not a match:(
name: Alexandria, id: 574b886e71ce8c7c0cadc5b5
Napping for 0.863457 seconds...
	liking... {u'likes_remaining': 100, u'match': False}
Aww, it's not a match:(
name: Nancy, id: 5a14f2856dce70a963e6711d
Napping for 0.157320 seconds...
	liking... {u'likes_remaining': 100, u'match': False}
Aww, it's not a match:(
name: Joselyn, id: 58d22a57f5d688fa0f6c3f62
Napping for 0.092529 seconds...
	liking... {u'likes_remaining': 100, u'match': False}
Aww, it's not a match:(
name: Lexie, id: 58e4165d02639a6a0c7dfe5c
Napping for 0.424816 seconds...
	liking... {u'likes_remaining': 100, u'match': False}
Aww, it's not a match:(
name: Shells, id: 5119ceb1845394d0660001ad
Napping for 0.213244 seconds...
	liking... {u'likes_remaining': 100, u'match': False}
Aww, it's not a match:(
name: Raquel, id: 5678b8ef050e16814d66aa36
Napping for 0.794476 seconds...
	liking... {u'likes_remaining': 100, u'match': False}
Aww, it's not a match:(
name: Katy, id: 579c3bf41601a1c67eb6aab4
Napping for 0.562786 seconds...
	liking... {u'likes_remaining': 100, u'match': False}
Aww, it's not a match:(
name: Monica, id: 5a32f41d2f46971c1055518c
Napping for 0.619473 seconds...
	liking... {u'likes_remaining': 100, u'match': False}
Aww, it's not a match:(
name: Angela, id: 52acbc18651373eb08000e15
Napping for 0.733077 seconds...
	liking... {u'likes_remaining': 100, u'match': False}
Aww, it's not a match:(
name: Stacy, id: 5a2cd1a2f75486d90fd241f4
Napping for 0.007433 seconds...
	liking... {u'likes_remaining': 100, u'match': False}
Aww, it's not a match:(
name: adrienne, id: 59e429b52fd8f5eb33ba09ec
Napping for 0.740270 seconds...
	liking... {u'likes_remaining': 100, u'match': False}
Aww, it's not a match:(
name: Tori, id: 59ffbb07f645039e576523b7
Napping for 0.345380 seconds...
	liking... {u'likes_remaining': 100, u'match': False}
Aww, it's not a match:(
name: Erin, id: 5a30c789acf7656e058185c2
Napping for 0.474490 seconds...
	liking... {u'likes_remaining': 100, u'match': False}
Aww, it's not a match:(
name: Rachele, id: 552cb27e6cc5b36433b176b5
Napping for 0.785896 seconds...
	liking... {u'likes_remaining': 100, u'match': False}
Aww, it's not a match:(
name: Sarah, id: 5923a4a8a59b56cd2bb51141
Napping for 0.770009 seconds...
	liking... {u'likes_remaining': 100, u'match': False}
Aww, it's not a match:(
name: Samantha, id: 57a95bbc033741c26d3c5745
Napping for 0.707190 seconds...
	liking... {u'likes_remaining': 100, u'match': False}
Aww, it's not a match:(
name: Tami, id: 58aa79fcb7413bf50263c6f1
Napping for 0.900328 seconds...
	liking... {u'likes_remaining': 100, u'match': False}
Aww, it's not a match:(
name: Juliana, id: 5969c17bed617c7d5e10f38e
Napping for 0.048377 seconds...
	liking... {u'likes_remaining': 100, u'match': False}
Aww, it's not a match:(
name: Jess, id: 551d101cd6056e0d18a9ca61
Napping for 1.131269 seconds...
	liking... {u'likes_remaining': 100, u'match': False}
Aww, it's not a match:(
name: Alex, id: 5607882f2c3cf4520c0102ce
Napping for 1.118771 seconds...
	liking... {u'likes_remaining': 100, u'match': False}
Aww, it's not a match:(
name: Ashley, id: 57d21c0a22e58acc01554106
Napping for 0.576048 seconds...
	liking... {u'likes_remaining': 100, u'match': False}
Aww, it's not a match:(
name: Carolina, id: 57ca02f66b7195ae2b61c7a4
Napping for 0.754638 seconds...
	liking... {u'likes_remaining': 100, u'match': False}
Aww, it's not a match:(
name: Jess, id: 59e62b1a6457889c529967da
Napping for 0.337218 seconds...
	liking... {u'rate_limited_until': 1513842448199, u'likes_remaining': 0, u'match': False}
Aww, it's not a match:(
name: Deisi, id: 5a1c7f586c976bae6faf598f
Napping for 0.655390 seconds...
	liking... {u'rate_limited_until': 1513842448199, u'likes_remaining': 0, u'match': False}
Aww, it's not a match:(
name: Ryba, id: 5a13cb41b0b6431f16eb55f7
Napping for 1.027810 seconds...
	liking... {u'rate_limited_until': 1513842448199, u'likes_remaining': 0, u'match': False}
Aww, it's not a match:(
name: Hannah, id: 5a2a09a30c57c24230791a76
Napping for 0.176024 seconds...
	liking... {u'rate_limited_until': 1513842448199, u'likes_remaining': 0, u'match': False}
Aww, it's not a match:(
name: Valery, id: 58ac01c166c2a3b90b8c313a
Napping for 1.001947 seconds...
	liking... {u'rate_limited_until': 1513842448199, u'likes_remaining': 0, u'match': False}
Aww, it's not a match:(
name: Julia, id: 5658bc013aa04b54355dde3d
Napping for 0.056386 seconds...
	liking... {u'rate_limited_until': 1513842448199, u'likes_remaining': 0, u'match': False}
Aww, it's not a match:(
name: Courtney, id: 59b392a62bb628d7316efa4b
Napping for 0.645400 seconds...
	liking... {u'rate_limited_until': 1513842448199, u'likes_remaining': 0, u'match': False}
Aww, it's not a match:(
name: Sahar, id: 5a35f40e8c464cb70ff7d4b1
Napping for 0.080413 seconds...
	liking... {u'rate_limited_until': 1513842448199, u'likes_remaining': 0, u'match': False}
Aww, it's not a match:(
name: Bianca, id: 5a1e4173db01d9126da251ca
Napping for 1.135813 seconds...
	liking... {u'rate_limited_until': 1513842448199, u'likes_remaining': 0, u'match': False}
Aww, it's not a match:(
name: Chloey, id: 58b51c21c2294f0e473f3469
Napping for 0.406291 seconds...
	liking... {u'rate_limited_until': 1513842448199, u'likes_remaining': 0, u'match': False}
Aww, it's not a match:(
name: Melody, id: 59a3d696646d298907cff3c7
Napping for 0.250552 seconds...
	liking... {u'rate_limited_until': 1513842448199, u'likes_remaining': 0, u'match': False}
Aww, it's not a match:(
name: V, id: 5a2f37cb2f46971c105321d0
Napping for 0.387729 seconds...
	liking... {u'rate_limited_until': 1513842448199, u'likes_remaining': 0, u'match': False}
Aww, it's not a match:(
name: Claire, id: 5a3a24cfda699dda3866916b
Napping for 0.446392 seconds...
	liking... {u'rate_limited_until': 1513842448199, u'likes_remaining': 0, u'match': False}
Aww, it's not a match:(
name: Iris, id: 52d8f83b8687311f5c00070a
Napping for 0.429515 seconds...
	liking... {u'rate_limited_until': 1513842448199, u'likes_remaining': 0, u'match': False}
Aww, it's not a match:(
name: Graciela, id: 5a3a0a6831b7505138e59d9a
Napping for 0.867082 seconds...
	liking... {u'rate_limited_until': 1513842448199, u'likes_remaining': 0, u'match': False}
Aww, it's not a match:(
name: Jacklyn, id: 59e5ae02b3fcfdb50b11be50
Napping for 0.762636 seconds...
	liking... {u'rate_limited_until': 1513842448199, u'likes_remaining': 0, u'match': False}
Aww, it's not a match:(
name: Em, id: 5a3abcf5539b43ea307147b3
Napping for 1.058036 seconds...
	liking... {u'rate_limited_until': 1513842448199, u'likes_remaining': 0, u'match': False}
Aww, it's not a match:(
name: Kristine, id: 5a3a2820afa44416269c6bc7
Napping for 0.175646 seconds...
	liking... {u'rate_limited_until': 1513842448199, u'likes_remaining': 0, u'match': False}
Aww, it's not a match:(
name: Alexandria, id: 563d85e0c483af5e70403d91
Napping for 0.554444 seconds...
	liking... {u'rate_limited_until': 1513842448199, u'likes_remaining': 0, u'match': False}
Aww, it's not a match:(
