You have been successfully authorized!
running main
likes remaining: 100
name: Ayse, id: 5823cad9dc956c262489b392
Napping for 0.502959 seconds...
	liking... {u'likes_remaining': 100, u'match': False}
Aww, it's not a match:(
name: Nancy, id: 559d9c34658f74d9160ebfcf
Napping for 0.885770 seconds...
	liking... {u'likes_remaining': 100, u'match': False}
Aww, it's not a match:(
name: Diana, id: 5a556ff2cb58ec106ae3f9b4
Napping for 0.422552 seconds...
	liking... {u'likes_remaining': 100, u'match': False}
Aww, it's not a match:(
name: Julie, id: 5a4734c2faabd2bc617e7e68
Napping for 0.787119 seconds...
	liking... {u'likes_remaining': 100, u'match': False}
Aww, it's not a match:(
name: Kara, id: 5375892b528482c433003a4d
Napping for 0.700875 seconds...
	liking... {u'likes_remaining': 100, u'match': False}
Aww, it's not a match:(
name: Melissa, id: 59224f45cee27fe44804dd55
Napping for 1.159287 seconds...
	liking... {u'likes_remaining': 100, u'match': False}
Aww, it's not a match:(
name: Cassidi, id: 52d4cada987fd8127d000085
Napping for 0.185063 seconds...
	liking... {u'likes_remaining': 100, u'match': False}
Aww, it's not a match:(
name: Shania, id: 5a517eab82f36bb469ee3f39
Napping for 0.165726 seconds...
	liking... {u'likes_remaining': 100, u'match': False}
Aww, it's not a match:(
name: Ali, id: 5a38768d9ab86a0f7f4c3056
Napping for 0.451503 seconds...
	liking... {u'likes_remaining': 100, u'match': False}
Aww, it's not a match:(
name: Emma, id: 5722c9d90986a3f42643af80
Napping for 0.999749 seconds...
	liking... {u'likes_remaining': 100, u'match': False}
Aww, it's not a match:(
name: Anna, id: 510ac6a1a5ccc1c503000422
Napping for 0.651810 seconds...
	liking... {u'likes_remaining': 100, u'match': False}
Aww, it's not a match:(
name: Monica, id: 56823bcc58194d2e48ff3844
Napping for 0.218549 seconds...
	liking... {u'likes_remaining': 100, u'match': False}
Aww, it's not a match:(
name: Grace, id: 59f2e27cffc02cff7ce96b45
Napping for 0.446444 seconds...
	liking... {u'likes_remaining': 100, u'match': False}
Aww, it's not a match:(
name: Rachel, id: 5850bab39c49a1ab4d53c1d7
Napping for 1.098324 seconds...
	liking... {u'likes_remaining': 100, u'match': False}
Aww, it's not a match:(
name: Cynthia, id: 530af1cb2a9bb16866000994
Napping for 0.208723 seconds...
	liking... {u'likes_remaining': 100, u'match': False}
Aww, it's not a match:(
name: Clary, id: 59ddab5a69554a00155d8681
Napping for 0.378706 seconds...
	liking... {u'likes_remaining': 100, u'match': False}
Aww, it's not a match:(
name: Laila, id: 5a178d556c976bae6fab99e1
Napping for 0.678573 seconds...
	liking... {u'likes_remaining': 100, u'match': False}
Aww, it's not a match:(
name: Sindhu, id: 5a49d52136e65f961d57296b
Napping for 0.485319 seconds...
	liking... {u'likes_remaining': 100, u'match': False}
Aww, it's not a match:(
name: Natalie, id: 51c09a943f5f826739000203
Napping for 0.455320 seconds...
	liking... {u'likes_remaining': 100, u'match': False}
Aww, it's not a match:(
name: Rebecca, id: 591d0951cee27fe448022828
Napping for 0.987906 seconds...
	liking... {u'likes_remaining': 100, u'match': False}
Aww, it's not a match:(
name: Jessica, id: 5a4ef258f1bb1c65759ea23b
Napping for 0.013645 seconds...
	liking... {u'likes_remaining': 100, u'match': False}
Aww, it's not a match:(
name: Brandy, id: 562c2041728adb9b2f469c6c
Napping for 0.825123 seconds...
	liking... {u'likes_remaining': 100, u'match': False}
Aww, it's not a match:(
name: Elizabeth, id: 56410cd856bc9cca36029ca8
Napping for 0.450628 seconds...
	liking... {u'likes_remaining': 100, u'match': False}
Aww, it's not a match:(
name: Zeyneb, id: 59386549b2c952984ba8180c
Napping for 0.071555 seconds...
	liking... {u'likes_remaining': 100, u'match': False}
Aww, it's not a match:(
name: Myra, id: 5a2336bf7a77a8d703037267
Napping for 0.363786 seconds...
	liking... {u'likes_remaining': 100, u'match': False}
Aww, it's not a match:(
name: Sandy, id: 596d983619de83ac289888e1
Napping for 0.825607 seconds...
	liking... {u'likes_remaining': 100, u'match': False}
Aww, it's not a match:(
name: Janel, id: 5a541f0acbc712e35cbc2b1a
Napping for 0.032070 seconds...
	liking... {u'likes_remaining': 100, u'match': False}
Aww, it's not a match:(
name: Lida, id: 5a5000dc4f7b873e431162b5
Napping for 0.980795 seconds...
	liking... {u'likes_remaining': 100, u'match': False}
Aww, it's not a match:(
name: Julie, id: 5746acbf1d27d1e70c56c533
Napping for 0.093609 seconds...
	liking... {u'likes_remaining': 100, u'match': False}
Aww, it's not a match:(
name: Maddy, id: 5765ece0071de29831e41ad9
Napping for 0.763656 seconds...
	liking... {u'likes_remaining': 100, u'match': False}
Aww, it's not a match:(
name: Rachel, id: 53e5d26bade9dd260d660ab9
Napping for 0.481188 seconds...
	liking... {u'likes_remaining': 100, u'match': False}
Aww, it's not a match:(
name: Emily, id: 5a55a0970d4f3e71698fd8a8
Napping for 0.807172 seconds...
	liking... {u'likes_remaining': 100, u'match': False}
Aww, it's not a match:(
name: Davina, id: 59e796308f8b23787c4c1b9a
Napping for 0.455549 seconds...
	liking... {u'likes_remaining': 100, u'match': False}
Aww, it's not a match:(
name: Giselle, id: 58313ea3df0cbab26354d831
Napping for 0.836532 seconds...
	liking... {u'likes_remaining': 100, u'match': False}
Aww, it's not a match:(
name: Sharoon, id: 5a2d843b2f46971c10520330
Napping for 0.207157 seconds...
	liking... {u'likes_remaining': 100, u'match': False}
Aww, it's not a match:(
name: Lauren, id: 59ba29eea2f1f9840a866443
Napping for 1.050282 seconds...
	liking... {u'likes_remaining': 100, u'match': False}
Aww, it's not a match:(
name: Nadia, id: 5a52bbeb2baf5f326afa2e52
Napping for 0.759877 seconds...
	liking... {u'likes_remaining': 100, u'match': False}
Aww, it's not a match:(
name: Chrissy, id: 59f192a672a405807d59f9ab
Napping for 0.576290 seconds...
	liking... {u'rate_limited_until': 1515606721832, u'likes_remaining': 0, u'match': False}
Aww, it's not a match:(
out of likes. Closing...
name: throws UnicodeDecodeError so I cannot say, id: 5941d34ba2ee5120408b2e9c
UnicodeDecodeError: 'ascii' codec can't decode byte 0xc3 in position 1: ordinal not in range(128)
Napping for 0.960799 seconds...
	liking... {u'rate_limited_until': 1515606721832, u'likes_remaining': 0, u'match': False}
Aww, it's not a match:(
out of likes. Closing...
name: Ashley, id: 5a1a1eafd9154a1169a960cf
Napping for 0.512653 seconds...
	liking... {u'rate_limited_until': 1515606721832, u'likes_remaining': 0, u'match': False}
Aww, it's not a match:(
out of likes. Closing...
name: Becca, id: 57376834d80d9e1512c74166
Napping for 0.520153 seconds...
	liking... {u'rate_limited_until': 1515606721832, u'likes_remaining': 0, u'match': False}
Aww, it's not a match:(
out of likes. Closing...
name: Tammy, id: 56bdd662e2b956511f720829
Napping for 1.177554 seconds...
	liking... {u'rate_limited_until': 1515606721832, u'likes_remaining': 0, u'match': False}
Aww, it's not a match:(
out of likes. Closing...
name: Georgina, id: 5a5072218289d2414a016d31
Napping for 0.671214 seconds...
	liking... {u'rate_limited_until': 1515606721832, u'likes_remaining': 0, u'match': False}
Aww, it's not a match:(
out of likes. Closing...
name: Cinthya, id: 5959a35ac3b9991d73c7e32d
Napping for 0.533196 seconds...
	liking... {u'rate_limited_until': 1515606721832, u'likes_remaining': 0, u'match': False}
Aww, it's not a match:(
out of likes. Closing...
name: Karina, id: 5a499ce99e6f7d6925884d94
Napping for 0.693450 seconds...
	liking... {u'rate_limited_until': 1515606721832, u'likes_remaining': 0, u'match': False}
Aww, it's not a match:(
out of likes. Closing...
name: Katrina, id: 5a52c4751cd829ba6f520d3b
Napping for 0.784969 seconds...
	liking... {u'rate_limited_until': 1515606721832, u'likes_remaining': 0, u'match': False}
Aww, it's not a match:(
out of likes. Closing...
name: Gina, id: 58bc903813c8991d47cad9fc
Napping for 0.351381 seconds...
	liking... {u'rate_limited_until': 1515606721832, u'likes_remaining': 0, u'match': False}
Aww, it's not a match:(
out of likes. Closing...
name: Vicky, id: 54b3707d869d246b5c72f2f4
Napping for 1.051252 seconds...
	liking... {u'rate_limited_until': 1515606721832, u'likes_remaining': 0, u'match': False}
Aww, it's not a match:(
out of likes. Closing...
name: Katherine, id: 57cf7138a5beb43914b1d70e
Napping for 1.197597 seconds...
	liking... {u'rate_limited_until': 1515606721832, u'likes_remaining': 0, u'match': False}
Aww, it's not a match:(
out of likes. Closing...
name: Niki, id: 59be1260a076ce4310290f07
Napping for 0.960503 seconds...
	liking... {u'rate_limited_until': 1515606721832, u'likes_remaining': 0, u'match': False}
Aww, it's not a match:(
out of likes. Closing...
name: Soumya, id: 54ffc457aee8d6d351ab3d78
Napping for 0.445779 seconds...
	liking... {u'rate_limited_until': 1515606721832, u'likes_remaining': 0, u'match': False}
Aww, it's not a match:(
out of likes. Closing...
name: Emily, id: 586b25e2f406558e54420399
Napping for 0.236319 seconds...
	liking... {u'rate_limited_until': 1515606721832, u'likes_remaining': 0, u'match': False}
Aww, it's not a match:(
out of likes. Closing...
name: Katie, id: 5a559693cb58ec106ae41f33
Napping for 1.135704 seconds...
	liking... {u'rate_limited_until': 1515606721832, u'likes_remaining': 0, u'match': False}
Aww, it's not a match:(
out of likes. Closing...
name: Kim, id: 53c3427aa2d4832e6dbe0601
Napping for 0.199589 seconds...
	liking... {u'rate_limited_until': 1515606721832, u'likes_remaining': 0, u'match': False}
Aww, it's not a match:(
out of likes. Closing...
