You have been successfully authorized!
running main
likes remaining: 100
name: Monica, id: 56fd9391e13abdf633a610c7
Napping for 1.126267 seconds...
	liking... {u'likes_remaining': 100, u'match': False}
Aww, it's not a match:(
name: Wendy, id: 5a658bb31657e22346396179
Napping for 0.052403 seconds...
	liking... {u'likes_remaining': 100, u'match': False}
Aww, it's not a match:(
name: Amber, id: 53c3121e4d562d516407208a
Napping for 0.337083 seconds...
	liking... {u'likes_remaining': 100, u'match': False}
Aww, it's not a match:(
name: Lauren, id: 5a4aeab22788ab671ef9e0af
Napping for 0.506677 seconds...
	liking... {u'likes_remaining': 100, u'match': False}
Aww, it's not a match:(
name: Kacie, id: 5877272e71d7427e42b7b2f5
Napping for 0.969429 seconds...
	liking... {u'likes_remaining': 100, u'match': False}
Aww, it's not a match:(
name: Nirali, id: 57e7264da6d9b31d10ba58c6
Napping for 0.912698 seconds...
	liking... {u'likes_remaining': 100, u'match': False}
Aww, it's not a match:(
name: Christina, id: 5990ee52ab738d65334a3d83
Napping for 1.164133 seconds...
	liking... {u'likes_remaining': 100, u'match': False}
Aww, it's not a match:(
name: Sadie, id: 53fed8ae0dc3f6bb09b6e236
Napping for 0.008983 seconds...
	liking... {u'likes_remaining': 100, u'match': False}
Aww, it's not a match:(
name: Jamie, id: 5918784b6fe3c7856e231c05
Napping for 0.136240 seconds...
	liking... {u'likes_remaining': 100, u'match': False}
Aww, it's not a match:(
name: Molly, id: 58976c8637f5dab30a562071
Napping for 0.529958 seconds...
	liking... {u'likes_remaining': 100, u'match': False}
Aww, it's not a match:(
name: Olivia, id: 54d59e58ffa39409491301a4
Napping for 0.103238 seconds...
	liking... {u'likes_remaining': 100, u'match': False}
Aww, it's not a match:(
name: Sara, id: 59a1b54a2b49c3ca1ff35d89
Napping for 0.899512 seconds...
	liking... {u'likes_remaining': 100, u'match': False}
Aww, it's not a match:(
name: Mariah, id: 5a68b880b8c560fe65859c1e
Napping for 0.935242 seconds...
	liking... {u'likes_remaining': 100, u'match': False}
Aww, it's not a match:(
name: Michelle, id: 59598788c3b9991d73c7cfeb
Napping for 0.261979 seconds...
	liking... {u'likes_remaining': 100, u'match': False}
Aww, it's not a match:(
name: Anne, id: 5a68c5ef786ea3f9459812fe
Napping for 1.093253 seconds...
	liking... {u'likes_remaining': 100, u'match': False}
Aww, it's not a match:(
name: Midelline, id: 5a681fec0811fb8d66ab3190
Napping for 1.075570 seconds...
	liking... {u'likes_remaining': 100, u'match': False}
Aww, it's not a match:(
name: Joanne, id: 58689a87af12e6ef4ef71fc5
Napping for 1.198894 seconds...
	liking... {u'likes_remaining': 100, u'match': False}
Aww, it's not a match:(
name: Melissa, id: 59630bc7f64fff1e615bed27
Napping for 0.119855 seconds...
	liking... {u'likes_remaining': 100, u'match': False}
Aww, it's not a match:(
name: Elissa, id: 590ef9337afd46fd3ab826aa
Napping for 1.196702 seconds...
	liking... {u'likes_remaining': 100, u'match': False}
Aww, it's not a match:(
name: Kylee, id: 54f14a5ad0bc900e17b23b36
Napping for 0.667628 seconds...
	liking... {u'likes_remaining': 100, u'match': False}
Aww, it's not a match:(
name: Hasuna, id: 5986f95b3c99f19c4bce235a
Napping for 0.142435 seconds...
	liking... {u'likes_remaining': 100, u'match': False}
Aww, it's not a match:(
name: Mel, id: 5a6823ac78481b9644a30d1b
Napping for 0.618870 seconds...
	liking... {u'likes_remaining': 100, u'match': False}
Aww, it's not a match:(
name: Abby, id: 510f00c06e5d15ba0f000dfa
Napping for 0.330161 seconds...
	liking... {u'likes_remaining': 100, u'match': False}
Aww, it's not a match:(
name: Cherie, id: 5a6573760811fb8d66a97b84
Napping for 0.454214 seconds...
	liking... {u'likes_remaining': 100, u'match': False}
Aww, it's not a match:(
name: Valeria, id: 575733361a0b8ca60b7f68c0
Napping for 0.405532 seconds...
	liking... {u'likes_remaining': 100, u'match': False}
Aww, it's not a match:(
name: Karina, id: 59d56cab41998a531c7116db
Napping for 0.185829 seconds...
	liking... {u'likes_remaining': 100, u'match': False}
Aww, it's not a match:(
name: Daiani, id: 58a3ef55954d57883dbc692a
Napping for 0.714052 seconds...
	liking... {u'likes_remaining': 100, u'match': False}
Aww, it's not a match:(
name: Brenda, id: 57f708a21cfcefce7313cf8d
Napping for 0.145457 seconds...
	liking... {u'likes_remaining': 100, u'match': False}
Aww, it's not a match:(
name: Thais, id: 592c7db78a37a2e55ee81268
Napping for 0.708867 seconds...
	liking... {u'likes_remaining': 100, u'match': False}
Aww, it's not a match:(
name: Liz, id: 5a600e749b04dca409c50de5
Napping for 0.508266 seconds...
	liking... {u'likes_remaining': 100, u'match': False}
Aww, it's not a match:(
name: Lucy, id: 59d1870e9f6316d35cc3d901
Napping for 0.582280 seconds...
	liking... {u'likes_remaining': 100, u'match': False}
Aww, it's not a match:(
name: Kelly, id: 518731f225d473a01000006b
Napping for 1.075538 seconds...
	liking... {u'likes_remaining': 100, u'match': False}
Aww, it's not a match:(
name: Melissa, id: 59630bc7f64fff1e615bed27
Napping for 0.692591 seconds...
	liking... {u'likes_remaining': 100, u'match': False}
Aww, it's not a match:(
name: Marissa, id: 5a68302accdbb77535167795
Napping for 0.217500 seconds...
	liking... {u'likes_remaining': 100, u'match': False}
Aww, it's not a match:(
name: Machi, id: 598a820b7d9440be5851d6a6
Napping for 0.835052 seconds...
	liking... {u'likes_remaining': 100, u'match': False}
Aww, it's not a match:(
name: Marli, id: 5a64209f1657e2234637caa6
Napping for 0.896504 seconds...
	liking... {u'likes_remaining': 100, u'match': False}
Aww, it's not a match:(
name: Ray, id: 59d675b53686906c4b02d464
Napping for 0.884017 seconds...
	liking... {u'likes_remaining': 100, u'match': False}
Aww, it's not a match:(
name: Carmen, id: 5a6830fdccdbb77535167804
Napping for 1.094884 seconds...
	liking... {u'likes_remaining': 100, u'match': False}
Aww, it's not a match:(
name: Devika, id: 55efd3215c8cac9b56a94972
Napping for 0.525563 seconds...
	liking... {u'likes_remaining': 100, u'match': False}
Aww, it's not a match:(
name: Amber, id: 5a68b186b18e735b66af282f
Napping for 0.790359 seconds...
	liking... {u'likes_remaining': 100, u'match': False}
Aww, it's not a match:(
name: Arlene, id: 5808517a3b91db1b690c95b4
Napping for 0.073072 seconds...
	liking... {u'likes_remaining': 100, u'match': False}
Aww, it's not a match:(
name: Christina, id: 5a683211ab67b94d461ecfd0
Napping for 0.526428 seconds...
	liking... {u'likes_remaining': 100, u'match': False}
Aww, it's not a match:(
name: Navtej, id: 5a684480786ea3f94597afa2
Napping for 0.433160 seconds...
	liking... {u'likes_remaining': 100, u'match': False}
Aww, it's not a match:(
name: Desiree, id: 59aa1712f2728a2503da046b
Napping for 1.002459 seconds...
	liking... {u'likes_remaining': 100, u'match': False}
Aww, it's not a match:(
name: Makayla, id: 5a667f80b8c560fe6583bc7c
Napping for 0.065877 seconds...
	liking... {u'likes_remaining': 100, u'match': False}
Aww, it's not a match:(
name: Marisa, id: 5844f1825860dfd4076977d8
Napping for 0.298020 seconds...
	liking... {u'likes_remaining': 100, u'match': False}
Aww, it's not a match:(
name: Sage, id: 59445999e495dcb153a1bf0a
Napping for 0.593018 seconds...
	liking... {u'likes_remaining': 100, u'match': False}
Aww, it's not a match:(
name: Mariana, id: 5a656b1b78481b9644a11c68
Napping for 0.641142 seconds...
	liking... {u'likes_remaining': 100, u'match': False}
Aww, it's not a match:(
name: Jamie, id: 558739c8a098aa102e6b5893
Napping for 0.978138 seconds...
	liking... {u'likes_remaining': 100, u'match': False}
Aww, it's not a match:(
name: Sarah, id: 533959f5a93d40d6770006a7
Napping for 0.512885 seconds...
	liking... {u'likes_remaining': 100, u'match': False}
Aww, it's not a match:(
name: Sara, id: 598a494b861544843e017c40
Napping for 0.101106 seconds...
	liking... {u'likes_remaining': 100, u'match': False}
Aww, it's not a match:(
name: Kathryn, id: 58e5cbf6412a60ef6a092b3f
Napping for 0.791896 seconds...
	liking... {u'likes_remaining': 100, u'match': False}
Aww, it's not a match:(
name: Miranda, id: 5a6170bc6954c2fe09af096c
Napping for 0.929078 seconds...
	liking... {u'likes_remaining': 100, u'match': False}
Aww, it's not a match:(
name: Chesley, id: 598fd79ebc589e094c359397
Napping for 0.345655 seconds...
	liking... {u'likes_remaining': 100, u'match': False}
Aww, it's not a match:(
name: Rebecca, id: 5215c5afb70f2fd92000008d
Napping for 0.716613 seconds...
	liking... {u'likes_remaining': 100, u'match': False}
Aww, it's not a match:(
name: Cristina, id: 58a38e9799b792c32c537429
Napping for 1.101476 seconds...
	liking... {u'likes_remaining': 100, u'match': False}
Aww, it's not a match:(
name: Hannah, id: 51b26a21f98254ad50000c26
Napping for 0.856491 seconds...
	liking... {u'likes_remaining': 100, u'match': False}
Aww, it's not a match:(
name: Katie, id: 5331b6799708a5aa25005953
Napping for 0.835340 seconds...
	liking... {u'likes_remaining': 100, u'match': False}
Aww, it's not a match:(
name: Amela, id: 598fc9b8234772c54bbea9b3
Napping for 0.854912 seconds...
	liking... {u'likes_remaining': 100, u'match': False}
Aww, it's not a match:(
name: Khristine, id: 588837422365319e660a6b79
Napping for 1.133237 seconds...
	liking... {u'likes_remaining': 100, u'match': False}
Aww, it's not a match:(
name: Mercedes, id: 5975b9bb59d1770752afd7b7
Napping for 0.463814 seconds...
	liking... {u'likes_remaining': 100, u'match': False}
Aww, it's not a match:(
name: Jocelle, id: 59c4a90b3d56b3bc35c3a7a1
Napping for 0.792963 seconds...
	liking... {u'likes_remaining': 100, u'match': False}
Aww, it's not a match:(
name: Clare, id: 545c889127068c12361ce292
Napping for 1.155831 seconds...
	liking... {u'likes_remaining': 100, u'match': False}
Aww, it's not a match:(
name: Elsa, id: 5a19d5a0ff59cbf76c1fbbc7
Napping for 0.369365 seconds...
	liking... {u'likes_remaining': 100, u'match': False}
Aww, it's not a match:(
name: Andrea, id: 552a14c35c83ae291077d524
Napping for 0.848369 seconds...
	liking... {u'likes_remaining': 100, u'match': False}
Aww, it's not a match:(
name: Akansha, id: 596a210bda6bf1393409b0ff
Napping for 0.459054 seconds...
	liking... {u'likes_remaining': 100, u'match': False}
Aww, it's not a match:(
name: Trang, id: 57999e777ae852193931186f
Napping for 0.484851 seconds...
	liking... {u'likes_remaining': 100, u'match': False}
Aww, it's not a match:(
name: Rachell, id: 573fef40e369f01f13a8c92e
Napping for 0.064985 seconds...
	liking... {u'likes_remaining': 100, u'match': False}
Aww, it's not a match:(
name: Molly, id: 5136677ff56e1ca734000984
Napping for 0.488507 seconds...
	liking... {u'likes_remaining': 100, u'match': False}
Aww, it's not a match:(
name: Katrina, id: 5a64273d30d69cd8352e6173
Napping for 0.106696 seconds...
	liking... {u'likes_remaining': 100, u'match': False}
Aww, it's not a match:(
name: Lulu, id: 53ebd5ea4cf0be3b4443715b
Napping for 0.043463 seconds...
	liking... {u'likes_remaining': 100, u'match': False}
Aww, it's not a match:(
name: Anohaima, id: 52b75ea1b8de0d857200084d
Napping for 1.146327 seconds...
	liking... {u'likes_remaining': 100, u'match': False}
Aww, it's not a match:(
name: Alice, id: 58c4f0e8de8b31814d8e5aa3
Napping for 0.722235 seconds...
	liking... {u'likes_remaining': 100, u'match': False}
Aww, it's not a match:(
name: Leigh, id: 5709c3783e15c0f16c779b9d
Napping for 0.009527 seconds...
	liking... {u'likes_remaining': 100, u'match': False}
Aww, it's not a match:(
name: Brianna, id: 58de1d60d704755456624841
Napping for 0.376626 seconds...
	liking... {u'likes_remaining': 100, u'match': False}
Aww, it's not a match:(
name: Noga, id: 56a81fe0e6a53941429d2fbd
Napping for 0.149356 seconds...
	liking... {u'likes_remaining': 100, u'match': False}
Aww, it's not a match:(
name: Naomi, id: 5a535151cb58ec106ae21c9e
Napping for 0.422595 seconds...
	liking... {u'likes_remaining': 100, u'match': False}
Aww, it's not a match:(
name: Caroline, id: 57b62d52f7f60aad6d080612
Napping for 0.842420 seconds...
	liking... {u'likes_remaining': 100, u'match': False}
Aww, it's not a match:(
name: Katie, id: 53251c31418808f221002e99
Napping for 0.413013 seconds...
	liking... {u'likes_remaining': 100, u'match': False}
Aww, it's not a match:(
name: Kewana, id: 5a4f23549857331203e19345
Napping for 0.241894 seconds...
	liking... {u'likes_remaining': 100, u'match': False}
Aww, it's not a match:(
name: Otavia, id: 56dcea6c1be8ac342c26ab9a
Napping for 1.161391 seconds...
	liking... {u'likes_remaining': 100, u'match': False}
Aww, it's not a match:(
name: Afia, id: 547fc28e6a682ca72b999c74
Napping for 0.327781 seconds...
	liking... {u'likes_remaining': 100, u'match': False}
Aww, it's not a match:(
name: Marybel, id: 54a8c4a7ce81a8356706532e
Napping for 0.616174 seconds...
	liking... {u'likes_remaining': 100, u'match': False}
Aww, it's not a match:(
name: Lyn Nguyen, id: 5a63da8b78481b9644a0229a
Napping for 0.344603 seconds...
	liking... {u'likes_remaining': 100, u'match': False}
Aww, it's not a match:(
name: Tatiana, id: 53925e416f7d464170e5ac65
Napping for 1.053181 seconds...
	liking... {u'likes_remaining': 100, u'match': False}
Aww, it's not a match:(
name: Princess A, id: 599fda0da57fdfb607fbb338
Napping for 0.680448 seconds...
	liking... {u'likes_remaining': 100, u'match': False}
Aww, it's not a match:(
name: Emily, id: 58a420b4ccbc5757722290ad
Napping for 0.821353 seconds...
	liking... {u'likes_remaining': 100, u'match': False}
Aww, it's not a match:(
name: Anima, id: 59438a5fe495dcb153a14d97
Napping for 0.080398 seconds...
	liking... {u'likes_remaining': 100, u'match': False}
Aww, it's not a match:(
name: Ashna, id: 546fe9bc547840e5113bd5e0
Napping for 1.138706 seconds...
	liking... {u'likes_remaining': 100, u'match': False}
Aww, it's not a match:(
name: Siena, id: 52152ac67b26c60d1a00006b
Napping for 0.440682 seconds...
	liking... {u'likes_remaining': 100, u'match': False}
Aww, it's not a match:(
name: Courtney, id: 59daf9d312e661964bfb3e76
Napping for 0.160519 seconds...
	liking... {u'likes_remaining': 100, u'match': False}
Aww, it's not a match:(
name: Melissa, id: 59599be18439c3e3728eced1
Napping for 0.626179 seconds...
	liking... {u'likes_remaining': 100, u'match': False}
Aww, it's not a match:(
name: Hailee, id: 5872a00cbcf80b8a6e178ed9
Napping for 0.790834 seconds...
	liking... {u'likes_remaining': 100, u'match': False}
Aww, it's not a match:(
name: Courtney, id: 59679e737c2f47945e75aea8
Napping for 0.741957 seconds...
	liking... {u'likes_remaining': 100, u'match': False}
Aww, it's not a match:(
name: Leah, id: 58df081596766dd9046dc794
Napping for 0.515478 seconds...
	liking... {u'likes_remaining': 100, u'match': False}
Aww, it's not a match:(
name: Kayla, id: 5330b88c6f617d5006003a91
Napping for 1.144344 seconds...
	liking... {u'likes_remaining': 100, u'match': False}
Aww, it's not a match:(
name: Chelsea, id: 59b3ceb53532e2e531fcd7f0
Napping for 1.036648 seconds...
	liking... {u'likes_remaining': 100, u'match': False}
Aww, it's not a match:(
name: Natalie, id: 5a67d4b2b8c560fe6584e487
Napping for 0.699464 seconds...
	liking... {u'likes_remaining': 100, u'match': False}
Aww, it's not a match:(
name: Hannah, id: 59dcec0f88bf505715187168
Napping for 0.200145 seconds...
	liking... {u'likes_remaining': 100, u'match': False}
Aww, it's not a match:(
name: Jennifer, id: 58170512e187ea245ff1ba03
Napping for 0.715871 seconds...
	liking... {u'rate_limited_until': 1516862703699, u'likes_remaining': 0, u'match': False}
Aww, it's not a match:(
out of likes. Closing...
name: MuNch, id: 59d5247aeb6999bd70ae8141
Napping for 0.578041 seconds...
	liking... {u'rate_limited_until': 1516862703699, u'likes_remaining': 0, u'match': False}
Aww, it's not a match:(
out of likes. Closing...
name: Maria, id: 5a6509170326596c44f561cc
Napping for 0.581877 seconds...
	liking... {u'rate_limited_until': 1516862703699, u'likes_remaining': 0, u'match': False}
Aww, it's not a match:(
out of likes. Closing...
name: Jen, id: 5a628d110edefaa835ab4575
Napping for 0.686008 seconds...
	liking... {u'rate_limited_until': 1516862703699, u'likes_remaining': 0, u'match': False}
Aww, it's not a match:(
out of likes. Closing...
name: Lalita, id: 5a5ffa70470b96607a9673df
Napping for 0.667925 seconds...
	liking... {u'rate_limited_until': 1516862703699, u'likes_remaining': 0, u'match': False}
Aww, it's not a match:(
out of likes. Closing...
name: Wiola, id: 5a657c67ab67b94d461c9f7b
Napping for 0.785480 seconds...
	liking... {u'rate_limited_until': 1516862703699, u'likes_remaining': 0, u'match': False}
Aww, it's not a match:(
out of likes. Closing...
name: Kayla, id: 51c1378c2be21ee635000745
Napping for 0.644368 seconds...
	liking... {u'rate_limited_until': 1516862703699, u'likes_remaining': 0, u'match': False}
Aww, it's not a match:(
out of likes. Closing...
name: Michelle, id: 5448759dc4c9573829ed2b5f
Napping for 0.545835 seconds...
	liking... {u'rate_limited_until': 1516862703699, u'likes_remaining': 0, u'match': False}
Aww, it's not a match:(
out of likes. Closing...
name: Lara, id: 5a62efcf0326596c44f3cd8b
Napping for 0.864276 seconds...
	liking... {u'rate_limited_until': 1516862703699, u'likes_remaining': 0, u'match': False}
Aww, it's not a match:(
out of likes. Closing...
name: Rachel, id: 595350830ae1c266116a5a0c
Napping for 0.619962 seconds...
	liking... {u'rate_limited_until': 1516862703699, u'likes_remaining': 0, u'match': False}
Aww, it's not a match:(
out of likes. Closing...
name: Yeena, id: 540ad61f5f64a15730b1355b
Napping for 0.251258 seconds...
	liking... {u'rate_limited_until': 1516862703699, u'likes_remaining': 0, u'match': False}
Aww, it's not a match:(
out of likes. Closing...
name: Adriana, id: 5947543c21ad0e5d2addc7e2
Napping for 0.887433 seconds...
	liking... {u'rate_limited_until': 1516862703699, u'likes_remaining': 0, u'match': False}
Aww, it's not a match:(
out of likes. Closing...
name: Stephanie, id: 5a66ba2f30d69cd8353053dd
Napping for 0.503101 seconds...
	liking... {u'rate_limited_until': 1516862703699, u'likes_remaining': 0, u'match': False}
Aww, it's not a match:(
out of likes. Closing...
