You have been successfully authorized!
running main
likes remaining: 100
name: Aisha, id: 5a54dddcfebb740d708aef38
Napping for 0.770460 seconds...
	liking... {u'likes_remaining': 100, u'match': False}
Aww, it's not a match:(
name: Kay, id: 5a52f3a9133b2393694b8f01
Napping for 0.538281 seconds...
	liking... {u'likes_remaining': 100, u'match': False}
Aww, it's not a match:(
name: Jennifer, id: 5a4357c456899e2525a15979
Napping for 1.011628 seconds...
	liking... {u'likes_remaining': 100, u'match': False}
Aww, it's not a match:(
name: Zeynep, id: 5a507bbb8289d2414a017a76
Napping for 0.878717 seconds...
	liking... {u'likes_remaining': 100, u'match': False}
Aww, it's not a match:(
name: Alejandra, id: 5a51bffefebb740d70889a02
Napping for 0.751247 seconds...
	liking... {u'likes_remaining': 100, u'match': False}
Aww, it's not a match:(
name: Les, id: 5a546d2c707af2d86f912479
Napping for 0.769666 seconds...
	liking... {u'likes_remaining': 100, u'match': False}
Aww, it's not a match:(
name: Camille, id: 558a52d198b52a9a1ae79022
Napping for 0.204557 seconds...
	liking... {u'likes_remaining': 100, u'match': False}
Aww, it's not a match:(
name: Katiee, id: 5a44a4fc00a7d7751d9a9041
Napping for 0.652106 seconds...
	liking... {u'likes_remaining': 100, u'match': False}
Aww, it's not a match:(
name: Olivia, id: 5a10fa5be975406d01b38119
Napping for 0.110369 seconds...
	liking... {u'likes_remaining': 100, u'match': False}
Aww, it's not a match:(
name: Rita, id: 59d5cb39a4173ed54c0812f0
Napping for 0.449300 seconds...
	liking... {u'likes_remaining': 100, u'match': False}
Aww, it's not a match:(
name: Ariana, id: 547c24384bdf34b277b370b9
Napping for 0.420548 seconds...
	liking... {u'likes_remaining': 100, u'match': False}
Aww, it's not a match:(
name: Alanna, id: 5a52c147bea73a546a12f2d4
Napping for 1.097350 seconds...
	liking... {u'likes_remaining': 100, u'match': False}
Aww, it's not a match:(
name: Hannah, id: 51ecb0d32ed753594b000013
Napping for 0.197452 seconds...
	liking... {u'likes_remaining': 100, u'match': False}
Aww, it's not a match:(
name: Andrea, id: 5a0529bd242e0c6205fee62d
Napping for 0.579576 seconds...
	liking... {u'likes_remaining': 100, u'match': False}
Aww, it's not a match:(
name: Kathrin, id: 5a0bea022f1d4d49713668c4
Napping for 0.755593 seconds...
	liking... {u'likes_remaining': 100, u'match': False}
Aww, it's not a match:(
name: June, id: 56ac79f127d1514328bb90cb
Napping for 0.391727 seconds...
	liking... {u'likes_remaining': 100, u'match': False}
Aww, it's not a match:(
name: Siri, id: 599c5555cfbf4a992c672ee0
Napping for 0.031130 seconds...
	liking... {u'likes_remaining': 100, u'match': False}
Aww, it's not a match:(
name: Tia, id: 5a55091669c73afa6feeb364
Napping for 0.051341 seconds...
	liking... {u'likes_remaining': 100, u'match': False}
Aww, it's not a match:(
name: Dani, id: 5a1e1168d9154a1169acd1ec
Napping for 1.135944 seconds...
	liking... {u'likes_remaining': 100, u'match': False}
Aww, it's not a match:(
name: Mya, id: 5a4ddbdf05cb763102a47b66
Napping for 0.408135 seconds...
	liking... {u'likes_remaining': 100, u'match': False}
Aww, it's not a match:(
name: Catalina Vargas, id: 5a4c8e4f2788ab671efb5919
Napping for 0.975914 seconds...
	liking... {u'likes_remaining': 100, u'match': False}
Aww, it's not a match:(
name: Ashley, id: 55c2a723e1e6372a38fb960a
Napping for 0.083206 seconds...
	liking... {u'likes_remaining': 100, u'match': False}
Aww, it's not a match:(
name: Jazmine, id: 5328fa257405fb163e0000b1
Napping for 0.925241 seconds...
	liking... {u'likes_remaining': 100, u'match': False}
Aww, it's not a match:(
name: Bianca, id: 568705feee5acb033624f4ee
Napping for 0.816731 seconds...
	liking... {u'likes_remaining': 100, u'match': False}
Aww, it's not a match:(
name: Daffnie, id: 59e426242fd8f5eb33ba07d2
Napping for 0.192540 seconds...
	liking... {u'likes_remaining': 100, u'match': False}
Aww, it's not a match:(
name: Cristiane, id: 5a28d3b561bbffca332d7d36
Napping for 0.619163 seconds...
	liking... {u'likes_remaining': 100, u'match': False}
Aww, it's not a match:(
name: Courtney, id: 5653f54e2e987b450cb3c6ac
Napping for 0.193640 seconds...
	liking... {u'likes_remaining': 100, u'match': False}
Aww, it's not a match:(
name: Kaitlin, id: 5a42a343faabd2bc617b1823
Napping for 1.141922 seconds...
	liking... {u'likes_remaining': 100, u'match': False}
Aww, it's not a match:(
name: Gemma, id: 56c515cf53948b994ce9852c
Napping for 0.310557 seconds...
	liking... {u'likes_remaining': 100, u'match': False}
Aww, it's not a match:(
name: Gio, id: 5a3c2e1091a7c8b97614575a
Napping for 0.120338 seconds...
	liking... {u'likes_remaining': 100, u'match': False}
Aww, it's not a match:(
name: Keri, id: 5a1879843785cfc96f8eb351
Napping for 1.016546 seconds...
	liking... {u'likes_remaining': 100, u'match': False}
Aww, it's not a match:(
name: Gabrielle, id: 5a48ff6e702237291d162331
Napping for 1.136337 seconds...
	liking... {u'likes_remaining': 100, u'match': False}
Aww, it's not a match:(
name: Marcia, id: 5966ab12e5826855309a4834
Napping for 0.933411 seconds...
	liking... {u'likes_remaining': 100, u'match': False}
Aww, it's not a match:(
name: Chloe, id: 5a3df7fab86023b5127a318a
Napping for 0.494928 seconds...
	liking... {u'likes_remaining': 100, u'match': False}
Aww, it's not a match:(
name: Sharon, id: 5a349c224ce394d416567955
Napping for 0.517345 seconds...
	liking... {u'likes_remaining': 100, u'match': False}
Aww, it's not a match:(
name: Marie, id: 5a14dfd82c4ebbf7691455ab
Napping for 1.194762 seconds...
	liking... {u'likes_remaining': 100, u'match': False}
Aww, it's not a match:(
name: Crystal, id: 5a51ebb851f181756ad45875
Napping for 0.559856 seconds...
	liking... {u'likes_remaining': 100, u'match': False}
Aww, it's not a match:(
name: Billy, id: 5a44a4de5f165d721238242f
Napping for 0.098350 seconds...
	liking... {u'likes_remaining': 100, u'match': False}
Aww, it's not a match:(
name: Miranda, id: 59c3efbb80d0c22136c9506e
Napping for 0.678755 seconds...
	liking... {u'likes_remaining': 100, u'match': False}
Aww, it's not a match:(
name: Kaitlin, id: 596b9243cb33e67934223c06
Napping for 1.009804 seconds...
	liking... {u'likes_remaining': 100, u'match': False}
Aww, it's not a match:(
name: Maya, id: 5859fb5670c535fd2f337f59
Napping for 0.331062 seconds...
	liking... {u'likes_remaining': 100, u'match': False}
Aww, it's not a match:(
name: Chelsey, id: 5a518fd869c73afa6feaf733
Napping for 0.544937 seconds...
	liking... {u'likes_remaining': 100, u'match': False}
Aww, it's not a match:(
name: Tyler, id: 5a30f0115b39086f165a261b
Napping for 0.034838 seconds...
	liking... {u'likes_remaining': 100, u'match': False}
Aww, it's not a match:(
name: Aleena, id: 59b46edd30d8cd8b3ca77b68
Napping for 0.552031 seconds...
	liking... {u'likes_remaining': 100, u'match': False}
Aww, it's not a match:(
name: Shawna, id: 5a4c8c03e8dc17aa1ea38662
Napping for 0.835120 seconds...
	liking... {u'likes_remaining': 100, u'match': False}
Aww, it's not a match:(
name: Ari, id: 5a430d47b86023b5127d7a10
Napping for 1.024811 seconds...
	liking... {u'likes_remaining': 100, u'match': False}
Aww, it's not a match:(
name: Olivia, id: 580906bb2c365f2021bd2b38
Napping for 0.262025 seconds...
	liking... {u'likes_remaining': 100, u'match': False}
Aww, it's not a match:(
name: Gladis Yohely, id: 5a41c3519e6f7d692583043a
Napping for 0.613077 seconds...
	liking... {u'likes_remaining': 100, u'match': False}
Aww, it's not a match:(
name: Lizzie, id: 57a56ca3c67359dc1e11a309
Napping for 0.648012 seconds...
	liking... {u'likes_remaining': 100, u'match': False}
Aww, it's not a match:(
name: Julia, id: 58e9c3fe28230dfb4259aade
Napping for 0.422162 seconds...
	liking... {u'likes_remaining': 100, u'match': False}
Aww, it's not a match:(
name: Elisabeth, id: 59f69b6d62dab66a0c534447
Napping for 1.167556 seconds...
	liking... {u'likes_remaining': 100, u'match': False}
Aww, it's not a match:(
name: Adriana, id: 59780735b451388d2595dc3e
Napping for 0.461483 seconds...
	liking... {u'likes_remaining': 100, u'match': False}
Aww, it's not a match:(
name: Jacqueline, id: 5a4205e32788ab671ef3826e
Napping for 0.561293 seconds...
	liking... {u'likes_remaining': 100, u'match': False}
Aww, it's not a match:(
name: araceli, id: 5a5597c839394c325d637e08
Napping for 0.461417 seconds...
	liking... {u'likes_remaining': 100, u'match': False}
Aww, it's not a match:(
name: Vanessa, id: 5a47234e5920884b1d59b6e4
Napping for 0.742251 seconds...
	liking... {u'likes_remaining': 100, u'match': False}
Aww, it's not a match:(
name: Pam, id: 5a38bc2c9ab86a0f7f4c6a64
Napping for 0.160948 seconds...
	liking... {u'likes_remaining': 100, u'match': False}
Aww, it's not a match:(
name: Luna, id: 598133eeb094df0359c1de38
Napping for 0.084280 seconds...
	liking... {u'likes_remaining': 100, u'match': False}
Aww, it's not a match:(
name: Lindsay, id: 54af50ea4a1eb39c2d015d61
Napping for 0.392051 seconds...
	liking... {u'likes_remaining': 100, u'match': False}
Aww, it's not a match:(
name: throws UnicodeDecodeError so I cannot say, id: 5a54a202133b2393694cc6d2
UnicodeDecodeError: 'ascii' codec can't decode byte 0xe5 in position 0: ordinal not in range(128)
Napping for 0.503607 seconds...
	liking... {u'likes_remaining': 100, u'match': False}
Aww, it's not a match:(
name: Elvira, id: 5a4b212700a7d7751d9e9479
Napping for 0.635731 seconds...
	liking... {u'likes_remaining': 100, u'match': False}
Aww, it's not a match:(
name: Semra, id: 5784687b88be859f098808f5
Napping for 0.489646 seconds...
	liking... {u'likes_remaining': 100, u'match': False}
Aww, it's not a match:(
name: Aoife, id: 5a346e46c32aba580dae38e1
Napping for 0.513304 seconds...
	liking... {u'likes_remaining': 100, u'match': False}
Aww, it's not a match:(
name: Miranda, id: 553d9fb2068a79f001b994d8
Napping for 0.419548 seconds...
	liking... {u'likes_remaining': 100, u'match': False}
Aww, it's not a match:(
name: Kathy, id: 572ea2b7f16d446524fc6f3a
Napping for 0.640169 seconds...
	liking... {u'likes_remaining': 100, u'match': False}
Aww, it's not a match:(
name: Angelica, id: 5a5148a64a2e8d81437d6767
Napping for 0.844170 seconds...
	liking... {u'likes_remaining': 100, u'match': False}
Aww, it's not a match:(
name: Miya, id: 56b53647f5f97fa902f93a21
Napping for 0.700849 seconds...
	liking... {u'likes_remaining': 100, u'match': False}
Aww, it's not a match:(
name: Paula, id: 58e4932edf44aade62c4857b
Napping for 0.628502 seconds...
	liking... {u'likes_remaining': 100, u'match': False}
Aww, it's not a match:(
name: Tracy, id: 5a45eef4aa9e1a4725d3fbb1
Napping for 0.745166 seconds...
	liking... {u'likes_remaining': 100, u'match': False}
Aww, it's not a match:(
name: Azure, id: 57073bfbc0302e453209c918
Napping for 0.218244 seconds...
	liking... {u'likes_remaining': 100, u'match': False}
Aww, it's not a match:(
name: Rissi, id: 57b824209c8435824b196496
Napping for 0.326974 seconds...
	liking... {u'likes_remaining': 100, u'match': False}
Aww, it's not a match:(
name: Aileen, id: 54e07c2957a3c5164ccb3533
Napping for 1.084259 seconds...
	liking... {u'likes_remaining': 100, u'match': False}
Aww, it's not a match:(
name: Kelly, id: 5a245fa1cb7bfebd77051d62
Napping for 0.816445 seconds...
	liking... {u'likes_remaining': 100, u'match': False}
Aww, it's not a match:(
name: Madi, id: 54928c825015275f6e582614
Napping for 0.852121 seconds...
	liking... {u'likes_remaining': 100, u'match': False}
Aww, it's not a match:(
name: Bessie, id: 5468a654c77d701007e12b86
Napping for 0.299982 seconds...
	liking... {u'likes_remaining': 100, u'match': False}
Aww, it's not a match:(
name: Alanna, id: 5954039de929c5ec6bf25817
Napping for 0.280249 seconds...
	liking... {u'likes_remaining': 100, u'match': False}
Aww, it's not a match:(
name: Robin, id: 564e99aaabd89ddb0a9691b2
Napping for 1.125409 seconds...
	liking... {u'likes_remaining': 100, u'match': False}
Aww, it's not a match:(
name: Noemi, id: 5a541bb6bea73a546a14341a
Napping for 0.544361 seconds...
	liking... {u'likes_remaining': 100, u'match': False}
Aww, it's not a match:(
name: Erika, id: 57f48f82afa0d4e24059487d
Napping for 0.684490 seconds...
	liking... {u'likes_remaining': 100, u'match': False}
Aww, it's not a match:(
name: Krystal, id: 54ac86fd06ba975f123d61a6
Napping for 0.333585 seconds...
	liking... {u'likes_remaining': 100, u'match': False}
Aww, it's not a match:(
name: Christina, id: 591d00da9411163849510e27
Napping for 0.733280 seconds...
	liking... {u'likes_remaining': 100, u'match': False}
Aww, it's not a match:(
name: Amy Nhu Hieu, id: 58c0c4895c9e015e5307a745
Napping for 0.356499 seconds...
	liking... {u'likes_remaining': 100, u'match': False}
Aww, it's not a match:(
name: Leigh Ann, id: 536af5307f101f267e00f2d3
Napping for 0.959867 seconds...
	liking... {u'likes_remaining': 100, u'match': False}
Aww, it's not a match:(
name: Colleen, id: 53f0f7e2ab8f2db149be6f3e
Napping for 0.529424 seconds...
	liking... {u'likes_remaining': 100, u'match': False}
Aww, it's not a match:(
name: Amanda, id: 5a531b2f0d4f3e71698dff12
Napping for 1.099057 seconds...
	liking... {u'likes_remaining': 100, u'match': False}
Aww, it's not a match:(
name: Marisa, id: 5998ad2879b909092ef303aa
Napping for 0.263785 seconds...
	liking... {u'likes_remaining': 100, u'match': False}
Aww, it's not a match:(
name: Shelby, id: 552167c8a28b81e21749c397
Napping for 0.971905 seconds...
	liking... {u'likes_remaining': 100, u'match': False}
Aww, it's not a match:(
name: Shibani, id: 5a417f8a5920884b1d553ad4
Napping for 0.431007 seconds...
	liking... {u'likes_remaining': 100, u'match': False}
Aww, it's not a match:(
name: Christina, id: 5254cabcc1b17d0d790004a5
Napping for 0.201851 seconds...
	liking... {u'likes_remaining': 100, u'match': False}
Aww, it's not a match:(
name: Laura, id: 5798eb19d5c64fbc4caea3f5
Napping for 0.810604 seconds...
	liking... {u'likes_remaining': 100, u'match': False}
Aww, it's not a match:(
name: Andrea, id: 58309b817c60d7ad10de9473
Napping for 0.643848 seconds...
	liking... {u'likes_remaining': 100, u'match': False}
Aww, it's not a match:(
name: Rhisa, id: 54c5adc03091e9250915f3ab
Napping for 1.031460 seconds...
	liking... {u'likes_remaining': 100, u'match': False}
Aww, it's not a match:(
name: Abbey, id: 5a319500acf7656e0582069f
Napping for 0.596935 seconds...
	liking... {u'likes_remaining': 100, u'match': False}
Aww, it's not a match:(
name: Gaby, id: 5369be4c338ce0ef0100cc65
Napping for 1.005951 seconds...
	liking... {u'likes_remaining': 100, u'match': False}
Aww, it's not a match:(
name: Shaye, id: 540afd5d1cc75f1446ae9e63
Napping for 0.007998 seconds...
	liking... {u'likes_remaining': 100, u'match': False}
Aww, it's not a match:(
name: Rocky, id: 5a4fe3954f7b873e4311447a
Napping for 0.878521 seconds...
	liking... {u'likes_remaining': 100, u'match': False}
Aww, it's not a match:(
name: Ashley, id: 5a534048133b2393694bc2f4
Napping for 1.058658 seconds...
	liking... {u'likes_remaining': 100, u'match': False}
Aww, it's not a match:(
name: Janelle, id: 5a53ca0359021ec15c95e484
Napping for 1.029556 seconds...
	liking... {u'likes_remaining': 100, u'match': False}
Aww, it's not a match:(
name: Hazel, id: 5a4dc0ac7c524bce02e4d149
Napping for 0.157844 seconds...
	liking... {u'rate_limited_until': 1515653413837, u'likes_remaining': 0, u'match': False}
Aww, it's not a match:(
out of likes. Closing...
name: Stephanie, id: 54757821a6527d3711ae4a48
Napping for 1.046729 seconds...
	liking... {u'rate_limited_until': 1515653413837, u'likes_remaining': 0, u'match': False}
Aww, it's not a match:(
out of likes. Closing...
name: Michelle, id: 5a20d9edef50a8e44c737e32
Napping for 0.943063 seconds...
	liking... {u'rate_limited_until': 1515653413837, u'likes_remaining': 0, u'match': False}
Aww, it's not a match:(
out of likes. Closing...
name: Alex, id: 5a519986cb58ec106ae0192b
Napping for 1.085270 seconds...
	liking... {u'rate_limited_until': 1515653413837, u'likes_remaining': 0, u'match': False}
Aww, it's not a match:(
out of likes. Closing...
name: Xox, id: 5a52f86569c73afa6fec9e92
Napping for 0.020876 seconds...
	liking... {u'rate_limited_until': 1515653413837, u'likes_remaining': 0, u'match': False}
Aww, it's not a match:(
out of likes. Closing...
name: Sameen, id: 54c34e9176c147c2400def86
Napping for 0.149467 seconds...
	liking... {u'rate_limited_until': 1515653413837, u'likes_remaining': 0, u'match': False}
Aww, it's not a match:(
out of likes. Closing...
name: Jen, id: 597da449593dee5a441999e2
Napping for 0.409215 seconds...
	liking... {u'rate_limited_until': 1515653413837, u'likes_remaining': 0, u'match': False}
Aww, it's not a match:(
out of likes. Closing...
name: Arrianna, id: 5252392e640a12b866003341
Napping for 0.187817 seconds...
	liking... {u'rate_limited_until': 1515653413837, u'likes_remaining': 0, u'match': False}
Aww, it's not a match:(
out of likes. Closing...
name: Josie, id: 5437678f331391d7258e7922
Napping for 1.033405 seconds...
	liking... {u'rate_limited_until': 1515653413837, u'likes_remaining': 0, u'match': False}
Aww, it's not a match:(
out of likes. Closing...
name: Savita, id: 541b779f0bbff1776a031851
Napping for 0.075093 seconds...
	liking... {u'rate_limited_until': 1515653413837, u'likes_remaining': 0, u'match': False}
Aww, it's not a match:(
out of likes. Closing...
