You have been successfully authorized!
running main
likes remaining: 100
name: Vickie, id: 56731b52628074c73584e204
Napping for 0.250415 seconds...
	liking... {u'likes_remaining': 100, u'match': False}
Aww, it's not a match:(
name: Ilse, id: 59d72fff12e661964bf7db5f
Napping for 0.766558 seconds...
	liking... {u'likes_remaining': 100, u'match': False}
Aww, it's not a match:(
name: Marisa, id: 5a62b563bd42cd316659137d
Napping for 0.498672 seconds...
	liking... {u'likes_remaining': 100, u'match': False}
Aww, it's not a match:(
name: Zakia, id: 5a623c8cab67b94d461a2b38
Napping for 0.021651 seconds...
	liking... {u'likes_remaining': 100, u'match': False}
Aww, it's not a match:(
name: Jenny, id: 5a62ba65ccdbb7753512ab8b
Napping for 1.062881 seconds...
	liking... {u'likes_remaining': 100, u'match': False}
Aww, it's not a match:(
name: Elisa, id: 5a61a2ed470b96607a973675
Napping for 0.151995 seconds...
	liking... {u'likes_remaining': 100, u'match': False}
Aww, it's not a match:(
name: Kristy, id: 5a582f460d6e7a0a1ab1f295
Napping for 0.462075 seconds...
	liking... {u'likes_remaining': 100, u'match': False}
Aww, it's not a match:(
name: Elizabeth, id: 5a62bd90786ea3f94593aa28
Napping for 0.982075 seconds...
	liking... {u'likes_remaining': 100, u'match': False}
Aww, it's not a match:(
name: Sami, id: 5a4ef85fddc34b0f021d91e3
Napping for 0.725402 seconds...
	liking... {u'likes_remaining': 100, u'match': False}
Aww, it's not a match:(
name: Rebecca, id: 53d48406a9f2061f2e435d08
Napping for 1.164114 seconds...
	liking... {u'likes_remaining': 100, u'match': False}
Aww, it's not a match:(
name: Audrie, id: 599cfc4c19af617f140c2899
Napping for 0.356514 seconds...
	liking... {u'likes_remaining': 100, u'match': False}
Aww, it's not a match:(
name: Aj, id: 5a62b70e4b32b6c6452325be
Napping for 0.367232 seconds...
	liking... {u'likes_remaining': 100, u'match': False}
Aww, it's not a match:(
name: Cynthia, id: 5938cf7da713334d15498ca9
Napping for 0.590677 seconds...
	liking... {u'likes_remaining': 100, u'match': False}
Aww, it's not a match:(
name: Kath, id: 5a62b38078481b96449f51dc
Napping for 0.416250 seconds...
	liking... {u'likes_remaining': 100, u'match': False}
Aww, it's not a match:(
name: Ivonee, id: 599e55f7bdc82efc1fed132c
Napping for 0.307542 seconds...
	liking... {u'likes_remaining': 100, u'match': False}
Aww, it's not a match:(
name: Alexis, id: 58bce612756fae286e8e90f1
Napping for 0.626088 seconds...
	liking... {u'likes_remaining': 100, u'match': False}
Aww, it's not a match:(
name: Agus, id: 586c3bcb87a9bbb80dfe01b0
Napping for 0.336435 seconds...
	liking... {u'likes_remaining': 100, u'match': False}
Aww, it's not a match:(
name: Jenna, id: 56f31a4f11bc102c49ca6ee0
Napping for 0.884123 seconds...
	liking... {u'likes_remaining': 100, u'match': False}
Aww, it's not a match:(
name: Brittany, id: 5a62a7e178481b96449f4705
Napping for 0.460456 seconds...
	liking... {u'likes_remaining': 100, u'match': False}
Aww, it's not a match:(
name: Olivia, id: 5a5f8d51037399d726a6cbb7
Napping for 0.229822 seconds...
	liking... {u'likes_remaining': 100, u'match': False}
Aww, it's not a match:(
name: Vanessa, id: 5a62b4bb0811fb8d66a7553c
Napping for 1.013903 seconds...
	liking... {u'likes_remaining': 100, u'match': False}
Aww, it's not a match:(
name: Marina, id: 58ef11e781d5702824bde1f5
Napping for 0.255161 seconds...
	liking... {u'likes_remaining': 100, u'match': False}
Aww, it's not a match:(
name: Sarah, id: 5a62a8e74b32b6c645230888
Napping for 0.050268 seconds...
	liking... {u'likes_remaining': 100, u'match': False}
Aww, it's not a match:(
name: Niki, id: 5a62b35e4b32b6c645231e54
Napping for 0.003623 seconds...
	liking... {u'likes_remaining': 100, u'match': False}
Aww, it's not a match:(
name: Jenna, id: 5949e634951a29ea63f46009
Napping for 1.117458 seconds...
	liking... {u'likes_remaining': 100, u'match': False}
Aww, it's not a match:(
name: Sophie, id: 59f92465454f3b990c216864
Napping for 0.595637 seconds...
	liking... {u'likes_remaining': 100, u'match': False}
Aww, it's not a match:(
name: Natalia, id: 5a5d2a44407c450428ee25e8
Napping for 0.258860 seconds...
	liking... {u'likes_remaining': 100, u'match': False}
Aww, it's not a match:(
name: jasmine, id: 5a62a164bd42cd316658eba6
Napping for 1.127320 seconds...
	liking... {u'likes_remaining': 100, u'match': False}
Aww, it's not a match:(
name: Anna, id: 594047bd854cf7087f40075a
Napping for 0.397186 seconds...
	liking... {u'likes_remaining': 100, u'match': False}
Aww, it's not a match:(
name: Zakia, id: 5a623c8cab67b94d461a2b38
Napping for 1.093850 seconds...
	liking... {u'likes_remaining': 100, u'match': False}
Aww, it's not a match:(
name: Stephanie, id: 5a54510769c73afa6fedfc89
Napping for 0.792507 seconds...
	liking... {u'likes_remaining': 100, u'match': False}
Aww, it's not a match:(
name: Claire, id: 5a624b15b8c560fe6580b22f
Napping for 0.388905 seconds...
	liking... {u'likes_remaining': 100, u'match': False}
Aww, it's not a match:(
name: Victoria, id: 589528e2b3687877022e5a79
Napping for 1.136001 seconds...
	liking... {u'likes_remaining': 100, u'match': False}
Aww, it's not a match:(
name: Daisy, id: 5a0275c09ff213da03e5adfb
Napping for 0.288030 seconds...
	liking... {u'likes_remaining': 100, u'match': False}
Aww, it's not a match:(
name: Sammy, id: 54f2b6bb53a74c797c232a78
Napping for 0.367564 seconds...
	liking... {u'likes_remaining': 100, u'match': False}
Aww, it's not a match:(
name: Tara, id: 5a5d991a037399d726a51c9f
Napping for 1.154315 seconds...
	liking... {u'likes_remaining': 100, u'match': False}
Aww, it's not a match:(
name: CG, id: 5a62ad4dccdbb77535129ca2
Napping for 0.179315 seconds...
	liking... {u'likes_remaining': 100, u'match': False}
Aww, it's not a match:(
name: Laura, id: 5a62a516e7bd253c44f2e79f
Napping for 1.034673 seconds...
	liking... {u'likes_remaining': 100, u'match': False}
Aww, it's not a match:(
name: Ashlee, id: 55bd75fbf7f2bb281d573acb
Napping for 0.430411 seconds...
	liking... {u'likes_remaining': 100, u'match': False}
Aww, it's not a match:(
name: Zuleth, id: 58ff028acab19f776010814d
Napping for 0.190470 seconds...
	liking... {u'likes_remaining': 100, u'match': False}
Aww, it's not a match:(
name: Nina, id: 5a62a8c2bd42cd316658f90f
Napping for 0.538361 seconds...
	liking... {u'likes_remaining': 100, u'match': False}
Aww, it's not a match:(
name: Sandra, id: 5a5c490a1364b39f2770b6d2
Napping for 0.751745 seconds...
	liking... {u'likes_remaining': 100, u'match': False}
Aww, it's not a match:(
name: Noah, id: 581534c854501a2e5667aa64
Napping for 0.015044 seconds...
	liking... {u'likes_remaining': 100, u'match': False}
Aww, it's not a match:(
name: Jessica, id: 5a629b890326596c44f3bad0
Napping for 0.060119 seconds...
	liking... {u'likes_remaining': 100, u'match': False}
Aww, it's not a match:(
name: Anais, id: 59971bc679b909092ef1da35
Napping for 0.325191 seconds...
	liking... {u'likes_remaining': 100, u'match': False}
Aww, it's not a match:(
name: Danielle, id: 5895845686695437023a329b
Napping for 0.020502 seconds...
	liking... {u'likes_remaining': 100, u'match': False}
Aww, it's not a match:(
name: Alissa, id: 597fb3b13e7fb3ac42f090d4
Napping for 0.648945 seconds...
	liking... {u'likes_remaining': 100, u'match': False}
Aww, it's not a match:(
name: Camille, id: 5a56a238febb740d708c8753
Napping for 0.207267 seconds...
	liking... {u'likes_remaining': 100, u'match': False}
Aww, it's not a match:(
name: Chelsea, id: 59b3687e30d8cd8b3ca6bcd5
Napping for 0.675730 seconds...
	liking... {u'likes_remaining': 100, u'match': False}
Aww, it's not a match:(
name: Nancy, id: 58b364fafcf9429c660a4a3b
Napping for 1.101596 seconds...
	liking... {u'likes_remaining': 100, u'match': False}
Aww, it's not a match:(
name: Gladys, id: 5a4e86cf7c524bce02e51f72
Napping for 0.813764 seconds...
	liking... {u'likes_remaining': 100, u'match': False}
Aww, it's not a match:(
name: Hillary, id: 54f9364e82db6c5177537d97
Napping for 0.851212 seconds...
	liking... {u'likes_remaining': 100, u'match': False}
Aww, it's not a match:(
name: Cynthia, id: 5975965ca0dd2ba96d603a58
Napping for 1.126491 seconds...
	liking... {u'likes_remaining': 100, u'match': False}
Aww, it's not a match:(
name: Esther, id: 558a03e5e57910035bd54893
Napping for 0.594453 seconds...
	liking... {u'likes_remaining': 100, u'match': False}
Aww, it's not a match:(
name: Patricia, id: 5a62978530d69cd8352d2518
Napping for 0.871432 seconds...
	liking... {u'rate_limited_until': 1516471923365, u'likes_remaining': 0, u'match': False}
Aww, it's not a match:(
out of likes. Closing...
name: Royal, id: 587e86e6f1dbd8920a1bbbc3
Napping for 0.871486 seconds...
	liking... {u'rate_limited_until': 1516471923365, u'likes_remaining': 0, u'match': False}
Aww, it's not a match:(
out of likes. Closing...
name: Jailena, id: 56036898c277fa483cd087bc
Napping for 0.305958 seconds...
	liking... {u'rate_limited_until': 1516471923365, u'likes_remaining': 0, u'match': False}
Aww, it's not a match:(
out of likes. Closing...
name: Janelle, id: 53ea6eb58e062c2f44d6ad10
Napping for 0.982056 seconds...
	liking... {u'rate_limited_until': 1516471923365, u'likes_remaining': 0, u'match': False}
Aww, it's not a match:(
out of likes. Closing...
name: Phebe, id: 592681a82c1ddab35ebbec2e
Napping for 0.481046 seconds...
	liking... {u'rate_limited_until': 1516471923365, u'likes_remaining': 0, u'match': False}
Aww, it's not a match:(
out of likes. Closing...
name: Mariana, id: 5a5e6edf0e1e57b526d5912d
Napping for 0.387749 seconds...
	liking... {u'rate_limited_until': 1516471923365, u'likes_remaining': 0, u'match': False}
Aww, it's not a match:(
out of likes. Closing...
name: Mariwel, id: 5a5ead4fbc9c78c12793fe95
Napping for 0.482056 seconds...
	liking... {u'rate_limited_until': 1516471923365, u'likes_remaining': 0, u'match': False}
Aww, it's not a match:(
out of likes. Closing...
name: Diana, id: 584fabdba579e494207be109
Napping for 1.013842 seconds...
	liking... {u'rate_limited_until': 1516471923365, u'likes_remaining': 0, u'match': False}
Aww, it's not a match:(
out of likes. Closing...
name: Haley, id: 54e972ce4e527c2c39080b78
Napping for 0.221339 seconds...
	liking... {u'rate_limited_until': 1516471923365, u'likes_remaining': 0, u'match': False}
Aww, it's not a match:(
out of likes. Closing...
name: Caroline, id: 5a5992cf253434f02ddfa21b
Napping for 0.053981 seconds...
	liking... {u'rate_limited_until': 1516471923365, u'likes_remaining': 0, u'match': False}
Aww, it's not a match:(
out of likes. Closing...
name: Aya, id: 5a62cdef8b067109446defda
Napping for 0.353055 seconds...
	liking... {u'rate_limited_until': 1516471923365, u'likes_remaining': 0, u'match': False}
Aww, it's not a match:(
out of likes. Closing...
name: Lamanda, id: 59b1b7076a8e1fa34fa0d4f9
Napping for 0.380989 seconds...
	liking... {u'rate_limited_until': 1516471923365, u'likes_remaining': 0, u'match': False}
Aww, it's not a match:(
out of likes. Closing...
name: Alex, id: 5417974adbe28c5d4afdf106
Napping for 0.925216 seconds...
	liking... {u'rate_limited_until': 1516471923365, u'likes_remaining': 0, u'match': False}
Aww, it's not a match:(
out of likes. Closing...
name: Rashel, id: 591bf754f0a1a5af6e594680
Napping for 0.031011 seconds...
	liking... {u'rate_limited_until': 1516471923365, u'likes_remaining': 0, u'match': False}
Aww, it's not a match:(
out of likes. Closing...
name: K, id: 5a62d97a0811fb8d66a77ac6
Napping for 0.521332 seconds...
	liking... {u'rate_limited_until': 1516471923365, u'likes_remaining': 0, u'match': False}
Aww, it's not a match:(
out of likes. Closing...
name: Lisa, id: 5a5ee3e0a0bb942c1a4c65ed
Napping for 0.475807 seconds...
	liking... {u'rate_limited_until': 1516471923365, u'likes_remaining': 0, u'match': False}
Aww, it's not a match:(
out of likes. Closing...
name: Jade, id: 58291755b326e69e0a619c00
Napping for 1.050897 seconds...
	liking... {u'rate_limited_until': 1516471923365, u'likes_remaining': 0, u'match': False}
Aww, it's not a match:(
out of likes. Closing...
