You have been successfully authorized!
running main
likes remaining: 100
name: AshleyMae, id: 55adfa09d51b4cd85f7d5aa5
Napping for 0.109462 seconds...
	liking... {u'likes_remaining': 100, u'match': {u'common_like_count': 0, u'is_super_like': True, u'common_friend_count': 0, u'is_fast_match': False, u'is_boost_match': False, u'messages': [], u'last_activity_date': u'2017-12-23T16:42:53.693Z', u'dead': False, u'message_count': 0, u'participants': [u'5411d98b8ce312114adedd68', u'55adfa09d51b4cd85f7d5aa5'], u'closed': False, u'created_date': u'2017-12-23T16:42:53.693Z', u'following': True, u'super_liker': u'55adfa09d51b4cd85f7d5aa5', u'following_moments': True, u'_id': u'5411d98b8ce312114adedd6855adfa09d51b4cd85f7d5aa5', u'pending': False}}
It's a match!
{u'status': u'404', u'error': u''}
name: Tessa, id: 5a3dce33702237291d0ed6b2
Napping for 0.931296 seconds...
	liking... {u'likes_remaining': 100, u'match': False}
Aww, it's not a match:(
name: Miranda, id: 545aa611d1996bae2ec6f38e
Napping for 1.132962 seconds...
	liking... {u'likes_remaining': 100, u'match': False}
Aww, it's not a match:(
name: Chaitra, id: 58040cde16ff396f3bb8ec65
Napping for 0.601456 seconds...
	liking... {u'likes_remaining': 100, u'match': False}
Aww, it's not a match:(
name: Maritza, id: 5a3e91a22788ab671ef09848
Napping for 0.303679 seconds...
	liking... {u'likes_remaining': 100, u'match': False}
Aww, it's not a match:(
name: Rosie, id: 568f3f874e5b6be5718d75ba
Napping for 0.259586 seconds...
	liking... {u'likes_remaining': 100, u'match': False}
Aww, it's not a match:(
name: Abby, id: 5a3dd1f04584d1451e491ac1
Napping for 0.391176 seconds...
	liking... {u'likes_remaining': 100, u'match': False}
Aww, it's not a match:(
name: Mennen, id: 5a3ddc8d56899e25259e67e0
Napping for 1.126905 seconds...
	liking... {u'likes_remaining': 100, u'match': False}
Aww, it's not a match:(
name: Kelsee, id: 5a3be82b0c31145e582e0945
Napping for 0.801080 seconds...
	liking... {u'likes_remaining': 100, u'match': False}
Aww, it's not a match:(
name: Lena, id: 573bc43ea4c67a7115c59695
Napping for 0.376502 seconds...
	liking... {u'likes_remaining': 100, u'match': False}
Aww, it's not a match:(
name: Claire, id: 568c1edc8348d8d1651485cf
Napping for 0.366611 seconds...
	liking... {u'likes_remaining': 100, u'match': False}
Aww, it's not a match:(
name: Giselle, id: 597565e11656a3b451f74ad9
Napping for 1.090356 seconds...
	liking... {u'likes_remaining': 100, u'match': False}
Aww, it's not a match:(
name: Caroline, id: 53b34c57372c021e581a4522
Napping for 0.243044 seconds...
	liking... {u'likes_remaining': 100, u'match': False}
Aww, it's not a match:(
name: Gabriela, id: 559868893cb9b42d7f887add
Napping for 0.897111 seconds...
	liking... {u'likes_remaining': 100, u'match': False}
Aww, it's not a match:(
name: Emma, id: 5a3db4919e6f7d6925806263
Napping for 0.709355 seconds...
	liking... {u'likes_remaining': 100, u'match': False}
Aww, it's not a match:(
name: AshleyMae, id: 55adfa09d51b4cd85f7d5aa5
Napping for 0.416196 seconds...
	liking... {u'likes_remaining': 100, u'match': {u'common_like_count': 0, u'is_super_like': True, u'common_friend_count': 0, u'is_fast_match': False, u'is_boost_match': False, u'messages': [], u'last_activity_date': u'2017-12-23T16:42:53.693Z', u'dead': False, u'message_count': 0, u'participants': [u'5411d98b8ce312114adedd68', u'55adfa09d51b4cd85f7d5aa5'], u'closed': False, u'created_date': u'2017-12-23T16:42:53.693Z', u'following': True, u'super_liker': u'55adfa09d51b4cd85f7d5aa5', u'following_moments': True, u'_id': u'5411d98b8ce312114adedd6855adfa09d51b4cd85f7d5aa5', u'pending': False}}
It's a match!
{u'status': u'404', u'error': u''}
name: Kelsey, id: 552c633218a49c546a88d031
Napping for 0.883727 seconds...
	liking... {u'likes_remaining': 100, u'match': False}
Aww, it's not a match:(
name: Victor, id: 54c84f4bcfc6e2ff1041fc02
Napping for 0.186044 seconds...
	liking... {u'likes_remaining': 100, u'match': False}
Aww, it's not a match:(
name: Kaylee, id: 5a3c19400c31145e582e3852
Napping for 0.983789 seconds...
	liking... {u'likes_remaining': 100, u'match': False}
Aww, it's not a match:(
name: Joyce, id: 59ff84c29d231d675436de5e
Napping for 0.046280 seconds...
	liking... {u'likes_remaining': 100, u'match': False}
Aww, it's not a match:(
name: Leah, id: 5a3ca00dab2fd03e7b71e7e6
Napping for 0.561747 seconds...
	liking... {u'likes_remaining': 100, u'match': False}
Aww, it's not a match:(
name: Riya, id: 5a2248e99c3119087d3e0acd
Napping for 1.133937 seconds...
	liking... {u'likes_remaining': 100, u'match': False}
Aww, it's not a match:(
name: Noa, id: 56da92e0d4ba8d10154ef51e
Napping for 0.947430 seconds...
	liking... {u'likes_remaining': 100, u'match': False}
Aww, it's not a match:(
name: Brigitte, id: 5503ba7c5ac7b73d683a7cea
Napping for 0.216153 seconds...
	liking... {u'likes_remaining': 100, u'match': False}
Aww, it's not a match:(
name: Natalia, id: 59d2ffd9aa5a9a9c7013f5f2
Napping for 0.219727 seconds...
	liking... {u'likes_remaining': 100, u'match': False}
Aww, it's not a match:(
name: Javona, id: 5a3dfe82702237291d0f1d64
Napping for 1.115996 seconds...
	liking... {u'likes_remaining': 100, u'match': False}
Aww, it's not a match:(
name: Sandra, id: 59b6fb2f94188c0f1cdae51b
Napping for 0.697912 seconds...
	liking... {u'likes_remaining': 100, u'match': False}
Aww, it's not a match:(
name: AshleyMae, id: 55adfa09d51b4cd85f7d5aa5
Napping for 0.329619 seconds...
	liking... {u'likes_remaining': 100, u'match': {u'common_like_count': 0, u'is_super_like': True, u'common_friend_count': 0, u'is_fast_match': False, u'is_boost_match': False, u'messages': [], u'last_activity_date': u'2017-12-23T16:42:53.693Z', u'dead': False, u'message_count': 0, u'participants': [u'5411d98b8ce312114adedd68', u'55adfa09d51b4cd85f7d5aa5'], u'closed': False, u'created_date': u'2017-12-23T16:42:53.693Z', u'following': True, u'super_liker': u'55adfa09d51b4cd85f7d5aa5', u'following_moments': True, u'_id': u'5411d98b8ce312114adedd6855adfa09d51b4cd85f7d5aa5', u'pending': False}}
It's a match!
{u'status': u'404', u'error': u''}
name: Sarah, id: 52dc38f4fadf597f4b002c1a
Napping for 0.295134 seconds...
	liking... {u'likes_remaining': 100, u'match': False}
Aww, it's not a match:(
name: Star, id: 5a3c4e01e83022d777dc5fee
Napping for 0.538278 seconds...
	liking... {u'likes_remaining': 100, u'match': False}
Aww, it's not a match:(
name: Ruby, id: 5244a52a077b65e945000f0f
Napping for 0.645586 seconds...
	liking... {u'likes_remaining': 100, u'match': False}
Aww, it's not a match:(
name: Yoko, id: 56fa16f5991e32566b093898
Napping for 0.482888 seconds...
	liking... {u'likes_remaining': 100, u'match': False}
Aww, it's not a match:(
name: Kaycee, id: 5591f3e848461856121235a6
Napping for 0.131043 seconds...
	liking... {u'likes_remaining': 100, u'match': False}
Aww, it's not a match:(
name: June, id: 5a0f92082b1e79b0017213dc
Napping for 0.044170 seconds...
	liking... {u'likes_remaining': 100, u'match': False}
Aww, it's not a match:(
name: Caroline, id: 59cc1e7c8674ba0b7e0c6497
Napping for 1.198310 seconds...
	liking... {u'likes_remaining': 100, u'match': False}
Aww, it's not a match:(
name: AshleyMae, id: 55adfa09d51b4cd85f7d5aa5
Napping for 0.901329 seconds...
	liking... {u'likes_remaining': 100, u'match': {u'common_like_count': 0, u'is_super_like': True, u'common_friend_count': 0, u'is_fast_match': False, u'is_boost_match': False, u'messages': [], u'last_activity_date': u'2017-12-23T16:42:53.693Z', u'dead': False, u'message_count': 0, u'participants': [u'5411d98b8ce312114adedd68', u'55adfa09d51b4cd85f7d5aa5'], u'closed': False, u'created_date': u'2017-12-23T16:42:53.693Z', u'following': True, u'super_liker': u'55adfa09d51b4cd85f7d5aa5', u'following_moments': True, u'_id': u'5411d98b8ce312114adedd6855adfa09d51b4cd85f7d5aa5', u'pending': False}}
It's a match!
{u'status': u'404', u'error': u''}
name: Tasha, id: 596e50aebb216fe828f0ab95
Napping for 0.700314 seconds...
	liking... {u'likes_remaining': 100, u'match': False}
Aww, it's not a match:(
name: Alison, id: 5a3e485836e65f961d4e6584
Napping for 0.416010 seconds...
	liking... {u'likes_remaining': 100, u'match': False}
Aww, it's not a match:(
name: Jewel, id: 5a3e91deb86023b5127ad312
Napping for 0.869855 seconds...
	liking... {u'likes_remaining': 100, u'match': False}
Aww, it's not a match:(
name: Audrey, id: 58e1a21063e585687a57a840
Napping for 1.175546 seconds...
	liking... {u'likes_remaining': 100, u'match': False}
Aww, it's not a match:(
name: Elizabeth, id: 5a08a59318e13bd17d45b435
Napping for 1.008201 seconds...
	liking... {u'likes_remaining': 100, u'match': False}
Aww, it's not a match:(
name: Sayako, id: 5595ece2a09a18a06e7b8cac
Napping for 0.932741 seconds...
	liking... {u'likes_remaining': 100, u'match': False}
Aww, it's not a match:(
name: Claire, id: 5a3a24cfda699dda3866916b
Napping for 0.684664 seconds...
	liking... {u'likes_remaining': 100, u'match': False}
Aww, it's not a match:(
name: Surabhi, id: 579d950f871cfee7630bf519
Napping for 0.655616 seconds...
	liking... {u'likes_remaining': 100, u'match': False}
Aww, it's not a match:(
name: Elise, id: 5504746214e85a9b779b71b8
Napping for 1.136103 seconds...
	liking... {u'likes_remaining': 100, u'match': False}
Aww, it's not a match:(
name: Shannon, id: 54bad429399b9cc2127cdfab
Napping for 0.126861 seconds...
	liking... {u'likes_remaining': 100, u'match': False}
Aww, it's not a match:(
name: Andrea, id: 5a3ba01771e9b8514c2db989
Napping for 1.193708 seconds...
	liking... {u'likes_remaining': 100, u'match': False}
Aww, it's not a match:(
name: Nicole, id: 53f4250fb4b407ae70623f67
Napping for 0.393344 seconds...
	liking... {u'likes_remaining': 100, u'match': False}
Aww, it's not a match:(
name: Nicole, id: 54c37387d33d7d465ef683cd
Napping for 1.197768 seconds...
	liking... {u'likes_remaining': 100, u'match': False}
Aww, it's not a match:(
name: Amreen, id: 54923db411ac01817e7fd01b
Napping for 0.763475 seconds...
	liking... {u'likes_remaining': 100, u'match': False}
Aww, it's not a match:(
name: Rebecca, id: 59b1f417659e839326ef306b
Napping for 0.310544 seconds...
	liking... {u'likes_remaining': 100, u'match': False}
Aww, it's not a match:(
name: AshleyMae, id: 55adfa09d51b4cd85f7d5aa5
Napping for 0.484128 seconds...
	liking... {u'likes_remaining': 100, u'match': {u'common_like_count': 0, u'is_super_like': True, u'common_friend_count': 0, u'is_fast_match': False, u'is_boost_match': False, u'messages': [], u'last_activity_date': u'2017-12-23T16:42:53.693Z', u'dead': False, u'message_count': 0, u'participants': [u'5411d98b8ce312114adedd68', u'55adfa09d51b4cd85f7d5aa5'], u'closed': False, u'created_date': u'2017-12-23T16:42:53.693Z', u'following': True, u'super_liker': u'55adfa09d51b4cd85f7d5aa5', u'following_moments': True, u'_id': u'5411d98b8ce312114adedd6855adfa09d51b4cd85f7d5aa5', u'pending': False}}
It's a match!
{u'status': u'404', u'error': u''}
name: Ariana, id: 5a3d5211d36bdc746e31e20b
Napping for 0.031704 seconds...
	liking... {u'likes_remaining': 100, u'match': False}
Aww, it's not a match:(
name: Lucy, id: 5449fced7c04412a16f49b41
Napping for 0.505832 seconds...
	liking... {u'likes_remaining': 100, u'match': False}
Aww, it's not a match:(
name: Nicole, id: 5a28d9c60c57c24230782ee3
Napping for 0.933946 seconds...
	liking... {u'likes_remaining': 100, u'match': False}
Aww, it's not a match:(
name: Elisa, id: 5a3b8156433cd02f4c0aaf93
Napping for 0.328986 seconds...
	liking... {u'likes_remaining': 100, u'match': False}
Aww, it's not a match:(
name: Annie, id: 56a1a7b2b002fe5a61b7faa6
Napping for 0.449072 seconds...
	liking... {u'likes_remaining': 100, u'match': False}
Aww, it's not a match:(
name: Samahra, id: 5a3b58083e73dcb3576e7ce2
Napping for 0.641130 seconds...
	liking... {u'likes_remaining': 100, u'match': False}
Aww, it's not a match:(
name: AshleyMae, id: 55adfa09d51b4cd85f7d5aa5
Napping for 0.450537 seconds...
	liking... {u'likes_remaining': 100, u'match': {u'common_like_count': 0, u'is_super_like': True, u'common_friend_count': 0, u'is_fast_match': False, u'is_boost_match': False, u'messages': [], u'last_activity_date': u'2017-12-23T16:42:53.693Z', u'dead': False, u'message_count': 0, u'participants': [u'5411d98b8ce312114adedd68', u'55adfa09d51b4cd85f7d5aa5'], u'closed': False, u'created_date': u'2017-12-23T16:42:53.693Z', u'following': True, u'super_liker': u'55adfa09d51b4cd85f7d5aa5', u'following_moments': True, u'_id': u'5411d98b8ce312114adedd6855adfa09d51b4cd85f7d5aa5', u'pending': False}}
It's a match!
{u'status': u'404', u'error': u''}
name: Darian, id: 53df056570ddfc0322992572
Napping for 1.018332 seconds...
	liking... {u'likes_remaining': 100, u'match': False}
Aww, it's not a match:(
name: Natalie, id: 519abdcf0b56e2a51f00007b
Napping for 1.157596 seconds...
	liking... {u'likes_remaining': 100, u'match': False}
Aww, it's not a match:(
name: Alysha, id: 5a3dd554702237291d0ee37e
Napping for 1.087606 seconds...
	liking... {u'likes_remaining': 100, u'match': False}
Aww, it's not a match:(
name: Connie, id: 5a1631b539ed1f6169b9c93b
Napping for 0.776469 seconds...
	liking... {u'likes_remaining': 100, u'match': False}
Aww, it's not a match:(
name: Joseph, id: 5a3c7ffdebe3b8277ba18854
Napping for 0.465844 seconds...
	liking... {u'likes_remaining': 100, u'match': False}
Aww, it's not a match:(
name: Angel, id: 5998351a03af1ed72d2b74fb
Napping for 0.072426 seconds...
	liking... {u'likes_remaining': 100, u'match': False}
Aww, it's not a match:(
name: Myriam, id: 5a3ca1baea1f28eb7acced6c
Napping for 0.076091 seconds...
	liking... {u'likes_remaining': 100, u'match': False}
Aww, it's not a match:(
name: Sabrina, id: 5a3d59dccd4b2ab86ece9033
Napping for 0.815719 seconds...
	liking... {u'likes_remaining': 100, u'match': False}
Aww, it's not a match:(
name: AshleyMae, id: 55adfa09d51b4cd85f7d5aa5
Napping for 0.704403 seconds...
	liking... {u'likes_remaining': 100, u'match': {u'common_like_count': 0, u'is_super_like': True, u'common_friend_count': 0, u'is_fast_match': False, u'is_boost_match': False, u'messages': [], u'last_activity_date': u'2017-12-23T16:42:53.693Z', u'dead': False, u'message_count': 0, u'participants': [u'5411d98b8ce312114adedd68', u'55adfa09d51b4cd85f7d5aa5'], u'closed': False, u'created_date': u'2017-12-23T16:42:53.693Z', u'following': True, u'super_liker': u'55adfa09d51b4cd85f7d5aa5', u'following_moments': True, u'_id': u'5411d98b8ce312114adedd6855adfa09d51b4cd85f7d5aa5', u'pending': False}}
It's a match!
{u'status': u'404', u'error': u''}
name: Madeleine, id: 5a3cc348881cced96e3ec33f
Napping for 1.110052 seconds...
	liking... {u'likes_remaining': 100, u'match': False}
Aww, it's not a match:(
name: Sangeeta, id: 5932d6c6c0a669cb32ccaccf
Napping for 0.486354 seconds...
	liking... {u'likes_remaining': 100, u'match': False}
Aww, it's not a match:(
name: Arshpreet, id: 58ec3c66210308c262445d88
Napping for 0.626655 seconds...
	liking... {u'likes_remaining': 100, u'match': False}
Aww, it's not a match:(
name: Juilie, id: 56c228d796b4172c7a995c77
Napping for 0.404883 seconds...
	liking... {u'likes_remaining': 100, u'match': False}
Aww, it's not a match:(
name: Doan-Trang, id: 5945484d1265ea02407cae39
Napping for 0.456818 seconds...
	liking... {u'likes_remaining': 100, u'match': False}
Aww, it's not a match:(
name: Mari, id: 5a3b42080c31145e582d7935
Napping for 0.733026 seconds...
	liking... {u'likes_remaining': 100, u'match': False}
Aww, it's not a match:(
name: Chand, id: 567d7e68515459041a096b29
Napping for 0.247377 seconds...
	liking... {u'likes_remaining': 100, u'match': False}
Aww, it's not a match:(
name: Tanner, id: 57c22559a48c22867d5c4798
Napping for 0.244456 seconds...
	liking... {u'likes_remaining': 100, u'match': False}
Aww, it's not a match:(
name: Kate, id: 56e3afc1119767847142a783
Napping for 1.060280 seconds...
	liking... {u'likes_remaining': 100, u'match': False}
Aww, it's not a match:(
name: AshleyMae, id: 55adfa09d51b4cd85f7d5aa5
Napping for 0.651873 seconds...
	liking... {u'likes_remaining': 100, u'match': {u'common_like_count': 0, u'is_super_like': True, u'common_friend_count': 0, u'is_fast_match': False, u'is_boost_match': False, u'messages': [], u'last_activity_date': u'2017-12-23T16:42:53.693Z', u'dead': False, u'message_count': 0, u'participants': [u'5411d98b8ce312114adedd68', u'55adfa09d51b4cd85f7d5aa5'], u'closed': False, u'created_date': u'2017-12-23T16:42:53.693Z', u'following': True, u'super_liker': u'55adfa09d51b4cd85f7d5aa5', u'following_moments': True, u'_id': u'5411d98b8ce312114adedd6855adfa09d51b4cd85f7d5aa5', u'pending': False}}
It's a match!
{u'status': u'404', u'error': u''}
name: Katie, id: 598793603c99f19c4bceade8
Napping for 0.165019 seconds...
	liking... {u'likes_remaining': 100, u'match': False}
Aww, it's not a match:(
name: Shanise, id: 5a3d3e2f1dfa1ae9021038e6
Napping for 0.583642 seconds...
	liking... {u'likes_remaining': 100, u'match': False}
Aww, it's not a match:(
name: Chloe, id: 53d17f9c17ff2e7f03111f0b
Napping for 0.432794 seconds...
	liking... {u'likes_remaining': 100, u'match': False}
Aww, it's not a match:(
name: Michelle, id: 53854b310b20d3bd4f4fcc8a
Napping for 0.987975 seconds...
	liking... {u'likes_remaining': 100, u'match': False}
Aww, it's not a match:(
name: Maryn, id: 56f70bbd87e6350754bba3ee
Napping for 0.662833 seconds...
	liking... {u'likes_remaining': 100, u'match': False}
Aww, it's not a match:(
name: Massi, id: 583a87a5d47a95c668dae220
Napping for 0.908309 seconds...
	liking... {u'likes_remaining': 100, u'match': False}
Aww, it's not a match:(
name: Tori, id: 5a3004c47d0da8f30cd5eda9
Napping for 0.464417 seconds...
	liking... {u'likes_remaining': 100, u'match': False}
Aww, it's not a match:(
name: Krista, id: 534e0b2503b2192a4400066b
Napping for 0.102127 seconds...
	liking... {u'likes_remaining': 100, u'match': False}
Aww, it's not a match:(
name: Jessie, id: 55d4ac58a61a8e6602cc2b2a
Napping for 1.040012 seconds...
	liking... {u'likes_remaining': 100, u'match': False}
Aww, it's not a match:(
name: Jakeemah, id: 592534d14d36c918393f9c9a
Napping for 0.770089 seconds...
	liking... {u'likes_remaining': 100, u'match': False}
Aww, it's not a match:(
name: AshleyMae, id: 55adfa09d51b4cd85f7d5aa5
Napping for 0.605691 seconds...
	liking... {u'rate_limited_until': 1514094286796, u'likes_remaining': 0, u'match': False}
Aww, it's not a match:(
name: Bailey, id: 5a35fe6a35e235911611183f
Napping for 0.537465 seconds...
	liking... {u'rate_limited_until': 1514094286796, u'likes_remaining': 0, u'match': False}
Aww, it's not a match:(
name: Find, id: 5a39f906ebe5877d3232c164
Napping for 0.312852 seconds...
	liking... {u'rate_limited_until': 1514094286796, u'likes_remaining': 0, u'match': False}
Aww, it's not a match:(
name: Sarah, id: 538040539d2f10592f19c470
Napping for 0.400099 seconds...
	liking... {u'rate_limited_until': 1514094286796, u'likes_remaining': 0, u'match': False}
Aww, it's not a match:(
name: Emily, id: 5a3da097b86023b51279fc62
Napping for 0.459251 seconds...
	liking... {u'rate_limited_until': 1514094286796, u'likes_remaining': 0, u'match': False}
Aww, it's not a match:(
name: Rebecca, id: 543a8c817572752405bb2d03
Napping for 0.049941 seconds...
	liking... {u'rate_limited_until': 1514094286796, u'likes_remaining': 0, u'match': False}
Aww, it's not a match:(
name: Maya, id: 5a38affdc906947e0b56337b
Napping for 1.134222 seconds...
	liking... {u'rate_limited_until': 1514094286796, u'likes_remaining': 0, u'match': False}
Aww, it's not a match:(
name: Linda, id: 5a00377b665ee84554bd8a24
Napping for 1.091872 seconds...
	liking... {u'rate_limited_until': 1514094286796, u'likes_remaining': 0, u'match': False}
Aww, it's not a match:(
name: Steph, id: 53c9ea0d668dcd667905427b
Napping for 0.802964 seconds...
	liking... {u'rate_limited_until': 1514094286796, u'likes_remaining': 0, u'match': False}
Aww, it's not a match:(
name: Gianna, id: 59c431c5cc8fb73e450332e0
Napping for 0.537781 seconds...
	liking... {u'rate_limited_until': 1514094286796, u'likes_remaining': 0, u'match': False}
Aww, it's not a match:(
name: Lais, id: 5a2f6328cb3615370d0e793b
Napping for 0.753347 seconds...
	liking... {u'rate_limited_until': 1514094286796, u'likes_remaining': 0, u'match': False}
Aww, it's not a match:(
name: Hannah, id: 5a2a09a30c57c24230791a76
Napping for 0.619271 seconds...
	liking... {u'rate_limited_until': 1514094286796, u'likes_remaining': 0, u'match': False}
Aww, it's not a match:(
name: AshleyMae, id: 55adfa09d51b4cd85f7d5aa5
Napping for 1.149122 seconds...
	liking... {u'rate_limited_until': 1514094286796, u'likes_remaining': 0, u'match': False}
Aww, it's not a match:(
name: Casey, id: 59685407ab9bc5415e87bb5f
Napping for 0.694282 seconds...
	liking... {u'rate_limited_until': 1514094286796, u'likes_remaining': 0, u'match': False}
Aww, it's not a match:(
name: Lily, id: 5918faf591054c331c388bfd
Napping for 1.197218 seconds...
	liking... {u'rate_limited_until': 1514094286796, u'likes_remaining': 0, u'match': False}
Aww, it's not a match:(
name: Nicole, id: 54e3c715fa1b0e5842f5879d
Napping for 0.150203 seconds...
	liking... {u'rate_limited_until': 1514094286796, u'likes_remaining': 0, u'match': False}
Aww, it's not a match:(
name: Brittani, id: 5520197aeef330a22062def3
Napping for 0.196972 seconds...
	liking... {u'rate_limited_until': 1514094286796, u'likes_remaining': 0, u'match': False}
Aww, it's not a match:(
name: Veronica, id: 560d3e366955f0647d45877a
Napping for 1.026649 seconds...
	liking... {u'rate_limited_until': 1514094286796, u'likes_remaining': 0, u'match': False}
Aww, it's not a match:(
name: Leia, id: 54334213557bb72d1c5bb2a0
Napping for 0.820618 seconds...
	liking... {u'rate_limited_until': 1514094286796, u'likes_remaining': 0, u'match': False}
Aww, it's not a match:(
name: Gookkai, id: 5a3bf643b36ddb9f5e235e01
Napping for 0.677720 seconds...
	liking... {u'rate_limited_until': 1514094286796, u'likes_remaining': 0, u'match': False}
Aww, it's not a match:(
name: Beth, id: 56f9a8e20f3660a16967d114
Napping for 0.261617 seconds...
	liking... {u'rate_limited_until': 1514094286796, u'likes_remaining': 0, u'match': False}
Aww, it's not a match:(
name: Hanna, id: 5a0939fbba6f4871048aac72
Napping for 0.514934 seconds...
	liking... {u'rate_limited_until': 1514094286796, u'likes_remaining': 0, u'match': False}
Aww, it's not a match:(
name: Mindy, id: 59c1c557a360601c45c8327a
Napping for 1.170966 seconds...
	liking... {u'rate_limited_until': 1514094286796, u'likes_remaining': 0, u'match': False}
Aww, it's not a match:(
name: AshleyMae, id: 55adfa09d51b4cd85f7d5aa5
Napping for 0.734377 seconds...
	liking... {u'rate_limited_until': 1514094286796, u'likes_remaining': 0, u'match': False}
Aww, it's not a match:(
name: Tanya, id: 593f833819a6bbe25c143862
Napping for 0.109627 seconds...
	liking... {u'rate_limited_until': 1514094286796, u'likes_remaining': 0, u'match': False}
Aww, it's not a match:(
name: Nikki, id: 530fea7dfc48157c5b0002b2
Napping for 0.177708 seconds...
	liking... {u'rate_limited_until': 1514094286796, u'likes_remaining': 0, u'match': False}
Aww, it's not a match:(
name: Allyson, id: 57e340c1ab65798f6dfa46d8
Napping for 0.229708 seconds...
	liking... {u'rate_limited_until': 1514094286796, u'likes_remaining': 0, u'match': False}
Aww, it's not a match:(
name: AshleyMae, id: 55adfa09d51b4cd85f7d5aa5
Napping for 0.214407 seconds...
	liking... {u'rate_limited_until': 1514094286796, u'likes_remaining': 0, u'match': False}
Aww, it's not a match:(
name: Carly, id: 575e1112077c37770ce6e71f
Napping for 1.138610 seconds...
	liking... {u'rate_limited_until': 1514094286796, u'likes_remaining': 0, u'match': False}
Aww, it's not a match:(
name: Tiffany, id: 5998e409945d42a05c000759
Napping for 0.476126 seconds...
	liking... {u'rate_limited_until': 1514094286796, u'likes_remaining': 0, u'match': False}
Aww, it's not a match:(
name: Nicole, id: 5960c454fa14850173ad86bf
Napping for 1.078029 seconds...
	liking... {u'rate_limited_until': 1514094286796, u'likes_remaining': 0, u'match': False}
Aww, it's not a match:(
name: Sam, id: 5958baeffa14850173a8c579
Napping for 0.998582 seconds...
	liking... {u'rate_limited_until': 1514094286796, u'likes_remaining': 0, u'match': False}
Aww, it's not a match:(
name: Kaitlyn, id: 55a22f36639ede1463bf83e1
Napping for 0.749933 seconds...
	liking... {u'rate_limited_until': 1514094286796, u'likes_remaining': 0, u'match': False}
Aww, it's not a match:(
name: Skylar, id: 59efeead058c0d91605c9553
Napping for 0.496556 seconds...
	liking... {u'rate_limited_until': 1514094286796, u'likes_remaining': 0, u'match': False}
Aww, it's not a match:(
name: Gabrielle, id: 552afbde7b7b355910134885
Napping for 0.484828 seconds...
	liking... {u'rate_limited_until': 1514094286796, u'likes_remaining': 0, u'match': False}
Aww, it's not a match:(
name: YR, id: 5657e319e8a9f5962a6cae61
Napping for 0.405164 seconds...
	liking... {u'rate_limited_until': 1514094286796, u'likes_remaining': 0, u'match': False}
Aww, it's not a match:(
name: Audrey, id: 56580787bb56dc4133c2ca5c
Napping for 0.853708 seconds...
	liking... {u'rate_limited_until': 1514094286796, u'likes_remaining': 0, u'match': False}
Aww, it's not a match:(
name: Iris, id: 5a3bd4b39a742fe25e517dab
Napping for 0.654154 seconds...
	liking... {u'rate_limited_until': 1514094286796, u'likes_remaining': 0, u'match': False}
Aww, it's not a match:(
name: Melody, id: 59a3d696646d298907cff3c7
Napping for 0.670319 seconds...
	liking... {u'rate_limited_until': 1514094286796, u'likes_remaining': 0, u'match': False}
Aww, it's not a match:(
name: AshleyMae, id: 55adfa09d51b4cd85f7d5aa5
Napping for 0.403714 seconds...
	liking... {u'rate_limited_until': 1514094286796, u'likes_remaining': 0, u'match': False}
Aww, it's not a match:(
name: Velma, id: 59de67de88bf50571519a5d0
Napping for 0.615927 seconds...
	liking... {u'rate_limited_until': 1514094286796, u'likes_remaining': 0, u'match': False}
Aww, it's not a match:(
name: Samantha, id: 53f3e31b87f4e8e361c547c9
Napping for 0.491377 seconds...
	liking... {u'rate_limited_until': 1514094286796, u'likes_remaining': 0, u'match': False}
Aww, it's not a match:(
name: Maria, id: 59545e12b70f1e266c1ae163
Napping for 1.100465 seconds...
	liking... {u'rate_limited_until': 1514094286796, u'likes_remaining': 0, u'match': False}
Aww, it's not a match:(
name: Kanika, id: 5787d9d52b3661847799e9b6
Napping for 0.037049 seconds...
	liking... {u'rate_limited_until': 1514094286796, u'likes_remaining': 0, u'match': False}
Aww, it's not a match:(
name: Anuli, id: 56b4370a317690fe472f1b1f
Napping for 0.884663 seconds...
	liking... {u'rate_limited_until': 1514094286796, u'likes_remaining': 0, u'match': False}
Aww, it's not a match:(
name: AshleyMae, id: 55adfa09d51b4cd85f7d5aa5
Napping for 0.783507 seconds...
	liking... {u'rate_limited_until': 1514094286796, u'likes_remaining': 0, u'match': False}
Aww, it's not a match:(
name: Kaili, id: 59f3b86790fe59680c5f8628
Napping for 0.699118 seconds...
	liking... {u'rate_limited_until': 1514094286796, u'likes_remaining': 0, u'match': False}
Aww, it's not a match:(
name: Tanya, id: 5a1defdd9b83dbe36f6e3c8b
Napping for 1.181492 seconds...
	liking... {u'rate_limited_until': 1514094286796, u'likes_remaining': 0, u'match': False}
Aww, it's not a match:(
name: Bianca, id: 5a1e4173db01d9126da251ca
Napping for 1.176877 seconds...
	liking... {u'rate_limited_until': 1514094286796, u'likes_remaining': 0, u'match': False}
Aww, it's not a match:(
name: Fumika, id: 5a35f7958c464cb70ff7d7b5
Napping for 0.026722 seconds...
	liking... {u'rate_limited_until': 1514094286796, u'likes_remaining': 0, u'match': False}
Aww, it's not a match:(
name: Huberta, id: 5a36bfb84ce394d4165842d3
Napping for 0.294706 seconds...
	liking... {u'rate_limited_until': 1514094286796, u'likes_remaining': 0, u'match': False}
Aww, it's not a match:(
name: Esther, id: 5a3ad45a539b43ea30717a96
Napping for 1.011994 seconds...
	liking... {u'rate_limited_until': 1514094286796, u'likes_remaining': 0, u'match': False}
Aww, it's not a match:(
name: Katelyn, id: 561f81ab2b53a0521ddd2226
Napping for 0.285384 seconds...
	liking... {u'rate_limited_until': 1514094286796, u'likes_remaining': 0, u'match': False}
Aww, it's not a match:(
name: Angela, id: 56e457665f898a7f4fdcf00d
Napping for 0.877188 seconds...
	liking... {u'rate_limited_until': 1514094286796, u'likes_remaining': 0, u'match': False}
Aww, it's not a match:(
name: AshleyMae, id: 55adfa09d51b4cd85f7d5aa5
Napping for 0.101420 seconds...
	liking... {u'rate_limited_until': 1514094286796, u'likes_remaining': 0, u'match': False}
Aww, it's not a match:(
name: Alisa, id: 590979d3c2d7177d7929687d
Napping for 0.024772 seconds...
	liking... {u'rate_limited_until': 1514094286796, u'likes_remaining': 0, u'match': False}
Aww, it's not a match:(
name: Sabrina, id: 56af058a681dbc88222b86bf
Napping for 0.733644 seconds...
	liking... {u'rate_limited_until': 1514094286796, u'likes_remaining': 0, u'match': False}
Aww, it's not a match:(
name: Sahar, id: 5a35f40e8c464cb70ff7d4b1
Napping for 0.916038 seconds...
	liking... {u'rate_limited_until': 1514094286796, u'likes_remaining': 0, u'match': False}
Aww, it's not a match:(
name: AshleyMae, id: 55adfa09d51b4cd85f7d5aa5
Napping for 1.002819 seconds...
	liking... {u'rate_limited_until': 1514094286796, u'likes_remaining': 0, u'match': False}
Aww, it's not a match:(
name: Erin, id: 5a1110d5fe5d86f67f4fe073
Napping for 0.925117 seconds...
	liking... {u'rate_limited_until': 1514094286796, u'likes_remaining': 0, u'match': False}
Aww, it's not a match:(
name: Nicole, id: 5a3d9c97aa9e1a4725cf4dc6
Napping for 0.294362 seconds...
	liking... {u'rate_limited_until': 1514094286796, u'likes_remaining': 0, u'match': False}
Aww, it's not a match:(
name: Swathi, id: 5a27a6eb8a1c1dea7c5e7a69
Napping for 0.829909 seconds...
	liking... {u'rate_limited_until': 1514094286796, u'likes_remaining': 0, u'match': False}
Aww, it's not a match:(
name: Sophia, id: 5917eecc049d9d091ccfee1f
Napping for 1.100141 seconds...
	liking... {u'rate_limited_until': 1514094286796, u'likes_remaining': 0, u'match': False}
Aww, it's not a match:(
name: Margaret, id: 57d44606f0db15456f5ff6a1
Napping for 0.721978 seconds...
	liking... {u'rate_limited_until': 1514094286796, u'likes_remaining': 0, u'match': False}
Aww, it's not a match:(
name: Julie, id: 5a3b611d3b1a3e9257d61d11
Napping for 0.612895 seconds...
	liking... {u'rate_limited_until': 1514094286796, u'likes_remaining': 0, u'match': False}
Aww, it's not a match:(
name: JoJo, id: 59379e82fc8b35b64b11318e
Napping for 0.037256 seconds...
	liking... {u'rate_limited_until': 1514094286796, u'likes_remaining': 0, u'match': False}
Aww, it's not a match:(
name: AshleyMae, id: 55adfa09d51b4cd85f7d5aa5
Napping for 0.938192 seconds...
	liking... {u'rate_limited_until': 1514094286796, u'likes_remaining': 0, u'match': False}
Aww, it's not a match:(
name: Janeva, id: 577b1ebac0b6cd3412fcf21a
Napping for 0.165512 seconds...
	liking... {u'rate_limited_until': 1514094286796, u'likes_remaining': 0, u'match': False}
Aww, it's not a match:(
name: Amanda, id: 5957381f63be6d5d3720e2f5
Napping for 0.180718 seconds...
	liking... {u'rate_limited_until': 1514094286796, u'likes_remaining': 0, u'match': False}
Aww, it's not a match:(
name: Vanessa, id: 57e88aa95da2f4e11d940611
Napping for 1.033645 seconds...
	liking... {u'rate_limited_until': 1514094286796, u'likes_remaining': 0, u'match': False}
Aww, it's not a match:(
name: Sofia, id: 5a3af5b7ebe5877d3233eba7
Napping for 0.645401 seconds...
	liking... {u'rate_limited_until': 1514094286796, u'likes_remaining': 0, u'match': False}
Aww, it's not a match:(
name: Stella, id: 5889a7f31d40b4675f298a0f
Napping for 0.848298 seconds...
	liking... {u'rate_limited_until': 1514094286796, u'likes_remaining': 0, u'match': False}
Aww, it's not a match:(
name: AzizA, id: 5a36d92cf1d30c4c05587d78
Napping for 1.130269 seconds...
	liking... {u'rate_limited_until': 1514094286796, u'likes_remaining': 0, u'match': False}
Aww, it's not a match:(
name: Aileen, id: 54e07c2957a3c5164ccb3533
Napping for 0.349698 seconds...
	liking... {u'rate_limited_until': 1514094286796, u'likes_remaining': 0, u'match': False}
Aww, it's not a match:(
name: Andrea, id: 55d60f36e9905a133132dfea
Napping for 0.681794 seconds...
	liking... {u'rate_limited_until': 1514094286796, u'likes_remaining': 0, u'match': False}
Aww, it's not a match:(
name: Kaholi, id: 571d592baede1bf30d46c3f4
Napping for 0.297567 seconds...
	liking... {u'rate_limited_until': 1514094286796, u'likes_remaining': 0, u'match': False}
Aww, it's not a match:(
name: AshleyMae, id: 55adfa09d51b4cd85f7d5aa5
Napping for 0.061558 seconds...
	liking... {u'rate_limited_until': 1514094286796, u'likes_remaining': 0, u'match': False}
Aww, it's not a match:(
name: Maddie, id: 58d9ca35ef1e549c0b5e3a0a
Napping for 0.147618 seconds...
	liking... {u'rate_limited_until': 1514094286796, u'likes_remaining': 0, u'match': False}
Aww, it's not a match:(
name: LaTanya, id: 5a3df9099e6f7d6925809cb0
Napping for 0.304264 seconds...
	liking... {u'rate_limited_until': 1514094286796, u'likes_remaining': 0, u'match': False}
Aww, it's not a match:(
name: Idara, id: 5a1cb3429b83dbe36f6d556c
Napping for 0.890842 seconds...
	liking... {u'rate_limited_until': 1514094286796, u'likes_remaining': 0, u'match': False}
Aww, it's not a match:(
name: Lily, id: 5a3cdadac6de1ca3024b8a65
Napping for 1.133854 seconds...
	liking... {u'rate_limited_until': 1514094286796, u'likes_remaining': 0, u'match': False}
Aww, it's not a match:(
name: Danielle, id: 5a3b6ed21d4418644c2e812c
Napping for 0.915815 seconds...
	liking... {u'rate_limited_until': 1514094286796, u'likes_remaining': 0, u'match': False}
Aww, it's not a match:(
name: Natalia, id: 5743d32ddf1f0b1f0ef968f5
Napping for 0.836079 seconds...
	liking... {u'rate_limited_until': 1514094286796, u'likes_remaining': 0, u'match': False}
Aww, it's not a match:(
name: Alyssa, id: 57ac0a29cb648d025e1c5843
Napping for 0.751618 seconds...
	liking... {u'rate_limited_until': 1514094286796, u'likes_remaining': 0, u'match': False}
Aww, it's not a match:(
name: Monica, id: 530dc3ddc8c86fe0160003f8
Napping for 0.985803 seconds...
	liking... {u'rate_limited_until': 1514094286796, u'likes_remaining': 0, u'match': False}
Aww, it's not a match:(
name: Saleena, id: 56f235b4380d693e5ab33d39
Napping for 0.179066 seconds...
	liking... {u'rate_limited_until': 1514094286796, u'likes_remaining': 0, u'match': False}
Aww, it's not a match:(
name: Danielle, id: 5a34ae844ce394d416569e64
Napping for 0.328776 seconds...
	liking... {u'rate_limited_until': 1514094286796, u'likes_remaining': 0, u'match': False}
Aww, it's not a match:(
name: Hanako, id: 5a2b1bd1666ffa09291c0bd6
Napping for 0.337909 seconds...
	liking... {u'rate_limited_until': 1514094286796, u'likes_remaining': 0, u'match': False}
Aww, it's not a match:(
name: Margaret, id: 5a3e3166702237291d0f7b19
Napping for 0.698366 seconds...
	liking... {u'rate_limited_until': 1514094286796, u'likes_remaining': 0, u'match': False}
Aww, it's not a match:(
name: Isabelle, id: 5a3acf08607d5a143121dc54
Napping for 1.141194 seconds...
	liking... {u'rate_limited_until': 1514094286796, u'likes_remaining': 0, u'match': False}
Aww, it's not a match:(
name: Tamyres, id: 59d9b9052bc0cd2d261b3d6f
Napping for 0.176396 seconds...
	liking... {u'rate_limited_until': 1514094286796, u'likes_remaining': 0, u'match': False}
Aww, it's not a match:(
name: AshleyMae, id: 55adfa09d51b4cd85f7d5aa5
Napping for 0.047397 seconds...
	liking... {u'rate_limited_until': 1514094286796, u'likes_remaining': 0, u'match': False}
Aww, it's not a match:(
name: Samantha, id: 5a3def484584d1451e4933c8
Napping for 0.995828 seconds...
	liking... {u'rate_limited_until': 1514094286796, u'likes_remaining': 0, u'match': False}
Aww, it's not a match:(
name: Kalea, id: 5a251f48d8341715086e9acf
Napping for 0.379275 seconds...
	liking... {u'rate_limited_until': 1514094286796, u'likes_remaining': 0, u'match': False}
Aww, it's not a match:(
name: Ingrid, id: 592857a7a30e80b87ce24f1f
Napping for 0.421734 seconds...
	liking... {u'rate_limited_until': 1514094286796, u'likes_remaining': 0, u'match': False}
Aww, it's not a match:(
name: Jenny, id: 585c50492a68e5d966197a92
Napping for 0.202949 seconds...
	liking... {u'rate_limited_until': 1514094286796, u'likes_remaining': 0, u'match': False}
Aww, it's not a match:(
name: Vivars, id: 568220d30c2bd80648bfe01b
Napping for 0.208342 seconds...
	liking... {u'rate_limited_until': 1514094286796, u'likes_remaining': 0, u'match': False}
Aww, it's not a match:(
name: Navneet, id: 51eccd1de821afb76700000e
Napping for 0.773159 seconds...
	liking... {u'rate_limited_until': 1514094286796, u'likes_remaining': 0, u'match': False}
Aww, it's not a match:(
name: Ashley, id: 5a39c34d21bcac2632cfe609
Napping for 0.620982 seconds...
	liking... {u'rate_limited_until': 1514094286796, u'likes_remaining': 0, u'match': False}
Aww, it's not a match:(
