You have been successfully authorized!
running main
likes remaining: 100
name: Amanda, id: 5942bc07a03189e43f9fab17
Napping for 1.140073 seconds...
	liking... {u'likes_remaining': 100, u'match': False}
Aww, it's not a match:(
name: Erin, id: 57bbef48b23a324f0a88e9aa
Napping for 0.292013 seconds...
	liking... {u'likes_remaining': 100, u'match': False}
Aww, it's not a match:(
name: Elizabeth, id: 59ed7820ac75988b24946ec2
Napping for 0.236700 seconds...
	liking... {u'likes_remaining': 100, u'match': False}
Aww, it's not a match:(
name: Laura, id: 5a2ba0d77d0da8f30cd211d6
Napping for 1.107490 seconds...
	liking... {u'likes_remaining': 100, u'match': False}
Aww, it's not a match:(
name: Adya, id: 5a5ec1d991aba5ce2d1d1d5b
Napping for 0.376681 seconds...
	liking... {u'likes_remaining': 100, u'match': False}
Aww, it's not a match:(
name: Michelle, id: 5a51cab5febb740d7088a158
Napping for 1.191530 seconds...
	liking... {u'likes_remaining': 100, u'match': False}
Aww, it's not a match:(
name: Kiara, id: 5a5eba2dbf6920e327c36556
Napping for 0.336109 seconds...
	liking... {u'likes_remaining': 100, u'match': False}
Aww, it's not a match:(
name: Kaylee, id: 5a5d436c0d6e7a0a1ab5268a
Napping for 1.132948 seconds...
	liking... {u'likes_remaining': 100, u'match': False}
Aww, it's not a match:(
name: Katelyn, id: 5a5eab449855b5711a56434b
Napping for 0.226090 seconds...
	liking... {u'likes_remaining': 100, u'match': False}
Aww, it's not a match:(
name: Anita, id: 5a5cec2c0e1e57b526d4a323
Napping for 0.934679 seconds...
	liking... {u'likes_remaining': 100, u'match': False}
Aww, it's not a match:(
name: Bryanna, id: 5a55af432baf5f326afc593c
Napping for 0.512491 seconds...
	liking... {u'likes_remaining': 100, u'match': False}
Aww, it's not a match:(
name: Rayna, id: 583b935bdaff35ed0c1ff927
Napping for 0.060038 seconds...
	liking... {u'likes_remaining': 100, u'match': False}
Aww, it's not a match:(
name: Cassandra, id: 5a5ec585a0bb942c1a4c3a48
Napping for 0.876782 seconds...
	liking... {u'likes_remaining': 100, u'match': False}
Aww, it's not a match:(
name: Josi, id: 5a599d230d6e7a0a1ab2da1e
Napping for 1.075614 seconds...
	liking... {u'likes_remaining': 100, u'match': False}
Aww, it's not a match:(
name: Hannah, id: 538816e4784e2afe5f636551
Napping for 0.887039 seconds...
	liking... {u'likes_remaining': 100, u'match': False}
Aww, it's not a match:(
name: Karla, id: 5a5ec6d091aba5ce2d1d25c1
Napping for 0.104570 seconds...
	liking... {u'likes_remaining': 100, u'match': False}
Aww, it's not a match:(
name: Erica, id: 5946f0dbd8b77a1d2ad9589e
Napping for 1.114176 seconds...
	liking... {u'likes_remaining': 100, u'match': False}
Aww, it's not a match:(
name: Marissa, id: 52f6d9dc8db6e8310e00026a
Napping for 0.975723 seconds...
	liking... {u'likes_remaining': 100, u'match': False}
Aww, it's not a match:(
name: Kathy, id: 5a5d3225a0bb942c1a4af206
Napping for 0.557587 seconds...
	liking... {u'likes_remaining': 100, u'match': False}
Aww, it's not a match:(
name: Lauren, id: 5a5c0b22347976ac2d40d0d0
Napping for 0.012843 seconds...
	liking... {u'likes_remaining': 100, u'match': False}
Aww, it's not a match:(
name: Nikki, id: 5a5d5034407c450428ee3d8c
Napping for 0.712771 seconds...
	liking... {u'likes_remaining': 100, u'match': False}
Aww, it's not a match:(
name: Crystal, id: 5a39612bd1b8d8510b8b675d
Napping for 0.162615 seconds...
	liking... {u'likes_remaining': 100, u'match': False}
Aww, it's not a match:(
name: Z, id: 5136ffc41db1b6da6c000875
Napping for 0.996686 seconds...
	liking... {u'likes_remaining': 100, u'match': False}
Aww, it's not a match:(
name: Allison, id: 5a5ebf33bf6920e327c36b98
Napping for 0.819774 seconds...
	liking... {u'likes_remaining': 100, u'match': False}
Aww, it's not a match:(
name: Josephine, id: 57437fe6193c8d430b0a99f8
Napping for 0.119652 seconds...
	liking... {u'likes_remaining': 100, u'match': False}
Aww, it's not a match:(
name: Kay, id: 5a5ec3b70d6e7a0a1ab61fab
Napping for 0.788740 seconds...
	liking... {u'likes_remaining': 100, u'match': False}
Aww, it's not a match:(
name: Brie, id: 5978138ea98d44d40a2fd783
Napping for 0.931935 seconds...
	liking... {u'likes_remaining': 100, u'match': False}
Aww, it's not a match:(
name: Yvonne, id: 5a5ebe10def65a4e1a84559b
Napping for 0.318309 seconds...
	liking... {u'likes_remaining': 100, u'match': False}
Aww, it's not a match:(
name: Deserie, id: 593df897b232a4f64e4b7027
Napping for 1.183567 seconds...
	liking... {u'likes_remaining': 100, u'match': False}
Aww, it's not a match:(
name: Bellisa, id: 5a5d500d625db61a27021d0b
Napping for 0.419069 seconds...
	liking... {u'likes_remaining': 100, u'match': False}
Aww, it's not a match:(
name: Amanda, id: 5a599ea5bf6920e327bfa28a
Napping for 0.473081 seconds...
	liking... {u'likes_remaining': 100, u'match': False}
Aww, it's not a match:(
name: Caitlin, id: 57a041d090b192d7729cfc6b
Napping for 0.743133 seconds...
	liking... {u'likes_remaining': 100, u'match': False}
Aww, it's not a match:(
name: Ivy, id: 5a4c49c3faabd2bc61817efc
Napping for 0.098780 seconds...
	liking... {u'likes_remaining': 100, u'match': False}
Aww, it's not a match:(
name: Tan, id: 5a5e65b58a4213f92679356c
Napping for 0.265929 seconds...
	liking... {u'likes_remaining': 100, u'match': False}
Aww, it's not a match:(
name: Ritika, id: 52ea10086d449a49730000fc
Napping for 0.537642 seconds...
	liking... {u'likes_remaining': 100, u'match': False}
Aww, it's not a match:(
name: Madhumita, id: 59f1a431ffc02cff7ce8915b
Napping for 0.176308 seconds...
	liking... {u'likes_remaining': 100, u'match': False}
Aww, it's not a match:(
name: throws UnicodeDecodeError so I cannot say, id: 55e916f58c61ea96746322d3
UnicodeDecodeError: 'ascii' codec can't decode byte 0xc3 in position 1: ordinal not in range(128)
Napping for 1.058364 seconds...
	liking... {u'likes_remaining': 100, u'match': False}
Aww, it's not a match:(
name: Adhanet, id: 583504d6dd913ef710a62e47
Napping for 1.105201 seconds...
	liking... {u'likes_remaining': 100, u'match': False}
Aww, it's not a match:(
name: Mia, id: 5a5ec485def65a4e1a846088
Napping for 0.206735 seconds...
	liking... {u'likes_remaining': 100, u'match': False}
Aww, it's not a match:(
name: Marta, id: 5a5e5ebe9855b5711a5605f0
Napping for 0.981646 seconds...
	liking... {u'likes_remaining': 100, u'match': False}
Aww, it's not a match:(
name: Lola, id: 5a59adc20d6e7a0a1ab2e897
Napping for 1.123840 seconds...
	liking... {u'likes_remaining': 100, u'match': False}
Aww, it's not a match:(
name: Kylie, id: 5a5daebd625db61a2702573d
Napping for 1.098746 seconds...
	liking... {u'likes_remaining': 100, u'match': False}
Aww, it's not a match:(
name: Nicole, id: 547fc50cb6ad5db75d7448b2
Napping for 0.965317 seconds...
	liking... {u'likes_remaining': 100, u'match': False}
Aww, it's not a match:(
name: Courtney, id: 531c4932c0eb5a347400399b
Napping for 0.596099 seconds...
	liking... {u'likes_remaining': 100, u'match': False}
Aww, it's not a match:(
name: Haley, id: 58defc76731075de3ee5b782
Napping for 0.650137 seconds...
	liking... {u'likes_remaining': 100, u'match': False}
Aww, it's not a match:(
name: Lorena, id: 5a5af0e89855b5711a53c882
Napping for 0.915980 seconds...
	liking... {u'likes_remaining': 100, u'match': False}
Aww, it's not a match:(
name: Albertine, id: 5a584d14347976ac2d3dc18f
Napping for 0.584744 seconds...
	liking... {u'likes_remaining': 100, u'match': False}
Aww, it's not a match:(
name: Julie, id: 5a5d4e4ea0bb942c1a4b0601
Napping for 0.572728 seconds...
	liking... {u'likes_remaining': 100, u'match': False}
Aww, it's not a match:(
name: Talita, id: 5a52f915cb58ec106ae1aad1
Napping for 0.162601 seconds...
	liking... {u'likes_remaining': 100, u'match': False}
Aww, it's not a match:(
name: Alexis, id: 5a5edf30bf6920e327c38b3b
Napping for 1.184658 seconds...
	liking... {u'likes_remaining': 100, u'match': False}
Aww, it's not a match:(
name: Cherie, id: 543b688ae789d4e5713ffb4d
Napping for 0.425071 seconds...
	liking... {u'likes_remaining': 100, u'match': False}
Aww, it's not a match:(
name: Shea, id: 5a5be0dd0e1e57b526d3e344
Napping for 0.504477 seconds...
	liking... {u'likes_remaining': 100, u'match': False}
Aww, it's not a match:(
name: Nancy, id: 59a8f6e8f2728a2503d92654
Napping for 0.146002 seconds...
	liking... {u'likes_remaining': 100, u'match': False}
Aww, it's not a match:(
name: Andrea, id: 59a234f7646d298907ce75c3
Napping for 0.054691 seconds...
	liking... {u'likes_remaining': 100, u'match': False}
Aww, it's not a match:(
name: Rochelle, id: 556f559cd572df7a5cda8582
Napping for 1.081984 seconds...
	liking... {u'likes_remaining': 100, u'match': False}
Aww, it's not a match:(
name: Margot, id: 50f8c3dfa976202026000046
Napping for 0.212197 seconds...
	liking... {u'likes_remaining': 100, u'match': False}
Aww, it's not a match:(
name: Cassandra, id: 5a5ec585a0bb942c1a4c3a48
Napping for 0.013505 seconds...
	liking... {u'likes_remaining': 100, u'match': False}
Aww, it's not a match:(
name: Alaniz, id: 5a548c6439394c325d629ff8
Napping for 0.839676 seconds...
	liking... {u'likes_remaining': 100, u'match': False}
Aww, it's not a match:(
name: Amanda, id: 52c0f6a0896437a65200097a
Napping for 0.299996 seconds...
	liking... {u'likes_remaining': 100, u'match': False}
Aww, it's not a match:(
name: Nikki, id: 5a570a4b707af2d86f931fa6
Napping for 0.286202 seconds...
	liking... {u'likes_remaining': 100, u'match': False}
Aww, it's not a match:(
name: Valeria, id: 5a4b546f702237291d1776c8
Napping for 1.135816 seconds...
	liking... {u'likes_remaining': 100, u'match': False}
Aww, it's not a match:(
name: Alessia, id: 589babdab69aad963fd0c1c2
Napping for 0.152178 seconds...
	liking... {u'likes_remaining': 100, u'match': False}
Aww, it's not a match:(
name: Sarah, id: 5a507d4f91a22dde36f3b55e
Napping for 0.808904 seconds...
	liking... {u'likes_remaining': 100, u'match': False}
Aww, it's not a match:(
name: Cami, id: 5485327b850a8610303cf69d
Napping for 0.149768 seconds...
	liking... {u'likes_remaining': 100, u'match': False}
Aww, it's not a match:(
name: Bridgette, id: 5a4b4f63702237291d1772d9
Napping for 0.407176 seconds...
	liking... {u'likes_remaining': 100, u'match': False}
Aww, it's not a match:(
name: Anna, id: 5417aafa72606f834a57e541
Napping for 0.267120 seconds...
	liking... {u'likes_remaining': 100, u'match': False}
Aww, it's not a match:(
name: Juliacarter, id: 5a5e6a061364b39f2772ae2e
Napping for 0.628648 seconds...
	liking... {u'likes_remaining': 100, u'match': False}
Aww, it's not a match:(
name: Antonia, id: 5a5ed90d253434f02de3efa3
Napping for 1.044897 seconds...
	liking... {u'rate_limited_until': 1516210200161, u'likes_remaining': 0, u'match': False}
Aww, it's not a match:(
out of likes. Closing...
name: Ashaya, id: 59143abdbc6ea4df1bc06b91
Napping for 0.728880 seconds...
	liking... {u'rate_limited_until': 1516210200161, u'likes_remaining': 0, u'match': False}
Aww, it's not a match:(
out of likes. Closing...
name: Athena, id: 58d41e2b7f574207114d60ce
Napping for 0.542241 seconds...
	liking... {u'rate_limited_until': 1516210200161, u'likes_remaining': 0, u'match': False}
Aww, it's not a match:(
out of likes. Closing...
name: Nicole, id: 5891962e989f087b0a44dcc5
Napping for 0.634903 seconds...
	liking... {u'rate_limited_until': 1516210200161, u'likes_remaining': 0, u'match': False}
Aww, it's not a match:(
out of likes. Closing...
name: Aakanksha, id: 547e4db95ad2092f3879a6cc
Napping for 0.146630 seconds...
	liking... {u'rate_limited_until': 1516210200161, u'likes_remaining': 0, u'match': False}
Aww, it's not a match:(
out of likes. Closing...
name: Marie, id: 53be3941590751a13761f524
Napping for 0.771426 seconds...
	liking... {u'rate_limited_until': 1516210200161, u'likes_remaining': 0, u'match': False}
Aww, it's not a match:(
out of likes. Closing...
name: Paulina, id: 54be06b9395b878f7b830626
Napping for 0.097414 seconds...
	liking... {u'rate_limited_until': 1516210200161, u'likes_remaining': 0, u'match': False}
Aww, it's not a match:(
out of likes. Closing...
name: Jade, id: 58291755b326e69e0a619c00
Napping for 0.926356 seconds...
	liking... {u'rate_limited_until': 1516210200161, u'likes_remaining': 0, u'match': False}
Aww, it's not a match:(
out of likes. Closing...
name: Diana, id: 583a23178aa811a0728b3150
Napping for 1.038004 seconds...
	liking... {u'rate_limited_until': 1516210200161, u'likes_remaining': 0, u'match': False}
Aww, it's not a match:(
out of likes. Closing...
name: Paula, id: 582a713634ad273b2e7f2cf0
Napping for 0.952346 seconds...
	liking... {u'rate_limited_until': 1516210200161, u'likes_remaining': 0, u'match': False}
Aww, it's not a match:(
out of likes. Closing...
name: Nicole, id: 5619cdbb5a78ba790f12d2ae
Napping for 0.396838 seconds...
	liking... {u'rate_limited_until': 1516210200161, u'likes_remaining': 0, u'match': False}
Aww, it's not a match:(
out of likes. Closing...
name: Queen, id: 5a4de46c7ef3f81009adf59c
Napping for 1.186638 seconds...
	liking... {u'rate_limited_until': 1516210200161, u'likes_remaining': 0, u'match': False}
Aww, it's not a match:(
out of likes. Closing...
name: Jo, id: 5a53e764e343b0055d418316
Napping for 1.137366 seconds...
	liking... {u'rate_limited_until': 1516210200161, u'likes_remaining': 0, u'match': False}
Aww, it's not a match:(
out of likes. Closing...
name: Marissa, id: 5a23522c7a77a8d7030396ad
Napping for 0.454227 seconds...
	liking... {u'rate_limited_until': 1516210200161, u'likes_remaining': 0, u'match': False}
Aww, it's not a match:(
out of likes. Closing...
name: Helena, id: 57322c09738c168b20ed1beb
Napping for 0.264254 seconds...
	liking... {u'rate_limited_until': 1516210200161, u'likes_remaining': 0, u'match': False}
Aww, it's not a match:(
out of likes. Closing...
