You have been successfully authorized!
running main
likes remaining: 100
name: Lauren, id: 5a5854b1347976ac2d3dc7e9
Napping for 0.835232 seconds...
	liking... {u'likes_remaining': 100, u'match': False}
Aww, it's not a match:(
name: Alyana, id: 5a5321cb69c73afa6fecd1d3
Napping for 0.977031 seconds...
	liking... {u'likes_remaining': 100, u'match': False}
Aww, it's not a match:(
name: Jamie, id: 567dc075551f622c7e220880
Napping for 0.445376 seconds...
	liking... {u'likes_remaining': 100, u'match': False}
Aww, it's not a match:(
name: Ciara, id: 5a49487eb86023b51281d0cc
Napping for 0.680464 seconds...
	liking... {u'likes_remaining': 100, u'match': False}
Aww, it's not a match:(
name: Saumya, id: 5a5847e41364b39f276dca98
Napping for 0.898331 seconds...
	liking... {u'likes_remaining': 100, u'match': False}
Aww, it's not a match:(
name: Victoria, id: 57e8591deeb4612a7c3b815d
Napping for 0.941926 seconds...
	liking... {u'likes_remaining': 100, u'match': False}
Aww, it's not a match:(
name: June, id: 5a45ea99b86023b5127fb1dc
Napping for 0.012040 seconds...
	liking... {u'likes_remaining': 100, u'match': False}
Aww, it's not a match:(
name: throws UnicodeDecodeError so I cannot say, id: 58d4b4b0e3c9b18527627911
UnicodeDecodeError: 'ascii' codec can't decode byte 0xc3 in position 2: ordinal not in range(128)
Napping for 0.350699 seconds...
	liking... {u'likes_remaining': 100, u'match': False}
Aww, it's not a match:(
name: Corey, id: 598568c2c98e32d066cef8b8
Napping for 1.133075 seconds...
	liking... {u'likes_remaining': 100, u'match': False}
Aww, it's not a match:(
name: Cornelia, id: 5a56eb34febb740d708cc4da
Napping for 0.917439 seconds...
	liking... {u'likes_remaining': 100, u'match': False}
Aww, it's not a match:(
name: Yujeong, id: 5a58be8edef65a4e1a7ee458
Napping for 0.152132 seconds...
	liking... {u'likes_remaining': 100, u'match': False}
Aww, it's not a match:(
name: Sidney, id: 5a588eae9855b5711a52386a
Napping for 0.510693 seconds...
	liking... {u'likes_remaining': 100, u'match': False}
Aww, it's not a match:(
name: N, id: 5a1cc26e6dce70a963ec32c1
Napping for 0.196839 seconds...
	liking... {u'likes_remaining': 100, u'match': False}
Aww, it's not a match:(
name: Taylor, id: 59dab5ae3686906c4b069161
Napping for 0.332563 seconds...
	liking... {u'likes_remaining': 100, u'match': False}
Aww, it's not a match:(
name: Susan, id: 598d5b94078917e74bc05a36
Napping for 0.101526 seconds...
	liking... {u'likes_remaining': 100, u'match': False}
Aww, it's not a match:(
name: Jea, id: 5a53e9f4febb740d708a43c7
Napping for 0.181037 seconds...
	liking... {u'likes_remaining': 100, u'match': False}
Aww, it's not a match:(
name: GG, id: 5a56ce211cd829ba6f5419f9
Napping for 0.191233 seconds...
	liking... {u'likes_remaining': 100, u'match': False}
Aww, it's not a match:(
name: Lily, id: 5a58b7128a4213f92675898a
Napping for 0.054628 seconds...
	liking... {u'likes_remaining': 100, u'match': False}
Aww, it's not a match:(
name: Mini, id: 5a58be0d253434f02ddec8e7
Napping for 0.368544 seconds...
	liking... {u'likes_remaining': 100, u'match': False}
Aww, it's not a match:(
name: Emily, id: 54bc7e606eb173d66685a1cd
Napping for 0.086798 seconds...
	liking... {u'likes_remaining': 100, u'match': False}
Aww, it's not a match:(
name: Erin, id: 59dba48c3686906c4b075166
Napping for 0.250383 seconds...
	liking... {u'likes_remaining': 100, u'match': False}
Aww, it's not a match:(
name: Giselle, id: 59e843a7aa6d127e5cff8572
Napping for 0.761820 seconds...
	liking... {u'likes_remaining': 100, u'match': False}
Aww, it's not a match:(
name: Angela, id: 53463bf06466939049001075
Napping for 1.096523 seconds...
	liking... {u'likes_remaining': 100, u'match': False}
Aww, it's not a match:(
name: Gwen, id: 5a58a662a0bb942c1a4768ae
Napping for 0.250318 seconds...
	liking... {u'likes_remaining': 100, u'match': False}
Aww, it's not a match:(
name: Jessica, id: 59d5d4f33d7d94801c3bc0e7
Napping for 0.835698 seconds...
	liking... {u'likes_remaining': 100, u'match': False}
Aww, it's not a match:(
name: Danielle, id: 5a58385c347976ac2d3dac4b
Napping for 0.252102 seconds...
	liking... {u'likes_remaining': 100, u'match': False}
Aww, it's not a match:(
name: Evie, id: 5a583f4b9855b5711a5217fc
Napping for 0.099662 seconds...
	liking... {u'likes_remaining': 100, u'match': False}
Aww, it's not a match:(
name: Carmen, id: 5a585b441364b39f276de43d
Napping for 0.342175 seconds...
	liking... {u'likes_remaining': 100, u'match': False}
Aww, it's not a match:(
name: Kathleen, id: 52918e7b1a970f0a4a000004
Napping for 0.990449 seconds...
	liking... {u'likes_remaining': 100, u'match': False}
Aww, it's not a match:(
name: Michaela, id: 59e02d0169554a00155f4c0f
Napping for 0.696224 seconds...
	liking... {u'likes_remaining': 100, u'match': False}
Aww, it's not a match:(
name: Lauren, id: 5a5854b1347976ac2d3dc7e9
Napping for 0.152961 seconds...
	liking... {u'likes_remaining': 100, u'match': False}
Aww, it's not a match:(
name: Denisse, id: 5a5880d5407c450428ea514b
Napping for 0.388617 seconds...
	liking... {u'likes_remaining': 100, u'match': False}
Aww, it's not a match:(
name: Jenny, id: 5a40ae24958bba891e452aa7
Napping for 0.272758 seconds...
	liking... {u'likes_remaining': 100, u'match': False}
Aww, it's not a match:(
name: obi, id: 5a5888999855b5711a5234c7
Napping for 0.795277 seconds...
	liking... {u'likes_remaining': 100, u'match': False}
Aww, it's not a match:(
name: Yessy, id: 5a5438e3bea73a546a1446a5
Napping for 0.166474 seconds...
	liking... {u'likes_remaining': 100, u'match': False}
Aww, it's not a match:(
name: Cassie, id: 590510b846a6ac1505d92cbb
Napping for 0.394342 seconds...
	liking... {u'likes_remaining': 100, u'match': False}
Aww, it's not a match:(
name: Theresa, id: 582931540cedb6ec29697c08
Napping for 0.850823 seconds...
	liking... {u'likes_remaining': 100, u'match': False}
Aww, it's not a match:(
name: Jazmin, id: 5a586bc71364b39f276defc2
Napping for 0.393077 seconds...
	liking... {u'likes_remaining': 100, u'match': False}
Aww, it's not a match:(
name: Marilese, id: 59f992569653d1650cdab0aa
Napping for 0.207700 seconds...
	liking... {u'likes_remaining': 100, u'match': False}
Aww, it's not a match:(
name: Amaranthine, id: 5a563bb7cbc712e35cbd684a
Napping for 0.860659 seconds...
	liking... {u'likes_remaining': 100, u'match': False}
Aww, it's not a match:(
name: Mary, id: 5a4b641daa9e1a4725d7ec61
Napping for 0.545737 seconds...
	liking... {u'likes_remaining': 100, u'match': False}
Aww, it's not a match:(
name: Chakshu, id: 5a3f63da5f165d7212346dd0
Napping for 0.150995 seconds...
	liking... {u'likes_remaining': 100, u'match': False}
Aww, it's not a match:(
name: Stefeny, id: 5a586e7e625db61a27fefe72
Napping for 0.226116 seconds...
	liking... {u'likes_remaining': 100, u'match': False}
Aww, it's not a match:(
name: Alessandra, id: 5a5815e621a95b112eb79aef
Napping for 0.088372 seconds...
	liking... {u'likes_remaining': 100, u'match': False}
Aww, it's not a match:(
name: Crystal, id: 5a58677aa0bb942c1a474436
Napping for 0.415182 seconds...
	liking... {u'likes_remaining': 100, u'match': False}
Aww, it's not a match:(
name: Amanda, id: 5a4b2bed2eced07167487158
Napping for 1.014167 seconds...
	liking... {u'likes_remaining': 100, u'match': False}
Aww, it's not a match:(
name: Brittany, id: 5a5848dd0e1e57b526d07e51
Napping for 0.293986 seconds...
	liking... {u'likes_remaining': 100, u'match': False}
Aww, it's not a match:(
name: Chunni, id: 536fc25fea1e0a120c001249
Napping for 0.951894 seconds...
	liking... {u'likes_remaining': 100, u'match': False}
Aww, it's not a match:(
name: Raven, id: 5a57e0aa141c1e8e26b886ab
Napping for 0.862543 seconds...
	liking... {u'likes_remaining': 100, u'match': False}
Aww, it's not a match:(
name: Shella, id: 5a5550b0e343b0055d42b87b
Napping for 1.052222 seconds...
	liking... {u'likes_remaining': 100, u'match': False}
Aww, it's not a match:(
name: Vanessa, id: 5a54664651f181756ad64f1b
Napping for 1.044795 seconds...
	liking... {u'likes_remaining': 100, u'match': False}
Aww, it's not a match:(
name: Ashley, id: 5a583d0e347976ac2d3db1ad
Napping for 0.596454 seconds...
	liking... {u'likes_remaining': 100, u'match': False}
Aww, it's not a match:(
name: Diana, id: 5a4fc6eaddc34b0f021e5d3b
Napping for 0.716116 seconds...
	liking... {u'likes_remaining': 100, u'match': False}
Aww, it's not a match:(
name: Diann, id: 57faa9c3f6ab514343135d20
Napping for 0.029633 seconds...
	liking... {u'likes_remaining': 100, u'match': False}
Aww, it's not a match:(
name: Yisu, id: 51b6a32b3a3d045c0a00250b
Napping for 0.614014 seconds...
	liking... {u'likes_remaining': 100, u'match': False}
Aww, it's not a match:(
name: Hazel, id: 5a4ea544ddc34b0f021d51ea
Napping for 0.642047 seconds...
	liking... {u'likes_remaining': 100, u'match': False}
Aww, it's not a match:(
name: Ulyssa, id: 58a11e530512c0b6388f3c22
Napping for 0.041317 seconds...
	liking... {u'likes_remaining': 100, u'match': False}
Aww, it's not a match:(
name: Tori, id: 5a3b42c9394cc0c3587e467a
Napping for 0.272006 seconds...
	liking... {u'likes_remaining': 100, u'match': False}
Aww, it's not a match:(
name: Ana, id: 5a56ef9e2baf5f326afcfb45
Napping for 0.576145 seconds...
	liking... {u'likes_remaining': 100, u'match': False}
Aww, it's not a match:(
name: Jasmine, id: 55db7bcf88f7462b77ab542c
Napping for 0.909124 seconds...
	liking... {u'likes_remaining': 100, u'match': False}
Aww, it's not a match:(
name: Paige, id: 52126d1fc303871b32000066
Napping for 0.534857 seconds...
	liking... {u'likes_remaining': 100, u'match': False}
Aww, it's not a match:(
name: Kaysea, id: 5a283a98cb7bfebd770837b0
Napping for 0.501622 seconds...
	liking... {u'likes_remaining': 100, u'match': False}
Aww, it's not a match:(
name: Sonia, id: 56ca8acd33dd11003d783e7b
Napping for 0.525227 seconds...
	liking... {u'likes_remaining': 100, u'match': False}
Aww, it's not a match:(
name: Sara, id: 5201ff207769442e1c000002
Napping for 0.388060 seconds...
	liking... {u'likes_remaining': 100, u'match': False}
Aww, it's not a match:(
name: Fiza, id: 5a29bf5fe8131feb339f9a45
Napping for 0.794358 seconds...
	liking... {u'likes_remaining': 100, u'match': False}
Aww, it's not a match:(
name: pam, id: 59b097d0c02b2a794ffeabdd
Napping for 0.302625 seconds...
	liking... {u'likes_remaining': 100, u'match': False}
Aww, it's not a match:(
name: Gladys, id: 5a298e99a9428ff32fcba51a
Napping for 0.317756 seconds...
	liking... {u'likes_remaining': 100, u'match': False}
Aww, it's not a match:(
name: Alicia, id: 59227c4f116275792b7167eb
Napping for 0.915770 seconds...
	liking... {u'likes_remaining': 100, u'match': False}
Aww, it's not a match:(
name: Emma, id: 595ae32fc3b9991d73c8a3ee
Napping for 0.723756 seconds...
	liking... {u'likes_remaining': 100, u'match': False}
Aww, it's not a match:(
name: Cheyenne, id: 554adb39e0668569650acea0
Napping for 1.039925 seconds...
	liking... {u'likes_remaining': 100, u'match': False}
Aww, it's not a match:(
name: Rebecca, id: 5914fa19f0a1a5af6e55cad8
Napping for 1.094323 seconds...
	liking... {u'likes_remaining': 100, u'match': False}
Aww, it's not a match:(
name: Jill, id: 5a5336fccbc712e35cbb743f
Napping for 1.134272 seconds...
	liking... {u'likes_remaining': 100, u'match': False}
Aww, it's not a match:(
name: Dacia, id: 5a06b2a4a643d198054f8d70
Napping for 0.455868 seconds...
	liking... {u'likes_remaining': 100, u'match': False}
Aww, it's not a match:(
name: Shayna, id: 5543b737cec1fed22a48fa11
Napping for 0.898246 seconds...
	liking... {u'likes_remaining': 100, u'match': False}
Aww, it's not a match:(
name: Nikita, id: 58d39eae6027f8dd107f9842
Napping for 0.453873 seconds...
	liking... {u'likes_remaining': 100, u'match': False}
Aww, it's not a match:(
name: Trista, id: 5a42bdd1199b629412dbd479
Napping for 0.935247 seconds...
	liking... {u'likes_remaining': 100, u'match': False}
Aww, it's not a match:(
name: Rishika, id: 5a120fe3612b424b01634d1b
Napping for 0.782083 seconds...
	liking... {u'likes_remaining': 100, u'match': False}
Aww, it's not a match:(
name: Elena, id: 5a1282d6c3a97eb37fc068de
Napping for 0.674502 seconds...
	liking... {u'likes_remaining': 100, u'match': False}
Aww, it's not a match:(
name: Joselyn, id: 5568fcca7cba298e5979ab20
Napping for 0.417069 seconds...
	liking... {u'likes_remaining': 100, u'match': False}
Aww, it's not a match:(
name: Amelia, id: 56b7ffe7993c67a04d78a0bb
Napping for 0.111604 seconds...
	liking... {u'likes_remaining': 100, u'match': False}
Aww, it's not a match:(
name: Marcela, id: 58b0bf8ef4b524f6644cb0e2
Napping for 0.276189 seconds...
	liking... {u'likes_remaining': 100, u'match': False}
Aww, it's not a match:(
name: Kathleen, id: 59f04cbbf067063b60ed4dd0
Napping for 0.206430 seconds...
	liking... {u'likes_remaining': 100, u'match': False}
Aww, it's not a match:(
name: Lilly, id: 5a5429ea82f36bb469f0987a
Napping for 0.308859 seconds...
	liking... {u'likes_remaining': 100, u'match': False}
Aww, it's not a match:(
name: Candela, id: 53d98e75ebe41e73768c8538
Napping for 0.577354 seconds...
	liking... {u'likes_remaining': 100, u'match': False}
Aww, it's not a match:(
name: Hope, id: 58d6cdc802788baa16daaa53
Napping for 0.113042 seconds...
	liking... {u'likes_remaining': 100, u'match': False}
Aww, it's not a match:(
name: Laura, id: 5153ea89fa16da521700017f
Napping for 0.044965 seconds...
	liking... {u'likes_remaining': 100, u'match': False}
Aww, it's not a match:(
name: Belle, id: 5a4faf006002fc8202f946ed
Napping for 1.074826 seconds...
	liking... {u'likes_remaining': 100, u'match': False}
Aww, it's not a match:(
name: Mercedes, id: 5a507d1891a22dde36f3b509
Napping for 0.226523 seconds...
	liking... {u'likes_remaining': 100, u'match': False}
Aww, it's not a match:(
name: Hilary, id: 598003579879e3ea2deb05a1
Napping for 1.106652 seconds...
	liking... {u'likes_remaining': 100, u'match': False}
Aww, it's not a match:(
name: Breana, id: 59a2640a2b49c3ca1ff3e698
Napping for 0.106427 seconds...
	liking... {u'likes_remaining': 100, u'match': False}
Aww, it's not a match:(
name: Lia, id: 548644fced0826d9639a83c8
Napping for 0.945670 seconds...
	liking... {u'likes_remaining': 100, u'match': False}
Aww, it's not a match:(
name: Madison, id: 52869a81d390a2771300000e
Napping for 0.922544 seconds...
	liking... {u'likes_remaining': 100, u'match': False}
Aww, it's not a match:(
name: Natasha, id: 522ab46e0fc4bea427000101
Napping for 0.607804 seconds...
	liking... {u'likes_remaining': 100, u'match': False}
Aww, it's not a match:(
name: Sarah, id: 5a2ce9835b39086f165768e4
Napping for 0.873868 seconds...
	liking... {u'likes_remaining': 100, u'match': False}
Aww, it's not a match:(
name: Leny, id: 59ec04d3305a35da5cb88361
Napping for 0.241567 seconds...
	liking... {u'likes_remaining': 100, u'match': False}
Aww, it's not a match:(
name: Reina, id: 56cfacd30eff26012c105fde
Napping for 0.675277 seconds...
	liking... {u'rate_limited_until': 1515816705458, u'likes_remaining': 0, u'match': False}
Aww, it's not a match:(
out of likes. Closing...
name: Daniela, id: 598926cbea21b37013412c45
Napping for 1.076564 seconds...
	liking... {u'rate_limited_until': 1515816705458, u'likes_remaining': 0, u'match': False}
Aww, it's not a match:(
out of likes. Closing...
name: Jen, id: 58f39de395ca1df3232d373a
Napping for 1.196828 seconds...
	liking... {u'rate_limited_until': 1515816705458, u'likes_remaining': 0, u'match': False}
Aww, it's not a match:(
out of likes. Closing...
name: Sarah, id: 5a507d4f91a22dde36f3b55e
Napping for 0.643651 seconds...
	liking... {u'rate_limited_until': 1515816705458, u'likes_remaining': 0, u'match': False}
Aww, it's not a match:(
out of likes. Closing...
name: Olivia, id: 59d33a479f6316d35cc52232
Napping for 1.188017 seconds...
	liking... {u'rate_limited_until': 1515816705458, u'likes_remaining': 0, u'match': False}
Aww, it's not a match:(
out of likes. Closing...
name: Maya, id: 5a55dc5d133b2393694df88e
Napping for 0.831899 seconds...
	liking... {u'rate_limited_until': 1515816705458, u'likes_remaining': 0, u'match': False}
Aww, it's not a match:(
out of likes. Closing...
name: Emily, id: 5a531d300d4f3e71698e0049
Napping for 0.363646 seconds...
	liking... {u'rate_limited_until': 1515816705458, u'likes_remaining': 0, u'match': False}
Aww, it's not a match:(
out of likes. Closing...
name: Akshata, id: 5a53efbb91b2b84f694b7da7
Napping for 0.751425 seconds...
	liking... {u'rate_limited_until': 1515816705458, u'likes_remaining': 0, u'match': False}
Aww, it's not a match:(
out of likes. Closing...
name: Hannah, id: 54c7d9b4170cba1e683f46bc
Napping for 0.325808 seconds...
	liking... {u'rate_limited_until': 1515816705458, u'likes_remaining': 0, u'match': False}
Aww, it's not a match:(
out of likes. Closing...
name: Talia, id: 5a4ee85d3eac0236096b67c8
Napping for 0.611546 seconds...
	liking... {u'rate_limited_until': 1515816705458, u'likes_remaining': 0, u'match': False}
Aww, it's not a match:(
out of likes. Closing...
name: Allison, id: 58b681cd1e1b525850c0a6b9
Napping for 0.653481 seconds...
	liking... {u'rate_limited_until': 1515816705458, u'likes_remaining': 0, u'match': False}
Aww, it's not a match:(
out of likes. Closing...
name: Emily, id: 5a1f990248b5722c69df4d13
Napping for 1.020402 seconds...
	liking... {u'rate_limited_until': 1515816705458, u'likes_remaining': 0, u'match': False}
Aww, it's not a match:(
out of likes. Closing...
