You have been successfully authorized!
running main
likes remaining: 100
name: Eden, id: 555ce3fbc58eee533ad0eaa0
Napping for 0.914702 seconds...
	liking... {u'likes_remaining': 100, u'match': False}
Aww, it's not a match:(
name: Jahanavy, id: 584b74bca318938a5a02fd16
Napping for 0.712132 seconds...
	liking... {u'likes_remaining': 100, u'match': False}
Aww, it's not a match:(
name: Holly, id: 5258a4c0ee9697db4d000a4a
Napping for 0.697334 seconds...
	liking... {u'likes_remaining': 100, u'match': False}
Aww, it's not a match:(
name: Karla, id: 5583522f5542b01676f47373
Napping for 0.455030 seconds...
	liking... {u'likes_remaining': 100, u'match': False}
Aww, it's not a match:(
name: Olivia, id: 52008ecb89ac1dc162001008
Napping for 0.382544 seconds...
	liking... {u'likes_remaining': 100, u'match': False}
Aww, it's not a match:(
name: Savine, id: 5a67f279ccdbb775351661ac
Napping for 1.032480 seconds...
	liking... {u'likes_remaining': 100, u'match': False}
Aww, it's not a match:(
name: Tashanna, id: 5a55771551f181756ad6f71e
Napping for 0.129854 seconds...
	liking... {u'likes_remaining': 100, u'match': False}
Aww, it's not a match:(
name: Courtney, id: 5a67ff7db8c560fe65853141
Napping for 1.171475 seconds...
	liking... {u'likes_remaining': 100, u'match': False}
Aww, it's not a match:(
name: Janice, id: 5a68043c61fa3b0e3657d07d
Napping for 1.026343 seconds...
	liking... {u'likes_remaining': 100, u'match': False}
Aww, it's not a match:(
name: LupiiTaa, id: 54c71cf326f0b193325d2ba0
Napping for 1.094995 seconds...
	liking... {u'likes_remaining': 100, u'match': False}
Aww, it's not a match:(
name: Rissa, id: 513817a4f10e34eb3b00013e
Napping for 0.428391 seconds...
	liking... {u'likes_remaining': 100, u'match': False}
Aww, it's not a match:(
name: Jessica, id: 5a6801910326596c44f7a00e
Napping for 1.007666 seconds...
	liking... {u'likes_remaining': 100, u'match': False}
Aww, it's not a match:(
name: Alyssa, id: 5793d6c0638e65542683d418
Napping for 0.027353 seconds...
	liking... {u'likes_remaining': 100, u'match': False}
Aww, it's not a match:(
name: Denise, id: 5a64eb870811fb8d66a8dcb9
Napping for 0.585811 seconds...
	liking... {u'likes_remaining': 100, u'match': False}
Aww, it's not a match:(
name: Aleksandra, id: 556a617e967771615c55690e
Napping for 0.030672 seconds...
	liking... {u'likes_remaining': 100, u'match': False}
Aww, it's not a match:(
name: Christie, id: 5a67f1b6b8c560fe65851724
Napping for 0.505675 seconds...
	liking... {u'likes_remaining': 100, u'match': False}
Aww, it's not a match:(
name: Shannon, id: 574367ffff23d9b814ea5c6c
Napping for 1.028578 seconds...
	liking... {u'likes_remaining': 100, u'match': False}
Aww, it's not a match:(
name: Ashley, id: 5a67f9d4b8c560fe65852720
Napping for 0.333919 seconds...
	liking... {u'likes_remaining': 100, u'match': False}
Aww, it's not a match:(
name: Jazmin, id: 5a66becd4b32b6c64525f1a7
Napping for 0.513868 seconds...
	liking... {u'likes_remaining': 100, u'match': False}
Aww, it's not a match:(
name: Maria, id: 5a67fd4d4b32b6c64526c5af
Napping for 0.495932 seconds...
	liking... {u'likes_remaining': 100, u'match': False}
Aww, it's not a match:(
name: V, id: 5a67ff3561fa3b0e3657c934
Napping for 0.054995 seconds...
	liking... {u'likes_remaining': 100, u'match': False}
Aww, it's not a match:(
name: Nadeen, id: 56f7312c9f6b1853467ee11a
Napping for 0.612778 seconds...
	liking... {u'likes_remaining': 100, u'match': False}
Aww, it's not a match:(
name: Giana, id: 5a63bccab18e735b66aba1c1
Napping for 0.969366 seconds...
	liking... {u'likes_remaining': 100, u'match': False}
Aww, it's not a match:(
name: Karishma, id: 577739f1e03bb6523b1a0edf
Napping for 0.130324 seconds...
	liking... {u'likes_remaining': 100, u'match': False}
Aww, it's not a match:(
name: Brittney, id: 5525f193fabd37391d29f681
Napping for 0.523618 seconds...
	liking... {u'likes_remaining': 100, u'match': False}
Aww, it's not a match:(
name: Allison, id: 599b8f2b3dc2b9a914ec8f2a
Napping for 0.290712 seconds...
	liking... {u'likes_remaining': 100, u'match': False}
Aww, it's not a match:(
name: Marisa, id: 5844f1825860dfd4076977d8
Napping for 0.846565 seconds...
	liking... {u'likes_remaining': 100, u'match': False}
Aww, it's not a match:(
name: Cheyenne, id: 56cce17f9df5cd0e4357c800
Napping for 0.917352 seconds...
	liking... {u'likes_remaining': 100, u'match': False}
Aww, it's not a match:(
name: Caroline, id: 51d76474781cff5c0e0000c6
Napping for 0.802038 seconds...
	liking... {u'likes_remaining': 100, u'match': False}
Aww, it's not a match:(
name: Silvia, id: 594ca526a467e21a57ade4f2
Napping for 0.927252 seconds...
	liking... {u'likes_remaining': 100, u'match': False}
Aww, it's not a match:(
name: Ewea, id: 596269f3949b465a61ca412c
Napping for 0.006842 seconds...
	liking... {u'likes_remaining': 100, u'match': False}
Aww, it's not a match:(
name: Laura, id: 56f0e111ff7d719773e645d3
Napping for 0.679556 seconds...
	liking... {u'likes_remaining': 100, u'match': False}
Aww, it's not a match:(
name: Arlene, id: 5a67f573ccdbb775351665ac
Napping for 0.249418 seconds...
	liking... {u'likes_remaining': 100, u'match': False}
Aww, it's not a match:(
name: Aria, id: 5a67f90c78481b9644a2e065
Napping for 1.068404 seconds...
	liking... {u'likes_remaining': 100, u'match': False}
Aww, it's not a match:(
name: Anupa, id: 5a0f8d74225f997b7803ce80
Napping for 0.362294 seconds...
	liking... {u'likes_remaining': 100, u'match': False}
Aww, it's not a match:(
name: Ashley, id: 59bc8dffe3a669520a0a868a
Napping for 0.699718 seconds...
	liking... {u'likes_remaining': 100, u'match': False}
Aww, it's not a match:(
name: Danielle, id: 59c2ee0bcc8fb73e45024e01
Napping for 0.245356 seconds...
	liking... {u'likes_remaining': 100, u'match': False}
Aww, it's not a match:(
name: Haley, id: 58ec58e381d5702824bcb4aa
Napping for 0.427909 seconds...
	liking... {u'likes_remaining': 100, u'match': False}
Aww, it's not a match:(
name: Chrissy, id: 5406356a16116d8845f041fa
Napping for 1.170158 seconds...
	liking... {u'likes_remaining': 100, u'match': False}
Aww, it's not a match:(
name: Lou, id: 53124983363eaa642b00002e
Napping for 0.251201 seconds...
	liking... {u'likes_remaining': 100, u'match': False}
Aww, it's not a match:(
name: Natalie, id: 5619d9caac80bf6f524bf131
Napping for 0.666605 seconds...
	liking... {u'likes_remaining': 100, u'match': False}
Aww, it's not a match:(
name: Sneha, id: 5a3dfbea36e65f961d4e614c
Napping for 0.179905 seconds...
	liking... {u'likes_remaining': 100, u'match': False}
Aww, it's not a match:(
name: Gwen, id: 5a67c9e9ab67b94d461e77e1
Napping for 1.044438 seconds...
	liking... {u'likes_remaining': 100, u'match': False}
Aww, it's not a match:(
name: Melissa, id: 5a67dd1e61fa3b0e3657a5fe
Napping for 0.383401 seconds...
	liking... {u'likes_remaining': 100, u'match': False}
Aww, it's not a match:(
name: Nayomi, id: 570c1a3cc3acce590ad768ba
Napping for 0.211337 seconds...
	liking... {u'likes_remaining': 100, u'match': False}
Aww, it's not a match:(
name: Athena, id: 54ee180bf6ebb02428313044
Napping for 0.470835 seconds...
	liking... {u'likes_remaining': 100, u'match': False}
Aww, it's not a match:(
name: Erica, id: 5a67ec4fab67b94d461e939c
Napping for 0.360240 seconds...
	liking... {u'likes_remaining': 100, u'match': False}
Aww, it's not a match:(
name: Mariel, id: 5a67686b78481b9644a243d6
Napping for 0.909613 seconds...
	liking... {u'likes_remaining': 100, u'match': False}
Aww, it's not a match:(
name: Maggie, id: 5326789b29ef4de4360028c9
Napping for 0.949657 seconds...
	liking... {u'likes_remaining': 100, u'match': False}
Aww, it's not a match:(
name: Albee, id: 58cdf1db78d9163029419e85
Napping for 1.001430 seconds...
	liking... {u'likes_remaining': 100, u'match': False}
Aww, it's not a match:(
name: Alex, id: 5866d31b09da9fc00a84cf62
Napping for 0.340306 seconds...
	liking... {u'likes_remaining': 100, u'match': False}
Aww, it's not a match:(
name: Catherine, id: 546287986fef3bc86f593fbe
Napping for 0.764377 seconds...
	liking... {u'likes_remaining': 100, u'match': False}
Aww, it's not a match:(
name: Alli, id: 53755232e4988319480033d9
Napping for 0.279759 seconds...
	liking... {u'likes_remaining': 100, u'match': False}
Aww, it's not a match:(
name: Kisha, id: 587b1858e3d669881d231d18
Napping for 0.190780 seconds...
	liking... {u'likes_remaining': 100, u'match': False}
Aww, it's not a match:(
name: Marybel, id: 54a8c4a7ce81a8356706532e
Napping for 0.041408 seconds...
	liking... {u'likes_remaining': 100, u'match': False}
Aww, it's not a match:(
name: Kylie, id: 5a4845da702237291d15928f
Napping for 0.302442 seconds...
	liking... {u'likes_remaining': 100, u'match': False}
Aww, it's not a match:(
name: Alyssa, id: 599e5d13d3a0b3292001d0f3
Napping for 0.539529 seconds...
	liking... {u'likes_remaining': 100, u'match': False}
Aww, it's not a match:(
name: Irene, id: 58997550f7d124676517845c
Napping for 0.923085 seconds...
	liking... {u'likes_remaining': 100, u'match': False}
Aww, it's not a match:(
name: Vivian, id: 599fa44fa0fbc1570707d7e6
Napping for 0.850143 seconds...
	liking... {u'likes_remaining': 100, u'match': False}
Aww, it's not a match:(
name: Julia, id: 560786317ead1970322d5831
Napping for 0.838837 seconds...
	liking... {u'rate_limited_until': 1516813396235, u'likes_remaining': 0, u'match': False}
Aww, it's not a match:(
out of likes. Closing...
name: Jessica, id: 5a644bfd4b32b6c645241e94
Napping for 1.096013 seconds...
	liking... {u'rate_limited_until': 1516813396235, u'likes_remaining': 0, u'match': False}
Aww, it's not a match:(
out of likes. Closing...
name: Jennifer, id: 555fe274bda2181a76686780
Napping for 0.455552 seconds...
	liking... {u'rate_limited_until': 1516813396235, u'likes_remaining': 0, u'match': False}
Aww, it's not a match:(
out of likes. Closing...
name: Miranda, id: 595e7c213b4614726120a1fe
Napping for 0.618748 seconds...
	liking... {u'rate_limited_until': 1516813396235, u'likes_remaining': 0, u'match': False}
Aww, it's not a match:(
out of likes. Closing...
name: Lisa, id: 59b8dbf0ce28588c1ef743bf
Napping for 0.271702 seconds...
	liking... {u'rate_limited_until': 1516813396235, u'likes_remaining': 0, u'match': False}
Aww, it's not a match:(
out of likes. Closing...
name: Kay, id: 5302b4fddfd04c947d006456
Napping for 0.440041 seconds...
	liking... {u'rate_limited_until': 1516813396235, u'likes_remaining': 0, u'match': False}
Aww, it's not a match:(
out of likes. Closing...
name: emily, id: 59acd4aa73bf68e32b711ccb
Napping for 1.070479 seconds...
	liking... {u'rate_limited_until': 1516813396235, u'likes_remaining': 0, u'match': False}
Aww, it's not a match:(
out of likes. Closing...
name: Katherine, id: 59b22888fb9402757cb56c2c
Napping for 0.929606 seconds...
	liking... {u'rate_limited_until': 1516813396235, u'likes_remaining': 0, u'match': False}
Aww, it's not a match:(
out of likes. Closing...
name: Wimeshi, id: 5a6800514b32b6c64526c8ad
Napping for 0.526071 seconds...
	liking... {u'rate_limited_until': 1516813396235, u'likes_remaining': 0, u'match': False}
Aww, it's not a match:(
out of likes. Closing...
name: Julianne, id: 54b9e94ac19f849a660535ef
Napping for 0.635212 seconds...
	liking... {u'rate_limited_until': 1516813396235, u'likes_remaining': 0, u'match': False}
Aww, it's not a match:(
out of likes. Closing...
name: Emily, id: 55429d038092ee9b5ca37a16
Napping for 0.191932 seconds...
	liking... {u'rate_limited_until': 1516813396235, u'likes_remaining': 0, u'match': False}
Aww, it's not a match:(
out of likes. Closing...
name: Dani, id: 5a6811dfe7bd253c44f6cf1b
Napping for 1.177493 seconds...
	liking... {u'rate_limited_until': 1516813396235, u'likes_remaining': 0, u'match': False}
Aww, it's not a match:(
out of likes. Closing...
name: Tiffany, id: 54dc5984db7208ba6cfd1adf
Napping for 1.089274 seconds...
	liking... {u'rate_limited_until': 1516813396235, u'likes_remaining': 0, u'match': False}
Aww, it's not a match:(
out of likes. Closing...
name: Vanessa, id: 5a631338b8c560fe65811966
Napping for 0.830471 seconds...
	liking... {u'rate_limited_until': 1516813396235, u'likes_remaining': 0, u'match': False}
Aww, it's not a match:(
out of likes. Closing...
name: sandy, id: 5a680d8c61fa3b0e3657df72
Napping for 0.135548 seconds...
	liking... {u'rate_limited_until': 1516813396235, u'likes_remaining': 0, u'match': False}
Aww, it's not a match:(
out of likes. Closing...
name: Jessica, id: 5a68044f0811fb8d66aaf8e9
Napping for 0.965102 seconds...
	liking... {u'rate_limited_until': 1516813396235, u'likes_remaining': 0, u'match': False}
Aww, it's not a match:(
out of likes. Closing...
name: Veronica, id: 52b0a3f6957665937e0000ab
Napping for 0.016302 seconds...
	liking... {u'rate_limited_until': 1516813396235, u'likes_remaining': 0, u'match': False}
Aww, it's not a match:(
out of likes. Closing...
