You have been successfully authorized!
running main
likes remaining: 0
name: Lane, id: 59bb36b5ad054f1910895917
Napping for 0.720721 seconds...
	liking... {u'rate_limited_until': 1515488250823, u'likes_remaining': 0, u'match': False}
Aww, it's not a match:(
name: Richa, id: 585dda783c6990561bde7777
Napping for 0.400929 seconds...
	liking... {u'rate_limited_until': 1515488250823, u'likes_remaining': 0, u'match': False}
Aww, it's not a match:(
name: Claire, id: 574123e1ce6a71ef1432dba1
Napping for 0.249147 seconds...
	liking... {u'rate_limited_until': 1515488250823, u'likes_remaining': 0, u'match': False}
Aww, it's not a match:(
name: Tanya, id: 599d2178795f486c2c59c095
Napping for 1.039381 seconds...
	liking... {u'rate_limited_until': 1515488250823, u'likes_remaining': 0, u'match': False}
Aww, it's not a match:(
name: Priyanka, id: 5a4d31cb199b629412e3cd93
Napping for 0.620174 seconds...
	liking... {u'rate_limited_until': 1515488250823, u'likes_remaining': 0, u'match': False}
Aww, it's not a match:(
name: Claire, id: 56ef824db1488e1625496ac2
Napping for 1.172307 seconds...
	liking... {u'rate_limited_until': 1515488250823, u'likes_remaining': 0, u'match': False}
Aww, it's not a match:(
name: Sarah, id: 576ccf98bca44c133af5249a
Napping for 0.875744 seconds...
	liking... {u'rate_limited_until': 1515488250823, u'likes_remaining': 0, u'match': False}
Aww, it's not a match:(
name: Cynthia, id: 5829113e5298e9640a289742
Napping for 0.160655 seconds...
	liking... {u'rate_limited_until': 1515488250823, u'likes_remaining': 0, u'match': False}
Aww, it's not a match:(
name: Elizabeth, id: 53fda22bf180820919a591a8
Napping for 1.198545 seconds...
	liking... {u'rate_limited_until': 1515488250823, u'likes_remaining': 0, u'match': False}
Aww, it's not a match:(
name: throws UnicodeDecodeError so I cannot say, id: 58d72a7314f5a6d90fd3eb42
UnicodeDecodeError: 'ascii' codec can't decode byte 0xc3 in position 1: ordinal not in range(128)
Napping for 0.214687 seconds...
	liking... {u'rate_limited_until': 1515488250823, u'likes_remaining': 0, u'match': False}
Aww, it's not a match:(
name: Elizabeth, id: 58f976c7118f3b5f60f562a4
Napping for 0.995069 seconds...
	liking... {u'rate_limited_until': 1515488250823, u'likes_remaining': 0, u'match': False}
Aww, it's not a match:(
name: Yehna, id: 55127252cd103895638afa13
Napping for 1.079102 seconds...
	liking... {u'rate_limited_until': 1515488250823, u'likes_remaining': 0, u'match': False}
Aww, it's not a match:(
name: Kelcie, id: 5a1df3b96dce70a963ed3f3f
Napping for 0.210995 seconds...
	liking... {u'rate_limited_until': 1515488250823, u'likes_remaining': 0, u'match': False}
Aww, it's not a match:(
name: Qing, id: 55c7abf2e7100e962e124c45
Napping for 0.854705 seconds...
	liking... {u'rate_limited_until': 1515488250823, u'likes_remaining': 0, u'match': False}
Aww, it's not a match:(
name: Michelle, id: 54446e54fe042dd37980449c
Napping for 0.558683 seconds...
	liking... {u'rate_limited_until': 1515488250823, u'likes_remaining': 0, u'match': False}
Aww, it's not a match:(
name: Jennifer, id: 59015f662914f3c004144467
Napping for 1.105629 seconds...
	liking... {u'rate_limited_until': 1515488250823, u'likes_remaining': 0, u'match': False}
Aww, it's not a match:(
name: Keli, id: 5a4724e65920884b1d59b960
Napping for 0.488657 seconds...
	liking... {u'rate_limited_until': 1515488250823, u'likes_remaining': 0, u'match': False}
Aww, it's not a match:(
name: Pnr, id: 5a523b590d4f3e71698cd75e
Napping for 0.797978 seconds...
	liking... {u'rate_limited_until': 1515488250823, u'likes_remaining': 0, u'match': False}
Aww, it's not a match:(
name: JoVanna, id: 52280de1e97a9fe033000005
Napping for 0.947455 seconds...
	liking... {u'rate_limited_until': 1515488250823, u'likes_remaining': 0, u'match': False}
Aww, it's not a match:(
name: Marina, id: 556bcdb87cba298e597a143d
Napping for 1.086377 seconds...
	liking... {u'rate_limited_until': 1515488250823, u'likes_remaining': 0, u'match': False}
Aww, it's not a match:(
name: Vicky, id: 549396428b9befab5b71e05e
Napping for 1.102140 seconds...
	liking... {u'rate_limited_until': 1515488250823, u'likes_remaining': 0, u'match': False}
Aww, it's not a match:(
name: Diana, id: 58d8993caf54922f0feba42e
Napping for 0.775982 seconds...
	liking... {u'rate_limited_until': 1515488250823, u'likes_remaining': 0, u'match': False}
Aww, it's not a match:(
name: Krista, id: 532001f91edb2c697b012c6d
Napping for 0.231990 seconds...
	liking... {u'rate_limited_until': 1515488250823, u'likes_remaining': 0, u'match': False}
Aww, it's not a match:(
name: Katherine, id: 5853964781f7fe390f33abc3
Napping for 0.308441 seconds...
	liking... {u'rate_limited_until': 1515488250823, u'likes_remaining': 0, u'match': False}
Aww, it's not a match:(
name: Darline, id: 5a5377bf82f36bb469efe7d1
Napping for 0.640153 seconds...
	liking... {u'rate_limited_until': 1515488250823, u'likes_remaining': 0, u'match': False}
Aww, it's not a match:(
name: Jackie, id: 516a4ae54a5c415853000007
Napping for 0.666229 seconds...
	liking... {u'rate_limited_until': 1515488250823, u'likes_remaining': 0, u'match': False}
Aww, it's not a match:(
name: Brooke, id: 58be2a2ca953ba5e19e617cf
Napping for 1.063492 seconds...
	liking... {u'rate_limited_until': 1515488250823, u'likes_remaining': 0, u'match': False}
Aww, it's not a match:(
name: Loreena, id: 5a5308f80d4f3e71698deba5
Napping for 0.560678 seconds...
	liking... {u'rate_limited_until': 1515488250823, u'likes_remaining': 0, u'match': False}
Aww, it's not a match:(
name: DeAndra, id: 592fad510bd880996f76cd91
Napping for 0.711048 seconds...
	liking... {u'rate_limited_until': 1515488250823, u'likes_remaining': 0, u'match': False}
Aww, it's not a match:(
name: Kathryn, id: 58e5cbf6412a60ef6a092b3f
Napping for 0.154758 seconds...
	liking... {u'rate_limited_until': 1515488250823, u'likes_remaining': 0, u'match': False}
Aww, it's not a match:(
name: Vanessa, id: 59439d3c8273e593530fde8c
Napping for 0.362133 seconds...
	liking... {u'rate_limited_until': 1515488250823, u'likes_remaining': 0, u'match': False}
Aww, it's not a match:(
name: Gianna, id: 59c431c5cc8fb73e450332e0
Napping for 1.115570 seconds...
	liking... {u'rate_limited_until': 1515488250823, u'likes_remaining': 0, u'match': False}
Aww, it's not a match:(
name: Akshaya, id: 55d82a051983b47a50059884
Napping for 1.143555 seconds...
	liking... {u'rate_limited_until': 1515488250823, u'likes_remaining': 0, u'match': False}
Aww, it's not a match:(
name: Yolanda, id: 54e59efe5940130f34b774a6
Napping for 0.380741 seconds...
	liking... {u'rate_limited_until': 1515488250823, u'likes_remaining': 0, u'match': False}
Aww, it's not a match:(
name: Kacie, id: 5426360a945a3d973026d9a4
Napping for 0.246476 seconds...
	liking... {u'rate_limited_until': 1515488250823, u'likes_remaining': 0, u'match': False}
Aww, it's not a match:(
name: Courtney, id: 5a4f1ffcddc34b0f021ddde5
Napping for 0.878820 seconds...
	liking... {u'rate_limited_until': 1515488250823, u'likes_remaining': 0, u'match': False}
Aww, it's not a match:(
name: Katherine, id: 58ddf46d1d4e5df604932068
Napping for 0.055905 seconds...
	liking... {u'rate_limited_until': 1515488250823, u'likes_remaining': 0, u'match': False}
Aww, it's not a match:(
name: Yuan-Yuan, id: 57f249ac6dd69a377919d433
Napping for 0.698555 seconds...
	liking... {u'rate_limited_until': 1515488250823, u'likes_remaining': 0, u'match': False}
Aww, it's not a match:(
name: Kathy, id: 572ea2b7f16d446524fc6f3a
Napping for 0.637625 seconds...
	liking... {u'rate_limited_until': 1515488250823, u'likes_remaining': 0, u'match': False}
Aww, it's not a match:(
name: Vimlah, id: 57779684d1eb015d6b5e53d0
Napping for 1.164790 seconds...
	liking... {u'rate_limited_until': 1515488250823, u'likes_remaining': 0, u'match': False}
Aww, it's not a match:(
name: yu, id: 59aa31a7fe5063402ccebc2d
Napping for 0.657329 seconds...
	liking... {u'rate_limited_until': 1515488250823, u'likes_remaining': 0, u'match': False}
Aww, it's not a match:(
name: Nany, id: 59fe9ee66749f05d5b7c09f2
Napping for 0.308306 seconds...
	liking... {u'rate_limited_until': 1515488250823, u'likes_remaining': 0, u'match': False}
Aww, it's not a match:(
name: Alice, id: 5584e796cf6384996c95f73a
Napping for 0.823302 seconds...
	liking... {u'rate_limited_until': 1515488250823, u'likes_remaining': 0, u'match': False}
Aww, it's not a match:(
name: Anusaya, id: 543a25b9abe1c316081194cc
Napping for 0.954253 seconds...
	liking... {u'rate_limited_until': 1515488250823, u'likes_remaining': 0, u'match': False}
Aww, it's not a match:(
name: Melissa, id: 5a334928acf7656e05833468
Napping for 0.951232 seconds...
	liking... {u'rate_limited_until': 1515488250823, u'likes_remaining': 0, u'match': False}
Aww, it's not a match:(
name: Alex, id: 56ce775511c8676c2ce096a8
Napping for 0.160363 seconds...
	liking... {u'rate_limited_until': 1515488250823, u'likes_remaining': 0, u'match': False}
Aww, it's not a match:(
name: Kayla, id: 5330b88c6f617d5006003a91
Napping for 0.221401 seconds...
	liking... {u'rate_limited_until': 1515488250823, u'likes_remaining': 0, u'match': False}
Aww, it's not a match:(
name: Desiree, id: 59487d6dd8b77a1d2ada339e
Napping for 0.281538 seconds...
	liking... {u'rate_limited_until': 1515488250823, u'likes_remaining': 0, u'match': False}
Aww, it's not a match:(
name: Keisha, id: 5a4350bc2eced0716742ceab
Napping for 0.552757 seconds...
	liking... {u'rate_limited_until': 1515488250823, u'likes_remaining': 0, u'match': False}
Aww, it's not a match:(
name: Asara, id: 5a42152598f95f50125c6524
Napping for 1.080382 seconds...
	liking... {u'rate_limited_until': 1515488250823, u'likes_remaining': 0, u'match': False}
Aww, it's not a match:(
name: Sarah, id: 5a4d485499fa2a2f7adbe81e
Napping for 1.030830 seconds...
	liking... {u'rate_limited_until': 1515488250823, u'likes_remaining': 0, u'match': False}
Aww, it's not a match:(
name: Alana, id: 5a20eb98645c6b7a478d90c5
Napping for 0.383046 seconds...
	liking... {u'rate_limited_until': 1515488250823, u'likes_remaining': 0, u'match': False}
Aww, it's not a match:(
name: Katarina, id: 55079c4780c564c177584301
Napping for 0.922764 seconds...
	liking... {u'rate_limited_until': 1515488250823, u'likes_remaining': 0, u'match': False}
Aww, it's not a match:(
name: Diamond, id: 5a524b90cbc712e35cba6657
Napping for 0.752176 seconds...
	liking... {u'rate_limited_until': 1515488250823, u'likes_remaining': 0, u'match': False}
Aww, it's not a match:(
name: Mary, id: 5a51e62a69c73afa6feb4462
Napping for 0.081197 seconds...
	liking... {u'rate_limited_until': 1515488250823, u'likes_remaining': 0, u'match': False}
Aww, it's not a match:(
name: Sheila, id: 5a369e542f46971c1057efbd
Napping for 0.194810 seconds...
	liking... {u'rate_limited_until': 1515488250823, u'likes_remaining': 0, u'match': False}
Aww, it's not a match:(
name: Britta, id: 51af6b7960f0631178004492
Napping for 1.026537 seconds...
	liking... {u'rate_limited_until': 1515488250823, u'likes_remaining': 0, u'match': False}
Aww, it's not a match:(
name: Diana, id: 53e59e2e1d63782205c49c4d
Napping for 0.351589 seconds...
	liking... {u'rate_limited_until': 1515488250823, u'likes_remaining': 0, u'match': False}
Aww, it's not a match:(
name: Sandy, id: 5801d781d9209de8648a1522
Napping for 0.855223 seconds...
	liking... {u'rate_limited_until': 1515488250823, u'likes_remaining': 0, u'match': False}
Aww, it's not a match:(
name: Victoria, id: 58fd85943c272dcb42527401
Napping for 0.723304 seconds...
	liking... {u'rate_limited_until': 1515488250823, u'likes_remaining': 0, u'match': False}
Aww, it's not a match:(
name: Tinaa, id: 59f7ccc0de6138800cd71127
Napping for 0.638000 seconds...
	liking... {u'rate_limited_until': 1515488250823, u'likes_remaining': 0, u'match': False}
Aww, it's not a match:(
name: Elizabeth, id: 5a4c1f96702237291d181d30
Napping for 0.338700 seconds...
	liking... {u'rate_limited_until': 1515488250823, u'likes_remaining': 0, u'match': False}
Aww, it's not a match:(
name: Kayla, id: 55edda681989f6c02d1c038c
Napping for 0.369666 seconds...
	liking... {u'rate_limited_until': 1515488250823, u'likes_remaining': 0, u'match': False}
Aww, it's not a match:(
name: Zoe, id: 57e0aaab76127a8b6c7946d1
Napping for 0.303581 seconds...
	liking... {u'rate_limited_until': 1515488250823, u'likes_remaining': 0, u'match': False}
Aww, it's not a match:(
name: Lexi, id: 532f498d0de468327a00091b
Napping for 0.285721 seconds...
	liking... {u'rate_limited_until': 1515488250823, u'likes_remaining': 0, u'match': False}
Aww, it's not a match:(
name: Nette, id: 56a8403e8e45fa5309bb1d96
Napping for 1.159626 seconds...
	liking... {u'rate_limited_until': 1515488250823, u'likes_remaining': 0, u'match': False}
Aww, it's not a match:(
name: B, id: 59f26db1bf6f36537ded0e93
Napping for 0.808631 seconds...
	liking... {u'rate_limited_until': 1515488250823, u'likes_remaining': 0, u'match': False}
Aww, it's not a match:(
name: Rumi, id: 533e3b427d60ea7a470034cd
Napping for 0.907062 seconds...
	liking... {u'rate_limited_until': 1515488250823, u'likes_remaining': 0, u'match': False}
Aww, it's not a match:(
name: Sabreena, id: 5a49d2382788ab671ef905ca
Napping for 0.270195 seconds...
	liking... {u'rate_limited_until': 1515488250823, u'likes_remaining': 0, u'match': False}
Aww, it's not a match:(
name: Kristina, id: 54bc0970ead099b570a4ac48
Napping for 1.005769 seconds...
	liking... {u'rate_limited_until': 1515488250823, u'likes_remaining': 0, u'match': False}
Aww, it's not a match:(
name: Alisa, id: 590979d3c2d7177d7929687d
Napping for 0.651708 seconds...
	liking... {u'rate_limited_until': 1515488250823, u'likes_remaining': 0, u'match': False}
Aww, it's not a match:(
name: Dahae, id: 590fb876dfe1814f0d8ed40c
Napping for 0.136698 seconds...
	liking... {u'rate_limited_until': 1515488250823, u'likes_remaining': 0, u'match': False}
Aww, it's not a match:(
name: Fernanda, id: 5a5085cdefcd196043540b2a
Napping for 0.594090 seconds...
	liking... {u'rate_limited_until': 1515488250823, u'likes_remaining': 0, u'match': False}
Aww, it's not a match:(
name: Ali, id: 57d398e144af1dbd54c068c1
Napping for 0.987027 seconds...
	liking... {u'rate_limited_until': 1515488250823, u'likes_remaining': 0, u'match': False}
Aww, it's not a match:(
name: Robyn, id: 591e3f87a59b56cd2bb23e6f
Napping for 0.560917 seconds...
	liking... {u'rate_limited_until': 1515488250823, u'likes_remaining': 0, u'match': False}
Aww, it's not a match:(
name: Nikki, id: 598d0465cae80f7b585e1a82
Napping for 0.142203 seconds...
	liking... {u'rate_limited_until': 1515488250823, u'likes_remaining': 0, u'match': False}
Aww, it's not a match:(
name: Emily, id: 5a4fd9acf1bb1c65759fa0f8
Napping for 0.400136 seconds...
	liking... {u'rate_limited_until': 1515488250823, u'likes_remaining': 0, u'match': False}
Aww, it's not a match:(
name: Mariana, id: 58045d8bdaf349c44d4a7515
Napping for 0.549427 seconds...
	liking... {u'rate_limited_until': 1515488250823, u'likes_remaining': 0, u'match': False}
Aww, it's not a match:(
name: Lauren, id: 569b4f5689fdeb1c79a539a9
Napping for 1.135514 seconds...
	liking... {u'rate_limited_until': 1515488250823, u'likes_remaining': 0, u'match': False}
Aww, it's not a match:(
name: Ruchi, id: 5951e112d108c9e056b220a6
Napping for 0.621150 seconds...
	liking... {u'rate_limited_until': 1515488250823, u'likes_remaining': 0, u'match': False}
Aww, it's not a match:(
name: Jessica, id: 5a4c75f2aa9e1a4725d8b9b0
Napping for 0.225856 seconds...
	liking... {u'rate_limited_until': 1515488250823, u'likes_remaining': 0, u'match': False}
Aww, it's not a match:(
name: Dede, id: 5a5155edd27b63dc67a64a53
Napping for 0.627805 seconds...
	liking... {u'rate_limited_until': 1515488250823, u'likes_remaining': 0, u'match': False}
Aww, it's not a match:(
name: Erika, id: 59cb0b87c1d4f6947e0ab896
Napping for 0.905162 seconds...
	liking... {u'rate_limited_until': 1515488250823, u'likes_remaining': 0, u'match': False}
Aww, it's not a match:(
name: Cynthia, id: 55e9e08f3b2fda672aa12484
Napping for 0.296255 seconds...
	liking... {u'rate_limited_until': 1515488250823, u'likes_remaining': 0, u'match': False}
Aww, it's not a match:(
name: Rachel, id: 5a18bdb2ff59cbf76c1eca9d
Napping for 0.480899 seconds...
	liking... {u'rate_limited_until': 1515488250823, u'likes_remaining': 0, u'match': False}
Aww, it's not a match:(
name: Britney, id: 51e45821514521482c000081
Napping for 0.502020 seconds...
	liking... {u'rate_limited_until': 1515488250823, u'likes_remaining': 0, u'match': False}
Aww, it's not a match:(
name: Charlotte, id: 5a4d16e9e8dc17aa1ea3de31
Napping for 0.497112 seconds...
	liking... {u'rate_limited_until': 1515488250823, u'likes_remaining': 0, u'match': False}
Aww, it's not a match:(
name: Tara, id: 5a41f03336e65f961d508426
Napping for 0.746797 seconds...
	liking... {u'rate_limited_until': 1515488250823, u'likes_remaining': 0, u'match': False}
Aww, it's not a match:(
name: Startela, id: 54d829c6b1a0b31e494db617
Napping for 0.427640 seconds...
	liking... {u'rate_limited_until': 1515488250823, u'likes_remaining': 0, u'match': False}
Aww, it's not a match:(
name: Mica Ella, id: 53cb69069219b09828aeb22b
Napping for 0.737064 seconds...
	liking... {u'rate_limited_until': 1515488250823, u'likes_remaining': 0, u'match': False}
Aww, it's not a match:(
name: Cassidi, id: 52d4cada987fd8127d000085
Napping for 1.026400 seconds...
	liking... {u'rate_limited_until': 1515488250823, u'likes_remaining': 0, u'match': False}
Aww, it's not a match:(
name: Michelle, id: 53cefc44cc0358174d4efcca
Napping for 0.844789 seconds...
	liking... {u'rate_limited_until': 1515488250823, u'likes_remaining': 0, u'match': False}
Aww, it's not a match:(
name: Dilan, id: 5a07cf6781615a317e61252b
Napping for 0.510423 seconds...
	liking... {u'rate_limited_until': 1515488250823, u'likes_remaining': 0, u'match': False}
Aww, it's not a match:(
name: Sophia, id: 529ad6c10549f6cd3f0002b2
Napping for 0.912793 seconds...
	liking... {u'rate_limited_until': 1515488250823, u'likes_remaining': 0, u'match': False}
Aww, it's not a match:(
name: Rebecca, id: 5a3ff022b86023b5127b8316
Napping for 0.530800 seconds...
	liking... {u'rate_limited_until': 1515488250823, u'likes_remaining': 0, u'match': False}
Aww, it's not a match:(
name: Ana, id: 598006ff59fdb76c2d3f2f95
Napping for 1.013375 seconds...
	liking... {u'rate_limited_until': 1515488250823, u'likes_remaining': 0, u'match': False}
Aww, it's not a match:(
name: Yang, id: 586f01e3126c9876321af515
Napping for 0.292455 seconds...
	liking... {u'rate_limited_until': 1515488250823, u'likes_remaining': 0, u'match': False}
Aww, it's not a match:(
name: Sharon, id: 5307a87c8bc2d5391e0016ea
Napping for 1.029798 seconds...
	liking... {u'rate_limited_until': 1515488250823, u'likes_remaining': 0, u'match': False}
Aww, it's not a match:(
name: Bekah, id: 585ccc3fab367d220fcad161
Napping for 0.385019 seconds...
	liking... {u'rate_limited_until': 1515488250823, u'likes_remaining': 0, u'match': False}
Aww, it's not a match:(
name: Mimi, id: 584a3b210ce8fdf36d9a7cfa
Napping for 0.180642 seconds...
	liking... {u'rate_limited_until': 1515488250823, u'likes_remaining': 0, u'match': False}
Aww, it's not a match:(
name: Brianna, id: 5695f169cc7e215b45e7c17d
Napping for 0.723086 seconds...
	liking... {u'rate_limited_until': 1515488250823, u'likes_remaining': 0, u'match': False}
Aww, it's not a match:(
name: Cecilia, id: 52b3a8650dec4f5c590002bb
Napping for 0.683380 seconds...
	liking... {u'rate_limited_until': 1515488250823, u'likes_remaining': 0, u'match': False}
Aww, it's not a match:(
name: Ashley, id: 5a4ea45d0066185a09a445d5
Napping for 0.635603 seconds...
	liking... {u'rate_limited_until': 1515488250823, u'likes_remaining': 0, u'match': False}
Aww, it's not a match:(
name: Nicole, id: 5599ee340d2f091e549bb057
Napping for 1.056921 seconds...
	liking... {u'rate_limited_until': 1515488250823, u'likes_remaining': 0, u'match': False}
Aww, it's not a match:(
name: Priya, id: 52050f5b9a21bebb61000010
Napping for 0.962541 seconds...
	liking... {u'rate_limited_until': 1515488250823, u'likes_remaining': 0, u'match': False}
Aww, it's not a match:(
name: Lauren, id: 59c7370de93823db75b3defd
Napping for 0.434171 seconds...
	liking... {u'rate_limited_until': 1515488250823, u'likes_remaining': 0, u'match': False}
Aww, it's not a match:(
name: Hannah, id: 54c7d9b4170cba1e683f46bc
Napping for 1.172212 seconds...
	liking... {u'rate_limited_until': 1515488250823, u'likes_remaining': 0, u'match': False}
Aww, it's not a match:(
name: Kathryn, id: 58e5cbf6412a60ef6a092b3f
Napping for 0.763118 seconds...
	liking... {u'rate_limited_until': 1515488250823, u'likes_remaining': 0, u'match': False}
Aww, it's not a match:(
name: Radha, id: 55ed0f33c1433dfd2efc2b4b
Napping for 0.351765 seconds...
	liking... {u'rate_limited_until': 1515488250823, u'likes_remaining': 0, u'match': False}
Aww, it's not a match:(
name: Sofia, id: 5a4e5aae3eac0236096ad5ef
Napping for 0.095542 seconds...
	liking... {u'rate_limited_until': 1515488250823, u'likes_remaining': 0, u'match': False}
Aww, it's not a match:(
name: Kira, id: 5a07df3cd18122430441bc7e
Napping for 0.866976 seconds...
	liking... {u'rate_limited_until': 1515488250823, u'likes_remaining': 0, u'match': False}
Aww, it's not a match:(
name: Ashley, id: 57feca5306950d7c639d82bd
Napping for 1.059241 seconds...
	liking... {u'rate_limited_until': 1515488250823, u'likes_remaining': 0, u'match': False}
Aww, it's not a match:(
name: Abby, id: 59c49fa0404c9a00365a0b57
Napping for 0.883485 seconds...
	liking... {u'rate_limited_until': 1515488250823, u'likes_remaining': 0, u'match': False}
Aww, it's not a match:(
name: Aubrey, id: 5a0d2dc8c446193769286dd4
Napping for 0.022039 seconds...
	liking... {u'rate_limited_until': 1515488250823, u'likes_remaining': 0, u'match': False}
Aww, it's not a match:(
name: Selena, id: 5430b402873581dd749dc3b0
Napping for 0.555028 seconds...
	liking... {u'rate_limited_until': 1515488250823, u'likes_remaining': 0, u'match': False}
Aww, it's not a match:(
name: V, id: 5a2f37cb2f46971c105321d0
Napping for 0.805074 seconds...
	liking... {u'rate_limited_until': 1515488250823, u'likes_remaining': 0, u'match': False}
Aww, it's not a match:(
name: Alejandra, id: 54223842899a82a91acd39b0
Napping for 0.989477 seconds...
	liking... {u'rate_limited_until': 1515488250823, u'likes_remaining': 0, u'match': False}
Aww, it's not a match:(
name: Danielle, id: 54c5c1e471f335d471d5e4ca
Napping for 0.895123 seconds...
	liking... {u'rate_limited_until': 1515488250823, u'likes_remaining': 0, u'match': False}
Aww, it's not a match:(
name: Katelyn, id: 57dce6cfebc8a96c39dfab3f
Napping for 0.442632 seconds...
	liking... {u'rate_limited_until': 1515488250823, u'likes_remaining': 0, u'match': False}
Aww, it's not a match:(
name: EmiIy, id: 58c4889ccf3fab1606de854c
Napping for 0.072373 seconds...
	liking... {u'rate_limited_until': 1515488250823, u'likes_remaining': 0, u'match': False}
Aww, it's not a match:(
name: carolyn, id: 5a17aa2539ed1f6169bac76e
Napping for 0.023571 seconds...
	liking... {u'rate_limited_until': 1515488250823, u'likes_remaining': 0, u'match': False}
Aww, it's not a match:(
name: Sarah, id: 57a651113611f6c00d8f146e
Napping for 0.004217 seconds...
	liking... {u'rate_limited_until': 1515488250823, u'likes_remaining': 0, u'match': False}
Aww, it's not a match:(
name: Angela, id: 55e5310dc206f3f6612bb369
Napping for 0.668530 seconds...
	liking... {u'rate_limited_until': 1515488250823, u'likes_remaining': 0, u'match': False}
Aww, it's not a match:(
name: Taylor, id: 59d44b2b97e6a68f5cb77082
Napping for 1.021162 seconds...
	liking... {u'rate_limited_until': 1515488250823, u'likes_remaining': 0, u'match': False}
Aww, it's not a match:(
name: Crystal, id: 5a49c3182788ab671ef8f349
Napping for 0.237380 seconds...
	liking... {u'rate_limited_until': 1515488250823, u'likes_remaining': 0, u'match': False}
Aww, it's not a match:(
name: Grace, id: 59c59c31539465f9755e7cde
Napping for 1.123330 seconds...
	liking... {u'rate_limited_until': 1515488250823, u'likes_remaining': 0, u'match': False}
Aww, it's not a match:(
name: Hanna, id: 5a0939fbba6f4871048aac72
Napping for 0.156693 seconds...
	liking... {u'rate_limited_until': 1515488250823, u'likes_remaining': 0, u'match': False}
Aww, it's not a match:(
name: Laura, id: 55753054ebce89615cf18a20
Napping for 0.867843 seconds...
	liking... {u'rate_limited_until': 1515488250823, u'likes_remaining': 0, u'match': False}
Aww, it's not a match:(
name: Krizta, id: 598537c1b5bf44356708c440
Napping for 0.279486 seconds...
	liking... {u'rate_limited_until': 1515488250823, u'likes_remaining': 0, u'match': False}
Aww, it's not a match:(
name: Camila, id: 5165fdf44dd1296a0b000288
Napping for 0.709443 seconds...
	liking... {u'rate_limited_until': 1515488250823, u'likes_remaining': 0, u'match': False}
Aww, it's not a match:(
name: Michelle, id: 5553d9441ae922f86493d0b6
Napping for 0.678867 seconds...
	liking... {u'rate_limited_until': 1515488250823, u'likes_remaining': 0, u'match': False}
Aww, it's not a match:(
name: Melody, id: 59a3d696646d298907cff3c7
Napping for 0.791223 seconds...
	liking... {u'rate_limited_until': 1515488250823, u'likes_remaining': 0, u'match': False}
Aww, it's not a match:(
name: Ginger, id: 543dfefdd68a95de19cbf3d8
Napping for 1.052142 seconds...
	liking... {u'rate_limited_until': 1515488250823, u'likes_remaining': 0, u'match': False}
Aww, it's not a match:(
name: McKenna, id: 58be623c4c8dd0f25c3e78ac
Napping for 0.694327 seconds...
	liking... {u'rate_limited_until': 1515488250823, u'likes_remaining': 0, u'match': False}
Aww, it's not a match:(
name: Anika, id: 59d1d57d0d47f57a70064eae
Napping for 0.759864 seconds...
	liking... {u'rate_limited_until': 1515488250823, u'likes_remaining': 0, u'match': False}
Aww, it's not a match:(
name: Hannah, id: 5a2a09a30c57c24230791a76
Napping for 0.770797 seconds...
	liking... {u'rate_limited_until': 1515488250823, u'likes_remaining': 0, u'match': False}
Aww, it's not a match:(
name: Leyla, id: 5200add9bd701334460000ee
Napping for 0.672334 seconds...
	liking... {u'rate_limited_until': 1515488250823, u'likes_remaining': 0, u'match': False}
Aww, it's not a match:(
name: Andrea, id: 58309b817c60d7ad10de9473
Napping for 0.987151 seconds...
	liking... {u'rate_limited_until': 1515488250823, u'likes_remaining': 0, u'match': False}
Aww, it's not a match:(
name: throws UnicodeDecodeError so I cannot say, id: 5a4ad576702237291d171497
UnicodeDecodeError: 'ascii' codec can't decode byte 0xe9 in position 0: ordinal not in range(128)
Napping for 0.521189 seconds...
	liking... {u'rate_limited_until': 1515488250823, u'likes_remaining': 0, u'match': False}
Aww, it's not a match:(
name: Cherry, id: 58f2703ffb6535500bcb0274
Napping for 0.668334 seconds...
	liking... {u'rate_limited_until': 1515488250823, u'likes_remaining': 0, u'match': False}
Aww, it's not a match:(
name: Elise, id: 5329e7287d8399d76d0011a7
Napping for 0.911666 seconds...
	liking... {u'rate_limited_until': 1515488250823, u'likes_remaining': 0, u'match': False}
Aww, it's not a match:(
name: Katelyn, id: 561f81ab2b53a0521ddd2226
Napping for 0.401122 seconds...
	liking... {u'rate_limited_until': 1515488250823, u'likes_remaining': 0, u'match': False}
Aww, it's not a match:(
name: Lexi, id: 5a4b04752eced07167484321
Napping for 0.779987 seconds...
	liking... {u'rate_limited_until': 1515488250823, u'likes_remaining': 0, u'match': False}
Aww, it's not a match:(
name: Shivani, id: 5a488eeeb86023b512817c5d
Napping for 0.196848 seconds...
	liking... {u'rate_limited_until': 1515488250823, u'likes_remaining': 0, u'match': False}
Aww, it's not a match:(
name: Candice, id: 5373e9a147b97b84250005e1
Napping for 0.927981 seconds...
	liking... {u'rate_limited_until': 1515488250823, u'likes_remaining': 0, u'match': False}
Aww, it's not a match:(
name: Arrianna, id: 5252392e640a12b866003341
Napping for 1.044730 seconds...
	liking... {u'rate_limited_until': 1515488250823, u'likes_remaining': 0, u'match': False}
Aww, it's not a match:(
name: Meaghan, id: 525624131fd0664223000077
Napping for 0.745681 seconds...
	liking... {u'rate_limited_until': 1515488250823, u'likes_remaining': 0, u'match': False}
Aww, it's not a match:(
name: Devin, id: 53c623f896fa2a3a6cac6fb7
Napping for 0.923869 seconds...
	liking... {u'rate_limited_until': 1515488250823, u'likes_remaining': 0, u'match': False}
Aww, it's not a match:(
name: Elif, id: 59992d460cde093f2e19d2c5
Napping for 0.815966 seconds...
	liking... {u'rate_limited_until': 1515488250823, u'likes_remaining': 0, u'match': False}
Aww, it's not a match:(
name: Loren, id: 59c708938639523c3d286bbf
Napping for 0.443774 seconds...
	liking... {u'rate_limited_until': 1515488250823, u'likes_remaining': 0, u'match': False}
Aww, it's not a match:(
name: Jessica, id: 550e32b817321897174a7345
Napping for 0.188912 seconds...
	liking... {u'rate_limited_until': 1515488250823, u'likes_remaining': 0, u'match': False}
Aww, it's not a match:(
name: Lexy, id: 526ec271fdd994a63f001b0c
Napping for 0.959550 seconds...
	liking... {u'rate_limited_until': 1515488250823, u'likes_remaining': 0, u'match': False}
Aww, it's not a match:(
name: Rachel, id: 57dcbefd299762a570b3ba46
Napping for 0.783428 seconds...
	liking... {u'rate_limited_until': 1515488250823, u'likes_remaining': 0, u'match': False}
Aww, it's not a match:(
name: Li Wen, id: 5a3716d22f46971c10586a94
Napping for 0.807953 seconds...
	liking... {u'rate_limited_until': 1515488250823, u'likes_remaining': 0, u'match': False}
Aww, it's not a match:(
name: Shayna, id: 589fcd1b224269512a821a68
Napping for 0.661467 seconds...
	liking... {u'rate_limited_until': 1515488250823, u'likes_remaining': 0, u'match': False}
Aww, it's not a match:(
name: Ajah, id: 53ee993b8b9e3f6b4065002b
Napping for 1.093125 seconds...
	liking... {u'rate_limited_until': 1515488250823, u'likes_remaining': 0, u'match': False}
Aww, it's not a match:(
name: Anneliese, id: 56173def562b72c95dda7b57
Napping for 0.431660 seconds...
	liking... {u'rate_limited_until': 1515488250823, u'likes_remaining': 0, u'match': False}
Aww, it's not a match:(
name: Brittani, id: 5a4c323698f95f5012634cc1
Napping for 0.096064 seconds...
	liking... {u'rate_limited_until': 1515488250823, u'likes_remaining': 0, u'match': False}
Aww, it's not a match:(
name: Kamarah, id: 57759f3d3c71c86d5b22e227
Napping for 0.338397 seconds...
	liking... {u'rate_limited_until': 1515488250823, u'likes_remaining': 0, u'match': False}
Aww, it's not a match:(
name: Lesly, id: 5a5256d991b2b84f694a5d46
Napping for 0.652174 seconds...
	liking... {u'rate_limited_until': 1515488250823, u'likes_remaining': 0, u'match': False}
Aww, it's not a match:(
name: Zhao, id: 5a4d476ca91d86517ab0e36a
Napping for 1.110167 seconds...
	liking... {u'rate_limited_until': 1515488250823, u'likes_remaining': 0, u'match': False}
Aww, it's not a match:(
name: Taya, id: 5a52aed682f36bb469ef6f01
Napping for 0.992812 seconds...
	liking... {u'rate_limited_until': 1515488250823, u'likes_remaining': 0, u'match': False}
Aww, it's not a match:(
name: Kelly, id: 56b13765ce85e36340c544e6
Napping for 0.539973 seconds...
	liking... {u'rate_limited_until': 1515488250823, u'likes_remaining': 0, u'match': False}
Aww, it's not a match:(
name: Leslie, id: 5a52eca3707af2d86f8ff03d
Napping for 0.847806 seconds...
	liking... {u'rate_limited_until': 1515488250823, u'likes_remaining': 0, u'match': False}
Aww, it's not a match:(
name: Clara, id: 5a2a55df97a181a8330077c0
Napping for 0.754247 seconds...
	liking... {u'rate_limited_until': 1515488250823, u'likes_remaining': 0, u'match': False}
Aww, it's not a match:(
name: Alex, id: 52c10843d04f42de530009d1
Napping for 1.054547 seconds...
	liking... {u'rate_limited_until': 1515488250823, u'likes_remaining': 0, u'match': False}
Aww, it's not a match:(
name: Rebekah, id: 5a47652800a7d7751d9c6277
Napping for 0.396075 seconds...
	liking... {u'rate_limited_until': 1515488250823, u'likes_remaining': 0, u'match': False}
Aww, it's not a match:(
name: Kelsey, id: 5a433819e8dc17aa1e9dc9f4
Napping for 0.641984 seconds...
	liking... {u'rate_limited_until': 1515488250823, u'likes_remaining': 0, u'match': False}
Aww, it's not a match:(
name: Yulie, id: 5a42f9a7aa9e1a4725d256d9
Napping for 0.470819 seconds...
	liking... {u'rate_limited_until': 1515488250823, u'likes_remaining': 0, u'match': False}
Aww, it's not a match:(
name: Macayla, id: 58b81b03b820dd4b45d04060
Napping for 1.169566 seconds...
	liking... {u'rate_limited_until': 1515488250823, u'likes_remaining': 0, u'match': False}
Aww, it's not a match:(
name: Tammy, id: 58cd65806a7f002c2d32a415
Napping for 0.096530 seconds...
	liking... {u'rate_limited_until': 1515488250823, u'likes_remaining': 0, u'match': False}
Aww, it's not a match:(
name: Liz, id: 5a440a8c199b629412dcbbe9
Napping for 0.691019 seconds...
	liking... {u'rate_limited_until': 1515488250823, u'likes_remaining': 0, u'match': False}
Aww, it's not a match:(
name: Oyun, id: 5a52f18e0d4f3e71698dc22d
Napping for 0.384266 seconds...
	liking... {u'rate_limited_until': 1515488250823, u'likes_remaining': 0, u'match': False}
Aww, it's not a match:(
name: Tintu Mon, id: 59b8a872ce28588c1ef725a2
Napping for 0.189510 seconds...
	liking... {u'rate_limited_until': 1515488250823, u'likes_remaining': 0, u'match': False}
Aww, it's not a match:(
name: Elizabeth, id: 5a41826198f95f50125bd75e
Napping for 0.662613 seconds...
	liking... {u'rate_limited_until': 1515488250823, u'likes_remaining': 0, u'match': False}
Aww, it's not a match:(
name: Laila, id: 5a178d556c976bae6fab99e1
Napping for 1.102831 seconds...
	liking... {u'rate_limited_until': 1515488250823, u'likes_remaining': 0, u'match': False}
Aww, it's not a match:(
name: Vanessa, id: 5a5394530d4f3e71698e38ac
Napping for 0.468254 seconds...
	liking... {u'rate_limited_until': 1515488250823, u'likes_remaining': 0, u'match': False}
Aww, it's not a match:(
name: Arlene, id: 5808517a3b91db1b690c95b4
Napping for 1.076512 seconds...
	liking... {u'rate_limited_until': 1515488250823, u'likes_remaining': 0, u'match': False}
Aww, it's not a match:(
name: Jo, id: 562d1a577759e96c5ee12a4b
Napping for 0.649655 seconds...
	liking... {u'rate_limited_until': 1515488250823, u'likes_remaining': 0, u'match': False}
Aww, it's not a match:(
name: Paulina, id: 5a51d1c4e343b0055d3fe3b7
Napping for 1.078380 seconds...
	liking... {u'rate_limited_until': 1515488250823, u'likes_remaining': 0, u'match': False}
Aww, it's not a match:(
name: Claire, id: 5a079a74d181224304417bd8
Napping for 0.604713 seconds...
	liking... {u'rate_limited_until': 1515488250823, u'likes_remaining': 0, u'match': False}
Aww, it's not a match:(
name: Devin, id: 5a3eb06a9e6f7d692580f425
Napping for 0.617101 seconds...
	liking... {u'rate_limited_until': 1515488250823, u'likes_remaining': 0, u'match': False}
Aww, it's not a match:(
name: Milan, id: 57cd052bec24158a2f02ddda
Napping for 0.235335 seconds...
	liking... {u'rate_limited_until': 1515488250823, u'likes_remaining': 0, u'match': False}
Aww, it's not a match:(
name: Anfisa, id: 59dea30469554a00155e42c7
Napping for 0.587471 seconds...
	liking... {u'rate_limited_until': 1515488250823, u'likes_remaining': 0, u'match': False}
Aww, it's not a match:(
name: Marisa, id: 5844f1825860dfd4076977d8
Napping for 0.975881 seconds...
	liking... {u'rate_limited_until': 1515488250823, u'likes_remaining': 0, u'match': False}
Aww, it's not a match:(
name: Paelle, id: 52030162ca6d766c1700014f
Napping for 1.111722 seconds...
	liking... {u'rate_limited_until': 1515488250823, u'likes_remaining': 0, u'match': False}
Aww, it's not a match:(
name: Mercedes, id: 53b21e4d2a390aaa5f5b624b
Napping for 1.095299 seconds...
	liking... {u'rate_limited_until': 1515488250823, u'likes_remaining': 0, u'match': False}
Aww, it's not a match:(
name: Georgina, id: 5a5072218289d2414a016d31
Napping for 1.071980 seconds...
	liking... {u'rate_limited_until': 1515488250823, u'likes_remaining': 0, u'match': False}
Aww, it's not a match:(
name: Helen, id: 5a524cbf91b2b84f694a5417
Napping for 0.447807 seconds...
	liking... {u'rate_limited_until': 1515488250823, u'likes_remaining': 0, u'match': False}
Aww, it's not a match:(
name: Impana, id: 5a5309880d4f3e71698dece7
Napping for 0.475294 seconds...
	liking... {u'rate_limited_until': 1515488250823, u'likes_remaining': 0, u'match': False}
Aww, it's not a match:(
name: Tatjana, id: 5a519c7491b2b84f6949aa72
Napping for 0.761533 seconds...
	liking... {u'rate_limited_until': 1515488250823, u'likes_remaining': 0, u'match': False}
Aww, it's not a match:(
name: Natalie, id: 5711d69f9c4accfe10407914
Napping for 1.108216 seconds...
	liking... {u'rate_limited_until': 1515488250823, u'likes_remaining': 0, u'match': False}
Aww, it's not a match:(
name: Steven, id: 54880823893dec440eca3939
Napping for 0.933263 seconds...
	liking... {u'rate_limited_until': 1515488250823, u'likes_remaining': 0, u'match': False}
Aww, it's not a match:(
name: Katy, id: 542628f3f76fe13131baef45
Napping for 0.841890 seconds...
	liking... {u'rate_limited_until': 1515488250823, u'likes_remaining': 0, u'match': False}
Aww, it's not a match:(
name: Brittani, id: 5a45c7015920884b1d5858b0
Napping for 1.043274 seconds...
	liking... {u'rate_limited_until': 1515488250823, u'likes_remaining': 0, u'match': False}
Aww, it's not a match:(
name: Angelina, id: 5a52373939394c325d60b3e4
Napping for 0.696064 seconds...
	liking... {u'rate_limited_until': 1515488250823, u'likes_remaining': 0, u'match': False}
Aww, it's not a match:(
name: Madi, id: 5a52c5852baf5f326afa396c
Napping for 0.461325 seconds...
	liking... {u'rate_limited_until': 1515488250823, u'likes_remaining': 0, u'match': False}
Aww, it's not a match:(
name: Zara, id: 5a4c84e39e6f7d69258a5594
Napping for 0.963238 seconds...
	liking... {u'rate_limited_until': 1515488250823, u'likes_remaining': 0, u'match': False}
Aww, it's not a match:(
name: Chloe, id: 54835d24edca66460e3b2c73
Napping for 1.194422 seconds...
	liking... {u'rate_limited_until': 1515488250823, u'likes_remaining': 0, u'match': False}
Aww, it's not a match:(
name: Cynthia, id: 530af1cb2a9bb16866000994
Napping for 0.572034 seconds...
	liking... {u'rate_limited_until': 1515488250823, u'likes_remaining': 0, u'match': False}
Aww, it's not a match:(
name: Ali, id: 5a38768d9ab86a0f7f4c3056
Napping for 0.022112 seconds...
	liking... {u'rate_limited_until': 1515488250823, u'likes_remaining': 0, u'match': False}
Aww, it's not a match:(
name: Chantelle, id: 5a529d39cbc712e35cbac584
Napping for 0.604001 seconds...
	liking... {u'rate_limited_until': 1515488250823, u'likes_remaining': 0, u'match': False}
Aww, it's not a match:(
name: Gretchen, id: 59e30b8e1859d3de3452f472
Napping for 0.928374 seconds...
	liking... {u'rate_limited_until': 1515488250823, u'likes_remaining': 0, u'match': False}
Aww, it's not a match:(
