You have been successfully authorized!
running main
likes remaining: 0
name: Jasmeen, id: 5a1b41c1db01d9126da07083
Napping for 0.445592 seconds...
	liking... {u'rate_limited_until': 1514660658422, u'likes_remaining': 0, u'match': False}
Aww, it's not a match:(
name: Eden, id: 51a5a386a7c44261140012b4
Napping for 0.874673 seconds...
	liking... {u'rate_limited_until': 1514660658422, u'likes_remaining': 0, u'match': False}
Aww, it's not a match:(
name: Jenna, id: 56f31a4f11bc102c49ca6ee0
Napping for 0.655225 seconds...
	liking... {u'rate_limited_until': 1514660658422, u'likes_remaining': 0, u'match': False}
Aww, it's not a match:(
name: Morrasa, id: 5a45d92100a7d7751d9b6800
Napping for 1.122345 seconds...
	liking... {u'rate_limited_until': 1514660658422, u'likes_remaining': 0, u'match': False}
Aww, it's not a match:(
name: Angeli, id: 5a45d61236e65f961d53e33a
Napping for 0.769923 seconds...
	liking... {u'rate_limited_until': 1514660658422, u'likes_remaining': 0, u'match': False}
Aww, it's not a match:(
name: Samantha, id: 50ea6249e336333c7f00000c
Napping for 0.116205 seconds...
	liking... {u'rate_limited_until': 1514660658422, u'likes_remaining': 0, u'match': False}
Aww, it's not a match:(
name: Shanleigh, id: 584afec5d185210a0a03cbed
Napping for 0.447838 seconds...
	liking... {u'rate_limited_until': 1514660658422, u'likes_remaining': 0, u'match': False}
Aww, it's not a match:(
name: Gianna, id: 5a078cada643d19805503f74
Napping for 0.231675 seconds...
	liking... {u'rate_limited_until': 1514660658422, u'likes_remaining': 0, u'match': False}
Aww, it's not a match:(
name: Clara, id: 577e08b99612c05c397cc86d
Napping for 0.000361 seconds...
	liking... {u'rate_limited_until': 1514660658422, u'likes_remaining': 0, u'match': False}
Aww, it's not a match:(
name: Daniela, id: 56e814781c988d7519a27e16
Napping for 0.347155 seconds...
	liking... {u'rate_limited_until': 1514660658422, u'likes_remaining': 0, u'match': False}
Aww, it's not a match:(
name: Karen, id: 5a453d3636e65f961d537e68
Napping for 0.627543 seconds...
	liking... {u'rate_limited_until': 1514660658422, u'likes_remaining': 0, u'match': False}
Aww, it's not a match:(
name: Nayana, id: 54a68d6ed81b7ead41c62c2a
Napping for 0.755589 seconds...
	liking... {u'rate_limited_until': 1514660658422, u'likes_remaining': 0, u'match': False}
Aww, it's not a match:(
name: Mikayla, id: 538380fd59dd91c40a30e3e5
Napping for 0.232546 seconds...
	liking... {u'rate_limited_until': 1514660658422, u'likes_remaining': 0, u'match': False}
Aww, it's not a match:(
name: Abigail, id: 56f0b077b1488e1625497eed
Napping for 0.405676 seconds...
	liking... {u'rate_limited_until': 1514660658422, u'likes_remaining': 0, u'match': False}
Aww, it's not a match:(
name: Samantha, id: 5987e6433c99f19c4bceeb52
Napping for 1.199694 seconds...
	liking... {u'rate_limited_until': 1514660658422, u'likes_remaining': 0, u'match': False}
Aww, it's not a match:(
name: Zoe, id: 53a267ff1abd5dfe03b897a2
Napping for 0.541279 seconds...
	liking... {u'rate_limited_until': 1514660658422, u'likes_remaining': 0, u'match': False}
Aww, it's not a match:(
name: Navneet, id: 51eccd1de821afb76700000e
Napping for 0.164830 seconds...
	liking... {u'rate_limited_until': 1514660658422, u'likes_remaining': 0, u'match': False}
Aww, it's not a match:(
name: Annie, id: 57ce1d267da728860a53bf1d
Napping for 0.064060 seconds...
	liking... {u'rate_limited_until': 1514660658422, u'likes_remaining': 0, u'match': False}
Aww, it's not a match:(
name: Saakshi, id: 5482b0548d019b753d7439be
Napping for 0.188841 seconds...
	liking... {u'rate_limited_until': 1514660658422, u'likes_remaining': 0, u'match': False}
Aww, it's not a match:(
name: Gabriela, id: 5780a659b732c8240acce870
Napping for 1.075326 seconds...
	liking... {u'rate_limited_until': 1514660658422, u'likes_remaining': 0, u'match': False}
Aww, it's not a match:(
name: Winnie, id: 5a444b02199b629412dcfb2d
Napping for 1.122881 seconds...
	liking... {u'rate_limited_until': 1514660658422, u'likes_remaining': 0, u'match': False}
Aww, it's not a match:(
name: Stephanie, id: 5428223edc8f37d227cf777e
Napping for 1.015303 seconds...
	liking... {u'rate_limited_until': 1514660658422, u'likes_remaining': 0, u'match': False}
Aww, it's not a match:(
name: Emilie, id: 558a5b6065b9d8d17ea78cc9
Napping for 0.058026 seconds...
	liking... {u'rate_limited_until': 1514660658422, u'likes_remaining': 0, u'match': False}
Aww, it's not a match:(
name: Rosan, id: 5a3771a94ce394d41658ac2a
Napping for 1.054734 seconds...
	liking... {u'rate_limited_until': 1514660658422, u'likes_remaining': 0, u'match': False}
Aww, it's not a match:(
name: Luna, id: 5a3b3eaf394cc0c3587e40e4
Napping for 0.036011 seconds...
	liking... {u'rate_limited_until': 1514660658422, u'likes_remaining': 0, u'match': False}
Aww, it's not a match:(
name: Kichi, id: 59fc01c962dab66a0c557b3b
Napping for 0.692462 seconds...
	liking... {u'rate_limited_until': 1514660658422, u'likes_remaining': 0, u'match': False}
Aww, it's not a match:(
name: Venus, id: 55c1a1c2a422a34223659662
Napping for 0.179141 seconds...
	liking... {u'rate_limited_until': 1514660658422, u'likes_remaining': 0, u'match': False}
Aww, it's not a match:(
name: Dee, id: 5a28ea9a5f59bcc93852e08b
Napping for 0.792932 seconds...
	liking... {u'rate_limited_until': 1514660658422, u'likes_remaining': 0, u'match': False}
Aww, it's not a match:(
name: Emily, id: 5a024a82ba6f48710485ad3d
Napping for 0.639501 seconds...
	liking... {u'rate_limited_until': 1514660658422, u'likes_remaining': 0, u'match': False}
Aww, it's not a match:(
name: Siena, id: 59cb45c2c1d4f6947e0adb68
Napping for 0.278905 seconds...
	liking... {u'rate_limited_until': 1514660658422, u'likes_remaining': 0, u'match': False}
Aww, it's not a match:(
name: Alexandra, id: 5840c9582c9cc35353b7b7da
Napping for 1.123036 seconds...
	liking... {u'rate_limited_until': 1514660658422, u'likes_remaining': 0, u'match': False}
Aww, it's not a match:(
name: Claire, id: 583a84ace3c2c0ee681f7d3f
Napping for 0.573136 seconds...
	liking... {u'rate_limited_until': 1514660658422, u'likes_remaining': 0, u'match': False}
Aww, it's not a match:(
name: Kiana, id: 566b705bb54d7eea107a980e
Napping for 0.641463 seconds...
	liking... {u'rate_limited_until': 1514660658422, u'likes_remaining': 0, u'match': False}
Aww, it's not a match:(
name: Sarah, id: 5a33c09cb76904150dae8767
Napping for 0.592852 seconds...
	liking... {u'rate_limited_until': 1514660658422, u'likes_remaining': 0, u'match': False}
Aww, it's not a match:(
name: Ada, id: 528d7ba21d96e7eb5700016e
Napping for 1.128030 seconds...
	liking... {u'rate_limited_until': 1514660658422, u'likes_remaining': 0, u'match': False}
Aww, it's not a match:(
name: Paola, id: 5a42b1c02788ab671ef41986
Napping for 0.654121 seconds...
	liking... {u'rate_limited_until': 1514660658422, u'likes_remaining': 0, u'match': False}
Aww, it's not a match:(
name: Carolyn, id: 567f1ec4551f622c7e222cb4
Napping for 0.791313 seconds...
	liking... {u'rate_limited_until': 1514660658422, u'likes_remaining': 0, u'match': False}
Aww, it's not a match:(
name: Swethaa, id: 5a419cc95920884b1d554fb9
Napping for 0.205110 seconds...
	liking... {u'rate_limited_until': 1514660658422, u'likes_remaining': 0, u'match': False}
Aww, it's not a match:(
name: Melissa, id: 5a41f4329e6f7d6925832e3d
Napping for 0.835057 seconds...
	liking... {u'rate_limited_until': 1514660658422, u'likes_remaining': 0, u'match': False}
Aww, it's not a match:(
name: Ondrea, id: 5a366bea2f46971c1057cba1
Napping for 0.312225 seconds...
	liking... {u'rate_limited_until': 1514660658422, u'likes_remaining': 0, u'match': False}
Aww, it's not a match:(
name: Stephanie, id: 59d82fb185a955ed4b08e402
Napping for 0.338979 seconds...
	liking... {u'rate_limited_until': 1514660658422, u'likes_remaining': 0, u'match': False}
Aww, it's not a match:(
name: Sunie, id: 5a3f7bd05f165d72123487a0
Napping for 0.768455 seconds...
	liking... {u'rate_limited_until': 1514660658422, u'likes_remaining': 0, u'match': False}
Aww, it's not a match:(
name: Claire, id: 5a19c23eb90c018263ee8436
Napping for 0.452376 seconds...
	liking... {u'rate_limited_until': 1514660658422, u'likes_remaining': 0, u'match': False}
Aww, it's not a match:(
name: Gio, id: 5a3c2e1091a7c8b97614575a
Napping for 0.469494 seconds...
	liking... {u'rate_limited_until': 1514660658422, u'likes_remaining': 0, u'match': False}
Aww, it's not a match:(
name: LaTanya, id: 5a3df9099e6f7d6925809cb0
Napping for 0.509259 seconds...
	liking... {u'rate_limited_until': 1514660658422, u'likes_remaining': 0, u'match': False}
Aww, it's not a match:(
name: Ilana, id: 59bf4b9dd134935f45982881
Napping for 0.320648 seconds...
	liking... {u'rate_limited_until': 1514660658422, u'likes_remaining': 0, u'match': False}
Aww, it's not a match:(
name: Andrea, id: 58309b817c60d7ad10de9473
Napping for 0.470855 seconds...
	liking... {u'rate_limited_until': 1514660658422, u'likes_remaining': 0, u'match': False}
Aww, it's not a match:(
name: Nakita, id: 5a3f52fa00a7d7751d974972
Napping for 0.879270 seconds...
	liking... {u'rate_limited_until': 1514660658422, u'likes_remaining': 0, u'match': False}
Aww, it's not a match:(
name: Ximena, id: 578ffd2538c2ade967c655b4
Napping for 0.244792 seconds...
	liking... {u'rate_limited_until': 1514660658422, u'likes_remaining': 0, u'match': False}
Aww, it's not a match:(
name: Alyssa, id: 597d8a26330f2571291eceb2
Napping for 0.805943 seconds...
	liking... {u'rate_limited_until': 1514660658422, u'likes_remaining': 0, u'match': False}
Aww, it's not a match:(
name: Jessica, id: 5a3aa9fdbdd79bec25c20fdd
Napping for 0.998165 seconds...
	liking... {u'rate_limited_until': 1514660658422, u'likes_remaining': 0, u'match': False}
Aww, it's not a match:(
name: Marisa, id: 5a3f687e36e65f961d4f47e9
Napping for 0.151877 seconds...
	liking... {u'rate_limited_until': 1514660658422, u'likes_remaining': 0, u'match': False}
Aww, it's not a match:(
name: Bhavna, id: 580c274d0ba7b29176954b26
Napping for 0.612758 seconds...
	liking... {u'rate_limited_until': 1514660658422, u'likes_remaining': 0, u'match': False}
Aww, it's not a match:(
name: Kaitlyn, id: 543711a01d63863f266f04d7
Napping for 0.469216 seconds...
	liking... {u'rate_limited_until': 1514660658422, u'likes_remaining': 0, u'match': False}
Aww, it's not a match:(
name: Renee, id: 54092d78973cf7f22eedc013
Napping for 0.234112 seconds...
	liking... {u'rate_limited_until': 1514660658422, u'likes_remaining': 0, u'match': False}
Aww, it's not a match:(
name: Michelle, id: 58a8b0c0e4ac7fbe450193f0
Napping for 0.973798 seconds...
	liking... {u'rate_limited_until': 1514660658422, u'likes_remaining': 0, u'match': False}
Aww, it's not a match:(
name: Miya, id: 56b53647f5f97fa902f93a21
Napping for 1.098022 seconds...
	liking... {u'rate_limited_until': 1514660658422, u'likes_remaining': 0, u'match': False}
Aww, it's not a match:(
name: Becca, id: 59eac1bcac75988b249211cf
Napping for 0.803697 seconds...
	liking... {u'rate_limited_until': 1514660658422, u'likes_remaining': 0, u'match': False}
Aww, it's not a match:(
name: Jess, id: 5a41bac798f95f50125c04ec
Napping for 0.564072 seconds...
	liking... {u'rate_limited_until': 1514660658422, u'likes_remaining': 0, u'match': False}
Aww, it's not a match:(
name: Kaitlin, id: 5a4180a99e6f7d692582cf9f
Napping for 0.720089 seconds...
	liking... {u'rate_limited_until': 1514660658422, u'likes_remaining': 0, u'match': False}
Aww, it's not a match:(
name: Yayla, id: 53d5bd3a6040e9df2c58d767
Napping for 0.225691 seconds...
	liking... {u'rate_limited_until': 1514660658422, u'likes_remaining': 0, u'match': False}
Aww, it's not a match:(
name: Sarah, id: 542baae124df190f59b416bb
Napping for 1.117018 seconds...
	liking... {u'rate_limited_until': 1514660658422, u'likes_remaining': 0, u'match': False}
Aww, it's not a match:(
name: Ketleen, id: 5a132b6ac3a97eb37fc0fd00
Napping for 0.104564 seconds...
	liking... {u'rate_limited_until': 1514660658422, u'likes_remaining': 0, u'match': False}
Aww, it's not a match:(
name: Nancy, id: 519d6b65e0c5262c010000c1
Napping for 0.958406 seconds...
	liking... {u'rate_limited_until': 1514660658422, u'likes_remaining': 0, u'match': False}
Aww, it's not a match:(
name: Annie, id: 59e1c8ed4094b87533e233d7
Napping for 0.642607 seconds...
	liking... {u'rate_limited_until': 1514660658422, u'likes_remaining': 0, u'match': False}
Aww, it's not a match:(
name: Brielle, id: 5a40f2d700a7d7751d9872ae
Napping for 0.807121 seconds...
	liking... {u'rate_limited_until': 1514660658422, u'likes_remaining': 0, u'match': False}
Aww, it's not a match:(
name: Yuri, id: 57e61779ae38235a558430d0
Napping for 0.231327 seconds...
	liking... {u'rate_limited_until': 1514660658422, u'likes_remaining': 0, u'match': False}
Aww, it's not a match:(
name: Biljana, id: 574bb228f53e0e7d0c69837e
Napping for 1.100599 seconds...
	liking... {u'rate_limited_until': 1514660658422, u'likes_remaining': 0, u'match': False}
Aww, it's not a match:(
name: Sareeta, id: 58d3285d5945c5f750cfe341
Napping for 1.129953 seconds...
	liking... {u'rate_limited_until': 1514660658422, u'likes_remaining': 0, u'match': False}
Aww, it's not a match:(
name: Margaret, id: 5193bd6dc82f9a127000006e
Napping for 0.232823 seconds...
	liking... {u'rate_limited_until': 1514660658422, u'likes_remaining': 0, u'match': False}
Aww, it's not a match:(
name: Meaghan, id: 57d3ae78be7b9b057e77adcd
Napping for 0.364139 seconds...
	liking... {u'rate_limited_until': 1514660658422, u'likes_remaining': 0, u'match': False}
Aww, it's not a match:(
name: Taylor, id: 54e90d8dd239417e352fce16
Napping for 0.045567 seconds...
	liking... {u'rate_limited_until': 1514660658422, u'likes_remaining': 0, u'match': False}
Aww, it's not a match:(
name: Ritika, id: 57bd0b4ffd327d420a8c3430
Napping for 0.710698 seconds...
	liking... {u'rate_limited_until': 1514660658422, u'likes_remaining': 0, u'match': False}
Aww, it's not a match:(
name: Shannon, id: 5a40ef9c5920884b1d54daf8
Napping for 0.011926 seconds...
	liking... {u'rate_limited_until': 1514660658422, u'likes_remaining': 0, u'match': False}
Aww, it's not a match:(
name: Neha, id: 59eb7c6aac75988b24927e04
Napping for 0.209651 seconds...
	liking... {u'rate_limited_until': 1514660658422, u'likes_remaining': 0, u'match': False}
Aww, it's not a match:(
name: Olivia, id: 598ab113861544843e01c2fe
Napping for 0.587533 seconds...
	liking... {u'rate_limited_until': 1514660658422, u'likes_remaining': 0, u'match': False}
Aww, it's not a match:(
name: Nikki, id: 5a3d867f9e6f7d6925803845
Napping for 0.255217 seconds...
	liking... {u'rate_limited_until': 1514660658422, u'likes_remaining': 0, u'match': False}
Aww, it's not a match:(
name: Mary, id: 53f40c8d4f374ba76193eb27
Napping for 0.607950 seconds...
	liking... {u'rate_limited_until': 1514660658422, u'likes_remaining': 0, u'match': False}
Aww, it's not a match:(
name: Meera, id: 57e30f58e01ebc823c366540
Napping for 0.746457 seconds...
	liking... {u'rate_limited_until': 1514660658422, u'likes_remaining': 0, u'match': False}
Aww, it's not a match:(
name: Gurpriya, id: 56d292e6afd5cdad1c71fdbb
Napping for 0.693282 seconds...
	liking... {u'rate_limited_until': 1514660658422, u'likes_remaining': 0, u'match': False}
Aww, it's not a match:(
name: Tanya, id: 594724a4d704923b2a087c12
Napping for 0.184143 seconds...
	liking... {u'rate_limited_until': 1514660658422, u'likes_remaining': 0, u'match': False}
Aww, it's not a match:(
name: Jenna, id: 5575165914adabbb31cbc3ef
Napping for 0.537867 seconds...
	liking... {u'rate_limited_until': 1514660658422, u'likes_remaining': 0, u'match': False}
Aww, it's not a match:(
name: Melody, id: 597a4efc7a53baf37bdad7dc
Napping for 1.121312 seconds...
	liking... {u'rate_limited_until': 1514660658422, u'likes_remaining': 0, u'match': False}
Aww, it's not a match:(
name: Kavitha, id: 5a0112788ca924e157393900
Napping for 0.877426 seconds...
	liking... {u'rate_limited_until': 1514660658422, u'likes_remaining': 0, u'match': False}
Aww, it's not a match:(
name: Meira, id: 5409fa7ccacbe73b502edc5c
Napping for 1.129688 seconds...
	liking... {u'rate_limited_until': 1514660658422, u'likes_remaining': 0, u'match': False}
Aww, it's not a match:(
name: Tran K, id: 5a3ee2295920884b1d53f63e
Napping for 0.737686 seconds...
	liking... {u'rate_limited_until': 1514660658422, u'likes_remaining': 0, u'match': False}
Aww, it's not a match:(
name: Stephanie, id: 5993e5b1bfbd2adf7c16dee2
Napping for 0.228232 seconds...
	liking... {u'rate_limited_until': 1514660658422, u'likes_remaining': 0, u'match': False}
Aww, it's not a match:(
name: Mernalyn, id: 5a3dd1d25920884b1d53996e
Napping for 0.307311 seconds...
	liking... {u'rate_limited_until': 1514660658422, u'likes_remaining': 0, u'match': False}
Aww, it's not a match:(
name: Angel, id: 5a3c628bc159b7077a545c2a
Napping for 1.110239 seconds...
	liking... {u'rate_limited_until': 1514660658422, u'likes_remaining': 0, u'match': False}
Aww, it's not a match:(
name: Erin, id: 59efca4672a405807d58da6f
Napping for 0.101579 seconds...
	liking... {u'rate_limited_until': 1514660658422, u'likes_remaining': 0, u'match': False}
Aww, it's not a match:(
name: Jenn, id: 5976e722e376854b7fc832e3
Napping for 0.783573 seconds...
	liking... {u'rate_limited_until': 1514660658422, u'likes_remaining': 0, u'match': False}
Aww, it's not a match:(
name: Kayla, id: 5a0f55e4e975406d01b22d69
Napping for 0.249417 seconds...
	liking... {u'rate_limited_until': 1514660658422, u'likes_remaining': 0, u'match': False}
Aww, it's not a match:(
name: Michelle, id: 5a20d9edef50a8e44c737e32
Napping for 0.063620 seconds...
	liking... {u'rate_limited_until': 1514660658422, u'likes_remaining': 0, u'match': False}
Aww, it's not a match:(
name: Sofia, id: 57b909738af7a2382cb253f2
Napping for 0.590851 seconds...
	liking... {u'rate_limited_until': 1514660658422, u'likes_remaining': 0, u'match': False}
Aww, it's not a match:(
name: Durva, id: 5609cccde0b93a931f41d19c
Napping for 1.100812 seconds...
	liking... {u'rate_limited_until': 1514660658422, u'likes_remaining': 0, u'match': False}
Aww, it's not a match:(
name: Mia, id: 5a3e0af39e6f7d692580a995
Napping for 1.101638 seconds...
	liking... {u'rate_limited_until': 1514660658422, u'likes_remaining': 0, u'match': False}
Aww, it's not a match:(
name: Thao, id: 53ad3ef0b979245a78696857
Napping for 0.197862 seconds...
	liking... {u'rate_limited_until': 1514660658422, u'likes_remaining': 0, u'match': False}
Aww, it's not a match:(
name: Alice, id: 5a430ba2aa9e1a4725d269ab
Napping for 0.001379 seconds...
	liking... {u'rate_limited_until': 1514660658422, u'likes_remaining': 0, u'match': False}
Aww, it's not a match:(
name: Angel, id: 564aa3b7ca0726062140b230
Napping for 1.034294 seconds...
	liking... {u'rate_limited_until': 1514660658422, u'likes_remaining': 0, u'match': False}
Aww, it's not a match:(
name: Arianna, id: 5a3a0d29bdd79bec25c1bf98
Napping for 0.227968 seconds...
	liking... {u'rate_limited_until': 1514660658422, u'likes_remaining': 0, u'match': False}
Aww, it's not a match:(
name: Ema, id: 56b962efea33563d336f27be
Napping for 0.371224 seconds...
	liking... {u'rate_limited_until': 1514660658422, u'likes_remaining': 0, u'match': False}
Aww, it's not a match:(
name: Gigi, id: 535aed96a56f9b4214009a53
Napping for 0.535816 seconds...
	liking... {u'rate_limited_until': 1514660658422, u'likes_remaining': 0, u'match': False}
Aww, it's not a match:(
name: Sarah, id: 53714f1433ec04e3030048a1
Napping for 0.965103 seconds...
	liking... {u'rate_limited_until': 1514660658422, u'likes_remaining': 0, u'match': False}
Aww, it's not a match:(
name: Lex, id: 59eaffa0021ee7b5248ce840
Napping for 1.020871 seconds...
	liking... {u'rate_limited_until': 1514660658422, u'likes_remaining': 0, u'match': False}
Aww, it's not a match:(
name: Andrea, id: 5a455f0cfaabd2bc617d22b7
Napping for 1.176306 seconds...
	liking... {u'rate_limited_until': 1514660658422, u'likes_remaining': 0, u'match': False}
Aww, it's not a match:(
name: Jasmine, id: 5a45bc3798f95f50125f14e6
Napping for 0.845117 seconds...
	liking... {u'rate_limited_until': 1514660658422, u'likes_remaining': 0, u'match': False}
Aww, it's not a match:(
name: Melanie, id: 5a46ba71199b629412deaa45
Napping for 0.514451 seconds...
	liking... {u'rate_limited_until': 1514660658422, u'likes_remaining': 0, u'match': False}
Aww, it's not a match:(
name: Valerie, id: 5a45a519199b629412dddc60
Napping for 0.447928 seconds...
	liking... {u'rate_limited_until': 1514660658422, u'likes_remaining': 0, u'match': False}
Aww, it's not a match:(
name: Kim, id: 592d28f2a30e80b87ce4dd04
Napping for 0.194620 seconds...
	liking... {u'rate_limited_until': 1514660658422, u'likes_remaining': 0, u'match': False}
Aww, it's not a match:(
name: Sophia, id: 58c1b7a635afe6d079fdbb85
Napping for 0.128143 seconds...
	liking... {u'rate_limited_until': 1514660658422, u'likes_remaining': 0, u'match': False}
Aww, it's not a match:(
name: Ashley, id: 59c89a099e960d903d05552f
Napping for 0.811457 seconds...
	liking... {u'rate_limited_until': 1514660658422, u'likes_remaining': 0, u'match': False}
Aww, it's not a match:(
name: Ananta, id: 568508445e916d6824688ac1
Napping for 0.995406 seconds...
	liking... {u'rate_limited_until': 1514660658422, u'likes_remaining': 0, u'match': False}
Aww, it's not a match:(
name: Tiffany, id: 591fbb83d72df30e4904cdb1
Napping for 0.000929 seconds...
	liking... {u'rate_limited_until': 1514660658422, u'likes_remaining': 0, u'match': False}
Aww, it's not a match:(
name: Jackelynne, id: 58a3fc3548c5906c2e412d7f
Napping for 0.302413 seconds...
	liking... {u'rate_limited_until': 1514660658422, u'likes_remaining': 0, u'match': False}
Aww, it's not a match:(
name: Jenny, id: 5a3b026b0f25f3fc31af8da7
Napping for 1.048742 seconds...
	liking... {u'rate_limited_until': 1514660658422, u'likes_remaining': 0, u'match': False}
Aww, it's not a match:(
name: Sharissa, id: 5a45aa0398f95f50125f106d
Napping for 0.823588 seconds...
	liking... {u'rate_limited_until': 1514660658422, u'likes_remaining': 0, u'match': False}
Aww, it's not a match:(
name: Natalie, id: 52b7eab56b0b02d77500009d
Napping for 0.372802 seconds...
	liking... {u'rate_limited_until': 1514660658422, u'likes_remaining': 0, u'match': False}
Aww, it's not a match:(
name: Danielle, id: 597e412fc943343c29f9c62c
Napping for 0.554924 seconds...
	liking... {u'rate_limited_until': 1514660658422, u'likes_remaining': 0, u'match': False}
Aww, it's not a match:(
name: Julie, id: 5a43c232702237291d12e3ef
Napping for 0.072689 seconds...
	liking... {u'rate_limited_until': 1514660658422, u'likes_remaining': 0, u'match': False}
Aww, it's not a match:(
name: Deacy, id: 5a08fc57df6ea5060545b599
Napping for 0.174943 seconds...
	liking... {u'rate_limited_until': 1514660658422, u'likes_remaining': 0, u'match': False}
Aww, it's not a match:(
name: Megha, id: 56bfda773db5cdd36c4166c5
Napping for 1.194478 seconds...
	liking... {u'rate_limited_until': 1514660658422, u'likes_remaining': 0, u'match': False}
Aww, it's not a match:(
name: Jennifer, id: 5a1380c5141c9a6114179de1
Napping for 0.201837 seconds...
	liking... {u'rate_limited_until': 1514660658422, u'likes_remaining': 0, u'match': False}
Aww, it's not a match:(
name: Ana, id: 59f78618f07ecb7e0cea5039
Napping for 1.093925 seconds...
	liking... {u'rate_limited_until': 1514660658422, u'likes_remaining': 0, u'match': False}
Aww, it's not a match:(
name: Erica, id: 563135a82fec9a007fc58df1
Napping for 0.139194 seconds...
	liking... {u'rate_limited_until': 1514660658422, u'likes_remaining': 0, u'match': False}
Aww, it's not a match:(
name: Jasmin, id: 59fd21ce9d231d675435742a
Napping for 0.834167 seconds...
	liking... {u'rate_limited_until': 1514660658422, u'likes_remaining': 0, u'match': False}
Aww, it's not a match:(
name: Priya, id: 598d30c07d9440be58539c65
Napping for 0.042493 seconds...
	liking... {u'rate_limited_until': 1514660658422, u'likes_remaining': 0, u'match': False}
Aww, it's not a match:(
name: Olivia, id: 5a27c26a231b141a04320750
Napping for 0.512572 seconds...
	liking... {u'rate_limited_until': 1514660658422, u'likes_remaining': 0, u'match': False}
Aww, it's not a match:(
name: Elienaie, id: 5a32aa96f75486d90fd6f8de
Napping for 0.306110 seconds...
	liking... {u'rate_limited_until': 1514660658422, u'likes_remaining': 0, u'match': False}
Aww, it's not a match:(
name: Miel, id: 5a47194b98f95f50125fd1a6
Napping for 1.090375 seconds...
	liking... {u'rate_limited_until': 1514660658422, u'likes_remaining': 0, u'match': False}
Aww, it's not a match:(
name: Audrey, id: 59f75a3a454f3b990c20b8d4
Napping for 1.038978 seconds...
	liking... {u'rate_limited_until': 1514660658422, u'likes_remaining': 0, u'match': False}
Aww, it's not a match:(
name: Jen, id: 59d1e11497e6a68f5cb5889b
Napping for 0.813139 seconds...
	liking... {u'rate_limited_until': 1514660658422, u'likes_remaining': 0, u'match': False}
Aww, it's not a match:(
name: Linh, id: 5a4732a156899e2525a3f73c
Napping for 0.846879 seconds...
	liking... {u'rate_limited_until': 1514660658422, u'likes_remaining': 0, u'match': False}
Aww, it's not a match:(
name: Kate, id: 59dd672d2fd8f5eb33b57f5d
Napping for 0.390862 seconds...
	liking... {u'rate_limited_until': 1514660658422, u'likes_remaining': 0, u'match': False}
Aww, it's not a match:(
name: Rita, id: 5a3e8b054584d1451e495cc4
Napping for 0.172794 seconds...
	liking... {u'rate_limited_until': 1514660658422, u'likes_remaining': 0, u'match': False}
Aww, it's not a match:(
name: Katelin, id: 5a467c005920884b1d590ab3
Napping for 1.045644 seconds...
	liking... {u'rate_limited_until': 1514660658422, u'likes_remaining': 0, u'match': False}
Aww, it's not a match:(
name: Maria, id: 59a107f8ab1ae9a01f4d3e05
Napping for 0.348412 seconds...
	liking... {u'rate_limited_until': 1514660658422, u'likes_remaining': 0, u'match': False}
Aww, it's not a match:(
name: Marina, id: 59d1ae5597e6a68f5cb5658b
Napping for 1.102110 seconds...
	liking... {u'rate_limited_until': 1514660658422, u'likes_remaining': 0, u'match': False}
Aww, it's not a match:(
name: Holland, id: 5998a04e79b909092ef2f961
Napping for 0.598950 seconds...
	liking... {u'rate_limited_until': 1514660658422, u'likes_remaining': 0, u'match': False}
Aww, it's not a match:(
name: Shelly Wu, id: 5a373096e4953290059771b1
Napping for 0.141220 seconds...
	liking... {u'rate_limited_until': 1514660658422, u'likes_remaining': 0, u'match': False}
Aww, it's not a match:(
name: Jenna, id: 55f72a7139665c5e4c4fbee0
Napping for 0.725371 seconds...
	liking... {u'rate_limited_until': 1514660658422, u'likes_remaining': 0, u'match': False}
Aww, it's not a match:(
name: Mae, id: 59ed4512007f1531243068a1
Napping for 0.969659 seconds...
	liking... {u'rate_limited_until': 1514660658422, u'likes_remaining': 0, u'match': False}
Aww, it's not a match:(
name: Jennifer, id: 5a4433272788ab671ef558a5
Napping for 0.766589 seconds...
	liking... {u'rate_limited_until': 1514660658422, u'likes_remaining': 0, u'match': False}
Aww, it's not a match:(
name: Gesi, id: 5a45ffe5b86023b5127fcf43
Napping for 0.376552 seconds...
	liking... {u'rate_limited_until': 1514660658422, u'likes_remaining': 0, u'match': False}
Aww, it's not a match:(
name: Amanda, id: 5a4675e400a7d7751d9bee3f
Napping for 0.110648 seconds...
	liking... {u'rate_limited_until': 1514660658422, u'likes_remaining': 0, u'match': False}
Aww, it's not a match:(
name: Kimberly, id: 5a1101a0225f997b7804e0fe
Napping for 0.006064 seconds...
	liking... {u'rate_limited_until': 1514660658422, u'likes_remaining': 0, u'match': False}
Aww, it's not a match:(
name: Yifan, id: 5a45d157199b629412ddecf9
Napping for 0.429280 seconds...
	liking... {u'rate_limited_until': 1514660658422, u'likes_remaining': 0, u'match': False}
Aww, it's not a match:(
name: Dawn, id: 58da28d2dc5613a10bf5f74c
Napping for 0.855400 seconds...
	liking... {u'rate_limited_until': 1514660658422, u'likes_remaining': 0, u'match': False}
Aww, it's not a match:(
name: Meg, id: 5879486b4dea2bf73efce96e
Napping for 0.132417 seconds...
	liking... {u'rate_limited_until': 1514660658422, u'likes_remaining': 0, u'match': False}
Aww, it's not a match:(
name: Elizabeth, id: 5a45f4d4faabd2bc617d7c1c
Napping for 0.386131 seconds...
	liking... {u'rate_limited_until': 1514660658422, u'likes_remaining': 0, u'match': False}
Aww, it's not a match:(
name: Joselyn, id: 5568fcca7cba298e5979ab20
Napping for 0.387663 seconds...
	liking... {u'rate_limited_until': 1514660658422, u'likes_remaining': 0, u'match': False}
Aww, it's not a match:(
name: Mary, id: 58f9cfbdcab19f77600d9ef0
Napping for 0.030585 seconds...
	liking... {u'rate_limited_until': 1514660658422, u'likes_remaining': 0, u'match': False}
Aww, it's not a match:(
name: Risha, id: 5a35cfe08c464cb70ff7a088
Napping for 1.012054 seconds...
	liking... {u'rate_limited_until': 1514660658422, u'likes_remaining': 0, u'match': False}
Aww, it's not a match:(
name: Jessica, id: 55d73f7bf875bec72bc2e8c2
Napping for 0.973534 seconds...
	liking... {u'rate_limited_until': 1514660658422, u'likes_remaining': 0, u'match': False}
Aww, it's not a match:(
name: Mia, id: 5a46d72f199b629412debfd1
Napping for 0.749461 seconds...
	liking... {u'rate_limited_until': 1514660658422, u'likes_remaining': 0, u'match': False}
Aww, it's not a match:(
name: Anissa, id: 580c2022f2768fa97629ad0e
Napping for 0.969009 seconds...
	liking... {u'rate_limited_until': 1514660658422, u'likes_remaining': 0, u'match': False}
Aww, it's not a match:(
name: Remi, id: 5a44ae65199b629412dd46cb
Napping for 0.968250 seconds...
	liking... {u'rate_limited_until': 1514660658422, u'likes_remaining': 0, u'match': False}
Aww, it's not a match:(
name: Dee, id: 5a08b08b9ff213da03ea780f
Napping for 0.037443 seconds...
	liking... {u'rate_limited_until': 1514660658422, u'likes_remaining': 0, u'match': False}
Aww, it's not a match:(
name: Noemi, id: 5a3026672f46971c1053b963
Napping for 0.613342 seconds...
	liking... {u'rate_limited_until': 1514660658422, u'likes_remaining': 0, u'match': False}
Aww, it's not a match:(
name: Andrea, id: 59d0544b9f6316d35cc2d909
Napping for 0.808987 seconds...
	liking... {u'rate_limited_until': 1514660658422, u'likes_remaining': 0, u'match': False}
Aww, it's not a match:(
name: Miriam, id: 59b0d7405919e6ff4feecde7
Napping for 0.823468 seconds...
	liking... {u'rate_limited_until': 1514660658422, u'likes_remaining': 0, u'match': False}
Aww, it's not a match:(
name: Claire, id: 598e8154ab738d6533488692
Napping for 0.534492 seconds...
	liking... {u'rate_limited_until': 1514660658422, u'likes_remaining': 0, u'match': False}
Aww, it's not a match:(
name: Acacia, id: 58db6c30b8aac1000cbd3825
Napping for 0.061030 seconds...
	liking... {u'rate_limited_until': 1514660658422, u'likes_remaining': 0, u'match': False}
Aww, it's not a match:(
name: Shannon, id: 5808520a439664b3506598f8
Napping for 1.139317 seconds...
	liking... {u'rate_limited_until': 1514660658422, u'likes_remaining': 0, u'match': False}
Aww, it's not a match:(
name: Alexa, id: 514e7e2ed3a37f5c210001de
Napping for 0.482882 seconds...
	liking... {u'rate_limited_until': 1514660658422, u'likes_remaining': 0, u'match': False}
Aww, it's not a match:(
name: Dionna, id: 57ac051fc02fb9880a7bba21
Napping for 1.106287 seconds...
	liking... {u'rate_limited_until': 1514660658422, u'likes_remaining': 0, u'match': False}
Aww, it's not a match:(
name: Dolly, id: 5a45a3ea958bba891e4946a5
Napping for 0.249170 seconds...
	liking... {u'rate_limited_until': 1514660658422, u'likes_remaining': 0, u'match': False}
Aww, it's not a match:(
name: Kira, id: 59d30f1f928a7e58701f9d60
Napping for 0.121073 seconds...
	liking... {u'rate_limited_until': 1514660658422, u'likes_remaining': 0, u'match': False}
Aww, it's not a match:(
name: Valerie, id: 54d9726acabd3be4487046c4
Napping for 0.508278 seconds...
	liking... {u'rate_limited_until': 1514660658422, u'likes_remaining': 0, u'match': False}
Aww, it's not a match:(
name: Gurleena, id: 5a46c582199b629412deb2e5
Napping for 1.047952 seconds...
	liking... {u'rate_limited_until': 1514660658422, u'likes_remaining': 0, u'match': False}
Aww, it's not a match:(
name: Aakanksha, id: 547e4db95ad2092f3879a6cc
Napping for 0.413238 seconds...
	liking... {u'rate_limited_until': 1514660658422, u'likes_remaining': 0, u'match': False}
Aww, it's not a match:(
name: Nikita, id: 58ddcfbe0d90031d3d03b8d9
Napping for 0.493769 seconds...
	liking... {u'rate_limited_until': 1514660658422, u'likes_remaining': 0, u'match': False}
Aww, it's not a match:(
name: June, id: 5a45ea99b86023b5127fb1dc
Napping for 0.166261 seconds...
	liking... {u'rate_limited_until': 1514660658422, u'likes_remaining': 0, u'match': False}
Aww, it's not a match:(
name: Jojo, id: 588432858208094e034883d8
Napping for 0.804393 seconds...
	liking... {u'rate_limited_until': 1514660658422, u'likes_remaining': 0, u'match': False}
Aww, it's not a match:(
name: Jocelyn, id: 5a4463e756899e2525a217bd
Napping for 0.041761 seconds...
	liking... {u'rate_limited_until': 1514660658422, u'likes_remaining': 0, u'match': False}
Aww, it's not a match:(
name: Carla, id: 5a2677b67a77a8d703066fd2
Napping for 0.488376 seconds...
	liking... {u'rate_limited_until': 1514660658422, u'likes_remaining': 0, u'match': False}
Aww, it's not a match:(
name: Monique, id: 569df06a21a6ecc860f14eca
Napping for 1.184373 seconds...
	liking... {u'rate_limited_until': 1514660658422, u'likes_remaining': 0, u'match': False}
Aww, it's not a match:(
name: Kimmy, id: 59a79db0ab1ae9a01f525ca9
Napping for 1.012191 seconds...
	liking... {u'rate_limited_until': 1514660658422, u'likes_remaining': 0, u'match': False}
Aww, it's not a match:(
name: Laila, id: 54f2b28d869a31176903f92e
Napping for 0.787884 seconds...
	liking... {u'rate_limited_until': 1514660658422, u'likes_remaining': 0, u'match': False}
Aww, it's not a match:(
name: Jessica, id: 59d5d4f33d7d94801c3bc0e7
Napping for 0.145878 seconds...
	liking... {u'rate_limited_until': 1514660658422, u'likes_remaining': 0, u'match': False}
Aww, it's not a match:(
name: Courtney, id: 5a1c740248b5722c69dc2c0e
Napping for 0.694662 seconds...
	liking... {u'rate_limited_until': 1514660658422, u'likes_remaining': 0, u'match': False}
Aww, it's not a match:(
name: Jess, id: 5397f272426125b115e50a62
Napping for 0.758499 seconds...
	liking... {u'rate_limited_until': 1514660658422, u'likes_remaining': 0, u'match': False}
Aww, it's not a match:(
name: Angela, id: 568472d15bbe84406101f48a
Napping for 0.487743 seconds...
	liking... {u'rate_limited_until': 1514660658422, u'likes_remaining': 0, u'match': False}
Aww, it's not a match:(
name: Jessica, id: 5a395b8639ca29937f491e24
Napping for 0.390823 seconds...
	liking... {u'rate_limited_until': 1514660658422, u'likes_remaining': 0, u'match': False}
Aww, it's not a match:(
name: Komal, id: 59b995185df5efaf0a34baa7
Napping for 1.187200 seconds...
	liking... {u'rate_limited_until': 1514660658422, u'likes_remaining': 0, u'match': False}
Aww, it's not a match:(
name: Selena, id: 5a46b3de00a7d7751d9c19e4
Napping for 0.352985 seconds...
	liking... {u'rate_limited_until': 1514660658422, u'likes_remaining': 0, u'match': False}
Aww, it's not a match:(
