You have been successfully authorized!
running main
likes remaining: 100
name: AshleyMae, id: 55adfa09d51b4cd85f7d5aa5
Napping for 0.633404 seconds...
	liking... {u'likes_remaining': 100, u'match': {u'common_like_count': 0, u'is_super_like': True, u'common_friend_count': 0, u'is_fast_match': False, u'is_boost_match': False, u'messages': [], u'last_activity_date': u'2017-12-23T16:42:53.693Z', u'dead': False, u'message_count': 0, u'participants': [u'5411d98b8ce312114adedd68', u'55adfa09d51b4cd85f7d5aa5'], u'closed': False, u'created_date': u'2017-12-23T16:42:53.693Z', u'following': True, u'super_liker': u'55adfa09d51b4cd85f7d5aa5', u'following_moments': True, u'_id': u'5411d98b8ce312114adedd6855adfa09d51b4cd85f7d5aa5', u'pending': False}}
It's a match!
{u'status': u'404', u'error': u''}
name: Kristen Ella, id: 5536ee32e8d7a5680ab51441
Napping for 0.344064 seconds...
	liking... {u'likes_remaining': 100, u'match': False}
Aww, it's not a match:(
name: Mahlet, id: 5a3be4500c31145e582e0560
Napping for 1.180050 seconds...
	liking... {u'likes_remaining': 100, u'match': False}
Aww, it's not a match:(
name: Asia, id: 58f43b6d5a74cc0e24bd1695
Napping for 0.460690 seconds...
	liking... {u'likes_remaining': 100, u'match': False}
Aww, it's not a match:(
name: Remy, id: 5764a490cf5c6e6117d8a67e
Napping for 0.753036 seconds...
	liking... {u'likes_remaining': 100, u'match': False}
Aww, it's not a match:(
name: Elyssa, id: 5a3e0b36702237291d0f3556
Napping for 0.116829 seconds...
	liking... {u'likes_remaining': 100, u'match': False}
Aww, it's not a match:(
name: Shelby, id: 568cbe7a2fd173de1b78da04
Napping for 0.266386 seconds...
	liking... {u'likes_remaining': 100, u'match': False}
Aww, it's not a match:(
name: Cathy, id: 5a3b57739a742fe25e50fa64
Napping for 0.562648 seconds...
	liking... {u'likes_remaining': 100, u'match': False}
Aww, it's not a match:(
name: Nora, id: 59db299c05265a57265f076e
Napping for 0.706158 seconds...
	liking... {u'likes_remaining': 100, u'match': False}
Aww, it's not a match:(
name: Tanya, id: 5a40a2f636e65f961d4fba14
Napping for 0.178532 seconds...
	liking... {u'likes_remaining': 100, u'match': False}
Aww, it's not a match:(
name: Samantha, id: 5a39cbe4da699dda386668de
Napping for 0.804068 seconds...
	liking... {u'likes_remaining': 100, u'match': False}
Aww, it's not a match:(
name: Saida, id: 56556984583b1349028a5305
Napping for 0.554474 seconds...
	liking... {u'likes_remaining': 100, u'match': False}
Aww, it's not a match:(
name: Maria, id: 5791afc998ed09bf68218335
Napping for 0.724974 seconds...
	liking... {u'likes_remaining': 100, u'match': False}
Aww, it's not a match:(
name: Karin, id: 5a40904156899e25259fcc3d
Napping for 1.018878 seconds...
	liking... {u'likes_remaining': 100, u'match': False}
Aww, it's not a match:(
name: Lynnea, id: 56b82967b47eff500f22e379
Napping for 0.621909 seconds...
	liking... {u'likes_remaining': 100, u'match': False}
Aww, it's not a match:(
name: AshleyMae, id: 55adfa09d51b4cd85f7d5aa5
Napping for 0.158201 seconds...
	liking... {u'likes_remaining': 100, u'match': {u'common_like_count': 0, u'is_super_like': True, u'common_friend_count': 0, u'is_fast_match': False, u'is_boost_match': False, u'messages': [], u'last_activity_date': u'2017-12-23T16:42:53.693Z', u'dead': False, u'message_count': 0, u'participants': [u'5411d98b8ce312114adedd68', u'55adfa09d51b4cd85f7d5aa5'], u'closed': False, u'created_date': u'2017-12-23T16:42:53.693Z', u'following': True, u'super_liker': u'55adfa09d51b4cd85f7d5aa5', u'following_moments': True, u'_id': u'5411d98b8ce312114adedd6855adfa09d51b4cd85f7d5aa5', u'pending': False}}
It's a match!
{u'status': u'404', u'error': u''}
name: Simy, id: 541d61dacc9429db7f0aa514
Napping for 0.548855 seconds...
	liking... {u'likes_remaining': 100, u'match': False}
Aww, it's not a match:(
name: Gloria, id: 5a3f0a78199b629412da27b2
Napping for 0.957915 seconds...
	liking... {u'likes_remaining': 100, u'match': False}
Aww, it's not a match:(
name: Gianna, id: 59b56ed430d8cd8b3ca834e4
Napping for 0.593242 seconds...
	liking... {u'likes_remaining': 100, u'match': False}
Aww, it's not a match:(
name: Jenni, id: 5a0ffa28c3a97eb37fbe5986
Napping for 0.212097 seconds...
	liking... {u'likes_remaining': 100, u'match': False}
Aww, it's not a match:(
name: Kathryn, id: 59f50d0590fe59680c607cbe
Napping for 0.406562 seconds...
	liking... {u'likes_remaining': 100, u'match': False}
Aww, it's not a match:(
name: Meagan, id: 5a0a75cacb0230fd715d2232
Napping for 0.180797 seconds...
	liking... {u'likes_remaining': 100, u'match': False}
Aww, it's not a match:(
name: Alex, id: 5a386c509ab86a0f7f4c21d6
Napping for 0.137149 seconds...
	liking... {u'likes_remaining': 100, u'match': False}
Aww, it's not a match:(
name: Sarah, id: 5a3f126cb86023b5127b27d1
Napping for 0.667208 seconds...
	liking... {u'likes_remaining': 100, u'match': False}
Aww, it's not a match:(
name: Kortney Tolentino, id: 5a4091ed5f165d7212353580
Napping for 0.796859 seconds...
	liking... {u'likes_remaining': 100, u'match': False}
Aww, it's not a match:(
name: AshleyMae, id: 55adfa09d51b4cd85f7d5aa5
Napping for 0.754463 seconds...
	liking... {u'likes_remaining': 100, u'match': {u'common_like_count': 0, u'is_super_like': True, u'common_friend_count': 0, u'is_fast_match': False, u'is_boost_match': False, u'messages': [], u'last_activity_date': u'2017-12-23T16:42:53.693Z', u'dead': False, u'message_count': 0, u'participants': [u'5411d98b8ce312114adedd68', u'55adfa09d51b4cd85f7d5aa5'], u'closed': False, u'created_date': u'2017-12-23T16:42:53.693Z', u'following': True, u'super_liker': u'55adfa09d51b4cd85f7d5aa5', u'following_moments': True, u'_id': u'5411d98b8ce312114adedd6855adfa09d51b4cd85f7d5aa5', u'pending': False}}
It's a match!
{u'status': u'404', u'error': u''}
name: Sinead, id: 567b847a9b4ca7af64175348
Napping for 1.069806 seconds...
	liking... {u'likes_remaining': 100, u'match': False}
Aww, it's not a match:(
name: Cassie, id: 59a0e09c646d298907cd81dc
Napping for 0.187277 seconds...
	liking... {u'likes_remaining': 100, u'match': False}
Aww, it's not a match:(
name: Janine, id: 5a34e0992f46971c1056dae5
Napping for 1.144916 seconds...
	liking... {u'likes_remaining': 100, u'match': False}
Aww, it's not a match:(
name: Karissa, id: 5a2cc2accb3615370d0c9744
Napping for 0.865749 seconds...
	liking... {u'likes_remaining': 100, u'match': False}
Aww, it's not a match:(
name: Yena, id: 58e59f264d647a60670336f0
Napping for 0.609619 seconds...
	liking... {u'likes_remaining': 100, u'match': False}
Aww, it's not a match:(
name: Martha, id: 5a377615acf7656e0585654b
Napping for 0.002788 seconds...
	liking... {u'likes_remaining': 100, u'match': False}
Aww, it's not a match:(
name: Anna, id: 55cee46ac5c79f5e529d2934
Napping for 0.165950 seconds...
	liking... {u'likes_remaining': 100, u'match': False}
Aww, it's not a match:(
name: Vivian, id: 5445f197f822ce046b4622fd
Napping for 0.531398 seconds...
	liking... {u'likes_remaining': 100, u'match': False}
Aww, it's not a match:(
name: Anh, id: 5a123a04c3a97eb37fc04b77
Napping for 0.409733 seconds...
	liking... {u'likes_remaining': 100, u'match': False}
Aww, it's not a match:(
name: Mariam, id: 590fe7202fb509a73bee473f
Napping for 0.557100 seconds...
	liking... {u'likes_remaining': 100, u'match': False}
Aww, it's not a match:(
name: Miriam, id: 598cbead95c0b09d58804459
Napping for 0.552667 seconds...
	liking... {u'likes_remaining': 100, u'match': False}
Aww, it's not a match:(
name: Angel, id: 5660f3edb3083473469bacd1
Napping for 0.756676 seconds...
	liking... {u'likes_remaining': 100, u'match': False}
Aww, it's not a match:(
name: Mira, id: 5351d783e1ac73657400079d
Napping for 1.024532 seconds...
	liking... {u'likes_remaining': 100, u'match': False}
Aww, it's not a match:(
name: Katelyn, id: 53771ef1ed157c2235daca00
Napping for 0.960401 seconds...
	liking... {u'likes_remaining': 100, u'match': False}
Aww, it's not a match:(
name: Angela, id: 5a3ff53aaa9e1a4725d0d0e5
Napping for 0.447586 seconds...
	liking... {u'likes_remaining': 100, u'match': False}
Aww, it's not a match:(
name: AshleyMae, id: 55adfa09d51b4cd85f7d5aa5
Napping for 0.770610 seconds...
	liking... {u'likes_remaining': 100, u'match': {u'common_like_count': 0, u'is_super_like': True, u'common_friend_count': 0, u'is_fast_match': False, u'is_boost_match': False, u'messages': [], u'last_activity_date': u'2017-12-23T16:42:53.693Z', u'dead': False, u'message_count': 0, u'participants': [u'5411d98b8ce312114adedd68', u'55adfa09d51b4cd85f7d5aa5'], u'closed': False, u'created_date': u'2017-12-23T16:42:53.693Z', u'following': True, u'super_liker': u'55adfa09d51b4cd85f7d5aa5', u'following_moments': True, u'_id': u'5411d98b8ce312114adedd6855adfa09d51b4cd85f7d5aa5', u'pending': False}}
It's a match!
{u'status': u'404', u'error': u''}
name: Murphy, id: 55fc81b77f309add62ce2bfc
Napping for 0.033632 seconds...
	liking... {u'likes_remaining': 100, u'match': False}
Aww, it's not a match:(
name: Alina, id: 5a3c44ddbb8459f977aed56b
Napping for 0.745404 seconds...
	liking... {u'likes_remaining': 100, u'match': False}
Aww, it's not a match:(
name: Lica, id: 59d1a4540d47f57a70062d3b
Napping for 1.195524 seconds...
	liking... {u'likes_remaining': 100, u'match': False}
Aww, it's not a match:(
name: Vannity, id: 521aa05606df643229000005
Napping for 0.396559 seconds...
	liking... {u'likes_remaining': 100, u'match': False}
Aww, it's not a match:(
name: Christina, id: 57d74123b3e81dcb524d6b37
Napping for 0.488772 seconds...
	liking... {u'likes_remaining': 100, u'match': False}
Aww, it's not a match:(
name: Iris, id: 57cb88456274e6e120c4dce0
Napping for 0.391499 seconds...
	liking... {u'likes_remaining': 100, u'match': False}
Aww, it's not a match:(
name: Uyen, id: 5a3f33bd00a7d7751d971fd7
Napping for 1.066053 seconds...
	liking... {u'likes_remaining': 100, u'match': False}
Aww, it's not a match:(
name: Kayla, id: 59e013539219a92a1589624e
Napping for 0.843514 seconds...
	liking... {u'likes_remaining': 100, u'match': False}
Aww, it's not a match:(
name: AshleyMae, id: 55adfa09d51b4cd85f7d5aa5
Napping for 0.465374 seconds...
	liking... {u'likes_remaining': 100, u'match': {u'common_like_count': 0, u'is_super_like': True, u'common_friend_count': 0, u'is_fast_match': False, u'is_boost_match': False, u'messages': [], u'last_activity_date': u'2017-12-23T16:42:53.693Z', u'dead': False, u'message_count': 0, u'participants': [u'5411d98b8ce312114adedd68', u'55adfa09d51b4cd85f7d5aa5'], u'closed': False, u'created_date': u'2017-12-23T16:42:53.693Z', u'following': True, u'super_liker': u'55adfa09d51b4cd85f7d5aa5', u'following_moments': True, u'_id': u'5411d98b8ce312114adedd6855adfa09d51b4cd85f7d5aa5', u'pending': False}}
It's a match!
{u'status': u'404', u'error': u''}
name: Pariss, id: 5a40886f00a7d7751d984e50
Napping for 1.149782 seconds...
	liking... {u'likes_remaining': 100, u'match': False}
Aww, it's not a match:(
name: Sammie, id: 529d04f1e8b498a21a0000ee
Napping for 0.640802 seconds...
	liking... {u'likes_remaining': 100, u'match': False}
Aww, it's not a match:(
name: Sarah, id: 5896cfc108ba58e05c2c43c7
Napping for 0.705339 seconds...
	liking... {u'rate_limited_until': 1514276185150, u'likes_remaining': 0, u'match': False}
Aww, it's not a match:(
name: Helen, id: 5361fdd50a7b16b90300ee0f
Napping for 0.776680 seconds...
	liking... {u'rate_limited_until': 1514276185150, u'likes_remaining': 0, u'match': False}
Aww, it's not a match:(
name: Alexis, id: 5a3b1e41d23d2a114cf3beeb
Napping for 0.075659 seconds...
	liking... {u'rate_limited_until': 1514276185150, u'likes_remaining': 0, u'match': False}
Aww, it's not a match:(
name: Praji, id: 53047620f5eff0be71000de0
Napping for 0.928274 seconds...
	liking... {u'rate_limited_until': 1514276185150, u'likes_remaining': 0, u'match': False}
Aww, it's not a match:(
name: Margaret, id: 5a2d1e5eb76904150da994f0
Napping for 1.134464 seconds...
	liking... {u'rate_limited_until': 1514276185150, u'likes_remaining': 0, u'match': False}
Aww, it's not a match:(
name: Jessiee, id: 598fbc446dbe492133ccc0a5
Napping for 0.877841 seconds...
	liking... {u'rate_limited_until': 1514276185150, u'likes_remaining': 0, u'match': False}
Aww, it's not a match:(
name: Purna, id: 5a3b2d2170ded1c15e105ad5
Napping for 0.092526 seconds...
	liking... {u'rate_limited_until': 1514276185150, u'likes_remaining': 0, u'match': False}
Aww, it's not a match:(
name: Lila, id: 57df9acb4dd5f54d440b7ae5
Napping for 0.288167 seconds...
	liking... {u'rate_limited_until': 1514276185150, u'likes_remaining': 0, u'match': False}
Aww, it's not a match:(
name: Connie, id: 52f6fff0af64e3fb76000de8
Napping for 0.474573 seconds...
	liking... {u'rate_limited_until': 1514276185150, u'likes_remaining': 0, u'match': False}
Aww, it's not a match:(
name: Lauren, id: 590bca056d8763250df4935e
Napping for 0.419505 seconds...
	liking... {u'rate_limited_until': 1514276185150, u'likes_remaining': 0, u'match': False}
Aww, it's not a match:(
name: AshleyMae, id: 55adfa09d51b4cd85f7d5aa5
Napping for 0.894792 seconds...
	liking... {u'rate_limited_until': 1514276185150, u'likes_remaining': 0, u'match': False}
Aww, it's not a match:(
name: emily, id: 59fcefec7a5705c8522bd7a6
Napping for 0.423481 seconds...
	liking... {u'rate_limited_until': 1514276185150, u'likes_remaining': 0, u'match': False}
Aww, it's not a match:(
name: Christine, id: 599fb1b0646d298907ccbf3d
Napping for 0.221453 seconds...
	liking... {u'rate_limited_until': 1514276185150, u'likes_remaining': 0, u'match': False}
Aww, it's not a match:(
name: Clarice, id: 5885ad90507b646c710e1b78
Napping for 0.850421 seconds...
	liking... {u'rate_limited_until': 1514276185150, u'likes_remaining': 0, u'match': False}
Aww, it's not a match:(
name: AshleyMae, id: 55adfa09d51b4cd85f7d5aa5
Napping for 0.139255 seconds...
	liking... {u'rate_limited_until': 1514276185150, u'likes_remaining': 0, u'match': False}
Aww, it's not a match:(
name: Claire, id: 51820e61f6a279745e000055
Napping for 0.925061 seconds...
	liking... {u'rate_limited_until': 1514276185150, u'likes_remaining': 0, u'match': False}
Aww, it's not a match:(
name: Samira, id: 5a374cd7acf7656e05854907
Napping for 0.642683 seconds...
	liking... {u'rate_limited_until': 1514276185150, u'likes_remaining': 0, u'match': False}
Aww, it's not a match:(
name: Christina, id: 56120bb7949f3ab1532c19cc
Napping for 0.963467 seconds...
	liking... {u'rate_limited_until': 1514276185150, u'likes_remaining': 0, u'match': False}
Aww, it's not a match:(
name: Poonam, id: 5750d0f18dda6f740e9218ef
Napping for 0.266793 seconds...
	liking... {u'rate_limited_until': 1514276185150, u'likes_remaining': 0, u'match': False}
Aww, it's not a match:(
name: Mia, id: 51a3feee3ec21658290029c5
Napping for 1.098745 seconds...
	liking... {u'rate_limited_until': 1514276185150, u'likes_remaining': 0, u'match': False}
Aww, it's not a match:(
name: Tessa Mei-lin, id: 59a654efa57fdfb60700b654
Napping for 1.189015 seconds...
	liking... {u'rate_limited_until': 1514276185150, u'likes_remaining': 0, u'match': False}
Aww, it's not a match:(
name: Marissa, id: 58fc070e78acdde842545800
Napping for 0.568494 seconds...
	liking... {u'rate_limited_until': 1514276185150, u'likes_remaining': 0, u'match': False}
Aww, it's not a match:(
name: Anika, id: 56ff7b99b7455039095c2180
Napping for 0.631094 seconds...
	liking... {u'rate_limited_until': 1514276185150, u'likes_remaining': 0, u'match': False}
Aww, it's not a match:(
name: Kelsey, id: 52bd282f8b57da2662003c97
Napping for 0.997886 seconds...
	liking... {u'rate_limited_until': 1514276185150, u'likes_remaining': 0, u'match': False}
Aww, it's not a match:(
name: Alexis, id: 580266163ca787326a35ba8a
Napping for 0.052124 seconds...
	liking... {u'rate_limited_until': 1514276185150, u'likes_remaining': 0, u'match': False}
Aww, it's not a match:(
name: Kt, id: 5a3b5d4ae8ed357d5efacb46
Napping for 0.950823 seconds...
	liking... {u'rate_limited_until': 1514276185150, u'likes_remaining': 0, u'match': False}
Aww, it's not a match:(
name: Erica, id: 54f6a3bbb50238d47905b27b
Napping for 1.173204 seconds...
	liking... {u'rate_limited_until': 1514276185150, u'likes_remaining': 0, u'match': False}
Aww, it's not a match:(
name: Julie, id: 52a01161078e90aa7a0002cc
Napping for 0.731118 seconds...
	liking... {u'rate_limited_until': 1514276185150, u'likes_remaining': 0, u'match': False}
Aww, it's not a match:(
name: Sophie, id: 54dd96abe3bd68c33fd1e460
Napping for 0.156739 seconds...
	liking... {u'rate_limited_until': 1514276185150, u'likes_remaining': 0, u'match': False}
Aww, it's not a match:(
name: Elana, id: 5944c3958f910fe6536c0a83
Napping for 0.357171 seconds...
	liking... {u'rate_limited_until': 1514276185150, u'likes_remaining': 0, u'match': False}
Aww, it's not a match:(
name: Madeleine, id: 5916d1ec7470355d1ca180f4
Napping for 1.023788 seconds...
	liking... {u'rate_limited_until': 1514276185150, u'likes_remaining': 0, u'match': False}
Aww, it's not a match:(
name: Tatiana, id: 5699586769ea4e3e59e14eec
Napping for 0.616572 seconds...
	liking... {u'rate_limited_until': 1514276185150, u'likes_remaining': 0, u'match': False}
Aww, it's not a match:(
name: Kristen, id: 5398e2388fdf0663415b20d9
Napping for 0.383669 seconds...
	liking... {u'rate_limited_until': 1514276185150, u'likes_remaining': 0, u'match': False}
Aww, it's not a match:(
name: AshleyMae, id: 55adfa09d51b4cd85f7d5aa5
Napping for 0.471856 seconds...
	liking... {u'rate_limited_until': 1514276185150, u'likes_remaining': 0, u'match': False}
Aww, it's not a match:(
name: Jessa, id: 5a3f199b00a7d7751d96faa6
Napping for 0.431579 seconds...
	liking... {u'rate_limited_until': 1514276185150, u'likes_remaining': 0, u'match': False}
Aww, it's not a match:(
name: Michelle, id: 5a278cfa1ee8aaf3071f4c90
Napping for 0.723083 seconds...
	liking... {u'rate_limited_until': 1514276185150, u'likes_remaining': 0, u'match': False}
Aww, it's not a match:(
name: Jhana, id: 593de83ac578063044d122f6
Napping for 1.177814 seconds...
	liking... {u'rate_limited_until': 1514276185150, u'likes_remaining': 0, u'match': False}
Aww, it's not a match:(
name: AshleyMae, id: 55adfa09d51b4cd85f7d5aa5
Napping for 1.091434 seconds...
	liking... {u'rate_limited_until': 1514276185150, u'likes_remaining': 0, u'match': False}
Aww, it's not a match:(
name: Whitney, id: 548d263f2cc404d24731b3a4
Napping for 0.237829 seconds...
	liking... {u'rate_limited_until': 1514276185150, u'likes_remaining': 0, u'match': False}
Aww, it's not a match:(
