You have been successfully authorized!
running main
likes remaining: 0
name: Emily, id: 5864ab633bb62d960a8d6700
Napping for 0.639398 seconds...
	liking... {u'rate_limited_until': 1514094286796, u'likes_remaining': 0, u'match': False}
Aww, it's not a match:(
name: Nadine, id: 511078bd5397bdb12a0002d4
Napping for 0.628029 seconds...
	liking... {u'rate_limited_until': 1514094286796, u'likes_remaining': 0, u'match': False}
Aww, it's not a match:(
name: Taylor, id: 54e90d8dd239417e352fce16
Napping for 1.014602 seconds...
	liking... {u'rate_limited_until': 1514094286796, u'likes_remaining': 0, u'match': False}
Aww, it's not a match:(
name: Nancy, id: 519d6b65e0c5262c010000c1
Napping for 1.078345 seconds...
	liking... {u'rate_limited_until': 1514094286796, u'likes_remaining': 0, u'match': False}
Aww, it's not a match:(
name: Sierra, id: 550f4f0564a85aaf1c243726
Napping for 0.152042 seconds...
	liking... {u'rate_limited_until': 1514094286796, u'likes_remaining': 0, u'match': False}
Aww, it's not a match:(
name: AshleyMae, id: 55adfa09d51b4cd85f7d5aa5
Napping for 0.819136 seconds...
	liking... {u'rate_limited_until': 1514094286796, u'likes_remaining': 0, u'match': False}
Aww, it's not a match:(
name: Arlen, id: 581ac9c94af876f77534fb0c
Napping for 1.190128 seconds...
	liking... {u'rate_limited_until': 1514094286796, u'likes_remaining': 0, u'match': False}
Aww, it's not a match:(
name: Narita, id: 597d6521c943343c29f91753
Napping for 0.314486 seconds...
	liking... {u'rate_limited_until': 1514094286796, u'likes_remaining': 0, u'match': False}
Aww, it's not a match:(
name: Nicki, id: 55b9eeba1ced17d43f48294a
Napping for 0.333011 seconds...
	liking... {u'rate_limited_until': 1514094286796, u'likes_remaining': 0, u'match': False}
Aww, it's not a match:(
name: Brandee, id: 5a383fe5ca247b9413c8bf00
Napping for 1.153519 seconds...
	liking... {u'rate_limited_until': 1514094286796, u'likes_remaining': 0, u'match': False}
Aww, it's not a match:(
name: Anisha, id: 5a3b7fab394cc0c3587e8881
Napping for 0.517841 seconds...
	liking... {u'rate_limited_until': 1514094286796, u'likes_remaining': 0, u'match': False}
Aww, it's not a match:(
name: Ilana, id: 59bf4b9dd134935f45982881
Napping for 1.136360 seconds...
	liking... {u'rate_limited_until': 1514094286796, u'likes_remaining': 0, u'match': False}
Aww, it's not a match:(
name: Julia, id: 5699453feab29b2359213bcd
Napping for 0.678413 seconds...
	liking... {u'rate_limited_until': 1514094286796, u'likes_remaining': 0, u'match': False}
Aww, it's not a match:(
name: Monica, id: 5a3a0f69afa44416269c5cad
Napping for 0.931975 seconds...
	liking... {u'rate_limited_until': 1514094286796, u'likes_remaining': 0, u'match': False}
Aww, it's not a match:(
name: Simran, id: 578db69ee4325f070a9a2ff5
Napping for 0.583138 seconds...
	liking... {u'rate_limited_until': 1514094286796, u'likes_remaining': 0, u'match': False}
Aww, it's not a match:(
name: Bethani, id: 5951bb9b93b94cc256955e5c
Napping for 0.640269 seconds...
	liking... {u'rate_limited_until': 1514094286796, u'likes_remaining': 0, u'match': False}
Aww, it's not a match:(
name: Emma, id: 57463730394ee2240db26b7f
Napping for 0.562938 seconds...
	liking... {u'rate_limited_until': 1514094286796, u'likes_remaining': 0, u'match': False}
Aww, it's not a match:(
name: AshleyMae, id: 55adfa09d51b4cd85f7d5aa5
Napping for 1.078097 seconds...
	liking... {u'rate_limited_until': 1514094286796, u'likes_remaining': 0, u'match': False}
Aww, it's not a match:(
name: Sarina, id: 59c2625da360601c45c88e5a
Napping for 1.084459 seconds...
	liking... {u'rate_limited_until': 1514094286796, u'likes_remaining': 0, u'match': False}
Aww, it's not a match:(
name: Kaitlyn, id: 543711a01d63863f266f04d7
Napping for 0.651271 seconds...
	liking... {u'rate_limited_until': 1514094286796, u'likes_remaining': 0, u'match': False}
Aww, it's not a match:(
name: Carissa, id: 5a38af6217519cd50b61994f
Napping for 0.997211 seconds...
	liking... {u'rate_limited_until': 1514094286796, u'likes_remaining': 0, u'match': False}
Aww, it's not a match:(
name: AshleyMae, id: 55adfa09d51b4cd85f7d5aa5
Napping for 0.124418 seconds...
	liking... {u'rate_limited_until': 1514094286796, u'likes_remaining': 0, u'match': False}
Aww, it's not a match:(
name: Peppy, id: 5962a71f8439c3e372943aa8
Napping for 0.857470 seconds...
	liking... {u'rate_limited_until': 1514094286796, u'likes_remaining': 0, u'match': False}
Aww, it's not a match:(
name: Miya, id: 56b53647f5f97fa902f93a21
Napping for 0.189456 seconds...
	liking... {u'rate_limited_until': 1514094286796, u'likes_remaining': 0, u'match': False}
Aww, it's not a match:(
name: Jackie, id: 541fda53f000c6857f4a7ad8
Napping for 0.489336 seconds...
	liking... {u'rate_limited_until': 1514094286796, u'likes_remaining': 0, u'match': False}
Aww, it's not a match:(
name: Annie, id: 59e1c8ed4094b87533e233d7
Napping for 0.979142 seconds...
	liking... {u'rate_limited_until': 1514094286796, u'likes_remaining': 0, u'match': False}
Aww, it's not a match:(
name: Anna, id: 5a374a1fc42152b3167f8108
Napping for 1.072369 seconds...
	liking... {u'rate_limited_until': 1514094286796, u'likes_remaining': 0, u'match': False}
Aww, it's not a match:(
name: Ashlyn, id: 56d674c0a6e493271cf925ce
Napping for 0.627281 seconds...
	liking... {u'rate_limited_until': 1514094286796, u'likes_remaining': 0, u'match': False}
Aww, it's not a match:(
name: Katie, id: 53fa2d937e4e020f59c469ac
Napping for 1.115598 seconds...
	liking... {u'rate_limited_until': 1514094286796, u'likes_remaining': 0, u'match': False}
Aww, it's not a match:(
name: Catie, id: 5a3dd3dae8dc17aa1e9b2cfa
Napping for 0.331118 seconds...
	liking... {u'rate_limited_until': 1514094286796, u'likes_remaining': 0, u'match': False}
Aww, it's not a match:(
name: Mollie, id: 5876953f541e88770ab7adef
Napping for 0.640214 seconds...
	liking... {u'rate_limited_until': 1514094286796, u'likes_remaining': 0, u'match': False}
Aww, it's not a match:(
name: Carola, id: 5983824ae6eae08847d7ad13
Napping for 1.034477 seconds...
	liking... {u'rate_limited_until': 1514094286796, u'likes_remaining': 0, u'match': False}
Aww, it's not a match:(
name: Anisha Aggarwal, id: 59d467ec19606eb15cdd276c
Napping for 0.339952 seconds...
	liking... {u'rate_limited_until': 1514094286796, u'likes_remaining': 0, u'match': False}
Aww, it's not a match:(
name: Olivia, id: 5a3897fbca247b9413c93a2d
Napping for 0.474657 seconds...
	liking... {u'rate_limited_until': 1514094286796, u'likes_remaining': 0, u'match': False}
Aww, it's not a match:(
name: Andrea, id: 524f884c4b8228bc34001335
Napping for 0.581314 seconds...
	liking... {u'rate_limited_until': 1514094286796, u'likes_remaining': 0, u'match': False}
Aww, it's not a match:(
name: Nisha, id: 53094fb854d71de129000572
Napping for 1.054260 seconds...
	liking... {u'rate_limited_until': 1514094286796, u'likes_remaining': 0, u'match': False}
Aww, it's not a match:(
name: Thu, id: 5a3e2a08199b629412d9645e
Napping for 0.552259 seconds...
	liking... {u'rate_limited_until': 1514094286796, u'likes_remaining': 0, u'match': False}
Aww, it's not a match:(
name: Kayla, id: 5a30843bf1d30c4c0554d70a
Napping for 0.015767 seconds...
	liking... {u'rate_limited_until': 1514094286796, u'likes_remaining': 0, u'match': False}
Aww, it's not a match:(
name: Nikki, id: 5a3d867f9e6f7d6925803845
Napping for 0.610939 seconds...
	liking... {u'rate_limited_until': 1514094286796, u'likes_remaining': 0, u'match': False}
Aww, it's not a match:(
name: Brenda, id: 5a3a2e6febe5877d32330c96
Napping for 1.194089 seconds...
	liking... {u'rate_limited_until': 1514094286796, u'likes_remaining': 0, u'match': False}
Aww, it's not a match:(
name: AshleyMae, id: 55adfa09d51b4cd85f7d5aa5
Napping for 0.431301 seconds...
	liking... {u'rate_limited_until': 1514094286796, u'likes_remaining': 0, u'match': False}
Aww, it's not a match:(
name: Svetlana, id: 59f8124e62dab66a0c53de5c
Napping for 0.461091 seconds...
	liking... {u'rate_limited_until': 1514094286796, u'likes_remaining': 0, u'match': False}
Aww, it's not a match:(
name: Lena, id: 5a3cb94fd3fd88c379157d0c
Napping for 0.403780 seconds...
	liking... {u'rate_limited_until': 1514094286796, u'likes_remaining': 0, u'match': False}
Aww, it's not a match:(
name: Sarika, id: 54cb381dac433a0253099e5c
Napping for 0.000351 seconds...
	liking... {u'rate_limited_until': 1514094286796, u'likes_remaining': 0, u'match': False}
Aww, it's not a match:(
name: Bar, id: 5a3dbd0b5920884b1d53922e
Napping for 0.792136 seconds...
	liking... {u'rate_limited_until': 1514094286796, u'likes_remaining': 0, u'match': False}
Aww, it's not a match:(
name: AshleyMae, id: 55adfa09d51b4cd85f7d5aa5
Napping for 0.650987 seconds...
	liking... {u'rate_limited_until': 1514094286796, u'likes_remaining': 0, u'match': False}
Aww, it's not a match:(
name: Thera, id: 5a3e95ef36e65f961d4ec76d
Napping for 0.161543 seconds...
	liking... {u'rate_limited_until': 1514094286796, u'likes_remaining': 0, u'match': False}
Aww, it's not a match:(
name: Bridget, id: 5a3dd3b0702237291d0ee080
Napping for 0.004727 seconds...
	liking... {u'rate_limited_until': 1514094286796, u'likes_remaining': 0, u'match': False}
Aww, it's not a match:(
name: Veronica, id: 599f71a4646d298907cc92d5
Napping for 0.609520 seconds...
	liking... {u'rate_limited_until': 1514094286796, u'likes_remaining': 0, u'match': False}
Aww, it's not a match:(
name: Natasha, id: 59703fd531bfe0d251d775bd
Napping for 1.122964 seconds...
	liking... {u'rate_limited_until': 1514094286796, u'likes_remaining': 0, u'match': False}
Aww, it's not a match:(
name: Monica, id: 5a3974f714181c5332ad4c8d
Napping for 0.524765 seconds...
	liking... {u'rate_limited_until': 1514094286796, u'likes_remaining': 0, u'match': False}
Aww, it's not a match:(
name: Samantha, id: 5a35fe8df75486d90fd971e2
Napping for 1.089243 seconds...
	liking... {u'rate_limited_until': 1514094286796, u'likes_remaining': 0, u'match': False}
Aww, it's not a match:(
name: Kaneesha, id: 5a258581e1b2cbde776a42e9
Napping for 0.481734 seconds...
	liking... {u'rate_limited_until': 1514094286796, u'likes_remaining': 0, u'match': False}
Aww, it's not a match:(
name: Autumn, id: 5a389783c906947e0b561926
Napping for 0.816426 seconds...
	liking... {u'rate_limited_until': 1514094286796, u'likes_remaining': 0, u'match': False}
Aww, it's not a match:(
name: Dani, id: 5a39b4233995d67e3814029f
Napping for 0.629765 seconds...
	liking... {u'rate_limited_until': 1514094286796, u'likes_remaining': 0, u'match': False}
Aww, it's not a match:(
name: Kat, id: 59b47ea5005113983c757322
Napping for 0.471596 seconds...
	liking... {u'rate_limited_until': 1514094286796, u'likes_remaining': 0, u'match': False}
Aww, it's not a match:(
name: Alexandra, id: 5a24af14779f34267d303482
Napping for 0.540733 seconds...
	liking... {u'rate_limited_until': 1514094286796, u'likes_remaining': 0, u'match': False}
Aww, it's not a match:(
name: Yuri, id: 57e61779ae38235a558430d0
Napping for 0.828158 seconds...
	liking... {u'rate_limited_until': 1514094286796, u'likes_remaining': 0, u'match': False}
Aww, it's not a match:(
name: Crystal, id: 5a30d2e6e49532900592b40c
Napping for 0.145045 seconds...
	liking... {u'rate_limited_until': 1514094286796, u'likes_remaining': 0, u'match': False}
Aww, it's not a match:(
name: Trina, id: 59eecf295a8c93e352d36e2b
Napping for 0.163353 seconds...
	liking... {u'rate_limited_until': 1514094286796, u'likes_remaining': 0, u'match': False}
Aww, it's not a match:(
name: AshleyMae, id: 55adfa09d51b4cd85f7d5aa5
Napping for 0.484822 seconds...
	liking... {u'rate_limited_until': 1514094286796, u'likes_remaining': 0, u'match': False}
Aww, it's not a match:(
name: Sulema, id: 5a37441096f2b8b105d2522e
Napping for 0.890676 seconds...
	liking... {u'rate_limited_until': 1514094286796, u'likes_remaining': 0, u'match': False}
Aww, it's not a match:(
name: Chandni, id: 528f1f5ee3e94b6a6c000104
Napping for 0.411051 seconds...
	liking... {u'rate_limited_until': 1514094286796, u'likes_remaining': 0, u'match': False}
Aww, it's not a match:(
name: Prianka, id: 53a5f500428bc8e062ff7e01
Napping for 0.156261 seconds...
	liking... {u'rate_limited_until': 1514094286796, u'likes_remaining': 0, u'match': False}
Aww, it's not a match:(
name: Kelly, id: 56c6cbf5f62f510d32777044
Napping for 0.513438 seconds...
	liking... {u'rate_limited_until': 1514094286796, u'likes_remaining': 0, u'match': False}
Aww, it's not a match:(
name: Edna, id: 588d71d573564ae27e8522a2
Napping for 1.127357 seconds...
	liking... {u'rate_limited_until': 1514094286796, u'likes_remaining': 0, u'match': False}
Aww, it's not a match:(
name: AshleyMae, id: 55adfa09d51b4cd85f7d5aa5
Napping for 0.095476 seconds...
	liking... {u'rate_limited_until': 1514094286796, u'likes_remaining': 0, u'match': False}
Aww, it's not a match:(
name: Haarika, id: 59b485fa76f207a33caeb191
Napping for 0.930790 seconds...
	liking... {u'rate_limited_until': 1514094286796, u'likes_remaining': 0, u'match': False}
Aww, it's not a match:(
name: Chyna, id: 59dad4826ef79681268dc439
Napping for 0.833209 seconds...
	liking... {u'rate_limited_until': 1514094286796, u'likes_remaining': 0, u'match': False}
Aww, it's not a match:(
name: Tina, id: 57d6c8533da898a15a9746a4
Napping for 0.779795 seconds...
	liking... {u'rate_limited_until': 1514094286796, u'likes_remaining': 0, u'match': False}
Aww, it's not a match:(
name: Cynthia, id: 5915cf9e09d477036fa3f56f
Napping for 1.116114 seconds...
	liking... {u'rate_limited_until': 1514094286796, u'likes_remaining': 0, u'match': False}
Aww, it's not a match:(
name: Barbara, id: 5a3b1f2bafd817a25875f119
Napping for 1.046310 seconds...
	liking... {u'rate_limited_until': 1514094286796, u'likes_remaining': 0, u'match': False}
Aww, it's not a match:(
name: Kaylyn, id: 5420a23e9996747e4a5e58c7
Napping for 0.134063 seconds...
	liking... {u'rate_limited_until': 1514094286796, u'likes_remaining': 0, u'match': False}
Aww, it's not a match:(
name: Kendra, id: 5a3d8483aa9e1a4725cf3ba4
Napping for 0.327120 seconds...
	liking... {u'rate_limited_until': 1514094286796, u'likes_remaining': 0, u'match': False}
Aww, it's not a match:(
name: Elize, id: 5424c0c4c9f45d8f10d4fcd2
Napping for 0.801852 seconds...
	liking... {u'rate_limited_until': 1514094286796, u'likes_remaining': 0, u'match': False}
Aww, it's not a match:(
name: Brittany, id: 5470487d93ab29a5298f2894
Napping for 0.656943 seconds...
	liking... {u'rate_limited_until': 1514094286796, u'likes_remaining': 0, u'match': False}
Aww, it's not a match:(
name: Jaspreet, id: 597d6e97242e087c44339352
Napping for 0.051894 seconds...
	liking... {u'rate_limited_until': 1514094286796, u'likes_remaining': 0, u'match': False}
Aww, it's not a match:(
name: Janessa, id: 59758f36b212a8916d29956f
Napping for 1.173922 seconds...
	liking... {u'rate_limited_until': 1514094286796, u'likes_remaining': 0, u'match': False}
Aww, it's not a match:(
name: Leah, id: 59339acad6286bbf62363f35
Napping for 0.250585 seconds...
	liking... {u'rate_limited_until': 1514094286796, u'likes_remaining': 0, u'match': False}
Aww, it's not a match:(
name: Brandy, id: 59f6697c19e1196f6babb1eb
Napping for 0.163388 seconds...
	liking... {u'rate_limited_until': 1514094286796, u'likes_remaining': 0, u'match': False}
Aww, it's not a match:(
name: Pilar, id: 5a3a0329e3cd914631f2f591
Napping for 1.049111 seconds...
	liking... {u'rate_limited_until': 1514094286796, u'likes_remaining': 0, u'match': False}
Aww, it's not a match:(
name: Emilie, id: 558a5b6065b9d8d17ea78cc9
Napping for 0.321208 seconds...
	liking... {u'rate_limited_until': 1514094286796, u'likes_remaining': 0, u'match': False}
Aww, it's not a match:(
name: Julia, id: 57588f66c1306f6f0d575132
Napping for 0.862853 seconds...
	liking... {u'rate_limited_until': 1514094286796, u'likes_remaining': 0, u'match': False}
Aww, it's not a match:(
name: Ritika, id: 57bd0b4ffd327d420a8c3430
Napping for 0.573757 seconds...
	liking... {u'rate_limited_until': 1514094286796, u'likes_remaining': 0, u'match': False}
Aww, it's not a match:(
name: AshleyMae, id: 55adfa09d51b4cd85f7d5aa5
Napping for 1.125956 seconds...
	liking... {u'rate_limited_until': 1514094286796, u'likes_remaining': 0, u'match': False}
Aww, it's not a match:(
name: Shavonne, id: 5a14c55477d0bda76b959b72
Napping for 0.728730 seconds...
	liking... {u'rate_limited_until': 1514094286796, u'likes_remaining': 0, u'match': False}
Aww, it's not a match:(
name: Kiki, id: 56de5f98a0c73ab553a6b9d0
Napping for 0.973721 seconds...
	liking... {u'rate_limited_until': 1514094286796, u'likes_remaining': 0, u'match': False}
Aww, it's not a match:(
name: Suzanne, id: 56f85681a2163e4673920466
Napping for 0.427836 seconds...
	liking... {u'rate_limited_until': 1514094286796, u'likes_remaining': 0, u'match': False}
Aww, it's not a match:(
name: Jenn, id: 5976e722e376854b7fc832e3
Napping for 0.619945 seconds...
	liking... {u'rate_limited_until': 1514094286796, u'likes_remaining': 0, u'match': False}
Aww, it's not a match:(
name: julia, id: 5a2d0483f75486d90fd26c00
Napping for 0.668768 seconds...
	liking... {u'rate_limited_until': 1514094286796, u'likes_remaining': 0, u'match': False}
Aww, it's not a match:(
name: Angie, id: 5a3ccb33c0fcbd7f02be4f43
Napping for 0.498166 seconds...
	liking... {u'rate_limited_until': 1514094286796, u'likes_remaining': 0, u'match': False}
Aww, it's not a match:(
name: Tanya, id: 594724a4d704923b2a087c12
Napping for 0.442539 seconds...
	liking... {u'rate_limited_until': 1514094286796, u'likes_remaining': 0, u'match': False}
Aww, it's not a match:(
name: AshleyMae, id: 55adfa09d51b4cd85f7d5aa5
Napping for 0.453186 seconds...
	liking... {u'rate_limited_until': 1514094286796, u'likes_remaining': 0, u'match': False}
Aww, it's not a match:(
name: Melody, id: 597a4efc7a53baf37bdad7dc
Napping for 0.957000 seconds...
	liking... {u'rate_limited_until': 1514094286796, u'likes_remaining': 0, u'match': False}
Aww, it's not a match:(
name: Laila, id: 59a8ca64c1b592a202a6cea8
Napping for 0.221956 seconds...
	liking... {u'rate_limited_until': 1514094286796, u'likes_remaining': 0, u'match': False}
Aww, it's not a match:(
name: Tanya, id: 522d442fe48ab48d19000018
Napping for 0.242529 seconds...
	liking... {u'rate_limited_until': 1514094286796, u'likes_remaining': 0, u'match': False}
Aww, it's not a match:(
name: Amber, id: 5987ead83c99f19c4bceedee
Napping for 0.970451 seconds...
	liking... {u'rate_limited_until': 1514094286796, u'likes_remaining': 0, u'match': False}
Aww, it's not a match:(
name: Sareeta, id: 58d3285d5945c5f750cfe341
Napping for 0.602705 seconds...
	liking... {u'rate_limited_until': 1514094286796, u'likes_remaining': 0, u'match': False}
Aww, it's not a match:(
name: Durva, id: 5609cccde0b93a931f41d19c
Napping for 0.145926 seconds...
	liking... {u'rate_limited_until': 1514094286796, u'likes_remaining': 0, u'match': False}
Aww, it's not a match:(
name: AshleyMae, id: 55adfa09d51b4cd85f7d5aa5
Napping for 0.713317 seconds...
	liking... {u'rate_limited_until': 1514094286796, u'likes_remaining': 0, u'match': False}
Aww, it's not a match:(
name: Kavitha, id: 5a0112788ca924e157393900
Napping for 0.817362 seconds...
	liking... {u'rate_limited_until': 1514094286796, u'likes_remaining': 0, u'match': False}
Aww, it's not a match:(
name: Shannon, id: 59486e08d704923b2a093489
Napping for 0.167877 seconds...
	liking... {u'rate_limited_until': 1514094286796, u'likes_remaining': 0, u'match': False}
Aww, it's not a match:(
name: Ocie, id: 5594b22bd9976a74028f8fc7
Napping for 0.580300 seconds...
	liking... {u'rate_limited_until': 1514094286796, u'likes_remaining': 0, u'match': False}
Aww, it's not a match:(
name: Gabrielle, id: 56c092c5202d94cc55313fec
Napping for 0.422258 seconds...
	liking... {u'rate_limited_until': 1514094286796, u'likes_remaining': 0, u'match': False}
Aww, it's not a match:(
name: Helmi, id: 53b608224dfc9dd4346266b0
Napping for 1.199637 seconds...
	liking... {u'rate_limited_until': 1514094286796, u'likes_remaining': 0, u'match': False}
Aww, it's not a match:(
name: Cassandra, id: 58f1590d7f2d571a0bd706c7
Napping for 1.123570 seconds...
	liking... {u'rate_limited_until': 1514094286796, u'likes_remaining': 0, u'match': False}
Aww, it's not a match:(
name: Neha, id: 59eb7c6aac75988b24927e04
Napping for 0.553380 seconds...
	liking... {u'rate_limited_until': 1514094286796, u'likes_remaining': 0, u'match': False}
Aww, it's not a match:(
name: Sofia, id: 57b909738af7a2382cb253f2
Napping for 0.412333 seconds...
	liking... {u'rate_limited_until': 1514094286796, u'likes_remaining': 0, u'match': False}
Aww, it's not a match:(
name: Hope, id: 547d747eb3599b8c323bfd83
Napping for 1.168228 seconds...
	liking... {u'rate_limited_until': 1514094286796, u'likes_remaining': 0, u'match': False}
Aww, it's not a match:(
name: Mia, id: 5a3e0af39e6f7d692580a995
Napping for 0.813127 seconds...
	liking... {u'rate_limited_until': 1514094286796, u'likes_remaining': 0, u'match': False}
Aww, it's not a match:(
name: Megha, id: 558ba56df030cb1d6cc8b164
Napping for 0.195360 seconds...
	liking... {u'rate_limited_until': 1514094286796, u'likes_remaining': 0, u'match': False}
Aww, it's not a match:(
name: Kiana, id: 566b705bb54d7eea107a980e
Napping for 0.612720 seconds...
	liking... {u'rate_limited_until': 1514094286796, u'likes_remaining': 0, u'match': False}
Aww, it's not a match:(
name: Linda, id: 5a3e8e5a5f165d721233de11
Napping for 0.300250 seconds...
	liking... {u'rate_limited_until': 1514094286796, u'likes_remaining': 0, u'match': False}
Aww, it's not a match:(
name: Jillian, id: 57dd98cfca2acc0021432570
Napping for 1.091838 seconds...
	liking... {u'rate_limited_until': 1514094286796, u'likes_remaining': 0, u'match': False}
Aww, it's not a match:(
name: Jessica, id: 5a3aa9fdbdd79bec25c20fdd
Napping for 0.961712 seconds...
	liking... {u'rate_limited_until': 1514094286796, u'likes_remaining': 0, u'match': False}
Aww, it's not a match:(
name: AshleyMae, id: 55adfa09d51b4cd85f7d5aa5
Napping for 0.965928 seconds...
	liking... {u'rate_limited_until': 1514094286796, u'likes_remaining': 0, u'match': False}
Aww, it's not a match:(
name: Jillian, id: 55b35629f4bec27862d3e94a
Napping for 0.116870 seconds...
	liking... {u'rate_limited_until': 1514094286796, u'likes_remaining': 0, u'match': False}
Aww, it's not a match:(
name: Manpreet, id: 59f583ac70af89c40c33122b
Napping for 0.482164 seconds...
	liking... {u'rate_limited_until': 1514094286796, u'likes_remaining': 0, u'match': False}
Aww, it's not a match:(
name: Andie, id: 558f5cc7947a4ad77babc939
Napping for 0.007498 seconds...
	liking... {u'rate_limited_until': 1514094286796, u'likes_remaining': 0, u'match': False}
Aww, it's not a match:(
name: Gianna, id: 5a078cada643d19805503f74
Napping for 0.775722 seconds...
	liking... {u'rate_limited_until': 1514094286796, u'likes_remaining': 0, u'match': False}
Aww, it's not a match:(
name: Rhea, id: 59ea9d52021ee7b5248cb0eb
Napping for 0.628634 seconds...
	liking... {u'rate_limited_until': 1514094286796, u'likes_remaining': 0, u'match': False}
Aww, it's not a match:(
name: Saakshi, id: 5482b0548d019b753d7439be
Napping for 0.490881 seconds...
	liking... {u'rate_limited_until': 1514094286796, u'likes_remaining': 0, u'match': False}
Aww, it's not a match:(
name: Chloe, id: 5a3df7fab86023b5127a318a
Napping for 0.353746 seconds...
	liking... {u'rate_limited_until': 1514094286796, u'likes_remaining': 0, u'match': False}
Aww, it's not a match:(
name: Johanna, id: 582b8469ca90fb630ab74912
Napping for 1.073933 seconds...
	liking... {u'rate_limited_until': 1514094286796, u'likes_remaining': 0, u'match': False}
Aww, it's not a match:(
name: AshleyMae, id: 55adfa09d51b4cd85f7d5aa5
Napping for 0.676489 seconds...
	liking... {u'rate_limited_until': 1514094286796, u'likes_remaining': 0, u'match': False}
Aww, it's not a match:(
name: Jalyn, id: 56da8672159aee551a6a2bec
Napping for 0.596031 seconds...
	liking... {u'rate_limited_until': 1514094286796, u'likes_remaining': 0, u'match': False}
Aww, it's not a match:(
name: Veronica, id: 5a30dbb32f46971c105423b8
Napping for 0.508555 seconds...
	liking... {u'rate_limited_until': 1514094286796, u'likes_remaining': 0, u'match': False}
Aww, it's not a match:(
name: Haleigh, id: 5a13c7a2984ed5f70b26b6f0
Napping for 0.941237 seconds...
	liking... {u'rate_limited_until': 1514094286796, u'likes_remaining': 0, u'match': False}
Aww, it's not a match:(
name: Natalie, id: 54d7d35303fa06a848ce1c27
Napping for 0.640956 seconds...
	liking... {u'rate_limited_until': 1514094286796, u'likes_remaining': 0, u'match': False}
Aww, it's not a match:(
name: Destiny, id: 5a3ca377d3fd88c379156ea3
Napping for 0.202132 seconds...
	liking... {u'rate_limited_until': 1514094286796, u'likes_remaining': 0, u'match': False}
Aww, it's not a match:(
name: Meriel, id: 5a375dedc32aba580db0033c
Napping for 0.970023 seconds...
	liking... {u'rate_limited_until': 1514094286796, u'likes_remaining': 0, u'match': False}
Aww, it's not a match:(
name: Riya, id: 574e34a4b81c11ef2075e53e
Napping for 1.179139 seconds...
	liking... {u'rate_limited_until': 1514094286796, u'likes_remaining': 0, u'match': False}
Aww, it's not a match:(
name: Ximena, id: 578ffd2538c2ade967c655b4
Napping for 0.810255 seconds...
	liking... {u'rate_limited_until': 1514094286796, u'likes_remaining': 0, u'match': False}
Aww, it's not a match:(
name: Tara, id: 5a3c899785a42ee579145933
Napping for 1.173598 seconds...
	liking... {u'rate_limited_until': 1514094286796, u'likes_remaining': 0, u'match': False}
Aww, it's not a match:(
name: AshleyMae, id: 55adfa09d51b4cd85f7d5aa5
Napping for 0.540704 seconds...
	liking... {u'rate_limited_until': 1514094286796, u'likes_remaining': 0, u'match': False}
Aww, it's not a match:(
name: Angel, id: 5a3c628bc159b7077a545c2a
Napping for 0.391535 seconds...
	liking... {u'rate_limited_until': 1514094286796, u'likes_remaining': 0, u'match': False}
Aww, it's not a match:(
name: Mernalyn, id: 5a3dd1d25920884b1d53996e
Napping for 0.178889 seconds...
	liking... {u'rate_limited_until': 1514094286796, u'likes_remaining': 0, u'match': False}
Aww, it's not a match:(
name: Nicole, id: 5a1b7a566c976bae6fae902f
Napping for 0.234324 seconds...
	liking... {u'rate_limited_until': 1514094286796, u'likes_remaining': 0, u'match': False}
Aww, it's not a match:(
name: Andrea, id: 5a0529bd242e0c6205fee62d
Napping for 0.388493 seconds...
	liking... {u'rate_limited_until': 1514094286796, u'likes_remaining': 0, u'match': False}
Aww, it's not a match:(
name: Kimberly, id: 56de5ffb15c5afd57ae022fa
Napping for 0.381166 seconds...
	liking... {u'rate_limited_until': 1514094286796, u'likes_remaining': 0, u'match': False}
Aww, it's not a match:(
name: Jessica, id: 5a089777cc9c431404f33ce8
Napping for 0.389322 seconds...
	liking... {u'rate_limited_until': 1514094286796, u'likes_remaining': 0, u'match': False}
Aww, it's not a match:(
name: Ruby, id: 5a3a0034e3cd914631f2f339
Napping for 0.061769 seconds...
	liking... {u'rate_limited_until': 1514094286796, u'likes_remaining': 0, u'match': False}
Aww, it's not a match:(
name: Shelby, id: 5933850f32252e78320c371e
Napping for 0.292273 seconds...
	liking... {u'rate_limited_until': 1514094286796, u'likes_remaining': 0, u'match': False}
Aww, it's not a match:(
name: Charlotte, id: 5a3770405b39086f165ec573
Napping for 0.406713 seconds...
	liking... {u'rate_limited_until': 1514094286796, u'likes_remaining': 0, u'match': False}
Aww, it's not a match:(
name: Gabriella, id: 59e94ff6ac75988b249131b5
Napping for 0.134573 seconds...
	liking... {u'rate_limited_until': 1514094286796, u'likes_remaining': 0, u'match': False}
Aww, it's not a match:(
name: Annie, id: 5a2dc29d4ce394d41651cf8a
Napping for 0.009072 seconds...
	liking... {u'rate_limited_until': 1514094286796, u'likes_remaining': 0, u'match': False}
Aww, it's not a match:(
name: AshleyMae, id: 55adfa09d51b4cd85f7d5aa5
Napping for 0.718355 seconds...
	liking... {u'rate_limited_until': 1514094286796, u'likes_remaining': 0, u'match': False}
Aww, it's not a match:(
name: Yayla, id: 53d5bd3a6040e9df2c58d767
Napping for 1.139412 seconds...
	liking... {u'rate_limited_until': 1514094286796, u'likes_remaining': 0, u'match': False}
Aww, it's not a match:(
name: Margarita, id: 5a36125aacf7656e05844a93
Napping for 0.294153 seconds...
	liking... {u'rate_limited_until': 1514094286796, u'likes_remaining': 0, u'match': False}
Aww, it's not a match:(
name: Sydney, id: 56f5ea9b09383c3e55fa0e55
Napping for 0.311939 seconds...
	liking... {u'rate_limited_until': 1514094286796, u'likes_remaining': 0, u'match': False}
Aww, it's not a match:(
name: Alexandra, id: 59f416141d0f17950c2ca3ae
Napping for 0.611718 seconds...
	liking... {u'rate_limited_until': 1514094286796, u'likes_remaining': 0, u'match': False}
Aww, it's not a match:(
name: Joyce, id: 592908c01481bb0c7dfa52a1
Napping for 0.705288 seconds...
	liking... {u'rate_limited_until': 1514094286796, u'likes_remaining': 0, u'match': False}
Aww, it's not a match:(
name: Lovejit, id: 530ce6d3543e9e7b3d000056
Napping for 0.574001 seconds...
	liking... {u'rate_limited_until': 1514094286796, u'likes_remaining': 0, u'match': False}
Aww, it's not a match:(
name: AshleyMae, id: 55adfa09d51b4cd85f7d5aa5
Napping for 1.199783 seconds...
	liking... {u'rate_limited_until': 1514094286796, u'likes_remaining': 0, u'match': False}
Aww, it's not a match:(
name: Luna, id: 5a3b3eaf394cc0c3587e40e4
Napping for 0.533905 seconds...
	liking... {u'rate_limited_until': 1514094286796, u'likes_remaining': 0, u'match': False}
Aww, it's not a match:(
name: Erica, id: 57dc9e226f0bf1bb20bb97ff
Napping for 1.120845 seconds...
	liking... {u'rate_limited_until': 1514094286796, u'likes_remaining': 0, u'match': False}
Aww, it's not a match:(
name: Jaclyn, id: 54ea933f818a6e5b375fd33f
Napping for 0.352517 seconds...
	liking... {u'rate_limited_until': 1514094286796, u'likes_remaining': 0, u'match': False}
Aww, it's not a match:(
name: Jessica, id: 5a09ab7d56d81508717e2a01
Napping for 0.707944 seconds...
	liking... {u'rate_limited_until': 1514094286796, u'likes_remaining': 0, u'match': False}
Aww, it's not a match:(
name: London, id: 5938aa562854a198255f6e0e
Napping for 1.089201 seconds...
	liking... {u'rate_limited_until': 1514094286796, u'likes_remaining': 0, u'match': False}
Aww, it's not a match:(
name: Caitlin, id: 59b76000aa76836c3af09573
Napping for 0.308021 seconds...
	liking... {u'rate_limited_until': 1514094286796, u'likes_remaining': 0, u'match': False}
Aww, it's not a match:(
name: Megan, id: 59c70cbc6d8c20783d47626e
Napping for 1.010533 seconds...
	liking... {u'rate_limited_until': 1514094286796, u'likes_remaining': 0, u'match': False}
Aww, it's not a match:(
name: Brianna, id: 596c06bf88035257344b4299
Napping for 0.573451 seconds...
	liking... {u'rate_limited_until': 1514094286796, u'likes_remaining': 0, u'match': False}
Aww, it's not a match:(
name: Theresa, id: 58e877dd1eaf5e521d989322
Napping for 0.354744 seconds...
	liking... {u'rate_limited_until': 1514094286796, u'likes_remaining': 0, u'match': False}
Aww, it's not a match:(
name: AshleyMae, id: 55adfa09d51b4cd85f7d5aa5
Napping for 0.004234 seconds...
	liking... {u'rate_limited_until': 1514094286796, u'likes_remaining': 0, u'match': False}
Aww, it's not a match:(
name: Celine, id: 56bb77e463f4b8443c35ffb2
Napping for 0.381878 seconds...
	liking... {u'rate_limited_until': 1514094286796, u'likes_remaining': 0, u'match': False}
Aww, it's not a match:(
name: Juliana, id: 59868b343c99f19c4bcde57e
Napping for 0.552852 seconds...
	liking... {u'rate_limited_until': 1514094286796, u'likes_remaining': 0, u'match': False}
Aww, it's not a match:(
name: Michelle, id: 5a20d9edef50a8e44c737e32
Napping for 0.308248 seconds...
	liking... {u'rate_limited_until': 1514094286796, u'likes_remaining': 0, u'match': False}
Aww, it's not a match:(
name: Sarah, id: 5a35ffb6f75486d90fd97317
Napping for 0.803185 seconds...
	liking... {u'rate_limited_until': 1514094286796, u'likes_remaining': 0, u'match': False}
Aww, it's not a match:(
name: Jessica, id: 59e4a00369554a0015623023
Napping for 0.389357 seconds...
	liking... {u'rate_limited_until': 1514094286796, u'likes_remaining': 0, u'match': False}
Aww, it's not a match:(
name: Jiyeon, id: 5a3999810f25f3fc31aee814
Napping for 0.019496 seconds...
	liking... {u'rate_limited_until': 1514094286796, u'likes_remaining': 0, u'match': False}
Aww, it's not a match:(
name: Fia, id: 54d3f41759453e6e59bd27d7
Napping for 0.697622 seconds...
	liking... {u'rate_limited_until': 1514094286796, u'likes_remaining': 0, u'match': False}
Aww, it's not a match:(
name: Courtney, id: 57dc1b66cbf66ba710d0765a
Napping for 1.001367 seconds...
	liking... {u'rate_limited_until': 1514094286796, u'likes_remaining': 0, u'match': False}
Aww, it's not a match:(
name: Sondrine, id: 5764a5b5795684623194a812
Napping for 0.900636 seconds...
	liking... {u'rate_limited_until': 1514094286796, u'likes_remaining': 0, u'match': False}
Aww, it's not a match:(
name: Eva, id: 5764e96ac137fd7b1d10e6dc
Napping for 0.918066 seconds...
	liking... {u'rate_limited_until': 1514094286796, u'likes_remaining': 0, u'match': False}
Aww, it's not a match:(
name: Gio, id: 5a3c2e1091a7c8b97614575a
Napping for 0.910344 seconds...
	liking... {u'rate_limited_until': 1514094286796, u'likes_remaining': 0, u'match': False}
Aww, it's not a match:(
name: Sofia, id: 54cc231365b36fdb3c947b2b
Napping for 1.096605 seconds...
	liking... {u'rate_limited_until': 1514094286796, u'likes_remaining': 0, u'match': False}
Aww, it's not a match:(
name: AshleyMae, id: 55adfa09d51b4cd85f7d5aa5
Napping for 0.906075 seconds...
	liking... {u'rate_limited_until': 1514094286796, u'likes_remaining': 0, u'match': False}
Aww, it's not a match:(
name: Sammi, id: 5a22521e779f34267d2e03ed
Napping for 0.811193 seconds...
	liking... {u'rate_limited_until': 1514094286796, u'likes_remaining': 0, u'match': False}
Aww, it's not a match:(
name: Hannah, id: 59a5ae72d3a0b32920073e17
Napping for 0.964379 seconds...
	liking... {u'rate_limited_until': 1514094286796, u'likes_remaining': 0, u'match': False}
Aww, it's not a match:(
name: Samantha, id: 5987e6433c99f19c4bceeb52
Napping for 0.499831 seconds...
	liking... {u'rate_limited_until': 1514094286796, u'likes_remaining': 0, u'match': False}
Aww, it's not a match:(
name: Mehr, id: 58ad52d0bb0075df4566e43f
Napping for 0.270022 seconds...
	liking... {u'rate_limited_until': 1514094286796, u'likes_remaining': 0, u'match': False}
Aww, it's not a match:(
name: Yasmeen, id: 5a38ca22732eb8240ee6e3dd
Napping for 0.498917 seconds...
	liking... {u'rate_limited_until': 1514094286796, u'likes_remaining': 0, u'match': False}
Aww, it's not a match:(
name: Marissa, id: 53c8d77c7f107a9e7486c0b8
Napping for 0.336585 seconds...
	liking... {u'rate_limited_until': 1514094286796, u'likes_remaining': 0, u'match': False}
Aww, it's not a match:(
name: Jessica, id: 53955afa7b6e38651ea947d1
Napping for 0.091371 seconds...
	liking... {u'rate_limited_until': 1514094286796, u'likes_remaining': 0, u'match': False}
Aww, it's not a match:(
name: Abby, id: 59fbbb46b1d484c50c178368
Napping for 0.644385 seconds...
	liking... {u'rate_limited_until': 1514094286796, u'likes_remaining': 0, u'match': False}
Aww, it's not a match:(
name: Tori, id: 59fa84212e1f5d4a0cb01705
Napping for 1.023610 seconds...
	liking... {u'rate_limited_until': 1514094286796, u'likes_remaining': 0, u'match': False}
Aww, it's not a match:(
name: Zelina, id: 55f4b8c93f40c9064b01ccca
Napping for 0.077699 seconds...
	liking... {u'rate_limited_until': 1514094286796, u'likes_remaining': 0, u'match': False}
Aww, it's not a match:(
name: AshleyMae, id: 55adfa09d51b4cd85f7d5aa5
Napping for 0.653243 seconds...
	liking... {u'rate_limited_until': 1514094286796, u'likes_remaining': 0, u'match': False}
Aww, it's not a match:(
name: Erika, id: 5a165851082828936f4178fb
Napping for 0.969701 seconds...
	liking... {u'rate_limited_until': 1514094286796, u'likes_remaining': 0, u'match': False}
Aww, it's not a match:(
name: Fatimah, id: 5a35d0278c464cb70ff7a111
Napping for 0.439053 seconds...
	liking... {u'rate_limited_until': 1514094286796, u'likes_remaining': 0, u'match': False}
Aww, it's not a match:(
name: Sophia, id: 5a3768f2f562e7fb0f49bfe6
Napping for 0.710803 seconds...
	liking... {u'rate_limited_until': 1514094286796, u'likes_remaining': 0, u'match': False}
Aww, it's not a match:(
name: Azucena, id: 573179eab2960b6632319bd6
Napping for 0.750117 seconds...
	liking... {u'rate_limited_until': 1514094286796, u'likes_remaining': 0, u'match': False}
Aww, it's not a match:(
name: Jasmeen, id: 5a1b41c1db01d9126da07083
Napping for 0.985781 seconds...
	liking... {u'rate_limited_until': 1514094286796, u'likes_remaining': 0, u'match': False}
Aww, it's not a match:(
name: AshleyMae, id: 55adfa09d51b4cd85f7d5aa5
Napping for 0.338587 seconds...
	liking... {u'rate_limited_until': 1514094286796, u'likes_remaining': 0, u'match': False}
Aww, it's not a match:(
name: Maddy, id: 59b74004aa71d5423ad96c3f
Napping for 0.961823 seconds...
	liking... {u'rate_limited_until': 1514094286796, u'likes_remaining': 0, u'match': False}
Aww, it's not a match:(
name: Madison, id: 53b7b01901d4b81c40d4be5e
Napping for 0.125670 seconds...
	liking... {u'rate_limited_until': 1514094286796, u'likes_remaining': 0, u'match': False}
Aww, it's not a match:(
name: Ashley, id: 55c2a723e1e6372a38fb960a
Napping for 0.588606 seconds...
	liking... {u'rate_limited_until': 1514094286796, u'likes_remaining': 0, u'match': False}
Aww, it's not a match:(
name: Sofia, id: 55711c80435664145cfc7c29
Napping for 0.930261 seconds...
	liking... {u'rate_limited_until': 1514094286796, u'likes_remaining': 0, u'match': False}
Aww, it's not a match:(
name: Payton, id: 5a2ccf7ef75486d90fd24031
Napping for 0.108596 seconds...
	liking... {u'rate_limited_until': 1514094286796, u'likes_remaining': 0, u'match': False}
Aww, it's not a match:(
name: Jen, id: 5a38ad6146f0e4ef0d2922a1
Napping for 0.287993 seconds...
	liking... {u'rate_limited_until': 1514094286796, u'likes_remaining': 0, u'match': False}
Aww, it's not a match:(
name: Meagan, id: 530f9e8fed1505c941000004
Napping for 0.486914 seconds...
	liking... {u'rate_limited_until': 1514094286796, u'likes_remaining': 0, u'match': False}
Aww, it's not a match:(
name: Dana, id: 57b7e16db9082688339c3591
Napping for 0.200765 seconds...
	liking... {u'rate_limited_until': 1514094286796, u'likes_remaining': 0, u'match': False}
Aww, it's not a match:(
name: May, id: 58c52b5c0332ca5547ba5f44
Napping for 0.128727 seconds...
	liking... {u'rate_limited_until': 1514094286796, u'likes_remaining': 0, u'match': False}
Aww, it's not a match:(
name: Diana, id: 559a7fcd74fe8b8a4b124c73
Napping for 0.884740 seconds...
	liking... {u'rate_limited_until': 1514094286796, u'likes_remaining': 0, u'match': False}
Aww, it's not a match:(
name: Sree, id: 5a38265346f0e4ef0d28a463
Napping for 0.189198 seconds...
	liking... {u'rate_limited_until': 1514094286796, u'likes_remaining': 0, u'match': False}
Aww, it's not a match:(
name: AshleyMae, id: 55adfa09d51b4cd85f7d5aa5
Napping for 0.480916 seconds...
	liking... {u'rate_limited_until': 1514094286796, u'likes_remaining': 0, u'match': False}
Aww, it's not a match:(
name: Paulina, id: 56f4ad234c734d114e3ae667
Napping for 0.917578 seconds...
	liking... {u'rate_limited_until': 1514094286796, u'likes_remaining': 0, u'match': False}
Aww, it's not a match:(
