You have been successfully authorized!
running main
likes remaining: 100
name: Yvonne, id: 56692b9962079cc822950277
Napping for 0.928196 seconds...
	liking... {u'likes_remaining': 100, u'match': False}
Aww, it's not a match:(
name: Jenny, id: 5a57ae2259021ec15c9823a9
Napping for 0.299472 seconds...
	liking... {u'likes_remaining': 100, u'match': False}
Aww, it's not a match:(
name: Tricia, id: 5a57d22d51f181756ad838ae
Napping for 0.348972 seconds...
	liking... {u'likes_remaining': 100, u'match': False}
Aww, it's not a match:(
name: Taylor, id: 5a56b3dce343b0055d43dfb0
Napping for 0.933986 seconds...
	liking... {u'likes_remaining': 100, u'match': False}
Aww, it's not a match:(
name: Karissa, id: 596573e9949b465a61cc3dde
Napping for 0.162363 seconds...
	liking... {u'likes_remaining': 100, u'match': False}
Aww, it's not a match:(
name: Uyen, id: 5a4ddf709c0f0d4375e62e46
Napping for 0.451723 seconds...
	liking... {u'likes_remaining': 100, u'match': False}
Aww, it's not a match:(
name: Mary, id: 5a56c71382f36bb469f2636d
Napping for 0.472146 seconds...
	liking... {u'likes_remaining': 100, u'match': False}
Aww, it's not a match:(
name: Mingming, id: 597421c01656a3b451f65401
Napping for 1.004457 seconds...
	liking... {u'likes_remaining': 100, u'match': False}
Aww, it's not a match:(
name: Frankie, id: 5a5398771cd829ba6f52435d
Napping for 0.078566 seconds...
	liking... {u'likes_remaining': 100, u'match': False}
Aww, it's not a match:(
name: Lele, id: 5a4c810398f95f501263982f
Napping for 1.007653 seconds...
	liking... {u'likes_remaining': 100, u'match': False}
Aww, it's not a match:(
name: Logan, id: 588ae64a2054b6a47e5ab351
Napping for 0.412471 seconds...
	liking... {u'likes_remaining': 100, u'match': False}
Aww, it's not a match:(
name: Sandra, id: 5a57c1a50d4f3e716991438b
Napping for 0.655804 seconds...
	liking... {u'likes_remaining': 100, u'match': False}
Aww, it's not a match:(
name: Michelle, id: 5a5075f74f7b873e43119dc6
Napping for 0.890619 seconds...
	liking... {u'likes_remaining': 100, u'match': False}
Aww, it's not a match:(
name: Jenny, id: 5a57ae2259021ec15c9823a9
Napping for 0.212528 seconds...
	liking... {u'likes_remaining': 100, u'match': False}
Aww, it's not a match:(
name: throws UnicodeDecodeError so I cannot say, id: 5a24e5d69980c6f903507871
UnicodeDecodeError: 'ascii' codec can't decode byte 0xc5 in position 0: ordinal not in range(128)
Napping for 1.195117 seconds...
	liking... {u'likes_remaining': 100, u'match': False}
Aww, it's not a match:(
name: Amanda, id: 5a4d6cd4a29a453b713ea8f7
Napping for 0.632469 seconds...
	liking... {u'likes_remaining': 100, u'match': False}
Aww, it's not a match:(
name: Jaz, id: 5a4dcac6cee7d6ab02c0d2fe
Napping for 0.000137 seconds...
	liking... {u'likes_remaining': 100, u'match': False}
Aww, it's not a match:(
name: Kaylee, id: 5a4c6a1bfaabd2bc6181b2e1
Napping for 1.099354 seconds...
	liking... {u'likes_remaining': 100, u'match': False}
Aww, it's not a match:(
name: Lianne, id: 5a572805133b2393694f1ca7
Napping for 0.085507 seconds...
	liking... {u'likes_remaining': 100, u'match': False}
Aww, it's not a match:(
name: Sarah, id: 5a57ba8d51f181756ad8208b
Napping for 0.956170 seconds...
	liking... {u'likes_remaining': 100, u'match': False}
Aww, it's not a match:(
name: Jay, id: 5a55ccd7febb740d708b9675
Napping for 0.089214 seconds...
	liking... {u'likes_remaining': 100, u'match': False}
Aww, it's not a match:(
name: Nae, id: 5a4a9ca09e6f7d692588e056
Napping for 0.879381 seconds...
	liking... {u'likes_remaining': 100, u'match': False}
Aww, it's not a match:(
name: Nora, id: 5a571ee939394c325d651da4
Napping for 0.738115 seconds...
	liking... {u'likes_remaining': 100, u'match': False}
Aww, it's not a match:(
name: Carmen, id: 5a571829133b2393694f11f9
Napping for 0.008203 seconds...
	liking... {u'likes_remaining': 100, u'match': False}
Aww, it's not a match:(
name: Aimeree, id: 5a49ec93aa9e1a4725d6a5fb
Napping for 0.698025 seconds...
	liking... {u'likes_remaining': 100, u'match': False}
Aww, it's not a match:(
name: Quiana, id: 5a57a6eb91b2b84f694dbc7f
Napping for 0.711713 seconds...
	liking... {u'likes_remaining': 100, u'match': False}
Aww, it's not a match:(
name: Natalie, id: 5a570daf133b2393694f044e
Napping for 0.024003 seconds...
	liking... {u'likes_remaining': 100, u'match': False}
Aww, it's not a match:(
name: Lisa, id: 5a56f7e239394c325d64ce2e
Napping for 0.226291 seconds...
	liking... {u'likes_remaining': 100, u'match': False}
Aww, it's not a match:(
name: Salem, id: 5a52809ee343b0055d4069eb
Napping for 1.002420 seconds...
	liking... {u'likes_remaining': 100, u'match': False}
Aww, it's not a match:(
name: Mariana, id: 59c59133e93823db75b29571
Napping for 1.162201 seconds...
	liking... {u'likes_remaining': 100, u'match': False}
Aww, it's not a match:(
name: Jess, id: 5a571f2c69c73afa6ff0316d
Napping for 0.685253 seconds...
	liking... {u'likes_remaining': 100, u'match': False}
Aww, it's not a match:(
name: Josie, id: 5a573160133b2393694f24e1
Napping for 1.119783 seconds...
	liking... {u'likes_remaining': 100, u'match': False}
Aww, it's not a match:(
name: Enedina, id: 5a56e14639394c325d64a646
Napping for 0.092667 seconds...
	liking... {u'likes_remaining': 100, u'match': False}
Aww, it's not a match:(
name: Marina, id: 55f6acadd88c719e30557020
Napping for 1.057884 seconds...
	liking... {u'likes_remaining': 100, u'match': False}
Aww, it's not a match:(
name: Kelly, id: 5a531441133b2393694ba148
Napping for 0.413690 seconds...
	liking... {u'rate_limited_until': 1515767281385, u'likes_remaining': 0, u'match': False}
Aww, it's not a match:(
out of likes. Closing...
name: Ashley, id: 5a57d6602e8334c1189f0841
Napping for 0.509699 seconds...
	liking... {u'rate_limited_until': 1515767281385, u'likes_remaining': 0, u'match': False}
Aww, it's not a match:(
out of likes. Closing...
name: Kimiya, id: 597cd56f7e46873c4471c76f
Napping for 0.685545 seconds...
	liking... {u'rate_limited_until': 1515767281385, u'likes_remaining': 0, u'match': False}
Aww, it's not a match:(
out of likes. Closing...
name: Veronika, id: 5a4b21692eced0716748605a
Napping for 0.535439 seconds...
	liking... {u'rate_limited_until': 1515767281385, u'likes_remaining': 0, u'match': False}
Aww, it's not a match:(
out of likes. Closing...
name: Vu, id: 5a581662a0bb942c1a471414
Napping for 0.029204 seconds...
	liking... {u'rate_limited_until': 1515767281385, u'likes_remaining': 0, u'match': False}
Aww, it's not a match:(
out of likes. Closing...
name: Tracy, id: 5a57d4dd03bca8af2604ba29
Napping for 1.156419 seconds...
	liking... {u'rate_limited_until': 1515767281385, u'likes_remaining': 0, u'match': False}
Aww, it's not a match:(
out of likes. Closing...
name: Leslie, id: 595760052bbab83f3754f0fe
Napping for 0.722143 seconds...
	liking... {u'rate_limited_until': 1515767281385, u'likes_remaining': 0, u'match': False}
Aww, it's not a match:(
out of likes. Closing...
name: Rosanna, id: 5a3a0a51afa44416269c5926
Napping for 0.623091 seconds...
	liking... {u'rate_limited_until': 1515767281385, u'likes_remaining': 0, u'match': False}
Aww, it's not a match:(
out of likes. Closing...
name: Khalith, id: 5a581cc71364b39f276dad45
Napping for 0.446535 seconds...
	liking... {u'rate_limited_until': 1515767281385, u'likes_remaining': 0, u'match': False}
Aww, it's not a match:(
out of likes. Closing...
name: Justine, id: 5a00efafe3848f745b06e78e
Napping for 1.008534 seconds...
	liking... {u'rate_limited_until': 1515767281385, u'likes_remaining': 0, u'match': False}
Aww, it's not a match:(
out of likes. Closing...
name: Alexis, id: 5a45f5d25920884b1d588a94
Napping for 0.882878 seconds...
	liking... {u'rate_limited_until': 1515767281385, u'likes_remaining': 0, u'match': False}
Aww, it's not a match:(
out of likes. Closing...
name: Sitha, id: 5a4c59ff36e65f961d58fc5d
Napping for 0.195569 seconds...
	liking... {u'rate_limited_until': 1515767281385, u'likes_remaining': 0, u'match': False}
Aww, it's not a match:(
out of likes. Closing...
name: amanda, id: 5a5083fde1c8852c44630da1
Napping for 0.022476 seconds...
	liking... {u'rate_limited_until': 1515767281385, u'likes_remaining': 0, u'match': False}
Aww, it's not a match:(
out of likes. Closing...
name: Raeanna, id: 5a52c37059021ec15c950d7c
Napping for 0.447430 seconds...
	liking... {u'rate_limited_until': 1515767281385, u'likes_remaining': 0, u'match': False}
Aww, it's not a match:(
out of likes. Closing...
name: Lisha, id: 598e7e00234772c54bbdb98a
Napping for 0.167749 seconds...
	liking... {u'rate_limited_until': 1515767281385, u'likes_remaining': 0, u'match': False}
Aww, it's not a match:(
out of likes. Closing...
name: Michaela, id: 59e02d0169554a00155f4c0f
Napping for 0.479311 seconds...
	liking... {u'rate_limited_until': 1515767281385, u'likes_remaining': 0, u'match': False}
Aww, it's not a match:(
out of likes. Closing...
name: Virginia, id: 547c0121fd33cd4b7613e13b
Napping for 1.099596 seconds...
	liking... {u'rate_limited_until': 1515767281385, u'likes_remaining': 0, u'match': False}
Aww, it's not a match:(
out of likes. Closing...
name: Nicole, id: 5a58057ca0bb942c1a47014e
Napping for 0.248791 seconds...
	liking... {u'rate_limited_until': 1515767281385, u'likes_remaining': 0, u'match': False}
Aww, it's not a match:(
out of likes. Closing...
