You have been successfully authorized!
running main
likes remaining: 100
name: Maddy, id: 5a431e0db86023b5127d89a6
Napping for 0.180994 seconds...
	liking... {u'likes_remaining': 100, u'match': False}
Aww, it's not a match:(
name: Esmeralda, id: 5771367d82df805d1288597b
Napping for 0.767769 seconds...
	liking... {u'likes_remaining': 100, u'match': False}
Aww, it's not a match:(
name: Jasmine, id: 5a449d5dfaabd2bc617cb98d
Napping for 0.596268 seconds...
	liking... {u'likes_remaining': 100, u'match': False}
Aww, it's not a match:(
name: Cat, id: 56b937f8c35b7b2f3dd4b127
Napping for 0.357269 seconds...
	liking... {u'likes_remaining': 100, u'match': False}
Aww, it's not a match:(
name: Dana, id: 5336329b2285e0340c000e2d
Napping for 0.879571 seconds...
	liking... {u'likes_remaining': 100, u'match': False}
Aww, it's not a match:(
name: Sophia, id: 5917eecc049d9d091ccfee1f
Napping for 0.047298 seconds...
	liking... {u'likes_remaining': 100, u'match': False}
Aww, it's not a match:(
name: Kay, id: 5a40ba2098f95f50125b6e9a
Napping for 0.070461 seconds...
	liking... {u'likes_remaining': 100, u'match': False}
Aww, it's not a match:(
name: Jordan, id: 59a21af2a0fbc15707097dcc
Napping for 0.094755 seconds...
	liking... {u'likes_remaining': 100, u'match': False}
Aww, it's not a match:(
name: Brianna, id: 59f7bcae2cfc9b830c235ec7
Napping for 0.199437 seconds...
	liking... {u'likes_remaining': 100, u'match': False}
Aww, it's not a match:(
name: JoAnn, id: 54d851e38d89ae9668e1563e
Napping for 1.081415 seconds...
	liking... {u'likes_remaining': 100, u'match': False}
Aww, it's not a match:(
name: Jasmine, id: 59f5110e90fe59680c607fb5
Napping for 0.781159 seconds...
	liking... {u'likes_remaining': 100, u'match': False}
Aww, it's not a match:(
name: Jocelyn, id: 563ec33b7fd2ef8d4089800c
Napping for 1.169644 seconds...
	liking... {u'likes_remaining': 100, u'match': False}
Aww, it's not a match:(
name: Randi, id: 5800f83d110ac029646613f8
Napping for 1.016111 seconds...
	liking... {u'likes_remaining': 100, u'match': False}
Aww, it's not a match:(
name: Regina, id: 56612f38cdb8b0831592e340
Napping for 0.801269 seconds...
	liking... {u'likes_remaining': 100, u'match': False}
Aww, it's not a match:(
name: Natalia, id: 5317a14edf326c896b000006
Napping for 0.832675 seconds...
	liking... {u'likes_remaining': 100, u'match': False}
Aww, it's not a match:(
name: Lauren, id: 59d7376e6ef79681268a7d7f
Napping for 1.103978 seconds...
	liking... {u'likes_remaining': 100, u'match': False}
Aww, it's not a match:(
name: Melisa, id: 59e29bd59219a92a158b0ada
Napping for 0.841925 seconds...
	liking... {u'likes_remaining': 100, u'match': False}
Aww, it's not a match:(
name: Danielle, id: 5747e4993be752ff0edebfa9
Napping for 0.937550 seconds...
	liking... {u'likes_remaining': 100, u'match': False}
Aww, it's not a match:(
name: Maya, id: 5a0d3d9380ba23df7161921b
Napping for 1.192970 seconds...
	liking... {u'likes_remaining': 100, u'match': False}
Aww, it's not a match:(
name: Himani, id: 5a2a660bd990650d391427bb
Napping for 0.141530 seconds...
	liking... {u'likes_remaining': 100, u'match': False}
Aww, it's not a match:(
name: Tiffany, id: 5a4407db2788ab671ef52789
Napping for 0.529909 seconds...
	liking... {u'likes_remaining': 100, u'match': False}
Aww, it's not a match:(
name: Chloe, id: 55da984fd52197666c9d7bf2
Napping for 0.608811 seconds...
	liking... {u'likes_remaining': 100, u'match': False}
Aww, it's not a match:(
name: Evonne, id: 5771fc5ac4669740240c6d78
Napping for 0.832198 seconds...
	liking... {u'likes_remaining': 100, u'match': False}
Aww, it's not a match:(
name: Jiyeon, id: 5a3999810f25f3fc31aee814
Napping for 1.089582 seconds...
	liking... {u'likes_remaining': 100, u'match': False}
Aww, it's not a match:(
name: Alyssa, id: 57ac0a29cb648d025e1c5843
Napping for 0.703349 seconds...
	liking... {u'likes_remaining': 100, u'match': False}
Aww, it's not a match:(
name: Dani, id: 5a41d96a98f95f50125c37e1
Napping for 0.738933 seconds...
	liking... {u'likes_remaining': 100, u'match': False}
Aww, it's not a match:(
name: Andrea, id: 55d60f36e9905a133132dfea
Napping for 0.413447 seconds...
	liking... {u'likes_remaining': 100, u'match': False}
Aww, it's not a match:(
name: Sam, id: 59c883e5e93823db75b4e54f
Napping for 0.706174 seconds...
	liking... {u'likes_remaining': 100, u'match': False}
Aww, it's not a match:(
name: Julie, id: 5a3b611d3b1a3e9257d61d11
Napping for 0.293989 seconds...
	liking... {u'likes_remaining': 100, u'match': False}
Aww, it's not a match:(
name: Mallika, id: 5712ed44525645e410f530f1
Napping for 0.675796 seconds...
	liking... {u'likes_remaining': 100, u'match': False}
Aww, it's not a match:(
name: Nancy, id: 5a44e53cb86023b5127eabcf
Napping for 0.271201 seconds...
	liking... {u'likes_remaining': 100, u'match': False}
Aww, it's not a match:(
name: Geralyn, id: 5611c7804d62a1dd53373e5b
Napping for 0.275453 seconds...
	liking... {u'likes_remaining': 100, u'match': False}
Aww, it's not a match:(
name: Carolynn, id: 556abbecd38ab49b309c9888
Napping for 1.111500 seconds...
	liking... {u'likes_remaining': 100, u'match': False}
Aww, it's not a match:(
name: Molly, id: 55c18d02a422a342236593a2
Napping for 1.164849 seconds...
	liking... {u'likes_remaining': 100, u'match': False}
Aww, it's not a match:(
name: Lisa, id: 5a4725c32eced0716745bb33
Napping for 1.160643 seconds...
	liking... {u'likes_remaining': 100, u'match': False}
Aww, it's not a match:(
name: Jihae, id: 5a47330d9e6f7d69258715e7
Napping for 0.610838 seconds...
	liking... {u'likes_remaining': 100, u'match': False}
Aww, it's not a match:(
name: lana, id: 5a3f0ea0199b629412da2edc
Napping for 1.151693 seconds...
	liking... {u'likes_remaining': 100, u'match': False}
Aww, it's not a match:(
name: Gabi, id: 59f7c9a1b1d484c50c15f42c
Napping for 1.065188 seconds...
	liking... {u'likes_remaining': 100, u'match': False}
Aww, it's not a match:(
name: Nikki, id: 59f7f4592cfc9b830c2373fb
Napping for 0.143890 seconds...
	liking... {u'likes_remaining': 100, u'match': False}
Aww, it's not a match:(
name: Kayla, id: 579c37958cfe01f9038697fc
Napping for 0.835049 seconds...
	liking... {u'likes_remaining': 100, u'match': False}
Aww, it's not a match:(
name: Adelle, id: 5a4666fe00a7d7751d9be4e5
Napping for 0.756630 seconds...
	liking... {u'likes_remaining': 100, u'match': False}
Aww, it's not a match:(
name: Sherri, id: 5a473752958bba891e4aaca7
Napping for 0.315792 seconds...
	liking... {u'likes_remaining': 100, u'match': False}
Aww, it's not a match:(
name: Jackie, id: 5a3b46ac433cd02f4c0a9c5a
Napping for 0.447543 seconds...
	liking... {u'likes_remaining': 100, u'match': False}
Aww, it's not a match:(
name: Dani, id: 5a39b4233995d67e3814029f
Napping for 0.217484 seconds...
	liking... {u'likes_remaining': 100, u'match': False}
Aww, it's not a match:(
name: Amanda, id: 5440c518320ac81f29b18e59
Napping for 0.336386 seconds...
	liking... {u'likes_remaining': 100, u'match': False}
Aww, it's not a match:(
name: Liz, id: 5a447b81958bba891e484f1a
Napping for 0.244441 seconds...
	liking... {u'likes_remaining': 100, u'match': False}
Aww, it's not a match:(
name: Kalea, id: 5a251f48d8341715086e9acf
Napping for 0.838903 seconds...
	liking... {u'likes_remaining': 100, u'match': False}
Aww, it's not a match:(
name: Ashley, id: 5a208dd3d593ec8942f7635a
Napping for 0.268531 seconds...
	liking... {u'likes_remaining': 100, u'match': False}
Aww, it's not a match:(
name: Briana, id: 58599ec32c075249445837fe
Napping for 0.052694 seconds...
	liking... {u'likes_remaining': 100, u'match': False}
Aww, it's not a match:(
name: Emily, id: 5a46b92a9e6f7d692586cf0b
Napping for 0.995257 seconds...
	liking... {u'likes_remaining': 100, u'match': False}
Aww, it's not a match:(
name: Jamie, id: 55c505f2bb70249311e79a03
Napping for 1.090333 seconds...
	liking... {u'likes_remaining': 100, u'match': False}
Aww, it's not a match:(
name: Melika, id: 5a4739e3aa9e1a4725d4fe83
Napping for 0.811752 seconds...
	liking... {u'likes_remaining': 100, u'match': False}
Aww, it's not a match:(
name: Sarah, id: 59dae32e6830afb72680ad31
Napping for 0.223060 seconds...
	liking... {u'likes_remaining': 100, u'match': False}
Aww, it's not a match:(
name: Casey, id: 5a1b8ed3d9154a1169aa921e
Napping for 0.266225 seconds...
	liking... {u'rate_limited_until': 1514660658422, u'likes_remaining': 0, u'match': False}
Aww, it's not a match:(
name: Rita, id: 583155a45cfb1ee46ffb2ddc
Napping for 0.062578 seconds...
	liking... {u'rate_limited_until': 1514660658422, u'likes_remaining': 0, u'match': False}
Aww, it's not a match:(
name: Sierra, id: 550f4f0564a85aaf1c243726
Napping for 0.551949 seconds...
	liking... {u'rate_limited_until': 1514660658422, u'likes_remaining': 0, u'match': False}
Aww, it's not a match:(
name: Juka, id: 56c67ceb9fff60834cdcba9e
Napping for 0.520018 seconds...
	liking... {u'rate_limited_until': 1514660658422, u'likes_remaining': 0, u'match': False}
Aww, it's not a match:(
name: Michelle, id: 5995138f0cde093f2e16f75c
Napping for 0.350288 seconds...
	liking... {u'rate_limited_until': 1514660658422, u'likes_remaining': 0, u'match': False}
Aww, it's not a match:(
name: Sofina, id: 5a2b235c7c54c52e3901838c
Napping for 0.121649 seconds...
	liking... {u'rate_limited_until': 1514660658422, u'likes_remaining': 0, u'match': False}
Aww, it's not a match:(
name: Emily, id: 59f631bed6967c4b6ba72301
Napping for 0.773324 seconds...
	liking... {u'rate_limited_until': 1514660658422, u'likes_remaining': 0, u'match': False}
Aww, it's not a match:(
name: Heather, id: 5a45d28d5920884b1d586d3e
Napping for 0.182226 seconds...
	liking... {u'rate_limited_until': 1514660658422, u'likes_remaining': 0, u'match': False}
Aww, it's not a match:(
name: Sara, id: 5a31f76996f2b8b105cde4d4
Napping for 0.099444 seconds...
	liking... {u'rate_limited_until': 1514660658422, u'likes_remaining': 0, u'match': False}
Aww, it's not a match:(
name: Caitlin, id: 59b76000aa76836c3af09573
Napping for 0.984904 seconds...
	liking... {u'rate_limited_until': 1514660658422, u'likes_remaining': 0, u'match': False}
Aww, it's not a match:(
name: Sarah, id: 58a20dc0ca2d8ca95a9905f2
Napping for 0.078800 seconds...
	liking... {u'rate_limited_until': 1514660658422, u'likes_remaining': 0, u'match': False}
Aww, it's not a match:(
name: AzizA, id: 5a36d92cf1d30c4c05587d78
Napping for 0.726444 seconds...
	liking... {u'rate_limited_until': 1514660658422, u'likes_remaining': 0, u'match': False}
Aww, it's not a match:(
name: Danielle, id: 5a34ae844ce394d416569e64
Napping for 0.017721 seconds...
	liking... {u'rate_limited_until': 1514660658422, u'likes_remaining': 0, u'match': False}
Aww, it's not a match:(
name: Tori, id: 59fa84212e1f5d4a0cb01705
Napping for 0.073608 seconds...
	liking... {u'rate_limited_until': 1514660658422, u'likes_remaining': 0, u'match': False}
Aww, it's not a match:(
name: Megan, id: 5a46e3bafaabd2bc617e5ab3
Napping for 1.012411 seconds...
	liking... {u'rate_limited_until': 1514660658422, u'likes_remaining': 0, u'match': False}
Aww, it's not a match:(
name: T, id: 5a3c56e8c6de1ca3024b7cb7
Napping for 0.625214 seconds...
	liking... {u'rate_limited_until': 1514660658422, u'likes_remaining': 0, u'match': False}
Aww, it's not a match:(
name: Ayushi, id: 5a3f7cd198f95f50125a73b0
Napping for 0.432561 seconds...
	liking... {u'rate_limited_until': 1514660658422, u'likes_remaining': 0, u'match': False}
Aww, it's not a match:(
name: Rishaaaliyah, id: 5a448dc72eced07167441bc9
Napping for 0.976095 seconds...
	liking... {u'rate_limited_until': 1514660658422, u'likes_remaining': 0, u'match': False}
Aww, it's not a match:(
name: Megan, id: 59c70cbc6d8c20783d47626e
Napping for 1.037371 seconds...
	liking... {u'rate_limited_until': 1514660658422, u'likes_remaining': 0, u'match': False}
Aww, it's not a match:(
name: Jessica, id: 53955afa7b6e38651ea947d1
Napping for 0.319062 seconds...
	liking... {u'rate_limited_until': 1514660658422, u'likes_remaining': 0, u'match': False}
Aww, it's not a match:(
name: Iris, id: 58609926080be8535fc3b308
Napping for 0.557207 seconds...
	liking... {u'rate_limited_until': 1514660658422, u'likes_remaining': 0, u'match': False}
Aww, it's not a match:(
name: Manraj, id: 5a4466fe9e6f7d692584db7e
Napping for 0.668461 seconds...
	liking... {u'rate_limited_until': 1514660658422, u'likes_remaining': 0, u'match': False}
Aww, it's not a match:(
name: Carissa, id: 5a38af6217519cd50b61994f
Napping for 0.523262 seconds...
	liking... {u'rate_limited_until': 1514660658422, u'likes_remaining': 0, u'match': False}
Aww, it's not a match:(
name: Pauline, id: 548482269e206a487b2a7e7d
Napping for 0.777737 seconds...
	liking... {u'rate_limited_until': 1514660658422, u'likes_remaining': 0, u'match': False}
Aww, it's not a match:(
name: Lisa, id: 5a3604e196f2b8b105d1a601
Napping for 1.198530 seconds...
	liking... {u'rate_limited_until': 1514660658422, u'likes_remaining': 0, u'match': False}
Aww, it's not a match:(
name: Monica, id: 5a3974f714181c5332ad4c8d
Napping for 1.079455 seconds...
	liking... {u'rate_limited_until': 1514660658422, u'likes_remaining': 0, u'match': False}
Aww, it's not a match:(
name: Colleen, id: 53f0f7e2ab8f2db149be6f3e
Napping for 1.002247 seconds...
	liking... {u'rate_limited_until': 1514660658422, u'likes_remaining': 0, u'match': False}
Aww, it's not a match:(
name: Fatimah, id: 5a35d0278c464cb70ff7a111
Napping for 0.464844 seconds...
	liking... {u'rate_limited_until': 1514660658422, u'likes_remaining': 0, u'match': False}
Aww, it's not a match:(
name: Kasandra, id: 5a45e51c56899e2525a2f17b
Napping for 0.814483 seconds...
	liking... {u'rate_limited_until': 1514660658422, u'likes_remaining': 0, u'match': False}
Aww, it's not a match:(
name: Svetlana, id: 59f8124e62dab66a0c53de5c
Napping for 0.317427 seconds...
	liking... {u'rate_limited_until': 1514660658422, u'likes_remaining': 0, u'match': False}
Aww, it's not a match:(
name: Izzy, id: 56821d7f1599a273255cc709
Napping for 0.026303 seconds...
	liking... {u'rate_limited_until': 1514660658422, u'likes_remaining': 0, u'match': False}
Aww, it's not a match:(
name: Aia, id: 597fe92f23175fc02d2d9282
Napping for 1.109020 seconds...
	liking... {u'rate_limited_until': 1514660658422, u'likes_remaining': 0, u'match': False}
Aww, it's not a match:(
name: Erin, id: 58634da49f0484bb0a0601a2
Napping for 0.198612 seconds...
	liking... {u'rate_limited_until': 1514660658422, u'likes_remaining': 0, u'match': False}
Aww, it's not a match:(
name: Brianna, id: 596c06bf88035257344b4299
Napping for 1.118239 seconds...
	liking... {u'rate_limited_until': 1514660658422, u'likes_remaining': 0, u'match': False}
Aww, it's not a match:(
name: Milfy, id: 59a8488d81d558ec079e4176
Napping for 0.517659 seconds...
	liking... {u'rate_limited_until': 1514660658422, u'likes_remaining': 0, u'match': False}
Aww, it's not a match:(
name: Kylie, id: 5a465c2c98f95f50125f30a4
Napping for 0.873141 seconds...
	liking... {u'rate_limited_until': 1514660658422, u'likes_remaining': 0, u'match': False}
Aww, it's not a match:(
name: Cori, id: 59e29f134094b87533e2ca13
Napping for 1.121060 seconds...
	liking... {u'rate_limited_until': 1514660658422, u'likes_remaining': 0, u'match': False}
Aww, it's not a match:(
name: Sheryl, id: 59f39cf71d0f17950c2c4546
Napping for 0.734318 seconds...
	liking... {u'rate_limited_until': 1514660658422, u'likes_remaining': 0, u'match': False}
Aww, it's not a match:(
name: Yasamin, id: 56747c83356c939e642eff03
Napping for 0.959635 seconds...
	liking... {u'rate_limited_until': 1514660658422, u'likes_remaining': 0, u'match': False}
Aww, it's not a match:(
name: Samantha, id: 5a35fe8df75486d90fd971e2
Napping for 0.959323 seconds...
	liking... {u'rate_limited_until': 1514660658422, u'likes_remaining': 0, u'match': False}
Aww, it's not a match:(
name: Shalay, id: 5a4083c55f165d7212352793
Napping for 0.323647 seconds...
	liking... {u'rate_limited_until': 1514660658422, u'likes_remaining': 0, u'match': False}
Aww, it's not a match:(
name: Juju, id: 5a47093136e65f961d5488e0
Napping for 0.820907 seconds...
	liking... {u'rate_limited_until': 1514660658422, u'likes_remaining': 0, u'match': False}
Aww, it's not a match:(
name: Samantha, id: 5a47291156899e2525a3f159
Napping for 0.530813 seconds...
	liking... {u'rate_limited_until': 1514660658422, u'likes_remaining': 0, u'match': False}
Aww, it's not a match:(
name: Edna, id: 588d71d573564ae27e8522a2
Napping for 0.645227 seconds...
	liking... {u'rate_limited_until': 1514660658422, u'likes_remaining': 0, u'match': False}
Aww, it's not a match:(
name: Julieta, id: 5746ac86d71801c714372a25
Napping for 0.435861 seconds...
	liking... {u'rate_limited_until': 1514660658422, u'likes_remaining': 0, u'match': False}
Aww, it's not a match:(
name: Gabrielle, id: 56c092c5202d94cc55313fec
Napping for 0.695304 seconds...
	liking... {u'rate_limited_until': 1514660658422, u'likes_remaining': 0, u'match': False}
Aww, it's not a match:(
name: Maddie, id: 58d9ca35ef1e549c0b5e3a0a
Napping for 1.180790 seconds...
	liking... {u'rate_limited_until': 1514660658422, u'likes_remaining': 0, u'match': False}
Aww, it's not a match:(
name: Brittany, id: 5470487d93ab29a5298f2894
Napping for 0.064811 seconds...
	liking... {u'rate_limited_until': 1514660658422, u'likes_remaining': 0, u'match': False}
Aww, it's not a match:(
name: Kelly, id: 56c6cbf5f62f510d32777044
Napping for 0.441905 seconds...
	liking... {u'rate_limited_until': 1514660658422, u'likes_remaining': 0, u'match': False}
Aww, it's not a match:(
name: Anahid, id: 5a45a837702237291d142602
Napping for 0.422041 seconds...
	liking... {u'rate_limited_until': 1514660658422, u'likes_remaining': 0, u'match': False}
Aww, it's not a match:(
name: Annette, id: 56f5fd37b359af1354c3fe2a
Napping for 0.176748 seconds...
	liking... {u'rate_limited_until': 1514660658422, u'likes_remaining': 0, u'match': False}
Aww, it's not a match:(
name: Sofia, id: 54cc231365b36fdb3c947b2b
Napping for 0.299131 seconds...
	liking... {u'rate_limited_until': 1514660658422, u'likes_remaining': 0, u'match': False}
Aww, it's not a match:(
name: Skyler, id: 5a3d4f40cd4b2ab86ece8270
Napping for 0.447855 seconds...
	liking... {u'rate_limited_until': 1514660658422, u'likes_remaining': 0, u'match': False}
Aww, it's not a match:(
name: Cecilia, id: 5a052409a643d198054e8ddd
Napping for 0.450671 seconds...
	liking... {u'rate_limited_until': 1514660658422, u'likes_remaining': 0, u'match': False}
Aww, it's not a match:(
name: Erica, id: 57dc9e226f0bf1bb20bb97ff
Napping for 0.425637 seconds...
	liking... {u'rate_limited_until': 1514660658422, u'likes_remaining': 0, u'match': False}
Aww, it's not a match:(
name: Marissa, id: 5a430ec136e65f961d51d83a
Napping for 0.363142 seconds...
	liking... {u'rate_limited_until': 1514660658422, u'likes_remaining': 0, u'match': False}
Aww, it's not a match:(
name: Tara, id: 5a46d6575920884b1d597282
Napping for 0.733108 seconds...
	liking... {u'rate_limited_until': 1514660658422, u'likes_remaining': 0, u'match': False}
Aww, it's not a match:(
name: Megan, id: 5108169d5d3b86fe0a0000ab
Napping for 0.838180 seconds...
	liking... {u'rate_limited_until': 1514660658422, u'likes_remaining': 0, u'match': False}
Aww, it's not a match:(
name: Laura, id: 599105496dbe492133cdacc1
Napping for 0.081301 seconds...
	liking... {u'rate_limited_until': 1514660658422, u'likes_remaining': 0, u'match': False}
Aww, it's not a match:(
name: Mayna, id: 5a4608475920884b1d589457
Napping for 0.145745 seconds...
	liking... {u'rate_limited_until': 1514660658422, u'likes_remaining': 0, u'match': False}
Aww, it's not a match:(
name: Ayla, id: 5a45adeae8dc17aa1e9ee333
Napping for 1.136316 seconds...
	liking... {u'rate_limited_until': 1514660658422, u'likes_remaining': 0, u'match': False}
Aww, it's not a match:(
name: Janessa, id: 59758f36b212a8916d29956f
Napping for 0.049453 seconds...
	liking... {u'rate_limited_until': 1514660658422, u'likes_remaining': 0, u'match': False}
Aww, it's not a match:(
name: Kendra, id: 5a3d8483aa9e1a4725cf3ba4
Napping for 0.964696 seconds...
	liking... {u'rate_limited_until': 1514660658422, u'likes_remaining': 0, u'match': False}
Aww, it's not a match:(
name: Natalia, id: 5743d32ddf1f0b1f0ef968f5
Napping for 0.471064 seconds...
	liking... {u'rate_limited_until': 1514660658422, u'likes_remaining': 0, u'match': False}
Aww, it's not a match:(
name: Kaila, id: 5a448df82eced07167441bed
Napping for 0.541720 seconds...
	liking... {u'rate_limited_until': 1514660658422, u'likes_remaining': 0, u'match': False}
Aww, it's not a match:(
name: Samara maia, id: 592b58a6794cd5865e7a9b84
Napping for 0.720428 seconds...
	liking... {u'rate_limited_until': 1514660658422, u'likes_remaining': 0, u'match': False}
Aww, it's not a match:(
name: Zara, id: 5a2db7b2f1d30c4c055297a7
Napping for 0.869451 seconds...
	liking... {u'rate_limited_until': 1514660658422, u'likes_remaining': 0, u'match': False}
Aww, it's not a match:(
name: Casey, id: 54c8aa9b1deb38ff196a920b
Napping for 0.335073 seconds...
	liking... {u'rate_limited_until': 1514660658422, u'likes_remaining': 0, u'match': False}
Aww, it's not a match:(
name: Samantha, id: 5a3def484584d1451e4933c8
Napping for 0.578156 seconds...
	liking... {u'rate_limited_until': 1514660658422, u'likes_remaining': 0, u'match': False}
Aww, it's not a match:(
name: Regina, id: 5917b9a591054c331c37e417
Napping for 0.099282 seconds...
	liking... {u'rate_limited_until': 1514660658422, u'likes_remaining': 0, u'match': False}
Aww, it's not a match:(
name: Cara, id: 5567fbeb584815574c265a78
Napping for 0.668835 seconds...
	liking... {u'rate_limited_until': 1514660658422, u'likes_remaining': 0, u'match': False}
Aww, it's not a match:(
name: Alicia, id: 59dbd99b6830afb726818968
Napping for 0.624377 seconds...
	liking... {u'rate_limited_until': 1514660658422, u'likes_remaining': 0, u'match': False}
Aww, it's not a match:(
name: Cindy, id: 5a454e565f165d7212388b52
Napping for 0.077634 seconds...
	liking... {u'rate_limited_until': 1514660658422, u'likes_remaining': 0, u'match': False}
Aww, it's not a match:(
name: Ashley, id: 55c2a723e1e6372a38fb960a
Napping for 1.032548 seconds...
	liking... {u'rate_limited_until': 1514660658422, u'likes_remaining': 0, u'match': False}
Aww, it's not a match:(
name: Rebecca, id: 59f90b11141e30b00cf4bae2
Napping for 0.427352 seconds...
	liking... {u'rate_limited_until': 1514660658422, u'likes_remaining': 0, u'match': False}
Aww, it's not a match:(
name: Amber, id: 5a472b375920884b1d59c31d
Napping for 0.246028 seconds...
	liking... {u'rate_limited_until': 1514660658422, u'likes_remaining': 0, u'match': False}
Aww, it's not a match:(
name: Sesilia, id: 5a43fbe756899e2525a1a4fb
Napping for 0.783191 seconds...
	liking... {u'rate_limited_until': 1514660658422, u'likes_remaining': 0, u'match': False}
Aww, it's not a match:(
name: Shandis, id: 58d81909a7847bd40b6f35ff
Napping for 0.441663 seconds...
	liking... {u'rate_limited_until': 1514660658422, u'likes_remaining': 0, u'match': False}
Aww, it's not a match:(
name: Zohal, id: 59d058e619606eb15cd9ebee
Napping for 0.959502 seconds...
	liking... {u'rate_limited_until': 1514660658422, u'likes_remaining': 0, u'match': False}
Aww, it's not a match:(
name: Diana, id: 559a7fcd74fe8b8a4b124c73
Napping for 0.995630 seconds...
	liking... {u'rate_limited_until': 1514660658422, u'likes_remaining': 0, u'match': False}
Aww, it's not a match:(
name: Yasmeen, id: 5a38ca22732eb8240ee6e3dd
Napping for 0.694903 seconds...
	liking... {u'rate_limited_until': 1514660658422, u'likes_remaining': 0, u'match': False}
Aww, it's not a match:(
name: Beatriz, id: 54406541447bf8153ac7cb95
Napping for 1.143222 seconds...
	liking... {u'rate_limited_until': 1514660658422, u'likes_remaining': 0, u'match': False}
Aww, it's not a match:(
name: Erika, id: 57f48f82afa0d4e24059487d
Napping for 0.056497 seconds...
	liking... {u'rate_limited_until': 1514660658422, u'likes_remaining': 0, u'match': False}
Aww, it's not a match:(
name: Annie, id: 5979d072125a5dd36ee4ce0a
Napping for 0.873591 seconds...
	liking... {u'rate_limited_until': 1514660658422, u'likes_remaining': 0, u'match': False}
Aww, it's not a match:(
name: Dana Clare, id: 5a440cdd56899e2525a1c00f
Napping for 0.236262 seconds...
	liking... {u'rate_limited_until': 1514660658422, u'likes_remaining': 0, u'match': False}
Aww, it's not a match:(
name: Irene, id: 58b41629c90bfd2f65eff0c4
Napping for 0.956600 seconds...
	liking... {u'rate_limited_until': 1514660658422, u'likes_remaining': 0, u'match': False}
Aww, it's not a match:(
name: Bessie, id: 5468a654c77d701007e12b86
Napping for 0.210842 seconds...
	liking... {u'rate_limited_until': 1514660658422, u'likes_remaining': 0, u'match': False}
Aww, it's not a match:(
name: Rukiat, id: 5a4465675f165d721237f9fb
Napping for 0.795903 seconds...
	liking... {u'rate_limited_until': 1514660658422, u'likes_remaining': 0, u'match': False}
Aww, it's not a match:(
name: Ingrid, id: 592857a7a30e80b87ce24f1f
Napping for 1.067364 seconds...
	liking... {u'rate_limited_until': 1514660658422, u'likes_remaining': 0, u'match': False}
Aww, it's not a match:(
name: Caroline, id: 50fae1e65a77a5e72b000073
Napping for 0.493600 seconds...
	liking... {u'rate_limited_until': 1514660658422, u'likes_remaining': 0, u'match': False}
Aww, it's not a match:(
name: Alicia, id: 55f5e4f82dd797ab2617f1b6
Napping for 0.007084 seconds...
	liking... {u'rate_limited_until': 1514660658422, u'likes_remaining': 0, u'match': False}
Aww, it's not a match:(
name: Victoria, id: 59b75f31cc6eac241f4ab2c9
Napping for 0.323440 seconds...
	liking... {u'rate_limited_until': 1514660658422, u'likes_remaining': 0, u'match': False}
Aww, it's not a match:(
name: Julie, id: 57944127ae81607a29bdf012
Napping for 0.688393 seconds...
	liking... {u'rate_limited_until': 1514660658422, u'likes_remaining': 0, u'match': False}
Aww, it's not a match:(
name: Marisa, id: 5998ad2879b909092ef303aa
Napping for 0.062956 seconds...
	liking... {u'rate_limited_until': 1514660658422, u'likes_remaining': 0, u'match': False}
Aww, it's not a match:(
name: Kay Kay, id: 59cb07f0d43070677e655232
Napping for 0.310344 seconds...
	liking... {u'rate_limited_until': 1514660658422, u'likes_remaining': 0, u'match': False}
Aww, it's not a match:(
name: Samantha, id: 5a1f74e35e5856dc6c70fb67
Napping for 0.365366 seconds...
	liking... {u'rate_limited_until': 1514660658422, u'likes_remaining': 0, u'match': False}
Aww, it's not a match:(
name: Andrea, id: 5a0529bd242e0c6205fee62d
Napping for 0.927383 seconds...
	liking... {u'rate_limited_until': 1514660658422, u'likes_remaining': 0, u'match': False}
Aww, it's not a match:(
name: Kendra, id: 56afbbb4a97a714228b0bf43
Napping for 0.574969 seconds...
	liking... {u'rate_limited_until': 1514660658422, u'likes_remaining': 0, u'match': False}
Aww, it's not a match:(
name: Prelisha, id: 5a4207009e6f7d6925833bb1
Napping for 0.932064 seconds...
	liking... {u'rate_limited_until': 1514660658422, u'likes_remaining': 0, u'match': False}
Aww, it's not a match:(
name: Evelin, id: 5833cb2dc0cb698654399e69
Napping for 0.924798 seconds...
	liking... {u'rate_limited_until': 1514660658422, u'likes_remaining': 0, u'match': False}
Aww, it's not a match:(
name: Chloe, id: 5a3df7fab86023b5127a318a
Napping for 0.997725 seconds...
	liking... {u'rate_limited_until': 1514660658422, u'likes_remaining': 0, u'match': False}
Aww, it's not a match:(
name: Rachel, id: 567240301a9db4d93b55f64f
Napping for 1.166992 seconds...
	liking... {u'rate_limited_until': 1514660658422, u'likes_remaining': 0, u'match': False}
Aww, it's not a match:(
name: Anna, id: 5a41dbc198f95f50125c3c0a
Napping for 0.855621 seconds...
	liking... {u'rate_limited_until': 1514660658422, u'likes_remaining': 0, u'match': False}
Aww, it's not a match:(
name: Jessica, id: 57ca51dbcd8c3bb10f203b6b
Napping for 0.397696 seconds...
	liking... {u'rate_limited_until': 1514660658422, u'likes_remaining': 0, u'match': False}
Aww, it's not a match:(
name: Lisset M., id: 5a3dbd90aa9e1a4725cf5a39
Napping for 1.019559 seconds...
	liking... {u'rate_limited_until': 1514660658422, u'likes_remaining': 0, u'match': False}
Aww, it's not a match:(
name: Caitriona, id: 57895d69bf34df450a54aec9
Napping for 0.140698 seconds...
	liking... {u'rate_limited_until': 1514660658422, u'likes_remaining': 0, u'match': False}
Aww, it's not a match:(
name: Kaitlin, id: 5a42a343faabd2bc617b1823
Napping for 0.840580 seconds...
	liking... {u'rate_limited_until': 1514660658422, u'likes_remaining': 0, u'match': False}
Aww, it's not a match:(
name: Ruby, id: 5a3a0034e3cd914631f2f339
Napping for 0.382904 seconds...
	liking... {u'rate_limited_until': 1514660658422, u'likes_remaining': 0, u'match': False}
Aww, it's not a match:(
name: Melissa, id: 57cbd0c180de0b4325e74552
Napping for 0.808464 seconds...
	liking... {u'rate_limited_until': 1514660658422, u'likes_remaining': 0, u'match': False}
Aww, it's not a match:(
name: Tanya, id: 522d442fe48ab48d19000018
Napping for 0.461128 seconds...
	liking... {u'rate_limited_until': 1514660658422, u'likes_remaining': 0, u'match': False}
Aww, it's not a match:(
name: Allyssa Marie, id: 5a42eab5199b629412dc1564
Napping for 0.320611 seconds...
	liking... {u'rate_limited_until': 1514660658422, u'likes_remaining': 0, u'match': False}
Aww, it's not a match:(
name: Sammy, id: 5a1cfbfdd9154a1169abd821
Napping for 0.082965 seconds...
	liking... {u'rate_limited_until': 1514660658422, u'likes_remaining': 0, u'match': False}
Aww, it's not a match:(
name: Sarah, id: 5a4718e856899e2525a3db42
Napping for 1.031581 seconds...
	liking... {u'rate_limited_until': 1514660658422, u'likes_remaining': 0, u'match': False}
Aww, it's not a match:(
name: Ari, id: 5a430d47b86023b5127d7a10
Napping for 0.073223 seconds...
	liking... {u'rate_limited_until': 1514660658422, u'likes_remaining': 0, u'match': False}
Aww, it's not a match:(
name: Sarah, id: 51a68e75b9f476335b000b9e
Napping for 0.946330 seconds...
	liking... {u'rate_limited_until': 1514660658422, u'likes_remaining': 0, u'match': False}
Aww, it's not a match:(
name: Haleigh, id: 5a13c7a2984ed5f70b26b6f0
Napping for 0.208840 seconds...
	liking... {u'rate_limited_until': 1514660658422, u'likes_remaining': 0, u'match': False}
Aww, it's not a match:(
name: Nora, id: 5a0fe16a542f69387813f387
Napping for 0.579002 seconds...
	liking... {u'rate_limited_until': 1514660658422, u'likes_remaining': 0, u'match': False}
Aww, it's not a match:(
name: Catie, id: 5a3dd3dae8dc17aa1e9b2cfa
Napping for 0.294761 seconds...
	liking... {u'rate_limited_until': 1514660658422, u'likes_remaining': 0, u'match': False}
Aww, it's not a match:(
name: Sophia, id: 531ad3ceaf92389a540005ef
Napping for 0.855369 seconds...
	liking... {u'rate_limited_until': 1514660658422, u'likes_remaining': 0, u'match': False}
Aww, it's not a match:(
name: Britt, id: 5933339941264cb43253fc06
Napping for 1.069768 seconds...
	liking... {u'rate_limited_until': 1514660658422, u'likes_remaining': 0, u'match': False}
Aww, it's not a match:(
name: Margarita, id: 5a36125aacf7656e05844a93
Napping for 0.257657 seconds...
	liking... {u'rate_limited_until': 1514660658422, u'likes_remaining': 0, u'match': False}
Aww, it's not a match:(
name: Olivia, id: 5a3897fbca247b9413c93a2d
Napping for 0.442453 seconds...
	liking... {u'rate_limited_until': 1514660658422, u'likes_remaining': 0, u'match': False}
Aww, it's not a match:(
name: Devyani, id: 593985e448eda4601fdd6466
Napping for 0.125262 seconds...
	liking... {u'rate_limited_until': 1514660658422, u'likes_remaining': 0, u'match': False}
Aww, it's not a match:(
name: Marie, id: 586601c553d7edd368235caa
Napping for 1.128911 seconds...
	liking... {u'rate_limited_until': 1514660658422, u'likes_remaining': 0, u'match': False}
Aww, it's not a match:(
name: Angie, id: 5a3ccb33c0fcbd7f02be4f43
Napping for 0.992332 seconds...
	liking... {u'rate_limited_until': 1514660658422, u'likes_remaining': 0, u'match': False}
Aww, it's not a match:(
name: Linda, id: 5a3e8e5a5f165d721233de11
Napping for 0.037543 seconds...
	liking... {u'rate_limited_until': 1514660658422, u'likes_remaining': 0, u'match': False}
Aww, it's not a match:(
name: Luiza, id: 59e767978f8b23787c4bfb80
Napping for 0.881866 seconds...
	liking... {u'rate_limited_until': 1514660658422, u'likes_remaining': 0, u'match': False}
Aww, it's not a match:(
name: Kiana, id: 58e14a628df9b22e7c336b2c
Napping for 0.354627 seconds...
	liking... {u'rate_limited_until': 1514660658422, u'likes_remaining': 0, u'match': False}
Aww, it's not a match:(
name: Yasmina, id: 5a35012e4ce394d41656eecb
Napping for 1.099587 seconds...
	liking... {u'rate_limited_until': 1514660658422, u'likes_remaining': 0, u'match': False}
Aww, it's not a match:(
name: Diana, id: 59ee52a554976ac9372bc9c4
Napping for 0.056512 seconds...
	liking... {u'rate_limited_until': 1514660658422, u'likes_remaining': 0, u'match': False}
Aww, it's not a match:(
name: Allysa, id: 5a151daa7526478f6334b57b
Napping for 0.680235 seconds...
	liking... {u'rate_limited_until': 1514660658422, u'likes_remaining': 0, u'match': False}
Aww, it's not a match:(
name: Riya, id: 574e34a4b81c11ef2075e53e
Napping for 0.343715 seconds...
	liking... {u'rate_limited_until': 1514660658422, u'likes_remaining': 0, u'match': False}
Aww, it's not a match:(
name: Mel, id: 59e46f8488bf5057151db95e
Napping for 0.028864 seconds...
	liking... {u'rate_limited_until': 1514660658422, u'likes_remaining': 0, u'match': False}
Aww, it's not a match:(
name: Sierra, id: 5948af6ed1efde702a68d5b6
Napping for 1.198716 seconds...
	liking... {u'rate_limited_until': 1514660658422, u'likes_remaining': 0, u'match': False}
Aww, it's not a match:(
name: Melissa, id: 5465b7d88bb99b80249cc5ab
Napping for 0.942336 seconds...
	liking... {u'rate_limited_until': 1514660658422, u'likes_remaining': 0, u'match': False}
Aww, it's not a match:(
name: Hannah, id: 59b86ff89e1afac71ecd0418
Napping for 1.102158 seconds...
	liking... {u'rate_limited_until': 1514660658422, u'likes_remaining': 0, u'match': False}
Aww, it's not a match:(
name: Elissa, id: 5a40ce622eced071674072e5
Napping for 0.057965 seconds...
	liking... {u'rate_limited_until': 1514660658422, u'likes_remaining': 0, u'match': False}
Aww, it's not a match:(
name: Karen, id: 58ff9dbd375033ae420079c5
Napping for 0.618836 seconds...
	liking... {u'rate_limited_until': 1514660658422, u'likes_remaining': 0, u'match': False}
Aww, it's not a match:(
name: Jessica, id: 5a089777cc9c431404f33ce8
Napping for 1.003901 seconds...
	liking... {u'rate_limited_until': 1514660658422, u'likes_remaining': 0, u'match': False}
Aww, it's not a match:(
name: Rhea, id: 59ea9d52021ee7b5248cb0eb
Napping for 0.473805 seconds...
	liking... {u'rate_limited_until': 1514660658422, u'likes_remaining': 0, u'match': False}
Aww, it's not a match:(
name: Catrina, id: 5700b6d0f1cad91e236282fb
Napping for 0.315576 seconds...
	liking... {u'rate_limited_until': 1514660658422, u'likes_remaining': 0, u'match': False}
Aww, it's not a match:(
