You have been successfully authorized!
running main
likes remaining: 100
name: Anica, id: 5997ef8879b909092ef27e8e
Napping for 0.059026 seconds...
	liking... {u'likes_remaining': 100, u'match': False}
Aww, it's not a match:(
name: Cathy, id: 5a41e69de8dc17aa1e9cecb5
Napping for 0.763601 seconds...
	liking... {u'likes_remaining': 100, u'match': False}
Aww, it's not a match:(
name: Julie, id: 5a3f491556899e25259f4ff1
Napping for 0.340630 seconds...
	liking... {u'likes_remaining': 100, u'match': False}
Aww, it's not a match:(
name: angie, id: 59ddc9324094b87533df812c
Napping for 0.557074 seconds...
	liking... {u'likes_remaining': 100, u'match': False}
Aww, it's not a match:(
name: Arielle, id: 52b7446e8852b90d2f00107a
Napping for 0.164841 seconds...
	liking... {u'likes_remaining': 100, u'match': False}
Aww, it's not a match:(
name: Laura, id: 59339bd55d973789622f0b44
Napping for 0.999489 seconds...
	liking... {u'likes_remaining': 100, u'match': False}
Aww, it's not a match:(
name: Veronica, id: 599f71a4646d298907cc92d5
Napping for 0.709723 seconds...
	liking... {u'likes_remaining': 100, u'match': False}
Aww, it's not a match:(
name: Amanda, id: 59ffac136cfb67215b7a989f
Napping for 0.134936 seconds...
	liking... {u'likes_remaining': 100, u'match': False}
Aww, it's not a match:(
name: Cat, id: 585f2b84e07c35591501a802
Napping for 1.096379 seconds...
	liking... {u'likes_remaining': 100, u'match': False}
Aww, it's not a match:(
name: Emma, id: 57463730394ee2240db26b7f
Napping for 0.063435 seconds...
	liking... {u'likes_remaining': 100, u'match': False}
Aww, it's not a match:(
name: Trina, id: 59eecf295a8c93e352d36e2b
Napping for 1.121181 seconds...
	liking... {u'likes_remaining': 100, u'match': False}
Aww, it's not a match:(
name: Zelina, id: 55f4b8c93f40c9064b01ccca
Napping for 0.679601 seconds...
	liking... {u'likes_remaining': 100, u'match': False}
Aww, it's not a match:(
name: Alyssa, id: 52ca6907fa6abbf222000b04
Napping for 0.839642 seconds...
	liking... {u'likes_remaining': 100, u'match': False}
Aww, it's not a match:(
name: Lucy, id: 59d98a8212e661964bf9d9ea
Napping for 0.820447 seconds...
	liking... {u'likes_remaining': 100, u'match': False}
Aww, it's not a match:(
name: Murphy, id: 51e796721f777f78230005b4
Napping for 0.201081 seconds...
	liking... {u'likes_remaining': 100, u'match': False}
Aww, it's not a match:(
name: Claire, id: 58ca37e0f9890a2054238c95
Napping for 1.001150 seconds...
	liking... {u'likes_remaining': 100, u'match': False}
Aww, it's not a match:(
name: Sulema, id: 5a37441096f2b8b105d2522e
Napping for 1.107082 seconds...
	liking... {u'likes_remaining': 100, u'match': False}
Aww, it's not a match:(
name: Elina, id: 59fd5ed89e21afaa54835648
Napping for 0.266019 seconds...
	liking... {u'likes_remaining': 100, u'match': False}
Aww, it's not a match:(
name: Keri, id: 53cf2cc4cc0358174d4f1148
Napping for 0.962772 seconds...
	liking... {u'likes_remaining': 100, u'match': False}
Aww, it's not a match:(
name: Christina, id: 5948b55321ad0e5d2ade8987
Napping for 0.491031 seconds...
	liking... {u'likes_remaining': 100, u'match': False}
Aww, it's not a match:(
name: Lily, id: 5a3cdadac6de1ca3024b8a65
Napping for 0.175618 seconds...
	liking... {u'likes_remaining': 100, u'match': False}
Aww, it's not a match:(
name: Idara, id: 5a1cb3429b83dbe36f6d556c
Napping for 0.538078 seconds...
	liking... {u'likes_remaining': 100, u'match': False}
Aww, it's not a match:(
name: Justyne, id: 59d0100019606eb15cd9b0b3
Napping for 0.292769 seconds...
	liking... {u'likes_remaining': 100, u'match': False}
Aww, it's not a match:(
name: Jaspreet, id: 597d6e97242e087c44339352
Napping for 0.873840 seconds...
	liking... {u'likes_remaining': 100, u'match': False}
Aww, it's not a match:(
name: Anisha Aggarwal, id: 59d467ec19606eb15cdd276c
Napping for 0.056294 seconds...
	liking... {u'likes_remaining': 100, u'match': False}
Aww, it's not a match:(
name: Katelyn, id: 5a39f647da699dda3866831b
Napping for 0.515111 seconds...
	liking... {u'likes_remaining': 100, u'match': False}
Aww, it's not a match:(
name: Yugi, id: 598139b9b094df0359c1e31b
Napping for 0.442713 seconds...
	liking... {u'likes_remaining': 100, u'match': False}
Aww, it's not a match:(
name: Nicoleee, id: 5a1f724539ed1f6169c0c5ec
Napping for 0.987068 seconds...
	liking... {u'likes_remaining': 100, u'match': False}
Aww, it's not a match:(
name: Bridget, id: 5a3dd3b0702237291d0ee080
Napping for 0.802128 seconds...
	liking... {u'likes_remaining': 100, u'match': False}
Aww, it's not a match:(
name: Saumya, id: 5a3f5f709e6f7d69258143be
Napping for 1.050513 seconds...
	liking... {u'likes_remaining': 100, u'match': False}
Aww, it's not a match:(
name: Jackie, id: 5a3b85182ed50a4e57039301
Napping for 0.329793 seconds...
	liking... {u'likes_remaining': 100, u'match': False}
Aww, it's not a match:(
name: Kris, id: 5a42e3ca199b629412dc069d
Napping for 0.829014 seconds...
	liking... {u'likes_remaining': 100, u'match': False}
Aww, it's not a match:(
name: Sydney, id: 56f5ea9b09383c3e55fa0e55
Napping for 0.373903 seconds...
	liking... {u'likes_remaining': 100, u'match': False}
Aww, it's not a match:(
name: Marina, id: 599752feac0e75295d37630a
Napping for 0.410999 seconds...
	liking... {u'likes_remaining': 100, u'match': False}
Aww, it's not a match:(
name: Nadine, id: 511078bd5397bdb12a0002d4
Napping for 0.315828 seconds...
	liking... {u'likes_remaining': 100, u'match': False}
Aww, it's not a match:(
name: Tiffany, id: 5a37671d96f2b8b105d26d07
Napping for 0.147779 seconds...
	liking... {u'likes_remaining': 100, u'match': False}
Aww, it's not a match:(
name: Yalda, id: 561982bd3c20a3a8693fc0af
Napping for 0.447770 seconds...
	liking... {u'likes_remaining': 100, u'match': False}
Aww, it's not a match:(
name: Chen, id: 5a3920b675ecd27b0e40b3ab
Napping for 0.148775 seconds...
	liking... {u'likes_remaining': 100, u'match': False}
Aww, it's not a match:(
name: Isabelle, id: 5a3acf08607d5a143121dc54
Napping for 1.026809 seconds...
	liking... {u'likes_remaining': 100, u'match': False}
Aww, it's not a match:(
name: Brenda, id: 5a29e91fc958a22b29f62a41
Napping for 0.489696 seconds...
	liking... {u'likes_remaining': 100, u'match': False}
Aww, it's not a match:(
name: Alyssa, id: 59b3927620258ddc31d1473b
Napping for 0.034790 seconds...
	liking... {u'likes_remaining': 100, u'match': False}
Aww, it's not a match:(
name: Saleena, id: 56f235b4380d693e5ab33d39
Napping for 0.495466 seconds...
	liking... {u'likes_remaining': 100, u'match': False}
Aww, it's not a match:(
name: Sierra, id: 5a3f68804584d1451e49b132
Napping for 0.926117 seconds...
	liking... {u'likes_remaining': 100, u'match': False}
Aww, it's not a match:(
name: Laila, id: 59a8ca64c1b592a202a6cea8
Napping for 0.945346 seconds...
	liking... {u'likes_remaining': 100, u'match': False}
Aww, it's not a match:(
name: Carola, id: 5983824ae6eae08847d7ad13
Napping for 0.206006 seconds...
	liking... {u'likes_remaining': 100, u'match': False}
Aww, it's not a match:(
name: Julia, id: 5699453feab29b2359213bcd
Napping for 0.337830 seconds...
	liking... {u'likes_remaining': 100, u'match': False}
Aww, it's not a match:(
name: Sondrine, id: 5764a5b5795684623194a812
Napping for 0.749243 seconds...
	liking... {u'likes_remaining': 100, u'match': False}
Aww, it's not a match:(
name: Nicole, id: 5a3d9c97aa9e1a4725cf4dc6
Napping for 0.203983 seconds...
	liking... {u'likes_remaining': 100, u'match': False}
Aww, it's not a match:(
name: Margaret, id: 57d44606f0db15456f5ff6a1
Napping for 0.925623 seconds...
	liking... {u'likes_remaining': 100, u'match': False}
Aww, it's not a match:(
name: Carolyn, id: 57929ebf2be5dbf9192d1182
Napping for 0.573263 seconds...
	liking... {u'likes_remaining': 100, u'match': False}
Aww, it's not a match:(
name: Denia, id: 5a33973d96f2b8b105cf0443
Napping for 0.874821 seconds...
	liking... {u'likes_remaining': 100, u'match': False}
Aww, it's not a match:(
name: Simran, id: 578db69ee4325f070a9a2ff5
Napping for 1.126494 seconds...
	liking... {u'likes_remaining': 100, u'match': False}
Aww, it's not a match:(
name: Ashley, id: 5a39c34d21bcac2632cfe609
Napping for 0.717275 seconds...
	liking... {u'likes_remaining': 100, u'match': False}
Aww, it's not a match:(
name: Lauren, id: 57365bd0d114e8f111b0c215
Napping for 0.612434 seconds...
	liking... {u'likes_remaining': 100, u'match': False}
Aww, it's not a match:(
name: Anna, id: 5a374a1fc42152b3167f8108
Napping for 0.929962 seconds...
	liking... {u'likes_remaining': 100, u'match': False}
Aww, it's not a match:(
name: Jaclyn, id: 54ea933f818a6e5b375fd33f
Napping for 1.051880 seconds...
	liking... {u'likes_remaining': 100, u'match': False}
Aww, it's not a match:(
name: Diana, id: 5a3ea40c4584d1451e496a60
Napping for 0.371455 seconds...
	liking... {u'likes_remaining': 100, u'match': False}
Aww, it's not a match:(
name: Nisha, id: 53094fb854d71de129000572
Napping for 1.015451 seconds...
	liking... {u'likes_remaining': 100, u'match': False}
Aww, it's not a match:(
name: Bianca, id: 5a409a8f98f95f50125b5d31
Napping for 0.094835 seconds...
	liking... {u'likes_remaining': 100, u'match': False}
Aww, it's not a match:(
name: Angela, id: 5a42f8855920884b1d563c20
Napping for 0.756616 seconds...
	liking... {u'likes_remaining': 100, u'match': False}
Aww, it's not a match:(
name: Marilyn, id: 5a121b8b8802dc440147abe0
Napping for 0.620182 seconds...
	liking... {u'likes_remaining': 100, u'match': False}
Aww, it's not a match:(
name: Jacqueline, id: 5a3da46f98f95f5012598c66
Napping for 0.487460 seconds...
	liking... {u'likes_remaining': 100, u'match': False}
Aww, it's not a match:(
name: Julia, id: 57588f66c1306f6f0d575132
Napping for 0.302773 seconds...
	liking... {u'likes_remaining': 100, u'match': False}
Aww, it's not a match:(
name: Peppy, id: 5962a71f8439c3e372943aa8
Napping for 0.390474 seconds...
	liking... {u'likes_remaining': 100, u'match': False}
Aww, it's not a match:(
name: Lucy, id: 5a3c6116c0fcbd7f02be0014
Napping for 0.878420 seconds...
	liking... {u'likes_remaining': 100, u'match': False}
Aww, it's not a match:(
name: Suzanne, id: 56f85681a2163e4673920466
Napping for 0.558043 seconds...
	liking... {u'likes_remaining': 100, u'match': False}
Aww, it's not a match:(
name: Autumn, id: 5a389783c906947e0b561926
Napping for 0.356904 seconds...
	liking... {u'likes_remaining': 100, u'match': False}
Aww, it's not a match:(
name: Alexandra, id: 5917b754bc6ea4df1bc222fa
Napping for 0.158666 seconds...
	liking... {u'likes_remaining': 100, u'match': False}
Aww, it's not a match:(
name: Brandee, id: 5a383fe5ca247b9413c8bf00
Napping for 0.880394 seconds...
	liking... {u'likes_remaining': 100, u'match': False}
Aww, it's not a match:(
name: Melanie, id: 56e3886efa000ec930f17e12
Napping for 0.785644 seconds...
	liking... {u'likes_remaining': 100, u'match': False}
Aww, it's not a match:(
name: Monica, id: 530dc3ddc8c86fe0160003f8
Napping for 0.165161 seconds...
	liking... {u'likes_remaining': 100, u'match': False}
Aww, it's not a match:(
name: Becca, id: 53d0913ddc1a77bb75191b0a
Napping for 0.892421 seconds...
	liking... {u'likes_remaining': 100, u'match': False}
Aww, it's not a match:(
name: Jillian, id: 57dd98cfca2acc0021432570
Napping for 1.140004 seconds...
	liking... {u'likes_remaining': 100, u'match': False}
Aww, it's not a match:(
name: Katie, id: 53fa2d937e4e020f59c469ac
Napping for 0.092968 seconds...
	liking... {u'likes_remaining': 100, u'match': False}
Aww, it's not a match:(
name: Stella, id: 5889a7f31d40b4675f298a0f
Napping for 0.461211 seconds...
	liking... {u'likes_remaining': 100, u'match': False}
Aww, it's not a match:(
name: Cecilia, id: 54953693ea2b785a76cb5ab3
Napping for 0.400381 seconds...
	liking... {u'likes_remaining': 100, u'match': False}
Aww, it's not a match:(
name: Marlee, id: 5505c4811dbfa466604d0839
Napping for 0.128218 seconds...
	liking... {u'likes_remaining': 100, u'match': False}
Aww, it's not a match:(
name: Kylie, id: 56899de27b7b1c7377459c4a
Napping for 0.232710 seconds...
	liking... {u'likes_remaining': 100, u'match': False}
Aww, it's not a match:(
name: Yaritza, id: 58462f0d9ae9a67935ace8c4
Napping for 1.079919 seconds...
	liking... {u'likes_remaining': 100, u'match': False}
Aww, it's not a match:(
name: Rosario, id: 599916e857ad3fcd5cd15ecf
Napping for 1.047210 seconds...
	liking... {u'likes_remaining': 100, u'match': False}
Aww, it's not a match:(
name: Alyssa, id: 58eae1b73cdee9b56a6032fb
Napping for 0.463247 seconds...
	liking... {u'likes_remaining': 100, u'match': False}
Aww, it's not a match:(
name: Claire, id: 590428124bdaa7fb04ef433e
Napping for 0.315329 seconds...
	liking... {u'likes_remaining': 100, u'match': False}
Aww, it's not a match:(
name: Pilar, id: 5a3a0329e3cd914631f2f591
Napping for 0.302855 seconds...
	liking... {u'likes_remaining': 100, u'match': False}
Aww, it's not a match:(
name: Tamyres, id: 59d9b9052bc0cd2d261b3d6f
Napping for 0.154170 seconds...
	liking... {u'likes_remaining': 100, u'match': False}
Aww, it's not a match:(
name: Healani, id: 56fddcf4648387fa1cb02b8c
Napping for 1.053325 seconds...
	liking... {u'likes_remaining': 100, u'match': False}
Aww, it's not a match:(
name: Megha, id: 558ba56df030cb1d6cc8b164
Napping for 0.620561 seconds...
	liking... {u'likes_remaining': 100, u'match': False}
Aww, it's not a match:(
name: Bharathi, id: 58b28cbb68b44d814fd1e1f2
Napping for 0.029450 seconds...
	liking... {u'likes_remaining': 100, u'match': False}
Aww, it's not a match:(
name: Sarika, id: 54cb381dac433a0253099e5c
Napping for 0.376712 seconds...
	liking... {u'likes_remaining': 100, u'match': False}
Aww, it's not a match:(
name: Mary, id: 59fd4c8a644b6ced5a1ac130
Napping for 0.620139 seconds...
	liking... {u'likes_remaining': 100, u'match': False}
Aww, it's not a match:(
name: Kendra, id: 5929167536051d837c19764b
Napping for 0.222841 seconds...
	liking... {u'likes_remaining': 100, u'match': False}
Aww, it's not a match:(
name: Cathie, id: 5a436d3e2eced0716742f559
Napping for 0.258721 seconds...
	liking... {u'likes_remaining': 100, u'match': False}
Aww, it's not a match:(
name: Dana, id: 5a0d0c3180ba23df7161565f
Napping for 0.987104 seconds...
	liking... {u'likes_remaining': 100, u'match': False}
Aww, it's not a match:(
