You have been successfully authorized!
running main
likes remaining: 0
name: Mercedes, id: 55d96a3234133d9027b763a0
Napping for 0.305217 seconds...
	liking... {u'rate_limited_until': 1515606721832, u'likes_remaining': 0, u'match': False}
Aww, it's not a match:(
out of likes. Closing...
name: Chanel, id: 53fc4da0607d735453800614
Napping for 1.097100 seconds...
	liking... {u'rate_limited_until': 1515606721832, u'likes_remaining': 0, u'match': False}
Aww, it's not a match:(
out of likes. Closing...
name: Kristina, id: 5a506fce8289d2414a016990
Napping for 0.721268 seconds...
	liking... {u'rate_limited_until': 1515606721832, u'likes_remaining': 0, u'match': False}
Aww, it's not a match:(
out of likes. Closing...
name: Mia, id: 511050b758585a5e2c00021e
Napping for 0.593894 seconds...
	liking... {u'rate_limited_until': 1515606721832, u'likes_remaining': 0, u'match': False}
Aww, it's not a match:(
out of likes. Closing...
name: Maria, id: 5a4ecab00066185a09a4809e
Napping for 0.667703 seconds...
	liking... {u'rate_limited_until': 1515606721832, u'likes_remaining': 0, u'match': False}
Aww, it's not a match:(
out of likes. Closing...
name: Theresa, id: 5a529fb7e343b0055d409d35
Napping for 0.448628 seconds...
	liking... {u'rate_limited_until': 1515606721832, u'likes_remaining': 0, u'match': False}
Aww, it's not a match:(
out of likes. Closing...
name: Weronika, id: 5434c91eceb28eb857120d40
Napping for 0.821781 seconds...
	liking... {u'rate_limited_until': 1515606721832, u'likes_remaining': 0, u'match': False}
Aww, it's not a match:(
out of likes. Closing...
name: Paulina, id: 5a19c7b248b5722c69d9c08b
Napping for 1.034213 seconds...
	liking... {u'rate_limited_until': 1515606721832, u'likes_remaining': 0, u'match': False}
Aww, it's not a match:(
out of likes. Closing...
name: Julieta, id: 5746ac86d71801c714372a25
Napping for 0.188534 seconds...
	liking... {u'rate_limited_until': 1515606721832, u'likes_remaining': 0, u'match': False}
Aww, it's not a match:(
out of likes. Closing...
name: Anastasia, id: 5a349fe896f2b8b105d020ff
Napping for 0.988095 seconds...
	liking... {u'rate_limited_until': 1515606721832, u'likes_remaining': 0, u'match': False}
Aww, it's not a match:(
out of likes. Closing...
name: Michelle, id: 5a4f33d19857331203e1a9d4
Napping for 0.760417 seconds...
	liking... {u'rate_limited_until': 1515606721832, u'likes_remaining': 0, u'match': False}
Aww, it's not a match:(
out of likes. Closing...
name: Sami, id: 5a4ef85fddc34b0f021d91e3
Napping for 0.905840 seconds...
	liking... {u'rate_limited_until': 1515606721832, u'likes_remaining': 0, u'match': False}
Aww, it's not a match:(
out of likes. Closing...
name: Ayushi, id: 5a3f7cd198f95f50125a73b0
Napping for 0.043135 seconds...
	liking... {u'rate_limited_until': 1515606721832, u'likes_remaining': 0, u'match': False}
Aww, it's not a match:(
out of likes. Closing...
name: Michelle, id: 5a4b2db32eced07167487422
Napping for 0.796063 seconds...
	liking... {u'rate_limited_until': 1515606721832, u'likes_remaining': 0, u'match': False}
Aww, it's not a match:(
out of likes. Closing...
name: Vera, id: 5a4f0c1b4d1f357b097163ca
Napping for 1.098290 seconds...
	liking... {u'rate_limited_until': 1515606721832, u'likes_remaining': 0, u'match': False}
Aww, it's not a match:(
out of likes. Closing...
name: Diksha, id: 5a45b8bcaa9e1a4725d3e7f1
Napping for 0.907933 seconds...
	liking... {u'rate_limited_until': 1515606721832, u'likes_remaining': 0, u'match': False}
Aww, it's not a match:(
out of likes. Closing...
name: Rachelle, id: 5a532c2c707af2d86f902dc7
Napping for 0.537508 seconds...
	liking... {u'rate_limited_until': 1515606721832, u'likes_remaining': 0, u'match': False}
Aww, it's not a match:(
out of likes. Closing...
name: Terrina, id: 5a5522080d4f3e71698f8998
Napping for 0.066129 seconds...
	liking... {u'rate_limited_until': 1515606721832, u'likes_remaining': 0, u'match': False}
Aww, it's not a match:(
out of likes. Closing...
name: Silvia, id: 5a4c5e21faabd2bc6181a126
Napping for 0.200453 seconds...
	liking... {u'rate_limited_until': 1515606721832, u'likes_remaining': 0, u'match': False}
Aww, it's not a match:(
out of likes. Closing...
name: Michelleariel, id: 55b8780f5cdb777d6a9a5d3e
Napping for 0.088416 seconds...
	liking... {u'rate_limited_until': 1515606721832, u'likes_remaining': 0, u'match': False}
Aww, it's not a match:(
out of likes. Closing...
