You have been successfully authorized!
running main
likes remaining: 0
name: Kylie, id: 596412d3949b465a61cb5ebf
Napping for 0.291488 seconds...
	liking... {u'rate_limited_until': 1513327099941, u'likes_remaining': 0, u'match': False}
Aww, it's not a match:(
name: Jinal, id: 5a3031b8e495329005928799
Napping for 1.028046 seconds...
	liking... {u'rate_limited_until': 1513327099941, u'likes_remaining': 0, u'match': False}
Aww, it's not a match:(
name: Komal, id: 59b995185df5efaf0a34baa7
Napping for 1.116158 seconds...
	liking... {u'rate_limited_until': 1513327099941, u'likes_remaining': 0, u'match': False}
Aww, it's not a match:(
name: Dulce, id: 597acf3c7bbfc3f91b9504ba
Napping for 0.548903 seconds...
	liking... {u'rate_limited_until': 1513327099941, u'likes_remaining': 0, u'match': False}
Aww, it's not a match:(
name: Janelle, id: 59be9c0dd69883a2104c9632
Napping for 0.768722 seconds...
	liking... {u'rate_limited_until': 1513327099941, u'likes_remaining': 0, u'match': False}
Aww, it's not a match:(
name: Brieanna, id: 59d701926830afb7267d33b3
Napping for 0.488466 seconds...
	liking... {u'rate_limited_until': 1513327099941, u'likes_remaining': 0, u'match': False}
Aww, it's not a match:(
name: Sydney, id: 5577cf41903c5f8469ab9c8e
Napping for 0.202330 seconds...
	liking... {u'rate_limited_until': 1513327099941, u'likes_remaining': 0, u'match': False}
Aww, it's not a match:(
