You have been successfully authorized!
running main
likes remaining: 100
name: Galen, id: 5a375a0cacf7656e058553ea
Napping for 0.089389 seconds...
	liking... {u'likes_remaining': 100, u'match': False}
Aww, it's not a match:(
name: Sabine, id: 597e28273b73fd5a2986757e
Napping for 0.626416 seconds...
	liking... {u'likes_remaining': 100, u'match': {u'common_like_count': 0, u'is_super_like': False, u'common_friend_count': 0, u'is_fast_match': False, u'is_boost_match': False, u'messages': [], u'last_activity_date': u'2017-12-19T05:22:18.988Z', u'dead': False, u'message_count': 0, u'participants': [u'5411d98b8ce312114adedd68', u'597e28273b73fd5a2986757e'], u'closed': False, u'created_date': u'2017-12-19T05:22:18.988Z', u'following': True, u'following_moments': True, u'_id': u'5411d98b8ce312114adedd68597e28273b73fd5a2986757e', u'pending': False}}
It's a match!
{u'status': u'404', u'error': u''}
name: Sneha, id: 59fe55c18ca924e157379ec7
Napping for 0.668230 seconds...
	liking... {u'likes_remaining': 100, u'match': False}
Aww, it's not a match:(
name: Amanpreet, id: 5a30bf4db76904150dac7fe1
Napping for 0.626985 seconds...
	liking... {u'likes_remaining': 100, u'match': False}
Aww, it's not a match:(
name: Zoe, id: 58cc62d4a472a7532820884a
Napping for 0.881162 seconds...
	liking... {u'likes_remaining': 100, u'match': False}
Aww, it's not a match:(
name: Leah, id: 56b16c1baf2e1fc73db76a71
Napping for 0.138724 seconds...
	liking... {u'likes_remaining': 100, u'match': False}
Aww, it's not a match:(
name: Katherine, id: 56904ca67199543b2ac7c9f8
Napping for 1.095388 seconds...
	liking... {u'likes_remaining': 100, u'match': False}
Aww, it's not a match:(
name: Tayilar, id: 5a3762fff75486d90fda9517
Napping for 1.008843 seconds...
	liking... {u'likes_remaining': 100, u'match': False}
Aww, it's not a match:(
name: Michelle, id: 53b8a23ee632a5bd2fa9761d
Napping for 0.039985 seconds...
	liking... {u'likes_remaining': 100, u'match': False}
Aww, it's not a match:(
name: Marie, id: 58b84291a96dbdd64651ade6
Napping for 0.596394 seconds...
	liking... {u'likes_remaining': 100, u'match': False}
Aww, it's not a match:(
name: Doris, id: 554315900b80dbbf556bb48f
Napping for 0.051974 seconds...
	liking... {u'likes_remaining': 100, u'match': False}
Aww, it's not a match:(
name: Dabin, id: 5a37740d2f46971c105895bd
Napping for 0.315526 seconds...
	liking... {u'likes_remaining': 100, u'match': False}
Aww, it's not a match:(
name: Victoria, id: 592374c7a59b56cd2bb4f59c
Napping for 0.855612 seconds...
	liking... {u'likes_remaining': 100, u'match': False}
Aww, it's not a match:(
name: Erin, id: 53b1b2d8015446944cb07b68
Napping for 1.143757 seconds...
	liking... {u'likes_remaining': 100, u'match': False}
Aww, it's not a match:(
name: Tina, id: 59ebfc5f007f1531242f23ba
Napping for 0.460751 seconds...
	liking... {u'likes_remaining': 100, u'match': False}
Aww, it's not a match:(
name: Lauren, id: 5a13ca61ef08e47b165cddbe
Napping for 0.544421 seconds...
	liking... {u'likes_remaining': 100, u'match': False}
Aww, it's not a match:(
name: Bri, id: 5a1447d5da15861a17938e9a
Napping for 0.798847 seconds...
	liking... {u'likes_remaining': 100, u'match': False}
Aww, it's not a match:(
name: Janet, id: 5a3764dc2f46971c105881c9
Napping for 0.992542 seconds...
	liking... {u'likes_remaining': 100, u'match': False}
Aww, it's not a match:(
name: Annie, id: 57d8aaa6d2cbc99b157ad0d2
Napping for 1.113113 seconds...
	liking... {u'likes_remaining': 100, u'match': False}
Aww, it's not a match:(
name: Yvette, id: 5a38401cc906947e0b55d200
Napping for 1.168442 seconds...
	liking... {u'likes_remaining': 100, u'match': False}
Aww, it's not a match:(
name: Alix, id: 5a16708cf546b24b69de9bd0
Napping for 1.174161 seconds...
	liking... {u'likes_remaining': 100, u'match': False}
Aww, it's not a match:(
name: Natasha, id: 5a32f931f75486d90fd7623e
Napping for 0.706187 seconds...
	liking... {u'likes_remaining': 100, u'match': False}
Aww, it's not a match:(
name: Kate, id: 577818aa051d540a63cd1f54
Napping for 0.097752 seconds...
	liking... {u'likes_remaining': 100, u'match': False}
Aww, it's not a match:(
name: Christina, id: 58f06aa395ca1df3232b6c2b
Napping for 0.447575 seconds...
	liking... {u'likes_remaining': 100, u'match': False}
Aww, it's not a match:(
name: Thu, id: 58a1248206f32d92455d2b91
Napping for 0.294733 seconds...
	liking... {u'likes_remaining': 100, u'match': False}
Aww, it's not a match:(
name: MJ, id: 5a35946a8c464cb70ff74932
Napping for 0.374587 seconds...
	liking... {u'likes_remaining': 100, u'match': False}
Aww, it's not a match:(
name: Cara, id: 53d5b45ff011e94b587d44f6
Napping for 1.097764 seconds...
	liking... {u'likes_remaining': 100, u'match': False}
Aww, it's not a match:(
name: Heidi, id: 59ed7e596aefe26124f2e8b1
Napping for 0.209753 seconds...
	liking... {u'likes_remaining': 100, u'match': False}
Aww, it's not a match:(
name: Juane, id: 5a388fa9e0982c697fda23ac
Napping for 0.136522 seconds...
	liking... {u'likes_remaining': 100, u'match': False}
Aww, it's not a match:(
name: Ariana, id: 5a375cc4c32aba580db001b4
Napping for 1.154221 seconds...
	liking... {u'likes_remaining': 100, u'match': False}
Aww, it's not a match:(
name: Morgan, id: 591d66e9116275792b6ebf82
Napping for 0.906128 seconds...
	liking... {u'likes_remaining': 100, u'match': False}
Aww, it's not a match:(
name: Serenity, id: 5a08fe5e93ab55fb7dc802db
Napping for 0.475986 seconds...
	liking... {u'likes_remaining': 100, u'match': False}
Aww, it's not a match:(
name: Kris, id: 5a36b3ccf1d30c4c055853d3
Napping for 0.650102 seconds...
	liking... {u'likes_remaining': 100, u'match': False}
Aww, it's not a match:(
name: Jenny, id: 5a305de14ce394d41653b02d
Napping for 0.912433 seconds...
	liking... {u'likes_remaining': 100, u'match': False}
Aww, it's not a match:(
name: Mariah, id: 5a3228be4ce394d4165483c8
Napping for 0.451637 seconds...
	liking... {u'likes_remaining': 100, u'match': False}
Aww, it's not a match:(
name: Sydney, id: 53abd6fd015446944caecd91
Napping for 0.528373 seconds...
	liking... {u'likes_remaining': 100, u'match': False}
Aww, it's not a match:(
name: Helen, id: 5870a6e2349c9bd144c045ad
Napping for 1.120343 seconds...
	liking... {u'likes_remaining': 100, u'match': False}
Aww, it's not a match:(
name: Desirae, id: 58ee9d7ee260acac41575c13
Napping for 1.198848 seconds...
	liking... {u'likes_remaining': 100, u'match': False}
Aww, it's not a match:(
name: Jessica, id: 5a3620e32f46971c1057abfc
Napping for 1.133498 seconds...
	liking... {u'likes_remaining': 100, u'match': False}
Aww, it's not a match:(
name: Haley, id: 594c8f3daf1ee913118c5e79
Napping for 0.325497 seconds...
	liking... {u'likes_remaining': 100, u'match': False}
Aww, it's not a match:(
name: Amanda, id: 511f272da6ed3a0e1f0003fc
Napping for 0.044867 seconds...
	liking... {u'likes_remaining': 100, u'match': False}
Aww, it's not a match:(
name: Cindy, id: 5a1f5f306dce70a963ee1207
Napping for 0.599155 seconds...
	liking... {u'likes_remaining': 100, u'match': False}
Aww, it's not a match:(
name: Natalya, id: 5a3049eab76904150dac3564
Napping for 0.148767 seconds...
	liking... {u'likes_remaining': 100, u'match': False}
Aww, it's not a match:(
name: Jenny, id: 5a13dd87d4ddd237140fd796
Napping for 0.794926 seconds...
	liking... {u'likes_remaining': 100, u'match': False}
Aww, it's not a match:(
name: Lynne, id: 5a31a1494ce394d416543d32
Napping for 0.546445 seconds...
	liking... {u'likes_remaining': 100, u'match': False}
Aww, it's not a match:(
name: Mel, id: 54df0a58a60787df6aaba413
Napping for 0.301071 seconds...
	liking... {u'likes_remaining': 100, u'match': False}
Aww, it's not a match:(
name: Calie, id: 52b94b26765a8dda720007c7
Napping for 0.372633 seconds...
	liking... {u'likes_remaining': 100, u'match': False}
Aww, it's not a match:(
name: Megan, id: 545f327fffe287aa1c21f893
Napping for 0.073291 seconds...
	liking... {u'likes_remaining': 100, u'match': False}
Aww, it's not a match:(
name: Sandy, id: 59cecb74086f89f45c92f643
Napping for 1.198229 seconds...
	liking... {u'likes_remaining': 100, u'match': False}
Aww, it's not a match:(
name: Elise, id: 5a1a170d5e5856dc6c6c2ab2
Napping for 0.911509 seconds...
	liking... {u'likes_remaining': 100, u'match': False}
Aww, it's not a match:(
name: Saira, id: 5a31df51c32aba580dac9859
Napping for 0.990381 seconds...
	liking... {u'likes_remaining': 100, u'match': False}
Aww, it's not a match:(
name: Erica, id: 59ca01b9a43bba6438334c19
Napping for 0.660428 seconds...
	liking... {u'likes_remaining': 100, u'match': False}
Aww, it's not a match:(
name: Whitney, id: 59dfa33e88bf5057151a7ce7
Napping for 0.333402 seconds...
	liking... {u'likes_remaining': 100, u'match': False}
Aww, it's not a match:(
name: Jessi, id: 59fdb21f287d547c57a3b990
Napping for 0.615434 seconds...
	liking... {u'likes_remaining': 100, u'match': False}
Aww, it's not a match:(
name: Sara, id: 558b6e9eed1c0810351020bf
Napping for 0.724130 seconds...
	liking... {u'likes_remaining': 100, u'match': False}
Aww, it's not a match:(
name: Sharon, id: 5a30a6c0c32aba580dab8eca
Napping for 0.242723 seconds...
	liking... {u'likes_remaining': 100, u'match': False}
Aww, it's not a match:(
name: Alisson, id: 5970ea4a31bfe0d251d7e0bf
Napping for 0.651015 seconds...
	liking... {u'likes_remaining': 100, u'match': False}
Aww, it's not a match:(
name: Michelle, id: 57d8cc39579415ee1ee0dd5f
Napping for 0.428103 seconds...
	liking... {u'likes_remaining': 100, u'match': False}
Aww, it's not a match:(
name: Fhernanda, id: 59f65566153939966031a233
Napping for 0.466197 seconds...
	liking... {u'likes_remaining': 100, u'match': False}
Aww, it's not a match:(
name: Maggie, id: 5a31bd085b39086f165ac2ef
Napping for 1.097076 seconds...
	liking... {u'likes_remaining': 100, u'match': False}
Aww, it's not a match:(
name: Kelsey, id: 5a290bb23dc88d2130c0e844
Napping for 0.208574 seconds...
	liking... {u'likes_remaining': 100, u'match': False}
Aww, it's not a match:(
name: Catherine, id: 55d408db6ef79c3d4ce2178d
Napping for 0.827290 seconds...
	liking... {u'likes_remaining': 100, u'match': False}
Aww, it's not a match:(
name: Emmie, id: 561ab11c5d08cea37b6ccf89
Napping for 1.199247 seconds...
	liking... {u'likes_remaining': 100, u'match': False}
Aww, it's not a match:(
name: Kira, id: 55f0a0fc0947aa030218914a
Napping for 0.246242 seconds...
	liking... {u'likes_remaining': 100, u'match': False}
Aww, it's not a match:(
name: Sarah, id: 580af64b9f2ff67625b10390
Napping for 0.993287 seconds...
	liking... {u'likes_remaining': 100, u'match': False}
Aww, it's not a match:(
name: Kimmy, id: 5a2620999980c6f903518773
Napping for 0.791117 seconds...
	liking... {u'likes_remaining': 100, u'match': False}
Aww, it's not a match:(
name: Sofia, id: 5a38944313838f3c7f8e4104
Napping for 1.094035 seconds...
	liking... {u'likes_remaining': 100, u'match': False}
Aww, it's not a match:(
name: Divya, id: 5a38454ce0982c697fd9c334
Napping for 0.207683 seconds...
	liking... {u'likes_remaining': 100, u'match': False}
Aww, it's not a match:(
name: Donna, id: 5a385b229ab86a0f7f4c010f
Napping for 0.712828 seconds...
	liking... {u'likes_remaining': 100, u'match': False}
Aww, it's not a match:(
name: Gina, id: 5a152927082828936f40436e
Napping for 0.494226 seconds...
	liking... {u'likes_remaining': 100, u'match': False}
Aww, it's not a match:(
name: Bea, id: 54bd90c6fdb23009731061c5
Napping for 0.493982 seconds...
	liking... {u'likes_remaining': 100, u'match': False}
Aww, it's not a match:(
name: Mylynh, id: 564da8465a2cb2171d772244
Napping for 0.068575 seconds...
	liking... {u'likes_remaining': 100, u'match': False}
Aww, it's not a match:(
name: Lauren, id: 584babac2e50be440ad82389
Napping for 0.159887 seconds...
	liking... {u'likes_remaining': 100, u'match': False}
Aww, it's not a match:(
name: Dana, id: 5a3754608c464cb70ff8cd5f
Napping for 0.440682 seconds...
	liking... {u'likes_remaining': 100, u'match': False}
Aww, it's not a match:(
name: ivy, id: 5a03b65bba6f4871048658b9
Napping for 1.106996 seconds...
	liking... {u'likes_remaining': 100, u'match': False}
Aww, it's not a match:(
name: Samantha, id: 5a0e9a05225f997b7802fde0
Napping for 0.778753 seconds...
	liking... {u'likes_remaining': 100, u'match': False}
Aww, it's not a match:(
name: Ashley, id: 5a38a196ca247b9413c94533
Napping for 1.174030 seconds...
	liking... {u'likes_remaining': 100, u'match': False}
Aww, it's not a match:(
name: Mia, id: 5a36e8d2e49532900597088d
Napping for 0.106853 seconds...
	liking... {u'likes_remaining': 100, u'match': False}
Aww, it's not a match:(
name: Molly, id: 5483c27fdc9f797c4291f1fc
Napping for 0.310971 seconds...
	liking... {u'likes_remaining': 100, u'match': False}
Aww, it's not a match:(
name: Rhian, id: 5691e48d05e885770d8f9488
Napping for 0.120660 seconds...
	liking... {u'likes_remaining': 100, u'match': False}
Aww, it's not a match:(
name: Doltza, id: 5848d9a62e9720192d626d9c
Napping for 0.079127 seconds...
	liking... {u'likes_remaining': 100, u'match': False}
Aww, it's not a match:(
name: Chera, id: 5a388aaa46f0e4ef0d28f984
Napping for 0.263508 seconds...
	liking... {u'likes_remaining': 100, u'match': False}
Aww, it's not a match:(
name: Lauren, id: 59b6a19176f207a33cb03838
Napping for 0.331484 seconds...
	liking... {u'likes_remaining': 100, u'match': False}
Aww, it's not a match:(
name: Kaitlyn, id: 5a385ffb48673e6a133d26e4
Napping for 0.083431 seconds...
	liking... {u'likes_remaining': 100, u'match': False}
Aww, it's not a match:(
name: Morgan, id: 594d4a9793b94cc25692ad09
Napping for 0.405747 seconds...
	liking... {u'likes_remaining': 100, u'match': False}
Aww, it's not a match:(
name: Kalie, id: 5932284341264cb43253775d
Napping for 0.433568 seconds...
	liking... {u'likes_remaining': 100, u'match': False}
Aww, it's not a match:(
name: Jennifer, id: 560e0fbf5314f35502efbcb6
Napping for 0.083157 seconds...
	liking... {u'likes_remaining': 100, u'match': False}
Aww, it's not a match:(
name: Sydnie, id: 54b0c6ad5d6e559c3fe0ea91
Napping for 0.826916 seconds...
	liking... {u'likes_remaining': 100, u'match': False}
Aww, it's not a match:(
name: Chandni, id: 5a374be1cb3615370d12ef30
Napping for 0.056020 seconds...
	liking... {u'likes_remaining': 100, u'match': False}
Aww, it's not a match:(
name: Michelle, id: 597bf2bb593dee5a44185a7b
Napping for 0.620011 seconds...
	liking... {u'likes_remaining': 100, u'match': False}
Aww, it's not a match:(
name: Yassamin, id: 56f2d401c394f96b076d4e84
Napping for 0.765329 seconds...
	liking... {u'likes_remaining': 100, u'match': False}
Aww, it's not a match:(
name: Rachel, id: 534b834eb32485a550005169
Napping for 0.463371 seconds...
	liking... {u'likes_remaining': 100, u'match': False}
Aww, it's not a match:(
name: Nicolette, id: 575cb1eb4e42f67d26e4aedf
Napping for 1.195309 seconds...
	liking... {u'likes_remaining': 100, u'match': False}
Aww, it's not a match:(
name: Kachelle, id: 59db4fa105265a57265f242a
Napping for 0.842007 seconds...
	liking... {u'likes_remaining': 100, u'match': False}
Aww, it's not a match:(
name: Christina, id: 56c00c21cceaf0e36c0be44d
Napping for 0.345524 seconds...
	liking... {u'likes_remaining': 100, u'match': False}
Aww, it's not a match:(
name: Ashley, id: 593f2e60a7d55cfe6465ca09
Napping for 1.107497 seconds...
	liking... {u'likes_remaining': 100, u'match': False}
Aww, it's not a match:(
name: Lauren, id: 57be0e91511bdc60590e9d5d
Napping for 0.880553 seconds...
	liking... {u'likes_remaining': 100, u'match': False}
Aww, it's not a match:(
name: Cici, id: 59e1c8889219a92a158a7628
Napping for 0.772186 seconds...
	liking... {u'likes_remaining': 100, u'match': False}
Aww, it's not a match:(
name: Lacee, id: 5537a05a37e6fca909a2a6be
Napping for 0.010250 seconds...
	liking... {u'likes_remaining': 100, u'match': False}
Aww, it's not a match:(
name: Sarah, id: 599a465503af1ed72d2d048c
Napping for 0.169913 seconds...
	liking... {u'rate_limited_until': 1513704259214, u'likes_remaining': 0, u'match': False}
Aww, it's not a match:(
name: Arghavan, id: 5a32304d2f46971c1054c51c
Napping for 0.183766 seconds...
	liking... {u'rate_limited_until': 1513704259214, u'likes_remaining': 0, u'match': False}
Aww, it's not a match:(
name: Taniko, id: 598f90901161822a4ca9bfb7
Napping for 0.316343 seconds...
	liking... {u'rate_limited_until': 1513704259214, u'likes_remaining': 0, u'match': False}
Aww, it's not a match:(
name: Simone, id: 537ffc92ac6cfdc51927da51
Napping for 0.306078 seconds...
	liking... {u'rate_limited_until': 1513704259214, u'likes_remaining': 0, u'match': False}
Aww, it's not a match:(
name: Alice, id: 5a3605b55b39086f165e2533
Napping for 1.191718 seconds...
	liking... {u'rate_limited_until': 1513704259214, u'likes_remaining': 0, u'match': False}
Aww, it's not a match:(
name: Alina, id: 5838cd4642f72d630a51786c
Napping for 0.522006 seconds...
	liking... {u'rate_limited_until': 1513704259214, u'likes_remaining': 0, u'match': False}
Aww, it's not a match:(
name: Alyssa, id: 54af14413f59ce476096834d
Napping for 0.264526 seconds...
	liking... {u'rate_limited_until': 1513704259214, u'likes_remaining': 0, u'match': False}
Aww, it's not a match:(
name: Catherine, id: 5a31de4635e23591160f50b7
Napping for 0.871447 seconds...
	liking... {u'rate_limited_until': 1513704259214, u'likes_remaining': 0, u'match': False}
Aww, it's not a match:(
name: Niki, id: 59e0f5bc1859d3de34518854
Napping for 0.852627 seconds...
	liking... {u'rate_limited_until': 1513704259214, u'likes_remaining': 0, u'match': False}
Aww, it's not a match:(
name: Den'Nicia, id: 5a2bac9f7d0da8f30cd21cfc
Napping for 0.958124 seconds...
	liking... {u'rate_limited_until': 1513704259214, u'likes_remaining': 0, u'match': False}
Aww, it's not a match:(
name: Nadia, id: 5a1f84c09b83dbe36f6faa72
Napping for 0.633493 seconds...
	liking... {u'rate_limited_until': 1513704259214, u'likes_remaining': 0, u'match': False}
Aww, it's not a match:(
name: Alexa, id: 579edec77aa7d46c4c267cfd
Napping for 0.849784 seconds...
	liking... {u'rate_limited_until': 1513704259214, u'likes_remaining': 0, u'match': False}
Aww, it's not a match:(
name: Leona, id: 5a37792bf562e7fb0f49c76b
Napping for 0.749202 seconds...
	liking... {u'rate_limited_until': 1513704259214, u'likes_remaining': 0, u'match': False}
Aww, it's not a match:(
name: Daniela, id: 5778bec2589463581bf19996
Napping for 0.604018 seconds...
	liking... {u'rate_limited_until': 1513704259214, u'likes_remaining': 0, u'match': False}
Aww, it's not a match:(
name: Brittany, id: 568970ce2dc5bbf40e5010a7
Napping for 0.742263 seconds...
	liking... {u'rate_limited_until': 1513704259214, u'likes_remaining': 0, u'match': False}
Aww, it's not a match:(
name: Stephanie, id: 56c42608060cde37246aee59
Napping for 0.066430 seconds...
	liking... {u'rate_limited_until': 1513704259214, u'likes_remaining': 0, u'match': False}
Aww, it's not a match:(
name: Tatiana, id: 5a266bd00818fb3d7d7cb3bd
Napping for 0.646116 seconds...
	liking... {u'rate_limited_until': 1513704259214, u'likes_remaining': 0, u'match': False}
Aww, it's not a match:(
name: Miriam, id: 572cb2c79eb5a57f10e1c003
Napping for 0.418830 seconds...
	liking... {u'rate_limited_until': 1513704259214, u'likes_remaining': 0, u'match': False}
Aww, it's not a match:(
name: Doggo, id: 5a378040e495329005979f03
Napping for 0.956917 seconds...
	liking... {u'rate_limited_until': 1513704259214, u'likes_remaining': 0, u'match': False}
Aww, it's not a match:(
name: Jacqueline, id: 5a354053c32aba580daed06b
Napping for 0.784885 seconds...
	liking... {u'rate_limited_until': 1513704259214, u'likes_remaining': 0, u'match': False}
Aww, it's not a match:(
name: Kate, id: 5a36361ee49532900596a7e0
Napping for 0.959065 seconds...
	liking... {u'rate_limited_until': 1513704259214, u'likes_remaining': 0, u'match': False}
Aww, it's not a match:(
name: Lyz, id: 59f51c7d70af89c40c32d10a
Napping for 0.585850 seconds...
	liking... {u'rate_limited_until': 1513704259214, u'likes_remaining': 0, u'match': False}
Aww, it's not a match:(
name: Alexis-Rae, id: 597eafd7593dee5a441a8384
Napping for 0.937449 seconds...
	liking... {u'rate_limited_until': 1513704259214, u'likes_remaining': 0, u'match': False}
Aww, it's not a match:(
name: Sarah, id: 58b272fe7467ee2764d7eb4d
Napping for 0.761153 seconds...
	liking... {u'rate_limited_until': 1513704259214, u'likes_remaining': 0, u'match': False}
Aww, it's not a match:(
name: Ilana, id: 5a2b55d87d0da8f30cd1df0a
Napping for 1.153297 seconds...
	liking... {u'rate_limited_until': 1513704259214, u'likes_remaining': 0, u'match': False}
Aww, it's not a match:(
name: Lana, id: 56e368b00d4d2aac0767964b
Napping for 0.951899 seconds...
	liking... {u'rate_limited_until': 1513704259214, u'likes_remaining': 0, u'match': False}
Aww, it's not a match:(
name: Sarah, id: 58aa36ef485cd95056b8b007
