You have been successfully authorized!
running main
likes remaining: 100
name: Graciela, id: 5a5a85f3a0bb942c1a48e55d
Napping for 0.317178 seconds...
	liking... {u'likes_remaining': 100, u'match': False}
Aww, it's not a match:(
name: Nadia, id: 5a5ce92321a95b112ebacef6
Napping for 0.009264 seconds...
	liking... {u'likes_remaining': 100, u'match': False}
Aww, it's not a match:(
name: Celina, id: 59fe67c9e3848f745b054cbb
Napping for 0.365069 seconds...
	liking... {u'likes_remaining': 100, u'match': False}
Aww, it's not a match:(
name: Ruby, id: 5a5d09461364b39f277166b1
Napping for 0.587360 seconds...
	liking... {u'likes_remaining': 100, u'match': False}
Aww, it's not a match:(
name: Niketa, id: 5a5d0456def65a4e1a831133
Napping for 0.195035 seconds...
	liking... {u'likes_remaining': 100, u'match': False}
Aww, it's not a match:(
name: Connie, id: 543bef5535726f18080db3de
Napping for 0.332511 seconds...
	liking... {u'likes_remaining': 100, u'match': False}
Aww, it's not a match:(
name: Natasha, id: 5a56732a1cd829ba6f53dd12
Napping for 0.575646 seconds...
	liking... {u'likes_remaining': 100, u'match': False}
Aww, it's not a match:(
name: Alanna, id: 55f3bbec0fad752454f7d005
Napping for 1.180549 seconds...
	liking... {u'likes_remaining': 100, u'match': False}
Aww, it's not a match:(
name: McKenzie, id: 5a590770347976ac2d3e5817
Napping for 0.494394 seconds...
	liking... {u'likes_remaining': 100, u'match': False}
Aww, it's not a match:(
name: Cathy, id: 5a55b78139394c325d63993e
Napping for 0.922212 seconds...
	liking... {u'likes_remaining': 100, u'match': False}
Aww, it's not a match:(
name: Sofia, id: 5a5d096d8a4213f92678591c
Napping for 0.102314 seconds...
	liking... {u'likes_remaining': 100, u'match': False}
Aww, it's not a match:(
name: Emily, id: 53cfcef2cdbd2e1638369bff
Napping for 0.686136 seconds...
	liking... {u'likes_remaining': 100, u'match': False}
Aww, it's not a match:(
name: Layla, id: 5a5d096c9855b5711a551e61
Napping for 0.436178 seconds...
	liking... {u'likes_remaining': 100, u'match': False}
Aww, it's not a match:(
name: Stephanie, id: 5a5cffd0def65a4e1a830957
Napping for 0.506224 seconds...
	liking... {u'likes_remaining': 100, u'match': False}
Aww, it's not a match:(
name: Lauren, id: 59c1f7152a8aa9de35a95c89
Napping for 0.727959 seconds...
	liking... {u'likes_remaining': 100, u'match': False}
Aww, it's not a match:(
name: Haley Neff, id: 5a5cb5d0def65a4e1a82b34e
Napping for 0.582274 seconds...
	liking... {u'likes_remaining': 100, u'match': False}
Aww, it's not a match:(
name: Des, id: 5a55336a2baf5f326afbd1ab
Napping for 0.223213 seconds...
	liking... {u'likes_remaining': 100, u'match': False}
Aww, it's not a match:(
name: Nickey, id: 5a5971428a4213f926761633
Napping for 0.120978 seconds...
	liking... {u'likes_remaining': 100, u'match': False}
Aww, it's not a match:(
name: Alison, id: 5237e25cc8db1c4a6a00103e
Napping for 0.751809 seconds...
	liking... {u'likes_remaining': 100, u'match': False}
Aww, it's not a match:(
name: Savanah, id: 58e3fcfe0bcecea762560e92
Napping for 0.068122 seconds...
	liking... {u'likes_remaining': 100, u'match': False}
Aww, it's not a match:(
name: Erika, id: 5a0ffb62225f997b780426bc
Napping for 0.591558 seconds...
	liking... {u'likes_remaining': 100, u'match': False}
Aww, it's not a match:(
name: Diane, id: 57214244ccaedb380def9900
Napping for 0.736603 seconds...
	liking... {u'likes_remaining': 100, u'match': False}
Aww, it's not a match:(
name: noe, id: 5a5ce7ef037399d726a47130
Napping for 0.454784 seconds...
	liking... {u'likes_remaining': 100, u'match': False}
Aww, it's not a match:(
name: Hannah, id: 567891cedf63753248847ea8
Napping for 0.987927 seconds...
	liking... {u'likes_remaining': 100, u'match': False}
Aww, it's not a match:(
name: Blanca, id: 59b0c13eabf39e6026bf4239
Napping for 0.298642 seconds...
	liking... {u'likes_remaining': 100, u'match': False}
Aww, it's not a match:(
name: Sofia, id: 5a5d096d8a4213f92678591c
Napping for 0.610589 seconds...
	liking... {u'likes_remaining': 100, u'match': False}
Aww, it's not a match:(
name: Gloria, id: 5a5aa45991aba5ce2d1a0b79
Napping for 0.468485 seconds...
	liking... {u'likes_remaining': 100, u'match': False}
Aww, it's not a match:(
name: Carina, id: 5a547cb6cb58ec106ae32c45
Napping for 0.163811 seconds...
	liking... {u'likes_remaining': 100, u'match': False}
Aww, it's not a match:(
name: Chelsea, id: 59fd2e5cf645039e5763be47
Napping for 0.918836 seconds...
	liking... {u'likes_remaining': 100, u'match': False}
Aww, it's not a match:(
name: Ashley, id: 5a1688bdf546b24b69dead59
Napping for 0.444388 seconds...
	liking... {u'likes_remaining': 100, u'match': False}
Aww, it's not a match:(
name: Tatsu, id: 59ddca4c88bf5057151932f3
Napping for 1.038061 seconds...
	liking... {u'likes_remaining': 100, u'match': False}
Aww, it's not a match:(
name: Stephanie, id: 58033721d9209de8648a24bd
Napping for 0.090323 seconds...
	liking... {u'likes_remaining': 100, u'match': False}
Aww, it's not a match:(
name: Marielle, id: 5a56de17707af2d86f92fc12
Napping for 0.605865 seconds...
	liking... {u'likes_remaining': 100, u'match': False}
Aww, it's not a match:(
name: Amanda, id: 58cd9a5c2d81ae0b294a5131
Napping for 0.797124 seconds...
	liking... {u'likes_remaining': 100, u'match': False}
Aww, it's not a match:(
name: Michelle, id: 590e7b50dfe1814f0d8e1e61
Napping for 0.010898 seconds...
	liking... {u'likes_remaining': 100, u'match': False}
Aww, it's not a match:(
name: Gabrielle, id: 5a5cedd6253434f02de225bf
Napping for 0.705553 seconds...
	liking... {u'likes_remaining': 100, u'match': False}
Aww, it's not a match:(
name: Michaela, id: 522d586a8c3c4d9a1200005c
Napping for 0.067446 seconds...
	liking... {u'likes_remaining': 100, u'match': False}
Aww, it's not a match:(
name: Kelsey, id: 54e3302a6fbb403843d9aacc
Napping for 0.657308 seconds...
	liking... {u'likes_remaining': 100, u'match': False}
Aww, it's not a match:(
name: Lilith, id: 59a37b20a0fbc157070add8b
Napping for 0.165256 seconds...
	liking... {u'likes_remaining': 100, u'match': False}
Aww, it's not a match:(
name: Amelia, id: 531ce03dfd0c345b4d00662d
Napping for 0.250275 seconds...
	liking... {u'likes_remaining': 100, u'match': False}
Aww, it's not a match:(
name: Jay, id: 5a5d102e0d6e7a0a1ab4de46
Napping for 0.928257 seconds...
	liking... {u'likes_remaining': 100, u'match': False}
Aww, it's not a match:(
name: Sarah, id: 54b1f419d8b9f07a33f679f3
Napping for 0.923615 seconds...
	liking... {u'likes_remaining': 100, u'match': False}
Aww, it's not a match:(
name: Celina, id: 5a52b3b8bea73a546a12e54c
Napping for 0.972380 seconds...
	liking... {u'likes_remaining': 100, u'match': False}
Aww, it's not a match:(
name: Alex, id: 55adaf1a6f2479c96e4c1bad
Napping for 1.031195 seconds...
	liking... {u'likes_remaining': 100, u'match': False}
Aww, it's not a match:(
name: Rosemarie, id: 5a5d02b321a95b112ebaee89
Napping for 0.464667 seconds...
	liking... {u'likes_remaining': 100, u'match': False}
Aww, it's not a match:(
name: Allie, id: 5a5d0e9191aba5ce2d1bef98
Napping for 0.471404 seconds...
	liking... {u'likes_remaining': 100, u'match': False}
Aww, it's not a match:(
name: Kelly, id: 55264d30955eb4a50465c32e
Napping for 0.874692 seconds...
	liking... {u'likes_remaining': 100, u'match': False}
Aww, it's not a match:(
name: Nellie, id: 5983dc823ab0d3f266553d11
Napping for 0.413529 seconds...
	liking... {u'likes_remaining': 100, u'match': False}
Aww, it's not a match:(
name: throws UnicodeDecodeError so I cannot say, id: 5651123b64a09b6f51e64d28
UnicodeDecodeError: 'ascii' codec can't decode byte 0xc3 in position 2: ordinal not in range(128)
Napping for 0.892587 seconds...
	liking... {u'likes_remaining': 100, u'match': False}
Aww, it's not a match:(
name: Alicia, id: 5a5bff661364b39f27707d7a
Napping for 0.939907 seconds...
	liking... {u'likes_remaining': 100, u'match': False}
Aww, it's not a match:(
name: Courtney, id: 5a5d0dd11364b39f27716d5d
Napping for 0.508214 seconds...
	liking... {u'likes_remaining': 100, u'match': False}
Aww, it's not a match:(
name: Nadine, id: 597f5e63c943343c29fa8eb6
Napping for 0.825299 seconds...
	liking... {u'likes_remaining': 100, u'match': False}
Aww, it's not a match:(
name: Jamie, id: 5a18baca7526478f633749f8
Napping for 0.393583 seconds...
	liking... {u'likes_remaining': 100, u'match': False}
Aww, it's not a match:(
name: Desi, id: 5a582393253434f02dde984d
Napping for 0.789562 seconds...
	liking... {u'likes_remaining': 100, u'match': False}
Aww, it's not a match:(
name: Abby, id: 5349282c8de04ff1790047c9
Napping for 0.117341 seconds...
	liking... {u'likes_remaining': 100, u'match': False}
Aww, it's not a match:(
name: Kennedy, id: 598e5bd9234772c54bbda066
Napping for 1.066155 seconds...
	liking... {u'likes_remaining': 100, u'match': False}
Aww, it's not a match:(
name: Claudia, id: 5a55954769c73afa6fef3373
Napping for 0.561405 seconds...
	liking... {u'likes_remaining': 100, u'match': False}
Aww, it's not a match:(
name: throws UnicodeDecodeError so I cannot say, id: 59c491d23d56b3bc35c39a9f
UnicodeDecodeError: 'ascii' codec can't decode byte 0xc3 in position 4: ordinal not in range(128)
Napping for 0.996267 seconds...
	liking... {u'likes_remaining': 100, u'match': False}
Aww, it's not a match:(
name: Alexsandra, id: 59a6d4afbdc82efc1ff34808
Napping for 1.035917 seconds...
	liking... {u'likes_remaining': 100, u'match': False}
Aww, it's not a match:(
name: Paula, id: 5a34c36cf75486d90fd8ab29
Napping for 0.201975 seconds...
	liking... {u'likes_remaining': 100, u'match': False}
Aww, it's not a match:(
name: Nikki, id: 5a4e074dcee7d6ab02c105cc
Napping for 1.142773 seconds...
	liking... {u'likes_remaining': 100, u'match': False}
Aww, it's not a match:(
name: Sandra, id: 5a593ba9bf6920e327bf2eb1
Napping for 0.171519 seconds...
	liking... {u'likes_remaining': 100, u'match': False}
Aww, it's not a match:(
name: Yhara, id: 5a4b10ebfaabd2bc6180ae0c
Napping for 0.666191 seconds...
	liking... {u'likes_remaining': 100, u'match': False}
Aww, it's not a match:(
name: Hannah, id: 5826613d7efff8cd0ad1b074
Napping for 1.170768 seconds...
	liking... {u'likes_remaining': 100, u'match': False}
Aww, it's not a match:(
name: Tara, id: 5a5c136191aba5ce2d1b2f47
Napping for 0.032600 seconds...
	liking... {u'likes_remaining': 100, u'match': False}
Aww, it's not a match:(
name: Alexa, id: 583dbafb77ac5d5c3b482056
Napping for 1.095569 seconds...
	liking... {u'likes_remaining': 100, u'match': False}
Aww, it's not a match:(
name: Zahra, id: 5a1f8c7374356a2c6d5ef59c
Napping for 0.910635 seconds...
	liking... {u'likes_remaining': 100, u'match': False}
Aww, it's not a match:(
name: Nadia, id: 5a5ce92321a95b112ebacef6
Napping for 0.666869 seconds...
	liking... {u'likes_remaining': 100, u'match': False}
Aww, it's not a match:(
name: Diana, id: 584b73b304b9a0062bcd4984
Napping for 0.374705 seconds...
	liking... {u'likes_remaining': 100, u'match': False}
Aww, it's not a match:(
name: Manuela, id: 5a5ad7eb9855b5711a53b8ed
Napping for 0.662915 seconds...
	liking... {u'likes_remaining': 100, u'match': False}
Aww, it's not a match:(
name: Marissa, id: 5975a62631bfe0d251db433b
Napping for 0.784463 seconds...
	liking... {u'likes_remaining': 100, u'match': False}
Aww, it's not a match:(
name: Stephanie, id: 57fa8e19934b8a83541a1f4f
Napping for 1.153629 seconds...
	liking... {u'likes_remaining': 100, u'match': False}
Aww, it's not a match:(
name: Holly, id: 59ec3228305a35da5cb89e26
Napping for 0.143189 seconds...
	liking... {u'likes_remaining': 100, u'match': False}
Aww, it's not a match:(
name: Sarai, id: 5a56d5010d4f3e7169909d2b
Napping for 0.134896 seconds...
	liking... {u'likes_remaining': 100, u'match': False}
Aww, it's not a match:(
name: Erin, id: 5a5c5e54253434f02de1d602
Napping for 0.724889 seconds...
	liking... {u'likes_remaining': 100, u'match': False}
Aww, it's not a match:(
name: Cece, id: 5a5bfef8625db61a2701466d
Napping for 0.770805 seconds...
	liking... {u'likes_remaining': 100, u'match': False}
Aww, it's not a match:(
name: Camila, id: 58cf52cef2d7579c0bb24587
Napping for 0.717113 seconds...
	liking... {u'likes_remaining': 100, u'match': False}
Aww, it's not a match:(
name: Esha, id: 5408afd0380f078c75d4b06a
Napping for 0.290830 seconds...
	liking... {u'likes_remaining': 100, u'match': False}
Aww, it's not a match:(
name: Nenna, id: 5a5a591dbc9c78c12790f573
Napping for 0.119361 seconds...
	liking... {u'likes_remaining': 100, u'match': False}
Aww, it's not a match:(
name: Marsol, id: 5a591ab091aba5ce2d18d539
Napping for 0.861527 seconds...
	liking... {u'likes_remaining': 100, u'match': False}
Aww, it's not a match:(
name: Chandrika, id: 5122bb4164d7bf650e000025
Napping for 0.809332 seconds...
	liking... {u'likes_remaining': 100, u'match': False}
Aww, it's not a match:(
name: Jacqueline, id: 5a5c1e25def65a4e1a822ea8
Napping for 0.932766 seconds...
	liking... {u'likes_remaining': 100, u'match': False}
Aww, it's not a match:(
name: Cynthia, id: 5a5919ada0bb942c1a47aedd
Napping for 0.698027 seconds...
	liking... {u'likes_remaining': 100, u'match': False}
Aww, it's not a match:(
name: Kelly, id: 5a5bc2b3a0bb942c1a49c0ff
Napping for 0.321276 seconds...
	liking... {u'rate_limited_until': 1516091747615, u'likes_remaining': 0, u'match': False}
Aww, it's not a match:(
out of likes. Closing...
name: Tori, id: 57df957b3968d3581851dcf3
Napping for 1.173545 seconds...
	liking... {u'rate_limited_until': 1516091747615, u'likes_remaining': 0, u'match': False}
Aww, it's not a match:(
out of likes. Closing...
name: Carisa, id: 56eca60b9c133ad32987f8e3
Napping for 0.994239 seconds...
	liking... {u'rate_limited_until': 1516091747615, u'likes_remaining': 0, u'match': False}
Aww, it's not a match:(
out of likes. Closing...
name: Abby, id: 59f69e0ad19bf54f0c0716a2
Napping for 0.477246 seconds...
	liking... {u'rate_limited_until': 1516091747615, u'likes_remaining': 0, u'match': False}
Aww, it's not a match:(
out of likes. Closing...
name: Alexandra, id: 5a502706efcd19604353a97f
Napping for 0.652743 seconds...
	liking... {u'rate_limited_until': 1516091747615, u'likes_remaining': 0, u'match': False}
Aww, it's not a match:(
out of likes. Closing...
name: Kristin, id: 569c1796a3b8f29b5f301ce9
Napping for 0.513197 seconds...
	liking... {u'rate_limited_until': 1516091747615, u'likes_remaining': 0, u'match': False}
Aww, it's not a match:(
out of likes. Closing...
name: Stacey, id: 5a5a85130e1e57b526d2fdda
Napping for 1.040149 seconds...
	liking... {u'rate_limited_until': 1516091747615, u'likes_remaining': 0, u'match': False}
Aww, it's not a match:(
out of likes. Closing...
name: Justine, id: 557cf138fadb24c7066e1ec9
Napping for 1.035064 seconds...
	liking... {u'rate_limited_until': 1516091747615, u'likes_remaining': 0, u'match': False}
Aww, it's not a match:(
out of likes. Closing...
name: Rachael, id: 5a230bdd8a1c1dea7c5a62f0
Napping for 0.024804 seconds...
	liking... {u'rate_limited_until': 1516091747615, u'likes_remaining': 0, u'match': False}
Aww, it's not a match:(
out of likes. Closing...
name: Sophie, id: 5a4863122eced0716746b891
Napping for 1.039179 seconds...
	liking... {u'rate_limited_until': 1516091747615, u'likes_remaining': 0, u'match': False}
Aww, it's not a match:(
out of likes. Closing...
name: Rachel, id: 548914ddd16234f219fefbb9
Napping for 0.836430 seconds...
	liking... {u'rate_limited_until': 1516091747615, u'likes_remaining': 0, u'match': False}
Aww, it's not a match:(
out of likes. Closing...
name: Izzy, id: 583f46ef22cdde2419065467
Napping for 0.177485 seconds...
	liking... {u'rate_limited_until': 1516091747615, u'likes_remaining': 0, u'match': False}
Aww, it's not a match:(
out of likes. Closing...
name: Sarah, id: 5489a1b5b809909e32bcfef5
Napping for 0.248151 seconds...
	liking... {u'rate_limited_until': 1516091747615, u'likes_remaining': 0, u'match': False}
Aww, it's not a match:(
out of likes. Closing...
