You have been successfully authorized!
running main
likes remaining: 100
name: Yasi, id: 5599806a05a6414d09784732
Napping for 0.736760 seconds...
	liking... {u'likes_remaining': 100, u'match': False}
Aww, it's not a match:(
name: Kc, id: 568de0277f07cd8a3b19ce96
Napping for 0.122179 seconds...
	liking... {u'likes_remaining': 100, u'match': False}
Aww, it's not a match:(
name: Blessing, id: 5819600fdd75243a4cb89c1c
Napping for 1.070880 seconds...
	liking... {u'likes_remaining': 100, u'match': False}
Aww, it's not a match:(
name: Shadia, id: 55c86f9e89cd2fbd1bc1e41b
Napping for 0.325300 seconds...
	liking... {u'likes_remaining': 100, u'match': False}
Aww, it's not a match:(
name: Laura, id: 5a4a157036e65f961d576896
Napping for 0.642880 seconds...
	liking... {u'likes_remaining': 100, u'match': False}
Aww, it's not a match:(
name: Savonnah, id: 59d594c13d7d94801c3b95e8
Napping for 0.271937 seconds...
	liking... {u'likes_remaining': 100, u'match': False}
Aww, it's not a match:(
name: Monse, id: 5a483f69b86023b512814945
Napping for 0.230590 seconds...
	liking... {u'likes_remaining': 100, u'match': False}
Aww, it's not a match:(
name: Ysabela, id: 583bba2552e005104cdd1576
Napping for 0.567758 seconds...
	liking... {u'likes_remaining': 100, u'match': False}
Aww, it's not a match:(
name: Lexie, id: 5a412a91e8dc17aa1e9c76c7
Napping for 0.548776 seconds...
	liking... {u'likes_remaining': 100, u'match': False}
Aww, it's not a match:(
name: Jesse, id: 5a4415de36e65f961d529a6d
Napping for 0.505674 seconds...
	liking... {u'likes_remaining': 100, u'match': False}
Aww, it's not a match:(
name: Christine, id: 5371fd72e158f7da770003b9
Napping for 0.662340 seconds...
	liking... {u'likes_remaining': 100, u'match': False}
Aww, it's not a match:(
name: Mithila, id: 55dbd4cab1bfde4430810025
Napping for 0.310248 seconds...
	liking... {u'likes_remaining': 100, u'match': False}
Aww, it's not a match:(
name: Mady, id: 53d6c369fe89ca1725529624
Napping for 0.628645 seconds...
	liking... {u'likes_remaining': 100, u'match': False}
Aww, it's not a match:(
name: Sarah, id: 5516020931abb715796949ab
Napping for 0.425456 seconds...
	liking... {u'likes_remaining': 100, u'match': False}
Aww, it's not a match:(
name: Nadine, id: 5424db07a20d44b510a2b98d
Napping for 0.420659 seconds...
	liking... {u'likes_remaining': 100, u'match': False}
Aww, it's not a match:(
name: Dani, id: 56ef2cd4a9448ace64915c00
Napping for 0.059740 seconds...
	liking... {u'likes_remaining': 100, u'match': False}
Aww, it's not a match:(
name: Riyana, id: 54657adccc524a540ed48d6e
Napping for 0.476012 seconds...
	liking... {u'likes_remaining': 100, u'match': False}
Aww, it's not a match:(
name: Jenica, id: 5a42ef7d5f165d721236a542
Napping for 0.258320 seconds...
	liking... {u'likes_remaining': 100, u'match': False}
Aww, it's not a match:(
name: Finnora, id: 5a4b43af5920884b1d5c182d
Napping for 1.083802 seconds...
	liking... {u'likes_remaining': 100, u'match': False}
Aww, it's not a match:(
name: Morgan, id: 5a47261b2eced0716745bb9e
Napping for 0.292853 seconds...
	liking... {u'likes_remaining': 100, u'match': False}
Aww, it's not a match:(
name: Jennie, id: 5a4a14b7aa9e1a4725d6cb67
Napping for 0.535038 seconds...
	liking... {u'likes_remaining': 100, u'match': False}
Aww, it's not a match:(
name: Qiuya, id: 5a4305115f165d721236b269
Napping for 0.817460 seconds...
	liking... {u'likes_remaining': 100, u'match': False}
Aww, it's not a match:(
name: Stefi, id: 5a3e6c3e2788ab671ef07073
Napping for 1.049703 seconds...
	liking... {u'likes_remaining': 100, u'match': False}
Aww, it's not a match:(
name: Ceairra, id: 5a3d9a614584d1451e48dd5b
Napping for 0.575202 seconds...
	liking... {u'likes_remaining': 100, u'match': False}
Aww, it's not a match:(
name: Alex, id: 58b774ec0f5d65106016b866
Napping for 0.446984 seconds...
	liking... {u'likes_remaining': 100, u'match': False}
Aww, it's not a match:(
name: Alondra, id: 5a487ab536e65f961d55e4f6
Napping for 0.674062 seconds...
	liking... {u'likes_remaining': 100, u'match': False}
Aww, it's not a match:(
name: Angie, id: 54167e046cb0de2537175fe0
Napping for 1.098503 seconds...
	liking... {u'likes_remaining': 100, u'match': False}
Aww, it's not a match:(
name: Chinwendu, id: 5441fcbcb69feb19571afc8f
Napping for 0.321460 seconds...
	liking... {u'likes_remaining': 100, u'match': False}
Aww, it's not a match:(
name: Karen, id: 59e445de69554a0015620865
Napping for 0.457305 seconds...
	liking... {u'likes_remaining': 100, u'match': False}
Aww, it's not a match:(
name: Aditi, id: 5a484d842788ab671ef8123a
Napping for 1.065954 seconds...
	liking... {u'likes_remaining': 100, u'match': False}
Aww, it's not a match:(
name: Negin, id: 5a2f909735e23591160d80f6
Napping for 1.017567 seconds...
	liking... {u'likes_remaining': 100, u'match': False}
Aww, it's not a match:(
name: Ananya, id: 5999470debdfcdaa2d7954d3
Napping for 0.518880 seconds...
	liking... {u'likes_remaining': 100, u'match': False}
Aww, it's not a match:(
name: Madeline, id: 5892c734eada19f404f0b0ef
Napping for 0.113096 seconds...
	liking... {u'likes_remaining': 100, u'match': False}
Aww, it's not a match:(
name: Emily, id: 55e7cc8b50b18fa674d683ac
Napping for 0.326258 seconds...
	liking... {u'likes_remaining': 100, u'match': False}
Aww, it's not a match:(
name: Corazon, id: 5a41db7d56899e2525a05dc0
Napping for 0.398053 seconds...
	liking... {u'likes_remaining': 100, u'match': False}
Aww, it's not a match:(
name: Megan, id: 558104b479c76a2b06020e71
Napping for 0.901292 seconds...
	liking... {u'likes_remaining': 100, u'match': False}
Aww, it's not a match:(
name: Liz, id: 5a473808958bba891e4aadd2
Napping for 0.688147 seconds...
	liking... {u'likes_remaining': 100, u'match': False}
Aww, it's not a match:(
name: Sayali, id: 55f6521c5e5fe8396c7d9207
Napping for 0.972696 seconds...
	liking... {u'likes_remaining': 100, u'match': False}
Aww, it's not a match:(
name: Katrina, id: 5a489e57958bba891e4bcbd7
Napping for 0.898614 seconds...
	liking... {u'likes_remaining': 100, u'match': False}
Aww, it's not a match:(
name: Naseem, id: 51ede5c6735780566f000060
Napping for 1.143675 seconds...
	liking... {u'likes_remaining': 100, u'match': False}
Aww, it's not a match:(
name: Emeline, id: 59fe740b644b6ced5a1b7bac
Napping for 0.829219 seconds...
	liking... {u'rate_limited_until': 1514952290682, u'likes_remaining': 0, u'match': False}
Aww, it's not a match:(
name: Lauren, id: 59627602949b465a61ca4b18
Napping for 0.913313 seconds...
	liking... {u'rate_limited_until': 1514952290682, u'likes_remaining': 0, u'match': False}
Aww, it's not a match:(
name: Shay, id: 54a0b3d801acab0703a3ac22
Napping for 0.208611 seconds...
	liking... {u'rate_limited_until': 1514952290682, u'likes_remaining': 0, u'match': False}
Aww, it's not a match:(
name: Mariella, id: 5a3d819de8dc17aa1e9b01fe
Napping for 1.195655 seconds...
	liking... {u'rate_limited_until': 1514952290682, u'likes_remaining': 0, u'match': False}
Aww, it's not a match:(
name: Gaby, id: 5805503b970c6fe51027a74c
Napping for 1.011266 seconds...
	liking... {u'rate_limited_until': 1514952290682, u'likes_remaining': 0, u'match': False}
Aww, it's not a match:(
name: Teresa, id: 5a06242acc9c431404f13e06
Napping for 1.078213 seconds...
	liking... {u'rate_limited_until': 1514952290682, u'likes_remaining': 0, u'match': False}
Aww, it's not a match:(
name: Sophia, id: 5a408c399e6f7d6925825256
Napping for 0.120444 seconds...
	liking... {u'rate_limited_until': 1514952290682, u'likes_remaining': 0, u'match': False}
Aww, it's not a match:(
name: Mei, id: 5a480b3b958bba891e4b891d
Napping for 0.555878 seconds...
	liking... {u'rate_limited_until': 1514952290682, u'likes_remaining': 0, u'match': False}
Aww, it's not a match:(
name: Marka, id: 53e6198fb73dbd4407a21deb
Napping for 0.175854 seconds...
	liking... {u'rate_limited_until': 1514952290682, u'likes_remaining': 0, u'match': False}
Aww, it's not a match:(
name: Kellie, id: 53cf6410eb45cf874764be0b
Napping for 0.093928 seconds...
	liking... {u'rate_limited_until': 1514952290682, u'likes_remaining': 0, u'match': False}
Aww, it's not a match:(
name: Elina, id: 57ca2239529a67950fb1af34
Napping for 1.128679 seconds...
	liking... {u'rate_limited_until': 1514952290682, u'likes_remaining': 0, u'match': False}
Aww, it's not a match:(
name: Alisson, id: 58f3f962fb6535500bcbf1b0
Napping for 0.607521 seconds...
	liking... {u'rate_limited_until': 1514952290682, u'likes_remaining': 0, u'match': False}
Aww, it's not a match:(
name: Briana, id: 581bf41d99ab376209c850db
Napping for 0.278542 seconds...
	liking... {u'rate_limited_until': 1514952290682, u'likes_remaining': 0, u'match': False}
Aww, it's not a match:(
name: Caitlin, id: 55d63c1e4032d25a2f4663ce
Napping for 0.209455 seconds...
	liking... {u'rate_limited_until': 1514952290682, u'likes_remaining': 0, u'match': False}
Aww, it's not a match:(
name: Ali, id: 5a3f6b7d36e65f961d4f49b5
Napping for 0.820859 seconds...
	liking... {u'rate_limited_until': 1514952290682, u'likes_remaining': 0, u'match': False}
Aww, it's not a match:(
name: Helen, id: 5a40b0d05f165d72123556e1
Napping for 0.615175 seconds...
	liking... {u'rate_limited_until': 1514952290682, u'likes_remaining': 0, u'match': False}
Aww, it's not a match:(
name: Heather, id: 595d2c51c3b9991d73c9eb9c
Napping for 1.154258 seconds...
	liking... {u'rate_limited_until': 1514952290682, u'likes_remaining': 0, u'match': False}
Aww, it's not a match:(
name: Melody, id: 56f73a0d696160aa102aa360
Napping for 0.566079 seconds...
	liking... {u'rate_limited_until': 1514952290682, u'likes_remaining': 0, u'match': False}
Aww, it's not a match:(
name: Shawna, id: 59f3da9690fe59680c5fa19a
Napping for 0.717645 seconds...
	liking... {u'rate_limited_until': 1514952290682, u'likes_remaining': 0, u'match': False}
Aww, it's not a match:(
name: Hayley, id: 510ad234f600c4f30d00013e
Napping for 1.042038 seconds...
	liking... {u'rate_limited_until': 1514952290682, u'likes_remaining': 0, u'match': False}
Aww, it's not a match:(
name: Perla, id: 5a484f352788ab671ef8141d
Napping for 0.383593 seconds...
	liking... {u'rate_limited_until': 1514952290682, u'likes_remaining': 0, u'match': False}
Aww, it's not a match:(
name: Brandi, id: 57c39d5fe73d13f56d3cbd30
Napping for 0.535005 seconds...
	liking... {u'rate_limited_until': 1514952290682, u'likes_remaining': 0, u'match': False}
Aww, it's not a match:(
name: Ash, id: 5a1e208fb90c018263f1efa6
Napping for 0.228304 seconds...
	liking... {u'rate_limited_until': 1514952290682, u'likes_remaining': 0, u'match': False}
Aww, it's not a match:(
name: Carolyn, id: 5106dd860595826109000009
Napping for 0.076867 seconds...
	liking... {u'rate_limited_until': 1514952290682, u'likes_remaining': 0, u'match': False}
Aww, it's not a match:(
name: Margaret, id: 540e065945f72ba534a792b0
Napping for 0.365390 seconds...
	liking... {u'rate_limited_until': 1514952290682, u'likes_remaining': 0, u'match': False}
Aww, it's not a match:(
name: Kylie, id: 5a4789fa2eced07167460c40
Napping for 0.929180 seconds...
	liking... {u'rate_limited_until': 1514952290682, u'likes_remaining': 0, u'match': False}
Aww, it's not a match:(
name: Molly, id: 5936bc06c1128102237983a9
Napping for 0.826219 seconds...
	liking... {u'rate_limited_until': 1514952290682, u'likes_remaining': 0, u'match': False}
Aww, it's not a match:(
name: Alana, id: 5a46df702eced0716745a682
Napping for 0.010770 seconds...
	liking... {u'rate_limited_until': 1514952290682, u'likes_remaining': 0, u'match': False}
Aww, it's not a match:(
name: Nikiiiiiiiii, id: 5a45f861702237291d14557e
Napping for 0.451400 seconds...
	liking... {u'rate_limited_until': 1514952290682, u'likes_remaining': 0, u'match': False}
Aww, it's not a match:(
name: Hope, id: 5a428255aa9e1a4725d20ae6
Napping for 1.173545 seconds...
	liking... {u'rate_limited_until': 1514952290682, u'likes_remaining': 0, u'match': False}
Aww, it's not a match:(
name: Bella, id: 5a0cf7819f01b1ea707e0603
Napping for 0.878489 seconds...
	liking... {u'rate_limited_until': 1514952290682, u'likes_remaining': 0, u'match': False}
Aww, it's not a match:(
name: Marissa, id: 5a2713f71ee8aaf3071edf1e
Napping for 0.829528 seconds...
	liking... {u'rate_limited_until': 1514952290682, u'likes_remaining': 0, u'match': False}
Aww, it's not a match:(
name: Jess, id: 548d34f99c7892251e7c4f8d
Napping for 0.762575 seconds...
	liking... {u'rate_limited_until': 1514952290682, u'likes_remaining': 0, u'match': False}
Aww, it's not a match:(
name: Elena, id: 597a61b4f656e2db5fe55f99
Napping for 0.457657 seconds...
	liking... {u'rate_limited_until': 1514952290682, u'likes_remaining': 0, u'match': False}
Aww, it's not a match:(
name: Juana, id: 5a489f47b86023b51281874a
Napping for 0.670942 seconds...
	liking... {u'rate_limited_until': 1514952290682, u'likes_remaining': 0, u'match': False}
Aww, it's not a match:(
name: Prianca, id: 53dc19386fb6fcd324591c51
Napping for 0.747890 seconds...
	liking... {u'rate_limited_until': 1514952290682, u'likes_remaining': 0, u'match': False}
Aww, it's not a match:(
name: Autumn, id: 569b21c0b002fe5a61b783c2
Napping for 0.645413 seconds...
	liking... {u'rate_limited_until': 1514952290682, u'likes_remaining': 0, u'match': False}
Aww, it's not a match:(
name: Megan, id: 59a1a64ba57fdfb607fcde25
Napping for 0.863347 seconds...
	liking... {u'rate_limited_until': 1514952290682, u'likes_remaining': 0, u'match': False}
Aww, it's not a match:(
name: Gabby, id: 5a3f3b1500a7d7751d972a46
Napping for 1.163170 seconds...
	liking... {u'rate_limited_until': 1514952290682, u'likes_remaining': 0, u'match': False}
Aww, it's not a match:(
name: Rochelle, id: 5a47c4b536e65f961d552864
Napping for 0.611701 seconds...
	liking... {u'rate_limited_until': 1514952290682, u'likes_remaining': 0, u'match': False}
Aww, it's not a match:(
name: Shreya, id: 5442623a450cf79b1c98456e
Napping for 1.154299 seconds...
	liking... {u'rate_limited_until': 1514952290682, u'likes_remaining': 0, u'match': False}
Aww, it's not a match:(
name: Anna, id: 5931e5c0f863a69632c1d7c5
Napping for 0.049583 seconds...
	liking... {u'rate_limited_until': 1514952290682, u'likes_remaining': 0, u'match': False}
Aww, it's not a match:(
name: Jennifer, id: 57ba8a24a94c644b0aecab18
Napping for 0.897364 seconds...
	liking... {u'rate_limited_until': 1514952290682, u'likes_remaining': 0, u'match': False}
Aww, it's not a match:(
name: Kaity, id: 5a0bdd57b2096fcc706c7938
Napping for 0.794465 seconds...
	liking... {u'rate_limited_until': 1514952290682, u'likes_remaining': 0, u'match': False}
Aww, it's not a match:(
name: Tiffany, id: 59c4b0d3d134935f459c2867
Napping for 0.890800 seconds...
	liking... {u'rate_limited_until': 1514952290682, u'likes_remaining': 0, u'match': False}
Aww, it's not a match:(
name: Brittni, id: 589e8f9322204a3416d90dab
Napping for 1.149273 seconds...
	liking... {u'rate_limited_until': 1514952290682, u'likes_remaining': 0, u'match': False}
Aww, it's not a match:(
name: Caitlin, id: 59651addc3b9991d73cecbfe
Napping for 0.774341 seconds...
	liking... {u'rate_limited_until': 1514952290682, u'likes_remaining': 0, u'match': False}
Aww, it's not a match:(
name: Nele, id: 5a42b613faabd2bc617b2fd2
Napping for 0.765616 seconds...
	liking... {u'rate_limited_until': 1514952290682, u'likes_remaining': 0, u'match': False}
Aww, it's not a match:(
name: Stefani, id: 5830d3c66a2eb728608df915
Napping for 1.140476 seconds...
	liking... {u'rate_limited_until': 1514952290682, u'likes_remaining': 0, u'match': False}
Aww, it's not a match:(
name: Jennifer, id: 5a3709ab7d0da8f30cdadf96
Napping for 0.504782 seconds...
	liking... {u'rate_limited_until': 1514952290682, u'likes_remaining': 0, u'match': False}
Aww, it's not a match:(
name: Felicia, id: 56fcce05faa4dbb449b2527a
Napping for 0.998602 seconds...
	liking... {u'rate_limited_until': 1514952290682, u'likes_remaining': 0, u'match': False}
Aww, it's not a match:(
name: Jessica, id: 54df02bd89e250a2795c9309
Napping for 0.007694 seconds...
	liking... {u'rate_limited_until': 1514952290682, u'likes_remaining': 0, u'match': False}
Aww, it's not a match:(
name: Amanda, id: 59ef514ec791d0673774e113
Napping for 0.788617 seconds...
	liking... {u'rate_limited_until': 1514952290682, u'likes_remaining': 0, u'match': False}
Aww, it's not a match:(
name: Barry, id: 5a3df2fb4584d1451e4938ea
Napping for 0.001052 seconds...
	liking... {u'rate_limited_until': 1514952290682, u'likes_remaining': 0, u'match': False}
Aww, it's not a match:(
name: Alyssa, id: 53a8fc47e0780de65f90fcfd
Napping for 0.291996 seconds...
	liking... {u'rate_limited_until': 1514952290682, u'likes_remaining': 0, u'match': False}
Aww, it's not a match:(
name: Melissa, id: 51eeda8af4348ac27500000a
Napping for 1.141321 seconds...
	liking... {u'rate_limited_until': 1514952290682, u'likes_remaining': 0, u'match': False}
Aww, it's not a match:(
name: Aditi, id: 57183f19ce60f8ea1884b455
Napping for 0.944039 seconds...
	liking... {u'rate_limited_until': 1514952290682, u'likes_remaining': 0, u'match': False}
Aww, it's not a match:(
name: Felicia, id: 530a2767692ab34f63000654
Napping for 0.004756 seconds...
	liking... {u'rate_limited_until': 1514952290682, u'likes_remaining': 0, u'match': False}
Aww, it's not a match:(
name: Vero, id: 5a42cb192eced0716742357a
Napping for 0.031295 seconds...
	liking... {u'rate_limited_until': 1514952290682, u'likes_remaining': 0, u'match': False}
Aww, it's not a match:(
name: Melanie, id: 5a431813faabd2bc617b9457
Napping for 0.470290 seconds...
	liking... {u'rate_limited_until': 1514952290682, u'likes_remaining': 0, u'match': False}
Aww, it's not a match:(
name: Stephanie, id: 5a434a56aa9e1a4725d273a5
Napping for 1.022547 seconds...
	liking... {u'rate_limited_until': 1514952290682, u'likes_remaining': 0, u'match': False}
Aww, it's not a match:(
name: Shirene, id: 53fea874a5d0ebcf199ae71d
Napping for 1.141763 seconds...
	liking... {u'rate_limited_until': 1514952290682, u'likes_remaining': 0, u'match': False}
Aww, it's not a match:(
name: Gina, id: 58bc903813c8991d47cad9fc
Napping for 0.498820 seconds...
	liking... {u'rate_limited_until': 1514952290682, u'likes_remaining': 0, u'match': False}
Aww, it's not a match:(
name: Clare, id: 51ec9accc67de3cc49000166
Napping for 0.393374 seconds...
	liking... {u'rate_limited_until': 1514952290682, u'likes_remaining': 0, u'match': False}
Aww, it's not a match:(
name: Hanna, id: 59c72ec06d8c20783d477a1b
Napping for 0.256114 seconds...
	liking... {u'rate_limited_until': 1514952290682, u'likes_remaining': 0, u'match': False}
Aww, it's not a match:(
name: Sarah, id: 5195cf48e2f42d060a000356
Napping for 0.804631 seconds...
	liking... {u'rate_limited_until': 1514952290682, u'likes_remaining': 0, u'match': False}
Aww, it's not a match:(
name: Briana, id: 55d7b46e4fb2174326f346dc
Napping for 0.447099 seconds...
	liking... {u'rate_limited_until': 1514952290682, u'likes_remaining': 0, u'match': False}
Aww, it's not a match:(
name: Laura, id: 5a437b945920884b1d56a76b
Napping for 0.486776 seconds...
	liking... {u'rate_limited_until': 1514952290682, u'likes_remaining': 0, u'match': False}
Aww, it's not a match:(
name: Mele, id: 5a47385a2eced0716745cab5
Napping for 1.056853 seconds...
	liking... {u'rate_limited_until': 1514952290682, u'likes_remaining': 0, u'match': False}
Aww, it's not a match:(
name: Prinzezz, id: 5a422e945920884b1d55dfaf
Napping for 0.715581 seconds...
	liking... {u'rate_limited_until': 1514952290682, u'likes_remaining': 0, u'match': False}
Aww, it's not a match:(
name: Daniela, id: 5a2dfb16f1d30c4c0552e0f8
Napping for 0.864902 seconds...
	liking... {u'rate_limited_until': 1514952290682, u'likes_remaining': 0, u'match': False}
Aww, it's not a match:(
name: Lisa, id: 59769047cdbd96127f77354e
Napping for 0.789214 seconds...
	liking... {u'rate_limited_until': 1514952290682, u'likes_remaining': 0, u'match': False}
Aww, it's not a match:(
name: Emilia, id: 59627f417dc2373c612e08a7
Napping for 0.583195 seconds...
	liking... {u'rate_limited_until': 1514952290682, u'likes_remaining': 0, u'match': False}
Aww, it's not a match:(
name: Dudey, id: 5a1fb0c4d9154a1169addd59
Napping for 1.161899 seconds...
	liking... {u'rate_limited_until': 1514952290682, u'likes_remaining': 0, u'match': False}
Aww, it's not a match:(
name: Tara, id: 5a41c3a65f165d7212362247
Napping for 1.197698 seconds...
	liking... {u'rate_limited_until': 1514952290682, u'likes_remaining': 0, u'match': False}
Aww, it's not a match:(
name: Angie, id: 528f4ba097a6274f1f000274
Napping for 0.099579 seconds...
	liking... {u'rate_limited_until': 1514952290682, u'likes_remaining': 0, u'match': False}
Aww, it's not a match:(
name: Niki, id: 5a41960700a7d7751d98da96
Napping for 0.222126 seconds...
	liking... {u'rate_limited_until': 1514952290682, u'likes_remaining': 0, u'match': False}
Aww, it's not a match:(
name: Emmy, id: 59e454174094b87533e3f1a6
Napping for 0.926894 seconds...
	liking... {u'rate_limited_until': 1514952290682, u'likes_remaining': 0, u'match': False}
Aww, it's not a match:(
name: Helen, id: 54766af006db6904763fd228
Napping for 0.789642 seconds...
	liking... {u'rate_limited_until': 1514952290682, u'likes_remaining': 0, u'match': False}
Aww, it's not a match:(
name: Crystal, id: 59714fa631bfe0d251d831a5
Napping for 0.904598 seconds...
	liking... {u'rate_limited_until': 1514952290682, u'likes_remaining': 0, u'match': False}
Aww, it's not a match:(
name: Taniko, id: 598f90901161822a4ca9bfb7
Napping for 0.930059 seconds...
	liking... {u'rate_limited_until': 1514952290682, u'likes_remaining': 0, u'match': False}
Aww, it's not a match:(
name: Emma, id: 58a387d1cc484b232c1aa930
Napping for 0.848815 seconds...
	liking... {u'rate_limited_until': 1514952290682, u'likes_remaining': 0, u'match': False}
Aww, it's not a match:(
name: Cindy, id: 5a45c0225920884b1d585061
Napping for 0.421977 seconds...
	liking... {u'rate_limited_until': 1514952290682, u'likes_remaining': 0, u'match': False}
Aww, it's not a match:(
name: Helen, id: 5541e9949406ee4757881246
Napping for 0.317055 seconds...
	liking... {u'rate_limited_until': 1514952290682, u'likes_remaining': 0, u'match': False}
Aww, it's not a match:(
name: Mia, id: 5a1779e239ed1f6169ba97c2
Napping for 0.464015 seconds...
	liking... {u'rate_limited_until': 1514952290682, u'likes_remaining': 0, u'match': False}
Aww, it's not a match:(
name: Tierra, id: 568af0f903cd79052f571359
Napping for 0.437387 seconds...
	liking... {u'rate_limited_until': 1514952290682, u'likes_remaining': 0, u'match': False}
Aww, it's not a match:(
name: Kathryn, id: 51e6d13e719829ea140009d1
Napping for 0.854366 seconds...
	liking... {u'rate_limited_until': 1514952290682, u'likes_remaining': 0, u'match': False}
Aww, it's not a match:(
name: Joi, id: 56594d26583b1349028ab97c
Napping for 0.493501 seconds...
	liking... {u'rate_limited_until': 1514952290682, u'likes_remaining': 0, u'match': False}
Aww, it's not a match:(
name: Cate, id: 58bc9cd8cd67625f578cfc8b
Napping for 1.175607 seconds...
	liking... {u'rate_limited_until': 1514952290682, u'likes_remaining': 0, u'match': False}
Aww, it's not a match:(
name: Brandie, id: 55b14e6852cee2e85fd35d3d
Napping for 0.924628 seconds...
	liking... {u'rate_limited_until': 1514952290682, u'likes_remaining': 0, u'match': False}
Aww, it's not a match:(
name: Sabrina, id: 55e25dad8851b9630f1ab179
Napping for 0.479582 seconds...
	liking... {u'rate_limited_until': 1514952290682, u'likes_remaining': 0, u'match': False}
Aww, it's not a match:(
name: Amy, id: 5a458908958bba891e492ad0
Napping for 0.928842 seconds...
	liking... {u'rate_limited_until': 1514952290682, u'likes_remaining': 0, u'match': False}
Aww, it's not a match:(
name: Emily, id: 586b25e2f406558e54420399
Napping for 0.298379 seconds...
	liking... {u'rate_limited_until': 1514952290682, u'likes_remaining': 0, u'match': False}
Aww, it's not a match:(
name: Maria, id: 5a41b59398f95f50125bfe33
Napping for 0.403070 seconds...
	liking... {u'rate_limited_until': 1514952290682, u'likes_remaining': 0, u'match': False}
Aww, it's not a match:(
name: Deidre, id: 55a5fe2b740b994e79d803db
Napping for 0.916729 seconds...
	liking... {u'rate_limited_until': 1514952290682, u'likes_remaining': 0, u'match': False}
Aww, it's not a match:(
name: Kaitlin, id: 5536c7a4d3028334779322b5
Napping for 0.932584 seconds...
	liking... {u'rate_limited_until': 1514952290682, u'likes_remaining': 0, u'match': False}
Aww, it's not a match:(
name: Lauren, id: 5119be0b845394d06600018d
Napping for 0.274322 seconds...
	liking... {u'rate_limited_until': 1514952290682, u'likes_remaining': 0, u'match': False}
Aww, it's not a match:(
name: Mariah, id: 57c3cb7b6895da9d10e633d1
Napping for 0.056227 seconds...
	liking... {u'rate_limited_until': 1514952290682, u'likes_remaining': 0, u'match': False}
Aww, it's not a match:(
name: Diana, id: 5a4b27c4b86023b51282d83b
Napping for 0.919380 seconds...
	liking... {u'rate_limited_until': 1514952290682, u'likes_remaining': 0, u'match': False}
Aww, it's not a match:(
name: Janelle, id: 5a30ae19c42152b3167b10f2
Napping for 1.190156 seconds...
	liking... {u'rate_limited_until': 1514952290682, u'likes_remaining': 0, u'match': False}
Aww, it's not a match:(
name: Gladis Yohely, id: 5a41c3519e6f7d692583043a
Napping for 0.797184 seconds...
	liking... {u'rate_limited_until': 1514952290682, u'likes_remaining': 0, u'match': False}
Aww, it's not a match:(
name: Marlowe, id: 5a4b28365920884b1d5bfa86
Napping for 0.883527 seconds...
	liking... {u'rate_limited_until': 1514952290682, u'likes_remaining': 0, u'match': False}
Aww, it's not a match:(
name: Juju, id: 5a47093136e65f961d5488e0
Napping for 0.535806 seconds...
	liking... {u'rate_limited_until': 1514952290682, u'likes_remaining': 0, u'match': False}
Aww, it's not a match:(
name: Sarah, id: 5416036af1ca09fb49b8d7f8
Napping for 0.119291 seconds...
	liking... {u'rate_limited_until': 1514952290682, u'likes_remaining': 0, u'match': False}
Aww, it's not a match:(
name: Neinei, id: 57e17c81402f905b1ad93abe
Napping for 0.840687 seconds...
	liking... {u'rate_limited_until': 1514952290682, u'likes_remaining': 0, u'match': False}
Aww, it's not a match:(
name: Annie, id: 5a49d9abaa9e1a4725d69893
Napping for 0.685728 seconds...
	liking... {u'rate_limited_until': 1514952290682, u'likes_remaining': 0, u'match': False}
Aww, it's not a match:(
name: Penny, id: 5a4b28502788ab671efa1390
Napping for 0.025700 seconds...
	liking... {u'rate_limited_until': 1514952290682, u'likes_remaining': 0, u'match': False}
Aww, it's not a match:(
name: Mikomi, id: 573bc2d710f70f970e393397
Napping for 0.906343 seconds...
	liking... {u'rate_limited_until': 1514952290682, u'likes_remaining': 0, u'match': False}
Aww, it's not a match:(
name: Stephanie, id: 598fb5a702715886331409ed
Napping for 0.729178 seconds...
	liking... {u'rate_limited_until': 1514952290682, u'likes_remaining': 0, u'match': False}
Aww, it's not a match:(
name: Jennifer, id: 5a4b17b65920884b1d5beb51
Napping for 1.079503 seconds...
	liking... {u'rate_limited_until': 1514952290682, u'likes_remaining': 0, u'match': False}
Aww, it's not a match:(
name: Christine, id: 5a4abf5c9e6f7d69258906f4
Napping for 0.465174 seconds...
	liking... {u'rate_limited_until': 1514952290682, u'likes_remaining': 0, u'match': False}
Aww, it's not a match:(
name: Erin, id: 5a4371252eced0716742fc5e
Napping for 0.835681 seconds...
	liking... {u'rate_limited_until': 1514952290682, u'likes_remaining': 0, u'match': False}
Aww, it's not a match:(
name: Erika, id: 57f48f82afa0d4e24059487d
Napping for 0.386755 seconds...
	liking... {u'rate_limited_until': 1514952290682, u'likes_remaining': 0, u'match': False}
Aww, it's not a match:(
name: Krystal, id: 54ac86fd06ba975f123d61a6
Napping for 1.029372 seconds...
	liking... {u'rate_limited_until': 1514952290682, u'likes_remaining': 0, u'match': False}
Aww, it's not a match:(
name: Angelie, id: 5a4aeae8e8dc17aa1ea245be
Napping for 0.623293 seconds...
	liking... {u'rate_limited_until': 1514952290682, u'likes_remaining': 0, u'match': False}
Aww, it's not a match:(
name: Priyanka, id: 58f6bc8632da40627ec12d3e
Napping for 1.046549 seconds...
	liking... {u'rate_limited_until': 1514952290682, u'likes_remaining': 0, u'match': False}
Aww, it's not a match:(
name: Kc, id: 54a75eb15f3a741b7852d398
Napping for 0.774679 seconds...
	liking... {u'rate_limited_until': 1514952290682, u'likes_remaining': 0, u'match': False}
Aww, it's not a match:(
name: Katerina, id: 589f389eb3b2a03d14ceb93f
Napping for 0.734085 seconds...
	liking... {u'rate_limited_until': 1514952290682, u'likes_remaining': 0, u'match': False}
Aww, it's not a match:(
name: Brielle, id: 5a40f2d700a7d7751d9872ae
Napping for 0.059781 seconds...
	liking... {u'rate_limited_until': 1514952290682, u'likes_remaining': 0, u'match': False}
Aww, it's not a match:(
name: Samantha, id: 5a3def484584d1451e4933c8
Napping for 1.101815 seconds...
	liking... {u'rate_limited_until': 1514952290682, u'likes_remaining': 0, u'match': False}
Aww, it's not a match:(
name: Nicole, id: 5a4b410a5920884b1d5c148b
Napping for 0.668238 seconds...
	liking... {u'rate_limited_until': 1514952290682, u'likes_remaining': 0, u'match': False}
Aww, it's not a match:(
name: Haley, id: 556539951a0e12d4547d1f90
Napping for 0.450570 seconds...
	liking... {u'rate_limited_until': 1514952290682, u'likes_remaining': 0, u'match': False}
Aww, it's not a match:(
name: Nikki, id: 5a4b23805920884b1d5bf57f
Napping for 0.571341 seconds...
	liking... {u'rate_limited_until': 1514952290682, u'likes_remaining': 0, u'match': False}
Aww, it's not a match:(
name: Jen, id: 5a4ada282788ab671ef9cf78
Napping for 0.627425 seconds...
	liking... {u'rate_limited_until': 1514952290682, u'likes_remaining': 0, u'match': False}
Aww, it's not a match:(
name: Yuri, id: 57e61779ae38235a558430d0
Napping for 0.632842 seconds...
	liking... {u'rate_limited_until': 1514952290682, u'likes_remaining': 0, u'match': False}
Aww, it's not a match:(
name: Anja, id: 56ca98ccf1593718572537e9
Napping for 0.944187 seconds...
	liking... {u'rate_limited_until': 1514952290682, u'likes_remaining': 0, u'match': False}
Aww, it's not a match:(
name: Lo, id: 59b355733532e2e531fc91af
Napping for 0.505961 seconds...
	liking... {u'rate_limited_until': 1514952290682, u'likes_remaining': 0, u'match': False}
Aww, it's not a match:(
name: Ebony, id: 5a4b23f42788ab671efa0c3c
Napping for 0.697231 seconds...
	liking... {u'rate_limited_until': 1514952290682, u'likes_remaining': 0, u'match': False}
Aww, it's not a match:(
name: Ariana, id: 5a489d17b86023b512818631
Napping for 0.209738 seconds...
	liking... {u'rate_limited_until': 1514952290682, u'likes_remaining': 0, u'match': False}
Aww, it's not a match:(
name: Catie, id: 5a3dd3dae8dc17aa1e9b2cfa
Napping for 0.796643 seconds...
	liking... {u'rate_limited_until': 1514952290682, u'likes_remaining': 0, u'match': False}
Aww, it's not a match:(
name: Sofia, id: 54cc231365b36fdb3c947b2b
Napping for 0.900332 seconds...
	liking... {u'rate_limited_until': 1514952290682, u'likes_remaining': 0, u'match': False}
Aww, it's not a match:(
name: Stephanie, id: 59d82fb185a955ed4b08e402
Napping for 0.521757 seconds...
	liking... {u'rate_limited_until': 1514952290682, u'likes_remaining': 0, u'match': False}
Aww, it's not a match:(
name: Anissa, id: 595ae1f58439c3e3728f9921
Napping for 0.134625 seconds...
	liking... {u'rate_limited_until': 1514952290682, u'likes_remaining': 0, u'match': False}
Aww, it's not a match:(
name: Jessica, id: 53955afa7b6e38651ea947d1
Napping for 0.120685 seconds...
	liking... {u'rate_limited_until': 1514952290682, u'likes_remaining': 0, u'match': False}
Aww, it's not a match:(
name: Colleen, id: 53f0f7e2ab8f2db149be6f3e
Napping for 0.961853 seconds...
	liking... {u'rate_limited_until': 1514952290682, u'likes_remaining': 0, u'match': False}
Aww, it's not a match:(
name: T, id: 5a3c56e8c6de1ca3024b7cb7
Napping for 0.989900 seconds...
	liking... {u'rate_limited_until': 1514952290682, u'likes_remaining': 0, u'match': False}
Aww, it's not a match:(
name: Micaela, id: 534b9e21fcdf42395f0053d3
Napping for 0.120914 seconds...
	liking... {u'rate_limited_until': 1514952290682, u'likes_remaining': 0, u'match': False}
Aww, it's not a match:(
name: Oli, id: 58680cc913d1ede06e78bc9d
Napping for 0.591848 seconds...
	liking... {u'rate_limited_until': 1514952290682, u'likes_remaining': 0, u'match': False}
Aww, it's not a match:(
name: Rosan, id: 5a3771a94ce394d41658ac2a
('Something went wrong. Could not like:', ConnectionError(MaxRetryError("HTTPSConnectionPool(host='api.gotinder.com', port=443): Max retries exceeded with url: /like/5a3771a94ce394d41658ac2a (Caused by NewConnectionError('<urllib3.connection.VerifiedHTTPSConnection object at 0x110823390>: Failed to establish a new connection: [Errno 8] nodename nor servname provided, or not known',))",),))
Napping for 0.770413 seconds...
	liking... None
