You have been successfully authorized!
running main
likes remaining: 100
name: Sarah, id: 542baae124df190f59b416bb
Napping for 1.134063 seconds...
	liking... {u'rate_limited_until': 1514444874686, u'likes_remaining': 0, u'match': False}
Aww, it's not a match:(
name: Erica, id: 57dc9e226f0bf1bb20bb97ff
Napping for 0.578496 seconds...
	liking... {u'rate_limited_until': 1514444874686, u'likes_remaining': 0, u'match': False}
Aww, it's not a match:(
name: Zara, id: 5a2db7b2f1d30c4c055297a7
Napping for 0.136315 seconds...
	liking... {u'rate_limited_until': 1514444874686, u'likes_remaining': 0, u'match': False}
Aww, it's not a match:(
name: Hannah, id: 597ec76a593dee5a441a906b
Napping for 0.432399 seconds...
	liking... {u'rate_limited_until': 1514444874686, u'likes_remaining': 0, u'match': False}
Aww, it's not a match:(
name: Barbara, id: 5a3b1f2bafd817a25875f119
Napping for 0.575541 seconds...
	liking... {u'rate_limited_until': 1514444874686, u'likes_remaining': 0, u'match': False}
Aww, it's not a match:(
name: Fatimah, id: 5a35d0278c464cb70ff7a111
Napping for 0.057288 seconds...
	liking... {u'rate_limited_until': 1514444874686, u'likes_remaining': 0, u'match': False}
Aww, it's not a match:(
name: Daniela, id: 56e814781c988d7519a27e16
Napping for 0.219167 seconds...
	liking... {u'rate_limited_until': 1514444874686, u'likes_remaining': 0, u'match': False}
Aww, it's not a match:(
name: Margaret, id: 5193bd6dc82f9a127000006e
Napping for 0.927367 seconds...
	liking... {u'rate_limited_until': 1514444874686, u'likes_remaining': 0, u'match': False}
Aww, it's not a match:(
name: Kendra, id: 5a3d8483aa9e1a4725cf3ba4
Napping for 1.115098 seconds...
	liking... {u'rate_limited_until': 1514444874686, u'likes_remaining': 0, u'match': False}
Aww, it's not a match:(
name: Ayushi, id: 5a3f7cd198f95f50125a73b0
Napping for 1.157329 seconds...
	liking... {u'rate_limited_until': 1514444874686, u'likes_remaining': 0, u'match': False}
Aww, it's not a match:(
name: Melissa, id: 5a41f4329e6f7d6925832e3d
Napping for 0.060307 seconds...
	liking... {u'rate_limited_until': 1514444874686, u'likes_remaining': 0, u'match': False}
Aww, it's not a match:(
name: Cortney, id: 5a41fcb05920884b1d55c496
Napping for 0.517796 seconds...
	liking... {u'rate_limited_until': 1514444874686, u'likes_remaining': 0, u'match': False}
Aww, it's not a match:(
name: Gianna, id: 5a078cada643d19805503f74
Napping for 0.289586 seconds...
	liking... {u'rate_limited_until': 1514444874686, u'likes_remaining': 0, u'match': False}
Aww, it's not a match:(
name: Marissa, id: 5a430ec136e65f961d51d83a
Napping for 0.520857 seconds...
	liking... {u'rate_limited_until': 1514444874686, u'likes_remaining': 0, u'match': False}
Aww, it's not a match:(
name: Amanda, id: 5440c518320ac81f29b18e59
Napping for 0.215280 seconds...
	liking... {u'rate_limited_until': 1514444874686, u'likes_remaining': 0, u'match': False}
Aww, it's not a match:(
name: Kate, id: 59dd6a0188bf50571518f453
Napping for 1.054377 seconds...
	liking... {u'rate_limited_until': 1514444874686, u'likes_remaining': 0, u'match': False}
Aww, it's not a match:(
name: Linda, id: 5a3e8e5a5f165d721233de11
Napping for 0.823329 seconds...
	liking... {u'rate_limited_until': 1514444874686, u'likes_remaining': 0, u'match': False}
Aww, it's not a match:(
name: Abigail, id: 56f0b077b1488e1625497eed
Napping for 0.600508 seconds...
	liking... {u'rate_limited_until': 1514444874686, u'likes_remaining': 0, u'match': False}
Aww, it's not a match:(
name: Ashley, id: 55c2a723e1e6372a38fb960a
Napping for 1.011349 seconds...
	liking... {u'rate_limited_until': 1514444874686, u'likes_remaining': 0, u'match': False}
Aww, it's not a match:(
name: Amber, id: 53c3121e4d562d516407208a
Napping for 0.710700 seconds...
	liking... {u'rate_limited_until': 1514444874686, u'likes_remaining': 0, u'match': False}
Aww, it's not a match:(
name: Shalay, id: 5a4083c55f165d7212352793
Napping for 0.306680 seconds...
	liking... {u'rate_limited_until': 1514444874686, u'likes_remaining': 0, u'match': False}
Aww, it's not a match:(
name: Lauren, id: 58efdb565a74cc0e24ba8950
Napping for 0.507006 seconds...
	liking... {u'rate_limited_until': 1514444874686, u'likes_remaining': 0, u'match': False}
Aww, it's not a match:(
name: Melissa, id: 5465b7d88bb99b80249cc5ab
Napping for 0.085619 seconds...
	liking... {u'rate_limited_until': 1514444874686, u'likes_remaining': 0, u'match': False}
Aww, it's not a match:(
name: Renee, id: 54092d78973cf7f22eedc013
Napping for 0.839767 seconds...
	liking... {u'rate_limited_until': 1514444874686, u'likes_remaining': 0, u'match': False}
Aww, it's not a match:(
name: Teresa, id: 5a4000a300a7d7751d97d785
Napping for 0.351624 seconds...
	liking... {u'rate_limited_until': 1514444874686, u'likes_remaining': 0, u'match': False}
Aww, it's not a match:(
name: Natalie, id: 54d7d35303fa06a848ce1c27
Napping for 1.078755 seconds...
	liking... {u'rate_limited_until': 1514444874686, u'likes_remaining': 0, u'match': False}
Aww, it's not a match:(
name: Stephanie, id: 59d82fb185a955ed4b08e402
Napping for 0.837721 seconds...
	liking... {u'rate_limited_until': 1514444874686, u'likes_remaining': 0, u'match': False}
Aww, it's not a match:(
name: Taylor, id: 54e90d8dd239417e352fce16
Napping for 0.705913 seconds...
	liking... {u'rate_limited_until': 1514444874686, u'likes_remaining': 0, u'match': False}
Aww, it's not a match:(
name: Maya, id: 5a0d3d9380ba23df7161921b
Napping for 1.183824 seconds...
	liking... {u'rate_limited_until': 1514444874686, u'likes_remaining': 0, u'match': False}
Aww, it's not a match:(
name: Samantha, id: 5a35fe8df75486d90fd971e2
Napping for 0.094991 seconds...
	liking... {u'rate_limited_until': 1514444874686, u'likes_remaining': 0, u'match': False}
Aww, it's not a match:(
name: Melanie, id: 591fcf45a59b56cd2bb307f7
Napping for 0.082122 seconds...
	liking... {u'rate_limited_until': 1514444874686, u'likes_remaining': 0, u'match': False}
Aww, it's not a match:(
name: Jiyoon, id: 5872d60c357225890a868f2d
Napping for 0.820255 seconds...
	liking... {u'rate_limited_until': 1514444874686, u'likes_remaining': 0, u'match': False}
Aww, it's not a match:(
name: Paige, id: 592d27918a37a2e55ee8702b
Napping for 0.932006 seconds...
	liking... {u'rate_limited_until': 1514444874686, u'likes_remaining': 0, u'match': False}
Aww, it's not a match:(
name: Nikki, id: 59095e414bdaa7fb04f2370d
Napping for 0.200382 seconds...
	liking... {u'rate_limited_until': 1514444874686, u'likes_remaining': 0, u'match': False}
Aww, it's not a match:(
name: Kaitlin, id: 5a42a343faabd2bc617b1823
Napping for 0.203530 seconds...
	liking... {u'rate_limited_until': 1514444874686, u'likes_remaining': 0, u'match': False}
Aww, it's not a match:(
name: Valerie, id: 59cc5e64ffb7a4d90d0008ac
Napping for 0.602534 seconds...
	liking... {u'rate_limited_until': 1514444874686, u'likes_remaining': 0, u'match': False}
Aww, it's not a match:(
name: Marisa, id: 5292a7d15c53572c32000112
Napping for 0.767507 seconds...
	liking... {u'rate_limited_until': 1514444874686, u'likes_remaining': 0, u'match': False}
Aww, it's not a match:(
name: Evonne, id: 5771fc5ac4669740240c6d78
Napping for 0.729823 seconds...
	liking... {u'rate_limited_until': 1514444874686, u'likes_remaining': 0, u'match': False}
Aww, it's not a match:(
name: Tara, id: 5a3c899785a42ee579145933
Napping for 0.992600 seconds...
	liking... {u'rate_limited_until': 1514444874686, u'likes_remaining': 0, u'match': False}
Aww, it's not a match:(
name: Meaghan, id: 58b110ad1fd0f4484f2990fb
Napping for 0.893031 seconds...
	liking... {u'rate_limited_until': 1514444874686, u'likes_remaining': 0, u'match': False}
Aww, it's not a match:(
name: Alyssa, id: 597d8a26330f2571291eceb2
Napping for 1.074745 seconds...
	liking... {u'rate_limited_until': 1514444874686, u'likes_remaining': 0, u'match': False}
Aww, it's not a match:(
name: Regina, id: 5917b9a591054c331c37e417
Napping for 0.717062 seconds...
	liking... {u'rate_limited_until': 1514444874686, u'likes_remaining': 0, u'match': False}
Aww, it's not a match:(
name: Vanessa, id: 58efa24633f507d823846eb0
Napping for 0.891591 seconds...
	liking... {u'rate_limited_until': 1514444874686, u'likes_remaining': 0, u'match': False}
Aww, it's not a match:(
name: Hazel, id: 5a40a2af958bba891e451e08
Napping for 0.246088 seconds...
	liking... {u'rate_limited_until': 1514444874686, u'likes_remaining': 0, u'match': False}
Aww, it's not a match:(
name: Brooklyn Vo, id: 5a42a10f5f165d7212366fbc
Napping for 0.927309 seconds...
	liking... {u'rate_limited_until': 1514444874686, u'likes_remaining': 0, u'match': False}
Aww, it's not a match:(
name: Teresa, id: 5a41ba2398f95f50125c03b3
Napping for 0.786612 seconds...
	liking... {u'rate_limited_until': 1514444874686, u'likes_remaining': 0, u'match': False}
Aww, it's not a match:(
