You have been successfully authorized!
running main
likes remaining: 100
name: Heather, id: 5a45d28d5920884b1d586d3e
Napping for 0.270946 seconds...
	liking... {u'likes_remaining': 100, u'match': False}
Aww, it's not a match:(
name: Monica, id: 5a3a0f69afa44416269c5cad
Napping for 0.087969 seconds...
	liking... {u'likes_remaining': 100, u'match': False}
Aww, it's not a match:(
name: Meghna, id: 562f09d500a825680441128a
Napping for 0.308444 seconds...
	liking... {u'likes_remaining': 100, u'match': False}
Aww, it's not a match:(
name: MJ, id: 5a570c89febb740d708cdcd2
Napping for 0.059053 seconds...
	liking... {u'likes_remaining': 100, u'match': False}
Aww, it's not a match:(
name: Anissa, id: 595ae1f58439c3e3728f9921
Napping for 0.702505 seconds...
	liking... {u'likes_remaining': 100, u'match': False}
Aww, it's not a match:(
name: Kitt, id: 52bde5a531f36fdc470019f5
Napping for 0.113152 seconds...
	liking... {u'likes_remaining': 100, u'match': False}
Aww, it's not a match:(
name: Sara, id: 5a31f76996f2b8b105cde4d4
Napping for 0.003903 seconds...
	liking... {u'likes_remaining': 100, u'match': False}
Aww, it's not a match:(
name: Yifei, id: 5a55cc5c59021ec15c973f32
Napping for 1.080017 seconds...
	liking... {u'likes_remaining': 100, u'match': False}
Aww, it's not a match:(
name: Sabrina, id: 5a1f9bde9b83dbe36f6fc17e
Napping for 0.720977 seconds...
	liking... {u'likes_remaining': 100, u'match': False}
Aww, it's not a match:(
name: Catie, id: 5a3dd3dae8dc17aa1e9b2cfa
Napping for 0.964041 seconds...
	liking... {u'likes_remaining': 100, u'match': False}
Aww, it's not a match:(
name: Shirley, id: 56135a18dd32e5fc616fe9c6
Napping for 1.019759 seconds...
	liking... {u'likes_remaining': 100, u'match': False}
Aww, it's not a match:(
name: Ruth, id: 5a516f5a2baf5f326af9202f
Napping for 1.009443 seconds...
	liking... {u'likes_remaining': 100, u'match': False}
Aww, it's not a match:(
name: Jenny, id: 585b83128c139baf15dbf834
Napping for 1.067935 seconds...
	liking... {u'likes_remaining': 100, u'match': False}
Aww, it's not a match:(
name: Sai, id: 5a510266b21944e84348ab92
Napping for 0.492896 seconds...
	liking... {u'likes_remaining': 100, u'match': False}
Aww, it's not a match:(
name: Rachelle, id: 5a532c2c707af2d86f902dc7
Napping for 1.012069 seconds...
	liking... {u'likes_remaining': 100, u'match': False}
Aww, it's not a match:(
name: Harp, id: 5a3d786a199b629412d8f496
Napping for 0.288008 seconds...
	liking... {u'likes_remaining': 100, u'match': False}
Aww, it's not a match:(
name: Navkiran, id: 5a3cbdd7881cced96e3ec07f
Napping for 0.191053 seconds...
	liking... {u'likes_remaining': 100, u'match': False}
Aww, it's not a match:(
name: Terrina, id: 5a5522080d4f3e71698f8998
Napping for 0.748948 seconds...
	liking... {u'likes_remaining': 100, u'match': False}
Aww, it's not a match:(
name: Jelena, id: 5a55ad9869c73afa6fef4ccd
Napping for 0.474424 seconds...
	liking... {u'likes_remaining': 100, u'match': False}
Aww, it's not a match:(
name: Diana, id: 5a566a5369c73afa6fefb7e0
Napping for 0.935593 seconds...
	liking... {u'likes_remaining': 100, u'match': False}
Aww, it's not a match:(
name: Sarina, id: 5a546afae343b0055d42056b
Napping for 0.845882 seconds...
	liking... {u'likes_remaining': 100, u'match': False}
Aww, it's not a match:(
name: Jade, id: 5a4a9f5936e65f961d57b8fc
Napping for 1.145675 seconds...
	liking... {u'likes_remaining': 100, u'match': False}
Aww, it's not a match:(
name: Hannah, id: 59b283b3efe111790a745213
Napping for 0.118130 seconds...
	liking... {u'likes_remaining': 100, u'match': False}
Aww, it's not a match:(
name: Anastasia, id: 5a349fe896f2b8b105d020ff
Napping for 1.152461 seconds...
	liking... {u'likes_remaining': 100, u'match': False}
Aww, it's not a match:(
name: Cindy, id: 5a56ff7339394c325d64df56
Napping for 0.003206 seconds...
	liking... {u'likes_remaining': 100, u'match': False}
Aww, it's not a match:(
name: Maryiaah, id: 5a56ecd8bea73a546a166a29
Napping for 1.046377 seconds...
	liking... {u'likes_remaining': 100, u'match': False}
Aww, it's not a match:(
name: McKenna, id: 5a569485707af2d86f92a1a7
Napping for 0.749635 seconds...
	liking... {u'likes_remaining': 100, u'match': False}
Aww, it's not a match:(
name: Monet, id: 5470bbff28924cba16526e62
Napping for 0.337718 seconds...
	liking... {u'likes_remaining': 100, u'match': False}
Aww, it's not a match:(
name: Morrasa, id: 5a45d92100a7d7751d9b6800
Napping for 0.164983 seconds...
	liking... {u'likes_remaining': 100, u'match': False}
Aww, it's not a match:(
name: Terisa, id: 53c8e28b95ad0b7e6596b0a6
Napping for 0.292566 seconds...
	liking... {u'likes_remaining': 100, u'match': False}
Aww, it's not a match:(
name: Adriana, id: 5a4dde6cddc34b0f021cdfcd
Napping for 0.961520 seconds...
	liking... {u'likes_remaining': 100, u'match': False}
Aww, it's not a match:(
name: Michelleariel, id: 55b8780f5cdb777d6a9a5d3e
Napping for 0.933798 seconds...
	liking... {u'likes_remaining': 100, u'match': False}
Aww, it's not a match:(
name: Nicole, id: 5809ba059fd05c0753f4a1d1
Napping for 0.864448 seconds...
	liking... {u'likes_remaining': 100, u'match': False}
Aww, it's not a match:(
name: Laurita, id: 5a529aa959021ec15c94c2bf
Napping for 0.456814 seconds...
	liking... {u'likes_remaining': 100, u'match': False}
Aww, it's not a match:(
name: Jennifer, id: 59c0915a2a8aa9de35a8545c
Napping for 0.031618 seconds...
	liking... {u'likes_remaining': 100, u'match': False}
Aww, it's not a match:(
name: Julie, id: 57944127ae81607a29bdf012
Napping for 0.375217 seconds...
	liking... {u'likes_remaining': 100, u'match': False}
Aww, it's not a match:(
name: Emma, id: 56f4561eb219c582429fa119
Napping for 0.483563 seconds...
	liking... {u'likes_remaining': 100, u'match': False}
Aww, it's not a match:(
name: Becky, id: 5a55aae569c73afa6fef4ae0
Napping for 0.004731 seconds...
	liking... {u'likes_remaining': 100, u'match': False}
Aww, it's not a match:(
name: Nohely, id: 5a505b5aefcd19604353e1c5
Napping for 0.101305 seconds...
	liking... {u'likes_remaining': 100, u'match': False}
Aww, it's not a match:(
name: Katelyn, id: 545e6c24cec401b8726591a7
Napping for 0.602948 seconds...
	liking... {u'likes_remaining': 100, u'match': False}
Aww, it's not a match:(
name: Yvonne, id: 5a51b7ec707af2d86f8ee1ad
Napping for 0.358340 seconds...
	liking... {u'likes_remaining': 100, u'match': False}
Aww, it's not a match:(
name: Ashley, id: 5a0352a8a643d198054d6483
Napping for 0.005876 seconds...
	liking... {u'likes_remaining': 100, u'match': False}
Aww, it's not a match:(
name: Christine, id: 5a4abf5c9e6f7d69258906f4
Napping for 0.371101 seconds...
	liking... {u'likes_remaining': 100, u'match': False}
Aww, it's not a match:(
name: Scarlett, id: 5a39afd40f93004026846dd3
Napping for 1.130854 seconds...
	liking... {u'likes_remaining': 100, u'match': False}
Aww, it's not a match:(
name: Jenna, id: 589e0ddd209aea187e2cc967
Napping for 0.163897 seconds...
	liking... {u'likes_remaining': 100, u'match': False}
Aww, it's not a match:(
name: Alyssa, id: 5a56d1df2baf5f326afce3dd
Napping for 0.677832 seconds...
	liking... {u'likes_remaining': 100, u'match': False}
Aww, it's not a match:(
name: Janna Lynn, id: 5420870e3a10f06e3d8acfdb
Napping for 0.333599 seconds...
	liking... {u'likes_remaining': 100, u'match': False}
Aww, it's not a match:(
name: Hannah, id: 5a4eb4de5c6220f102ea973b
Napping for 0.827936 seconds...
	liking... {u'likes_remaining': 100, u'match': False}
Aww, it's not a match:(
name: Brynne, id: 56b95a616db71e5741d2761b
Napping for 0.021630 seconds...
	liking... {u'likes_remaining': 100, u'match': False}
Aww, it's not a match:(
name: Reyna, id: 584b10ecfb43b5c3286cc2d3
Napping for 0.632311 seconds...
	liking... {u'likes_remaining': 100, u'match': False}
Aww, it's not a match:(
name: Mariah, id: 5497ad7e6ec84efd65ce3926
Napping for 0.133216 seconds...
	liking... {u'likes_remaining': 100, u'match': False}
Aww, it's not a match:(
name: Weronika, id: 5434c91eceb28eb857120d40
Napping for 1.004659 seconds...
	liking... {u'likes_remaining': 100, u'match': False}
Aww, it's not a match:(
name: Theresa, id: 5a529fb7e343b0055d409d35
Napping for 0.469059 seconds...
	liking... {u'likes_remaining': 100, u'match': False}
Aww, it's not a match:(
name: Gloria, id: 5a4fea556f40e44d44c40276
Napping for 0.551919 seconds...
	liking... {u'likes_remaining': 100, u'match': False}
Aww, it's not a match:(
name: Michelle, id: 5a4b2db32eced07167487422
Napping for 0.608508 seconds...
	liking... {u'likes_remaining': 100, u'match': False}
Aww, it's not a match:(
name: Nayana, id: 54a68d6ed81b7ead41c62c2a
Napping for 0.705328 seconds...
	liking... {u'likes_remaining': 100, u'match': False}
Aww, it's not a match:(
name: Alondra, id: 5a34e0fd4ce394d41656d86e
Napping for 0.159890 seconds...
	liking... {u'likes_remaining': 100, u'match': False}
Aww, it's not a match:(
name: Eva, id: 5a4d54012171a77079173d61
Napping for 0.412218 seconds...
	liking... {u'rate_limited_until': 1515698430605, u'likes_remaining': 0, u'match': False}
Aww, it's not a match:(
out of likes. Closing...
name: Angie, id: 5a3ccb33c0fcbd7f02be4f43
Napping for 0.460407 seconds...
	liking... {u'rate_limited_until': 1515698430605, u'likes_remaining': 0, u'match': False}
Aww, it's not a match:(
out of likes. Closing...
name: Joty, id: 5a56fe8a2baf5f326afcfecc
Napping for 0.869338 seconds...
	liking... {u'rate_limited_until': 1515698430605, u'likes_remaining': 0, u'match': False}
Aww, it's not a match:(
out of likes. Closing...
name: Saakshi, id: 5482b0548d019b753d7439be
Napping for 0.257173 seconds...
	liking... {u'rate_limited_until': 1515698430605, u'likes_remaining': 0, u'match': False}
Aww, it's not a match:(
out of likes. Closing...
name: Annamarie, id: 59c59901e93823db75b29b13
Napping for 0.753662 seconds...
	liking... {u'rate_limited_until': 1515698430605, u'likes_remaining': 0, u'match': False}
Aww, it's not a match:(
out of likes. Closing...
name: Jasmin, id: 5826d58a4ce147a20a7f3616
Napping for 0.815967 seconds...
	liking... {u'rate_limited_until': 1515698430605, u'likes_remaining': 0, u'match': False}
Aww, it's not a match:(
out of likes. Closing...
name: Stephanie, id: 54757821a6527d3711ae4a48
Napping for 0.674595 seconds...
	liking... {u'rate_limited_until': 1515698430605, u'likes_remaining': 0, u'match': False}
Aww, it's not a match:(
out of likes. Closing...
name: Alex, id: 5a519986cb58ec106ae0192b
Napping for 0.449188 seconds...
	liking... {u'rate_limited_until': 1515698430605, u'likes_remaining': 0, u'match': False}
Aww, it's not a match:(
out of likes. Closing...
name: Diana, id: 59fb9aa0034991a70c973946
Napping for 0.078445 seconds...
	liking... {u'rate_limited_until': 1515698430605, u'likes_remaining': 0, u'match': False}
Aww, it's not a match:(
out of likes. Closing...
name: Josie, id: 5437678f331391d7258e7922
Napping for 0.116839 seconds...
	liking... {u'rate_limited_until': 1515698430605, u'likes_remaining': 0, u'match': False}
Aww, it's not a match:(
out of likes. Closing...
name: Julie, id: 5a4de977e1f6028675c17b59
Napping for 0.963616 seconds...
	liking... {u'rate_limited_until': 1515698430605, u'likes_remaining': 0, u'match': False}
Aww, it's not a match:(
out of likes. Closing...
name: Nur, id: 54c84348fea0908212bdb40f
Napping for 0.331139 seconds...
	liking... {u'rate_limited_until': 1515698430605, u'likes_remaining': 0, u'match': False}
Aww, it's not a match:(
out of likes. Closing...
name: Daniela, id: 56e814781c988d7519a27e16
Napping for 0.604167 seconds...
	liking... {u'rate_limited_until': 1515698430605, u'likes_remaining': 0, u'match': False}
Aww, it's not a match:(
out of likes. Closing...
name: Emily, id: 5a4ad34b199b629412e226eb
Napping for 0.784572 seconds...
	liking... {u'rate_limited_until': 1515698430605, u'likes_remaining': 0, u'match': False}
Aww, it's not a match:(
out of likes. Closing...
name: Michelle, id: 5a51cab5febb740d7088a158
Napping for 0.617087 seconds...
	liking... {u'rate_limited_until': 1515698430605, u'likes_remaining': 0, u'match': False}
Aww, it's not a match:(
out of likes. Closing...
