You have been successfully authorized!
running main
likes remaining: 100
name: Megan, id: 5588d09a59ec3c89649ce692
Napping for 0.320732 seconds...
	liking... {u'likes_remaining': 100, u'match': False}
Aww, it's not a match:(
name: Susan, id: 559cbbc7a7ae7c8402cf6386
Napping for 1.149424 seconds...
	liking... {u'likes_remaining': 100, u'match': False}
Aww, it's not a match:(
name: Charlotte, id: 5a3c50eb8e537fb577a21d2b
Napping for 0.053413 seconds...
	liking... {u'likes_remaining': 100, u'match': False}
Aww, it's not a match:(
name: Ana, id: 59cf1c690d47f57a7004245e
Napping for 1.069093 seconds...
	liking... {u'likes_remaining': 100, u'match': False}
Aww, it's not a match:(
name: Yasmine, id: 59e01e021859d3de34510bc2
Napping for 0.354594 seconds...
	liking... {u'likes_remaining': 100, u'match': False}
Aww, it's not a match:(
name: Nicole, id: 5a4a0112aa9e1a4725d6bd1d
Napping for 0.182354 seconds...
	liking... {u'likes_remaining': 100, u'match': False}
Aww, it's not a match:(
name: Holly, id: 59bb16b3ad054f19108943f7
Napping for 0.879535 seconds...
	liking... {u'likes_remaining': 100, u'match': False}
Aww, it's not a match:(
name: Kaelyn, id: 5545bce75a0a6ef61e272c4a
Napping for 0.217566 seconds...
	liking... {u'likes_remaining': 100, u'match': False}
Aww, it's not a match:(
name: Lily, id: 59b0640c6a8e1fa34f9fefe8
Napping for 0.116397 seconds...
	liking... {u'likes_remaining': 100, u'match': False}
Aww, it's not a match:(
name: Yasmin, id: 5a3dd04c56899e25259e5a66
Napping for 0.879298 seconds...
	liking... {u'likes_remaining': 100, u'match': False}
Aww, it's not a match:(
name: Tiffanie, id: 590fe50faa4a0bc10c265f1e
Napping for 0.074076 seconds...
	liking... {u'likes_remaining': 100, u'match': False}
Aww, it's not a match:(
name: Sophia, id: 5a47e0ecaa9e1a4725d55da0
Napping for 0.394597 seconds...
	liking... {u'likes_remaining': 100, u'match': False}
Aww, it's not a match:(
name: Aileen, id: 5a009855117d37c05723cd1b
Napping for 0.030685 seconds...
	liking... {u'likes_remaining': 100, u'match': False}
Aww, it's not a match:(
name: Krystal, id: 5a456b3c5f165d7212389999
Napping for 0.972262 seconds...
	liking... {u'likes_remaining': 100, u'match': False}
Aww, it's not a match:(
name: Courtney, id: 53be2c2f8e32cd9137cfd051
Napping for 0.839937 seconds...
	liking... {u'likes_remaining': 100, u'match': False}
Aww, it's not a match:(
name: Sara, id: 59fd2db46749f05d5b7b4d8e
Napping for 1.096675 seconds...
	liking... {u'likes_remaining': 100, u'match': False}
Aww, it's not a match:(
name: Amy, id: 58d853e6a02fe8f60bdfe15a
Napping for 0.414490 seconds...
	liking... {u'likes_remaining': 100, u'match': False}
Aww, it's not a match:(
name: Nissa, id: 5296eef220aec48d2a00013a
Napping for 0.016606 seconds...
	liking... {u'likes_remaining': 100, u'match': False}
Aww, it's not a match:(
name: Alex, id: 59ebff31ac75988b2492e7b9
Napping for 0.652843 seconds...
	liking... {u'likes_remaining': 100, u'match': False}
Aww, it's not a match:(
name: Chelsea, id: 56fdb7c93b2891ca7fe94d3a
Napping for 1.096911 seconds...
	liking... {u'likes_remaining': 100, u'match': False}
Aww, it's not a match:(
name: Val, id: 5a48a006199b629412e04c09
Napping for 0.283789 seconds...
	liking... {u'likes_remaining': 100, u'match': False}
Aww, it's not a match:(
name: Laurel, id: 59702c7736a7be556db09e1a
Napping for 0.827852 seconds...
	liking... {u'likes_remaining': 100, u'match': False}
Aww, it's not a match:(
name: Victoria, id: 5a35f52cf75486d90fd9650e
Napping for 1.044849 seconds...
	liking... {u'likes_remaining': 100, u'match': False}
Aww, it's not a match:(
name: Angelique, id: 559a5262402db1d631702533
Napping for 0.706160 seconds...
	liking... {u'likes_remaining': 100, u'match': False}
Aww, it's not a match:(
name: Caitlin, id: 5a48b07b958bba891e4bd8cb
Napping for 0.895027 seconds...
	liking... {u'likes_remaining': 100, u'match': False}
Aww, it's not a match:(
name: Scarlet, id: 592ab747d838d30f5f4e1356
Napping for 0.643074 seconds...
	liking... {u'likes_remaining': 100, u'match': False}
Aww, it's not a match:(
name: Shagorika, id: 59b9e1fba076ce431025f3a5
Napping for 0.520631 seconds...
	liking... {u'likes_remaining': 100, u'match': False}
Aww, it's not a match:(
name: Jordan, id: 55fcda7144bb92f456328324
Napping for 0.768151 seconds...
	liking... {u'likes_remaining': 100, u'match': False}
Aww, it's not a match:(
name: Cinthya, id: 5a3fcb6e00a7d7751d979c1a
Napping for 0.997159 seconds...
	liking... {u'likes_remaining': 100, u'match': False}
Aww, it's not a match:(
name: Amy, id: 5a076d0481615a317e60c6ea
Napping for 0.277913 seconds...
	liking... {u'likes_remaining': 100, u'match': False}
Aww, it's not a match:(
name: Nancy, id: 5a0a5ce9b2096fcc706b3db8
Napping for 0.056687 seconds...
	liking... {u'likes_remaining': 100, u'match': False}
Aww, it's not a match:(
name: Shelby, id: 57c12763849e2a3811c6ee6c
Napping for 0.259487 seconds...
	liking... {u'likes_remaining': 100, u'match': False}
Aww, it's not a match:(
name: Cristi, id: 5a471cc12eced0716745b2b0
Napping for 0.804632 seconds...
	liking... {u'likes_remaining': 100, u'match': False}
Aww, it's not a match:(
name: Meredith, id: 5a45f492aa9e1a4725d3ff71
Napping for 1.114739 seconds...
	liking... {u'likes_remaining': 100, u'match': False}
Aww, it's not a match:(
name: Tanvi, id: 5a4899f02eced0716746f02e
Napping for 0.140206 seconds...
	liking... {u'likes_remaining': 100, u'match': False}
Aww, it's not a match:(
name: Josephyne, id: 59d5c4a541998a531c7156aa
Napping for 0.274752 seconds...
	liking... {u'likes_remaining': 100, u'match': False}
Aww, it's not a match:(
name: Stephanie, id: 59c8a70f6d8c20783d489f1c
Napping for 0.784645 seconds...
	liking... {u'likes_remaining': 100, u'match': False}
Aww, it's not a match:(
name: Amie, id: 5a49e29c56899e2525a5a9cf
Napping for 0.405562 seconds...
	liking... {u'likes_remaining': 100, u'match': False}
Aww, it's not a match:(
name: Melinda, id: 5927a4381481bb0c7df9a998
Napping for 0.090554 seconds...
	liking... {u'likes_remaining': 100, u'match': False}
Aww, it's not a match:(
name: Morgan, id: 59c6648ad7e0db1176e35c21
Napping for 0.699557 seconds...
	liking... {u'likes_remaining': 100, u'match': False}
Aww, it's not a match:(
name: Natalia, id: 5a3590184ce394d41657710f
Napping for 1.129169 seconds...
	liking... {u'likes_remaining': 100, u'match': False}
Aww, it's not a match:(
name: Roz, id: 577a09f2273fb54913beba3e
Napping for 0.205043 seconds...
	liking... {u'likes_remaining': 100, u'match': False}
Aww, it's not a match:(
name: Chayenne, id: 57328621f17fd2e929ea3d37
Napping for 0.199288 seconds...
	liking... {u'likes_remaining': 100, u'match': False}
Aww, it's not a match:(
name: Callie, id: 59cdd2d57eae477b3ea0b0eb
Napping for 0.743881 seconds...
	liking... {u'likes_remaining': 100, u'match': False}
Aww, it's not a match:(
name: Christine, id: 599fb1b0646d298907ccbf3d
Napping for 1.165549 seconds...
	liking... {u'likes_remaining': 100, u'match': False}
Aww, it's not a match:(
name: Ellie, id: 59109955dfe1814f0d8f3e70
Napping for 0.321024 seconds...
	liking... {u'likes_remaining': 100, u'match': False}
Aww, it's not a match:(
name: Audrey, id: 59bc4a1ee9dd767510bb9a7b
Napping for 0.546808 seconds...
	liking... {u'likes_remaining': 100, u'match': False}
Aww, it's not a match:(
name: Meghan, id: 5a483e9036e65f961d55b394
Napping for 0.631671 seconds...
	liking... {u'likes_remaining': 100, u'match': False}
Aww, it's not a match:(
name: Youki, id: 55092030069e013964797496
Napping for 0.605635 seconds...
	liking... {u'likes_remaining': 100, u'match': False}
Aww, it's not a match:(
name: Carmine, id: 5a1cc01d74356a2c6d5d2d54
Napping for 0.158409 seconds...
	liking... {u'likes_remaining': 100, u'match': False}
Aww, it's not a match:(
name: Cindy, id: 5a3e12c1702237291d0f42fa
Napping for 0.448049 seconds...
	liking... {u'likes_remaining': 100, u'match': False}
Aww, it's not a match:(
name: Crystal, id: 5a4a801d702237291d16c2d2
Napping for 0.530886 seconds...
	liking... {u'likes_remaining': 100, u'match': False}
Aww, it's not a match:(
name: DanielleAlexis, id: 5a4999d69e6f7d6925884a0c
Napping for 0.579238 seconds...
	liking... {u'likes_remaining': 100, u'match': False}
Aww, it's not a match:(
name: Jazmine, id: 5a47112cfaabd2bc617e60da
Napping for 0.341420 seconds...
	liking... {u'likes_remaining': 100, u'match': False}
Aww, it's not a match:(
name: Katie, id: 53d4541a97335a9409f2dea4
Napping for 0.182104 seconds...
	liking... {u'likes_remaining': 100, u'match': False}
Aww, it's not a match:(
name: Nina, id: 5a2ad82ac4d66cd12f6a8f30
Napping for 0.623715 seconds...
	liking... {u'likes_remaining': 100, u'match': False}
Aww, it's not a match:(
name: Rezza, id: 594756ecd8b77a1d2ad996f8
Napping for 0.804978 seconds...
	liking... {u'likes_remaining': 100, u'match': False}
Aww, it's not a match:(
name: Cristina, id: 5a2452ed4344f5af0326f301
Napping for 0.499326 seconds...
	liking... {u'likes_remaining': 100, u'match': False}
Aww, it's not a match:(
name: Monique, id: 5a42fdbf00a7d7751d99ac03
Napping for 0.863972 seconds...
	liking... {u'likes_remaining': 100, u'match': False}
Aww, it's not a match:(
name: Alissa, id: 5a388e33c906947e0b561463
Napping for 0.763514 seconds...
	liking... {u'likes_remaining': 100, u'match': False}
Aww, it's not a match:(
name: Amy, id: 5455d2b2b0ae50961460eb79
Napping for 0.649744 seconds...
	liking... {u'likes_remaining': 100, u'match': False}
Aww, it's not a match:(
name: Alexis, id: 5a457e915f165d721238af5c
Napping for 0.633002 seconds...
	liking... {u'likes_remaining': 100, u'match': False}
Aww, it's not a match:(
name: Luna, id: 5a49dfd82788ab671ef91659
Napping for 0.553937 seconds...
	liking... {u'likes_remaining': 100, u'match': False}
Aww, it's not a match:(
name: Jocelyn, id: 5a444c0d00a7d7751d9a6782
Napping for 1.126698 seconds...
	liking... {u'likes_remaining': 100, u'match': False}
Aww, it's not a match:(
name: Kelsey, id: 55ea421cdb8f621159b7ca3a
Napping for 0.485919 seconds...
	liking... {u'likes_remaining': 100, u'match': False}
Aww, it's not a match:(
name: Leilani, id: 5a3a88843995d67e381461a9
Napping for 0.177444 seconds...
	liking... {u'likes_remaining': 100, u'match': False}
Aww, it's not a match:(
name: Jennifer, id: 55fb6ad17f309add62ce09cc
Napping for 0.630073 seconds...
	liking... {u'likes_remaining': 100, u'match': False}
Aww, it's not a match:(
name: Amy, id: 526252112f358d582a00040b
Napping for 0.989375 seconds...
	liking... {u'likes_remaining': 100, u'match': False}
Aww, it's not a match:(
name: Janelle, id: 573bb0f6953269dc1ca57e07
Napping for 0.770102 seconds...
	liking... {u'likes_remaining': 100, u'match': False}
Aww, it's not a match:(
name: Patty, id: 5958a63c8439c3e3728e2aef
Napping for 0.508128 seconds...
	liking... {u'likes_remaining': 100, u'match': False}
Aww, it's not a match:(
name: Abby, id: 5a4a0c8500a7d7751d9d673e
Napping for 0.347330 seconds...
	liking... {u'likes_remaining': 100, u'match': False}
Aww, it's not a match:(
name: Maria, id: 56f7388087b4365157e4e666
Napping for 0.588303 seconds...
	liking... {u'likes_remaining': 100, u'match': False}
Aww, it's not a match:(
name: Cindy, id: 5a49f56656899e2525a5b5a5
Napping for 0.448227 seconds...
	liking... {u'likes_remaining': 100, u'match': False}
Aww, it's not a match:(
name: Ana, id: 5a1cda0bdb01d9126da1889b
Napping for 1.131177 seconds...
	liking... {u'likes_remaining': 100, u'match': False}
Aww, it's not a match:(
name: Camila, id: 56025e7fd8ba0e4813e7f8e8
Napping for 0.688279 seconds...
	liking... {u'likes_remaining': 100, u'match': False}
Aww, it's not a match:(
name: Andie, id: 56737d57bcce2ad43acafcdd
Napping for 0.668691 seconds...
	liking... {u'likes_remaining': 100, u'match': False}
Aww, it's not a match:(
name: Mia, id: 51a3feee3ec21658290029c5
Napping for 0.838268 seconds...
	liking... {u'likes_remaining': 100, u'match': False}
Aww, it's not a match:(
name: Jessica, id: 59d5b501ffb43d024dc02844
Napping for 0.584822 seconds...
	liking... {u'likes_remaining': 100, u'match': False}
Aww, it's not a match:(
name: Katrina, id: 5a48892e98f95f501260b97e
Napping for 0.266324 seconds...
	liking... {u'likes_remaining': 100, u'match': False}
Aww, it's not a match:(
name: Caley, id: 5750b15ad8dd41780dd5b60f
Napping for 0.046648 seconds...
	liking... {u'likes_remaining': 100, u'match': False}
Aww, it's not a match:(
name: Grace, id: 59a74955646d298907d27853
Napping for 0.622836 seconds...
	liking... {u'likes_remaining': 100, u'match': False}
Aww, it's not a match:(
name: Lauren, id: 5a2b8377c42152b31677e83f
Napping for 0.770679 seconds...
	liking... {u'likes_remaining': 100, u'match': False}
Aww, it's not a match:(
name: Stevi, id: 5a4200069e6f7d6925833615
Napping for 0.578296 seconds...
	liking... {u'likes_remaining': 100, u'match': False}
Aww, it's not a match:(
name: Stella, id: 5a49f8482788ab671ef92c18
Napping for 0.158306 seconds...
	liking... {u'likes_remaining': 100, u'match': False}
Aww, it's not a match:(
name: My, id: 5a41316b56899e25259fedd6
Napping for 1.031496 seconds...
	liking... {u'likes_remaining': 100, u'match': False}
Aww, it's not a match:(
name: Ally, id: 5a4880b456899e2525a4ae88
Napping for 0.938077 seconds...
	liking... {u'likes_remaining': 100, u'match': False}
Aww, it's not a match:(
name: Miranda, id: 5a4267b3199b629412db57a0
Napping for 0.244485 seconds...
	liking... {u'likes_remaining': 100, u'match': False}
Aww, it's not a match:(
name: Camille, id: 5207341204c35d3c49000022
Napping for 0.780360 seconds...
	liking... {u'likes_remaining': 100, u'match': False}
Aww, it's not a match:(
name: Katie, id: 5a433803faabd2bc617bb52a
Napping for 0.063929 seconds...
	liking... {u'likes_remaining': 100, u'match': False}
Aww, it's not a match:(
name: Olivia, id: 50fcddc46561301b06000042
Napping for 0.732352 seconds...
	liking... {u'likes_remaining': 100, u'match': False}
Aww, it's not a match:(
name: Brooklynn, id: 59c1b658a360601c45c827ef
Napping for 0.259697 seconds...
	liking... {u'likes_remaining': 100, u'match': False}
Aww, it's not a match:(
name: Raven, id: 57e455e7a308a58935297888
Napping for 0.593567 seconds...
	liking... {u'likes_remaining': 100, u'match': False}
Aww, it's not a match:(
name: Yuki, id: 5428b3b58af8d3b664ea8bed
Napping for 0.035203 seconds...
	liking... {u'likes_remaining': 100, u'match': False}
Aww, it's not a match:(
name: Karen, id: 5a3e2917702237291d0f6c3c
Napping for 0.226553 seconds...
	liking... {u'likes_remaining': 100, u'match': False}
Aww, it's not a match:(
name: Bri, id: 5a4306e2199b629412dc3f70
Napping for 0.426115 seconds...
	liking... {u'likes_remaining': 100, u'match': False}
Aww, it's not a match:(
name: Jac, id: 5a2490618a1c1dea7c5bb212
Napping for 0.901932 seconds...
	liking... {u'likes_remaining': 100, u'match': False}
Aww, it's not a match:(
name: Seldon, id: 5a3557a0c32aba580daed9ee
Napping for 0.777856 seconds...
	liking... {u'likes_remaining': 100, u'match': False}
Aww, it's not a match:(
name: Bianca, id: 5a4724c4199b629412dee861
Napping for 1.084331 seconds...
	liking... {u'rate_limited_until': 1514877768319, u'likes_remaining': 0, u'match': False}
Aww, it's not a match:(
name: Jessica, id: 545ab343d09a2ff6453efbef
Napping for 0.595408 seconds...
	liking... {u'rate_limited_until': 1514877768319, u'likes_remaining': 0, u'match': False}
Aww, it's not a match:(
name: Lily, id: 59df05c51859d3de34504bca
Napping for 0.046370 seconds...
	liking... {u'rate_limited_until': 1514877768319, u'likes_remaining': 0, u'match': False}
Aww, it's not a match:(
name: Michelle, id: 5a278cfa1ee8aaf3071f4c90
Napping for 0.819253 seconds...
	liking... {u'rate_limited_until': 1514877768319, u'likes_remaining': 0, u'match': False}
Aww, it's not a match:(
name: Maria, id: 5a14ddbd72ac4b8c6c95f4b6
Napping for 0.689987 seconds...
	liking... {u'rate_limited_until': 1514877768319, u'likes_remaining': 0, u'match': False}
Aww, it's not a match:(
name: Marissa, id: 563d7ae5fd49453d22a7ae83
Napping for 0.060915 seconds...
	liking... {u'rate_limited_until': 1514877768319, u'likes_remaining': 0, u'match': False}
Aww, it's not a match:(
name: Poorva, id: 5459bad9ac2e4d4a5c870930
Napping for 0.461504 seconds...
	liking... {u'rate_limited_until': 1514877768319, u'likes_remaining': 0, u'match': False}
Aww, it's not a match:(
name: Maxine, id: 59e401bc69554a001561de83
Napping for 0.739869 seconds...
	liking... {u'rate_limited_until': 1514877768319, u'likes_remaining': 0, u'match': False}
Aww, it's not a match:(
name: Isabel, id: 5a4468b79e6f7d692584df2d
Napping for 0.596514 seconds...
	liking... {u'rate_limited_until': 1514877768319, u'likes_remaining': 0, u'match': False}
Aww, it's not a match:(
name: Rebecca, id: 5a443ce95f165d721237d068
Napping for 0.442373 seconds...
	liking... {u'rate_limited_until': 1514877768319, u'likes_remaining': 0, u'match': False}
Aww, it's not a match:(
name: Viva, id: 5684d727a92deb92370691be
Napping for 0.871957 seconds...
	liking... {u'rate_limited_until': 1514877768319, u'likes_remaining': 0, u'match': False}
Aww, it's not a match:(
name: Shana, id: 52e4e722503b3b046d000028
Napping for 1.063451 seconds...
	liking... {u'rate_limited_until': 1514877768319, u'likes_remaining': 0, u'match': False}
Aww, it's not a match:(
name: Daniella, id: 54f7f550fc5bba6f6c4f7a95
Napping for 0.664884 seconds...
	liking... {u'rate_limited_until': 1514877768319, u'likes_remaining': 0, u'match': False}
Aww, it's not a match:(
name: Aris, id: 5a4411612788ab671ef534e4
Napping for 1.050578 seconds...
	liking... {u'rate_limited_until': 1514877768319, u'likes_remaining': 0, u'match': False}
Aww, it's not a match:(
name: Antoinette, id: 59b9d6bfe9dd767510b9de80
Napping for 1.157087 seconds...
	liking... {u'rate_limited_until': 1514877768319, u'likes_remaining': 0, u'match': False}
Aww, it's not a match:(
name: Dee, id: 5a061910355d159f7ddab79a
Napping for 0.692077 seconds...
	liking... {u'rate_limited_until': 1514877768319, u'likes_remaining': 0, u'match': False}
Aww, it's not a match:(
name: Chloe, id: 59c8bc60602d0d5a3d2c00bd
Napping for 1.188492 seconds...
	liking... {u'rate_limited_until': 1514877768319, u'likes_remaining': 0, u'match': False}
Aww, it's not a match:(
name: Ai, id: 58fb37223ee0532560811756
Napping for 0.572238 seconds...
	liking... {u'rate_limited_until': 1514877768319, u'likes_remaining': 0, u'match': False}
Aww, it's not a match:(
name: Shelby, id: 5a0b75eb10af04c171f1f095
Napping for 0.974381 seconds...
	liking... {u'rate_limited_until': 1514877768319, u'likes_remaining': 0, u'match': False}
Aww, it's not a match:(
name: Eleanor, id: 59e3dbeb88bf5057151d60a0
Napping for 0.173435 seconds...
	liking... {u'rate_limited_until': 1514877768319, u'likes_remaining': 0, u'match': False}
Aww, it's not a match:(
name: E, id: 5a4466ff5920884b1d576a79
Napping for 1.077547 seconds...
	liking... {u'rate_limited_until': 1514877768319, u'likes_remaining': 0, u'match': False}
Aww, it's not a match:(
name: Jill, id: 58df201463e585687a5780d5
Napping for 1.102366 seconds...
	liking... {u'rate_limited_until': 1514877768319, u'likes_remaining': 0, u'match': False}
Aww, it's not a match:(
name: Rhonda, id: 5556fdd33432beee79922549
Napping for 0.853385 seconds...
	liking... {u'rate_limited_until': 1514877768319, u'likes_remaining': 0, u'match': False}
Aww, it's not a match:(
name: Katrina, id: 5a3fec329e6f7d692581c535
Napping for 0.576673 seconds...
	liking... {u'rate_limited_until': 1514877768319, u'likes_remaining': 0, u'match': False}
Aww, it's not a match:(
name: Lulu, id: 589c009f1a4eaca73f830f81
Napping for 0.498960 seconds...
	liking... {u'rate_limited_until': 1514877768319, u'likes_remaining': 0, u'match': False}
Aww, it's not a match:(
name: Adelyn, id: 57bbad25e5cfdcb30aac74bc
Napping for 0.856924 seconds...
	liking... {u'rate_limited_until': 1514877768319, u'likes_remaining': 0, u'match': False}
Aww, it's not a match:(
name: Gopi, id: 57df3a75f63a09f627db64a7
Napping for 0.070833 seconds...
	liking... {u'rate_limited_until': 1514877768319, u'likes_remaining': 0, u'match': False}
Aww, it's not a match:(
name: Lety, id: 582967d0f25dad650af0c1b0
Napping for 0.498214 seconds...
	liking... {u'rate_limited_until': 1514877768319, u'likes_remaining': 0, u'match': False}
Aww, it's not a match:(
name: Brittany, id: 5a067c5d355d159f7ddb14e3
Napping for 0.619498 seconds...
	liking... {u'rate_limited_until': 1514877768319, u'likes_remaining': 0, u'match': False}
Aww, it's not a match:(
name: ADrianna, id: 59fd058dca422d6659822de7
Napping for 0.809952 seconds...
	liking... {u'rate_limited_until': 1514877768319, u'likes_remaining': 0, u'match': False}
Aww, it's not a match:(
name: Mari, id: 5a3c9460d36bdc746e31b461
Napping for 0.902656 seconds...
	liking... {u'rate_limited_until': 1514877768319, u'likes_remaining': 0, u'match': False}
Aww, it's not a match:(
name: Mary, id: 59ab2d1ef2728a2503dabcfa
Napping for 1.167643 seconds...
	liking... {u'rate_limited_until': 1514877768319, u'likes_remaining': 0, u'match': False}
Aww, it's not a match:(
name: Gabi, id: 5a4700b5e8dc17aa1e9f9aa4
Napping for 1.157038 seconds...
	liking... {u'rate_limited_until': 1514877768319, u'likes_remaining': 0, u'match': False}
Aww, it's not a match:(
name: Lo, id: 5a4352d6958bba891e4738b6
Napping for 0.749228 seconds...
	liking... {u'rate_limited_until': 1514877768319, u'likes_remaining': 0, u'match': False}
Aww, it's not a match:(
name: Nadine, id: 597f5e63c943343c29fa8eb6
Napping for 0.711651 seconds...
	liking... {u'rate_limited_until': 1514877768319, u'likes_remaining': 0, u'match': False}
Aww, it's not a match:(
name: Faith, id: 5a493e515920884b1d5acbeb
Napping for 0.096782 seconds...
	liking... {u'rate_limited_until': 1514877768319, u'likes_remaining': 0, u'match': False}
Aww, it's not a match:(
name: Jackie, id: 5999297c03af1ed72d2c3095
Napping for 1.174805 seconds...
	liking... {u'rate_limited_until': 1514877768319, u'likes_remaining': 0, u'match': False}
Aww, it's not a match:(
name: Brady, id: 596037a5c3b9991d73cbbbcc
Napping for 0.661091 seconds...
	liking... {u'rate_limited_until': 1514877768319, u'likes_remaining': 0, u'match': False}
Aww, it's not a match:(
name: Mercedes, id: 55d96a3234133d9027b763a0
Napping for 0.444508 seconds...
	liking... {u'rate_limited_until': 1514877768319, u'likes_remaining': 0, u'match': False}
Aww, it's not a match:(
name: Dayanna, id: 56e3e1ae3056e4e241ca97a6
Napping for 0.055834 seconds...
	liking... {u'rate_limited_until': 1514877768319, u'likes_remaining': 0, u'match': False}
Aww, it's not a match:(
name: Julianne, id: 5726e983e480a8403ecadea1
Napping for 0.353264 seconds...
	liking... {u'rate_limited_until': 1514877768319, u'likes_remaining': 0, u'match': False}
Aww, it's not a match:(
name: Vidya, id: 590ea720e4fab3033ce80ca3
Napping for 0.374860 seconds...
	liking... {u'rate_limited_until': 1514877768319, u'likes_remaining': 0, u'match': False}
Aww, it's not a match:(
name: Mireya, id: 5a05eee6ba6f48710487dbb6
Napping for 0.073384 seconds...
	liking... {u'rate_limited_until': 1514877768319, u'likes_remaining': 0, u'match': False}
Aww, it's not a match:(
name: Anne, id: 593d8b12d1dd3e83448ec4f8
Napping for 0.474784 seconds...
	liking... {u'rate_limited_until': 1514877768319, u'likes_remaining': 0, u'match': False}
Aww, it's not a match:(
name: Victoria, id: 53d832cfebe41e73768c11ec
Napping for 0.496874 seconds...
	liking... {u'rate_limited_until': 1514877768319, u'likes_remaining': 0, u'match': False}
Aww, it's not a match:(
name: Karla, id: 5a41f7e05920884b1d55be8c
Napping for 0.683949 seconds...
	liking... {u'rate_limited_until': 1514877768319, u'likes_remaining': 0, u'match': False}
Aww, it's not a match:(
name: Emily, id: 5a22191c4344f5af0325753e
Napping for 0.392247 seconds...
	liking... {u'rate_limited_until': 1514877768319, u'likes_remaining': 0, u'match': False}
Aww, it's not a match:(
name: Adrianna, id: 57f12cca62b0ec813de7c1e6
Napping for 0.585023 seconds...
	liking... {u'rate_limited_until': 1514877768319, u'likes_remaining': 0, u'match': False}
Aww, it's not a match:(
name: Madeleine, id: 5916d1ec7470355d1ca180f4
Napping for 0.969111 seconds...
	liking... {u'rate_limited_until': 1514877768319, u'likes_remaining': 0, u'match': False}
Aww, it's not a match:(
name: Tanvi, id: 57e2006f49d68fa26c75199e
Napping for 0.462652 seconds...
	liking... {u'rate_limited_until': 1514877768319, u'likes_remaining': 0, u'match': False}
Aww, it's not a match:(
name: Brittany, id: 5a46caa5702237291d14c2d8
Napping for 1.117914 seconds...
	liking... {u'rate_limited_until': 1514877768319, u'likes_remaining': 0, u'match': False}
Aww, it's not a match:(
name: Nicole, id: 59a82f1ba57fdfb60701ff2d
Napping for 0.523005 seconds...
	liking... {u'rate_limited_until': 1514877768319, u'likes_remaining': 0, u'match': False}
Aww, it's not a match:(
