You have been successfully authorized!
running main
likes remaining: 100
name: Karina, id: 575906444fe018eb1141a91b
Napping for 0.557640 seconds...
	liking... {u'likes_remaining': 100, u'match': False}
Aww, it's not a match:(
name: Mai, id: 5a4ade50958bba891e4d1251
Napping for 1.085345 seconds...
	liking... {u'likes_remaining': 100, u'match': False}
Aww, it's not a match:(
name: Pavit, id: 5451bda12eb4fa395a56c70e
Napping for 0.600490 seconds...
	liking... {u'likes_remaining': 100, u'match': False}
Aww, it's not a match:(
name: Amanda, id: 53dbf719de4252f77ad5ad7e
Napping for 0.004569 seconds...
	liking... {u'likes_remaining': 100, u'match': False}
Aww, it's not a match:(
name: Christina Rosalina, id: 5a4a94e72788ab671ef99825
Napping for 0.766644 seconds...
	liking... {u'likes_remaining': 100, u'match': False}
Aww, it's not a match:(
name: Sarah, id: 5a4820b92eced0716746753b
Napping for 0.307290 seconds...
	liking... {u'likes_remaining': 100, u'match': False}
Aww, it's not a match:(
name: Nicole, id: 594b1140ba1dc80257fcd040
Napping for 0.181356 seconds...
	liking... {u'likes_remaining': 100, u'match': False}
Aww, it's not a match:(
name: Samantha, id: 5a4b279c199b629412e269cd
Napping for 1.191985 seconds...
	liking... {u'likes_remaining': 100, u'match': False}
Aww, it's not a match:(
name: Brianna, id: 58438fb3dbe4a6e71a447d88
Napping for 0.648849 seconds...
	liking... {u'likes_remaining': 100, u'match': False}
Aww, it's not a match:(
name: Moni, id: 5a3f55f35f165d7212345ec7
Napping for 0.847729 seconds...
	liking... {u'likes_remaining': 100, u'match': False}
Aww, it's not a match:(
name: Melissa, id: 5a4b015bb86023b51282a64b
Napping for 1.039297 seconds...
	liking... {u'likes_remaining': 100, u'match': False}
Aww, it's not a match:(
name: Sara, id: 5986b7f23c99f19c4bce0135
Napping for 0.052907 seconds...
	liking... {u'likes_remaining': 100, u'match': False}
Aww, it's not a match:(
name: Adrienne, id: 59f2fc8ffa090b656041eca7
Napping for 0.734478 seconds...
	liking... {u'likes_remaining': 100, u'match': False}
Aww, it's not a match:(
name: Cassandra, id: 5a4733092eced0716745c719
Napping for 0.837482 seconds...
	liking... {u'likes_remaining': 100, u'match': False}
Aww, it's not a match:(
name: Erica, id: 59b89e29c3e6d4e6396e5d95
Napping for 0.760907 seconds...
	liking... {u'likes_remaining': 100, u'match': False}
Aww, it's not a match:(
name: yara, id: 5a4b21e42788ab671efa0894
Napping for 0.337011 seconds...
	liking... {u'likes_remaining': 100, u'match': False}
Aww, it's not a match:(
name: Mirna, id: 5a4b2bd52788ab671efa18d2
Napping for 0.385762 seconds...
	liking... {u'likes_remaining': 100, u'match': False}
Aww, it's not a match:(
name: Amanda, id: 5a49a26700a7d7751d9d407b
Napping for 0.167418 seconds...
	liking... {u'likes_remaining': 100, u'match': False}
Aww, it's not a match:(
name: Shelby, id: 551263b8a19db76b5a2f15af
Napping for 0.248612 seconds...
	liking... {u'likes_remaining': 100, u'match': False}
Aww, it's not a match:(
name: Danielle, id: 59cfef58eb6999bd70aa72a4
Napping for 0.109083 seconds...
	liking... {u'likes_remaining': 100, u'match': False}
Aww, it's not a match:(
name: Abigail, id: 5a453979e8dc17aa1e9ea938
Napping for 0.262396 seconds...
	liking... {u'likes_remaining': 100, u'match': False}
Aww, it's not a match:(
name: Mia, id: 5a49d6b936e65f961d572b4f
Napping for 0.521686 seconds...
	liking... {u'likes_remaining': 100, u'match': False}
Aww, it's not a match:(
name: Lillian, id: 57e175f465f1bc5831598046
Napping for 0.545850 seconds...
	liking... {u'likes_remaining': 100, u'match': False}
Aww, it's not a match:(
name: Lina, id: 59f3d205068963936b515810
Napping for 0.014880 seconds...
	liking... {u'likes_remaining': 100, u'match': False}
Aww, it's not a match:(
name: Linzi, id: 5a4b45c09e6f7d6925895d2f
Napping for 0.704053 seconds...
	liking... {u'likes_remaining': 100, u'match': False}
Aww, it's not a match:(
name: Jasmine, id: 5883f50e7055752e16d7978e
Napping for 0.095181 seconds...
	liking... {u'likes_remaining': 100, u'match': False}
Aww, it's not a match:(
name: Amara, id: 59a0b6cca0fbc15707087fb8
Napping for 0.518501 seconds...
	liking... {u'likes_remaining': 100, u'match': False}
Aww, it's not a match:(
name: Jordan, id: 59c34429d134935f459b2b32
Napping for 0.512830 seconds...
	liking... {u'likes_remaining': 100, u'match': False}
Aww, it's not a match:(
name: Jenna, id: 5a41d0829e6f7d6925831116
Napping for 0.562825 seconds...
	liking... {u'likes_remaining': 100, u'match': False}
Aww, it's not a match:(
name: Amethyst, id: 5a009b29287d547c57a5a905
Napping for 0.738093 seconds...
	liking... {u'likes_remaining': 100, u'match': False}
Aww, it's not a match:(
name: Lily, id: 5981334f248b55700cc5de0a
Napping for 0.898384 seconds...
	liking... {u'likes_remaining': 100, u'match': False}
Aww, it's not a match:(
name: Usha, id: 581ee513bc3606906e8bd50e
Napping for 0.452166 seconds...
	liking... {u'likes_remaining': 100, u'match': False}
Aww, it's not a match:(
name: Makaela, id: 5a4b237efaabd2bc6180bd1b
Napping for 0.831614 seconds...
	liking... {u'likes_remaining': 100, u'match': False}
Aww, it's not a match:(
name: Savannah, id: 57285ced9078a3580e79cf51
Napping for 0.324485 seconds...
	liking... {u'likes_remaining': 100, u'match': False}
Aww, it's not a match:(
name: Jaymie, id: 5a49e746e8dc17aa1ea1c750
Napping for 0.496765 seconds...
	liking... {u'likes_remaining': 100, u'match': False}
Aww, it's not a match:(
name: Sarah, id: 58aa36ef485cd95056b8b007
Napping for 0.597577 seconds...
	liking... {u'likes_remaining': 100, u'match': False}
Aww, it's not a match:(
name: Jillian, id: 52016fdd80a105401a000007
Napping for 0.241958 seconds...
	liking... {u'likes_remaining': 100, u'match': False}
Aww, it's not a match:(
name: Danielle, id: 5a4affde5f165d72123baa9f
Napping for 1.005649 seconds...
	liking... {u'likes_remaining': 100, u'match': False}
Aww, it's not a match:(
name: Selena, id: 59c584328639523c3d27399d
Napping for 0.210554 seconds...
	liking... {u'likes_remaining': 100, u'match': False}
Aww, it's not a match:(
name: Megan, id: 5670f23f16968d6d709e4cdb
Napping for 0.679280 seconds...
	liking... {u'likes_remaining': 100, u'match': False}
Aww, it's not a match:(
name: Leilani, id: 5a4af3d498f95f5012627249
Napping for 0.152104 seconds...
	liking... {u'likes_remaining': 100, u'match': False}
Aww, it's not a match:(
name: Saran, id: 5897bacf2754b47c0a87e192
Napping for 0.415015 seconds...
	liking... {u'likes_remaining': 100, u'match': False}
Aww, it's not a match:(
name: Grace, id: 54f7a74c38dd79a60c1c4a58
Napping for 0.873091 seconds...
	liking... {u'likes_remaining': 100, u'match': False}
Aww, it's not a match:(
name: Sruthi, id: 53e92c4f85d1d6445b448983
Napping for 1.160807 seconds...
	liking... {u'likes_remaining': 100, u'match': False}
Aww, it's not a match:(
name: Leeanne, id: 591f8195a59b56cd2bb2db86
Napping for 0.853429 seconds...
	liking... {u'likes_remaining': 100, u'match': False}
Aww, it's not a match:(
name: Carolina, id: 5a03e2e281615a317e5eb22c
Napping for 0.041025 seconds...
	liking... {u'likes_remaining': 100, u'match': False}
Aww, it's not a match:(
name: Lily, id: 572851aa57a5c9290e65b4d2
Napping for 0.124516 seconds...
	liking... {u'likes_remaining': 100, u'match': False}
Aww, it's not a match:(
name: Julianne, id: 599f915cd3a0b32920029cd0
Napping for 0.047235 seconds...
	liking... {u'likes_remaining': 100, u'match': False}
Aww, it's not a match:(
name: Bunny, id: 5a42f81e9e6f7d6925841491
Napping for 0.166362 seconds...
	liking... {u'likes_remaining': 100, u'match': False}
Aww, it's not a match:(
name: Rebekah, id: 5938841c2854a198255f58bd
Napping for 0.140499 seconds...
	liking... {u'likes_remaining': 100, u'match': False}
Aww, it's not a match:(
name: Janice, id: 5a4b20e0b86023b51282d13a
Napping for 0.652636 seconds...
	liking... {u'likes_remaining': 100, u'match': False}
Aww, it's not a match:(
name: pauline, id: 597eee6dc90ce48f447afd6f
Napping for 0.983360 seconds...
	liking... {u'likes_remaining': 100, u'match': False}
Aww, it's not a match:(
name: Alicia, id: 57d466bc5af7a17809556240
Napping for 0.675200 seconds...
	liking... {u'likes_remaining': 100, u'match': False}
Aww, it's not a match:(
