You have been successfully authorized!
running main
likes remaining: 100
name: Dani, id: 5a60475612d5a9307a703de9
Napping for 0.391185 seconds...
	liking... {u'likes_remaining': 100, u'match': False}
Aww, it's not a match:(
name: Lindsay, id: 5879b5e5d6bcd6475badb0e2
Napping for 0.182156 seconds...
	liking... {u'likes_remaining': 100, u'match': False}
Aww, it's not a match:(
name: Gaby, id: 5a6047243bc66c992a011d2e
Napping for 0.881439 seconds...
	liking... {u'likes_remaining': 100, u'match': False}
Aww, it's not a match:(
name: Lisa Sun, id: 5a603dc66954c2fe09ae33ca
Napping for 0.879170 seconds...
	liking... {u'likes_remaining': 100, u'match': False}
Aww, it's not a match:(
name: Alexis, id: 5a5ac3081364b39f276f9ba6
Napping for 1.172990 seconds...
	liking... {u'likes_remaining': 100, u'match': False}
Aww, it's not a match:(
name: Mary, id: 5a60477c39aa4bc32a059f09
Napping for 1.188733 seconds...
	liking... {u'likes_remaining': 100, u'match': False}
Aww, it's not a match:(
name: Claire, id: 5a5f8b8a407c450428ef6b05
Napping for 0.653896 seconds...
	liking... {u'likes_remaining': 100, u'match': False}
Aww, it's not a match:(
name: Leslie, id: 57ecc5e80a4d84683b17fea9
Napping for 0.258694 seconds...
	liking... {u'likes_remaining': 100, u'match': False}
Aww, it's not a match:(
name: Jessica, id: 5a5ea0eadef65a4e1a8449e9
Napping for 0.717563 seconds...
	liking... {u'likes_remaining': 100, u'match': False}
Aww, it's not a match:(
name: Kaitlynn, id: 57ef68bc5ccca19f3b7fbf1d
Napping for 0.274309 seconds...
	liking... {u'likes_remaining': 100, u'match': False}
Aww, it's not a match:(
name: kat, id: 5a48b4fa2788ab671ef8584f
Napping for 0.035045 seconds...
	liking... {u'likes_remaining': 100, u'match': False}
Aww, it's not a match:(
name: Amber, id: 5a2dbbce7d0da8f30cd40536
Napping for 0.450658 seconds...
	liking... {u'likes_remaining': 100, u'match': False}
Aww, it's not a match:(
name: Vinisha, id: 5a604c1e12d5a9307a703f57
Napping for 0.211516 seconds...
	liking... {u'likes_remaining': 100, u'match': False}
Aww, it's not a match:(
name: Renesme, id: 5a5b9f13def65a4e1a81a7e3
Napping for 1.195064 seconds...
	liking... {u'likes_remaining': 100, u'match': False}
Aww, it's not a match:(
name: Joa, id: 5a4ca9e7e8dc17aa1ea38a6d
Napping for 0.632734 seconds...
	liking... {u'likes_remaining': 100, u'match': False}
Aww, it's not a match:(
name: Ella, id: 5a60413729b40bd709665aaf
Napping for 0.154576 seconds...
	liking... {u'likes_remaining': 100, u'match': False}
Aww, it's not a match:(
name: Shiree, id: 5903d2ebca6f49db04f238c1
Napping for 0.028271 seconds...
	liking... {u'likes_remaining': 100, u'match': False}
Aww, it's not a match:(
name: Alisa, id: 5a5ee4d10d6e7a0a1ab62b1d
Napping for 1.171193 seconds...
	liking... {u'likes_remaining': 100, u'match': False}
Aww, it's not a match:(
name: Elva, id: 59b0c905659e839326ee64dc
Napping for 0.401696 seconds...
	liking... {u'likes_remaining': 100, u'match': False}
Aww, it's not a match:(
name: Loryssa, id: 5a5c9b401364b39f27711721
Napping for 1.179025 seconds...
	liking... {u'likes_remaining': 100, u'match': False}
Aww, it's not a match:(
name: Morgan, id: 545d402eecbd2d4e496acc9b
Napping for 0.578399 seconds...
	liking... {u'likes_remaining': 100, u'match': False}
Aww, it's not a match:(
name: Valeria, id: 5980f4ff861735962d5fb287
Napping for 0.442913 seconds...
	liking... {u'likes_remaining': 100, u'match': False}
Aww, it's not a match:(
name: Jessica, id: 5a603d3439aa4bc32a05909d
Napping for 0.176136 seconds...
	liking... {u'likes_remaining': 100, u'match': False}
Aww, it's not a match:(
name: Kayla, id: 5a603fc86954c2fe09ae3552
Napping for 0.805137 seconds...
	liking... {u'likes_remaining': 100, u'match': False}
Aww, it's not a match:(
name: Clara, id: 57f9f40110df16e549f71cab
Napping for 0.774981 seconds...
	liking... {u'likes_remaining': 100, u'match': False}
Aww, it's not a match:(
name: Nicole, id: 5a5b18d29855b5711a53e4f1
Napping for 1.064392 seconds...
	liking... {u'likes_remaining': 100, u'match': False}
Aww, it's not a match:(
name: throws UnicodeDecodeError so I cannot say, id: 58c59b5353c1e7de056f9a9f
UnicodeDecodeError: 'ascii' codec can't decode byte 0xc3 in position 5: ordinal not in range(128)
Napping for 1.014217 seconds...
	liking... {u'likes_remaining': 100, u'match': False}
Aww, it's not a match:(
name: Angie, id: 5a60472019e4b9047a6e0549
Napping for 1.179493 seconds...
	liking... {u'likes_remaining': 100, u'match': False}
Aww, it's not a match:(
name: Maliyah, id: 5a6042e66954c2fe09ae37ac
Napping for 0.641878 seconds...
	liking... {u'likes_remaining': 100, u'match': False}
Aww, it's not a match:(
name: Angelica, id: 5a603d859b04dca409c52ed6
Napping for 0.888142 seconds...
	liking... {u'likes_remaining': 100, u'match': False}
Aww, it's not a match:(
name: Kassandra, id: 5a602d7c39aa4bc32a05770f
Napping for 0.363535 seconds...
	liking... {u'likes_remaining': 100, u'match': False}
Aww, it's not a match:(
name: Lisa Sun, id: 5a603dc66954c2fe09ae33ca
Napping for 0.678931 seconds...
	liking... {u'likes_remaining': 100, u'match': False}
Aww, it's not a match:(
name: Sara, id: 5a51cf8ecb58ec106ae064c2
Napping for 0.861162 seconds...
	liking... {u'likes_remaining': 100, u'match': False}
Aww, it's not a match:(
name: Erin, id: 5867f2b13786957b7219c251
Napping for 0.989249 seconds...
	liking... {u'likes_remaining': 100, u'match': False}
Aww, it's not a match:(
name: Amani, id: 58b4c40ec6dc0f455a196a74
Napping for 0.680689 seconds...
	liking... {u'likes_remaining': 100, u'match': False}
Aww, it's not a match:(
name: kyra, id: 5a42fe3d702237291d123480
Napping for 0.104964 seconds...
	liking... {u'likes_remaining': 100, u'match': False}
Aww, it's not a match:(
name: Elizabeth, id: 57db3ff9dde47c415e1ea21e
Napping for 0.110599 seconds...
	liking... {u'likes_remaining': 100, u'match': False}
Aww, it's not a match:(
name: Irene, id: 5a60329f39aa4bc32a058076
Napping for 0.809351 seconds...
	liking... {u'likes_remaining': 100, u'match': False}
Aww, it's not a match:(
name: Santiago, id: 5a5eb1b391aba5ce2d1d0e7c
Napping for 0.627663 seconds...
	liking... {u'likes_remaining': 100, u'match': False}
Aww, it's not a match:(
name: Rebecca, id: 5a6033c209226d662a44898a
Napping for 0.188675 seconds...
	liking... {u'likes_remaining': 100, u'match': False}
Aww, it's not a match:(
name: Josephine, id: 59e04f2d88bf5057151afe9a
Napping for 0.502755 seconds...
	liking... {u'likes_remaining': 100, u'match': False}
Aww, it's not a match:(
name: Alyssa, id: 5a5ef3110e1e57b526d626d0
Napping for 0.672833 seconds...
	liking... {u'likes_remaining': 100, u'match': False}
Aww, it's not a match:(
name: Janelle, id: 5a55965b69c73afa6fef352f
Napping for 0.111459 seconds...
	liking... {u'likes_remaining': 100, u'match': False}
Aww, it's not a match:(
name: Paola, id: 592a5f5aa30e80b87ce35e6b
Napping for 0.982775 seconds...
	liking... {u'likes_remaining': 100, u'match': False}
Aww, it's not a match:(
name: Lucia, id: 5a60373909226d662a448bfd
Napping for 0.860200 seconds...
	liking... {u'likes_remaining': 100, u'match': False}
Aww, it's not a match:(
name: Mary Ash, id: 5a5da4b0bf6920e327c2869c
Napping for 0.130794 seconds...
	liking... {u'likes_remaining': 100, u'match': False}
Aww, it's not a match:(
name: Nicole, id: 5619cdbb5a78ba790f12d2ae
Napping for 0.192784 seconds...
	liking... {u'likes_remaining': 100, u'match': False}
Aww, it's not a match:(
name: Kristin, id: 569c171cfda51a1c3ce021ac
Napping for 0.618343 seconds...
	liking... {u'likes_remaining': 100, u'match': False}
Aww, it's not a match:(
name: Nia, id: 5a5db4461364b39f277216f4
Napping for 0.725192 seconds...
	liking... {u'likes_remaining': 100, u'match': False}
Aww, it's not a match:(
name: Erna, id: 5a604a539b04dca409c532a2
Napping for 0.333118 seconds...
	liking... {u'likes_remaining': 100, u'match': False}
Aww, it's not a match:(
name: Sydney, id: 5577cf41903c5f8469ab9c8e
Napping for 0.506539 seconds...
	liking... {u'likes_remaining': 100, u'match': False}
Aww, it's not a match:(
name: Kaory, id: 542c6f713c66487e0a5eaecc
Napping for 0.988029 seconds...
	liking... {u'likes_remaining': 100, u'match': False}
Aww, it's not a match:(
name: Maya, id: 59cc98a6127be26a51246402
Napping for 0.248690 seconds...
	liking... {u'likes_remaining': 100, u'match': False}
Aww, it's not a match:(
name: Aakanksha, id: 547e4db95ad2092f3879a6cc
Napping for 0.779726 seconds...
	liking... {u'likes_remaining': 100, u'match': False}
Aww, it's not a match:(
name: Maya, id: 5a601cdc19e4b9047a6ddfee
Napping for 0.573438 seconds...
	liking... {u'likes_remaining': 100, u'match': False}
Aww, it's not a match:(
name: Cynthia, id: 58d5dd0aa7847bd40b6f1537
Napping for 0.245439 seconds...
	liking... {u'likes_remaining': 100, u'match': False}
Aww, it's not a match:(
name: Melanie, id: 5959d6aec3b9991d73c8012e
Napping for 0.857698 seconds...
	liking... {u'likes_remaining': 100, u'match': False}
Aww, it's not a match:(
name: Melody, id: 5a5f92721364b39f27736bbf
Napping for 0.468501 seconds...
	liking... {u'likes_remaining': 100, u'match': False}
Aww, it's not a match:(
name: Rebecca, id: 531a289e6ac87a8c3a00046b
Napping for 0.600481 seconds...
	liking... {u'likes_remaining': 100, u'match': False}
Aww, it's not a match:(
name: Maeve, id: 586dc342de1922f54d8ba30b
Napping for 0.724596 seconds...
	liking... {u'likes_remaining': 100, u'match': False}
Aww, it's not a match:(
name: Destany, id: 5a5d64aa625db61a27023304
Napping for 0.068311 seconds...
	liking... {u'likes_remaining': 100, u'match': False}
Aww, it's not a match:(
name: Kamelia, id: 591a1b8c6fe3c7856e23fb07
Napping for 0.284944 seconds...
	liking... {u'likes_remaining': 100, u'match': False}
Aww, it's not a match:(
name: Courtney, id: 55849246bbffeb8b3829fbfd
Napping for 0.469732 seconds...
	liking... {u'likes_remaining': 100, u'match': False}
Aww, it's not a match:(
name: Shannon, id: 5a2066469b83dbe36f70848e
Napping for 0.887442 seconds...
	liking... {u'likes_remaining': 100, u'match': False}
Aww, it's not a match:(
name: Thalita, id: 591a8ff8f0a1a5af6e58917c
Napping for 1.089076 seconds...
	liking... {u'likes_remaining': 100, u'match': False}
Aww, it's not a match:(
name: Sydni, id: 593389e341264cb432542e46
Napping for 0.963444 seconds...
	liking... {u'likes_remaining': 100, u'match': False}
Aww, it's not a match:(
name: Brittany, id: 597d64303b73fd5a2985e232
Napping for 0.706337 seconds...
	liking... {u'likes_remaining': 100, u'match': False}
Aww, it's not a match:(
name: Paige, id: 58a8bae84182e73e672fcfbf
Napping for 0.922854 seconds...
	liking... {u'likes_remaining': 100, u'match': False}
Aww, it's not a match:(
name: Enitilina, id: 54d5c37d77732a7c482053a8
Napping for 0.833764 seconds...
	liking... {u'likes_remaining': 100, u'match': False}
Aww, it's not a match:(
name: Yaquelin, id: 5a5da5f0bf6920e327c2877b
Napping for 0.896683 seconds...
	liking... {u'likes_remaining': 100, u'match': False}
Aww, it's not a match:(
name: Athena, id: 58d41e2b7f574207114d60ce
Napping for 0.169525 seconds...
	liking... {u'likes_remaining': 100, u'match': False}
Aww, it's not a match:(
name: Michelle, id: 5799e90de3530d733c745e0f
Napping for 0.932244 seconds...
	liking... {u'rate_limited_until': 1516304376836, u'likes_remaining': 0, u'match': False}
Aww, it's not a match:(
out of likes. Closing...
name: Tania, id: 597e3899c943343c29f9bd22
Napping for 0.246134 seconds...
	liking... {u'rate_limited_until': 1516304376836, u'likes_remaining': 0, u'match': False}
Aww, it's not a match:(
out of likes. Closing...
name: Grace, id: 543af0607cd0fccf62186fc0
Napping for 1.091105 seconds...
	liking... {u'rate_limited_until': 1516304376836, u'likes_remaining': 0, u'match': False}
Aww, it's not a match:(
out of likes. Closing...
name: Julia, id: 565fcbdece49e09b150528dd
Napping for 0.952471 seconds...
	liking... {u'rate_limited_until': 1516304376836, u'likes_remaining': 0, u'match': False}
Aww, it's not a match:(
out of likes. Closing...
name: Nicole, id: 5891962e989f087b0a44dcc5
Napping for 0.602632 seconds...
	liking... {u'rate_limited_until': 1516304376836, u'likes_remaining': 0, u'match': False}
Aww, it's not a match:(
out of likes. Closing...
name: Marie, id: 53be3941590751a13761f524
Napping for 0.518855 seconds...
	liking... {u'rate_limited_until': 1516304376836, u'likes_remaining': 0, u'match': False}
Aww, it's not a match:(
out of likes. Closing...
name: Kate, id: 5a59c076bc9c78c1279073a9
Napping for 0.222594 seconds...
	liking... {u'rate_limited_until': 1516304376836, u'likes_remaining': 0, u'match': False}
Aww, it's not a match:(
out of likes. Closing...
name: Katie, id: 5395475b8b8b33207bd8c8b7
Napping for 0.117921 seconds...
	liking... {u'rate_limited_until': 1516304376836, u'likes_remaining': 0, u'match': False}
Aww, it's not a match:(
out of likes. Closing...
name: Emily, id: 5a531d300d4f3e71698e0049
Napping for 0.448394 seconds...
	liking... {u'rate_limited_until': 1516304376836, u'likes_remaining': 0, u'match': False}
Aww, it's not a match:(
out of likes. Closing...
name: Keron, id: 5a2997c0c958a22b29f5c5ab
Napping for 1.006954 seconds...
	liking... {u'rate_limited_until': 1516304376836, u'likes_remaining': 0, u'match': False}
Aww, it's not a match:(
out of likes. Closing...
name: Nicole, id: 540fe0c3a63bacf34c65e9bc
Napping for 0.295290 seconds...
	liking... {u'rate_limited_until': 1516304376836, u'likes_remaining': 0, u'match': False}
Aww, it's not a match:(
out of likes. Closing...
name: Sravani, id: 5a14654e33869879175bfd8a
Napping for 0.372792 seconds...
	liking... {u'rate_limited_until': 1516304376836, u'likes_remaining': 0, u'match': False}
Aww, it's not a match:(
out of likes. Closing...
name: Marina, id: 58f70bdcccf657457e1735f1
Napping for 0.839340 seconds...
	liking... {u'rate_limited_until': 1516304376836, u'likes_remaining': 0, u'match': False}
Aww, it's not a match:(
out of likes. Closing...
name: Kc, id: 54a75eb15f3a741b7852d398
Napping for 0.101265 seconds...
	liking... {u'rate_limited_until': 1516304376836, u'likes_remaining': 0, u'match': False}
Aww, it's not a match:(
out of likes. Closing...
name: Kassy, id: 5a5e8c2e347976ac2d427b07
Napping for 0.863957 seconds...
	liking... {u'rate_limited_until': 1516304376836, u'likes_remaining': 0, u'match': False}
Aww, it's not a match:(
out of likes. Closing...
