You have been successfully authorized!
running main
likes remaining: 100
name: Ashley, id: 597db69d593dee5a4419a304
Napping for 0.100360 seconds...
	liking... {u'likes_remaining': 100, u'match': False}
Aww, it's not a match:(
name: Emily, id: 5a1f9aa7db01d9126da39f5e
Napping for 0.879977 seconds...
	liking... {u'likes_remaining': 100, u'match': False}
Aww, it's not a match:(
name: AJ, id: 539811845a28d0734163fae2
Napping for 0.903693 seconds...
	liking... {u'likes_remaining': 100, u'match': False}
Aww, it's not a match:(
name: Auzuraya, id: 57f8a74e21e70621735ab6eb
Napping for 1.087397 seconds...
	liking... {u'likes_remaining': 100, u'match': False}
Aww, it's not a match:(
name: Maria, id: 59f62ee7d6967c4b6ba71fb2
Napping for 0.124114 seconds...
	liking... {u'likes_remaining': 100, u'match': False}
Aww, it's not a match:(
name: Michele Ailene, id: 59504264dd1c974f11d9cca2
Napping for 0.338640 seconds...
	liking... {u'likes_remaining': 100, u'match': False}
Aww, it's not a match:(
name: Hannah, id: 573e636b9b4e5efe338911f9
Napping for 0.798657 seconds...
	liking... {u'likes_remaining': 100, u'match': False}
Aww, it's not a match:(
name: Elizabeth, id: 52894dfb5ef4c9612e000056
Napping for 0.304924 seconds...
	liking... {u'likes_remaining': 100, u'match': False}
Aww, it's not a match:(
name: Emily, id: 583b83ac8f7ef05c48d92232
Napping for 1.094550 seconds...
	liking... {u'likes_remaining': 100, u'match': False}
Aww, it's not a match:(
name: Nikki, id: 5a2ddd247d0da8f30cd41551
Napping for 0.595737 seconds...
	liking... {u'likes_remaining': 100, u'match': False}
Aww, it's not a match:(
name: Eva, id: 59d2eba9928a7e58701f8096
Napping for 0.757313 seconds...
	liking... {u'likes_remaining': 100, u'match': False}
Aww, it's not a match:(
name: Monica, id: 59bf3b08cc8fb73e45ff8170
Napping for 1.181740 seconds...
	liking... {u'likes_remaining': 100, u'match': False}
Aww, it's not a match:(
name: Isabel, id: 59c815ec8639523c3d293f2a
Napping for 0.437022 seconds...
	liking... {u'likes_remaining': 100, u'match': False}
Aww, it's not a match:(
name: Mingming, id: 58cc87ebf657aa9c7a15e615
Napping for 0.562601 seconds...
	liking... {u'likes_remaining': 100, u'match': False}
Aww, it's not a match:(
name: Nessa, id: 5a5e9ce7def65a4e1a844223
Napping for 0.641187 seconds...
	liking... {u'likes_remaining': 100, u'match': False}
Aww, it's not a match:(
name: briana, id: 59a488c42b49c3ca1ff5d91a
Napping for 0.426318 seconds...
	liking... {u'likes_remaining': 100, u'match': False}
Aww, it's not a match:(
name: Nancy, id: 541148eebf122be5497b7e3e
Napping for 0.984923 seconds...
	liking... {u'likes_remaining': 100, u'match': False}
Aww, it's not a match:(
name: Shreya, id: 5959ceb43b461472611de428
Napping for 0.865011 seconds...
	liking... {u'likes_remaining': 100, u'match': False}
Aww, it's not a match:(
name: Ida, id: 5a6433f6ab67b94d461bccf7
Napping for 0.824795 seconds...
	liking... {u'likes_remaining': 100, u'match': False}
Aww, it's not a match:(
name: Priyanshi, id: 5a63f259b18e735b66abee88
Napping for 0.379195 seconds...
	liking... {u'likes_remaining': 100, u'match': False}
Aww, it's not a match:(
name: Vanessa, id: 543b798eda20d680060c7302
Napping for 0.358104 seconds...
	liking... {u'likes_remaining': 100, u'match': False}
Aww, it's not a match:(
name: Maggie, id: 556bb3438a930a0a188061a8
Napping for 0.563398 seconds...
	liking... {u'likes_remaining': 100, u'match': False}
Aww, it's not a match:(
name: Leila, id: 5a64337261fa3b0e3654bad3
Napping for 0.687730 seconds...
	liking... {u'likes_remaining': 100, u'match': False}
Aww, it's not a match:(
name: Jessica, id: 576ca04351ae711a39962062
Napping for 0.258923 seconds...
	liking... {u'likes_remaining': 100, u'match': False}
Aww, it's not a match:(
name: Eline, id: 595fedce949b465a61c8b82e
Napping for 0.308451 seconds...
	liking... {u'likes_remaining': 100, u'match': False}
Aww, it's not a match:(
name: Emily, id: 592e43f4d838d30f5f4ffc84
Napping for 0.170373 seconds...
	liking... {u'likes_remaining': 100, u'match': False}
Aww, it's not a match:(
name: Chloe, id: 5a6435470811fb8d66a86a96
Napping for 0.078624 seconds...
	liking... {u'likes_remaining': 100, u'match': False}
Aww, it's not a match:(
name: Regil, id: 5a64380d0edefaa835aca588
Napping for 1.097371 seconds...
	liking... {u'likes_remaining': 100, u'match': False}
Aww, it's not a match:(
name: Jenie, id: 5a6425b31657e2234637d50a
Napping for 0.838081 seconds...
	liking... {u'likes_remaining': 100, u'match': False}
Aww, it's not a match:(
name: Margret, id: 53208ff612771f6c080032a9
Napping for 1.123723 seconds...
	liking... {u'likes_remaining': 100, u'match': False}
Aww, it's not a match:(
name: Tracy, id: 54b180c9dab79df87496fa7b
Napping for 0.256732 seconds...
	liking... {u'likes_remaining': 100, u'match': False}
Aww, it's not a match:(
name: Ida, id: 5a6433f6ab67b94d461bccf7
Napping for 0.828398 seconds...
	liking... {u'likes_remaining': 100, u'match': False}
Aww, it's not a match:(
name: Nicole, id: 58c0e404f055aa2771af7e39
Napping for 0.030131 seconds...
	liking... {u'likes_remaining': 100, u'match': False}
Aww, it's not a match:(
name: Nina, id: 58845e6a724c76bb54b9d752
Napping for 0.627629 seconds...
	liking... {u'likes_remaining': 100, u'match': False}
Aww, it's not a match:(
name: Valerie, id: 5803f281c8d790be0a29deb0
Napping for 0.001397 seconds...
	liking... {u'likes_remaining': 100, u'match': False}
Aww, it's not a match:(
name: Emma, id: 5a6415fdbd42cd31665a405d
Napping for 1.122822 seconds...
	liking... {u'likes_remaining': 100, u'match': False}
Aww, it's not a match:(
name: Lauren, id: 579ed68d6929a4840ae03c39
Napping for 0.047760 seconds...
	liking... {u'likes_remaining': 100, u'match': False}
Aww, it's not a match:(
name: Ida, id: 5a6431b5ab67b94d461bc9c4
Napping for 0.244943 seconds...
	liking... {u'likes_remaining': 100, u'match': False}
Aww, it's not a match:(
name: Masha, id: 53054834b97250d86c001396
Napping for 0.346822 seconds...
	liking... {u'likes_remaining': 100, u'match': False}
Aww, it's not a match:(
name: Marissa, id: 5a641bf91657e2234637bf9a
Napping for 0.892269 seconds...
	liking... {u'likes_remaining': 100, u'match': False}
Aww, it's not a match:(
name: Alexis, id: 56ff4d7d133b01dc18d8503c
Napping for 0.077526 seconds...
	liking... {u'likes_remaining': 100, u'match': False}
Aww, it's not a match:(
name: Vanessa, id: 5a64223b61fa3b0e3654b163
Napping for 0.728533 seconds...
	liking... {u'likes_remaining': 100, u'match': False}
Aww, it's not a match:(
name: Kiley, id: 5a6430098b067109446f5f6f
Napping for 0.710525 seconds...
	liking... {u'likes_remaining': 100, u'match': False}
Aww, it's not a match:(
name: Jessmyn, id: 58e1b9c4643dda543b98dbe9
Napping for 0.638611 seconds...
	liking... {u'likes_remaining': 100, u'match': False}
Aww, it's not a match:(
name: Vanessa, id: 58eea49432038b7341bb31b2
Napping for 0.988324 seconds...
	liking... {u'likes_remaining': 100, u'match': False}
Aww, it's not a match:(
name: Jessica, id: 5a642d9a30d69cd8352e6691
Napping for 0.407054 seconds...
	liking... {u'likes_remaining': 100, u'match': False}
Aww, it's not a match:(
name: Kimberly, id: 58b9eb3bcb9475f679028fa7
Napping for 0.951380 seconds...
	liking... {u'likes_remaining': 100, u'match': False}
Aww, it's not a match:(
name: Sarah, id: 5a6420cd8b067109446f41f8
Napping for 1.097741 seconds...
	liking... {u'likes_remaining': 100, u'match': False}
Aww, it's not a match:(
name: Alyssa, id: 58fbd21678acdde8425435b9
Napping for 0.816439 seconds...
	liking... {u'likes_remaining': 100, u'match': False}
Aww, it's not a match:(
name: Diana, id: 52cd9dbd456b00c17f0034bc
Napping for 0.240486 seconds...
	liking... {u'likes_remaining': 100, u'match': False}
Aww, it's not a match:(
name: Lawley, id: 5a64231f0edefaa835ac8a83
Napping for 0.862963 seconds...
	liking... {u'likes_remaining': 100, u'match': False}
Aww, it's not a match:(
name: Rachelle, id: 59613821949b465a61c981b1
Napping for 0.277596 seconds...
	liking... {u'likes_remaining': 100, u'match': False}
Aww, it's not a match:(
name: Savannah, id: 59728f2cddf9b7836d5d9631
Napping for 0.686718 seconds...
	liking... {u'likes_remaining': 100, u'match': False}
Aww, it's not a match:(
name: Qingyang, id: 5a6429b430d69cd8352e63c1
Napping for 0.059129 seconds...
	liking... {u'likes_remaining': 100, u'match': False}
Aww, it's not a match:(
name: Adrienne, id: 5a6402fe0811fb8d66a84b63
Napping for 0.224635 seconds...
	liking... {u'likes_remaining': 100, u'match': False}
Aww, it's not a match:(
name: Norma, id: 57357292f7db350812a1ce46
Napping for 0.158721 seconds...
	liking... {u'likes_remaining': 100, u'match': False}
Aww, it's not a match:(
name: Sierra, id: 542e45203d3b85840f86d1e4
Napping for 0.867124 seconds...
	liking... {u'likes_remaining': 100, u'match': False}
Aww, it's not a match:(
name: Yas, id: 5a6428271657e2234637d93d
Napping for 0.901486 seconds...
	liking... {u'likes_remaining': 100, u'match': False}
Aww, it's not a match:(
name: Corina, id: 535cb1b70a7b16b903003beb
Napping for 0.725510 seconds...
	liking... {u'likes_remaining': 100, u'match': False}
Aww, it's not a match:(
name: Michaela, id: 542cd2e5addbe7fc79963106
Napping for 0.214431 seconds...
	liking... {u'likes_remaining': 100, u'match': False}
Aww, it's not a match:(
name: Trina, id: 526b247128b52363220009de
Napping for 0.392770 seconds...
	liking... {u'likes_remaining': 100, u'match': False}
Aww, it's not a match:(
name: Talia, id: 588c1d44885fb5870a2bee45
Napping for 0.324672 seconds...
	liking... {u'likes_remaining': 100, u'match': False}
Aww, it's not a match:(
name: Natalie, id: 5962a5603b46147261234076
Napping for 0.429426 seconds...
	liking... {u'likes_remaining': 100, u'match': False}
Aww, it's not a match:(
name: Michelle, id: 58c77ef94c08ba700f3abff0
Napping for 0.241376 seconds...
	liking... {u'likes_remaining': 100, u'match': False}
Aww, it's not a match:(
name: Kevin, id: 5a641c670811fb8d66a85503
Napping for 0.262427 seconds...
	liking... {u'likes_remaining': 100, u'match': False}
Aww, it's not a match:(
name: Ana, id: 573a6eaebe01ec111013b3d3
Napping for 0.156642 seconds...
	liking... {u'likes_remaining': 100, u'match': False}
Aww, it's not a match:(
name: Ruby, id: 5a6421ed1657e2234637ce1c
Napping for 0.477496 seconds...
	liking... {u'likes_remaining': 100, u'match': False}
Aww, it's not a match:(
name: Priyanshi, id: 5a63f259b18e735b66abee88
Napping for 0.057131 seconds...
	liking... {u'likes_remaining': 100, u'match': False}
Aww, it's not a match:(
name: Jami, id: 597c4f3dc90ce48f4478f1c3
Napping for 0.518229 seconds...
	liking... {u'likes_remaining': 100, u'match': False}
Aww, it's not a match:(
name: Savannah, id: 589aa72aad375b8a463d51e6
Napping for 0.607106 seconds...
	liking... {u'likes_remaining': 100, u'match': False}
Aww, it's not a match:(
name: Manni, id: 57919e35c5bfe14e5f489f9f
Napping for 0.695961 seconds...
	liking... {u'likes_remaining': 100, u'match': False}
Aww, it's not a match:(
name: Jasmine, id: 584db2dbc59be8826c9161c0
Napping for 0.252850 seconds...
	liking... {u'likes_remaining': 100, u'match': False}
Aww, it's not a match:(
name: Shayla, id: 583fce9e87a5121f4056bd07
Napping for 0.698420 seconds...
	liking... {u'likes_remaining': 100, u'match': False}
Aww, it's not a match:(
name: Jenae, id: 52255f9f370b7d7a66000002
Napping for 0.403454 seconds...
	liking... {u'likes_remaining': 100, u'match': False}
Aww, it's not a match:(
name: Katie, id: 5647dd5afdb8b38236cb2b69
Napping for 1.179572 seconds...
	liking... {u'likes_remaining': 100, u'match': False}
Aww, it's not a match:(
name: Mallory, id: 5a6423b28b067109446f49ae
Napping for 0.021343 seconds...
	liking... {u'likes_remaining': 100, u'match': False}
Aww, it's not a match:(
name: Carmenchu, id: 5a64068e8b067109446f0f29
Napping for 0.591149 seconds...
	liking... {u'likes_remaining': 100, u'match': False}
Aww, it's not a match:(
name: Michelle, id: 5a639b7878481b96449ffe23
Napping for 0.357464 seconds...
	liking... {u'likes_remaining': 100, u'match': False}
Aww, it's not a match:(
name: Shawn, id: 5a63fd910811fb8d66a84400
Napping for 0.383192 seconds...
	liking... {u'likes_remaining': 100, u'match': False}
Aww, it's not a match:(
name: Vannya, id: 58ca2f993519eb8f02fefdbe
Napping for 0.588414 seconds...
	liking... {u'likes_remaining': 100, u'match': False}
Aww, it's not a match:(
name: Allison, id: 527edbf4130147854b000f92
Napping for 0.056305 seconds...
	liking... {u'likes_remaining': 100, u'match': False}
Aww, it's not a match:(
name: Sarah, id: 546ab3b1145849480bb486be
Napping for 0.178312 seconds...
	liking... {u'likes_remaining': 100, u'match': False}
Aww, it's not a match:(
name: Jacqueline, id: 5a448985702237291d134d14
Napping for 0.104020 seconds...
	liking... {u'likes_remaining': 100, u'match': False}
Aww, it's not a match:(
name: Chelsea, id: 5a62f606786ea3f94593cdce
Napping for 0.457117 seconds...
	liking... {u'likes_remaining': 100, u'match': False}
Aww, it's not a match:(
name: Sierra, id: 55ae9cdb9da9c56b7a3d463e
Napping for 0.420332 seconds...
	liking... {u'likes_remaining': 100, u'match': False}
Aww, it's not a match:(
name: Jessica, id: 59bca011e3a669520a0a942c
Napping for 0.403244 seconds...
	liking... {u'likes_remaining': 100, u'match': False}
Aww, it's not a match:(
name: Becca, id: 5a63d84661fa3b0e365480dc
Napping for 0.030856 seconds...
	liking... {u'likes_remaining': 100, u'match': False}
Aww, it's not a match:(
name: Can, id: 5a63d267ccdbb7753513695e
Napping for 0.275980 seconds...
	liking... {u'likes_remaining': 100, u'match': False}
Aww, it's not a match:(
name: Lexi, id: 51b16f3241e406de3700128b
Napping for 1.029495 seconds...
	liking... {u'likes_remaining': 100, u'match': False}
Aww, it's not a match:(
name: Tanya, id: 58c4f1e610560fff0b432d3b
Napping for 0.221217 seconds...
	liking... {u'likes_remaining': 100, u'match': False}
Aww, it's not a match:(
name: Elizabeth, id: 5a64180e30d69cd8352e5a15
Napping for 0.914402 seconds...
	liking... {u'likes_remaining': 100, u'match': False}
Aww, it's not a match:(
name: Tatie, id: 540bc8aa0f281ae242d17490
Napping for 1.121435 seconds...
	liking... {u'likes_remaining': 100, u'match': False}
Aww, it's not a match:(
name: Jolie, id: 59adc92df2728a2503dc9d53
Napping for 0.303295 seconds...
	liking... {u'likes_remaining': 100, u'match': False}
Aww, it's not a match:(
name: Concepcion, id: 58b7520fd0d87817743209c4
Napping for 0.804708 seconds...
	liking... {u'likes_remaining': 100, u'match': False}
Aww, it's not a match:(
name: Emma, id: 5a6415fdbd42cd31665a405d
Napping for 0.199131 seconds...
	liking... {u'likes_remaining': 100, u'match': False}
Aww, it's not a match:(
name: Lianna, id: 566534a2a48d0b9c39eada68
Napping for 0.452661 seconds...
	liking... {u'likes_remaining': 100, u'match': False}
Aww, it's not a match:(
name: Ari, id: 593104e21cb2bb6b62537b0b
Napping for 0.083936 seconds...
	liking... {u'likes_remaining': 100, u'match': False}
Aww, it's not a match:(
name: Melissa, id: 59630bc7f64fff1e615bed27
Napping for 0.846285 seconds...
	liking... {u'rate_limited_until': 1516564212424, u'likes_remaining': 0, u'match': False}
Aww, it's not a match:(
out of likes. Closing...
name: Courtney, id: 59679e737c2f47945e75aea8
Napping for 0.384624 seconds...
	liking... {u'rate_limited_until': 1516564212424, u'likes_remaining': 0, u'match': False}
Aww, it's not a match:(
out of likes. Closing...
name: Samantha, id: 58cddd1634dd26a1283c3aa7
Napping for 0.686275 seconds...
	liking... {u'rate_limited_until': 1516564212424, u'likes_remaining': 0, u'match': False}
Aww, it's not a match:(
out of likes. Closing...
name: Tiffany, id: 5934457cf863a69632c30536
Napping for 0.568756 seconds...
	liking... {u'rate_limited_until': 1516564212424, u'likes_remaining': 0, u'match': False}
Aww, it's not a match:(
out of likes. Closing...
name: Aleksandra, id: 556a617e967771615c55690e
Napping for 0.399942 seconds...
	liking... {u'rate_limited_until': 1516564212424, u'likes_remaining': 0, u'match': False}
Aww, it's not a match:(
out of likes. Closing...
name: Khadijah Marie, id: 5a63d659e7bd253c44f3bb90
Napping for 0.793579 seconds...
	liking... {u'rate_limited_until': 1516564212424, u'likes_remaining': 0, u'match': False}
Aww, it's not a match:(
out of likes. Closing...
name: Mandy, id: 55920a3382d543d94817bbdb
Napping for 0.527822 seconds...
	liking... {u'rate_limited_until': 1516564212424, u'likes_remaining': 0, u'match': False}
Aww, it's not a match:(
out of likes. Closing...
name: Christina, id: 5990ee52ab738d65334a3d83
Napping for 0.806167 seconds...
	liking... {u'rate_limited_until': 1516564212424, u'likes_remaining': 0, u'match': False}
Aww, it's not a match:(
out of likes. Closing...
name: AngelaMaivi, id: 57c3f487f88fdb910bb69c16
Napping for 0.198827 seconds...
	liking... {u'rate_limited_until': 1516564212424, u'likes_remaining': 0, u'match': False}
Aww, it's not a match:(
out of likes. Closing...
name: Alysha, id: 58ddb4f1b8481af1792a31ff
Napping for 0.029515 seconds...
	liking... {u'rate_limited_until': 1516564212424, u'likes_remaining': 0, u'match': False}
Aww, it's not a match:(
out of likes. Closing...
name: Koa, id: 59dc22f29219a92a15867718
Napping for 0.320197 seconds...
	liking... {u'rate_limited_until': 1516564212424, u'likes_remaining': 0, u'match': False}
Aww, it's not a match:(
out of likes. Closing...
name: Joy, id: 59d867ab6ef79681268b699d
Napping for 0.243081 seconds...
	liking... {u'rate_limited_until': 1516564212424, u'likes_remaining': 0, u'match': False}
Aww, it's not a match:(
out of likes. Closing...
name: April, id: 5196f3b5445a85bf070000df
Napping for 1.011254 seconds...
	liking... {u'rate_limited_until': 1516564212424, u'likes_remaining': 0, u'match': False}
Aww, it's not a match:(
out of likes. Closing...
name: Sophie, id: 5a643b1accdbb7753513c0a9
Napping for 0.897630 seconds...
	liking... {u'rate_limited_until': 1516564212424, u'likes_remaining': 0, u'match': False}
Aww, it's not a match:(
out of likes. Closing...
