You have been successfully authorized!
running main
likes remaining: 100
name: Madison, id: 5a5ea8dfbc9c78c12793f93e
Napping for 1.124918 seconds...
	liking... {u'likes_remaining': 100, u'match': False}
Aww, it's not a match:(
name: Kelcey, id: 59d9b36e12e661964bf9fd62
Napping for 0.092328 seconds...
	liking... {u'likes_remaining': 100, u'match': False}
Aww, it's not a match:(
name: Nicole, id: 5a58057ca0bb942c1a47014e
Napping for 0.814324 seconds...
	liking... {u'likes_remaining': 100, u'match': False}
Aww, it's not a match:(
name: Emily, id: 56a15d041eab51c065aa155d
Napping for 0.580708 seconds...
	liking... {u'likes_remaining': 100, u'match': False}
Aww, it's not a match:(
name: Stephanie, id: 5a613fae19e4b9047a6ec956
Napping for 0.120821 seconds...
	liking... {u'likes_remaining': 100, u'match': False}
Aww, it's not a match:(
name: Stephenie, id: 5a6132ae3b822f010a3b7cb5
Napping for 0.374705 seconds...
	liking... {u'likes_remaining': 100, u'match': False}
Aww, it's not a match:(
name: Amanda, id: 5a5a82440e1e57b526d2fbe4
Napping for 0.267313 seconds...
	liking... {u'likes_remaining': 100, u'match': False}
Aww, it's not a match:(
name: Julia, id: 5a6142d4470b96607a9719df
Napping for 0.075970 seconds...
	liking... {u'likes_remaining': 100, u'match': False}
Aww, it's not a match:(
name: Alyssa, id: 5a6133203b822f010a3b7dcd
Napping for 0.770100 seconds...
	liking... {u'likes_remaining': 100, u'match': False}
Aww, it's not a match:(
name: Pam, id: 579e9f199aafe73919af4411
Napping for 0.539690 seconds...
	liking... {u'likes_remaining': 100, u'match': False}
Aww, it's not a match:(
name: Amelia, id: 574850e2ae5b6d0315b494c1
Napping for 0.999608 seconds...
	liking... {u'likes_remaining': 100, u'match': False}
Aww, it's not a match:(
name: Payton, id: 570b1e1c4ab754c7420c0d95
Napping for 0.312911 seconds...
	liking... {u'likes_remaining': 100, u'match': False}
Aww, it's not a match:(
name: Jessie, id: 51bad5cc63283dbc1b0001cd
Napping for 1.030699 seconds...
	liking... {u'likes_remaining': 100, u'match': False}
Aww, it's not a match:(
name: Patricia, id: 54f8da3c3d8d649d431de5d8
Napping for 0.582403 seconds...
	liking... {u'likes_remaining': 100, u'match': False}
Aww, it's not a match:(
name: Nicole, id: 5837e5257f39a23c7d56e629
Napping for 0.902866 seconds...
	liking... {u'likes_remaining': 100, u'match': False}
Aww, it's not a match:(
name: Lana, id: 595ea58d7dc2373c612badd1
Napping for 0.351964 seconds...
	liking... {u'likes_remaining': 100, u'match': False}
Aww, it's not a match:(
name: Kathy, id: 5a6134f212d5a9307a70e160
Napping for 1.175054 seconds...
	liking... {u'likes_remaining': 100, u'match': False}
Aww, it's not a match:(
name: Jenny, id: 5a5ba043def65a4e1a81a959
Napping for 0.423742 seconds...
	liking... {u'likes_remaining': 100, u'match': False}
Aww, it's not a match:(
name: Sam, id: 5a6120385455987809db9c67
Napping for 0.049496 seconds...
	liking... {u'likes_remaining': 100, u'match': False}
Aww, it's not a match:(
name: Alissa, id: 5a612863f970dcd4097b7552
Napping for 0.048228 seconds...
	liking... {u'likes_remaining': 100, u'match': False}
Aww, it's not a match:(
name: Lana, id: 5a6137123b822f010a3b8664
Napping for 0.256985 seconds...
	liking... {u'likes_remaining': 100, u'match': False}
Aww, it's not a match:(
name: Veronica, id: 559d812677302e3763ed5cfb
Napping for 0.152389 seconds...
	liking... {u'likes_remaining': 100, u'match': False}
Aww, it's not a match:(
name: Nat, id: 598c999c94d77d623e20fadc
Napping for 0.587636 seconds...
	liking... {u'likes_remaining': 100, u'match': False}
Aww, it's not a match:(
name: Lydia, id: 5a5f915fdef65a4e1a84ae58
Napping for 0.660428 seconds...
	liking... {u'likes_remaining': 100, u'match': False}
Aww, it's not a match:(
name: Alexia, id: 59dd334a88bf50571518c8fe
Napping for 0.907411 seconds...
	liking... {u'likes_remaining': 100, u'match': False}
Aww, it's not a match:(
name: Amelia, id: 55e460fa0a3610c97175f60e
Napping for 0.802494 seconds...
	liking... {u'likes_remaining': 100, u'match': False}
Aww, it's not a match:(
name: Amruta, id: 55953e0630f7d8347a79cade
Napping for 1.187175 seconds...
	liking... {u'likes_remaining': 100, u'match': False}
Aww, it's not a match:(
name: Georgeta, id: 5557f22843f5683121958c70
Napping for 0.262596 seconds...
	liking... {u'likes_remaining': 100, u'match': False}
Aww, it's not a match:(
name: Kaitlan, id: 541cb19a1e2767b36a5aaf0b
Napping for 0.845956 seconds...
	liking... {u'likes_remaining': 100, u'match': False}
Aww, it's not a match:(
name: Shani, id: 5a5ee330407c450428ef3409
Napping for 0.862378 seconds...
	liking... {u'likes_remaining': 100, u'match': False}
Aww, it's not a match:(
name: Jillian, id: 571b2f411e719cfa1ae62eca
Napping for 0.270536 seconds...
	liking... {u'likes_remaining': 100, u'match': False}
Aww, it's not a match:(
name: Cassie, id: 59af7291c1b592a202aba28c
Napping for 0.602340 seconds...
	liking... {u'likes_remaining': 100, u'match': False}
Aww, it's not a match:(
name: Janice, id: 57fc95edc75da2ed5f590c1a
Napping for 0.598936 seconds...
	liking... {u'likes_remaining': 100, u'match': False}
Aww, it's not a match:(
name: Desi, id: 59a3d22f81d558ec079b0e08
Napping for 1.050191 seconds...
	liking... {u'likes_remaining': 100, u'match': False}
Aww, it's not a match:(
name: Hermona, id: 591b3bc1049d9d091cd18ab7
Napping for 0.671745 seconds...
	liking... {u'likes_remaining': 100, u'match': False}
Aww, it's not a match:(
name: Elyse, id: 59df88122fd8f5eb33b6ee61
Napping for 0.110712 seconds...
	liking... {u'likes_remaining': 100, u'match': False}
Aww, it's not a match:(
name: Ale, id: 5a5c76129855b5711a54adaf
Napping for 0.513501 seconds...
	liking... {u'likes_remaining': 100, u'match': False}
Aww, it's not a match:(
name: Jenn, id: 5554383a9f54b2a9620c2535
Napping for 1.119245 seconds...
	liking... {u'likes_remaining': 100, u'match': False}
Aww, it's not a match:(
name: Heather, id: 5a614b51f970dcd4097b86a0
Napping for 0.174450 seconds...
	liking... {u'likes_remaining': 100, u'match': False}
Aww, it's not a match:(
name: Aurora, id: 586da0db66c4055b0a46f122
Napping for 1.029549 seconds...
	liking... {u'likes_remaining': 100, u'match': False}
Aww, it's not a match:(
name: Mia, id: 55079b9846bbc8bc6941e119
Napping for 0.714235 seconds...
	liking... {u'likes_remaining': 100, u'match': False}
Aww, it's not a match:(
name: Joanna, id: 550f675bb038698257b45078
Napping for 0.919117 seconds...
	liking... {u'likes_remaining': 100, u'match': False}
Aww, it's not a match:(
name: Jamie, id: 5833c45c87a35e2a063c5c28
Napping for 0.417292 seconds...
	liking... {u'likes_remaining': 100, u'match': False}
Aww, it's not a match:(
name: Madison, id: 55045d6f9ac2a030475cd6d3
Napping for 1.158409 seconds...
	liking... {u'likes_remaining': 100, u'match': False}
Aww, it's not a match:(
name: Ron, id: 59de939d3fed5bd614820d44
Napping for 0.564827 seconds...
	liking... {u'likes_remaining': 100, u'match': False}
Aww, it's not a match:(
name: Anissa, id: 58db17ba22d0de9d0bd3a2d2
Napping for 0.590775 seconds...
	liking... {u'likes_remaining': 100, u'match': False}
Aww, it's not a match:(
name: Nupur, id: 55a338c73e57f2b106cd173f
Napping for 0.666790 seconds...
	liking... {u'likes_remaining': 100, u'match': False}
Aww, it's not a match:(
name: HB, id: 5a614a89f970dcd4097b85d2
Napping for 0.894940 seconds...
	liking... {u'likes_remaining': 100, u'match': False}
Aww, it's not a match:(
name: Tanisha, id: 5293facd2d3f821033000014
Napping for 0.129958 seconds...
	liking... {u'likes_remaining': 100, u'match': False}
Aww, it's not a match:(
name: Gaby, id: 566d14631065c1644751dfb3
Napping for 0.531996 seconds...
	liking... {u'likes_remaining': 100, u'match': False}
Aww, it's not a match:(
name: Barbara, id: 526366af6c4e4e817b0001c0
Napping for 0.212587 seconds...
	liking... {u'likes_remaining': 100, u'match': False}
Aww, it's not a match:(
name: Christy, id: 55e7ff67b5d2dc3041c62bec
Napping for 0.926578 seconds...
	liking... {u'likes_remaining': 100, u'match': False}
Aww, it's not a match:(
name: Cindy, id: 5965b3ae7dc2373c613026de
Napping for 0.772649 seconds...
	liking... {u'likes_remaining': 100, u'match': False}
Aww, it's not a match:(
name: Yuli, id: 5a61466739aa4bc32a067b6c
Napping for 0.020772 seconds...
	liking... {u'likes_remaining': 100, u'match': False}
Aww, it's not a match:(
name: Sydney, id: 53d2087d4297014f0651ec48
Napping for 0.653503 seconds...
	liking... {u'likes_remaining': 100, u'match': False}
Aww, it's not a match:(
name: Charmy, id: 598203b1194ddc3959e60f39
Napping for 1.084172 seconds...
	liking... {u'likes_remaining': 100, u'match': False}
Aww, it's not a match:(
name: Mariam, id: 56496cb4c57146f613d4eff6
Napping for 0.192431 seconds...
	liking... {u'likes_remaining': 100, u'match': False}
Aww, it's not a match:(
name: Ruby, id: 57f57369b8b2d97f2965d7dc
Napping for 0.877451 seconds...
	liking... {u'likes_remaining': 100, u'match': False}
Aww, it's not a match:(
name: Amiko, id: 576d760f3002ec2c1203e8ac
Napping for 0.180361 seconds...
	liking... {u'likes_remaining': 100, u'match': False}
Aww, it's not a match:(
name: Ashlyn, id: 54d5aeb8caeec0ff3c5d8d41
Napping for 0.517996 seconds...
	liking... {u'likes_remaining': 100, u'match': False}
Aww, it's not a match:(
name: Eleana, id: 56f0d945edc90fb02361ab7d
Napping for 0.438909 seconds...
	liking... {u'likes_remaining': 100, u'match': False}
Aww, it's not a match:(
name: Neeti, id: 56f09f829581f33324ac3139
Napping for 0.392230 seconds...
	liking... {u'likes_remaining': 100, u'match': False}
Aww, it's not a match:(
name: Liseth, id: 5a4ca83b9e6f7d69258a5693
Napping for 0.506461 seconds...
	liking... {u'likes_remaining': 100, u'match': False}
Aww, it's not a match:(
name: Kait, id: 57b259cf0c464f680a444f4f
Napping for 1.023633 seconds...
	liking... {u'likes_remaining': 100, u'match': False}
Aww, it's not a match:(
name: Yang, id: 586f01e3126c9876321af515
Napping for 1.175564 seconds...
	liking... {u'likes_remaining': 100, u'match': False}
Aww, it's not a match:(
name: Chloe, id: 555c35695c09e7cd4d22f9ec
Napping for 0.582274 seconds...
	liking... {u'likes_remaining': 100, u'match': False}
Aww, it's not a match:(
name: Jessica, id: 591d0296cee27fe448022485
Napping for 0.071806 seconds...
	liking... {u'likes_remaining': 100, u'match': False}
Aww, it's not a match:(
name: Ashinta, id: 57e8aeecfe2a0dcc185a9ce1
Napping for 0.301318 seconds...
	liking... {u'likes_remaining': 100, u'match': False}
Aww, it's not a match:(
name: Ayana, id: 5a6032f4f970dcd4097a9fc5
Napping for 0.458649 seconds...
	liking... {u'likes_remaining': 100, u'match': False}
Aww, it's not a match:(
name: Cherlyn, id: 59ae478973bf68e32b721df1
Napping for 0.003650 seconds...
	liking... {u'status': 401, u'error': u''}
