You have been successfully authorized!
running main
likes remaining: 100
name: Denise, id: 545de3d796e21dae270e7345
Napping for 0.314103 seconds...
	liking... {u'likes_remaining': 100, u'match': False}
Aww, it's not a match:(
name: Mercy, id: 5a57337ccb58ec106ae513f9
Napping for 0.768036 seconds...
	liking... {u'likes_remaining': 100, u'match': False}
Aww, it's not a match:(
name: Lisa, id: 5a5e2162bf6920e327c2d5ef
Napping for 0.979381 seconds...
	liking... {u'likes_remaining': 100, u'match': False}
Aww, it's not a match:(
name: Alexa, id: 54ed76b4f24e14656f020373
Napping for 0.344081 seconds...
	liking... {u'likes_remaining': 100, u'match': False}
Aww, it's not a match:(
name: Helen, id: 5666df775ba89f7654b01b67
Napping for 0.687185 seconds...
	liking... {u'likes_remaining': 100, u'match': False}
Aww, it's not a match:(
name: Kayla, id: 589692310a702f71402f1cb8
Napping for 0.917170 seconds...
	liking... {u'likes_remaining': 100, u'match': False}
Aww, it's not a match:(
name: Yoko, id: 5a5e1cf4bf6920e327c2cd1c
Napping for 0.814444 seconds...
	liking... {u'likes_remaining': 100, u'match': False}
Aww, it's not a match:(
name: Amy, id: 57bdf71daad71e2f384c7a2c
Napping for 0.973642 seconds...
	liking... {u'likes_remaining': 100, u'match': False}
Aww, it's not a match:(
name: Cyzhai, id: 5a5ddd60253434f02de2fe9e
Napping for 0.224626 seconds...
	liking... {u'likes_remaining': 100, u'match': False}
Aww, it's not a match:(
name: Chloe, id: 5a599ba91364b39f276ed806
Napping for 0.121881 seconds...
	liking... {u'likes_remaining': 100, u'match': False}
Aww, it's not a match:(
name: Jowelle, id: 5a5d504c1364b39f2771abfb
Napping for 0.714609 seconds...
	liking... {u'likes_remaining': 100, u'match': False}
Aww, it's not a match:(
name: Avegel, id: 5a5d598991aba5ce2d1c0f4c
Napping for 0.988457 seconds...
	liking... {u'likes_remaining': 100, u'match': False}
Aww, it's not a match:(
name: Brieanna, id: 59ab29877bba86aa2b041be6
Napping for 0.389465 seconds...
	liking... {u'likes_remaining': 100, u'match': False}
Aww, it's not a match:(
name: Lisa, id: 5a5de1a9037399d726a5771b
Napping for 0.556298 seconds...
	liking... {u'likes_remaining': 100, u'match': False}
Aww, it's not a match:(
name: Sezin, id: 5a5d808b21a95b112ebb538b
Napping for 0.142343 seconds...
	liking... {u'likes_remaining': 100, u'match': False}
Aww, it's not a match:(
name: Tee, id: 5a5dc7f2037399d726a55329
Napping for 0.039340 seconds...
	liking... {u'likes_remaining': 100, u'match': False}
Aww, it's not a match:(
name: Tullia, id: 545adddaf5457acc23bd6393
Napping for 0.712724 seconds...
	liking... {u'likes_remaining': 100, u'match': False}
Aww, it's not a match:(
name: Olivia, id: 59d8128e6ef79681268b2052
Napping for 0.852600 seconds...
	liking... {u'likes_remaining': 100, u'match': False}
Aww, it's not a match:(
name: Anusaya, id: 543a25b9abe1c316081194cc
Napping for 0.548153 seconds...
	liking... {u'likes_remaining': 100, u'match': False}
Aww, it's not a match:(
name: Rachel, id: 532af5af0ebd0eb37b0008e7
Napping for 0.533127 seconds...
	liking... {u'likes_remaining': 100, u'match': False}
Aww, it's not a match:(
name: Sarah, id: 5a5dd70cbf6920e327c2a6e6
Napping for 1.031235 seconds...
	liking... {u'likes_remaining': 100, u'match': False}
Aww, it's not a match:(
name: Bailey, id: 580bc9f0289227ff2131983c
Napping for 0.214084 seconds...
	liking... {u'likes_remaining': 100, u'match': False}
Aww, it's not a match:(
name: DeEssa, id: 5a5decb4bc9c78c12793415f
Napping for 0.933522 seconds...
	liking... {u'likes_remaining': 100, u'match': False}
Aww, it's not a match:(
name: Natalie, id: 5a1f94acb90c018263f2d46d
Napping for 1.030878 seconds...
	liking... {u'likes_remaining': 100, u'match': False}
Aww, it's not a match:(
name: April, id: 5a54cf13febb740d708ae2bd
Napping for 0.889723 seconds...
	liking... {u'likes_remaining': 100, u'match': False}
Aww, it's not a match:(
name: Timnah, id: 5a2bfb8f2f46971c1050a9c7
Napping for 0.615663 seconds...
	liking... {u'likes_remaining': 100, u'match': False}
Aww, it's not a match:(
name: Jocelyn, id: 5a5dbaf4253434f02de2e72b
Napping for 1.074803 seconds...
	liking... {u'likes_remaining': 100, u'match': False}
Aww, it's not a match:(
name: Laura, id: 5a5d61fb625db61a270230e3
Napping for 0.595147 seconds...
	liking... {u'likes_remaining': 100, u'match': False}
Aww, it's not a match:(
name: Allie, id: 5a516a10fa2723595bdb26f6
Napping for 0.246573 seconds...
	liking... {u'likes_remaining': 100, u'match': False}
Aww, it's not a match:(
name: Sarah Rose, id: 5866f7e60dc79cc50adcb63a
Napping for 0.904227 seconds...
	liking... {u'likes_remaining': 100, u'match': False}
Aww, it's not a match:(
name: Joy, id: 5a39e89a38ce27bf259a7a55
Napping for 0.230750 seconds...
	liking... {u'likes_remaining': 100, u'match': False}
Aww, it's not a match:(
name: 'Joanna, id: 587852afaf287fb1509b4069
Napping for 0.801228 seconds...
	liking... {u'likes_remaining': 100, u'match': False}
Aww, it's not a match:(
name: Lauren, id: 5a5d87d221a95b112ebb5ead
Napping for 0.213136 seconds...
	liking... {u'likes_remaining': 100, u'match': False}
Aww, it's not a match:(
name: Haiwa, id: 5a5d9ef1625db61a27024c73
Napping for 0.232983 seconds...
	liking... {u'likes_remaining': 100, u'match': False}
Aww, it's not a match:(
name: Ariana, id: 559b5a4d56ecb95c024c44d3
Napping for 0.375017 seconds...
	liking... {u'likes_remaining': 100, u'match': False}
Aww, it's not a match:(
name: Talicia, id: 5a5dd4311364b39f27723f5b
Napping for 0.422100 seconds...
	liking... {u'likes_remaining': 100, u'match': False}
Aww, it's not a match:(
name: Sam, id: 5a559cdf82f36bb469f19e8e
Napping for 0.607394 seconds...
	liking... {u'likes_remaining': 100, u'match': False}
Aww, it's not a match:(
name: Zenthia, id: 5a5c730adef65a4e1a824f2c
Napping for 0.733168 seconds...
	liking... {u'likes_remaining': 100, u'match': False}
Aww, it's not a match:(
name: Faith, id: 5a51e2d4febb740d7088bafb
Napping for 0.787359 seconds...
	liking... {u'likes_remaining': 100, u'match': False}
Aww, it's not a match:(
name: Angelica, id: 55937e68f95694680ae755d3
Napping for 0.216006 seconds...
	liking... {u'likes_remaining': 100, u'match': False}
Aww, it's not a match:(
name: Renee, id: 5a5d6a8e21a95b112ebb4155
Napping for 0.460003 seconds...
	liking... {u'likes_remaining': 100, u'match': False}
Aww, it's not a match:(
name: Chee, id: 5a5dc62921a95b112ebb8544
Napping for 1.119876 seconds...
	liking... {u'likes_remaining': 100, u'match': False}
Aww, it's not a match:(
name: Amanda, id: 5a5d9ffc253434f02de2c8a0
Napping for 0.492122 seconds...
	liking... {u'likes_remaining': 100, u'match': False}
Aww, it's not a match:(
name: Courteney, id: 5a5da07c9855b5711a557f59
Napping for 0.195352 seconds...
	liking... {u'likes_remaining': 100, u'match': False}
Aww, it's not a match:(
name: Tina, id: 5a53b66c707af2d86f90a3b5
Napping for 0.061536 seconds...
	liking... {u'likes_remaining': 100, u'match': False}
Aww, it's not a match:(
name: Crystal, id: 5a59c8290d6e7a0a1ab2fe58
Napping for 0.929785 seconds...
	liking... {u'likes_remaining': 100, u'match': False}
Aww, it's not a match:(
name: Maripaz, id: 5a545f9dcb58ec106ae3135a
Napping for 0.275738 seconds...
	liking... {u'likes_remaining': 100, u'match': False}
Aww, it's not a match:(
name: Victoria, id: 5796e1803845d96b1a62289d
Napping for 0.479342 seconds...
	liking... {u'likes_remaining': 100, u'match': False}
Aww, it's not a match:(
name: Alyssa, id: 5a17a60e48b5722c69d824ee
Napping for 1.027176 seconds...
	liking... {u'likes_remaining': 100, u'match': False}
Aww, it's not a match:(
name: Lucienne, id: 59fefa476749f05d5b7c39f9
Napping for 0.527526 seconds...
	liking... {u'likes_remaining': 100, u'match': False}
Aww, it's not a match:(
name: Jennifer, id: 53882a04ef2f437d3cee9be4
Napping for 0.539143 seconds...
	liking... {u'likes_remaining': 100, u'match': False}
Aww, it's not a match:(
name: DeEssa, id: 5a5decb4bc9c78c12793415f
Napping for 0.291945 seconds...
	liking... {u'likes_remaining': 100, u'match': False}
Aww, it's not a match:(
name: Jillian, id: 5a5533b7cbc712e35cbce0d6
Napping for 0.065247 seconds...
	liking... {u'likes_remaining': 100, u'match': False}
Aww, it's not a match:(
name: Rosalinda, id: 5a5d9195253434f02de2b4dc
Napping for 0.762637 seconds...
	liking... {u'likes_remaining': 100, u'match': False}
Aww, it's not a match:(
name: Sania, id: 5a4ebc669857331203e13c6c
Napping for 1.021497 seconds...
	liking... {u'likes_remaining': 100, u'match': False}
Aww, it's not a match:(
name: Angela, id: 5a54590e133b2393694c9c7f
Napping for 1.161081 seconds...
	liking... {u'likes_remaining': 100, u'match': False}
Aww, it's not a match:(
name: Cristina, id: 5920f35acee27fe448041dc1
Napping for 0.882913 seconds...
	liking... {u'likes_remaining': 100, u'match': False}
Aww, it's not a match:(
name: Mira, id: 512ab120d3e850643b00047b
Napping for 0.141601 seconds...
	liking... {u'likes_remaining': 100, u'match': False}
Aww, it's not a match:(
name: Mar, id: 59fb38b2454f3b990c224ea3
Napping for 0.061426 seconds...
	liking... {u'likes_remaining': 100, u'match': False}
Aww, it's not a match:(
name: Gabbi, id: 59e43b2c3fed5bd61485de12
Napping for 1.017891 seconds...
	liking... {u'likes_remaining': 100, u'match': False}
Aww, it's not a match:(
name: Victoria, id: 5a5a5808407c450428ebc81a
Napping for 0.178197 seconds...
	liking... {u'likes_remaining': 100, u'match': False}
Aww, it's not a match:(
name: Destinee, id: 5a55a57e1cd829ba6f538caf
Napping for 1.157292 seconds...
	liking... {u'likes_remaining': 100, u'match': False}
Aww, it's not a match:(
name: Vivian, id: 5983c8483c99f19c4bcbe745
Napping for 0.968484 seconds...
	liking... {u'likes_remaining': 100, u'match': False}
Aww, it's not a match:(
name: Kristina, id: 54bc0970ead099b570a4ac48
Napping for 0.422387 seconds...
	liking... {u'likes_remaining': 100, u'match': False}
Aww, it's not a match:(
name: Melissa Leon, id: 58fe846b3ee053256082fa9f
Napping for 0.524188 seconds...
	liking... {u'likes_remaining': 100, u'match': False}
Aww, it's not a match:(
name: Izzie, id: 5a3725da35e235911612103f
Napping for 0.499011 seconds...
	liking... {u'likes_remaining': 100, u'match': False}
Aww, it's not a match:(
name: Emily, id: 5a557115133b2393694d707d
Napping for 0.460385 seconds...
	liking... {u'likes_remaining': 100, u'match': False}
Aww, it's not a match:(
name: Neeti, id: 59b07bc2659e839326ee2d1a
Napping for 0.820179 seconds...
	liking... {u'likes_remaining': 100, u'match': False}
Aww, it's not a match:(
name: Karina, id: 5927f3228a37a2e55ee5be34
Napping for 1.039551 seconds...
	liking... {u'likes_remaining': 100, u'match': False}
Aww, it's not a match:(
name: Rachel, id: 59c553cb404c9a00365a9466
Napping for 0.827850 seconds...
	liking... {u'likes_remaining': 100, u'match': False}
Aww, it's not a match:(
name: Manasa, id: 54fd45e9c57f4cd4703eb856
Napping for 0.407102 seconds...
	liking... {u'likes_remaining': 100, u'match': False}
Aww, it's not a match:(
name: Liseph, id: 573843b2cfae34fc1e1b90f8
Napping for 0.975088 seconds...
	liking... {u'likes_remaining': 100, u'match': False}
Aww, it's not a match:(
name: Nicole, id: 5599ee340d2f091e549bb057
Napping for 0.307120 seconds...
	liking... {u'likes_remaining': 100, u'match': False}
Aww, it's not a match:(
name: Anaiz, id: 5a56fdb0133b2393694eec8a
Napping for 0.585442 seconds...
	liking... {u'likes_remaining': 100, u'match': False}
Aww, it's not a match:(
name: Serena, id: 59e41f4d1859d3de3453b8f8
Napping for 0.263862 seconds...
	liking... {u'likes_remaining': 100, u'match': False}
Aww, it's not a match:(
name: Donya, id: 5a53479b69c73afa6fecf55f
Napping for 0.179949 seconds...
	liking... {u'likes_remaining': 100, u'match': False}
Aww, it's not a match:(
name: Nakisha, id: 52d85cd1e98e12ee030011ca
Napping for 0.781736 seconds...
	liking... {u'likes_remaining': 100, u'match': False}
Aww, it's not a match:(
name: Samanthaa, id: 5a5d216f8a4213f92678831f
Napping for 0.893472 seconds...
	liking... {u'likes_remaining': 100, u'match': False}
Aww, it's not a match:(
name: Kacie, id: 5426360a945a3d973026d9a4
Napping for 0.377316 seconds...
	liking... {u'likes_remaining': 100, u'match': False}
Aww, it's not a match:(
name: Alexandra, id: 5a35c9888c464cb70ff7952f
Napping for 0.063830 seconds...
	liking... {u'likes_remaining': 100, u'match': False}
Aww, it's not a match:(
name: Diana, id: 58d8993caf54922f0feba42e
Napping for 0.688909 seconds...
	liking... {u'likes_remaining': 100, u'match': False}
Aww, it's not a match:(
name: Saya, id: 5a1694f574356a2c6d58e8e7
Napping for 0.912570 seconds...
	liking... {u'likes_remaining': 100, u'match': False}
Aww, it's not a match:(
name: Marlene, id: 5a583c809855b5711a521638
Napping for 0.414294 seconds...
	liking... {u'likes_remaining': 100, u'match': False}
Aww, it's not a match:(
name: V, id: 5a2f37cb2f46971c105321d0
Napping for 1.055960 seconds...
	liking... {u'likes_remaining': 100, u'match': False}
Aww, it's not a match:(
name: Olivia, id: 5a5451b151f181756ad63d4d
Napping for 1.047169 seconds...
	liking... {u'likes_remaining': 100, u'match': False}
Aww, it's not a match:(
name: Eris, id: 5a5c67600e1e57b526d44ac5
Napping for 1.026438 seconds...
	liking... {u'likes_remaining': 100, u'match': False}
Aww, it's not a match:(
name: Addie, id: 52600b4ec70b591d1800003a
Napping for 0.628000 seconds...
	liking... {u'likes_remaining': 100, u'match': False}
Aww, it's not a match:(
name: Roxanna, id: 59cc13e4e626fb2f3862a821
Napping for 0.164993 seconds...
	liking... {u'likes_remaining': 100, u'match': False}
Aww, it's not a match:(
name: Akshaya, id: 55d82a051983b47a50059884
Napping for 0.560299 seconds...
	liking... {u'likes_remaining': 100, u'match': False}
Aww, it's not a match:(
name: Kate, id: 59fa7e92454f3b990c220c46
Napping for 0.575499 seconds...
	liking... {u'likes_remaining': 100, u'match': False}
Aww, it's not a match:(
name: Krista, id: 532001f91edb2c697b012c6d
Napping for 0.613098 seconds...
	liking... {u'likes_remaining': 100, u'match': False}
Aww, it's not a match:(
name: Claire, id: 574123e1ce6a71ef1432dba1
Napping for 1.193702 seconds...
	liking... {u'likes_remaining': 100, u'match': False}
Aww, it's not a match:(
name: Mariana, id: 5a5e238b0e1e57b526d54ca3
Napping for 0.530264 seconds...
	liking... {u'likes_remaining': 100, u'match': False}
Aww, it's not a match:(
name: Nina, id: 5a5c03000d6e7a0a1ab47555
Napping for 1.027177 seconds...
	liking... {u'likes_remaining': 100, u'match': False}
Aww, it's not a match:(
name: Itzel, id: 59210719d72df30e4905795a
Napping for 0.146766 seconds...
	liking... {u'likes_remaining': 100, u'match': False}
Aww, it's not a match:(
name: Courtney, id: 53f0e83ef9f97b5f40898652
Napping for 0.976205 seconds...
	liking... {u'likes_remaining': 100, u'match': False}
Aww, it's not a match:(
name: Anika, id: 59d1d57d0d47f57a70064eae
Napping for 0.332515 seconds...
	liking... {u'likes_remaining': 100, u'match': False}
Aww, it's not a match:(
name: Ruthie, id: 54416f5c01e4484d1c3cc91f
Napping for 0.250637 seconds...
	liking... {u'likes_remaining': 100, u'match': False}
Aww, it's not a match:(
name: Taylor, id: 588cf809edbf9b684552c301
Napping for 0.155547 seconds...
	liking... {u'likes_remaining': 100, u'match': False}
Aww, it's not a match:(
name: Samantha, id: 5a5c01f0347976ac2d40b763
Napping for 0.225189 seconds...
	liking... {u'rate_limited_until': 1516162151767, u'likes_remaining': 0, u'match': False}
Aww, it's not a match:(
out of likes. Closing...
name: Valeria, id: 5a5c5989def65a4e1a823f8f
Napping for 0.143825 seconds...
	liking... {u'rate_limited_until': 1516162151767, u'likes_remaining': 0, u'match': False}
Aww, it's not a match:(
out of likes. Closing...
name: Stella, id: 5a48c30f702237291d15fad4
Napping for 0.911164 seconds...
	liking... {u'rate_limited_until': 1516162151767, u'likes_remaining': 0, u'match': False}
Aww, it's not a match:(
out of likes. Closing...
name: Priyanka, id: 5a5aafce8a4213f92676d1ed
Napping for 0.396820 seconds...
	liking... {u'rate_limited_until': 1516162151767, u'likes_remaining': 0, u'match': False}
Aww, it's not a match:(
out of likes. Closing...
name: Andrea, id: 5a4c69539e6f7d69258a4df7
Napping for 0.073786 seconds...
	liking... {u'rate_limited_until': 1516162151767, u'likes_remaining': 0, u'match': False}
Aww, it's not a match:(
out of likes. Closing...
name: Serai, id: 5a5702850d4f3e716990c763
Napping for 0.325740 seconds...
	liking... {u'rate_limited_until': 1516162151767, u'likes_remaining': 0, u'match': False}
Aww, it's not a match:(
out of likes. Closing...
name: Coleen, id: 5a0bf0deb2096fcc706c7f1b
Napping for 0.072654 seconds...
	liking... {u'rate_limited_until': 1516162151767, u'likes_remaining': 0, u'match': False}
Aww, it's not a match:(
out of likes. Closing...
name: Zoe, id: 54ddc3e0036e30c86cb3dbd7
Napping for 0.927270 seconds...
	liking... {u'rate_limited_until': 1516162151767, u'likes_remaining': 0, u'match': False}
Aww, it's not a match:(
out of likes. Closing...
name: Rosie, id: 5a52f30ecb58ec106ae1a01a
Napping for 0.293636 seconds...
	liking... {u'rate_limited_until': 1516162151767, u'likes_remaining': 0, u'match': False}
Aww, it's not a match:(
out of likes. Closing...
name: Nelly, id: 5a43150836e65f961d51e378
Napping for 0.130949 seconds...
	liking... {u'rate_limited_until': 1516162151767, u'likes_remaining': 0, u'match': False}
Aww, it's not a match:(
out of likes. Closing...
name: Sparkz, id: 5a563ef7133b2393694e369d
Napping for 1.126231 seconds...
	liking... {u'rate_limited_until': 1516162151767, u'likes_remaining': 0, u'match': False}
Aww, it's not a match:(
out of likes. Closing...
name: Roxana, id: 5a567eb2e343b0055d438fa8
Napping for 0.734489 seconds...
	liking... {u'rate_limited_until': 1516162151767, u'likes_remaining': 0, u'match': False}
Aww, it's not a match:(
out of likes. Closing...
