You have been successfully authorized!
running main
likes remaining: 100
name: Hana, id: 5626fa60dc3b4ddc7ea14b6e
Napping for 0.394150 seconds...
	liking... {u'likes_remaining': 100, u'match': False}
Aww, it's not a match:(
name: Elizabeth, id: 57d9cea25a822e6074c79cfe
Napping for 0.946489 seconds...
	liking... {u'likes_remaining': 100, u'match': False}
Aww, it's not a match:(
name: Raenisa, id: 58998972431ca4a3592c1ef8
Napping for 0.804595 seconds...
	liking... {u'likes_remaining': 100, u'match': False}
Aww, it's not a match:(
name: Molly, id: 586dcaa5b3024341259b5f83
Napping for 0.380015 seconds...
	liking... {u'likes_remaining': 100, u'match': False}
Aww, it's not a match:(
name: Vivian, id: 54c4be99e7f8b19463fe92b1
Napping for 0.651556 seconds...
	liking... {u'likes_remaining': 100, u'match': False}
Aww, it's not a match:(
name: Melissa, id: 5459eb6ab66c6c133c598638
Napping for 0.131520 seconds...
	liking... {u'likes_remaining': 100, u'match': False}
Aww, it's not a match:(
name: Guada, id: 54002f95b565c6ae2cf19b91
Napping for 0.159250 seconds...
	liking... {u'likes_remaining': 100, u'match': False}
Aww, it's not a match:(
name: Kat, id: 59b5bed376f207a33cafa5bf
Napping for 0.428915 seconds...
	liking... {u'likes_remaining': 100, u'match': False}
Aww, it's not a match:(
name: Vanessa, id: 5a1ccd4ddb01d9126da177e1
Napping for 0.480472 seconds...
	liking... {u'likes_remaining': 100, u'match': False}
Aww, it's not a match:(
