You have been successfully authorized!
running main
likes remaining: 100
name: Nancy, id: 58a503dc6d8d20c128a913f2
Napping for 0.077271 seconds...
	liking... {u'likes_remaining': 100, u'match': False}
Aww, it's not a match:(
name: Swathi, id: 558e5d96b3411b8c4d82b21a
Napping for 0.816559 seconds...
	liking... {u'likes_remaining': 100, u'match': False}
Aww, it's not a match:(
name: Amanda, id: 5a59b8a6bc9c78c127906bdd
Napping for 0.641367 seconds...
	liking... {u'likes_remaining': 100, u'match': False}
Aww, it's not a match:(
name: Yvonne, id: 5a5c6c069855b5711a54a7e7
Napping for 0.053055 seconds...
	liking... {u'likes_remaining': 100, u'match': False}
Aww, it's not a match:(
name: Maricruz, id: 59d823e22bc0cd2d2619c495
Napping for 0.239221 seconds...
	liking... {u'likes_remaining': 100, u'match': False}
Aww, it's not a match:(
name: Mandy, id: 5a5b11d7407c450428ec6d55
Napping for 1.113417 seconds...
	liking... {u'likes_remaining': 100, u'match': False}
Aww, it's not a match:(
name: Chianne, id: 590838bcc821eca079a9695c
Napping for 0.473653 seconds...
	liking... {u'likes_remaining': 100, u'match': False}
Aww, it's not a match:(
name: Neha, id: 57f99ae31bfcf0874f8730e5
Napping for 0.133167 seconds...
	liking... {u'likes_remaining': 100, u'match': False}
Aww, it's not a match:(
name: Destiny, id: 55cade6ad64d8a4c3579a5d9
Napping for 0.829683 seconds...
	liking... {u'likes_remaining': 100, u'match': False}
Aww, it's not a match:(
name: Lexy, id: 5448782e9470c34c2d642cff
Napping for 0.207825 seconds...
	liking... {u'likes_remaining': 100, u'match': False}
Aww, it's not a match:(
name: Robyn, id: 52981a4abd648ade2a000006
Napping for 0.023873 seconds...
	liking... {u'rate_limited_until': 1516369350426, u'likes_remaining': 0, u'match': False}
Aww, it's not a match:(
out of likes. Closing...
name: Line, id: 5963f00dfe142bc57229a7fc
Napping for 0.578803 seconds...
	liking... {u'rate_limited_until': 1516369350426, u'likes_remaining': 0, u'match': False}
Aww, it's not a match:(
out of likes. Closing...
name: Tara, id: 5a5d991a037399d726a51c9f
Napping for 0.889142 seconds...
	liking... {u'rate_limited_until': 1516369350426, u'likes_remaining': 0, u'match': False}
Aww, it's not a match:(
out of likes. Closing...
name: Anais, id: 59971bc679b909092ef1da35
Napping for 0.261288 seconds...
	liking... {u'rate_limited_until': 1516369350426, u'likes_remaining': 0, u'match': False}
Aww, it's not a match:(
out of likes. Closing...
name: Zulema, id: 5a593e8d1364b39f276ea53d
Napping for 1.161944 seconds...
	liking... {u'rate_limited_until': 1516369350426, u'likes_remaining': 0, u'match': False}
Aww, it's not a match:(
out of likes. Closing...
name: Barbara, id: 5980289568a2c28a5f02e4cd
Napping for 0.284411 seconds...
	liking... {u'rate_limited_until': 1516369350426, u'likes_remaining': 0, u'match': False}
Aww, it's not a match:(
out of likes. Closing...
name: Danielle, id: 5895845686695437023a329b
Napping for 0.075857 seconds...
	liking... {u'rate_limited_until': 1516369350426, u'likes_remaining': 0, u'match': False}
Aww, it's not a match:(
out of likes. Closing...
name: Sandra, id: 5a5c490a1364b39f2770b6d2
Napping for 0.893200 seconds...
	liking... {u'rate_limited_until': 1516369350426, u'likes_remaining': 0, u'match': False}
Aww, it's not a match:(
out of likes. Closing...
name: Melissa, id: 55edc6ede52426585d6d2de2
Napping for 0.165741 seconds...
	liking... {u'rate_limited_until': 1516369350426, u'likes_remaining': 0, u'match': False}
Aww, it's not a match:(
out of likes. Closing...
name: Janet, id: 59ce07fa7eae477b3ea0cd35
Napping for 0.908477 seconds...
	liking... {u'rate_limited_until': 1516369350426, u'likes_remaining': 0, u'match': False}
Aww, it's not a match:(
out of likes. Closing...
name: Michelle, id: 5a20d9edef50a8e44c737e32
Napping for 0.325814 seconds...
	liking... {u'rate_limited_until': 1516369350426, u'likes_remaining': 0, u'match': False}
Aww, it's not a match:(
out of likes. Closing...
name: Molly, id: 5103498c07c4b280050000c6
Napping for 0.561032 seconds...
	liking... {u'rate_limited_until': 1516369350426, u'likes_remaining': 0, u'match': False}
Aww, it's not a match:(
out of likes. Closing...
name: Josie, id: 5437678f331391d7258e7922
Napping for 0.436262 seconds...
	liking... {u'rate_limited_until': 1516369350426, u'likes_remaining': 0, u'match': False}
Aww, it's not a match:(
out of likes. Closing...
name: Reese, id: 5a60610bf970dcd4097abfdc
Napping for 1.090203 seconds...
	liking... {u'rate_limited_until': 1516369350426, u'likes_remaining': 0, u'match': False}
Aww, it's not a match:(
out of likes. Closing...
name: Diksha, id: 5a45b8bcaa9e1a4725d3e7f1
Napping for 1.066667 seconds...
	liking... {u'rate_limited_until': 1516369350426, u'likes_remaining': 0, u'match': False}
Aww, it's not a match:(
out of likes. Closing...
name: Naomi, id: 56df56ac4a06a8785c47a7e8
Napping for 0.158772 seconds...
	liking... {u'rate_limited_until': 1516369350426, u'likes_remaining': 0, u'match': False}
Aww, it's not a match:(
out of likes. Closing...
name: Aleksandra, id: 57ba52c2a7612ab10aec6855
Napping for 0.860570 seconds...
	liking... {u'rate_limited_until': 1516369350426, u'likes_remaining': 0, u'match': False}
Aww, it's not a match:(
out of likes. Closing...
name: Yun, id: 5866bcf232dd9c4619e6328c
Napping for 1.180904 seconds...
	liking... {u'rate_limited_until': 1516369350426, u'likes_remaining': 0, u'match': False}
Aww, it's not a match:(
out of likes. Closing...
name: throws UnicodeDecodeError so I cannot say, id: 59852b61a1a8727a4b39fd22
UnicodeDecodeError: 'ascii' codec can't decode byte 0xe7 in position 0: ordinal not in range(128)
Napping for 0.759456 seconds...
	liking... {u'rate_limited_until': 1516369350426, u'likes_remaining': 0, u'match': False}
Aww, it's not a match:(
out of likes. Closing...
