You have been successfully authorized!
running main
likes remaining: 100
name: Jamie, id: 59038c26c2d7177d7925f968
Napping for 0.243166 seconds...
	liking... {u'likes_remaining': 100, u'match': False}
Aww, it's not a match:(
name: Kassi, id: 57e4dc9f20dc288241ed411e
Napping for 1.100289 seconds...
	liking... {u'likes_remaining': 100, u'match': False}
Aww, it's not a match:(
name: Gen, id: 53f8cbf0d141fe46788de833
Napping for 0.118709 seconds...
	liking... {u'likes_remaining': 100, u'match': False}
Aww, it's not a match:(
name: Simone, id: 588810a949dfe59f1edcebc0
Napping for 0.657916 seconds...
	liking... {u'likes_remaining': 100, u'match': False}
Aww, it's not a match:(
name: Kacey, id: 58065a635cae042b1797e669
Napping for 0.483560 seconds...
	liking... {u'likes_remaining': 100, u'match': False}
Aww, it's not a match:(
name: AshleyMae, id: 55adfa09d51b4cd85f7d5aa5
Napping for 0.010882 seconds...
	liking... {u'likes_remaining': 100, u'match': {u'common_like_count': 0, u'is_super_like': True, u'common_friend_count': 0, u'is_fast_match': False, u'is_boost_match': False, u'messages': [], u'last_activity_date': u'2017-12-23T16:42:53.693Z', u'dead': False, u'message_count': 0, u'participants': [u'5411d98b8ce312114adedd68', u'55adfa09d51b4cd85f7d5aa5'], u'closed': False, u'created_date': u'2017-12-23T16:42:53.693Z', u'following': True, u'super_liker': u'55adfa09d51b4cd85f7d5aa5', u'following_moments': True, u'_id': u'5411d98b8ce312114adedd6855adfa09d51b4cd85f7d5aa5', u'pending': False}}
It's a match!
{u'status': u'404', u'error': u''}
name: Madeline, id: 580d14920e1bbba30af3f850
Napping for 0.738001 seconds...
	liking... {u'likes_remaining': 100, u'match': False}
Aww, it's not a match:(
name: Monica, id: 5a3c4dc38e537fb577a217ea
Napping for 0.079725 seconds...
	liking... {u'likes_remaining': 100, u'match': False}
Aww, it's not a match:(
name: Mikaili, id: 59bd3057a2f1f9840a889aa9
Napping for 0.729000 seconds...
	liking... {u'likes_remaining': 100, u'match': False}
Aww, it's not a match:(
name: Jana, id: 5680a1adb48d6b5514d7d536
Napping for 1.128722 seconds...
	liking... {u'likes_remaining': 100, u'match': {u'common_like_count': 0, u'is_super_like': False, u'common_friend_count': 0, u'is_fast_match': False, u'is_boost_match': False, u'messages': [], u'last_activity_date': u'2017-12-24T17:56:36.231Z', u'dead': False, u'message_count': 0, u'participants': [u'5411d98b8ce312114adedd68', u'5680a1adb48d6b5514d7d536'], u'closed': False, u'created_date': u'2017-12-24T17:56:36.231Z', u'following': True, u'following_moments': True, u'_id': u'5411d98b8ce312114adedd685680a1adb48d6b5514d7d536', u'pending': False}}
It's a match!
{u'status': u'404', u'error': u''}
name: Adriana, id: 52f27e63869c01134d00015a
Napping for 1.025102 seconds...
	liking... {u'likes_remaining': 100, u'match': {u'common_like_count': 0, u'is_super_like': False, u'common_friend_count': 0, u'is_fast_match': False, u'is_boost_match': False, u'messages': [], u'last_activity_date': u'2017-12-24T17:56:38.247Z', u'dead': False, u'message_count': 0, u'participants': [u'5411d98b8ce312114adedd68', u'52f27e63869c01134d00015a'], u'closed': False, u'created_date': u'2017-12-24T17:56:38.247Z', u'following': True, u'following_moments': True, u'_id': u'52f27e63869c01134d00015a5411d98b8ce312114adedd68', u'pending': False}}
It's a match!
{u'status': u'404', u'error': u''}
name: Alannah, id: 5a3c9836ab2fd03e7b71e147
Napping for 0.086942 seconds...
	liking... {u'likes_remaining': 100, u'match': False}
Aww, it's not a match:(
name: Cristina, id: 5798fb1ad71f0e254fb02dee
Napping for 0.804733 seconds...
	liking... {u'likes_remaining': 100, u'match': False}
Aww, it's not a match:(
name: Sarah, id: 5a06ce37ba6f48710488879d
Napping for 0.741461 seconds...
	liking... {u'likes_remaining': 100, u'match': False}
Aww, it's not a match:(
name: Gabi, id: 59ad05e2c98b800d2c782379
Napping for 0.183825 seconds...
	liking... {u'likes_remaining': 100, u'match': False}
Aww, it's not a match:(
name: Sameera, id: 5a366b6ec42152b3167efcc5
Napping for 0.291456 seconds...
	liking... {u'likes_remaining': 100, u'match': False}
Aww, it's not a match:(
name: Maneet, id: 58193bc4c81efae845ed5e5a
Napping for 1.010728 seconds...
	liking... {u'likes_remaining': 100, u'match': False}
Aww, it's not a match:(
name: Britney, id: 55aeff0bd51b4cd85f7d8056
Napping for 0.499389 seconds...
	liking... {u'likes_remaining': 100, u'match': False}
Aww, it's not a match:(
name: Hannah, id: 5a1a5e1fdb01d9126d9f8542
Napping for 0.058200 seconds...
	liking... {u'likes_remaining': 100, u'match': False}
Aww, it's not a match:(
name: Gabby, id: 52ca1739f2c0e4454500174b
Napping for 0.513862 seconds...
	liking... {u'likes_remaining': 100, u'match': False}
Aww, it's not a match:(
name: Alex, id: 59ddd58c88bf5057151939dc
Napping for 0.752587 seconds...
	liking... {u'likes_remaining': 100, u'match': False}
Aww, it's not a match:(
name: Jordan, id: 56e76b21ccc4ff7a487f67ba
Napping for 1.119344 seconds...
	liking... {u'likes_remaining': 100, u'match': False}
Aww, it's not a match:(
name: Jessica, id: 58b91b5c95c43c1e54c077b3
Napping for 0.971629 seconds...
	liking... {u'likes_remaining': 100, u'match': False}
Aww, it's not a match:(
name: Jessica, id: 559a0d63e1cc3bf96a34e028
Napping for 1.040795 seconds...
	liking... {u'likes_remaining': 100, u'match': False}
Aww, it's not a match:(
name: AshleyMae, id: 55adfa09d51b4cd85f7d5aa5
Napping for 0.052617 seconds...
	liking... {u'likes_remaining': 100, u'match': {u'common_like_count': 0, u'is_super_like': True, u'common_friend_count': 0, u'is_fast_match': False, u'is_boost_match': False, u'messages': [], u'last_activity_date': u'2017-12-23T16:42:53.693Z', u'dead': False, u'message_count': 0, u'participants': [u'5411d98b8ce312114adedd68', u'55adfa09d51b4cd85f7d5aa5'], u'closed': False, u'created_date': u'2017-12-23T16:42:53.693Z', u'following': True, u'super_liker': u'55adfa09d51b4cd85f7d5aa5', u'following_moments': True, u'_id': u'5411d98b8ce312114adedd6855adfa09d51b4cd85f7d5aa5', u'pending': False}}
It's a match!
{u'status': u'404', u'error': u''}
name: Sarah, id: 52789fc4e1c966a832001916
Napping for 0.243925 seconds...
	liking... {u'likes_remaining': 100, u'match': False}
Aww, it's not a match:(
name: Taylor, id: 518021e826b795383c000010
Napping for 0.015357 seconds...
	liking... {u'likes_remaining': 100, u'match': False}
Aww, it's not a match:(
name: Katarina, id: 55f8c5743a70edc92663d794
Napping for 1.115706 seconds...
	liking... {u'likes_remaining': 100, u'match': False}
Aww, it's not a match:(
name: Adrianna C, id: 5429f692ee917851181a1ec4
Napping for 0.413619 seconds...
	liking... {u'likes_remaining': 100, u'match': False}
Aww, it's not a match:(
name: AshleyMae, id: 55adfa09d51b4cd85f7d5aa5
Napping for 0.333030 seconds...
	liking... {u'likes_remaining': 100, u'match': {u'common_like_count': 0, u'is_super_like': True, u'common_friend_count': 0, u'is_fast_match': False, u'is_boost_match': False, u'messages': [], u'last_activity_date': u'2017-12-23T16:42:53.693Z', u'dead': False, u'message_count': 0, u'participants': [u'5411d98b8ce312114adedd68', u'55adfa09d51b4cd85f7d5aa5'], u'closed': False, u'created_date': u'2017-12-23T16:42:53.693Z', u'following': True, u'super_liker': u'55adfa09d51b4cd85f7d5aa5', u'following_moments': True, u'_id': u'5411d98b8ce312114adedd6855adfa09d51b4cd85f7d5aa5', u'pending': False}}
It's a match!
{u'status': u'404', u'error': u''}
name: Annette, id: 599f9794a0fbc1570707cf4d
Napping for 1.002758 seconds...
	liking... {u'likes_remaining': 100, u'match': False}
Aww, it's not a match:(
name: Susan, id: 5a3b47582ed50a4e57035bac
Napping for 0.228543 seconds...
	liking... {u'likes_remaining': 100, u'match': False}
Aww, it's not a match:(
name: Lauren, id: 589aac334c2a2432793b0915
Napping for 0.801414 seconds...
	liking... {u'likes_remaining': 100, u'match': False}
Aww, it's not a match:(
name: Mikaela, id: 5a0aab0d8217e42071918716
Napping for 0.874121 seconds...
	liking... {u'likes_remaining': 100, u'match': False}
Aww, it's not a match:(
name: Chloe, id: 5557f8237524261748c9e336
Napping for 1.040560 seconds...
	liking... {u'likes_remaining': 100, u'match': False}
Aww, it's not a match:(
name: Allie, id: 52e199e0e77c0c3b4e000076
Napping for 0.360855 seconds...
	liking... {u'likes_remaining': 100, u'match': False}
Aww, it's not a match:(
name: Liz, id: 586f7149a5cce35e33c95230
Napping for 0.975449 seconds...
	liking... {u'likes_remaining': 100, u'match': False}
Aww, it's not a match:(
name: Julia, id: 5376e50587884312359044e2
Napping for 0.933095 seconds...
	liking... {u'likes_remaining': 100, u'match': False}
Aww, it's not a match:(
name: Paige, id: 5404c8070f37412956798180
Napping for 0.622547 seconds...
	liking... {u'likes_remaining': 100, u'match': False}
Aww, it's not a match:(
name: Anna, id: 5a2f8e7c8c464cb70ff39bd0
Napping for 0.489851 seconds...
	liking... {u'likes_remaining': 100, u'match': False}
Aww, it's not a match:(
name: Laura, id: 59be61805df5efaf0a3848e1
Napping for 0.399230 seconds...
	liking... {u'likes_remaining': 100, u'match': False}
Aww, it's not a match:(
name: Savanna, id: 5a1606bb7526478f63353cae
Napping for 1.137176 seconds...
	liking... {u'likes_remaining': 100, u'match': False}
Aww, it's not a match:(
name: Megan, id: 58a7bd2c03e5e67339181f37
Napping for 0.052090 seconds...
	liking... {u'likes_remaining': 100, u'match': False}
Aww, it's not a match:(
name: Golzar, id: 59cf32ad0d47f57a70043318
Napping for 0.488305 seconds...
	liking... {u'likes_remaining': 100, u'match': False}
Aww, it's not a match:(
name: Grace, id: 5a3f2d9198f95f50125a3eca
Napping for 1.063861 seconds...
	liking... {u'likes_remaining': 100, u'match': False}
Aww, it's not a match:(
name: Dana, id: 59b3dfc71d1b38ae3cb8222e
Napping for 0.433892 seconds...
	liking... {u'likes_remaining': 100, u'match': False}
Aww, it's not a match:(
name: Cristina, id: 542b5b161dffb94145de00bf
Napping for 0.278847 seconds...
	liking... {u'likes_remaining': 100, u'match': False}
Aww, it's not a match:(
name: Mary, id: 5a174de9ff59cbf76c1db1b1
Napping for 0.038465 seconds...
	liking... {u'likes_remaining': 100, u'match': False}
Aww, it's not a match:(
name: Kenzi, id: 5a2139556fb6b41547981cbc
Napping for 1.196397 seconds...
	liking... {u'likes_remaining': 100, u'match': False}
Aww, it's not a match:(
name: AshleyMae, id: 55adfa09d51b4cd85f7d5aa5
Napping for 0.684691 seconds...
	liking... {u'likes_remaining': 100, u'match': {u'common_like_count': 0, u'is_super_like': True, u'common_friend_count': 0, u'is_fast_match': False, u'is_boost_match': False, u'messages': [], u'last_activity_date': u'2017-12-23T16:42:53.693Z', u'dead': False, u'message_count': 0, u'participants': [u'5411d98b8ce312114adedd68', u'55adfa09d51b4cd85f7d5aa5'], u'closed': False, u'created_date': u'2017-12-23T16:42:53.693Z', u'following': True, u'super_liker': u'55adfa09d51b4cd85f7d5aa5', u'following_moments': True, u'_id': u'5411d98b8ce312114adedd6855adfa09d51b4cd85f7d5aa5', u'pending': False}}
It's a match!
{u'status': u'404', u'error': u''}
name: Caitlin, id: 51ec55e0d6dded00420000d4
Napping for 0.720819 seconds...
	liking... {u'likes_remaining': 100, u'match': False}
Aww, it's not a match:(
name: Erin, id: 5a35bac1e495329005967b97
Napping for 0.811944 seconds...
	liking... {u'likes_remaining': 100, u'match': False}
Aww, it's not a match:(
name: Jennifer, id: 53d76c0a881cc002778ce969
Napping for 0.849543 seconds...
	liking... {u'likes_remaining': 100, u'match': False}
Aww, it's not a match:(
name: Jordan, id: 59ef6bb254976ac9372c76ee
Napping for 1.145425 seconds...
	liking... {u'likes_remaining': 100, u'match': False}
Aww, it's not a match:(
name: Valentina, id: 5a3edfab5f165d7212340e85
Napping for 0.120270 seconds...
	liking... {u'likes_remaining': 100, u'match': False}
Aww, it's not a match:(
name: AshleyMae, id: 55adfa09d51b4cd85f7d5aa5
Napping for 0.809053 seconds...
	liking... {u'likes_remaining': 100, u'match': {u'common_like_count': 0, u'is_super_like': True, u'common_friend_count': 0, u'is_fast_match': False, u'is_boost_match': False, u'messages': [], u'last_activity_date': u'2017-12-23T16:42:53.693Z', u'dead': False, u'message_count': 0, u'participants': [u'5411d98b8ce312114adedd68', u'55adfa09d51b4cd85f7d5aa5'], u'closed': False, u'created_date': u'2017-12-23T16:42:53.693Z', u'following': True, u'super_liker': u'55adfa09d51b4cd85f7d5aa5', u'following_moments': True, u'_id': u'5411d98b8ce312114adedd6855adfa09d51b4cd85f7d5aa5', u'pending': False}}
It's a match!
{u'status': u'404', u'error': u''}
name: Megan, id: 56c5662e4499630620ac8872
Napping for 0.869863 seconds...
	liking... {u'likes_remaining': 100, u'match': False}
Aww, it's not a match:(
name: Jenny, id: 5a3e80a5702237291d0fe7c3
Napping for 1.145916 seconds...
	liking... {u'likes_remaining': 100, u'match': False}
Aww, it's not a match:(
name: Emily, id: 59b05d6ed48be5bd26aadce6
Napping for 0.398516 seconds...
	liking... {u'likes_remaining': 100, u'match': False}
Aww, it's not a match:(
name: Alice, id: 55cfaa48a4a9705f5d69b607
Napping for 0.073782 seconds...
	liking... {u'likes_remaining': 100, u'match': False}
Aww, it's not a match:(
name: Anastasiya, id: 59b2ca49034976ec17db3776
Napping for 0.374704 seconds...
	liking... {u'likes_remaining': 100, u'match': False}
Aww, it's not a match:(
name: Emma, id: 56e33de1380d86a00624103d
Napping for 0.590268 seconds...
	liking... {u'likes_remaining': 100, u'match': False}
Aww, it's not a match:(
name: Kels, id: 5a32031796f2b8b105cdeca5
Napping for 0.715047 seconds...
	liking... {u'likes_remaining': 100, u'match': False}
Aww, it's not a match:(
name: Vanessa, id: 5a3b173be8ed357d5efa9379
Napping for 1.017243 seconds...
	liking... {u'likes_remaining': 100, u'match': False}
Aww, it's not a match:(
name: Lakshmi, id: 530a5a0a15ad86a872000026
Napping for 0.550119 seconds...
	liking... {u'likes_remaining': 100, u'match': False}
Aww, it's not a match:(
name: Lauren, id: 58b7bee2916b1b5263490452
Napping for 1.179587 seconds...
	liking... {u'likes_remaining': 100, u'match': False}
Aww, it's not a match:(
name: Nicolina, id: 5a20e5453c0327a447a9c401
Napping for 1.184696 seconds...
	liking... {u'likes_remaining': 100, u'match': False}
Aww, it's not a match:(
name: Rebecca, id: 59b4601d3532e2e531fd5539
Napping for 0.042536 seconds...
	liking... {u'likes_remaining': 100, u'match': False}
Aww, it's not a match:(
name: Camille, id: 5906a010ca6f49db04f3d742
Napping for 0.157265 seconds...
	liking... {u'likes_remaining': 100, u'match': False}
Aww, it's not a match:(
name: Maddie, id: 57a81ff9f7097eb828c4fd37
Napping for 0.898833 seconds...
	liking... {u'likes_remaining': 100, u'match': False}
Aww, it's not a match:(
name: Kimberly, id: 5a260b3f231b141a04309503
Napping for 0.016712 seconds...
	liking... {u'likes_remaining': 100, u'match': False}
Aww, it's not a match:(
name: Rachel, id: 5a261ffce1b2cbde776ae8e0
Napping for 0.623106 seconds...
	liking... {u'likes_remaining': 100, u'match': False}
Aww, it's not a match:(
name: Tala, id: 595dbe3f949b465a61c772b4
Napping for 0.660985 seconds...
	liking... {u'likes_remaining': 100, u'match': False}
Aww, it's not a match:(
name: Lisa, id: 59a0d8babdc82efc1feeb4df
Napping for 0.177461 seconds...
	liking... {u'likes_remaining': 100, u'match': False}
Aww, it's not a match:(
name: Karishma, id: 5a1137868ed5085a782c1f91
Napping for 0.336092 seconds...
	liking... {u'likes_remaining': 100, u'match': False}
Aww, it's not a match:(
name: AshleyMae, id: 55adfa09d51b4cd85f7d5aa5
Napping for 0.696139 seconds...
	liking... {u'likes_remaining': 100, u'match': {u'common_like_count': 0, u'is_super_like': True, u'common_friend_count': 0, u'is_fast_match': False, u'is_boost_match': False, u'messages': [], u'last_activity_date': u'2017-12-23T16:42:53.693Z', u'dead': False, u'message_count': 0, u'participants': [u'5411d98b8ce312114adedd68', u'55adfa09d51b4cd85f7d5aa5'], u'closed': False, u'created_date': u'2017-12-23T16:42:53.693Z', u'following': True, u'super_liker': u'55adfa09d51b4cd85f7d5aa5', u'following_moments': True, u'_id': u'5411d98b8ce312114adedd6855adfa09d51b4cd85f7d5aa5', u'pending': False}}
It's a match!
{u'status': u'404', u'error': u''}
name: Jessica, id: 59d43d62928a7e58702087ca
Napping for 0.765081 seconds...
	liking... {u'likes_remaining': 100, u'match': False}
Aww, it's not a match:(
name: Andria, id: 59631bf2f64fff1e615bf616
Napping for 0.991504 seconds...
	liking... {u'likes_remaining': 100, u'match': False}
Aww, it's not a match:(
name: Lindsay, id: 57e8693faf6a3fc52176de5f
Napping for 1.095105 seconds...
	liking... {u'likes_remaining': 100, u'match': False}
Aww, it's not a match:(
name: Lauren, id: 5a276d3f3a4ba158081ad59f
Napping for 0.696113 seconds...
	liking... {u'likes_remaining': 100, u'match': False}
Aww, it's not a match:(
name: Christine, id: 578f0f40fa218a622d737483
Napping for 0.445419 seconds...
	liking... {u'likes_remaining': 100, u'match': False}
Aww, it's not a match:(
name: Alyssa, id: 58bda6ad4271e43d6d291888
Napping for 0.352020 seconds...
	liking... {u'likes_remaining': 100, u'match': False}
Aww, it's not a match:(
name: Kate, id: 53166aa4c36a1fb32b00000a
Napping for 1.133079 seconds...
	liking... {u'likes_remaining': 100, u'match': False}
Aww, it's not a match:(
name: Meredith, id: 59f005d2eaf6441160f45a57
Napping for 0.781217 seconds...
	liking... {u'likes_remaining': 100, u'match': False}
Aww, it's not a match:(
name: Sam, id: 59b582c2fcf66bce31b65d34
Napping for 0.031263 seconds...
	liking... {u'likes_remaining': 100, u'match': False}
Aww, it's not a match:(
name: AshleyMae, id: 55adfa09d51b4cd85f7d5aa5
Napping for 0.541065 seconds...
	liking... {u'likes_remaining': 100, u'match': {u'common_like_count': 0, u'is_super_like': True, u'common_friend_count': 0, u'is_fast_match': False, u'is_boost_match': False, u'messages': [], u'last_activity_date': u'2017-12-23T16:42:53.693Z', u'dead': False, u'message_count': 0, u'participants': [u'5411d98b8ce312114adedd68', u'55adfa09d51b4cd85f7d5aa5'], u'closed': False, u'created_date': u'2017-12-23T16:42:53.693Z', u'following': True, u'super_liker': u'55adfa09d51b4cd85f7d5aa5', u'following_moments': True, u'_id': u'5411d98b8ce312114adedd6855adfa09d51b4cd85f7d5aa5', u'pending': False}}
It's a match!
{u'status': u'404', u'error': u''}
name: Angel, id: 5975498f1656a3b451f73654
Napping for 1.089097 seconds...
	liking... {u'likes_remaining': 100, u'match': False}
Aww, it's not a match:(
name: La'ren, id: 53827cc17ae7194978f2e7db
Napping for 0.726054 seconds...
	liking... {u'likes_remaining': 100, u'match': False}
Aww, it's not a match:(
name: Jamie, id: 58b612a7960b9aff4e692f63
Napping for 0.994832 seconds...
	liking... {u'likes_remaining': 100, u'match': False}
Aww, it's not a match:(
name: Macey, id: 540fc9189e71981e2707daa7
Napping for 0.806931 seconds...
	liking... {u'likes_remaining': 100, u'match': False}
Aww, it's not a match:(
name: Ligia, id: 57d23c6bcc22f923786db83c
Napping for 0.496345 seconds...
	liking... {u'likes_remaining': 100, u'match': False}
Aww, it's not a match:(
name: Ariana, id: 5a035960e86d873f041e5df9
Napping for 0.355933 seconds...
	liking... {u'likes_remaining': 100, u'match': False}
Aww, it's not a match:(
name: Kelly, id: 5a15240f48b5722c69d6b772
Napping for 0.871467 seconds...
	liking... {u'likes_remaining': 100, u'match': False}
Aww, it's not a match:(
name: Sarina, id: 59b5fd8a20258ddc31d3261d
Napping for 0.432001 seconds...
	liking... {u'likes_remaining': 100, u'match': False}
Aww, it's not a match:(
name: Beth, id: 594cd8b7dd1c974f11d7be8e
Napping for 0.109911 seconds...
	liking... {u'likes_remaining': 100, u'match': False}
Aww, it's not a match:(
name: Laila, id: 592b1f7b36051d837c1a8199
Napping for 0.732446 seconds...
	liking... {u'likes_remaining': 100, u'match': False}
Aww, it's not a match:(
name: Megan, id: 5a22684c7a77a8d70302aa49
Napping for 0.111188 seconds...
	liking... {u'likes_remaining': 100, u'match': False}
Aww, it's not a match:(
name: Masha, id: 598eb2b21f651143332f551d
Napping for 0.144637 seconds...
	liking... {u'likes_remaining': 100, u'match': False}
Aww, it's not a match:(
name: Margeaux, id: 5a3dda12702237291d0eeb2e
Napping for 1.137293 seconds...
	liking... {u'likes_remaining': 100, u'match': False}
Aww, it's not a match:(
name: AshleyMae, id: 55adfa09d51b4cd85f7d5aa5
Napping for 0.572762 seconds...
	liking... {u'rate_limited_until': 1514181501916, u'likes_remaining': 0, u'match': False}
Aww, it's not a match:(
name: Alejandra, id: 57b6a69e106fe621308787fc
Napping for 0.624998 seconds...
	liking... {u'rate_limited_until': 1514181501916, u'likes_remaining': 0, u'match': False}
Aww, it's not a match:(
name: Liana, id: 544363f3da1bca3474a37b8b
Napping for 0.637858 seconds...
	liking... {u'rate_limited_until': 1514181501916, u'likes_remaining': 0, u'match': False}
Aww, it's not a match:(
name: Hannah, id: 5658d840127c65992385e07c
Napping for 1.031715 seconds...
	liking... {u'rate_limited_until': 1514181501916, u'likes_remaining': 0, u'match': False}
Aww, it's not a match:(
name: Diana, id: 5a3ae96214181c5332ae2c8f
Napping for 0.512829 seconds...
	liking... {u'rate_limited_until': 1514181501916, u'likes_remaining': 0, u'match': False}
Aww, it's not a match:(
name: Nzinga, id: 594226fce495dcb153a08764
Napping for 0.600399 seconds...
	liking... {u'rate_limited_until': 1514181501916, u'likes_remaining': 0, u'match': False}
Aww, it's not a match:(
name: Natalia, id: 5a2763bd7a77a8d70307375b
Napping for 1.111113 seconds...
	liking... {u'rate_limited_until': 1514181501916, u'likes_remaining': 0, u'match': False}
Aww, it's not a match:(
name: Bebe, id: 5a0541f14439b2380550978b
Napping for 0.830124 seconds...
	liking... {u'rate_limited_until': 1514181501916, u'likes_remaining': 0, u'match': False}
Aww, it's not a match:(
name: Lesli, id: 5a3c9fef830a06287a851943
Napping for 0.110074 seconds...
	liking... {u'rate_limited_until': 1514181501916, u'likes_remaining': 0, u'match': False}
Aww, it's not a match:(
name: AnneMarie, id: 58e12217019b6cc17b3591ea
Napping for 0.320233 seconds...
	liking... {u'rate_limited_until': 1514181501916, u'likes_remaining': 0, u'match': False}
Aww, it's not a match:(
name: Ellalaine, id: 5905adb74bdaa7fb04f01485
Napping for 0.780821 seconds...
	liking... {u'rate_limited_until': 1514181501916, u'likes_remaining': 0, u'match': False}
Aww, it's not a match:(
name: Sally, id: 59f22b50bf6f36537decd572
Napping for 0.093119 seconds...
	liking... {u'rate_limited_until': 1514181501916, u'likes_remaining': 0, u'match': False}
Aww, it's not a match:(
name: Tara, id: 555be18b666c58d473dd22e6
Napping for 0.687197 seconds...
	liking... {u'rate_limited_until': 1514181501916, u'likes_remaining': 0, u'match': False}
Aww, it's not a match:(
name: Jennifer, id: 57d5f79912cbd1bc4be79fed
Napping for 0.597140 seconds...
	liking... {u'rate_limited_until': 1514181501916, u'likes_remaining': 0, u'match': False}
Aww, it's not a match:(
name: Olivia, id: 5945ffb021ad0e5d2add0532
Napping for 0.625912 seconds...
	liking... {u'rate_limited_until': 1514181501916, u'likes_remaining': 0, u'match': False}
Aww, it's not a match:(
name: AshleyMae, id: 55adfa09d51b4cd85f7d5aa5
Napping for 0.808296 seconds...
	liking... {u'rate_limited_until': 1514181501916, u'likes_remaining': 0, u'match': False}
Aww, it's not a match:(
name: Jannela, id: 5a3f0bc7aa9e1a4725d06d0f
Napping for 1.111396 seconds...
	liking... {u'rate_limited_until': 1514181501916, u'likes_remaining': 0, u'match': False}
Aww, it's not a match:(
name: Sammi, id: 59517d07a23c863111243fef
Napping for 0.618545 seconds...
	liking... {u'rate_limited_until': 1514181501916, u'likes_remaining': 0, u'match': False}
Aww, it's not a match:(
name: Chelsea, id: 5222d9e89351a1a27c000027
Napping for 0.230025 seconds...
	liking... {u'rate_limited_until': 1514181501916, u'likes_remaining': 0, u'match': False}
Aww, it's not a match:(
name: Olivia, id: 58d89939a7847bd40b6f3acb
Napping for 0.685117 seconds...
	liking... {u'rate_limited_until': 1514181501916, u'likes_remaining': 0, u'match': False}
Aww, it's not a match:(
name: Dani, id: 5a2cc73135e23591160b6612
Napping for 0.539933 seconds...
	liking... {u'rate_limited_until': 1514181501916, u'likes_remaining': 0, u'match': False}
Aww, it's not a match:(
name: AshleyMae, id: 55adfa09d51b4cd85f7d5aa5
Napping for 0.216534 seconds...
	liking... {u'rate_limited_until': 1514181501916, u'likes_remaining': 0, u'match': False}
Aww, it's not a match:(
name: Amanda, id: 514fc6e1acfd9b4605000323
Napping for 0.342464 seconds...
	liking... {u'rate_limited_until': 1514181501916, u'likes_remaining': 0, u'match': False}
Aww, it's not a match:(
name: Katie, id: 550bcb3c8eeb9767476f7a01
Napping for 0.787785 seconds...
	liking... {u'rate_limited_until': 1514181501916, u'likes_remaining': 0, u'match': False}
Aww, it's not a match:(
name: Saringi, id: 5193c8f0ee8eec617900003e
Napping for 0.503587 seconds...
	liking... {u'rate_limited_until': 1514181501916, u'likes_remaining': 0, u'match': False}
Aww, it's not a match:(
name: Chartreuse, id: 5a1dca23d31b3759633cd4f3
Napping for 0.670342 seconds...
	liking... {u'rate_limited_until': 1514181501916, u'likes_remaining': 0, u'match': False}
Aww, it's not a match:(
name: Elfleda, id: 57357ec83b4dc5f111bc2cfc
Napping for 0.184052 seconds...
	liking... {u'rate_limited_until': 1514181501916, u'likes_remaining': 0, u'match': False}
Aww, it's not a match:(
name: Ashley, id: 59c746a5d7e0db1176e41ffc
Napping for 0.185038 seconds...
	liking... {u'rate_limited_until': 1514181501916, u'likes_remaining': 0, u'match': False}
Aww, it's not a match:(
name: Robin, id: 58b7abfe916b1b5263490382
Napping for 0.507614 seconds...
	liking... {u'rate_limited_until': 1514181501916, u'likes_remaining': 0, u'match': False}
Aww, it's not a match:(
name: Bryanna, id: 5a3a0dadebe5877d3232dbb3
Napping for 0.741723 seconds...
	liking... {u'rate_limited_until': 1514181501916, u'likes_remaining': 0, u'match': False}
Aww, it's not a match:(
name: Luh, id: 539780933107738a62873eac
Napping for 0.499376 seconds...
	liking... {u'rate_limited_until': 1514181501916, u'likes_remaining': 0, u'match': False}
Aww, it's not a match:(
name: Tippy, id: 555f4ac650238780044a4f16
Napping for 0.593517 seconds...
	liking... {u'rate_limited_until': 1514181501916, u'likes_remaining': 0, u'match': False}
Aww, it's not a match:(
name: Sarah, id: 5a348da4f75486d90fd88a20
Napping for 0.611751 seconds...
	liking... {u'rate_limited_until': 1514181501916, u'likes_remaining': 0, u'match': False}
Aww, it's not a match:(
name: Charlie, id: 5a10fbf68ed5085a782c0cdc
Napping for 0.840195 seconds...
	liking... {u'rate_limited_until': 1514181501916, u'likes_remaining': 0, u'match': False}
Aww, it's not a match:(
name: Olivia, id: 5a375ed4c32aba580db0045e
Napping for 0.343377 seconds...
	liking... {u'rate_limited_until': 1514181501916, u'likes_remaining': 0, u'match': False}
Aww, it's not a match:(
name: Emily, id: 56f1e9cf6018ce1a445169e8
Napping for 0.349230 seconds...
	liking... {u'rate_limited_until': 1514181501916, u'likes_remaining': 0, u'match': False}
Aww, it's not a match:(
name: Glacy, id: 577241eadd8d081c166b4680
Napping for 0.167520 seconds...
	liking... {u'rate_limited_until': 1514181501916, u'likes_remaining': 0, u'match': False}
Aww, it's not a match:(
name: AshleyMae, id: 55adfa09d51b4cd85f7d5aa5
Napping for 1.161966 seconds...
	liking... {u'rate_limited_until': 1514181501916, u'likes_remaining': 0, u'match': False}
Aww, it's not a match:(
name: Justene, id: 5a25fe340818fb3d7d7c5774
Napping for 0.509460 seconds...
	liking... {u'rate_limited_until': 1514181501916, u'likes_remaining': 0, u'match': False}
Aww, it's not a match:(
name: Cheyenne, id: 5a2616f99c3119087d41eef5
Napping for 0.313143 seconds...
	liking... {u'rate_limited_until': 1514181501916, u'likes_remaining': 0, u'match': False}
Aww, it's not a match:(
name: Isabelle, id: 522972a69dc426d06e0000c9
Napping for 0.279279 seconds...
	liking... {u'rate_limited_until': 1514181501916, u'likes_remaining': 0, u'match': False}
Aww, it's not a match:(
name: Rachel, id: 5394c5db7943d84e1a9acd1a
Napping for 1.112941 seconds...
	liking... {u'rate_limited_until': 1514181501916, u'likes_remaining': 0, u'match': False}
Aww, it's not a match:(
name: Mia, id: 5a3f1ad1b86023b5127b2dc4
Napping for 0.847643 seconds...
	liking... {u'rate_limited_until': 1514181501916, u'likes_remaining': 0, u'match': False}
Aww, it's not a match:(
name: Emily, id: 5945034f8f910fe6536c225f
Napping for 0.733905 seconds...
	liking... {u'rate_limited_until': 1514181501916, u'likes_remaining': 0, u'match': False}
Aww, it's not a match:(
name: Linda, id: 59cf2f129f6316d35cc1f1dc
Napping for 0.124598 seconds...
	liking... {u'rate_limited_until': 1514181501916, u'likes_remaining': 0, u'match': False}
Aww, it's not a match:(
name: Crystal, id: 55a02f012247cb16506d421d
Napping for 1.181058 seconds...
	liking... {u'rate_limited_until': 1514181501916, u'likes_remaining': 0, u'match': False}
Aww, it's not a match:(
name: Morgan, id: 561bdd240e879a79085a1d6d
Napping for 0.768464 seconds...
	liking... {u'rate_limited_until': 1514181501916, u'likes_remaining': 0, u'match': False}
Aww, it's not a match:(
name: AshleyMae, id: 55adfa09d51b4cd85f7d5aa5
Napping for 1.086411 seconds...
	liking... {u'rate_limited_until': 1514181501916, u'likes_remaining': 0, u'match': False}
Aww, it's not a match:(
name: Nele, id: 599d0644cfbf4a992c67bb40
Napping for 0.902125 seconds...
	liking... {u'rate_limited_until': 1514181501916, u'likes_remaining': 0, u'match': False}
Aww, it's not a match:(
name: Jennifer, id: 5a05156edf6ea5060542cb7e
Napping for 0.905560 seconds...
	liking... {u'rate_limited_until': 1514181501916, u'likes_remaining': 0, u'match': False}
Aww, it's not a match:(
name: Rachel, id: 513a5bc29847e8930a00039f
Napping for 0.182929 seconds...
	liking... {u'rate_limited_until': 1514181501916, u'likes_remaining': 0, u'match': False}
Aww, it's not a match:(
name: Jasmine, id: 5a34cc42e49532900595a79e
Napping for 0.624309 seconds...
	liking... {u'rate_limited_until': 1514181501916, u'likes_remaining': 0, u'match': False}
Aww, it's not a match:(
name: Lindsey, id: 59b2f28deeb13ac52fd93cb1
Napping for 0.813799 seconds...
	liking... {u'rate_limited_until': 1514181501916, u'likes_remaining': 0, u'match': False}
Aww, it's not a match:(
name: Marisa, id: 5a30ac317d0da8f30cd64627
Napping for 0.829354 seconds...
	liking... {u'rate_limited_until': 1514181501916, u'likes_remaining': 0, u'match': False}
Aww, it's not a match:(
name: Gissela, id: 5588988e8f07029977279572
Napping for 0.299366 seconds...
	liking... {u'rate_limited_until': 1514181501916, u'likes_remaining': 0, u'match': False}
Aww, it's not a match:(
name: Paige, id: 5404c8070f37412956798180
Napping for 0.743777 seconds...
	liking... {u'rate_limited_until': 1514181501916, u'likes_remaining': 0, u'match': False}
Aww, it's not a match:(
name: Jenni, id: 5a0ffa28c3a97eb37fbe5986
Napping for 0.741201 seconds...
	liking... {u'rate_limited_until': 1514181501916, u'likes_remaining': 0, u'match': False}
Aww, it's not a match:(
name: Melanie, id: 56390bfde791568c2ef1e002
Napping for 1.090522 seconds...
	liking... {u'rate_limited_until': 1514181501916, u'likes_remaining': 0, u'match': False}
Aww, it's not a match:(
name: Julia, id: 57c0887a8fb868e2724ff58b
Napping for 0.315688 seconds...
	liking... {u'rate_limited_until': 1514181501916, u'likes_remaining': 0, u'match': False}
Aww, it's not a match:(
name: Brittney, id: 57c24c6d1e5175c910c0a4dd
Napping for 0.621655 seconds...
	liking... {u'rate_limited_until': 1514181501916, u'likes_remaining': 0, u'match': False}
Aww, it's not a match:(
name: Caroline, id: 577fff95ee28a1fd09538b6c
Napping for 0.861149 seconds...
	liking... {u'rate_limited_until': 1514181501916, u'likes_remaining': 0, u'match': False}
Aww, it's not a match:(
name: Emily, id: 5a3f39b5b86023b5127b56b1
Napping for 0.573694 seconds...
	liking... {u'rate_limited_until': 1514181501916, u'likes_remaining': 0, u'match': False}
Aww, it's not a match:(
name: Kristen, id: 57ba150581778ff17b57a40c
Napping for 0.450024 seconds...
	liking... {u'rate_limited_until': 1514181501916, u'likes_remaining': 0, u'match': False}
Aww, it's not a match:(
name: Ali, id: 540e8c29059884ad4c3dd5a7
Napping for 0.275613 seconds...
	liking... {u'rate_limited_until': 1514181501916, u'likes_remaining': 0, u'match': False}
Aww, it's not a match:(
name: Taryn, id: 557e2ceb4408bd9e19164371
Napping for 0.975453 seconds...
	liking... {u'rate_limited_until': 1514181501916, u'likes_remaining': 0, u'match': False}
Aww, it's not a match:(
name: Tina Baby, id: 59af2d787bba86aa2b070053
Napping for 0.194667 seconds...
	liking... {u'rate_limited_until': 1514181501916, u'likes_remaining': 0, u'match': False}
Aww, it's not a match:(
name: Jazz, id: 541253112afbd9734a34157c
Napping for 0.243973 seconds...
	liking... {u'rate_limited_until': 1514181501916, u'likes_remaining': 0, u'match': False}
Aww, it's not a match:(
name: AshleyMae, id: 55adfa09d51b4cd85f7d5aa5
Napping for 0.962132 seconds...
	liking... {u'rate_limited_until': 1514181501916, u'likes_remaining': 0, u'match': False}
Aww, it's not a match:(
name: Ri, id: 5a3867de75ecd27b0e4036b5
Napping for 0.241414 seconds...
	liking... {u'rate_limited_until': 1514181501916, u'likes_remaining': 0, u'match': False}
Aww, it's not a match:(
name: Samantha, id: 59379fccb93a28567f484691
Napping for 0.327388 seconds...
	liking... {u'rate_limited_until': 1514181501916, u'likes_remaining': 0, u'match': False}
Aww, it's not a match:(
name: Cailin, id: 599e1495ab1ae9a01f4b4db1
Napping for 0.660891 seconds...
	liking... {u'rate_limited_until': 1514181501916, u'likes_remaining': 0, u'match': False}
Aww, it's not a match:(
name: Carolina, id: 5a091c3e18e13bd17d46231f
Napping for 0.564823 seconds...
	liking... {u'rate_limited_until': 1514181501916, u'likes_remaining': 0, u'match': False}
Aww, it's not a match:(
name: Sabrina, id: 5a11302f0bd5546f7fd8652b
Napping for 0.588150 seconds...
	liking... {u'rate_limited_until': 1514181501916, u'likes_remaining': 0, u'match': False}
Aww, it's not a match:(
name: Lauren, id: 58d744ff3564574613e8770e
Napping for 0.746220 seconds...
	liking... {u'rate_limited_until': 1514181501916, u'likes_remaining': 0, u'match': False}
Aww, it's not a match:(
name: Keely, id: 523753ef8d96820609000097
Napping for 1.102437 seconds...
	liking... {u'rate_limited_until': 1514181501916, u'likes_remaining': 0, u'match': False}
Aww, it's not a match:(
name: Michaela, id: 5a076e8581615a317e60c9ad
Napping for 0.880654 seconds...
	liking... {u'rate_limited_until': 1514181501916, u'likes_remaining': 0, u'match': False}
Aww, it's not a match:(
name: Whtiney, id: 5a21e1fba0d0ebbc42507cbe
Napping for 0.206604 seconds...
	liking... {u'rate_limited_until': 1514181501916, u'likes_remaining': 0, u'match': False}
Aww, it's not a match:(
name: Gianna, id: 585ba8962f5fb3f20e188238
Napping for 0.288108 seconds...
	liking... {u'rate_limited_until': 1514181501916, u'likes_remaining': 0, u'match': False}
Aww, it's not a match:(
name: Amy, id: 590acd38dfe1814f0d8c3af1
Napping for 0.099370 seconds...
	liking... {u'rate_limited_until': 1514181501916, u'likes_remaining': 0, u'match': False}
Aww, it's not a match:(
name: Samantha, id: 59e2ecad1859d3de3452e40b
Napping for 0.706837 seconds...
	liking... {u'rate_limited_until': 1514181501916, u'likes_remaining': 0, u'match': False}
Aww, it's not a match:(
name: AshleyMae, id: 55adfa09d51b4cd85f7d5aa5
Napping for 0.339191 seconds...
	liking... {u'rate_limited_until': 1514181501916, u'likes_remaining': 0, u'match': False}
Aww, it's not a match:(
name: Eunice, id: 58e85ec13cdee9b56a60116e
Napping for 0.470183 seconds...
	liking... {u'rate_limited_until': 1514181501916, u'likes_remaining': 0, u'match': False}
Aww, it's not a match:(
name: Amber, id: 53c3121e4d562d516407208a
Napping for 1.025688 seconds...
	liking... {u'rate_limited_until': 1514181501916, u'likes_remaining': 0, u'match': False}
Aww, it's not a match:(
name: Cassia, id: 565be8355bc0092c337f8305
Napping for 0.392573 seconds...
	liking... {u'rate_limited_until': 1514181501916, u'likes_remaining': 0, u'match': False}
Aww, it's not a match:(
name: AshleyMae, id: 55adfa09d51b4cd85f7d5aa5
Napping for 0.587562 seconds...
	liking... {u'rate_limited_until': 1514181501916, u'likes_remaining': 0, u'match': False}
Aww, it's not a match:(
name: Monica, id: 597fc290d53048d02b5ac4bd
Napping for 0.669519 seconds...
	liking... {u'rate_limited_until': 1514181501916, u'likes_remaining': 0, u'match': False}
Aww, it's not a match:(
name: Sarita, id: 537fd4f1182adfc30975ae52
Napping for 1.149792 seconds...
	liking... {u'rate_limited_until': 1514181501916, u'likes_remaining': 0, u'match': False}
Aww, it's not a match:(
name: Nicole, id: 56a6faddd2e4f7fc2adcabbe
Napping for 0.387270 seconds...
	liking... {u'rate_limited_until': 1514181501916, u'likes_remaining': 0, u'match': False}
Aww, it's not a match:(
name: Salina, id: 5466a6028257e71749e58884
Napping for 0.143188 seconds...
	liking... {u'rate_limited_until': 1514181501916, u'likes_remaining': 0, u'match': False}
Aww, it's not a match:(
name: Camille, id: 5207341204c35d3c49000022
Napping for 0.166972 seconds...
	liking... {u'rate_limited_until': 1514181501916, u'likes_remaining': 0, u'match': False}
Aww, it's not a match:(
name: Chanel, id: 52fb10a95582328076000040
Napping for 0.589726 seconds...
	liking... {u'rate_limited_until': 1514181501916, u'likes_remaining': 0, u'match': False}
Aww, it's not a match:(
name: Jannet, id: 5a31e32ccb3615370d0fc956
Napping for 0.406921 seconds...
	liking... {u'rate_limited_until': 1514181501916, u'likes_remaining': 0, u'match': False}
Aww, it's not a match:(
name: Lauryn, id: 5222722fa095242b7b000007
Napping for 0.492437 seconds...
	liking... {u'rate_limited_until': 1514181501916, u'likes_remaining': 0, u'match': False}
Aww, it's not a match:(
name: Liz, id: 586f7149a5cce35e33c95230
Napping for 0.933270 seconds...
	liking... {u'rate_limited_until': 1514181501916, u'likes_remaining': 0, u'match': False}
Aww, it's not a match:(
name: Natchaya, id: 5a3020d52f46971c1053aeb5
Napping for 0.184432 seconds...
	liking... {u'rate_limited_until': 1514181501916, u'likes_remaining': 0, u'match': False}
Aww, it's not a match:(
name: Anna, id: 586db984218770933254897d
Napping for 0.537663 seconds...
	liking... {u'rate_limited_until': 1514181501916, u'likes_remaining': 0, u'match': False}
Aww, it's not a match:(
name: Claire, id: 59eee9ad1db3606953a5fbbe
Napping for 0.924666 seconds...
	liking... {u'rate_limited_until': 1514181501916, u'likes_remaining': 0, u'match': False}
Aww, it's not a match:(
name: Lena, id: 58c35ad9f055aa2771afb09f
Napping for 0.241197 seconds...
	liking... {u'rate_limited_until': 1514181501916, u'likes_remaining': 0, u'match': False}
Aww, it's not a match:(
name: AshleyMae, id: 55adfa09d51b4cd85f7d5aa5
Napping for 0.620143 seconds...
	liking... {u'rate_limited_until': 1514181501916, u'likes_remaining': 0, u'match': False}
Aww, it's not a match:(
name: Vivian, id: 52dff760a02b2a963e000660
Napping for 0.527901 seconds...
	liking... {u'rate_limited_until': 1514181501916, u'likes_remaining': 0, u'match': False}
Aww, it's not a match:(
name: Carolyne, id: 5827ad45b1d6fc0f2a53246a
Napping for 0.864116 seconds...
	liking... {u'rate_limited_until': 1514181501916, u'likes_remaining': 0, u'match': False}
Aww, it's not a match:(
name: Sara, id: 53482bfce473a5d90200458f
Napping for 0.287109 seconds...
	liking... {u'rate_limited_until': 1514181501916, u'likes_remaining': 0, u'match': False}
Aww, it's not a match:(
name: Kristie, id: 5a0679e393ab55fb7dc5e7da
Napping for 0.711659 seconds...
	liking... {u'rate_limited_until': 1514181501916, u'likes_remaining': 0, u'match': False}
Aww, it's not a match:(
name: Fanny, id: 55d21dd62a3c3f3e6298d509
Napping for 1.021326 seconds...
	liking... {u'rate_limited_until': 1514181501916, u'likes_remaining': 0, u'match': False}
Aww, it's not a match:(
name: Kt, id: 5a3b5d4ae8ed357d5efacb46
Napping for 1.119764 seconds...
	liking... {u'rate_limited_until': 1514181501916, u'likes_remaining': 0, u'match': False}
Aww, it's not a match:(
name: Mariel, id: 5a2c5d7396f2b8b105c9f89b
Napping for 0.220423 seconds...
	liking... {u'rate_limited_until': 1514181501916, u'likes_remaining': 0, u'match': False}
Aww, it's not a match:(
name: Crystal, id: 59f4dd9f068963936b52122e
Napping for 0.792786 seconds...
	liking... {u'rate_limited_until': 1514181501916, u'likes_remaining': 0, u'match': False}
Aww, it's not a match:(
name: Anaid, id: 5a323edf8c464cb70ff57d2f
Napping for 0.383371 seconds...
	liking... {u'rate_limited_until': 1514181501916, u'likes_remaining': 0, u'match': False}
Aww, it's not a match:(
name: Shruti, id: 58103858d6e56ec943554c14
Napping for 0.764644 seconds...
	liking... {u'rate_limited_until': 1514181501916, u'likes_remaining': 0, u'match': False}
Aww, it's not a match:(
name: Ash, id: 587b55ce81b1d26112099cdf
Napping for 0.897763 seconds...
	liking... {u'rate_limited_until': 1514181501916, u'likes_remaining': 0, u'match': False}
Aww, it's not a match:(
name: Elizabeth, id: 55eb3e0b054e03eb2c673608
Napping for 0.463228 seconds...
	liking... {u'rate_limited_until': 1514181501916, u'likes_remaining': 0, u'match': False}
Aww, it's not a match:(
name: Hedda, id: 58f1521395ca1df3232bec74
Napping for 0.621773 seconds...
	liking... {u'rate_limited_until': 1514181501916, u'likes_remaining': 0, u'match': False}
Aww, it's not a match:(
name: Brooklynn, id: 59c1b658a360601c45c827ef
Napping for 1.045190 seconds...
	liking... {u'rate_limited_until': 1514181501916, u'likes_remaining': 0, u'match': False}
Aww, it's not a match:(
name: Adele, id: 59a9f8a5804b5dcd02d7961b
Napping for 0.565552 seconds...
	liking... {u'rate_limited_until': 1514181501916, u'likes_remaining': 0, u'match': False}
Aww, it's not a match:(
name: Linsey, id: 59bca048aca1dedc0ab6229c
Napping for 1.085049 seconds...
	liking... {u'rate_limited_until': 1514181501916, u'likes_remaining': 0, u'match': False}
Aww, it's not a match:(
name: Chloe, id: 59813f0ab094df0359c1e7e9
('Something went wrong. Could not like:', ConnectionError(ProtocolError('Connection aborted.', BadStatusLine("''",)),))
Napping for 0.637082 seconds...
	liking... None
