You have been successfully authorized!
running main
likes remaining: 100
name: Kendyll, id: 5a40ac8f958bba891e4528e4
Napping for 0.809471 seconds...
	liking... {u'likes_remaining': 100, u'match': False}
Aww, it's not a match:(
name: Mariah, id: 5a4095f49e6f7d69258256fc
Napping for 0.982718 seconds...
	liking... {u'likes_remaining': 100, u'match': {u'common_like_count': 0, u'is_super_like': False, u'common_friend_count': 0, u'is_fast_match': False, u'is_boost_match': False, u'messages': [], u'last_activity_date': u'2017-12-25T19:12:49.776Z', u'dead': False, u'message_count': 0, u'participants': [u'5411d98b8ce312114adedd68', u'5a4095f49e6f7d69258256fc'], u'closed': False, u'created_date': u'2017-12-25T19:12:49.776Z', u'following': True, u'following_moments': True, u'_id': u'5411d98b8ce312114adedd685a4095f49e6f7d69258256fc', u'pending': False}}
It's a match!
{u'status': u'404', u'error': u''}
name: Elyssa, id: 5a322049c42152b3167c0f64
Napping for 0.557741 seconds...
	liking... {u'likes_remaining': 100, u'match': False}
Aww, it's not a match:(
name: AshleyMae, id: 55adfa09d51b4cd85f7d5aa5
Napping for 0.991824 seconds...
	liking... {u'likes_remaining': 100, u'match': {u'common_like_count': 0, u'is_super_like': True, u'common_friend_count': 0, u'is_fast_match': False, u'is_boost_match': False, u'messages': [], u'last_activity_date': u'2017-12-23T16:42:53.693Z', u'dead': False, u'message_count': 0, u'participants': [u'5411d98b8ce312114adedd68', u'55adfa09d51b4cd85f7d5aa5'], u'closed': False, u'created_date': u'2017-12-23T16:42:53.693Z', u'following': True, u'super_liker': u'55adfa09d51b4cd85f7d5aa5', u'following_moments': True, u'_id': u'5411d98b8ce312114adedd6855adfa09d51b4cd85f7d5aa5', u'pending': False}}
It's a match!
{u'status': u'404', u'error': u''}
name: Jessica, id: 58d3b343ef1b5f32115324b5
Napping for 0.941454 seconds...
	liking... {u'likes_remaining': 100, u'match': False}
Aww, it's not a match:(
name: Leslie, id: 58ced8df705df8c21e68943d
Napping for 0.598573 seconds...
	liking... {u'likes_remaining': 100, u'match': False}
Aww, it's not a match:(
name: Kayley, id: 5a3b02401b52a2bd3051a1cf
Napping for 0.809823 seconds...
	liking... {u'likes_remaining': 100, u'match': False}
Aww, it's not a match:(
name: Jhaj Raman, id: 5a2448a1e1b2cbde776959d0
Napping for 1.060684 seconds...
	liking... {u'likes_remaining': 100, u'match': False}
Aww, it's not a match:(
name: Melissa, id: 5a055fdfb56f6be5038aa25b
Napping for 0.611849 seconds...
	liking... {u'likes_remaining': 100, u'match': False}
Aww, it's not a match:(
name: Melissa, id: 5a40d4155920884b1d54cb66
Napping for 0.774586 seconds...
	liking... {u'likes_remaining': 100, u'match': False}
Aww, it's not a match:(
name: Lauren, id: 5452044f2d545c685f3c18fa
Napping for 0.907270 seconds...
	liking... {u'likes_remaining': 100, u'match': False}
Aww, it's not a match:(
name: Victoria, id: 5a405208faabd2bc6179dace
Napping for 1.167094 seconds...
	liking... {u'likes_remaining': 100, u'match': False}
Aww, it's not a match:(
name: AshleyMae, id: 55adfa09d51b4cd85f7d5aa5
Napping for 0.533504 seconds...
	liking... {u'likes_remaining': 100, u'match': {u'common_like_count': 0, u'is_super_like': True, u'common_friend_count': 0, u'is_fast_match': False, u'is_boost_match': False, u'messages': [], u'last_activity_date': u'2017-12-23T16:42:53.693Z', u'dead': False, u'message_count': 0, u'participants': [u'5411d98b8ce312114adedd68', u'55adfa09d51b4cd85f7d5aa5'], u'closed': False, u'created_date': u'2017-12-23T16:42:53.693Z', u'following': True, u'super_liker': u'55adfa09d51b4cd85f7d5aa5', u'following_moments': True, u'_id': u'5411d98b8ce312114adedd6855adfa09d51b4cd85f7d5aa5', u'pending': False}}
It's a match!
{u'status': u'404', u'error': u''}
name: Katy, id: 598ee5631f651143332f6d8f
Napping for 0.971976 seconds...
	liking... {u'likes_remaining': 100, u'match': False}
Aww, it's not a match:(
name: Jennifer, id: 59ca416fc1d4f6947e0a1a58
Napping for 1.174892 seconds...
	liking... {u'likes_remaining': 100, u'match': False}
Aww, it's not a match:(
name: Darlene, id: 589b58bbf7fd4cdc7e82b750
Napping for 0.675750 seconds...
	liking... {u'likes_remaining': 100, u'match': False}
Aww, it's not a match:(
name: Juliann, id: 5a412411702237291d110106
Napping for 0.481003 seconds...
	liking... {u'likes_remaining': 100, u'match': False}
Aww, it's not a match:(
name: Melinda, id: 5270bd6db48818cb750002ea
Napping for 0.921154 seconds...
	liking... {u'likes_remaining': 100, u'match': False}
Aww, it's not a match:(
name: Andrea, id: 56232a342a3975f036070859
Napping for 0.523826 seconds...
	liking... {u'likes_remaining': 100, u'match': False}
Aww, it's not a match:(
name: Nea, id: 59e0c1129219a92a1589c12d
Napping for 0.936957 seconds...
	liking... {u'likes_remaining': 100, u'match': False}
Aww, it's not a match:(
name: Leah, id: 5a2e9d44f1d30c4c0553287d
Napping for 0.210442 seconds...
	liking... {u'likes_remaining': 100, u'match': False}
Aww, it's not a match:(
name: Lauren, id: 5a203e035e5856dc6c71721d
Napping for 0.898781 seconds...
	liking... {u'likes_remaining': 100, u'match': False}
Aww, it's not a match:(
name: Sarah, id: 5a40a12d2eced07167405a85
Napping for 0.578677 seconds...
	liking... {u'likes_remaining': 100, u'match': False}
Aww, it's not a match:(
name: AshleyMae, id: 55adfa09d51b4cd85f7d5aa5
Napping for 0.729749 seconds...
	liking... {u'likes_remaining': 100, u'match': {u'common_like_count': 0, u'is_super_like': True, u'common_friend_count': 0, u'is_fast_match': False, u'is_boost_match': False, u'messages': [], u'last_activity_date': u'2017-12-23T16:42:53.693Z', u'dead': False, u'message_count': 0, u'participants': [u'5411d98b8ce312114adedd68', u'55adfa09d51b4cd85f7d5aa5'], u'closed': False, u'created_date': u'2017-12-23T16:42:53.693Z', u'following': True, u'super_liker': u'55adfa09d51b4cd85f7d5aa5', u'following_moments': True, u'_id': u'5411d98b8ce312114adedd6855adfa09d51b4cd85f7d5aa5', u'pending': False}}
It's a match!
{u'status': u'404', u'error': u''}
name: Michal, id: 5a0b9f59cb0230fd715dec99
Napping for 1.149201 seconds...
	liking... {u'likes_remaining': 100, u'match': False}
Aww, it's not a match:(
name: Miki, id: 588240105a084b632383244d
Napping for 0.589335 seconds...
	liking... {u'likes_remaining': 100, u'match': False}
Aww, it's not a match:(
name: Stephanie, id: 586c707999fd55720b50dfc6
Napping for 1.038116 seconds...
	liking... {u'likes_remaining': 100, u'match': False}
Aww, it's not a match:(
name: Maddie, id: 54741542db54f9863e02805b
Napping for 0.936865 seconds...
	liking... {u'likes_remaining': 100, u'match': False}
Aww, it's not a match:(
name: Ibed, id: 5a3af832281c24a838319435
Napping for 0.506390 seconds...
	liking... {u'likes_remaining': 100, u'match': False}
Aww, it's not a match:(
name: Devan, id: 59868a35c98e32d066cfd482
Napping for 1.088235 seconds...
	liking... {u'likes_remaining': 100, u'match': False}
Aww, it's not a match:(
name: Fadya, id: 5a3dc1a4702237291d0eca9b
Napping for 0.804187 seconds...
	liking... {u'likes_remaining': 100, u'match': False}
Aww, it's not a match:(
name: Renee, id: 5a40557a2788ab671ef26334
Napping for 0.697851 seconds...
	liking... {u'likes_remaining': 100, u'match': False}
Aww, it's not a match:(
name: Kerry, id: 556e1d3c64de01ba0b3eed4d
Napping for 0.847221 seconds...
	liking... {u'likes_remaining': 100, u'match': False}
Aww, it's not a match:(
name: Saarini, id: 5a3dd0e6702237291d0edb73
Napping for 1.125356 seconds...
	liking... {u'likes_remaining': 100, u'match': False}
Aww, it's not a match:(
name: Sabreena, id: 5a3cce95cd4b2ab86ecde694
Napping for 1.083599 seconds...
	liking... {u'likes_remaining': 100, u'match': False}
Aww, it's not a match:(
name: Tanishka, id: 591cf72e135c51442b4bee36
Napping for 0.507119 seconds...
	liking... {u'likes_remaining': 100, u'match': False}
Aww, it's not a match:(
name: Amanda, id: 5a126458f06bd31678570d66
Napping for 1.116961 seconds...
	liking... {u'likes_remaining': 100, u'match': False}
Aww, it's not a match:(
name: AshleyMae, id: 55adfa09d51b4cd85f7d5aa5
Napping for 0.539851 seconds...
	liking... {u'likes_remaining': 100, u'match': {u'common_like_count': 0, u'is_super_like': True, u'common_friend_count': 0, u'is_fast_match': False, u'is_boost_match': False, u'messages': [], u'last_activity_date': u'2017-12-23T16:42:53.693Z', u'dead': False, u'message_count': 0, u'participants': [u'5411d98b8ce312114adedd68', u'55adfa09d51b4cd85f7d5aa5'], u'closed': False, u'created_date': u'2017-12-23T16:42:53.693Z', u'following': True, u'super_liker': u'55adfa09d51b4cd85f7d5aa5', u'following_moments': True, u'_id': u'5411d98b8ce312114adedd6855adfa09d51b4cd85f7d5aa5', u'pending': False}}
It's a match!
{u'status': u'404', u'error': u''}
name: Melissa, id: 5a3c6a701dfa1ae9020f6a0a
Napping for 0.215992 seconds...
	liking... {u'likes_remaining': 100, u'match': False}
Aww, it's not a match:(
name: Alexa, id: 59fe6f23644b6ced5a1b77a0
Napping for 1.141070 seconds...
	liking... {u'likes_remaining': 100, u'match': False}
Aww, it's not a match:(
name: Chrissie, id: 5a334c072f46971c1055cd49
Napping for 0.033618 seconds...
	liking... {u'likes_remaining': 100, u'match': False}
Aww, it's not a match:(
name: Annie, id: 58b0ff260c77a2ba4f8a403b
Napping for 0.637095 seconds...
	liking... {u'likes_remaining': 100, u'match': False}
Aww, it's not a match:(
name: Grace, id: 5a3ace681b52a2bd30519678
Napping for 0.139977 seconds...
	liking... {u'likes_remaining': 100, u'match': False}
Aww, it's not a match:(
name: Priyanka, id: 5a3720df96f2b8b105d23705
Napping for 0.625059 seconds...
	liking... {u'likes_remaining': 100, u'match': False}
Aww, it's not a match:(
