You have been successfully authorized!
running main
likes remaining: 100
name: Jessica, id: 59b5848a005113983c76325a
Napping for 1.153740 seconds...
	liking... {u'likes_remaining': 100, u'match': False}
Aww, it's not a match:(
name: Arleen, id: 58db43e7d3fc67a406bc2fc1
Napping for 0.037948 seconds...
	liking... {u'likes_remaining': 100, u'match': False}
Aww, it's not a match:(
name: Aryssa, id: 5a4899595920884b1d5a839e
Napping for 0.993548 seconds...
	liking... {u'likes_remaining': 100, u'match': False}
Aww, it's not a match:(
name: Gigi, id: 535aed96a56f9b4214009a53
Napping for 0.197944 seconds...
	liking... {u'likes_remaining': 100, u'match': False}
Aww, it's not a match:(
name: Tanha, id: 59f3f57f70af89c40c31fdcd
Napping for 0.299597 seconds...
	liking... {u'likes_remaining': 100, u'match': False}
Aww, it's not a match:(
name: Maggie, id: 5a474a1c958bba891e4ac4dd
Napping for 0.329109 seconds...
	liking... {u'likes_remaining': 100, u'match': False}
Aww, it's not a match:(
name: Marissa, id: 5a3a248d539b43ea3070fc43
Napping for 0.667722 seconds...
	liking... {u'likes_remaining': 100, u'match': False}
Aww, it's not a match:(
name: Jae, id: 53c570239a0db0fe7393963a
Napping for 1.113647 seconds...
	liking... {u'likes_remaining': 100, u'match': False}
Aww, it's not a match:(
name: Bomi, id: 59f12fb7bf6f36537dec3f9e
Napping for 0.473547 seconds...
	liking... {u'likes_remaining': 100, u'match': False}
Aww, it's not a match:(
name: Jossie, id: 5a05153b9ff213da03e75ef7
Napping for 0.669853 seconds...
	liking... {u'likes_remaining': 100, u'match': False}
Aww, it's not a match:(
name: Shawnna, id: 57611daca345035a1be1052f
Napping for 0.031676 seconds...
	liking... {u'likes_remaining': 100, u'match': False}
Aww, it's not a match:(
name: Annabelle, id: 5a409d865920884b1d54ac42
Napping for 1.198121 seconds...
	liking... {u'likes_remaining': 100, u'match': False}
Aww, it's not a match:(
name: Audra, id: 5a47ff4736e65f961d556c1a
Napping for 0.762498 seconds...
	liking... {u'likes_remaining': 100, u'match': False}
Aww, it's not a match:(
name: Ashley, id: 59c89a099e960d903d05552f
Napping for 0.000970 seconds...
	liking... {u'likes_remaining': 100, u'match': False}
Aww, it's not a match:(
name: Jocelyn, id: 5a4463e756899e2525a217bd
Napping for 1.147750 seconds...
	liking... {u'likes_remaining': 100, u'match': False}
Aww, it's not a match:(
name: Gabriella, id: 541638a8a1ea5add4cf493c8
Napping for 0.285675 seconds...
	liking... {u'likes_remaining': 100, u'match': False}
Aww, it's not a match:(
name: Andrea, id: 5a455f0cfaabd2bc617d22b7
Napping for 0.542130 seconds...
	liking... {u'likes_remaining': 100, u'match': False}
Aww, it's not a match:(
name: Grace, id: 5a485cc6e8dc17aa1ea07f93
Napping for 0.058207 seconds...
	liking... {u'likes_remaining': 100, u'match': False}
Aww, it's not a match:(
name: Andrea, id: 5949ae0a951a29ea63f43ca6
Napping for 0.050813 seconds...
	liking... {u'likes_remaining': 100, u'match': False}
Aww, it's not a match:(
name: S, id: 59a0040f81d558ec0797fcc6
Napping for 0.237618 seconds...
	liking... {u'likes_remaining': 100, u'match': False}
Aww, it's not a match:(
name: Marielle, id: 5a4883a82eced0716746d6c8
Napping for 0.125845 seconds...
	liking... {u'likes_remaining': 100, u'match': False}
Aww, it's not a match:(
name: Haley, id: 579a6c0dccdac294268f5a17
Napping for 0.752157 seconds...
	liking... {u'likes_remaining': 100, u'match': False}
Aww, it's not a match:(
name: Angel, id: 564aa3b7ca0726062140b230
Napping for 0.468292 seconds...
	liking... {u'likes_remaining': 100, u'match': False}
Aww, it's not a match:(
name: Claire, id: 598e8154ab738d6533488692
Napping for 0.309390 seconds...
	liking... {u'likes_remaining': 100, u'match': False}
Aww, it's not a match:(
name: Arianna, id: 5a3a0d29bdd79bec25c1bf98
Napping for 0.971609 seconds...
	liking... {u'likes_remaining': 100, u'match': False}
Aww, it's not a match:(
name: Jackelynne, id: 58a3fc3548c5906c2e412d7f
Napping for 1.139871 seconds...
	liking... {u'likes_remaining': 100, u'match': False}
Aww, it's not a match:(
name: Thao, id: 53ad3ef0b979245a78696857
Napping for 0.035016 seconds...
	liking... {u'likes_remaining': 100, u'match': False}
Aww, it's not a match:(
name: Sunny, id: 54acdf0e84ae567a150a1c2f
Napping for 0.071538 seconds...
	liking... {u'likes_remaining': 100, u'match': False}
Aww, it's not a match:(
name: Jasmin, id: 59fd21ce9d231d675435742a
Napping for 0.571013 seconds...
	liking... {u'likes_remaining': 100, u'match': False}
Aww, it's not a match:(
name: Sophia, id: 58c1b7a635afe6d079fdbb85
Napping for 0.438151 seconds...
	liking... {u'likes_remaining': 100, u'match': False}
Aww, it's not a match:(
name: Sharissa, id: 5a45aa0398f95f50125f106d
Napping for 0.722366 seconds...
	liking... {u'likes_remaining': 100, u'match': False}
Aww, it's not a match:(
name: Audrey, id: 59f75a3a454f3b990c20b8d4
Napping for 0.096006 seconds...
	liking... {u'likes_remaining': 100, u'match': False}
Aww, it's not a match:(
name: Yvonne, id: 5a0d5af82f1d4d497137891d
Napping for 0.791883 seconds...
	liking... {u'likes_remaining': 100, u'match': False}
Aww, it's not a match:(
name: Cat, id: 59e4c293f5eb27633496d5ef
Napping for 0.337082 seconds...
	liking... {u'likes_remaining': 100, u'match': False}
Aww, it's not a match:(
name: Jennifer, id: 5a4433272788ab671ef558a5
Napping for 0.709166 seconds...
	liking... {u'likes_remaining': 100, u'match': False}
Aww, it's not a match:(
name: Farzana, id: 58eb0fecc9bb156c1db7b4e9
Napping for 0.985713 seconds...
	liking... {u'likes_remaining': 100, u'match': False}
Aww, it's not a match:(
name: Sanjana, id: 59bed1d1aca1dedc0ab7ded4
Napping for 1.082075 seconds...
	liking... {u'likes_remaining': 100, u'match': False}
Aww, it's not a match:(
name: Jia, id: 5a48962a2eced0716746eb5c
Napping for 0.312371 seconds...
	liking... {u'likes_remaining': 100, u'match': False}
Aww, it's not a match:(
name: Tiffany, id: 591fbb83d72df30e4904cdb1
Napping for 1.061289 seconds...
	liking... {u'likes_remaining': 100, u'match': False}
Aww, it's not a match:(
name: Ananta, id: 568508445e916d6824688ac1
Napping for 0.694143 seconds...
	liking... {u'likes_remaining': 100, u'match': False}
Aww, it's not a match:(
name: Salina, id: 5a48123636e65f961d55844c
Napping for 0.296571 seconds...
	liking... {u'likes_remaining': 100, u'match': False}
Aww, it's not a match:(
name: Rhea, id: 52d74fd439765a8a01000792
Napping for 1.144128 seconds...
	liking... {u'likes_remaining': 100, u'match': False}
Aww, it's not a match:(
name: Shreya, id: 5a1c876839ed1f6169be5828
Napping for 0.321023 seconds...
	liking... {u'likes_remaining': 100, u'match': False}
Aww, it's not a match:(
name: Shwetha, id: 5a0d29c380ba23df71618807
Napping for 0.685406 seconds...
	liking... {u'likes_remaining': 100, u'match': False}
Aww, it's not a match:(
name: Ranya, id: 5680bc91342d8d863c7c291d
Napping for 0.547409 seconds...
	liking... {u'likes_remaining': 100, u'match': False}
Aww, it's not a match:(
name: Abby, id: 570f0ce9804662a114834455
Napping for 0.572289 seconds...
	liking... {u'likes_remaining': 100, u'match': False}
Aww, it's not a match:(
name: Jazmine, id: 562eb0edf4bcfcf75c60221a
Napping for 0.270030 seconds...
	liking... {u'likes_remaining': 100, u'match': False}
Aww, it's not a match:(
name: Ha Vy, id: 5a39f854bdd79bec25c1b1d3
Napping for 0.432639 seconds...
	liking... {u'likes_remaining': 100, u'match': False}
Aww, it's not a match:(
name: Selena, id: 5a48677ae8dc17aa1ea08dca
Napping for 0.326127 seconds...
	liking... {u'likes_remaining': 100, u'match': False}
Aww, it's not a match:(
name: Aunsiripar, id: 5a2f0f8cf75486d90fd45ade
Napping for 0.369862 seconds...
	liking... {u'likes_remaining': 100, u'match': False}
Aww, it's not a match:(
name: Anissa, id: 580c2022f2768fa97629ad0e
Napping for 0.281982 seconds...
	liking... {u'likes_remaining': 100, u'match': False}
Aww, it's not a match:(
name: Aidan, id: 59bf2c9da360601c45c628f2
Napping for 0.103008 seconds...
	liking... {u'likes_remaining': 100, u'match': False}
Aww, it's not a match:(
name: Xi Jia, id: 58a64cb5c7bbf44c307e0e28
Napping for 0.319412 seconds...
	liking... {u'likes_remaining': 100, u'match': False}
Aww, it's not a match:(
name: Alice, id: 5a430ba2aa9e1a4725d269ab
Napping for 0.092930 seconds...
	liking... {u'likes_remaining': 100, u'match': False}
Aww, it's not a match:(
name: Athena, id: 55c4c3d7ea1844a619f1b9b2
Napping for 0.392141 seconds...
	liking... {u'likes_remaining': 100, u'match': False}
Aww, it's not a match:(
name: Natalie, id: 52b7eab56b0b02d77500009d
Napping for 0.069253 seconds...
	liking... {u'likes_remaining': 100, u'match': False}
Aww, it's not a match:(
name: Megha, id: 56bfda773db5cdd36c4166c5
Napping for 0.787910 seconds...
	liking... {u'likes_remaining': 100, u'match': False}
Aww, it's not a match:(
name: Zoe, id: 5a1e50a6d31b3759633d4eeb
Napping for 1.099811 seconds...
	liking... {u'likes_remaining': 100, u'match': False}
Aww, it's not a match:(
name: Marina, id: 59d1ae5597e6a68f5cb5658b
Napping for 1.097403 seconds...
	liking... {u'likes_remaining': 100, u'match': False}
Aww, it's not a match:(
name: Jie, id: 5812a44a9c6413a241eb4cc8
Napping for 0.516209 seconds...
	liking... {u'likes_remaining': 100, u'match': False}
Aww, it's not a match:(
name: Becky, id: 5a4871c8b86023b512816b54
Napping for 0.352774 seconds...
	liking... {u'likes_remaining': 100, u'match': False}
Aww, it's not a match:(
name: Jocelyn, id: 5a4829882eced071674680e6
Napping for 0.510549 seconds...
	liking... {u'likes_remaining': 100, u'match': False}
Aww, it's not a match:(
name: Laila, id: 54f2b28d869a31176903f92e
Napping for 0.360307 seconds...
	liking... {u'likes_remaining': 100, u'match': False}
Aww, it's not a match:(
name: Patricia, id: 5647cadb57a769412cf4e658
Napping for 0.814867 seconds...
	liking... {u'likes_remaining': 100, u'match': False}
Aww, it's not a match:(
name: Itxel, id: 5878d0962552877e4eb55047
Napping for 1.138432 seconds...
	liking... {u'likes_remaining': 100, u'match': False}
Aww, it's not a match:(
name: Camilla, id: 5a486e76702237291d15c338
Napping for 1.020461 seconds...
	liking... {u'likes_remaining': 100, u'match': False}
Aww, it's not a match:(
name: Christina, id: 5a2c6031f562e7fb0f433955
Napping for 0.905426 seconds...
	liking... {u'likes_remaining': 100, u'match': False}
Aww, it's not a match:(
name: Mae, id: 59ed4512007f1531243068a1
Napping for 0.929605 seconds...
	liking... {u'likes_remaining': 100, u'match': False}
Aww, it's not a match:(
name: Claire, id: 5a43f5122788ab671ef51ab1
Napping for 0.915663 seconds...
	liking... {u'likes_remaining': 100, u'match': False}
Aww, it's not a match:(
name: Sonia, id: 530166d5c89a70031d0005d0
Napping for 0.205029 seconds...
	liking... {u'likes_remaining': 100, u'match': False}
Aww, it's not a match:(
name: Risha, id: 5a35cfe08c464cb70ff7a088
Napping for 0.785476 seconds...
	liking... {u'likes_remaining': 100, u'match': False}
Aww, it's not a match:(
name: Mia, id: 5a46d72f199b629412debfd1
Napping for 0.964767 seconds...
	liking... {u'likes_remaining': 100, u'match': False}
Aww, it's not a match:(
name: Yifan, id: 5a45d157199b629412ddecf9
Napping for 0.723502 seconds...
	liking... {u'likes_remaining': 100, u'match': False}
Aww, it's not a match:(
name: Alexa, id: 514e7e2ed3a37f5c210001de
Napping for 0.182006 seconds...
	liking... {u'likes_remaining': 100, u'match': False}
Aww, it's not a match:(
name: Sarah, id: 53714f1433ec04e3030048a1
Napping for 0.198243 seconds...
	liking... {u'likes_remaining': 100, u'match': False}
Aww, it's not a match:(
name: Robin, id: 53671e003f43fe38030074d9
Napping for 0.254335 seconds...
	liking... {u'likes_remaining': 100, u'match': False}
Aww, it's not a match:(
name: Erica, id: 57d461dec913400c49d762ea
Napping for 1.150777 seconds...
	liking... {u'likes_remaining': 100, u'match': False}
Aww, it's not a match:(
name: Erica, id: 563135a82fec9a007fc58df1
Napping for 0.352207 seconds...
	liking... {u'likes_remaining': 100, u'match': False}
Aww, it's not a match:(
name: Amy, id: 5a45dc8298f95f50125f217e
Napping for 1.141774 seconds...
	liking... {u'likes_remaining': 100, u'match': False}
Aww, it's not a match:(
name: Vicky, id: 5a4770a6199b629412df358d
Napping for 0.611081 seconds...
	liking... {u'likes_remaining': 100, u'match': False}
Aww, it's not a match:(
name: Francesca, id: 57a42491f1dd568907021fe4
Napping for 0.405854 seconds...
	liking... {u'likes_remaining': 100, u'match': False}
Aww, it's not a match:(
name: Brianna, id: 57f82d4c9507007b0a0a3935
Napping for 0.944010 seconds...
	liking... {u'likes_remaining': 100, u'match': False}
Aww, it's not a match:(
name: Angelena, id: 59647e53949b465a61cba272
Napping for 0.989211 seconds...
	liking... {u'likes_remaining': 100, u'match': False}
Aww, it's not a match:(
name: Jessica, id: 55d73f7bf875bec72bc2e8c2
Napping for 0.602497 seconds...
	liking... {u'likes_remaining': 100, u'match': False}
Aww, it's not a match:(
name: Kimmy, id: 59a79db0ab1ae9a01f525ca9
Napping for 0.833867 seconds...
	liking... {u'likes_remaining': 100, u'match': False}
Aww, it's not a match:(
name: Shannon, id: 5808520a439664b3506598f8
Napping for 1.029772 seconds...
	liking... {u'likes_remaining': 100, u'match': False}
Aww, it's not a match:(
name: Rachel, id: 59cecab897e6a68f5cb30eef
Napping for 0.066438 seconds...
	liking... {u'likes_remaining': 100, u'match': False}
Aww, it's not a match:(
name: Jojo, id: 588432858208094e034883d8
Napping for 0.001226 seconds...
	liking... {u'likes_remaining': 100, u'match': False}
Aww, it's not a match:(
name: Naomi, id: 5927e98d8a37a2e55ee5bbbb
Napping for 0.413136 seconds...
	liking... {u'likes_remaining': 100, u'match': False}
Aww, it's not a match:(
name: Karen, id: 5417d14fbc9853094acd6377
Napping for 0.192823 seconds...
	liking... {u'likes_remaining': 100, u'match': False}
Aww, it's not a match:(
name: Hailey, id: 543ef482219549453d1e608b
Napping for 0.222725 seconds...
	liking... {u'likes_remaining': 100, u'match': False}
Aww, it's not a match:(
name: Melanie, id: 5a46ba71199b629412deaa45
Napping for 0.878871 seconds...
	liking... {u'likes_remaining': 100, u'match': False}
Aww, it's not a match:(
name: Katya, id: 5a3c18273b1a3e9257d64b98
Napping for 0.941873 seconds...
	liking... {u'likes_remaining': 100, u'match': False}
Aww, it's not a match:(
name: Colleen, id: 55b579a7e2e2661e4fe8f06b
Napping for 0.425292 seconds...
	liking... {u'likes_remaining': 100, u'match': False}
Aww, it's not a match:(
name: Valerie, id: 54d9726acabd3be4487046c4
Napping for 0.685048 seconds...
	liking... {u'likes_remaining': 100, u'match': False}
Aww, it's not a match:(
name: Kishoree, id: 5a4860142788ab671ef82b6d
Napping for 0.029083 seconds...
	liking... {u'likes_remaining': 100, u'match': False}
Aww, it's not a match:(
name: Ann, id: 59cdd97b411f8bad25842e4b
Napping for 0.894311 seconds...
	liking... {u'likes_remaining': 100, u'match': False}
Aww, it's not a match:(
name: Komal, id: 59b995185df5efaf0a34baa7
Napping for 0.720537 seconds...
	liking... {u'likes_remaining': 100, u'match': False}
Aww, it's not a match:(
name: Gesi, id: 5a45ffe5b86023b5127fcf43
Napping for 0.009260 seconds...
	liking... {u'likes_remaining': 100, u'match': False}
Aww, it's not a match:(
name: Kate, id: 59dd672d2fd8f5eb33b57f5d
Napping for 1.065104 seconds...
	liking... {u'rate_limited_until': 1514783281286, u'likes_remaining': 0, u'match': False}
Aww, it's not a match:(
name: Mele Folau, id: 58ffff1b118f3b5f60f8f1f9
Napping for 0.938757 seconds...
	liking... {u'rate_limited_until': 1514783281286, u'likes_remaining': 0, u'match': False}
Aww, it's not a match:(
name: Joy, id: 54215e6fde3a987a79d12dec
Napping for 0.044783 seconds...
	liking... {u'rate_limited_until': 1514783281286, u'likes_remaining': 0, u'match': False}
Aww, it's not a match:(
name: Helena, id: 5a460ceb199b629412de08be
Napping for 1.151617 seconds...
	liking... {u'rate_limited_until': 1514783281286, u'likes_remaining': 0, u'match': False}
Aww, it's not a match:(
name: Catherine, id: 57154120fd89b710119525a9
Napping for 0.339341 seconds...
	liking... {u'rate_limited_until': 1514783281286, u'likes_remaining': 0, u'match': False}
Aww, it's not a match:(
name: Riya, id: 5a140a9f984ed5f70b270965
Napping for 0.307170 seconds...
	liking... {u'rate_limited_until': 1514783281286, u'likes_remaining': 0, u'match': False}
Aww, it's not a match:(
name: Julie, id: 5a43c232702237291d12e3ef
Napping for 0.589834 seconds...
	liking... {u'rate_limited_until': 1514783281286, u'likes_remaining': 0, u'match': False}
Aww, it's not a match:(
name: Margot, id: 53a2740b74c1188505118d2c
Napping for 0.100207 seconds...
	liking... {u'rate_limited_until': 1514783281286, u'likes_remaining': 0, u'match': False}
Aww, it's not a match:(
name: Carla, id: 5a2677b67a77a8d703066fd2
Napping for 0.583638 seconds...
	liking... {u'rate_limited_until': 1514783281286, u'likes_remaining': 0, u'match': False}
Aww, it's not a match:(
name: Joselyn, id: 5568fcca7cba298e5979ab20
Napping for 0.148000 seconds...
	liking... {u'rate_limited_until': 1514783281286, u'likes_remaining': 0, u'match': False}
Aww, it's not a match:(
name: Victoria, id: 5a2620b3e1b2cbde776aea0c
Napping for 0.449601 seconds...
	liking... {u'rate_limited_until': 1514783281286, u'likes_remaining': 0, u'match': False}
Aww, it's not a match:(
name: Sami, id: 5458458387150e4403507a88
Napping for 0.252666 seconds...
	liking... {u'rate_limited_until': 1514783281286, u'likes_remaining': 0, u'match': False}
Aww, it's not a match:(
name: Jackiee, id: 5a48838e702237291d15ddda
Napping for 0.720716 seconds...
	liking... {u'rate_limited_until': 1514783281286, u'likes_remaining': 0, u'match': False}
Aww, it's not a match:(
name: Viri, id: 5a449decb86023b5127e7cd4
Napping for 0.105645 seconds...
	liking... {u'rate_limited_until': 1514783281286, u'likes_remaining': 0, u'match': False}
Aww, it's not a match:(
name: Celi, id: 5a2cb346c32aba580da922e0
Napping for 0.350856 seconds...
	liking... {u'rate_limited_until': 1514783281286, u'likes_remaining': 0, u'match': False}
Aww, it's not a match:(
name: Crystal, id: 59c20bd90e8758f74413c326
Napping for 0.459233 seconds...
	liking... {u'rate_limited_until': 1514783281286, u'likes_remaining': 0, u'match': False}
Aww, it's not a match:(
name: Samantha, id: 5a4874b22eced0716746cc86
Napping for 0.281650 seconds...
	liking... {u'rate_limited_until': 1514783281286, u'likes_remaining': 0, u'match': False}
Aww, it's not a match:(
name: Julia, id: 565fcbdece49e09b150528dd
Napping for 1.161783 seconds...
	liking... {u'rate_limited_until': 1514783281286, u'likes_remaining': 0, u'match': False}
Aww, it's not a match:(
name: Katy, id: 59c4a2d380d0c22136c9d402
Napping for 0.780317 seconds...
	liking... {u'rate_limited_until': 1514783281286, u'likes_remaining': 0, u'match': False}
Aww, it's not a match:(
name: Jena, id: 5429f449cd9ecbe448c23a95
Napping for 0.253042 seconds...
	liking... {u'rate_limited_until': 1514783281286, u'likes_remaining': 0, u'match': False}
Aww, it's not a match:(
name: Jasmine, id: 580543dfc6ad6f9c7f761746
Napping for 0.718979 seconds...
	liking... {u'rate_limited_until': 1514783281286, u'likes_remaining': 0, u'match': False}
Aww, it's not a match:(
name: Katie, id: 5a2b75c1c42152b31677d5ac
Napping for 0.130696 seconds...
	liking... {u'rate_limited_until': 1514783281286, u'likes_remaining': 0, u'match': False}
Aww, it's not a match:(
name: Leah, id: 596a5db6608f375f5e30be22
Napping for 0.542518 seconds...
	liking... {u'rate_limited_until': 1514783281286, u'likes_remaining': 0, u'match': False}
Aww, it's not a match:(
name: Nina, id: 53221774b6ebe446490070d9
Napping for 0.707073 seconds...
	liking... {u'rate_limited_until': 1514783281286, u'likes_remaining': 0, u'match': False}
Aww, it's not a match:(
name: Ariana, id: 540ddfc81702947427faf126
Napping for 0.750402 seconds...
	liking... {u'rate_limited_until': 1514783281286, u'likes_remaining': 0, u'match': False}
Aww, it's not a match:(
name: Natasha, id: 522ab46e0fc4bea427000101
Napping for 1.116550 seconds...
	liking... {u'rate_limited_until': 1514783281286, u'likes_remaining': 0, u'match': False}
Aww, it's not a match:(
name: Kim, id: 59f6cb632887e49e0c515ce9
Napping for 0.527174 seconds...
	liking... {u'rate_limited_until': 1514783281286, u'likes_remaining': 0, u'match': False}
Aww, it's not a match:(
name: Isabella, id: 5a1d7f306dce70a963ecda56
Napping for 0.267399 seconds...
	liking... {u'rate_limited_until': 1514783281286, u'likes_remaining': 0, u'match': False}
Aww, it's not a match:(
name: Jennifer, id: 5a4724432eced0716745b956
Napping for 0.140926 seconds...
	liking... {u'rate_limited_until': 1514783281286, u'likes_remaining': 0, u'match': False}
Aww, it's not a match:(
name: Aimee, id: 56cfb9c611efebf12bac862b
Napping for 0.092134 seconds...
	liking... {u'rate_limited_until': 1514783281286, u'likes_remaining': 0, u'match': False}
Aww, it's not a match:(
name: Ugochi, id: 585a3fdc74c01be3297e12bb
Napping for 0.056886 seconds...
	liking... {u'rate_limited_until': 1514783281286, u'likes_remaining': 0, u'match': False}
Aww, it's not a match:(
name: Britta, id: 5650c62f5c27e5e02ff259f3
Napping for 0.256473 seconds...
	liking... {u'rate_limited_until': 1514783281286, u'likes_remaining': 0, u'match': False}
Aww, it's not a match:(
name: Nicole, id: 54dc4ace4adeea1469f3cf65
Napping for 0.834296 seconds...
	liking... {u'rate_limited_until': 1514783281286, u'likes_remaining': 0, u'match': False}
Aww, it's not a match:(
name: Sable, id: 59e480221859d3de3453e726
Napping for 0.629942 seconds...
	liking... {u'rate_limited_until': 1514783281286, u'likes_remaining': 0, u'match': False}
Aww, it's not a match:(
name: Angela, id: 568472d15bbe84406101f48a
Napping for 0.796224 seconds...
	liking... {u'rate_limited_until': 1514783281286, u'likes_remaining': 0, u'match': False}
Aww, it's not a match:(
name: Aakanksha, id: 547e4db95ad2092f3879a6cc
Napping for 0.926656 seconds...
	liking... {u'rate_limited_until': 1514783281286, u'likes_remaining': 0, u'match': False}
Aww, it's not a match:(
name: Daniela, id: 598926cbea21b37013412c45
Napping for 0.405126 seconds...
	liking... {u'rate_limited_until': 1514783281286, u'likes_remaining': 0, u'match': False}
Aww, it's not a match:(
name: Cami, id: 55a0a8797398122b2d8554d5
Napping for 0.380500 seconds...
	liking... {u'rate_limited_until': 1514783281286, u'likes_remaining': 0, u'match': False}
Aww, it's not a match:(
name: Jenny, id: 5a3b026b0f25f3fc31af8da7
Napping for 0.704744 seconds...
	liking... {u'rate_limited_until': 1514783281286, u'likes_remaining': 0, u'match': False}
Aww, it's not a match:(
name: Diane, id: 549b9fcc6485214e3d01f904
Napping for 0.151154 seconds...
	liking... {u'rate_limited_until': 1514783281286, u'likes_remaining': 0, u'match': False}
Aww, it's not a match:(
name: Darcy, id: 570df7b4fae7862e0d447a58
Napping for 0.827456 seconds...
	liking... {u'rate_limited_until': 1514783281286, u'likes_remaining': 0, u'match': False}
Aww, it's not a match:(
name: Megan, id: 5a1f93f2082828936f48bca4
Napping for 0.609276 seconds...
	liking... {u'rate_limited_until': 1514783281286, u'likes_remaining': 0, u'match': False}
Aww, it's not a match:(
name: Maria, id: 59a107f8ab1ae9a01f4d3e05
Napping for 0.624093 seconds...
	liking... {u'rate_limited_until': 1514783281286, u'likes_remaining': 0, u'match': False}
Aww, it's not a match:(
name: Lolita, id: 5a47d34fe8dc17aa1e9fdd3c
Napping for 0.582074 seconds...
	liking... {u'rate_limited_until': 1514783281286, u'likes_remaining': 0, u'match': False}
Aww, it's not a match:(
name: Tachelle, id: 5a233597cb7bfebd77045796
Napping for 0.003230 seconds...
	liking... {u'rate_limited_until': 1514783281286, u'likes_remaining': 0, u'match': False}
Aww, it's not a match:(
name: Danielle, id: 51b69fb097d443010500251c
Napping for 0.322657 seconds...
	liking... {u'rate_limited_until': 1514783281286, u'likes_remaining': 0, u'match': False}
Aww, it's not a match:(
name: Sarah, id: 5a47b35798f95f5012601df9
Napping for 0.774976 seconds...
	liking... {u'rate_limited_until': 1514783281286, u'likes_remaining': 0, u'match': False}
Aww, it's not a match:(
name: Lex, id: 59eaffa0021ee7b5248ce840
Napping for 0.408406 seconds...
	liking... {u'rate_limited_until': 1514783281286, u'likes_remaining': 0, u'match': False}
Aww, it's not a match:(
name: Jessica, id: 5a395b8639ca29937f491e24
Napping for 0.731160 seconds...
	liking... {u'rate_limited_until': 1514783281286, u'likes_remaining': 0, u'match': False}
Aww, it's not a match:(
name: Deacy, id: 5a08fc57df6ea5060545b599
Napping for 0.734693 seconds...
	liking... {u'rate_limited_until': 1514783281286, u'likes_remaining': 0, u'match': False}
Aww, it's not a match:(
name: Chris, id: 59ac9aac804b5dcd02d98095
Napping for 0.441471 seconds...
	liking... {u'rate_limited_until': 1514783281286, u'likes_remaining': 0, u'match': False}
Aww, it's not a match:(
name: Mary, id: 58f9cfbdcab19f77600d9ef0
Napping for 0.795557 seconds...
	liking... {u'rate_limited_until': 1514783281286, u'likes_remaining': 0, u'match': False}
Aww, it's not a match:(
name: Meg, id: 5879486b4dea2bf73efce96e
Napping for 0.240693 seconds...
	liking... {u'rate_limited_until': 1514783281286, u'likes_remaining': 0, u'match': False}
Aww, it's not a match:(
name: Ana, id: 59f78618f07ecb7e0cea5039
Napping for 0.562386 seconds...
	liking... {u'rate_limited_until': 1514783281286, u'likes_remaining': 0, u'match': False}
Aww, it's not a match:(
name: Shelly Wu, id: 5a373096e4953290059771b1
Napping for 0.948149 seconds...
	liking... {u'rate_limited_until': 1514783281286, u'likes_remaining': 0, u'match': False}
Aww, it's not a match:(
name: Christine, id: 51b1618520a2de053600117b
Napping for 0.261384 seconds...
	liking... {u'rate_limited_until': 1514783281286, u'likes_remaining': 0, u'match': False}
Aww, it's not a match:(
name: Priya, id: 598d30c07d9440be58539c65
Napping for 0.229889 seconds...
	liking... {u'rate_limited_until': 1514783281286, u'likes_remaining': 0, u'match': False}
Aww, it's not a match:(
name: Remi, id: 5a44ae65199b629412dd46cb
Napping for 0.693459 seconds...
	liking... {u'rate_limited_until': 1514783281286, u'likes_remaining': 0, u'match': False}
Aww, it's not a match:(
name: Miriam, id: 59b0d7405919e6ff4feecde7
Napping for 0.594028 seconds...
	liking... {u'rate_limited_until': 1514783281286, u'likes_remaining': 0, u'match': False}
Aww, it's not a match:(
name: Gurleena, id: 5a46c582199b629412deb2e5
Napping for 0.127741 seconds...
	liking... {u'rate_limited_until': 1514783281286, u'likes_remaining': 0, u'match': False}
Aww, it's not a match:(
name: Dionna, id: 57ac051fc02fb9880a7bba21
Napping for 0.962599 seconds...
	liking... {u'rate_limited_until': 1514783281286, u'likes_remaining': 0, u'match': False}
Aww, it's not a match:(
name: Nikita, id: 58ddcfbe0d90031d3d03b8d9
Napping for 0.817347 seconds...
	liking... {u'rate_limited_until': 1514783281286, u'likes_remaining': 0, u'match': False}
Aww, it's not a match:(
name: June, id: 5a45ea99b86023b5127fb1dc
Napping for 0.215174 seconds...
	liking... {u'rate_limited_until': 1514783281286, u'likes_remaining': 0, u'match': False}
Aww, it's not a match:(
name: Kira, id: 59d30f1f928a7e58701f9d60
Napping for 0.128853 seconds...
	liking... {u'rate_limited_until': 1514783281286, u'likes_remaining': 0, u'match': False}
Aww, it's not a match:(
name: Sophia, id: 585381bf0c3d56b741e96bd4
Napping for 0.946799 seconds...
	liking... {u'rate_limited_until': 1514783281286, u'likes_remaining': 0, u'match': False}
Aww, it's not a match:(
name: Alondra, id: 5a2bb6e3c32aba580da8825b
Napping for 0.713986 seconds...
	liking... {u'rate_limited_until': 1514783281286, u'likes_remaining': 0, u'match': False}
Aww, it's not a match:(
name: Jenna, id: 55f72a7139665c5e4c4fbee0
Napping for 0.560817 seconds...
	liking... {u'rate_limited_until': 1514783281286, u'likes_remaining': 0, u'match': False}
Aww, it's not a match:(
name: Slyn, id: 57aaa193518989095a98f3e3
Napping for 0.684825 seconds...
	liking... {u'rate_limited_until': 1514783281286, u'likes_remaining': 0, u'match': False}
Aww, it's not a match:(
name: Rochelle, id: 563af64958837a6e5c106e1a
Napping for 0.468409 seconds...
	liking... {u'rate_limited_until': 1514783281286, u'likes_remaining': 0, u'match': False}
Aww, it's not a match:(
name: Savannah, id: 53c59a019e8e3d146c4906d4
Napping for 0.755878 seconds...
	liking... {u'rate_limited_until': 1514783281286, u'likes_remaining': 0, u'match': False}
Aww, it's not a match:(
name: Isabel, id: 5771f33e808d22145e9d235f
Napping for 0.715508 seconds...
	liking... {u'rate_limited_until': 1514783281286, u'likes_remaining': 0, u'match': False}
Aww, it's not a match:(
name: Jess, id: 5397f272426125b115e50a62
Napping for 0.924071 seconds...
	liking... {u'rate_limited_until': 1514783281286, u'likes_remaining': 0, u'match': False}
Aww, it's not a match:(
name: Lexi, id: 53177ea1c088c4933600002c
Napping for 0.037678 seconds...
	liking... {u'rate_limited_until': 1514783281286, u'likes_remaining': 0, u'match': False}
Aww, it's not a match:(
name: Katie, id: 5395475b8b8b33207bd8c8b7
Napping for 1.142756 seconds...
	liking... {u'rate_limited_until': 1514783281286, u'likes_remaining': 0, u'match': False}
Aww, it's not a match:(
name: Jessica, id: 59d5d4f33d7d94801c3bc0e7
Napping for 0.678571 seconds...
	liking... {u'rate_limited_until': 1514783281286, u'likes_remaining': 0, u'match': False}
Aww, it's not a match:(
name: AgenaMarie, id: 5a43ebed958bba891e47d460
Napping for 0.964882 seconds...
	liking... {u'rate_limited_until': 1514783281286, u'likes_remaining': 0, u'match': False}
Aww, it's not a match:(
name: Tianhan, id: 57783eb76fc56b34121953bf
Napping for 0.626227 seconds...
	liking... {u'rate_limited_until': 1514783281286, u'likes_remaining': 0, u'match': False}
Aww, it's not a match:(
name: Hannah, id: 58423aff21398d0664515de5
Napping for 0.981083 seconds...
	liking... {u'rate_limited_until': 1514783281286, u'likes_remaining': 0, u'match': False}
Aww, it's not a match:(
name: Bratty, id: 5a44b8d05f165d7212382dd6
Napping for 0.039112 seconds...
	liking... {u'rate_limited_until': 1514783281286, u'likes_remaining': 0, u'match': False}
Aww, it's not a match:(
name: Brieanna, id: 59d701926830afb7267d33b3
Napping for 0.393322 seconds...
	liking... {u'rate_limited_until': 1514783281286, u'likes_remaining': 0, u'match': False}
Aww, it's not a match:(
name: Sarah, id: 52f7045386e3c58511000ec8
Napping for 0.437014 seconds...
	liking... {u'rate_limited_until': 1514783281286, u'likes_remaining': 0, u'match': False}
Aww, it's not a match:(
name: Gabby, id: 5678c84e1599a273255be1ab
Napping for 0.830745 seconds...
	liking... {u'rate_limited_until': 1514783281286, u'likes_remaining': 0, u'match': False}
Aww, it's not a match:(
name: Ashwarya, id: 59683781880352573448c5c3
Napping for 1.019988 seconds...
	liking... {u'rate_limited_until': 1514783281286, u'likes_remaining': 0, u'match': False}
Aww, it's not a match:(
name: Cindy, id: 5734b95743aa684e0bb900f3
Napping for 0.262082 seconds...
	liking... {u'rate_limited_until': 1514783281286, u'likes_remaining': 0, u'match': False}
Aww, it's not a match:(
name: Gisela, id: 5890458273564ae27e854bbd
Napping for 0.078090 seconds...
	liking... {u'rate_limited_until': 1514783281286, u'likes_remaining': 0, u'match': False}
Aww, it's not a match:(
name: Nereida, id: 5a442fbe5f165d721237c08e
Napping for 0.291838 seconds...
	liking... {u'rate_limited_until': 1514783281286, u'likes_remaining': 0, u'match': False}
Aww, it's not a match:(
name: Esmeralda, id: 5a3c26a891a7c8b976144dbb
Napping for 0.495684 seconds...
	liking... {u'rate_limited_until': 1514783281286, u'likes_remaining': 0, u'match': False}
Aww, it's not a match:(
name: Sofia, id: 59cac40d8a8815db378c2184
Napping for 0.842202 seconds...
	liking... {u'rate_limited_until': 1514783281286, u'likes_remaining': 0, u'match': False}
Aww, it's not a match:(
name: Leslie, id: 571fbf193f133a950ba00ab0
Napping for 0.626363 seconds...
	liking... {u'rate_limited_until': 1514783281286, u'likes_remaining': 0, u'match': False}
Aww, it's not a match:(
name: Nicole, id: 5869e1645ba54a61354b1868
Napping for 0.886097 seconds...
	liking... {u'rate_limited_until': 1514783281286, u'likes_remaining': 0, u'match': False}
Aww, it's not a match:(
name: Lorraine, id: 520cb48789c0a7b825000011
Napping for 0.304724 seconds...
	liking... {u'rate_limited_until': 1514783281286, u'likes_remaining': 0, u'match': False}
Aww, it's not a match:(
name: Anna, id: 57cde4d4eb9d168f2ebda813
Napping for 0.549857 seconds...
	liking... {u'rate_limited_until': 1514783281286, u'likes_remaining': 0, u'match': False}
Aww, it's not a match:(
name: Marsela, id: 5a4000c8e8dc17aa1e9c3d5f
Napping for 0.890926 seconds...
	liking... {u'rate_limited_until': 1514783281286, u'likes_remaining': 0, u'match': False}
Aww, it's not a match:(
name: Celeste, id: 5670f9aa560b7e4578aec7ea
Napping for 1.103921 seconds...
	liking... {u'rate_limited_until': 1514783281286, u'likes_remaining': 0, u'match': False}
Aww, it's not a match:(
