You have been successfully authorized!
running main
likes remaining: 100
name: Lindsey, id: 56ada1e0ea37ce4b20e6f8e9
Napping for 0.547289 seconds...
	liking... {u'likes_remaining': 100, u'match': False}
Aww, it's not a match:(
name: Quinn, id: 5a395372d347eaab0b45bfdc
Napping for 1.162218 seconds...
	liking... {u'likes_remaining': 100, u'match': False}
Aww, it's not a match:(
name: Jules, id: 5a39d3f71b52a2bd30511fe4
Napping for 0.104942 seconds...
	liking... {u'likes_remaining': 100, u'match': False}
Aww, it's not a match:(
name: Anna, id: 5831d9b2278fc9305de29fc6
Napping for 0.321681 seconds...
	liking... {u'likes_remaining': 100, u'match': False}
Aww, it's not a match:(
name: Shawna, id: 5a2eaf57f1d30c4c05533f61
Napping for 0.721821 seconds...
	liking... {u'likes_remaining': 100, u'match': False}
Aww, it's not a match:(
name: Ally, id: 585ccb0fbf37507f169ab0f6
Napping for 0.075361 seconds...
	liking... {u'likes_remaining': 100, u'match': False}
Aww, it's not a match:(
name: Cara, id: 542c9a838d5424c21f91d81e
Napping for 0.364855 seconds...
	liking... {u'likes_remaining': 100, u'match': False}
Aww, it's not a match:(
name: Anisha, id: 5a1e5a2339ed1f6169bfa808
Napping for 1.068265 seconds...
	liking... {u'likes_remaining': 100, u'match': False}
Aww, it's not a match:(
name: Tricia, id: 539ae493dba125a478d3f156
Napping for 0.833480 seconds...
	liking... {u'likes_remaining': 100, u'match': False}
Aww, it's not a match:(
name: Delmanda, id: 57a15ea465647f9c344b972c
Napping for 0.713526 seconds...
	liking... {u'likes_remaining': 100, u'match': False}
Aww, it's not a match:(
name: Jennie, id: 532545dbca112f6b7a0032e1
Napping for 0.283744 seconds...
	liking... {u'likes_remaining': 100, u'match': False}
Aww, it's not a match:(
name: Katey, id: 5a39d731539b43ea30709f8b
Napping for 0.518362 seconds...
	liking... {u'likes_remaining': 100, u'match': False}
Aww, it's not a match:(
name: Kendall, id: 5a089276e86d873f04224aa1
Napping for 0.686488 seconds...
	liking... {u'likes_remaining': 100, u'match': False}
Aww, it's not a match:(
name: Victoria, id: 59e432b888bf5057151d9d90
Napping for 0.410970 seconds...
	liking... {u'likes_remaining': 100, u'match': False}
Aww, it's not a match:(
name: Erin, id: 57c515ba904dbb4e45b74870
Napping for 0.811175 seconds...
	liking... {u'likes_remaining': 100, u'match': False}
Aww, it's not a match:(
name: Jasper, id: 591b93de6fe3c7856e24b7f6
Napping for 0.791920 seconds...
	liking... {u'likes_remaining': 100, u'match': False}
Aww, it's not a match:(
name: Jay, id: 575621d314a35dd3176dc295
Napping for 0.158789 seconds...
	liking... {u'likes_remaining': 100, u'match': False}
Aww, it's not a match:(
name: Gabi, id: 5944eb041265ea02407c8123
Napping for 0.541937 seconds...
	liking... {u'likes_remaining': 100, u'match': False}
Aww, it's not a match:(
name: Stephanie, id: 5a32e8c196f2b8b105ceb4ce
Napping for 1.107469 seconds...
	liking... {u'likes_remaining': 100, u'match': False}
Aww, it's not a match:(
name: Anjali, id: 5a35b6dacb3615370d12206c
Napping for 0.214943 seconds...
	liking... {u'likes_remaining': 100, u'match': False}
Aww, it's not a match:(
name: Amanda, id: 5416722939f5124b273191cd
Napping for 0.248876 seconds...
	liking... {u'likes_remaining': 100, u'match': False}
Aww, it's not a match:(
name: Megan, id: 562c66eadeae4df075e26a12
Napping for 0.386632 seconds...
	liking... {u'likes_remaining': 100, u'match': False}
Aww, it's not a match:(
name: Scheherazad T, id: 5a1a9d9bb90c018263ef4c90
Napping for 0.923673 seconds...
	liking... {u'likes_remaining': 100, u'match': False}
Aww, it's not a match:(
name: Anna, id: 530cbae69275981755001d0e
Napping for 0.013407 seconds...
	liking... {u'likes_remaining': 100, u'match': False}
Aww, it's not a match:(
name: Brooke, id: 54ec3b518d681e2038a66c1d
Napping for 1.108591 seconds...
	liking... {u'likes_remaining': 100, u'match': False}
Aww, it's not a match:(
name: Ariana, id: 5a0570f24439b2380550ac3c
Napping for 0.034290 seconds...
	liking... {u'likes_remaining': 100, u'match': False}
Aww, it's not a match:(
name: Jinny, id: 582e7f3b2e372159405701ef
Napping for 0.688641 seconds...
	liking... {u'likes_remaining': 100, u'match': False}
Aww, it's not a match:(
name: Maddie, id: 59adc1127bba86aa2b05fba3
Napping for 0.482078 seconds...
	liking... {u'likes_remaining': 100, u'match': False}
Aww, it's not a match:(
name: Erin, id: 59e3f7bd88bf5057151d7447
Napping for 0.359185 seconds...
	liking... {u'likes_remaining': 100, u'match': False}
Aww, it's not a match:(
name: Myriam, id: 59dafd9c85a955ed4b0b8fff
Napping for 0.249257 seconds...
	liking... {u'likes_remaining': 100, u'match': False}
Aww, it's not a match:(
name: Gianna, id: 5a34903ff75486d90fd88c54
Napping for 0.654823 seconds...
	liking... {u'likes_remaining': 100, u'match': False}
Aww, it's not a match:(
name: Gilliane, id: 542e188c0e183a4608f5aa6f
Napping for 0.176371 seconds...
	liking... {u'likes_remaining': 100, u'match': False}
Aww, it's not a match:(
name: Panda, id: 5a2b5c54e4953290058f4ddc
Napping for 1.050824 seconds...
	liking... {u'likes_remaining': 100, u'match': False}
Aww, it's not a match:(
name: Perla, id: 537c35f36469fd1518f85c14
Napping for 0.858033 seconds...
	liking... {u'likes_remaining': 100, u'match': False}
Aww, it's not a match:(
name: Carli, id: 538d80c713dcd383723e50bd
Napping for 0.818824 seconds...
	liking... {u'likes_remaining': 100, u'match': False}
Aww, it's not a match:(
name: Rena, id: 53f97618498ce0b44d3efb2d
Napping for 0.207299 seconds...
	liking... {u'likes_remaining': 100, u'match': False}
Aww, it's not a match:(
name: Hannah, id: 58d8a8e4758d15070cf8ed98
Napping for 0.739249 seconds...
	liking... {u'likes_remaining': 100, u'match': False}
Aww, it's not a match:(
name: Rachael, id: 571c68d5e4750c9e129e4bd0
Napping for 0.531142 seconds...
	liking... {u'likes_remaining': 100, u'match': False}
Aww, it's not a match:(
name: Mayra, id: 588fe0ed20d829920a36dd4d
Napping for 0.730058 seconds...
	liking... {u'likes_remaining': 100, u'match': False}
Aww, it's not a match:(
name: Cynthia, id: 59a66d86bdc82efc1ff30a1f
Napping for 0.097349 seconds...
	liking... {u'likes_remaining': 100, u'match': False}
Aww, it's not a match:(
name: Dana, id: 59912d41ab738d65334a699a
Napping for 0.241106 seconds...
	liking... {u'likes_remaining': 100, u'match': False}
Aww, it's not a match:(
name: Allison, id: 5a034fe118e13bd17d4183fa
Napping for 0.344072 seconds...
	liking... {u'likes_remaining': 100, u'match': False}
Aww, it's not a match:(
name: Peini, id: 5a2ab631bd5e8a4c292c507d
Napping for 0.327351 seconds...
	liking... {u'likes_remaining': 100, u'match': False}
Aww, it's not a match:(
name: Audrey, id: 57d39cee4b324f1c74f1889e
Napping for 0.739523 seconds...
	liking... {u'likes_remaining': 100, u'match': False}
Aww, it's not a match:(
name: Keisha, id: 5a36d2fc7d0da8f30cda9e09
Napping for 0.465808 seconds...
	liking... {u'likes_remaining': 100, u'match': False}
Aww, it's not a match:(
name: Bianca, id: 53573cb767ef79fc1900240b
Napping for 0.378183 seconds...
	liking... {u'likes_remaining': 100, u'match': False}
Aww, it's not a match:(
name: Tori, id: 5a2f9e03e49532900592106c
Napping for 0.477487 seconds...
	liking... {u'likes_remaining': 100, u'match': False}
Aww, it's not a match:(
name: Aisha, id: 5854cdc9940f222103e10f9c
Napping for 0.042629 seconds...
	liking... {u'likes_remaining': 100, u'match': False}
Aww, it's not a match:(
name: Perla, id: 55f866b75877ea60549205f0
Napping for 0.652540 seconds...
	liking... {u'rate_limited_until': 1513791821006, u'likes_remaining': 0, u'match': False}
Aww, it's not a match:(
name: Trina, id: 57cb56710cf8e9a50f6564a3
Napping for 0.834522 seconds...
	liking... {u'rate_limited_until': 1513791821006, u'likes_remaining': 0, u'match': False}
Aww, it's not a match:(
name: Aveling, id: 540c085285e910aa5ddd9049
Napping for 1.184883 seconds...
	liking... {u'rate_limited_until': 1513791821006, u'likes_remaining': 0, u'match': False}
Aww, it's not a match:(
name: Betsabe, id: 5a1aaa23d9154a1169a9e81a
Napping for 0.947899 seconds...
	liking... {u'rate_limited_until': 1513791821006, u'likes_remaining': 0, u'match': False}
Aww, it's not a match:(
name: Sophia, id: 59a8e60df2728a2503d91b42
Napping for 0.055129 seconds...
	liking... {u'rate_limited_until': 1513791821006, u'likes_remaining': 0, u'match': False}
Aww, it's not a match:(
name: Fumika, id: 5a35f7958c464cb70ff7d7b5
Napping for 0.445140 seconds...
	liking... {u'rate_limited_until': 1513791821006, u'likes_remaining': 0, u'match': False}
Aww, it's not a match:(
name: Mayra, id: 537ee641ca3d668a1d687ea6
Napping for 0.126684 seconds...
	liking... {u'rate_limited_until': 1513791821006, u'likes_remaining': 0, u'match': False}
Aww, it's not a match:(
name: Huberta, id: 5a36bfb84ce394d4165842d3
Napping for 0.160611 seconds...
	liking... {u'rate_limited_until': 1513791821006, u'likes_remaining': 0, u'match': False}
Aww, it's not a match:(
name: Julia, id: 53ab70fc459cd64379644ca8
Napping for 0.063375 seconds...
	liking... {u'rate_limited_until': 1513791821006, u'likes_remaining': 0, u'match': False}
Aww, it's not a match:(
name: Lexie, id: 58e4165d02639a6a0c7dfe5c
Napping for 0.515697 seconds...
	liking... {u'rate_limited_until': 1513791821006, u'likes_remaining': 0, u'match': False}
Aww, it's not a match:(
name: Nancy, id: 5a14f2856dce70a963e6711d
Napping for 1.079100 seconds...
	liking... {u'rate_limited_until': 1513791821006, u'likes_remaining': 0, u'match': False}
Aww, it's not a match:(
name: Raquel, id: 5678b8ef050e16814d66aa36
Napping for 1.180339 seconds...
	liking... {u'rate_limited_until': 1513791821006, u'likes_remaining': 0, u'match': False}
Aww, it's not a match:(
name: Litzy, id: 5a344f0dc42152b3167dda13
Napping for 0.524808 seconds...
	liking... {u'rate_limited_until': 1513791821006, u'likes_remaining': 0, u'match': False}
Aww, it's not a match:(
name: Joselyn, id: 58d22a57f5d688fa0f6c3f62
Napping for 1.085419 seconds...
	liking... {u'rate_limited_until': 1513791821006, u'likes_remaining': 0, u'match': False}
Aww, it's not a match:(
name: Katy, id: 579c3bf41601a1c67eb6aab4
Napping for 0.902674 seconds...
	liking... {u'rate_limited_until': 1513791821006, u'likes_remaining': 0, u'match': False}
Aww, it's not a match:(
name: Cindy, id: 5a30e40c7d0da8f30cd659c8
Napping for 0.872858 seconds...
	liking... {u'rate_limited_until': 1513791821006, u'likes_remaining': 0, u'match': False}
Aww, it's not a match:(
name: Natasha, id: 5a2e288f96f2b8b105cb87d7
Napping for 0.214951 seconds...
	liking... {u'rate_limited_until': 1513791821006, u'likes_remaining': 0, u'match': False}
Aww, it's not a match:(
name: Sarai, id: 5a35bdbf5b39086f165db0fb
Napping for 0.621948 seconds...
	liking... {u'rate_limited_until': 1513791821006, u'likes_remaining': 0, u'match': False}
Aww, it's not a match:(
name: Michala, id: 54641d519544ced5536bcac8
Napping for 0.454328 seconds...
	liking... {u'rate_limited_until': 1513791821006, u'likes_remaining': 0, u'match': False}
Aww, it's not a match:(
name: Abigail, id: 58f3e28233f507d82386e8f9
Napping for 0.687874 seconds...
	liking... {u'rate_limited_until': 1513791821006, u'likes_remaining': 0, u'match': False}
Aww, it's not a match:(
name: Kayla, id: 594957c86aab4b794c7986f3
Napping for 0.419681 seconds...
	liking... {u'rate_limited_until': 1513791821006, u'likes_remaining': 0, u'match': False}
Aww, it's not a match:(
name: adrienne, id: 59e429b52fd8f5eb33ba09ec
Napping for 0.407533 seconds...
	liking... {u'rate_limited_until': 1513791821006, u'likes_remaining': 0, u'match': False}
Aww, it's not a match:(
name: Ashley, id: 57d21c0a22e58acc01554106
Napping for 0.676167 seconds...
	liking... {u'rate_limited_until': 1513791821006, u'likes_remaining': 0, u'match': False}
Aww, it's not a match:(
name: Erin, id: 5a30c789acf7656e058185c2
Napping for 0.524058 seconds...
	liking... {u'rate_limited_until': 1513791821006, u'likes_remaining': 0, u'match': False}
Aww, it's not a match:(
name: Tori, id: 59ffbb07f645039e576523b7
Napping for 0.155066 seconds...
	liking... {u'rate_limited_until': 1513791821006, u'likes_remaining': 0, u'match': False}
Aww, it's not a match:(
name: Shweta, id: 5a308e048c464cb70ff44c52
Napping for 0.437664 seconds...
	liking... {u'rate_limited_until': 1513791821006, u'likes_remaining': 0, u'match': False}
Aww, it's not a match:(
name: Kassandra, id: 592730a7d838d30f5f4c5f42
Napping for 1.005969 seconds...
	liking... {u'rate_limited_until': 1513791821006, u'likes_remaining': 0, u'match': False}
Aww, it's not a match:(
name: Sio, id: 587c476b08c1cc440eece09c
Napping for 0.706365 seconds...
	liking... {u'rate_limited_until': 1513791821006, u'likes_remaining': 0, u'match': False}
Aww, it's not a match:(
name: Rachele, id: 552cb27e6cc5b36433b176b5
Napping for 0.237790 seconds...
	liking... {u'rate_limited_until': 1513791821006, u'likes_remaining': 0, u'match': False}
Aww, it's not a match:(
name: Shells, id: 5119ceb1845394d0660001ad
Napping for 0.643251 seconds...
	liking... {u'rate_limited_until': 1513791821006, u'likes_remaining': 0, u'match': False}
Aww, it's not a match:(
name: Sahar, id: 5a35f40e8c464cb70ff7d4b1
Napping for 0.259036 seconds...
	liking... {u'rate_limited_until': 1513791821006, u'likes_remaining': 0, u'match': False}
Aww, it's not a match:(
name: Tami, id: 58aa79fcb7413bf50263c6f1
Napping for 0.106557 seconds...
	liking... {u'rate_limited_until': 1513791821006, u'likes_remaining': 0, u'match': False}
Aww, it's not a match:(
name: Angela, id: 52acbc18651373eb08000e15
Napping for 0.489134 seconds...
	liking... {u'rate_limited_until': 1513791821006, u'likes_remaining': 0, u'match': False}
Aww, it's not a match:(
name: Juliana, id: 5969c17bed617c7d5e10f38e
Napping for 0.490888 seconds...
	liking... {u'rate_limited_until': 1513791821006, u'likes_remaining': 0, u'match': False}
Aww, it's not a match:(
name: Hannah, id: 5a2a09a30c57c24230791a76
Napping for 0.783568 seconds...
	liking... {u'rate_limited_until': 1513791821006, u'likes_remaining': 0, u'match': False}
Aww, it's not a match:(
name: Samantha, id: 57a95bbc033741c26d3c5745
Napping for 0.263352 seconds...
	liking... {u'rate_limited_until': 1513791821006, u'likes_remaining': 0, u'match': False}
Aww, it's not a match:(
name: Valery, id: 58ac01c166c2a3b90b8c313a
Napping for 0.050069 seconds...
	liking... {u'rate_limited_until': 1513791821006, u'likes_remaining': 0, u'match': False}
Aww, it's not a match:(
name: Alex, id: 5607882f2c3cf4520c0102ce
Napping for 0.343719 seconds...
	liking... {u'rate_limited_until': 1513791821006, u'likes_remaining': 0, u'match': False}
Aww, it's not a match:(
