You have been successfully authorized!
running main
likes remaining: 100
name: Selina, id: 5a392e5bc906947e0b567668
Napping for 0.974998 seconds...
	liking... {u'likes_remaining': 100, u'match': False}
Aww, it's not a match:(
name: Sophia, id: 59925fda6dbe492133ce989a
Napping for 0.276493 seconds...
	liking... {u'likes_remaining': 100, u'match': False}
Aww, it's not a match:(
name: Mahati, id: 5a3e9d46aa9e1a4725cff994
Napping for 0.999556 seconds...
	liking... {u'likes_remaining': 100, u'match': False}
Aww, it's not a match:(
name: Thuc, id: 57d212396da90c006ad1a218
Napping for 0.828121 seconds...
	liking... {u'likes_remaining': 100, u'match': False}
Aww, it's not a match:(
name: Shuge, id: 5a41ef5c2eced07167415426
Napping for 0.117433 seconds...
	liking... {u'likes_remaining': 100, u'match': False}
Aww, it's not a match:(
name: Kailey, id: 5a41db9f98f95f50125c3bc4
Napping for 0.696571 seconds...
	liking... {u'likes_remaining': 100, u'match': False}
Aww, it's not a match:(
name: Helle, id: 5778044856692c79790e4b2c
Napping for 0.278770 seconds...
	liking... {u'likes_remaining': 100, u'match': False}
Aww, it's not a match:(
name: AshleyMae, id: 55adfa09d51b4cd85f7d5aa5
Napping for 1.045014 seconds...
	liking... {u'likes_remaining': 100, u'match': {u'common_like_count': 0, u'is_super_like': True, u'common_friend_count': 0, u'is_fast_match': False, u'is_boost_match': False, u'messages': [], u'last_activity_date': u'2017-12-23T16:42:53.693Z', u'dead': False, u'message_count': 0, u'participants': [u'5411d98b8ce312114adedd68', u'55adfa09d51b4cd85f7d5aa5'], u'closed': False, u'created_date': u'2017-12-23T16:42:53.693Z', u'following': True, u'super_liker': u'55adfa09d51b4cd85f7d5aa5', u'following_moments': True, u'_id': u'5411d98b8ce312114adedd6855adfa09d51b4cd85f7d5aa5', u'pending': False}}
It's a match!
{u'status': u'404', u'error': u''}
name: Shaila, id: 54878e36a5023e647222c33f
Napping for 0.040724 seconds...
	liking... {u'likes_remaining': 100, u'match': False}
Aww, it's not a match:(
name: Siena, id: 5a404218702237291d10cc20
Napping for 0.734976 seconds...
	liking... {u'likes_remaining': 100, u'match': False}
Aww, it's not a match:(
name: Dominique, id: 5a40866d36e65f961d4f9b82
Napping for 0.048267 seconds...
	liking... {u'likes_remaining': 100, u'match': False}
Aww, it's not a match:(
name: Gianna, id: 5a41d6ef5920884b1d55866e
Napping for 1.045622 seconds...
	liking... {u'likes_remaining': 100, u'match': False}
Aww, it's not a match:(
name: Kerry, id: 5a0166852a27333f5bcfe3df
Napping for 0.534206 seconds...
	liking... {u'likes_remaining': 100, u'match': False}
Aww, it's not a match:(
name: Angie, id: 5a42092ee8dc17aa1e9d039a
Napping for 0.492158 seconds...
	liking... {u'likes_remaining': 100, u'match': False}
Aww, it's not a match:(
name: Sandra, id: 59db0d112bc0cd2d261c8921
Napping for 0.365943 seconds...
	liking... {u'likes_remaining': 100, u'match': False}
Aww, it's not a match:(
name: AshleyMae, id: 55adfa09d51b4cd85f7d5aa5
Napping for 0.635543 seconds...
	liking... {u'likes_remaining': 100, u'match': {u'common_like_count': 0, u'is_super_like': True, u'common_friend_count': 0, u'is_fast_match': False, u'is_boost_match': False, u'messages': [], u'last_activity_date': u'2017-12-23T16:42:53.693Z', u'dead': False, u'message_count': 0, u'participants': [u'5411d98b8ce312114adedd68', u'55adfa09d51b4cd85f7d5aa5'], u'closed': False, u'created_date': u'2017-12-23T16:42:53.693Z', u'following': True, u'super_liker': u'55adfa09d51b4cd85f7d5aa5', u'following_moments': True, u'_id': u'5411d98b8ce312114adedd6855adfa09d51b4cd85f7d5aa5', u'pending': False}}
It's a match!
{u'status': u'404', u'error': u''}
name: Madai, id: 58e46aa381b1c4226309e05a
Napping for 0.290652 seconds...
	liking... {u'likes_remaining': 100, u'match': False}
Aww, it's not a match:(
name: Divya, id: 5556b61d45459d0c3bee847e
Napping for 1.125561 seconds...
	liking... {u'likes_remaining': 100, u'match': False}
Aww, it's not a match:(
name: Savina, id: 5a397c97281c24a838308cc1
Napping for 0.811532 seconds...
	liking... {u'likes_remaining': 100, u'match': False}
Aww, it's not a match:(
name: JudyJulie, id: 5a420d3b2eced07167416d45
Napping for 0.013298 seconds...
	liking... {u'likes_remaining': 100, u'match': False}
Aww, it's not a match:(
name: Rachel, id: 5356c4d089773cbe6b0012b3
Napping for 0.142982 seconds...
	liking... {u'likes_remaining': 100, u'match': False}
Aww, it's not a match:(
name: Annalycia, id: 5a0d67cb2f1d4d49713791dc
Napping for 0.899419 seconds...
	liking... {u'likes_remaining': 100, u'match': False}
Aww, it's not a match:(
name: Trishtine, id: 5a3eab13e8dc17aa1e9bc6c6
Napping for 0.094122 seconds...
	liking... {u'likes_remaining': 100, u'match': False}
Aww, it's not a match:(
name: Rhicka-Joyce, id: 56747c47356c939e642efefe
Napping for 0.277572 seconds...
	liking... {u'likes_remaining': 100, u'match': False}
Aww, it's not a match:(
name: Molly, id: 5a270b694344f5af0329b52b
Napping for 0.401803 seconds...
	liking... {u'likes_remaining': 100, u'match': False}
Aww, it's not a match:(
name: Reena, id: 5a0a7e2780ba23df715f7f2e
Napping for 0.773894 seconds...
	liking... {u'likes_remaining': 100, u'match': False}
Aww, it's not a match:(
name: Diane, id: 5684c8b43492dcd16d5e0183
Napping for 0.769366 seconds...
	liking... {u'likes_remaining': 100, u'match': False}
Aww, it's not a match:(
name: AshleyMae, id: 55adfa09d51b4cd85f7d5aa5
Napping for 0.255322 seconds...
	liking... {u'likes_remaining': 100, u'match': {u'common_like_count': 0, u'is_super_like': True, u'common_friend_count': 0, u'is_fast_match': False, u'is_boost_match': False, u'messages': [], u'last_activity_date': u'2017-12-23T16:42:53.693Z', u'dead': False, u'message_count': 0, u'participants': [u'5411d98b8ce312114adedd68', u'55adfa09d51b4cd85f7d5aa5'], u'closed': False, u'created_date': u'2017-12-23T16:42:53.693Z', u'following': True, u'super_liker': u'55adfa09d51b4cd85f7d5aa5', u'following_moments': True, u'_id': u'5411d98b8ce312114adedd6855adfa09d51b4cd85f7d5aa5', u'pending': False}}
It's a match!
{u'status': u'404', u'error': u''}
name: Cecilia, id: 5a41e85f5920884b1d55a9cc
Napping for 0.013110 seconds...
	liking... {u'likes_remaining': 100, u'match': False}
Aww, it's not a match:(
name: Laycie, id: 587452e21a6d36d76155bc40
Napping for 1.191241 seconds...
	liking... {u'likes_remaining': 100, u'match': False}
Aww, it's not a match:(
name: AshleyMae, id: 55adfa09d51b4cd85f7d5aa5
Napping for 1.038130 seconds...
	liking... {u'rate_limited_until': 1514326221293, u'likes_remaining': 0, u'match': False}
Aww, it's not a match:(
name: Sally, id: 59b89d0c451ee6103a48e283
Napping for 0.770605 seconds...
	liking... {u'rate_limited_until': 1514326221293, u'likes_remaining': 0, u'match': False}
Aww, it's not a match:(
name: Tara, id: 5a41c3a65f165d7212362247
Napping for 0.679322 seconds...
	liking... {u'rate_limited_until': 1514326221293, u'likes_remaining': 0, u'match': False}
Aww, it's not a match:(
name: Vy, id: 573338a1bc8489873c8dca24
Napping for 0.730077 seconds...
	liking... {u'rate_limited_until': 1514326221293, u'likes_remaining': 0, u'match': False}
Aww, it's not a match:(
name: Hadar, id: 5a2382467a77a8d70303bce3
Napping for 0.368344 seconds...
	liking... {u'rate_limited_until': 1514326221293, u'likes_remaining': 0, u'match': False}
Aww, it's not a match:(
name: Vickie, id: 5a40811636e65f961d4f97b0
Napping for 0.963722 seconds...
	liking... {u'rate_limited_until': 1514326221293, u'likes_remaining': 0, u'match': False}
Aww, it's not a match:(
name: Stina, id: 5a3dadd72788ab671eefcca0
Napping for 0.208737 seconds...
	liking... {u'rate_limited_until': 1514326221293, u'likes_remaining': 0, u'match': False}
Aww, it's not a match:(
name: Victoria, id: 56e4da36bd054bf62fbfd709
Napping for 0.607711 seconds...
	liking... {u'rate_limited_until': 1514326221293, u'likes_remaining': 0, u'match': False}
Aww, it's not a match:(
name: Helen, id: 5541e9949406ee4757881246
Napping for 0.658107 seconds...
	liking... {u'rate_limited_until': 1514326221293, u'likes_remaining': 0, u'match': False}
Aww, it's not a match:(
name: Shreenithaa, id: 5a41f372e8dc17aa1e9cf448
Napping for 0.099994 seconds...
	liking... {u'rate_limited_until': 1514326221293, u'likes_remaining': 0, u'match': False}
Aww, it's not a match:(
name: Jenna, id: 5a41d0829e6f7d6925831116
Napping for 1.099046 seconds...
	liking... {u'rate_limited_until': 1514326221293, u'likes_remaining': 0, u'match': False}
Aww, it's not a match:(
name: Sahana, id: 541df5b80e0b55c06c387fa1
Napping for 0.788136 seconds...
	liking... {u'rate_limited_until': 1514326221293, u'likes_remaining': 0, u'match': False}
Aww, it's not a match:(
name: Christina, id: 59af1667f2728a2503dd829a
Napping for 0.761209 seconds...
	liking... {u'rate_limited_until': 1514326221293, u'likes_remaining': 0, u'match': False}
Aww, it's not a match:(
name: Storrey, id: 53b8781ae632a5bd2fa9653b
Napping for 0.363338 seconds...
	liking... {u'rate_limited_until': 1514326221293, u'likes_remaining': 0, u'match': False}
Aww, it's not a match:(
name: Emeline, id: 59fe740b644b6ced5a1b7bac
Napping for 1.095496 seconds...
	liking... {u'rate_limited_until': 1514326221293, u'likes_remaining': 0, u'match': False}
Aww, it's not a match:(
name: AshleyMae, id: 55adfa09d51b4cd85f7d5aa5
Napping for 0.931899 seconds...
	liking... {u'rate_limited_until': 1514326221293, u'likes_remaining': 0, u'match': False}
Aww, it's not a match:(
name: Andrea, id: 5a329a2fc42152b3167c6db3
Napping for 0.106759 seconds...
	liking... {u'rate_limited_until': 1514326221293, u'likes_remaining': 0, u'match': False}
Aww, it's not a match:(
name: Rebecca, id: 591d0951cee27fe448022828
Napping for 0.782522 seconds...
	liking... {u'rate_limited_until': 1514326221293, u'likes_remaining': 0, u'match': False}
Aww, it's not a match:(
name: Lily, id: 572851aa57a5c9290e65b4d2
Napping for 0.632620 seconds...
	liking... {u'rate_limited_until': 1514326221293, u'likes_remaining': 0, u'match': False}
Aww, it's not a match:(
name: Miss'e, id: 59aa056123ae8efb02208686
Napping for 1.139412 seconds...
	liking... {u'rate_limited_until': 1514326221293, u'likes_remaining': 0, u'match': False}
Aww, it's not a match:(
name: AshleyMae, id: 55adfa09d51b4cd85f7d5aa5
Napping for 0.053279 seconds...
	liking... {u'rate_limited_until': 1514326221293, u'likes_remaining': 0, u'match': False}
Aww, it's not a match:(
name: Abigail, id: 59577cda63be6d5d37210144
Napping for 1.136562 seconds...
	liking... {u'rate_limited_until': 1514326221293, u'likes_remaining': 0, u'match': False}
Aww, it's not a match:(
name: Neha, id: 5a3f371e56899e25259f36dd
Napping for 0.632507 seconds...
	liking... {u'rate_limited_until': 1514326221293, u'likes_remaining': 0, u'match': False}
Aww, it's not a match:(
name: Opal, id: 5a2f4ce4e49532900591e09e
Napping for 0.396160 seconds...
	liking... {u'rate_limited_until': 1514326221293, u'likes_remaining': 0, u'match': False}
Aww, it's not a match:(
name: Ashley, id: 5a24ef49779f34267d305273
Napping for 0.706021 seconds...
	liking... {u'rate_limited_until': 1514326221293, u'likes_remaining': 0, u'match': False}
Aww, it's not a match:(
name: Emma, id: 58a387d1cc484b232c1aa930
Napping for 0.111897 seconds...
	liking... {u'rate_limited_until': 1514326221293, u'likes_remaining': 0, u'match': False}
Aww, it's not a match:(
name: Mathilde, id: 57dba26df27a30b9497610aa
Napping for 0.800797 seconds...
	liking... {u'rate_limited_until': 1514326221293, u'likes_remaining': 0, u'match': False}
Aww, it's not a match:(
name: pauline, id: 597eee6dc90ce48f447afd6f
Napping for 0.635956 seconds...
	liking... {u'rate_limited_until': 1514326221293, u'likes_remaining': 0, u'match': False}
Aww, it's not a match:(
name: Liz, id: 59683326da6bf1393408985f
Napping for 0.542903 seconds...
	liking... {u'rate_limited_until': 1514326221293, u'likes_remaining': 0, u'match': False}
Aww, it's not a match:(
name: Kathryn, id: 57cf1dbb2ed02ce072217c0b
Napping for 0.741463 seconds...
	liking... {u'rate_limited_until': 1514326221293, u'likes_remaining': 0, u'match': False}
Aww, it's not a match:(
name: Niki, id: 59e0f5bc1859d3de34518854
Napping for 0.574122 seconds...
	liking... {u'rate_limited_until': 1514326221293, u'likes_remaining': 0, u'match': False}
Aww, it's not a match:(
name: Kiran, id: 56da1e4bdb0a5f563d22aed1
Napping for 0.354711 seconds...
	liking... {u'rate_limited_until': 1514326221293, u'likes_remaining': 0, u'match': False}
Aww, it's not a match:(
name: Melissa, id: 5a3609724ce394d41657af44
Napping for 0.786602 seconds...
	liking... {u'rate_limited_until': 1514326221293, u'likes_remaining': 0, u'match': False}
Aww, it's not a match:(
name: Jemma, id: 57b7ed7e103919ec378613d3
Napping for 1.045414 seconds...
	liking... {u'rate_limited_until': 1514326221293, u'likes_remaining': 0, u'match': False}
Aww, it's not a match:(
name: AshleyMae, id: 55adfa09d51b4cd85f7d5aa5
Napping for 0.320215 seconds...
	liking... {u'rate_limited_until': 1514326221293, u'likes_remaining': 0, u'match': False}
Aww, it's not a match:(
name: Sonya, id: 53d3768829c00eeb1ae461f3
Napping for 1.060287 seconds...
	liking... {u'rate_limited_until': 1514326221293, u'likes_remaining': 0, u'match': False}
Aww, it's not a match:(
name: Addi, id: 522012e9d6dfe3757e000003
Napping for 0.275498 seconds...
	liking... {u'rate_limited_until': 1514326221293, u'likes_remaining': 0, u'match': False}
Aww, it's not a match:(
name: Niki, id: 5a41960700a7d7751d98da96
Napping for 1.184333 seconds...
	liking... {u'rate_limited_until': 1514326221293, u'likes_remaining': 0, u'match': False}
Aww, it's not a match:(
name: Stoner, id: 5a405b095f165d7212350e51
Napping for 0.426072 seconds...
	liking... {u'rate_limited_until': 1514326221293, u'likes_remaining': 0, u'match': False}
Aww, it's not a match:(
name: Taylor, id: 59fa321f54c53e630c19892d
Napping for 0.601565 seconds...
	liking... {u'rate_limited_until': 1514326221293, u'likes_remaining': 0, u'match': False}
Aww, it's not a match:(
name: Natalie, id: 54af4583c7ea4aec699bc119
Napping for 0.650930 seconds...
	liking... {u'rate_limited_until': 1514326221293, u'likes_remaining': 0, u'match': False}
Aww, it's not a match:(
name: Nina, id: 561f0d96d6b883422d5f5744
Napping for 1.051017 seconds...
	liking... {u'rate_limited_until': 1514326221293, u'likes_remaining': 0, u'match': False}
Aww, it's not a match:(
name: Sherry, id: 53b6219ae51775d2432dd793
Napping for 0.884553 seconds...
	liking... {u'rate_limited_until': 1514326221293, u'likes_remaining': 0, u'match': False}
Aww, it's not a match:(
name: AshleyMae, id: 55adfa09d51b4cd85f7d5aa5
Napping for 0.036160 seconds...
	liking... {u'rate_limited_until': 1514326221293, u'likes_remaining': 0, u'match': False}
Aww, it's not a match:(
name: Christina, id: 57942b99abf4dde50a48bf79
Napping for 0.437175 seconds...
	liking... {u'rate_limited_until': 1514326221293, u'likes_remaining': 0, u'match': False}
Aww, it's not a match:(
name: Nicole, id: 5664998a013d0d096d7025f3
Napping for 0.632849 seconds...
	liking... {u'rate_limited_until': 1514326221293, u'likes_remaining': 0, u'match': False}
Aww, it's not a match:(
name: Alice, id: 53b8d0349e545277176e5ed1
Napping for 0.764119 seconds...
	liking... {u'rate_limited_until': 1514326221293, u'likes_remaining': 0, u'match': False}
Aww, it's not a match:(
name: Michelle, id: 5a40937d5f165d7212353755
Napping for 0.465998 seconds...
	liking... {u'rate_limited_until': 1514326221293, u'likes_remaining': 0, u'match': False}
Aww, it's not a match:(
name: Erinn, id: 589d7910250f40e91abf50bd
Napping for 1.130512 seconds...
	liking... {u'rate_limited_until': 1514326221293, u'likes_remaining': 0, u'match': False}
Aww, it's not a match:(
name: Rommoney, id: 5a41b91100a7d7751d99103f
Napping for 0.221341 seconds...
	liking... {u'rate_limited_until': 1514326221293, u'likes_remaining': 0, u'match': False}
Aww, it's not a match:(
name: Lucinda, id: 59418be9fc43238a2ca412ee
Napping for 0.967585 seconds...
	liking... {u'rate_limited_until': 1514326221293, u'likes_remaining': 0, u'match': False}
Aww, it's not a match:(
name: Jazzmin, id: 561f6db9485f9cff0b1e71b0
Napping for 1.000250 seconds...
	liking... {u'rate_limited_until': 1514326221293, u'likes_remaining': 0, u'match': False}
Aww, it's not a match:(
name: Joi, id: 56594d26583b1349028ab97c
Napping for 0.462745 seconds...
	liking... {u'rate_limited_until': 1514326221293, u'likes_remaining': 0, u'match': False}
Aww, it's not a match:(
name: Kelly, id: 5918f45f7470355d1ca29f00
Napping for 0.358626 seconds...
	liking... {u'rate_limited_until': 1514326221293, u'likes_remaining': 0, u'match': False}
Aww, it's not a match:(
name: Ninah, id: 59eeb95b1db3606953a5e368
Napping for 0.294022 seconds...
	liking... {u'rate_limited_until': 1514326221293, u'likes_remaining': 0, u'match': False}
Aww, it's not a match:(
name: Emilia, id: 59627f417dc2373c612e08a7
Napping for 1.128635 seconds...
	liking... {u'rate_limited_until': 1514326221293, u'likes_remaining': 0, u'match': False}
Aww, it's not a match:(
name: Karina, id: 584528c8191ed219628fa4da
Napping for 0.382919 seconds...
	liking... {u'rate_limited_until': 1514326221293, u'likes_remaining': 0, u'match': False}
Aww, it's not a match:(
name: Brandie, id: 55b14e6852cee2e85fd35d3d
Napping for 1.196967 seconds...
	liking... {u'rate_limited_until': 1514326221293, u'likes_remaining': 0, u'match': False}
Aww, it's not a match:(
name: AshleyMae, id: 55adfa09d51b4cd85f7d5aa5
Napping for 0.285821 seconds...
	liking... {u'rate_limited_until': 1514326221293, u'likes_remaining': 0, u'match': False}
Aww, it's not a match:(
name: Mia, id: 53d33fd2a3980a8730ef644b
Napping for 1.199334 seconds...
	liking... {u'rate_limited_until': 1514326221293, u'likes_remaining': 0, u'match': False}
Aww, it's not a match:(
name: Maria, id: 5a41b59398f95f50125bfe33
Napping for 0.079646 seconds...
	liking... {u'rate_limited_until': 1514326221293, u'likes_remaining': 0, u'match': False}
Aww, it's not a match:(
name: Camila, id: 56f4c77af226267e4ec6044c
Napping for 0.277907 seconds...
	liking... {u'rate_limited_until': 1514326221293, u'likes_remaining': 0, u'match': False}
Aww, it's not a match:(
name: Megan, id: 59a1a64ba57fdfb607fcde25
Napping for 0.692765 seconds...
	liking... {u'rate_limited_until': 1514326221293, u'likes_remaining': 0, u'match': False}
Aww, it's not a match:(
name: Ali, id: 5313b0c12c9e2ce83a00001a
Napping for 0.314175 seconds...
	liking... {u'rate_limited_until': 1514326221293, u'likes_remaining': 0, u'match': False}
Aww, it's not a match:(
name: Susan, id: 59ac4a1bf2728a2503db8551
Napping for 0.572518 seconds...
	liking... {u'rate_limited_until': 1514326221293, u'likes_remaining': 0, u'match': False}
Aww, it's not a match:(
name: AshleyMae, id: 55adfa09d51b4cd85f7d5aa5
Napping for 0.608636 seconds...
	liking... {u'rate_limited_until': 1514326221293, u'likes_remaining': 0, u'match': False}
Aww, it's not a match:(
name: Gaby, id: 5805503b970c6fe51027a74c
Napping for 0.859936 seconds...
	liking... {u'rate_limited_until': 1514326221293, u'likes_remaining': 0, u'match': False}
Aww, it's not a match:(
name: Raven, id: 5a34bf23f562e7fb0f482de1
Napping for 0.224854 seconds...
	liking... {u'rate_limited_until': 1514326221293, u'likes_remaining': 0, u'match': False}
Aww, it's not a match:(
name: Sarah, id: 59d967f36ef79681268c5cb2
Napping for 0.027804 seconds...
	liking... {u'rate_limited_until': 1514326221293, u'likes_remaining': 0, u'match': False}
Aww, it's not a match:(
name: Jess, id: 548d34f99c7892251e7c4f8d
Napping for 0.852437 seconds...
	liking... {u'rate_limited_until': 1514326221293, u'likes_remaining': 0, u'match': False}
Aww, it's not a match:(
name: Mady, id: 53d6c369fe89ca1725529624
Napping for 1.106245 seconds...
	liking... {u'rate_limited_until': 1514326221293, u'likes_remaining': 0, u'match': False}
Aww, it's not a match:(
name: Brianna, id: 58438fb3dbe4a6e71a447d88
Napping for 0.912532 seconds...
	liking... {u'rate_limited_until': 1514326221293, u'likes_remaining': 0, u'match': False}
Aww, it's not a match:(
name: Wendi, id: 52d10fca608b0bf576000037
Napping for 0.776351 seconds...
	liking... {u'rate_limited_until': 1514326221293, u'likes_remaining': 0, u'match': False}
Aww, it's not a match:(
name: Jade, id: 55d9cbf0854bcfe44bd96764
Napping for 0.634517 seconds...
	liking... {u'rate_limited_until': 1514326221293, u'likes_remaining': 0, u'match': False}
Aww, it's not a match:(
name: Chinwendu, id: 5441fcbcb69feb19571afc8f
Napping for 0.011429 seconds...
	liking... {u'rate_limited_until': 1514326221293, u'likes_remaining': 0, u'match': False}
Aww, it's not a match:(
name: Ceairra, id: 5a3d9a614584d1451e48dd5b
Napping for 0.131223 seconds...
	liking... {u'rate_limited_until': 1514326221293, u'likes_remaining': 0, u'match': False}
Aww, it's not a match:(
name: Jenna, id: 5977bf343ffb7be02526fd48
Napping for 0.619058 seconds...
	liking... {u'rate_limited_until': 1514326221293, u'likes_remaining': 0, u'match': False}
Aww, it's not a match:(
name: Nadine, id: 5424db07a20d44b510a2b98d
Napping for 0.614668 seconds...
	liking... {u'rate_limited_until': 1514326221293, u'likes_remaining': 0, u'match': False}
Aww, it's not a match:(
name: AshleyMae, id: 55adfa09d51b4cd85f7d5aa5
Napping for 0.810228 seconds...
	liking... {u'rate_limited_until': 1514326221293, u'likes_remaining': 0, u'match': False}
Aww, it's not a match:(
name: Nicole, id: 581c4df659ccfbcc14fd35bd
Napping for 0.365370 seconds...
	liking... {u'rate_limited_until': 1514326221293, u'likes_remaining': 0, u'match': False}
Aww, it's not a match:(
name: Kaylan, id: 54fb6e7e286cb9c107a86431
Napping for 0.089100 seconds...
	liking... {u'rate_limited_until': 1514326221293, u'likes_remaining': 0, u'match': False}
Aww, it's not a match:(
name: Anna, id: 53002c2e49f665793c005020
Napping for 0.587444 seconds...
	liking... {u'rate_limited_until': 1514326221293, u'likes_remaining': 0, u'match': False}
Aww, it's not a match:(
name: Stephanie, id: 51187252d6a19bdd1000004e
Napping for 1.061136 seconds...
	liking... {u'rate_limited_until': 1514326221293, u'likes_remaining': 0, u'match': False}
Aww, it's not a match:(
name: Ysabela, id: 583bba2552e005104cdd1576
Napping for 0.950403 seconds...
	liking... {u'rate_limited_until': 1514326221293, u'likes_remaining': 0, u'match': False}
Aww, it's not a match:(
name: Juliette, id: 54f49764fcef394c016e4307
Napping for 0.575073 seconds...
	liking... {u'rate_limited_until': 1514326221293, u'likes_remaining': 0, u'match': False}
Aww, it's not a match:(
name: Daniela, id: 565b4d7151a427a241e224c2
Napping for 0.790682 seconds...
	liking... {u'rate_limited_until': 1514326221293, u'likes_remaining': 0, u'match': False}
Aww, it's not a match:(
name: Leeanne, id: 591f8195a59b56cd2bb2db86
Napping for 0.283696 seconds...
	liking... {u'rate_limited_until': 1514326221293, u'likes_remaining': 0, u'match': False}
Aww, it's not a match:(
name: Hannah, id: 529ff4e40d093acf040000fa
Napping for 0.229681 seconds...
	liking... {u'rate_limited_until': 1514326221293, u'likes_remaining': 0, u'match': False}
Aww, it's not a match:(
name: AshleyMae, id: 55adfa09d51b4cd85f7d5aa5
Napping for 0.911403 seconds...
	liking... {u'rate_limited_until': 1514326221293, u'likes_remaining': 0, u'match': False}
Aww, it's not a match:(
name: Heather, id: 595d2c51c3b9991d73c9eb9c
Napping for 1.164716 seconds...
	liking... {u'rate_limited_until': 1514326221293, u'likes_remaining': 0, u'match': False}
Aww, it's not a match:(
name: Tene, id: 573cf9ac3a5799b60c0111e7
Napping for 0.623693 seconds...
	liking... {u'rate_limited_until': 1514326221293, u'likes_remaining': 0, u'match': False}
Aww, it's not a match:(
name: Riyana, id: 54657adccc524a540ed48d6e
Napping for 0.927673 seconds...
	liking... {u'rate_limited_until': 1514326221293, u'likes_remaining': 0, u'match': False}
Aww, it's not a match:(
name: Sarah, id: 5a3f07212788ab671ef12755
Napping for 1.189718 seconds...
	liking... {u'rate_limited_until': 1514326221293, u'likes_remaining': 0, u'match': False}
Aww, it's not a match:(
name: Kelly, id: 58d87eaf181e9b020c0aed56
Napping for 1.140663 seconds...
	liking... {u'rate_limited_until': 1514326221293, u'likes_remaining': 0, u'match': False}
Aww, it's not a match:(
name: Rachel, id: 5850bab39c49a1ab4d53c1d7
Napping for 0.611110 seconds...
	liking... {u'rate_limited_until': 1514326221293, u'likes_remaining': 0, u'match': False}
Aww, it's not a match:(
name: AshleyMae, id: 55adfa09d51b4cd85f7d5aa5
Napping for 0.946224 seconds...
	liking... {u'rate_limited_until': 1514326221293, u'likes_remaining': 0, u'match': False}
Aww, it's not a match:(
name: Elle, id: 5a06331c4439b2380551753d
Napping for 1.146346 seconds...
	liking... {u'rate_limited_until': 1514326221293, u'likes_remaining': 0, u'match': False}
Aww, it's not a match:(
name: Carolyn, id: 5451c7dca4cb482d4cbce42a
Napping for 0.589674 seconds...
	liking... {u'rate_limited_until': 1514326221293, u'likes_remaining': 0, u'match': False}
Aww, it's not a match:(
name: Emily, id: 586b25e2f406558e54420399
Napping for 1.070953 seconds...
	liking... {u'rate_limited_until': 1514326221293, u'likes_remaining': 0, u'match': False}
Aww, it's not a match:(
name: Mariella, id: 5a3d819de8dc17aa1e9b01fe
Napping for 0.402333 seconds...
	liking... {u'rate_limited_until': 1514326221293, u'likes_remaining': 0, u'match': False}
Aww, it's not a match:(
name: Angie, id: 56fd67ef82c16bb75a49a1b8
Napping for 0.697797 seconds...
	liking... {u'rate_limited_until': 1514326221293, u'likes_remaining': 0, u'match': False}
Aww, it's not a match:(
name: Ena, id: 58a6a55113953a564103a8d0
Napping for 0.493564 seconds...
	liking... {u'rate_limited_until': 1514326221293, u'likes_remaining': 0, u'match': False}
Aww, it's not a match:(
name: Ivory, id: 59dc4cdb88bf50571518026a
Napping for 0.510847 seconds...
	liking... {u'rate_limited_until': 1514326221293, u'likes_remaining': 0, u'match': False}
Aww, it's not a match:(
name: AshleyMae, id: 55adfa09d51b4cd85f7d5aa5
Napping for 0.903883 seconds...
	liking... {u'rate_limited_until': 1514326221293, u'likes_remaining': 0, u'match': False}
Aww, it's not a match:(
name: El, id: 59d404f8928a7e5870205767
Napping for 0.499804 seconds...
	liking... {u'rate_limited_until': 1514326221293, u'likes_remaining': 0, u'match': False}
Aww, it's not a match:(
name: Test, id: 5a400c1a00a7d7751d97eb73
Napping for 0.478257 seconds...
	liking... {u'rate_limited_until': 1514326221293, u'likes_remaining': 0, u'match': False}
Aww, it's not a match:(
name: Kayla, id: 599606078418afff5cd644cd
Napping for 0.213402 seconds...
	liking... {u'rate_limited_until': 1514326221293, u'likes_remaining': 0, u'match': False}
Aww, it's not a match:(
name: Kate, id: 561aa716cc453b9069933996
Napping for 1.112905 seconds...
	liking... {u'rate_limited_until': 1514326221293, u'likes_remaining': 0, u'match': False}
Aww, it's not a match:(
name: Liz, id: 51244dd3b1ff882b15000b7b
Napping for 0.840552 seconds...
	liking... {u'rate_limited_until': 1514326221293, u'likes_remaining': 0, u'match': False}
Aww, it's not a match:(
name: Rosie, id: 5a3fbc0aeda0a18a2549bdcc
Napping for 1.009188 seconds...
	liking... {u'rate_limited_until': 1514326221293, u'likes_remaining': 0, u'match': False}
Aww, it's not a match:(
name: Shannon, id: 529b95449f0d0d015d000258
Napping for 0.949945 seconds...
	liking... {u'rate_limited_until': 1514326221293, u'likes_remaining': 0, u'match': False}
Aww, it's not a match:(
name: Felicia, id: 530a2767692ab34f63000654
Napping for 0.082972 seconds...
	liking... {u'rate_limited_until': 1514326221293, u'likes_remaining': 0, u'match': False}
Aww, it's not a match:(
name: Deidre, id: 55a5fe2b740b994e79d803db
Napping for 0.282215 seconds...
	liking... {u'rate_limited_until': 1514326221293, u'likes_remaining': 0, u'match': False}
Aww, it's not a match:(
name: Pooja, id: 58efdcc17f2d571a0bd635a3
Napping for 0.562730 seconds...
	liking... {u'rate_limited_until': 1514326221293, u'likes_remaining': 0, u'match': False}
Aww, it's not a match:(
name: Elizabeth, id: 5a3572d7c32aba580daee6ce
Napping for 0.105005 seconds...
	liking... {u'rate_limited_until': 1514326221293, u'likes_remaining': 0, u'match': False}
Aww, it's not a match:(
name: Avika, id: 57807144908259ca09166fe5
Napping for 0.938291 seconds...
	liking... {u'rate_limited_until': 1514326221293, u'likes_remaining': 0, u'match': False}
Aww, it's not a match:(
name: Julie, id: 5746acbf1d27d1e70c56c533
Napping for 0.920875 seconds...
	liking... {u'rate_limited_until': 1514326221293, u'likes_remaining': 0, u'match': False}
Aww, it's not a match:(
name: Julia, id: 54963fd8a9063bc61229a79a
Napping for 0.806318 seconds...
	liking... {u'rate_limited_until': 1514326221293, u'likes_remaining': 0, u'match': False}
Aww, it's not a match:(
name: Barry, id: 5a3df2fb4584d1451e4938ea
Napping for 0.904527 seconds...
	liking... {u'rate_limited_until': 1514326221293, u'likes_remaining': 0, u'match': False}
Aww, it's not a match:(
name: Madeline, id: 5892c734eada19f404f0b0ef
Napping for 0.542605 seconds...
	liking... {u'rate_limited_until': 1514326221293, u'likes_remaining': 0, u'match': False}
Aww, it's not a match:(
name: Louise, id: 5543942f6c413cda7165dca1
Napping for 0.342250 seconds...
	liking... {u'rate_limited_until': 1514326221293, u'likes_remaining': 0, u'match': False}
Aww, it's not a match:(
name: Moni, id: 5a3f55f35f165d7212345ec7
Napping for 0.290941 seconds...
	liking... {u'rate_limited_until': 1514326221293, u'likes_remaining': 0, u'match': False}
Aww, it's not a match:(
name: AshleyMae, id: 55adfa09d51b4cd85f7d5aa5
Napping for 0.485474 seconds...
	liking... {u'rate_limited_until': 1514326221293, u'likes_remaining': 0, u'match': False}
Aww, it's not a match:(
name: Lilli, id: 5a1d23aaff59cbf76c228463
Napping for 0.920412 seconds...
	liking... {u'rate_limited_until': 1514326221293, u'likes_remaining': 0, u'match': False}
Aww, it's not a match:(
name: Kayla, id: 599679b003af1ed72d2a4df3
Napping for 1.006428 seconds...
	liking... {u'rate_limited_until': 1514326221293, u'likes_remaining': 0, u'match': False}
Aww, it's not a match:(
name: Jasmine, id: 5883f50e7055752e16d7978e
Napping for 1.130181 seconds...
	liking... {u'rate_limited_until': 1514326221293, u'likes_remaining': 0, u'match': False}
Aww, it's not a match:(
name: Sindhura, id: 5a3dbe7500a7d7751d96775a
Napping for 0.163972 seconds...
	liking... {u'rate_limited_until': 1514326221293, u'likes_remaining': 0, u'match': False}
Aww, it's not a match:(
name: Kaitlin, id: 5536c7a4d3028334779322b5
Napping for 0.085507 seconds...
	liking... {u'rate_limited_until': 1514326221293, u'likes_remaining': 0, u'match': False}
Aww, it's not a match:(
name: Kelsey, id: 5994b197b4edcf9b7c6a92ce
Napping for 0.375251 seconds...
	liking... {u'rate_limited_until': 1514326221293, u'likes_remaining': 0, u'match': False}
Aww, it's not a match:(
name: Brandi, id: 57c39d5fe73d13f56d3cbd30
Napping for 1.007682 seconds...
	liking... {u'rate_limited_until': 1514326221293, u'likes_remaining': 0, u'match': False}
Aww, it's not a match:(
name: Alex, id: 59eb94e0b88423105d85b444
Napping for 0.643705 seconds...
	liking... {u'rate_limited_until': 1514326221293, u'likes_remaining': 0, u'match': False}
Aww, it's not a match:(
name: AshleyMae, id: 55adfa09d51b4cd85f7d5aa5
Napping for 0.855689 seconds...
	liking... {u'rate_limited_until': 1514326221293, u'likes_remaining': 0, u'match': False}
Aww, it's not a match:(
name: Susannah, id: 55e1f08b51d8b9841d9d1c63
Napping for 0.813367 seconds...
	liking... {u'rate_limited_until': 1514326221293, u'likes_remaining': 0, u'match': False}
Aww, it's not a match:(
name: Max, id: 5a3ddbeb36e65f961d4e4b31
Napping for 0.610508 seconds...
	liking... {u'rate_limited_until': 1514326221293, u'likes_remaining': 0, u'match': False}
Aww, it's not a match:(
name: Zzzzz, id: 5a3e5cbf2788ab671ef05c7a
Napping for 0.454050 seconds...
	liking... {u'rate_limited_until': 1514326221293, u'likes_remaining': 0, u'match': False}
Aww, it's not a match:(
name: Jessica, id: 5a3dc64d56899e25259e49d5
Napping for 0.001966 seconds...
	liking... {u'rate_limited_until': 1514326221293, u'likes_remaining': 0, u'match': False}
Aww, it's not a match:(
name: Brenda, id: 59b98856ad054f1910881ef6
Napping for 0.989628 seconds...
	liking... {u'rate_limited_until': 1514326221293, u'likes_remaining': 0, u'match': False}
Aww, it's not a match:(
name: Jessica, id: 5576205bbd82eb4476affd13
Napping for 0.165168 seconds...
	liking... {u'rate_limited_until': 1514326221293, u'likes_remaining': 0, u'match': False}
Aww, it's not a match:(
name: Foxx, id: 5a20e2ff5258acb14c2a2721
Napping for 0.649219 seconds...
	liking... {u'rate_limited_until': 1514326221293, u'likes_remaining': 0, u'match': False}
Aww, it's not a match:(
name: Melissa, id: 5a3ed16eeda0a18a25494ae6
Napping for 0.027372 seconds...
	liking... {u'rate_limited_until': 1514326221293, u'likes_remaining': 0, u'match': False}
Aww, it's not a match:(
name: Kimiya, id: 597cd56f7e46873c4471c76f
Napping for 0.676772 seconds...
	liking... {u'rate_limited_until': 1514326221293, u'likes_remaining': 0, u'match': False}
Aww, it's not a match:(
name: Audrey, id: 50ea2b4852b0798c72000dbb
Napping for 1.043778 seconds...
	liking... {u'rate_limited_until': 1514326221293, u'likes_remaining': 0, u'match': False}
Aww, it's not a match:(
name: AshleyMae, id: 55adfa09d51b4cd85f7d5aa5
Napping for 0.418560 seconds...
	liking... {u'rate_limited_until': 1514326221293, u'likes_remaining': 0, u'match': False}
Aww, it's not a match:(
name: Maddy, id: 523418404e2e7ac935000137
Napping for 0.452854 seconds...
	liking... {u'rate_limited_until': 1514326221293, u'likes_remaining': 0, u'match': False}
Aww, it's not a match:(
name: Kendra, id: 5a3dc03156899e25259e4286
Napping for 0.592550 seconds...
	liking... {u'rate_limited_until': 1514326221293, u'likes_remaining': 0, u'match': False}
Aww, it's not a match:(
name: AshleyMae, id: 55adfa09d51b4cd85f7d5aa5
Napping for 1.116549 seconds...
	liking... {u'rate_limited_until': 1514326221293, u'likes_remaining': 0, u'match': False}
Aww, it's not a match:(
name: Claire, id: 55cc3ca8e26cb74852b08917
Napping for 1.041556 seconds...
	liking... {u'rate_limited_until': 1514326221293, u'likes_remaining': 0, u'match': False}
Aww, it's not a match:(
name: Emmy, id: 59e454174094b87533e3f1a6
Napping for 0.400744 seconds...
	liking... {u'rate_limited_until': 1514326221293, u'likes_remaining': 0, u'match': False}
Aww, it's not a match:(
name: Sydney, id: 59de65bdf5eb276334929e63
Napping for 0.371028 seconds...
	liking... {u'rate_limited_until': 1514326221293, u'likes_remaining': 0, u'match': False}
Aww, it's not a match:(
name: Brittni, id: 589e8f9322204a3416d90dab
Napping for 0.106658 seconds...
	liking... {u'rate_limited_until': 1514326221293, u'likes_remaining': 0, u'match': False}
Aww, it's not a match:(
name: Francesca, id: 59e7cc4caa6d127e5cff3eb0
Napping for 0.296665 seconds...
	liking... {u'rate_limited_until': 1514326221293, u'likes_remaining': 0, u'match': False}
Aww, it's not a match:(
name: Amelia, id: 5a26475cbc08658f77cfb9bc
Napping for 0.939428 seconds...
	liking... {u'rate_limited_until': 1514326221293, u'likes_remaining': 0, u'match': False}
Aww, it's not a match:(
name: Amanda, id: 533df1be87ef803e6c002b7b
Napping for 0.402250 seconds...
	liking... {u'rate_limited_until': 1514326221293, u'likes_remaining': 0, u'match': False}
Aww, it's not a match:(
name: Sharleen, id: 5a3a0359afa44416269c54d6
Napping for 0.115438 seconds...
	liking... {u'rate_limited_until': 1514326221293, u'likes_remaining': 0, u'match': False}
Aww, it's not a match:(
name: Vivian, id: 5a4055f92eced07167405253
Napping for 0.114414 seconds...
	liking... {u'rate_limited_until': 1514326221293, u'likes_remaining': 0, u'match': False}
Aww, it's not a match:(
name: AshleyMae, id: 55adfa09d51b4cd85f7d5aa5
Napping for 0.881193 seconds...
	liking... {u'rate_limited_until': 1514326221293, u'likes_remaining': 0, u'match': False}
Aww, it's not a match:(
name: Hailey, id: 59b371a51d1b38ae3cb7e6b5
Napping for 1.095185 seconds...
	liking... {u'rate_limited_until': 1514326221293, u'likes_remaining': 0, u'match': False}
Aww, it's not a match:(
name: Stella, id: 5a4006739e6f7d692581e5c9
Napping for 0.632301 seconds...
	liking... {u'rate_limited_until': 1514326221293, u'likes_remaining': 0, u'match': False}
Aww, it's not a match:(
name: Tasneem, id: 581cf3c6e4f626677b09f4d2
Napping for 0.299156 seconds...
	liking... {u'rate_limited_until': 1514326221293, u'likes_remaining': 0, u'match': False}
Aww, it's not a match:(
name: Taylor, id: 5a2e2db3c42152b316793664
Napping for 0.418518 seconds...
	liking... {u'rate_limited_until': 1514326221293, u'likes_remaining': 0, u'match': False}
Aww, it's not a match:(
name: Jossie, id: 5a05153b9ff213da03e75ef7
Napping for 0.344397 seconds...
	liking... {u'rate_limited_until': 1514326221293, u'likes_remaining': 0, u'match': False}
Aww, it's not a match:(
name: Caterina, id: 56db7b4296e26d77015d0df2
Napping for 0.876672 seconds...
	liking... {u'rate_limited_until': 1514326221293, u'likes_remaining': 0, u'match': False}
Aww, it's not a match:(
name: Christine, id: 54106cdacf530a464a28c6d6
Napping for 0.664683 seconds...
	liking... {u'rate_limited_until': 1514326221293, u'likes_remaining': 0, u'match': False}
Aww, it's not a match:(
name: Marissa, id: 57c240ec333c808d10a05eff
Napping for 1.068776 seconds...
	liking... {u'rate_limited_until': 1514326221293, u'likes_remaining': 0, u'match': False}
Aww, it's not a match:(
name: Gabriella, id: 541638a8a1ea5add4cf493c8
Napping for 0.999361 seconds...
	liking... {u'rate_limited_until': 1514326221293, u'likes_remaining': 0, u'match': False}
Aww, it's not a match:(
name: Shelly Wu, id: 5a373096e4953290059771b1
Napping for 0.622862 seconds...
	liking... {u'rate_limited_until': 1514326221293, u'likes_remaining': 0, u'match': False}
Aww, it's not a match:(
name: AshleyMae, id: 55adfa09d51b4cd85f7d5aa5
Napping for 0.391710 seconds...
	liking... {u'rate_limited_until': 1514326221293, u'likes_remaining': 0, u'match': False}
Aww, it's not a match:(
name: Sarah, id: 53714f1433ec04e3030048a1
Napping for 1.066801 seconds...
	liking... {u'rate_limited_until': 1514326221293, u'likes_remaining': 0, u'match': False}
Aww, it's not a match:(
name: Angela, id: 5a2864c0a9428ff32fcab0c2
Napping for 0.158859 seconds...
	liking... {u'rate_limited_until': 1514326221293, u'likes_remaining': 0, u'match': False}
Aww, it's not a match:(
name: Lisa, id: 59c85575602d0d5a3d2bba92
Napping for 1.166896 seconds...
	liking... {u'rate_limited_until': 1514326221293, u'likes_remaining': 0, u'match': False}
Aww, it's not a match:(
name: Anna, id: 59ed8347021ee7b5248f2f28
Napping for 0.653645 seconds...
	liking... {u'rate_limited_until': 1514326221293, u'likes_remaining': 0, u'match': False}
Aww, it's not a match:(
name: Tiana, id: 5a39ad49607d5a14312152e5
Napping for 0.809468 seconds...
	liking... {u'rate_limited_until': 1514326221293, u'likes_remaining': 0, u'match': False}
Aww, it's not a match:(
name: Slyn, id: 57aaa193518989095a98f3e3
Napping for 1.001090 seconds...
	liking... {u'rate_limited_until': 1514326221293, u'likes_remaining': 0, u'match': False}
Aww, it's not a match:(
name: Ugochi, id: 585a3fdc74c01be3297e12bb
Napping for 0.632568 seconds...
	liking... {u'rate_limited_until': 1514326221293, u'likes_remaining': 0, u'match': False}
Aww, it's not a match:(
