You have been successfully authorized!
running main
likes remaining: 0
name: AshleyMae, id: 55adfa09d51b4cd85f7d5aa5
Napping for 1.086366 seconds...
	liking... {u'rate_limited_until': 1514181501916, u'likes_remaining': 0, u'match': False}
Aww, it's not a match:(
name: AshleyMae, id: 55adfa09d51b4cd85f7d5aa5
Napping for 0.830577 seconds...
	liking... {u'rate_limited_until': 1514181501916, u'likes_remaining': 0, u'match': False}
Aww, it's not a match:(
name: Acacia, id: 58db6c30b8aac1000cbd3825
Napping for 0.329550 seconds...
	liking... {u'rate_limited_until': 1514181501916, u'likes_remaining': 0, u'match': False}
Aww, it's not a match:(
name: AshleyMae, id: 55adfa09d51b4cd85f7d5aa5
Napping for 0.192570 seconds...
	liking... {u'rate_limited_until': 1514181501916, u'likes_remaining': 0, u'match': False}
Aww, it's not a match:(
name: Kassi, id: 5466d87ce479f51557a33895
Napping for 0.106921 seconds...
	liking... {u'rate_limited_until': 1514181501916, u'likes_remaining': 0, u'match': False}
Aww, it's not a match:(
name: AshleyMae, id: 55adfa09d51b4cd85f7d5aa5
Napping for 0.886159 seconds...
	liking... {u'rate_limited_until': 1514181501916, u'likes_remaining': 0, u'match': False}
Aww, it's not a match:(
name: AshleyMae, id: 55adfa09d51b4cd85f7d5aa5
Napping for 0.079453 seconds...
	liking... {u'rate_limited_until': 1514181501916, u'likes_remaining': 0, u'match': False}
Aww, it's not a match:(
name: AshleyMae, id: 55adfa09d51b4cd85f7d5aa5
Napping for 0.741448 seconds...
	liking... {u'rate_limited_until': 1514181501916, u'likes_remaining': 0, u'match': False}
Aww, it's not a match:(
name: AshleyMae, id: 55adfa09d51b4cd85f7d5aa5
Napping for 0.115884 seconds...
	liking... {u'rate_limited_until': 1514181501916, u'likes_remaining': 0, u'match': False}
Aww, it's not a match:(
name: AshleyMae, id: 55adfa09d51b4cd85f7d5aa5
Napping for 1.027154 seconds...
	liking... {u'rate_limited_until': 1514181501916, u'likes_remaining': 0, u'match': False}
Aww, it's not a match:(
name: Kat, id: 59c1a3dc3d56b3bc35c17f2f
Napping for 0.105446 seconds...
	liking... {u'rate_limited_until': 1514181501916, u'likes_remaining': 0, u'match': False}
Aww, it's not a match:(
name: Rebecca, id: 59f8c404de6138800cd75f6b
Napping for 0.117124 seconds...
	liking... {u'rate_limited_until': 1514181501916, u'likes_remaining': 0, u'match': False}
Aww, it's not a match:(
name: Madeline, id: 5892c734eada19f404f0b0ef
Napping for 0.591113 seconds...
	liking... {u'rate_limited_until': 1514181501916, u'likes_remaining': 0, u'match': False}
Aww, it's not a match:(
name: AshleyMae, id: 55adfa09d51b4cd85f7d5aa5
Napping for 0.119835 seconds...
	liking... {u'rate_limited_until': 1514181501916, u'likes_remaining': 0, u'match': False}
Aww, it's not a match:(
name: Nikki, id: 59dee96669554a00155e723b
Napping for 0.922137 seconds...
	liking... {u'rate_limited_until': 1514181501916, u'likes_remaining': 0, u'match': False}
Aww, it's not a match:(
name: AshleyMae, id: 55adfa09d51b4cd85f7d5aa5
Napping for 0.545515 seconds...
	liking... {u'rate_limited_until': 1514181501916, u'likes_remaining': 0, u'match': False}
Aww, it's not a match:(
name: Sarah, id: 5896cfc108ba58e05c2c43c7
Napping for 1.081468 seconds...
	liking... {u'rate_limited_until': 1514181501916, u'likes_remaining': 0, u'match': False}
Aww, it's not a match:(
name: AshleyMae, id: 55adfa09d51b4cd85f7d5aa5
Napping for 1.058610 seconds...
	liking... {u'rate_limited_until': 1514181501916, u'likes_remaining': 0, u'match': False}
Aww, it's not a match:(
name: Maria, id: 5791afc998ed09bf68218335
Napping for 0.111794 seconds...
	liking... {u'rate_limited_until': 1514181501916, u'likes_remaining': 0, u'match': False}
Aww, it's not a match:(
name: AshleyMae, id: 55adfa09d51b4cd85f7d5aa5
Napping for 0.426411 seconds...
	liking... {u'rate_limited_until': 1514181501916, u'likes_remaining': 0, u'match': False}
Aww, it's not a match:(
name: AshleyMae, id: 55adfa09d51b4cd85f7d5aa5
Napping for 0.529280 seconds...
	liking... {u'rate_limited_until': 1514181501916, u'likes_remaining': 0, u'match': False}
Aww, it's not a match:(
name: AshleyMae, id: 55adfa09d51b4cd85f7d5aa5
Napping for 1.110954 seconds...
	liking... {u'rate_limited_until': 1514181501916, u'likes_remaining': 0, u'match': False}
Aww, it's not a match:(
name: Alina, id: 5a3c44ddbb8459f977aed56b
Napping for 0.105897 seconds...
	liking... {u'rate_limited_until': 1514181501916, u'likes_remaining': 0, u'match': False}
Aww, it's not a match:(
name: AshleyMae, id: 55adfa09d51b4cd85f7d5aa5
Napping for 0.059383 seconds...
	liking... {u'rate_limited_until': 1514181501916, u'likes_remaining': 0, u'match': False}
Aww, it's not a match:(
name: AshleyMae, id: 55adfa09d51b4cd85f7d5aa5
Napping for 1.174626 seconds...
	liking... {u'rate_limited_until': 1514181501916, u'likes_remaining': 0, u'match': False}
Aww, it's not a match:(
name: Michaela, id: 5a3f47b34584d1451e499ddc
Napping for 0.256904 seconds...
	liking... {u'rate_limited_until': 1514181501916, u'likes_remaining': 0, u'match': False}
Aww, it's not a match:(
name: La, id: 51df4eae2999a1df330004ec
Napping for 1.110558 seconds...
	liking... {u'rate_limited_until': 1514181501916, u'likes_remaining': 0, u'match': False}
Aww, it's not a match:(
name: AshleyMae, id: 55adfa09d51b4cd85f7d5aa5
Napping for 1.111072 seconds...
	liking... {u'rate_limited_until': 1514181501916, u'likes_remaining': 0, u'match': False}
Aww, it's not a match:(
name: Shana, id: 52e4e722503b3b046d000028
Napping for 0.009645 seconds...
	liking... {u'rate_limited_until': 1514181501916, u'likes_remaining': 0, u'match': False}
Aww, it's not a match:(
name: AshleyMae, id: 55adfa09d51b4cd85f7d5aa5
Napping for 1.161997 seconds...
	liking... {u'rate_limited_until': 1514181501916, u'likes_remaining': 0, u'match': False}
Aww, it's not a match:(
name: Kayla, id: 5748046328e114d914ca4c78
Napping for 0.435258 seconds...
	liking... {u'rate_limited_until': 1514181501916, u'likes_remaining': 0, u'match': False}
Aww, it's not a match:(
name: AshleyMae, id: 55adfa09d51b4cd85f7d5aa5
Napping for 0.205215 seconds...
	liking... {u'rate_limited_until': 1514181501916, u'likes_remaining': 0, u'match': False}
Aww, it's not a match:(
name: AshleyMae, id: 55adfa09d51b4cd85f7d5aa5
Napping for 0.885352 seconds...
	liking... {u'rate_limited_until': 1514181501916, u'likes_remaining': 0, u'match': False}
Aww, it's not a match:(
