You have been successfully authorized!
running main
likes remaining: 100
name: Drea, id: 5a3295b135e23591160fb4a4
Napping for 1.132414 seconds...
	liking... {u'likes_remaining': 100, u'match': False}
Aww, it's not a match:(
name: Shannon, id: 58f2e5e87f2d571a0bd7e802
Napping for 0.927363 seconds...
	liking... {u'likes_remaining': 100, u'match': False}
Aww, it's not a match:(
name: Mariana, id: 5717c57b90350de518e573ce
Napping for 0.913305 seconds...
	liking... {u'likes_remaining': 100, u'match': False}
Aww, it's not a match:(
name: Linh, id: 59b0931ec02b2a794ffea87f
Napping for 0.625038 seconds...
	liking... {u'likes_remaining': 100, u'match': False}
Aww, it's not a match:(
name: Chephrena, id: 5889b74ba5226cc762fa053b
Napping for 0.900603 seconds...
	liking... {u'likes_remaining': 100, u'match': False}
Aww, it's not a match:(
name: Julia, id: 58803a9ffe1837d8064d75a1
Napping for 0.976382 seconds...
	liking... {u'likes_remaining': 100, u'match': False}
Aww, it's not a match:(
name: Grace, id: 59dd4a3b88bf50571518dd66
Napping for 1.062764 seconds...
	liking... {u'likes_remaining': 100, u'match': False}
Aww, it's not a match:(
name: Annie, id: 52a5831553431d7019000002
Napping for 0.006917 seconds...
	liking... {u'likes_remaining': 100, u'match': False}
Aww, it's not a match:(
name: Aster, id: 591ef1939626b5b248419208
Napping for 0.947051 seconds...
	liking... {u'likes_remaining': 100, u'match': False}
Aww, it's not a match:(
name: Santa, id: 5a3a9a78745e0c8a791275eb
Napping for 0.837985 seconds...
	is_brand, will left-swipe now {u'status': 200}
name: Josee, id: 59aced7dc98b800d2c7816ff
Napping for 0.361886 seconds...
	liking... {u'likes_remaining': 100, u'match': False}
Aww, it's not a match:(
name: Angela, id: 5285d7ef388ee4d320000026
Napping for 0.491913 seconds...
	liking... {u'likes_remaining': 100, u'match': False}
Aww, it's not a match:(
name: Katy, id: 5a348af08c464cb70ff6b4d3
Napping for 0.353921 seconds...
	liking... {u'likes_remaining': 100, u'match': False}
Aww, it's not a match:(
name: Sabrina, id: 541bb2baa88442a36ac0d8e1
Napping for 0.037312 seconds...
	liking... {u'likes_remaining': 100, u'match': False}
Aww, it's not a match:(
name: Amanda, id: 5a39ebc414181c5332adbd7a
Napping for 0.146138 seconds...
	liking... {u'likes_remaining': 100, u'match': False}
Aww, it's not a match:(
name: Simone, id: 5987f87fb5bf4435670acfa0
Napping for 1.073450 seconds...
	liking... {u'likes_remaining': 100, u'match': False}
Aww, it's not a match:(
name: Hayley, id: 5a398d91e3cd914631f2cb91
Napping for 0.271768 seconds...
	liking... {u'likes_remaining': 100, u'match': False}
Aww, it's not a match:(
name: Sioned, id: 5467e9bdef613f6502198a10
Napping for 0.486582 seconds...
	liking... {u'likes_remaining': 100, u'match': False}
Aww, it's not a match:(
name: Neelina, id: 56d14dbb5190d6c52b8f3aec
Napping for 0.832845 seconds...
	liking... {u'likes_remaining': 100, u'match': False}
Aww, it's not a match:(
name: Molly, id: 55a4c2a394ef709f06bba999
Napping for 1.117359 seconds...
	liking... {u'likes_remaining': 100, u'match': False}
Aww, it's not a match:(
name: Gaby, id: 59ec4b18b3b982a907f8e4a7
Napping for 0.281601 seconds...
	liking... {u'likes_remaining': 100, u'match': False}
Aww, it's not a match:(
name: Alexis, id: 58d356df552cb5a1041aa5ec
Napping for 0.862528 seconds...
	liking... {u'likes_remaining': 100, u'match': False}
Aww, it's not a match:(
name: Dimyana, id: 53ed2d7196a98cd83ed9ef67
Napping for 0.508959 seconds...
	liking... {u'likes_remaining': 100, u'match': False}
Aww, it's not a match:(
name: Sarah, id: 54347b1880a405c106faee4b
Napping for 0.359768 seconds...
	liking... {u'likes_remaining': 100, u'match': False}
Aww, it's not a match:(
name: Roxana, id: 5a3a0f72539b43ea3070f1ab
Napping for 1.060096 seconds...
	liking... {u'likes_remaining': 100, u'match': False}
Aww, it's not a match:(
name: Marina, id: 56ab2702ea37ce4b20e6c6e3
Napping for 0.883887 seconds...
	liking... {u'likes_remaining': 100, u'match': False}
Aww, it's not a match:(
name: Alison, id: 59e7a433de95da967ce38113
Napping for 1.024369 seconds...
	liking... {u'likes_remaining': 100, u'match': False}
Aww, it's not a match:(
name: Alanna, id: 5299be7e11558bed65000172
Napping for 1.035294 seconds...
	liking... {u'likes_remaining': 100, u'match': False}
Aww, it's not a match:(
name: Robin, id: 5a31a43db76904150dad0d80
Napping for 0.471137 seconds...
	liking... {u'likes_remaining': 100, u'match': False}
Aww, it's not a match:(
name: Mariah, id: 5a2e19394ce394d41651fd44
Napping for 0.549451 seconds...
	liking... {u'likes_remaining': 100, u'match': False}
Aww, it's not a match:(
name: Amy, id: 5178d214ff01b4101300009d
Napping for 1.109137 seconds...
	liking... {u'likes_remaining': 100, u'match': False}
Aww, it's not a match:(
name: Teri, id: 5a19eb8cff59cbf76c1fcb37
Napping for 0.926037 seconds...
	liking... {u'likes_remaining': 100, u'match': False}
Aww, it's not a match:(
name: Hailey, id: 589c3355ea78781e48ac5bbd
Napping for 1.026165 seconds...
	liking... {u'likes_remaining': 100, u'match': False}
Aww, it's not a match:(
name: Rebecca, id: 5a233b7cc599fa6d77c83623
Napping for 0.540970 seconds...
	liking... {u'likes_remaining': 100, u'match': False}
Aww, it's not a match:(
name: Katharina, id: 52f3e93db08ec1c81a00046c
Napping for 0.407522 seconds...
	liking... {u'likes_remaining': 100, u'match': False}
Aww, it's not a match:(
name: Juli, id: 59e4302a4094b87533e3de6a
Napping for 0.170436 seconds...
	liking... {u'likes_remaining': 100, u'match': False}
Aww, it's not a match:(
name: Jenny, id: 55c124d9bfdebd7366a424a6
Napping for 0.070187 seconds...
	liking... {u'likes_remaining': 100, u'match': False}
Aww, it's not a match:(
name: Sarah, id: 59c96eea8674ba0b7e0a85c7
Napping for 1.178679 seconds...
	liking... {u'likes_remaining': 100, u'match': False}
Aww, it's not a match:(
name: Sav, id: 5a24d2020818fb3d7d7b2d18
Napping for 0.443945 seconds...
	liking... {u'likes_remaining': 100, u'match': False}
Aww, it's not a match:(
name: Lexi, id: 516754ca7bcc46a40f0005ac
Napping for 1.101340 seconds...
	liking... {u'likes_remaining': 100, u'match': False}
Aww, it's not a match:(
name: Emily, id: 59fd4c0e287d547c57a36f07
Napping for 0.163107 seconds...
	liking... {u'likes_remaining': 100, u'match': False}
Aww, it's not a match:(
name: Satara, id: 59d6128641998a531c717fe1
Napping for 0.413792 seconds...
	liking... {u'likes_remaining': 100, u'match': False}
Aww, it's not a match:(
name: Valeriya, id: 54d7ddfe16167e9a47baae71
Napping for 0.525019 seconds...
	liking... {u'likes_remaining': 100, u'match': False}
Aww, it's not a match:(
name: Janelle, id: 59c0975ad134935f45992af7
Napping for 1.001298 seconds...
	liking... {u'likes_remaining': 100, u'match': False}
Aww, it's not a match:(
name: Aveling, id: 540c085285e910aa5ddd9049
Napping for 0.089115 seconds...
	liking... {u'likes_remaining': 100, u'match': False}
Aww, it's not a match:(
name: Betsabe, id: 5a1aaa23d9154a1169a9e81a
Napping for 1.172836 seconds...
	liking... {u'likes_remaining': 100, u'match': False}
Aww, it's not a match:(
name: Amanda, id: 5a067e12242e0c62050001e8
Napping for 1.157516 seconds...
	liking... {u'likes_remaining': 100, u'match': False}
Aww, it's not a match:(
name: Maddy, id: 5a1a0e12d9154a1169a95179
Napping for 0.541645 seconds...
	liking... {u'likes_remaining': 100, u'match': False}
Aww, it's not a match:(
name: Cecilia, id: 57c323a588d4e852744c7e07
Napping for 0.325078 seconds...
	liking... {u'likes_remaining': 100, u'match': False}
Aww, it's not a match:(
name: Molly, id: 54ab5b20a1ca93e276fefb18
Napping for 1.162871 seconds...
	liking... {u'likes_remaining': 100, u'match': False}
Aww, it's not a match:(
name: Ashly, id: 56a49361d1cc479a076a49b8
Napping for 0.469673 seconds...
	liking... {u'likes_remaining': 100, u'match': False}
Aww, it's not a match:(
name: Toyin, id: 590e5e38aa4a0bc10c258074
Napping for 0.841280 seconds...
	liking... {u'likes_remaining': 100, u'match': False}
Aww, it's not a match:(
