You have been successfully authorized!
running main
likes remaining: 100
name: Kielcy, id: 5a6aef3923ff09ea0911f5b8
Napping for 0.962421 seconds...
	liking... {u'likes_remaining': 100, u'match': False}
Aww, it's not a match:(
name: Ivy, id: 5a66da34b8c560fe658404b1
Napping for 0.265873 seconds...
	liking... {u'likes_remaining': 100, u'match': False}
Aww, it's not a match:(
name: Kait, id: 59b514902bb628d731701052
Napping for 1.195858 seconds...
	liking... {u'likes_remaining': 100, u'match': False}
Aww, it's not a match:(
name: Vicky, id: 53538d4ba1d846e423001283
Napping for 0.761961 seconds...
	liking... {u'likes_remaining': 100, u'match': False}
Aww, it's not a match:(
name: Alice, id: 5a657e40e7bd253c44f4d27b
Napping for 0.907890 seconds...
	liking... {u'likes_remaining': 100, u'match': False}
Aww, it's not a match:(
name: Cassie, id: 5940d753424196731d94463f
Napping for 1.108659 seconds...
	liking... {u'likes_remaining': 100, u'match': False}
Aww, it's not a match:(
name: Malaika, id: 5a66751761fa3b0e36567550
Napping for 0.243272 seconds...
	liking... {u'likes_remaining': 100, u'match': False}
Aww, it's not a match:(
name: Prisilla, id: 59d1ebd9eb6999bd70ac06bb
Napping for 0.740093 seconds...
	liking... {u'likes_remaining': 100, u'match': False}
Aww, it's not a match:(
name: Anyssa, id: 5a598bd08a4213f9267638b2
Napping for 0.403479 seconds...
	liking... {u'likes_remaining': 100, u'match': False}
Aww, it's not a match:(
name: Stacy, id: 5a6add47f10d31a17ae20fc9
Napping for 1.002375 seconds...
	liking... {u'likes_remaining': 100, u'match': False}
Aww, it's not a match:(
name: Adrie, id: 574fd55cd0ba133b15ed342d
Napping for 1.056931 seconds...
	liking... {u'likes_remaining': 100, u'match': False}
Aww, it's not a match:(
name: Jo, id: 5a6abbd79781aebb7a71995c
Napping for 1.137855 seconds...
	liking... {u'likes_remaining': 100, u'match': False}
Aww, it's not a match:(
name: Karly, id: 552d2c3b27c289cf738e82e2
Napping for 0.001497 seconds...
	liking... {u'likes_remaining': 100, u'match': {u'common_like_count': 0, u'is_super_like': False, u'common_friend_count': 0, u'is_fast_match': False, u'is_boost_match': False, u'messages': [], u'last_activity_date': u'2018-01-26T18:05:17.771Z', u'dead': False, u'message_count': 0, u'participants': [u'5411d98b8ce312114adedd68', u'552d2c3b27c289cf738e82e2'], u'closed': False, u'created_date': u'2018-01-26T18:05:17.771Z', u'following': True, u'following_moments': True, u'_id': u'5411d98b8ce312114adedd68552d2c3b27c289cf738e82e2', u'pending': False}}
It's a match!
name: Sara, id: 55068cdbc34d9372335a6746
Napping for 0.556843 seconds...
	liking... {u'likes_remaining': 100, u'match': False}
Aww, it's not a match:(
name: Kate, id: 5a6b0157780fb0cf09ff5bd5
Napping for 0.235367 seconds...
	liking... {u'likes_remaining': 100, u'match': False}
Aww, it's not a match:(
name: Cathie, id: 5a6aebd7f10d31a17ae21cc1
Napping for 0.920566 seconds...
	liking... {u'likes_remaining': 100, u'match': False}
Aww, it's not a match:(
name: Monica, id: 5a6ae1a31fb6a47f0ccaa838
Napping for 1.058250 seconds...
	liking... {u'likes_remaining': 100, u'match': False}
Aww, it's not a match:(
name: Marlena, id: 5a4e8bde6457c253027561b5
Napping for 0.927487 seconds...
	liking... {u'likes_remaining': 100, u'match': False}
Aww, it's not a match:(
name: Amani, id: 5a6ad9e51fb6a47f0ccaa39d
Napping for 0.249359 seconds...
	liking... {u'likes_remaining': 100, u'match': False}
Aww, it's not a match:(
name: Nicole, id: 55ea2776c571aded2ef01475
Napping for 0.960546 seconds...
	liking... {u'likes_remaining': 100, u'match': False}
Aww, it's not a match:(
name: Jessica, id: 586bdb97f6efd0fe343eac43
Napping for 0.273238 seconds...
	liking... {u'likes_remaining': 100, u'match': False}
Aww, it's not a match:(
name: Tionne, id: 5a6abf4acb42ccb4090173b1
Napping for 0.041146 seconds...
	liking... {u'likes_remaining': 100, u'match': False}
Aww, it's not a match:(
name: Sara, id: 514453b7209862952a00045c
Napping for 1.108915 seconds...
	liking... {u'likes_remaining': 100, u'match': False}
Aww, it's not a match:(
name: Lizbet, id: 5a654e370edefaa835ad63f2
Napping for 0.904793 seconds...
	liking... {u'likes_remaining': 100, u'match': False}
Aww, it's not a match:(
name: Laura, id: 5a66a3294b32b6c64525dc15
Napping for 0.515851 seconds...
	liking... {u'likes_remaining': 100, u'match': False}
Aww, it's not a match:(
name: Nancy, id: 5a6ac4eacb42ccb409017c4f
Napping for 0.833233 seconds...
	liking... {u'likes_remaining': 100, u'match': False}
Aww, it's not a match:(
name: Diana, id: 5a6aca0a05798f867afb0774
Napping for 0.351527 seconds...
	liking... {u'likes_remaining': 100, u'match': False}
Aww, it's not a match:(
name: Sam, id: 5459033ea2f3950c78f12a8f
Napping for 0.489499 seconds...
	liking... {u'likes_remaining': 100, u'match': False}
Aww, it's not a match:(
name: Ashlee, id: 53559001a0a3eda82a005423
Napping for 0.975569 seconds...
	liking... {u'likes_remaining': 100, u'match': False}
Aww, it's not a match:(
name: Irelynd, id: 591383d7f0a1a5af6e55186b
Napping for 0.755033 seconds...
	liking... {u'likes_remaining': 100, u'match': False}
Aww, it's not a match:(
name: Yudit, id: 5a6ad725780fb0cf09ff4017
Napping for 0.494435 seconds...
	liking... {u'likes_remaining': 100, u'match': False}
Aww, it's not a match:(
name: Becca, id: 5a6a9c77d5f734640c721f10
Napping for 1.081220 seconds...
	liking... {u'likes_remaining': 100, u'match': False}
Aww, it's not a match:(
name: Kallliope, id: 5a6ac36d1fb6a47f0cca8542
Napping for 0.139736 seconds...
	liking... {u'likes_remaining': 100, u'match': False}
Aww, it's not a match:(
name: Stephanie, id: 5a5eff950d6e7a0a1ab6406c
Napping for 0.050286 seconds...
	liking... {u'likes_remaining': 100, u'match': False}
Aww, it's not a match:(
name: Kay, id: 5a6adca4659c3a9a0c05aa6f
Napping for 0.729700 seconds...
	liking... {u'likes_remaining': 100, u'match': False}
Aww, it's not a match:(
name: Sara, id: 5a6ae0c8780fb0cf09ff46cc
Napping for 0.178031 seconds...
	liking... {u'likes_remaining': 100, u'match': False}
Aww, it's not a match:(
name: Candace, id: 55f45838b56cfbd8539edd0b
Napping for 0.475718 seconds...
	liking... {u'likes_remaining': 100, u'match': False}
Aww, it's not a match:(
name: Sharlice, id: 5a6ac40b4995371e2da1c3a2
Napping for 0.375416 seconds...
	liking... {u'likes_remaining': 100, u'match': False}
Aww, it's not a match:(
name: Novie, id: 5a64c7f130d69cd8352ec799
Napping for 0.842938 seconds...
	liking... {u'likes_remaining': 100, u'match': False}
Aww, it's not a match:(
name: Zoe, id: 58b66bcee63111f710c94e31
Napping for 0.273975 seconds...
	liking... {u'likes_remaining': 100, u'match': False}
Aww, it's not a match:(
name: Brittany, id: 52b14648504c325b0b00011d
Napping for 0.876083 seconds...
	liking... {u'likes_remaining': 100, u'match': False}
Aww, it's not a match:(
name: Vanessa, id: 517ee37a69fa8d4366000024
Napping for 0.442393 seconds...
	liking... {u'likes_remaining': 100, u'match': False}
Aww, it's not a match:(
name: Danielle, id: 58b12de87c3fc8706672e6eb
Napping for 0.813757 seconds...
	liking... {u'likes_remaining': 100, u'match': False}
Aww, it's not a match:(
name: Ashley, id: 5a6aa22323ff09ea0911ee17
Napping for 0.368183 seconds...
	liking... {u'likes_remaining': 100, u'match': False}
Aww, it's not a match:(
name: Kayla, id: 51c1378c2be21ee635000745
Napping for 0.357184 seconds...
	liking... {u'likes_remaining': 100, u'match': False}
Aww, it's not a match:(
name: Hala, id: 5a5ad1688a4213f926770062
Napping for 0.909508 seconds...
	liking... {u'likes_remaining': 100, u'match': False}
Aww, it's not a match:(
name: Christina, id: 5a6573b0ab67b94d461c9b08
Napping for 0.317073 seconds...
	liking... {u'likes_remaining': 100, u'match': False}
Aww, it's not a match:(
name: Cindy, id: 58e197ffd02961a83b0e3c67
Napping for 0.029294 seconds...
	liking... {u'likes_remaining': 100, u'match': False}
Aww, it's not a match:(
name: Nicole, id: 52df1f779a71bcca5600001a
Napping for 0.773046 seconds...
	liking... {u'likes_remaining': 100, u'match': False}
Aww, it's not a match:(
name: Abby S, id: 5a6a647d23ff09ea0911c02b
Napping for 0.067861 seconds...
	liking... {u'likes_remaining': 100, u'match': False}
Aww, it's not a match:(
name: Nhi, id: 54389bd5bd1fde2c15b45a30
Napping for 0.414601 seconds...
	liking... {u'likes_remaining': 100, u'match': False}
Aww, it's not a match:(
name: Tania, id: 5a6568ccccdbb7753514cd9d
Napping for 0.046521 seconds...
	liking... {u'likes_remaining': 100, u'match': False}
Aww, it's not a match:(
name: Priya, id: 59fe90c16cfb67215b79eaa8
Napping for 1.082916 seconds...
	liking... {u'likes_remaining': 100, u'match': False}
Aww, it's not a match:(
name: Danielle, id: 57a19d3abad74d6131635b57
Napping for 1.107215 seconds...
	liking... {u'likes_remaining': 100, u'match': False}
Aww, it's not a match:(
name: Anh P., id: 56b4f094562280c911089dbe
Napping for 0.014429 seconds...
	liking... {u'likes_remaining': 100, u'match': False}
Aww, it's not a match:(
name: Caroline, id: 5a5992cf253434f02ddfa21b
Napping for 0.740606 seconds...
	liking... {u'likes_remaining': 100, u'match': False}
Aww, it's not a match:(
name: Alexa, id: 52edaef196c90f4f7c000570
Napping for 0.544642 seconds...
	liking... {u'likes_remaining': 100, u'match': False}
Aww, it's not a match:(
name: Joseph, id: 5a6ad36a7ce9b199096da936
Napping for 0.517609 seconds...
	liking... {u'likes_remaining': 100, u'match': False}
Aww, it's not a match:(
name: Amanda, id: 577fa4162a5d6a040a444ff7
Napping for 0.506700 seconds...
	liking... {u'likes_remaining': 100, u'match': False}
Aww, it's not a match:(
name: Diana, id: 5a6aca0a05798f867afb0774
Napping for 0.777419 seconds...
	liking... {u'likes_remaining': 100, u'match': False}
Aww, it's not a match:(
name: Melissa, id: 5a67a2430811fb8d66aaccc1
Napping for 0.325253 seconds...
	liking... {u'likes_remaining': 100, u'match': False}
Aww, it's not a match:(
name: Jessica, id: 599a1d5f945d42a05c00eadf
Napping for 0.471142 seconds...
	liking... {u'likes_remaining': 100, u'match': False}
Aww, it's not a match:(
name: Laura, id: 597b33fb448800821ca17e0f
Napping for 0.543782 seconds...
	liking... {u'likes_remaining': 100, u'match': False}
Aww, it's not a match:(
name: Devyn, id: 583b78fa0f15bd2a58415fad
Napping for 1.058030 seconds...
	liking... {u'likes_remaining': 100, u'match': False}
Aww, it's not a match:(
name: Cindy, id: 5736496d7cbaeb251234ec41
Napping for 0.893752 seconds...
	liking... {u'likes_remaining': 100, u'match': False}
Aww, it's not a match:(
name: Maria, id: 5a62467a0811fb8d66a70fc9
Napping for 0.521705 seconds...
	liking... {u'likes_remaining': 100, u'match': False}
Aww, it's not a match:(
name: Gabriela, id: 5a6b57ecf10d31a17ae24a80
Napping for 0.769155 seconds...
	liking... {u'likes_remaining': 100, u'match': False}
Aww, it's not a match:(
name: Lyli, id: 582243579dec17466f15a446
Napping for 0.135534 seconds...
	liking... {u'likes_remaining': 100, u'match': False}
Aww, it's not a match:(
name: Cora, id: 59890c4a41b15391138e91d7
Napping for 0.895762 seconds...
	liking... {u'likes_remaining': 100, u'match': False}
Aww, it's not a match:(
name: Daisy, id: 5a5c111aa0bb942c1a4a1c0e
Napping for 0.832000 seconds...
	liking... {u'likes_remaining': 100, u'match': False}
Aww, it's not a match:(
name: Shivani, id: 591bd2c309d477036fa7078e
Napping for 0.379136 seconds...
	liking... {u'likes_remaining': 100, u'match': False}
Aww, it's not a match:(
name: Claudia, id: 594de5920ae1c266116720d4
Napping for 0.563704 seconds...
	liking... {u'likes_remaining': 100, u'match': False}
Aww, it's not a match:(
name: Bria, id: 5a66e3f930d69cd83530619f
Napping for 0.610832 seconds...
	liking... {u'likes_remaining': 100, u'match': False}
Aww, it's not a match:(
name: Melody, id: 55ce953a949db6016f5a69b2
Napping for 1.097349 seconds...
	liking... {u'likes_remaining': 100, u'match': False}
Aww, it's not a match:(
name: Ishaa, id: 5a6b62e3659c3a9a0c05fbde
Napping for 0.691710 seconds...
	liking... {u'likes_remaining': 100, u'match': False}
Aww, it's not a match:(
name: Alexis, id: 599dfe72846495396c942bc5
Napping for 0.842707 seconds...
	liking... {u'likes_remaining': 100, u'match': False}
Aww, it's not a match:(
name: Jessica, id: 5a6b54c44995371e2da232af
Napping for 1.052538 seconds...
	liking... {u'likes_remaining': 100, u'match': False}
Aww, it's not a match:(
name: Julie, id: 55d50951953784e60c90eafe
Napping for 0.907032 seconds...
	liking... {u'likes_remaining': 100, u'match': False}
Aww, it's not a match:(
name: Mel, id: 5a6ac69cf10d31a17ae1fd78
Napping for 0.891260 seconds...
	liking... {u'likes_remaining': 100, u'match': False}
Aww, it's not a match:(
name: Ari, id: 5a64808b0edefaa835accd00
Napping for 1.085353 seconds...
	liking... {u'likes_remaining': 100, u'match': False}
Aww, it's not a match:(
name: Paisley, id: 57bbea13d2664e830ab7bff0
Napping for 0.965609 seconds...
	liking... {u'likes_remaining': 100, u'match': False}
Aww, it's not a match:(
name: Jazmine, id: 5a653e351657e22346390e3e
Napping for 0.507409 seconds...
	liking... {u'likes_remaining': 100, u'match': False}
Aww, it's not a match:(
name: Chiu, id: 59c91302539465f97561202d
Napping for 0.239027 seconds...
	liking... {u'likes_remaining': 100, u'match': False}
Aww, it's not a match:(
name: Beata, id: 59da4f0905265a57265e2b3e
Napping for 0.063274 seconds...
	liking... {u'likes_remaining': 100, u'match': False}
Aww, it's not a match:(
name: Isabel, id: 5a6b031e8e32d6542ddcd94b
Napping for 1.104855 seconds...
	liking... {u'likes_remaining': 100, u'match': False}
Aww, it's not a match:(
name: Dee, id: 598d35e9f1724fa53e79d913
Napping for 0.376916 seconds...
	liking... {u'likes_remaining': 100, u'match': False}
Aww, it's not a match:(
name: Yoko, id: 5979622dc8fa83623c29f087
Napping for 0.121375 seconds...
	liking... {u'likes_remaining': 100, u'match': False}
Aww, it's not a match:(
name: Paola, id: 56ee6613d6c1e3bf23cdf255
Napping for 0.932244 seconds...
	liking... {u'likes_remaining': 100, u'match': False}
Aww, it's not a match:(
name: Alisha, id: 55176fb08876a9816cd54e69
Napping for 0.542506 seconds...
	liking... {u'likes_remaining': 100, u'match': False}
Aww, it's not a match:(
name: Cheyanne, id: 52164df0457e7b8d6100008d
Napping for 0.719063 seconds...
	liking... {u'likes_remaining': 100, u'match': False}
Aww, it's not a match:(
name: Nohemi, id: 5a6b037b05798f867afb184b
Napping for 0.161509 seconds...
	liking... {u'likes_remaining': 100, u'match': False}
Aww, it's not a match:(
name: Khrizia, id: 5a101cacc3a97eb37fbe8597
Napping for 0.789554 seconds...
	liking... {u'likes_remaining': 100, u'match': False}
Aww, it's not a match:(
name: Athena, id: 5a6929a2659c3a9a0c045696
Napping for 0.666663 seconds...
	liking... {u'likes_remaining': 100, u'match': False}
Aww, it's not a match:(
name: Rebeca, id: 5a6b42d1d5f734640c7283d1
Napping for 1.007335 seconds...
	liking... {u'likes_remaining': 100, u'match': False}
Aww, it's not a match:(
name: Maura, id: 58e083cbedd4af0577a05364
Napping for 0.515565 seconds...
	liking... {u'likes_remaining': 100, u'match': False}
Aww, it's not a match:(
name: Liz, id: 551edf92266e5d0a12f61ef2
Napping for 0.853101 seconds...
	liking... {u'likes_remaining': 100, u'match': False}
Aww, it's not a match:(
name: Claire, id: 55cd7a4bc5c79f5e529cf37c
Napping for 0.414834 seconds...
	liking... {u'rate_limited_until': 1517033203246, u'likes_remaining': 0, u'match': False}
Aww, it's not a match:(
out of likes. Closing...
name: Anokina, id: 57144c6700575cab0b74a4a9
Napping for 0.416268 seconds...
	liking... {u'rate_limited_until': 1517033203246, u'likes_remaining': 0, u'match': False}
Aww, it's not a match:(
out of likes. Closing...
name: Anisa, id: 53adbd5089daf2345f0f3ba0
Napping for 0.930517 seconds...
	liking... {u'rate_limited_until': 1517033203246, u'likes_remaining': 0, u'match': False}
Aww, it's not a match:(
out of likes. Closing...
name: Daisy, id: 557f48c5d8b0fb96317ed5f6
Napping for 0.182162 seconds...
	liking... {u'rate_limited_until': 1517033203246, u'likes_remaining': 0, u'match': False}
Aww, it's not a match:(
out of likes. Closing...
name: Julia, id: 560786317ead1970322d5831
Napping for 0.477577 seconds...
	liking... {u'rate_limited_until': 1517033203246, u'likes_remaining': 0, u'match': False}
Aww, it's not a match:(
out of likes. Closing...
name: Alejandra, id: 5a6b0a314995371e2da21616
Napping for 0.472772 seconds...
	liking... {u'rate_limited_until': 1517033203246, u'likes_remaining': 0, u'match': False}
Aww, it's not a match:(
out of likes. Closing...
name: Jamie, id: 559398e3a62f71c723e78a4b
Napping for 0.155451 seconds...
	liking... {u'rate_limited_until': 1517033203246, u'likes_remaining': 0, u'match': False}
Aww, it's not a match:(
out of likes. Closing...
name: Shani, id: 578ef5acd5e83091579c4e8f
Napping for 0.135481 seconds...
	liking... {u'rate_limited_until': 1517033203246, u'likes_remaining': 0, u'match': False}
Aww, it's not a match:(
out of likes. Closing...
name: Danica, id: 5a1fa6b1ff59cbf76c24e061
Napping for 0.323996 seconds...
	liking... {u'rate_limited_until': 1517033203246, u'likes_remaining': 0, u'match': False}
Aww, it's not a match:(
out of likes. Closing...
name: Liz, id: 56e38325bd054bf62fbfa1ae
Napping for 0.569862 seconds...
	liking... {u'rate_limited_until': 1517033203246, u'likes_remaining': 0, u'match': False}
Aww, it's not a match:(
out of likes. Closing...
name: Shannon, id: 54cddf50dbf6094b1bbf897b
Napping for 0.326106 seconds...
	liking... {u'rate_limited_until': 1517033203246, u'likes_remaining': 0, u'match': False}
Aww, it's not a match:(
out of likes. Closing...
name: Marissa, id: 5514755de024b686719e9f50
Napping for 0.819837 seconds...
	liking... {u'rate_limited_until': 1517033203246, u'likes_remaining': 0, u'match': False}
Aww, it's not a match:(
out of likes. Closing...
name: Iris, id: 59fd0535cac7accc55be4908
Napping for 1.105085 seconds...
	liking... {u'rate_limited_until': 1517033203246, u'likes_remaining': 0, u'match': False}
Aww, it's not a match:(
out of likes. Closing...
name: Katherine, id: 55cacddd451fae174909ea83
Napping for 1.194260 seconds...
	liking... {u'rate_limited_until': 1517033203246, u'likes_remaining': 0, u'match': False}
Aww, it's not a match:(
out of likes. Closing...
