You have been successfully authorized!
running main
likes remaining: 100
name: Farideh, id: 589938766505207d0a4fa96c
Napping for 0.880561 seconds...
	liking... {u'likes_remaining': 100, u'match': False}
Aww, it's not a match:(
name: Cheyenne, id: 56a33879636722e62a4ee41d
Napping for 0.722892 seconds...
	liking... {u'likes_remaining': 100, u'match': False}
Aww, it's not a match:(
name: Mariam, id: 5a25e54d9980c6f903514011
Napping for 0.876219 seconds...
	liking... {u'likes_remaining': 100, u'match': False}
Aww, it's not a match:(
name: Kristina, id: 5743eee4959035880c6ce152
Napping for 0.494197 seconds...
	liking... {u'likes_remaining': 100, u'match': False}
Aww, it's not a match:(
name: Chrisly, id: 59854972b33bbdbd4ba09c3d
Napping for 0.683152 seconds...
	liking... {u'likes_remaining': 100, u'match': False}
Aww, it's not a match:(
name: Stella, id: 59cb38a819b567053816b8f3
Napping for 0.023831 seconds...
	liking... {u'likes_remaining': 100, u'match': False}
Aww, it's not a match:(
name: David, id: 59e9b81cac75988b24916551
Napping for 1.080052 seconds...
	liking... {u'likes_remaining': 100, u'match': False}
Aww, it's not a match:(
name: Ekta, id: 5a2ce8c55b39086f1657684b
Napping for 0.441264 seconds...
	liking... {u'likes_remaining': 100, u'match': False}
Aww, it's not a match:(
name: Natasha, id: 52c520bee9837dff02001cf3
Napping for 0.601158 seconds...
	liking... {u'likes_remaining': 100, u'match': False}
Aww, it's not a match:(
name: Ashley, id: 576def2f017e869a3a5f416e
Napping for 0.197148 seconds...
	liking... {u'likes_remaining': 100, u'match': False}
Aww, it's not a match:(
name: Judith, id: 5a302c91c32aba580dab25c7
Napping for 0.370394 seconds...
	liking... {u'likes_remaining': 100, u'match': False}
Aww, it's not a match:(
name: Carly, id: 57fb05ea1bfcf0874f873f7d
Napping for 0.293206 seconds...
	liking... {u'likes_remaining': 100, u'match': False}
Aww, it's not a match:(
name: Josey, id: 53d3500c8fcc677130281c02
Napping for 0.519778 seconds...
	liking... {u'likes_remaining': 100, u'match': False}
Aww, it's not a match:(
name: Melanie, id: 5a38640ee0982c697fd9f314
Napping for 1.177539 seconds...
	liking... {u'likes_remaining': 100, u'match': False}
Aww, it's not a match:(
name: Sayde, id: 57e0b2930b83e445440c8c86
Napping for 0.579179 seconds...
	liking... {u'likes_remaining': 100, u'match': False}
Aww, it's not a match:(
name: Rachael, id: 5a3845b0ca247b9413c8c2d6
Napping for 0.580809 seconds...
	liking... {u'likes_remaining': 100, u'match': False}
Aww, it's not a match:(
name: Arushi, id: 56736524e10a4dd117bdd333
Napping for 0.950771 seconds...
	liking... {u'likes_remaining': 100, u'match': False}
Aww, it's not a match:(
name: Mary, id: 59927ce8078917e74bc3eaa5
Napping for 0.255350 seconds...
	liking... {u'likes_remaining': 100, u'match': False}
Aww, it's not a match:(
name: Emily, id: 572f5c104745c5e40c1770c2
Napping for 0.816201 seconds...
	liking... {u'likes_remaining': 100, u'match': False}
Aww, it's not a match:(
name: Isabel, id: 5a111a708802dc4401469e27
Napping for 1.083469 seconds...
	liking... {u'likes_remaining': 100, u'match': False}
Aww, it's not a match:(
name: Sunna, id: 565d6382e28dad676fc1a436
Napping for 0.659341 seconds...
	liking... {u'likes_remaining': 100, u'match': False}
Aww, it's not a match:(
name: Haley, id: 586a0d6a232ed2485cf1a89e
Napping for 0.438675 seconds...
	liking... {u'likes_remaining': 100, u'match': False}
Aww, it's not a match:(
name: Jensie, id: 5a121c264141bf8f01289e03
Napping for 0.291594 seconds...
	liking... {u'likes_remaining': 100, u'match': False}
Aww, it's not a match:(
name: Chelsea, id: 5a389cd113838f3c7f8e49fb
Napping for 1.023555 seconds...
	liking... {u'likes_remaining': 100, u'match': False}
Aww, it's not a match:(
name: Tori, id: 52d0e586f77a63f314000af5
Napping for 0.991273 seconds...
	liking... {u'likes_remaining': 100, u'match': False}
Aww, it's not a match:(
name: Lauren, id: 597d68f13b73fd5a2985e4a5
Napping for 0.325383 seconds...
	liking... {u'likes_remaining': 100, u'match': False}
Aww, it's not a match:(
name: Candace, id: 59dee5363fed5bd614824892
Napping for 0.738445 seconds...
	liking... {u'likes_remaining': 100, u'match': False}
Aww, it's not a match:(
name: Venus, id: 5a38de7a39ca29937f489c9c
Napping for 0.118567 seconds...
	liking... {u'likes_remaining': 100, u'match': False}
Aww, it's not a match:(
name: Mariana, id: 5a392cd348673e6a133dad95
Napping for 0.619397 seconds...
	liking... {u'likes_remaining': 100, u'match': False}
Aww, it's not a match:(
name: Claudia, id: 569ee7a0490027d85f3a0dc7
Napping for 0.666760 seconds...
	liking... {u'likes_remaining': 100, u'match': False}
Aww, it's not a match:(
name: Ashley, id: 579f008433c7e3540b5aa34a
Napping for 0.964368 seconds...
	liking... {u'likes_remaining': 100, u'match': False}
Aww, it's not a match:(
name: Caroline, id: 561973a818d304bd3668343c
Napping for 1.067240 seconds...
	liking... {u'likes_remaining': 100, u'match': False}
Aww, it's not a match:(
name: Gabrielle, id: 599ce0d019af617f140c14e7
Napping for 0.180797 seconds...
	liking... {u'likes_remaining': 100, u'match': False}
Aww, it's not a match:(
name: April, id: 59be0d57e9dd767510bcfca0
Napping for 0.740659 seconds...
	liking... {u'likes_remaining': 100, u'match': False}
Aww, it's not a match:(
name: Chika, id: 5a3619aa7d0da8f30cd9ec02
Napping for 0.966228 seconds...
	liking... {u'likes_remaining': 100, u'match': False}
Aww, it's not a match:(
name: Carly, id: 58db3fbf9c34efee0f2ed318
Napping for 0.761710 seconds...
	liking... {u'likes_remaining': 100, u'match': False}
Aww, it's not a match:(
name: Sayali, id: 59adc473c98b800d2c78a756
Napping for 0.576354 seconds...
	liking... {u'likes_remaining': 100, u'match': False}
Aww, it's not a match:(
name: Hannah, id: 5a3866324f4517be130f9e50
Napping for 0.968417 seconds...
	liking... {u'likes_remaining': 100, u'match': False}
Aww, it's not a match:(
name: Lois, id: 55d41d6298e4c7702f76ebb2
Napping for 0.081288 seconds...
	liking... {u'likes_remaining': 100, u'match': False}
Aww, it's not a match:(
name: Nessa, id: 54bf53e7e4a8c3b321084702
Napping for 0.373559 seconds...
	liking... {u'likes_remaining': 100, u'match': False}
Aww, it's not a match:(
name: Chrissilda, id: 5a13b7ca984ed5f70b26a03a
Napping for 0.127846 seconds...
	liking... {u'likes_remaining': 100, u'match': False}
Aww, it's not a match:(
name: Kal, id: 56bd63df9b32c18301416b81
Napping for 0.073120 seconds...
	liking... {u'likes_remaining': 100, u'match': False}
Aww, it's not a match:(
name: Felicia, id: 5a283a9d9980c6f903534d27
Napping for 0.226960 seconds...
	liking... {u'likes_remaining': 100, u'match': False}
Aww, it's not a match:(
name: Ellen, id: 59acdee7804b5dcd02d9b17f
Napping for 0.549059 seconds...
	liking... {u'likes_remaining': 100, u'match': False}
Aww, it's not a match:(
name: Maddie, id: 5a35b766f75486d90fd938c2
Napping for 0.871728 seconds...
	liking... {u'likes_remaining': 100, u'match': False}
Aww, it's not a match:(
name: Erin, id: 55c4d0781a7f104121b5c10f
Napping for 0.477008 seconds...
	liking... {u'likes_remaining': 100, u'match': False}
Aww, it's not a match:(
name: Felinn, id: 57b270568b9d6e8b0aaa842c
Napping for 0.963727 seconds...
	liking... {u'likes_remaining': 100, u'match': False}
Aww, it's not a match:(
name: Danielle, id: 59dd8b123fed5bd614814806
Napping for 0.334247 seconds...
	liking... {u'likes_remaining': 100, u'match': False}
Aww, it's not a match:(
name: Amanda, id: 522c5d60c0f0df581400005a
Napping for 0.840791 seconds...
	liking... {u'likes_remaining': 100, u'match': False}
Aww, it's not a match:(
name: Karin, id: 59683356ab9bc5415e87a7b3
Napping for 0.202621 seconds...
	liking... {u'likes_remaining': 100, u'match': False}
Aww, it's not a match:(
name: Sophie, id: 51f489e8ec26cad41f000134
Napping for 0.786691 seconds...
	liking... {u'likes_remaining': 100, u'match': False}
Aww, it's not a match:(
name: Sam, id: 59c94424e93823db75b56319
Napping for 1.100728 seconds...
	liking... {u'likes_remaining': 100, u'match': False}
Aww, it's not a match:(
name: Morgan, id: 53c00fe504d55942656e4732
Napping for 1.004057 seconds...
	liking... {u'likes_remaining': 100, u'match': False}
Aww, it's not a match:(
name: Princess, id: 5a2236e51ee8aaf3071a83ed
Napping for 0.302225 seconds...
	liking... {u'likes_remaining': 100, u'match': False}
Aww, it's not a match:(
name: Sydney, id: 58e5baa2419362e10b9046cc
Napping for 0.750074 seconds...
	liking... {u'likes_remaining': 100, u'match': False}
Aww, it's not a match:(
name: Kenia, id: 577c4d0eddd39b590a2c3ae2
Napping for 0.069515 seconds...
	liking... {u'likes_remaining': 100, u'match': False}
Aww, it's not a match:(
name: Wendy, id: 53e8be868e062c2f44d61d4d
Napping for 1.160217 seconds...
	liking... {u'likes_remaining': 100, u'match': False}
Aww, it's not a match:(
name: Jo, id: 597c922a8716ea1e29c3d378
Napping for 0.091286 seconds...
	liking... {u'likes_remaining': 100, u'match': False}
Aww, it's not a match:(
name: Jenny, id: 599e3fdbd3a0b3292001bca7
Napping for 0.570286 seconds...
	liking... {u'likes_remaining': 100, u'match': False}
Aww, it's not a match:(
name: Emily, id: 59c49bd480d0c22136c9d063
Napping for 0.356033 seconds...
	liking... {u'likes_remaining': 100, u'match': False}
Aww, it's not a match:(
name: Rae, id: 5a16369b6dce70a963e7c461
Napping for 0.026304 seconds...
	liking... {u'likes_remaining': 100, u'match': False}
Aww, it's not a match:(
name: Ann Clarisse, id: 5736dd320bd85d6118a7f5d5
Napping for 0.305900 seconds...
	liking... {u'likes_remaining': 100, u'match': False}
Aww, it's not a match:(
name: Rachel, id: 59e83366b88423105d83abe1
Napping for 1.009127 seconds...
	liking... {u'likes_remaining': 100, u'match': False}
Aww, it's not a match:(
name: Cay, id: 598eb33cbc589e094c34c02b
Napping for 0.764701 seconds...
	liking... {u'likes_remaining': 100, u'match': False}
Aww, it's not a match:(
name: Alexa, id: 54262dbc132e1895688c0838
Napping for 0.612148 seconds...
	liking... {u'likes_remaining': 100, u'match': False}
Aww, it's not a match:(
name: Niana, id: 53d3f80cd8faf9f71f7f67f6
Napping for 1.145076 seconds...
	liking... {u'likes_remaining': 100, u'match': False}
Aww, it's not a match:(
name: Xiaoh, id: 59e3b47169554a001561a0e9
Napping for 0.755381 seconds...
	liking... {u'likes_remaining': 100, u'match': False}
Aww, it's not a match:(
name: Ashley Anne, id: 5a1a2c39b90c018263eee345
Napping for 1.132994 seconds...
	liking... {u'likes_remaining': 100, u'match': False}
Aww, it's not a match:(
name: Maja, id: 550349f2093516e87430c8c2
Napping for 0.118249 seconds...
	liking... {u'likes_remaining': 100, u'match': False}
Aww, it's not a match:(
name: Amanda, id: 5999560fac0e75295d38c32d
Napping for 0.796949 seconds...
	liking... {u'likes_remaining': 100, u'match': False}
Aww, it's not a match:(
name: Makaila, id: 540c9824700765e05e3fcecb
Napping for 0.589146 seconds...
	liking... {u'likes_remaining': 100, u'match': False}
Aww, it's not a match:(
name: Xing, id: 599cf4ab18560b52149666d3
Napping for 0.689843 seconds...
	liking... {u'likes_remaining': 100, u'match': False}
Aww, it's not a match:(
name: Sheryanne, id: 57d8643e51ae6b900bf04107
Napping for 0.283809 seconds...
	liking... {u'likes_remaining': 100, u'match': False}
Aww, it's not a match:(
name: Katrina, id: 58883736e752d0f947f44f6b
Napping for 0.285917 seconds...
	liking... {u'likes_remaining': 100, u'match': False}
Aww, it's not a match:(
name: Ariana, id: 5a0d1a485b328a2b71196b20
Napping for 0.714115 seconds...
	liking... {u'likes_remaining': 100, u'match': False}
Aww, it's not a match:(
name: Lisa, id: 57b532138103655d5e626ae9
Napping for 0.450622 seconds...
	liking... {u'likes_remaining': 100, u'match': False}
Aww, it's not a match:(
name: Kaila, id: 57d8d1da364ca9760bb9746c
Napping for 0.385535 seconds...
	liking... {u'likes_remaining': 100, u'match': False}
Aww, it's not a match:(
name: Page, id: 5a2261497a77a8d703029cdc
Napping for 1.049700 seconds...
	liking... {u'likes_remaining': 100, u'match': False}
Aww, it's not a match:(
name: Mehma, id: 5a37294db76904150db1223c
Napping for 0.922988 seconds...
	liking... {u'likes_remaining': 100, u'match': False}
Aww, it's not a match:(
name: Ana Carolina, id: 56d86930bc43db4e490fee01
Napping for 0.527418 seconds...
	liking... {u'likes_remaining': 100, u'match': False}
Aww, it's not a match:(
name: Carey, id: 5a3324362f46971c10559338
Napping for 0.559265 seconds...
	liking... {u'likes_remaining': 100, u'match': False}
Aww, it's not a match:(
name: Edith, id: 59a3b8c5bdc82efc1ff11ea4
Napping for 0.491540 seconds...
	liking... {u'likes_remaining': 100, u'match': False}
Aww, it's not a match:(
name: Bailie, id: 5a3073d9e49532900592a34f
Napping for 1.075022 seconds...
	liking... {u'likes_remaining': 100, u'match': False}
Aww, it's not a match:(
name: Lydia, id: 56f00f4b429db0bf29edf869
Napping for 0.730681 seconds...
	liking... {u'likes_remaining': 100, u'match': False}
Aww, it's not a match:(
name: Veronica, id: 5649aafcfdb8b38236cb5e45
Napping for 0.322360 seconds...
	liking... {u'likes_remaining': 100, u'match': False}
Aww, it's not a match:(
name: Jaelyn, id: 5a323bd68c464cb70ff57b35
Napping for 1.128877 seconds...
	liking... {u'likes_remaining': 100, u'match': False}
Aww, it's not a match:(
name: Samantha, id: 59e1c59488bf5057151be74a
Napping for 0.825445 seconds...
	liking... {u'likes_remaining': 100, u'match': False}
Aww, it's not a match:(
name: Brie, id: 59e966d1b3b982a907f710ef
Napping for 0.177062 seconds...
	liking... {u'likes_remaining': 100, u'match': False}
Aww, it's not a match:(
name: Lynnay, id: 55c5b421cd26362921953d1d
Napping for 0.836640 seconds...
	liking... {u'rate_limited_until': 1513748335526, u'likes_remaining': 0, u'match': False}
Aww, it's not a match:(
name: Julia, id: 5a334638b76904150dae4403
Napping for 0.147738 seconds...
	liking... {u'rate_limited_until': 1513748335526, u'likes_remaining': 0, u'match': False}
Aww, it's not a match:(
name: Angela, id: 5285d7ef388ee4d320000026
Napping for 1.046739 seconds...
	liking... {u'rate_limited_until': 1513748335526, u'likes_remaining': 0, u'match': False}
Aww, it's not a match:(
name: Lindsey, id: 56ada1e0ea37ce4b20e6f8e9
Napping for 0.408327 seconds...
	liking... {u'rate_limited_until': 1513748335526, u'likes_remaining': 0, u'match': False}
Aww, it's not a match:(
name: Erin, id: 5a1110d5fe5d86f67f4fe073
Napping for 0.673566 seconds...
	liking... {u'rate_limited_until': 1513748335526, u'likes_remaining': 0, u'match': False}
Aww, it's not a match:(
name: Alanna, id: 5299be7e11558bed65000172
Napping for 0.996905 seconds...
	liking... {u'rate_limited_until': 1513748335526, u'likes_remaining': 0, u'match': False}
Aww, it's not a match:(
name: Victoria, id: 59e432b888bf5057151d9d90
Napping for 0.576697 seconds...
	liking... {u'rate_limited_until': 1513748335526, u'likes_remaining': 0, u'match': False}
Aww, it's not a match:(
name: Colette, id: 5531ecb09ae4d6bb3d6daa66
Napping for 0.988617 seconds...
	liking... {u'rate_limited_until': 1513748335526, u'likes_remaining': 0, u'match': False}
Aww, it's not a match:(
name: Jasmine, id: 56ee42498315ca134169ec63
Napping for 0.293672 seconds...
	liking... {u'rate_limited_until': 1513748335526, u'likes_remaining': 0, u'match': False}
Aww, it's not a match:(
name: Frankie, id: 598933f5a345da402ee0077b
Napping for 0.162156 seconds...
	liking... {u'rate_limited_until': 1513748335526, u'likes_remaining': 0, u'match': False}
Aww, it's not a match:(
name: Valeria, id: 5a151ccfd9154a1169a5288d
Napping for 0.401801 seconds...
	liking... {u'rate_limited_until': 1513748335526, u'likes_remaining': 0, u'match': False}
Aww, it's not a match:(
name: Tiffany, id: 5a38a3bc46f0e4ef0d2917e5
Napping for 0.160198 seconds...
	liking... {u'rate_limited_until': 1513748335526, u'likes_remaining': 0, u'match': False}
Aww, it's not a match:(
name: Jasper, id: 591b93de6fe3c7856e24b7f6
Napping for 0.054177 seconds...
	liking... {u'rate_limited_until': 1513748335526, u'likes_remaining': 0, u'match': False}
Aww, it's not a match:(
name: Rosa, id: 5a32091a8c464cb70ff52625
Napping for 0.323161 seconds...
	liking... {u'rate_limited_until': 1513748335526, u'likes_remaining': 0, u'match': False}
Aww, it's not a match:(
name: Itzel, id: 59210719d72df30e4905795a
Napping for 1.115720 seconds...
	liking... {u'rate_limited_until': 1513748335526, u'likes_remaining': 0, u'match': False}
Aww, it's not a match:(
name: YR, id: 5657e319e8a9f5962a6cae61
Napping for 0.300926 seconds...
	liking... {u'rate_limited_until': 1513748335526, u'likes_remaining': 0, u'match': False}
Aww, it's not a match:(
name: Gianna, id: 551ebdbf3985236c0674cc7e
Napping for 0.341277 seconds...
	liking... {u'rate_limited_until': 1513748335526, u'likes_remaining': 0, u'match': False}
Aww, it's not a match:(
name: Nora, id: 59fac84f9653d1650cdb1f1b
Napping for 0.948448 seconds...
	liking... {u'rate_limited_until': 1513748335526, u'likes_remaining': 0, u'match': False}
Aww, it's not a match:(
name: Alisa, id: 590979d3c2d7177d7929687d
Napping for 0.067721 seconds...
	liking... {u'rate_limited_until': 1513748335526, u'likes_remaining': 0, u'match': False}
Aww, it's not a match:(
name: Kathryn, id: 58e5cbf6412a60ef6a092b3f
Napping for 0.374350 seconds...
	liking... {u'rate_limited_until': 1513748335526, u'likes_remaining': 0, u'match': False}
Aww, it's not a match:(
name: Nany, id: 59fe9ee66749f05d5b7c09f2
Napping for 0.089970 seconds...
	liking... {u'rate_limited_until': 1513748335526, u'likes_remaining': 0, u'match': False}
Aww, it's not a match:(
name: Karuna, id: 5a06927293ab55fb7dc60b5e
Napping for 0.942612 seconds...
	liking... {u'rate_limited_until': 1513748335526, u'likes_remaining': 0, u'match': False}
Aww, it's not a match:(
name: Julie, id: 599f6021646d298907cc87ba
Napping for 1.161408 seconds...
	liking... {u'rate_limited_until': 1513748335526, u'likes_remaining': 0, u'match': False}
Aww, it's not a match:(
name: Alana, id: 5a20eb98645c6b7a478d90c5
Napping for 0.316721 seconds...
	liking... {u'rate_limited_until': 1513748335526, u'likes_remaining': 0, u'match': False}
Aww, it's not a match:(
name: Katelyn, id: 561f81ab2b53a0521ddd2226
Napping for 0.254985 seconds...
	liking... {u'rate_limited_until': 1513748335526, u'likes_remaining': 0, u'match': False}
Aww, it's not a match:(
name: Jene, id: 5a1f848474356a2c6d5eee18
Napping for 1.086400 seconds...
	liking... {u'rate_limited_until': 1513748335526, u'likes_remaining': 0, u'match': False}
Aww, it's not a match:(
name: Erin, id: 57c515ba904dbb4e45b74870
Napping for 0.718352 seconds...
	liking... {u'rate_limited_until': 1513748335526, u'likes_remaining': 0, u'match': False}
Aww, it's not a match:(
name: Kendall, id: 5a089276e86d873f04224aa1
Napping for 0.583406 seconds...
	liking... {u'rate_limited_until': 1513748335526, u'likes_remaining': 0, u'match': False}
Aww, it's not a match:(
name: Rachel, id: 58d6ad93725278bc0b2dcc22
Napping for 1.014648 seconds...
	liking... {u'rate_limited_until': 1513748335526, u'likes_remaining': 0, u'match': False}
Aww, it's not a match:(
name: Anisha, id: 5a1e5a2339ed1f6169bfa808
Napping for 0.589326 seconds...
	liking... {u'rate_limited_until': 1513748335526, u'likes_remaining': 0, u'match': False}
Aww, it's not a match:(
name: Campaign, id: 5a238030c599fa6d77c8a176
Napping for 0.451788 seconds...
	liking... {u'rate_limited_until': 1513748335526, u'likes_remaining': 0, u'match': False}
Aww, it's not a match:(
name: Krista, id: 532001f91edb2c697b012c6d
Napping for 0.961250 seconds...
	liking... {u'rate_limited_until': 1513748335526, u'likes_remaining': 0, u'match': False}
Aww, it's not a match:(
name: Karenna, id: 52ee87f2d74374c636002dd6
Napping for 0.266734 seconds...
	liking... {u'rate_limited_until': 1513748335526, u'likes_remaining': 0, u'match': False}
Aww, it's not a match:(
name: Amanda, id: 5416722939f5124b273191cd
Napping for 1.081204 seconds...
	liking... {u'rate_limited_until': 1513748335526, u'likes_remaining': 0, u'match': False}
Aww, it's not a match:(
name: Scheherazad T, id: 5a1a9d9bb90c018263ef4c90
Napping for 0.377155 seconds...
	liking... {u'rate_limited_until': 1513748335526, u'likes_remaining': 0, u'match': False}
Aww, it's not a match:(
name: Didi, id: 59251c368fe19889513b98b6
Napping for 0.648066 seconds...
	liking... {u'rate_limited_until': 1513748335526, u'likes_remaining': 0, u'match': False}
Aww, it's not a match:(
name: Janette, id: 5782dad2bddfe1d009381fd0
Napping for 0.464113 seconds...
	liking... {u'rate_limited_until': 1513748335526, u'likes_remaining': 0, u'match': False}
Aww, it's not a match:(
name: Nina, id: 5a35e824f75486d90fd9511a
Napping for 0.090997 seconds...
	liking... {u'rate_limited_until': 1513748335526, u'likes_remaining': 0, u'match': False}
Aww, it's not a match:(
name: Ashley, id: 5a3604f4f75486d90fd97723
Napping for 0.617923 seconds...
	liking... {u'rate_limited_until': 1513748335526, u'likes_remaining': 0, u'match': False}
Aww, it's not a match:(
name: Gabi, id: 5944eb041265ea02407c8123
Napping for 0.718455 seconds...
	liking... {u'rate_limited_until': 1513748335526, u'likes_remaining': 0, u'match': False}
Aww, it's not a match:(
name: Aisha, id: 5505e9253b0f184b773996a3
Napping for 0.410610 seconds...
	liking... {u'rate_limited_until': 1513748335526, u'likes_remaining': 0, u'match': False}
Aww, it's not a match:(
name: Johanna, id: 5730f5e8a9ba93251a816a09
Napping for 0.464786 seconds...
	liking... {u'rate_limited_until': 1513748335526, u'likes_remaining': 0, u'match': False}
Aww, it's not a match:(
name: naomi, id: 59f4186c19e1196f6ba98f85
Napping for 0.576857 seconds...
	liking... {u'rate_limited_until': 1513748335526, u'likes_remaining': 0, u'match': False}
Aww, it's not a match:(
name: Sophia, id: 58780f235d63056f1d8f1d34
Napping for 0.461377 seconds...
	liking... {u'rate_limited_until': 1513748335526, u'likes_remaining': 0, u'match': False}
Aww, it's not a match:(
name: Sandy, id: 5801d781d9209de8648a1522
Napping for 0.930747 seconds...
	liking... {u'rate_limited_until': 1513748335526, u'likes_remaining': 0, u'match': False}
Aww, it's not a match:(
name: Samantha, id: 54ead1e2b227692b48db5864
Napping for 0.128048 seconds...
	liking... {u'rate_limited_until': 1513748335526, u'likes_remaining': 0, u'match': False}
Aww, it's not a match:(
name: Kieran, id: 57910d4cb338e2c560995032
Napping for 0.229825 seconds...
	liking... {u'rate_limited_until': 1513748335526, u'likes_remaining': 0, u'match': False}
Aww, it's not a match:(
name: Divya, id: 59ab7a7c804b5dcd02d8ad0a
Napping for 0.644426 seconds...
	liking... {u'rate_limited_until': 1513748335526, u'likes_remaining': 0, u'match': False}
Aww, it's not a match:(
name: Chand, id: 567d7e68515459041a096b29
Napping for 1.020245 seconds...
	liking... {u'rate_limited_until': 1513748335526, u'likes_remaining': 0, u'match': False}
Aww, it's not a match:(
name: Brianna, id: 5907dcfeca6f49db04f49010
Napping for 0.517725 seconds...
	liking... {u'rate_limited_until': 1513748335526, u'likes_remaining': 0, u'match': False}
Aww, it's not a match:(
name: Jay, id: 575621d314a35dd3176dc295
Napping for 0.607003 seconds...
	liking... {u'rate_limited_until': 1513748335526, u'likes_remaining': 0, u'match': False}
Aww, it's not a match:(
name: E, id: 5a35ef558c464cb70ff7d0e2
Napping for 0.118058 seconds...
	liking... {u'rate_limited_until': 1513748335526, u'likes_remaining': 0, u'match': False}
Aww, it's not a match:(
name: Megan, id: 562c66eadeae4df075e26a12
Napping for 0.631719 seconds...
	liking... {u'rate_limited_until': 1513748335526, u'likes_remaining': 0, u'match': False}
Aww, it's not a match:(
name: Stephanie, id: 5a32e8c196f2b8b105ceb4ce
Napping for 1.090087 seconds...
	liking... {u'rate_limited_until': 1513748335526, u'likes_remaining': 0, u'match': False}
Aww, it's not a match:(
name: Anjali, id: 5a35b6dacb3615370d12206c
Napping for 0.602063 seconds...
	liking... {u'rate_limited_until': 1513748335526, u'likes_remaining': 0, u'match': False}
Aww, it's not a match:(
name: Steph, id: 53c9ea0d668dcd667905427b
Napping for 1.154458 seconds...
	liking... {u'rate_limited_until': 1513748335526, u'likes_remaining': 0, u'match': False}
Aww, it's not a match:(
name: Eris, id: 59790a453ffb7be02527ebcd
Napping for 0.612125 seconds...
	liking... {u'rate_limited_until': 1513748335526, u'likes_remaining': 0, u'match': False}
Aww, it's not a match:(
name: Liz, id: 59e673ad8408953f5259a6d5
Napping for 0.289962 seconds...
	liking... {u'rate_limited_until': 1513748335526, u'likes_remaining': 0, u'match': False}
Aww, it's not a match:(
name: Ally, id: 585ccb0fbf37507f169ab0f6
Napping for 1.044885 seconds...
	liking... {u'rate_limited_until': 1513748335526, u'likes_remaining': 0, u'match': False}
Aww, it's not a match:(
name: Petrice, id: 56b2b8fce32fdc990ae2b7d7
Napping for 1.137516 seconds...
	liking... {u'rate_limited_until': 1513748335526, u'likes_remaining': 0, u'match': False}
Aww, it's not a match:(
name: Gilliane, id: 542e188c0e183a4608f5aa6f
Napping for 0.227001 seconds...
	liking... {u'rate_limited_until': 1513748335526, u'likes_remaining': 0, u'match': False}
Aww, it's not a match:(
name: Erin, id: 59e3f7bd88bf5057151d7447
Napping for 0.372161 seconds...
	liking... {u'rate_limited_until': 1513748335526, u'likes_remaining': 0, u'match': False}
Aww, it's not a match:(
name: Brooke, id: 54ec3b518d681e2038a66c1d
Napping for 0.796463 seconds...
	liking... {u'rate_limited_until': 1513748335526, u'likes_remaining': 0, u'match': False}
Aww, it's not a match:(
name: Ariana, id: 5a0570f24439b2380550ac3c
Napping for 0.722112 seconds...
	liking... {u'rate_limited_until': 1513748335526, u'likes_remaining': 0, u'match': False}
Aww, it's not a match:(
name: Maddie, id: 59adc1127bba86aa2b05fba3
Napping for 0.587058 seconds...
	liking... {u'rate_limited_until': 1513748335526, u'likes_remaining': 0, u'match': False}
Aww, it's not a match:(
name: Anna, id: 530cbae69275981755001d0e
Napping for 0.154901 seconds...
	liking... {u'rate_limited_until': 1513748335526, u'likes_remaining': 0, u'match': False}
Aww, it's not a match:(
name: Hannah, id: 58d8a8e4758d15070cf8ed98
Napping for 0.800203 seconds...
	liking... {u'rate_limited_until': 1513748335526, u'likes_remaining': 0, u'match': False}
Aww, it's not a match:(
name: Mina, id: 59d7881c85a955ed4b08567f
Napping for 0.364531 seconds...
	liking... {u'rate_limited_until': 1513748335526, u'likes_remaining': 0, u'match': False}
Aww, it's not a match:(
name: Myriam, id: 59dafd9c85a955ed4b0b8fff
Napping for 0.995116 seconds...
	liking... {u'rate_limited_until': 1513748335526, u'likes_remaining': 0, u'match': False}
Aww, it's not a match:(
name: Erin, id: 59595071c3b9991d73c7a5ec
Napping for 0.228383 seconds...
	liking... {u'rate_limited_until': 1513748335526, u'likes_remaining': 0, u'match': False}
Aww, it's not a match:(
name: Perla, id: 537c35f36469fd1518f85c14
Napping for 0.804533 seconds...
	liking... {u'rate_limited_until': 1513748335526, u'likes_remaining': 0, u'match': False}
Aww, it's not a match:(
name: Jinny, id: 582e7f3b2e372159405701ef
Napping for 1.145844 seconds...
	liking... {u'rate_limited_until': 1513748335526, u'likes_remaining': 0, u'match': False}
Aww, it's not a match:(
name: Carli, id: 538d80c713dcd383723e50bd
Napping for 0.157535 seconds...
	liking... {u'rate_limited_until': 1513748335526, u'likes_remaining': 0, u'match': False}
Aww, it's not a match:(
name: Gianna, id: 5a34903ff75486d90fd88c54
Napping for 0.580938 seconds...
	liking... {u'rate_limited_until': 1513748335526, u'likes_remaining': 0, u'match': False}
Aww, it's not a match:(
name: Rachael, id: 571c68d5e4750c9e129e4bd0
Napping for 0.483022 seconds...
	liking... {u'rate_limited_until': 1513748335526, u'likes_remaining': 0, u'match': False}
Aww, it's not a match:(
name: Rachele, id: 552cb27e6cc5b36433b176b5
Napping for 0.895162 seconds...
	liking... {u'rate_limited_until': 1513748335526, u'likes_remaining': 0, u'match': False}
Aww, it's not a match:(
name: Audrey, id: 57d39cee4b324f1c74f1889e
Napping for 0.648859 seconds...
	liking... {u'rate_limited_until': 1513748335526, u'likes_remaining': 0, u'match': False}
Aww, it's not a match:(
name: Dana, id: 59912d41ab738d65334a699a
Napping for 0.039428 seconds...
	liking... {u'rate_limited_until': 1513748335526, u'likes_remaining': 0, u'match': False}
Aww, it's not a match:(
name: Yuan-Yuan, id: 57f249ac6dd69a377919d433
Napping for 0.369826 seconds...
	liking... {u'rate_limited_until': 1513748335526, u'likes_remaining': 0, u'match': False}
Aww, it's not a match:(
name: Rena, id: 53f97618498ce0b44d3efb2d
Napping for 0.775060 seconds...
	liking... {u'rate_limited_until': 1513748335526, u'likes_remaining': 0, u'match': False}
Aww, it's not a match:(
name: Tori, id: 5a2f9e03e49532900592106c
Napping for 0.563272 seconds...
	liking... {u'rate_limited_until': 1513748335526, u'likes_remaining': 0, u'match': False}
Aww, it's not a match:(
name: Panda, id: 5a2b5c54e4953290058f4ddc
Napping for 0.013145 seconds...
	liking... {u'rate_limited_until': 1513748335526, u'likes_remaining': 0, u'match': False}
Aww, it's not a match:(
name: Mayra, id: 588fe0ed20d829920a36dd4d
Napping for 0.103403 seconds...
	liking... {u'rate_limited_until': 1513748335526, u'likes_remaining': 0, u'match': False}
Aww, it's not a match:(
