You have been successfully authorized!
running main
likes remaining: 100
name: Michelle, id: 59db8fd96830afb726813284
Napping for 0.272194 seconds...
	liking... {u'likes_remaining': 100, u'match': False}
Aww, it's not a match:(
name: J, id: 5a1c36f19b83dbe36f6cc4db
Napping for 0.152965 seconds...
	liking... {u'likes_remaining': 100, u'match': False}
Aww, it's not a match:(
name: Marlene, id: 5a39310fc906947e0b5679aa
Napping for 0.385653 seconds...
	liking... {u'likes_remaining': 100, u'match': False}
Aww, it's not a match:(
name: Malia, id: 5a48196036e65f961d5590f8
Napping for 0.973229 seconds...
	liking... {u'likes_remaining': 100, u'match': False}
Aww, it's not a match:(
name: Macey, id: 56895c9c64f9e9d5278c0eb4
Napping for 0.514392 seconds...
	liking... {u'likes_remaining': 100, u'match': False}
Aww, it's not a match:(
name: Amanda, id: 5a3721a9e4953290059761ce
Napping for 0.602589 seconds...
	liking... {u'likes_remaining': 100, u'match': False}
Aww, it's not a match:(
name: Vivian, id: 5a488574199b629412e0395c
Napping for 0.558227 seconds...
	liking... {u'likes_remaining': 100, u'match': False}
Aww, it's not a match:(
name: Kat, id: 59b47ea5005113983c757322
Napping for 0.539760 seconds...
	liking... {u'likes_remaining': 100, u'match': False}
Aww, it's not a match:(
name: Adriana, id: 5a48016b36e65f961d55716f
Napping for 1.154031 seconds...
	liking... {u'likes_remaining': 100, u'match': False}
Aww, it's not a match:(
name: Danielle, id: 5a3b6ed21d4418644c2e812c
Napping for 0.088281 seconds...
	liking... {u'likes_remaining': 100, u'match': False}
Aww, it's not a match:(
name: Nicki, id: 55b9eeba1ced17d43f48294a
Napping for 0.155497 seconds...
	liking... {u'likes_remaining': 100, u'match': False}
Aww, it's not a match:(
name: Allyssa Marie, id: 5a42eab5199b629412dc1564
Napping for 0.219323 seconds...
	liking... {u'likes_remaining': 100, u'match': False}
Aww, it's not a match:(
name: Natalia, id: 5743d32ddf1f0b1f0ef968f5
Napping for 1.145791 seconds...
	liking... {u'likes_remaining': 100, u'match': False}
Aww, it's not a match:(
name: Stefanie, id: 5a468c63b86023b512803ab6
Napping for 0.456759 seconds...
	liking... {u'likes_remaining': 100, u'match': False}
Aww, it's not a match:(
name: Danielle, id: 5a34ae844ce394d416569e64
Napping for 1.173343 seconds...
	liking... {u'likes_remaining': 100, u'match': False}
Aww, it's not a match:(
name: Alicia, id: 5a496710958bba891e4c0b10
Napping for 0.067196 seconds...
	liking... {u'likes_remaining': 100, u'match': False}
Aww, it's not a match:(
name: Marie, id: 587299668684ee8b0aa43224
Napping for 0.908542 seconds...
	liking... {u'likes_remaining': 100, u'match': False}
Aww, it's not a match:(
name: Baay, id: 5a48b16500a7d7751d9d092d
Napping for 0.650326 seconds...
	liking... {u'likes_remaining': 100, u'match': False}
Aww, it's not a match:(
name: Aubrey, id: 59c2b75e2a8aa9de35a9e941
Napping for 0.059031 seconds...
	liking... {u'likes_remaining': 100, u'match': False}
Aww, it's not a match:(
name: Yasmeen, id: 5a38ca22732eb8240ee6e3dd
Napping for 1.046792 seconds...
	liking... {u'likes_remaining': 100, u'match': False}
Aww, it's not a match:(
name: Silvia, id: 5a47cd472788ab671ef79fb6
Napping for 0.024964 seconds...
	liking... {u'likes_remaining': 100, u'match': False}
Aww, it's not a match:(
name: Aaron, id: 5a483cad00a7d7751d9cf243
Napping for 0.923458 seconds...
	liking... {u'likes_remaining': 100, u'match': False}
Aww, it's not a match:(
name: Emily, id: 59f631bed6967c4b6ba72301
Napping for 0.490360 seconds...
	liking... {u'likes_remaining': 100, u'match': False}
Aww, it's not a match:(
name: Megan, id: 5925059c4d36c918393f8927
Napping for 0.331382 seconds...
	liking... {u'likes_remaining': 100, u'match': False}
Aww, it's not a match:(
name: Katie, id: 52f6f595c20d61bd52000d12
Napping for 0.099573 seconds...
	liking... {u'likes_remaining': 100, u'match': False}
Aww, it's not a match:(
name: Liz, id: 5a4879aa98f95f501260add4
Napping for 1.028030 seconds...
	liking... {u'likes_remaining': 100, u'match': False}
Aww, it's not a match:(
name: Jenny, id: 5a2e190a4ce394d41651fd01
Napping for 0.943302 seconds...
	liking... {u'likes_remaining': 100, u'match': False}
Aww, it's not a match:(
name: Arielle, id: 5a4854872eced0716746a818
Napping for 0.074204 seconds...
	liking... {u'likes_remaining': 100, u'match': False}
Aww, it's not a match:(
name: Jessica, id: 5a475952702237291d14fadc
Napping for 0.919537 seconds...
	liking... {u'likes_remaining': 100, u'match': False}
Aww, it's not a match:(
name: Emily, id: 5a48a1bae8dc17aa1ea0bb5c
Napping for 0.682294 seconds...
	liking... {u'likes_remaining': 100, u'match': False}
Aww, it's not a match:(
name: Angelica, id: 5a47267e2eced0716745bc0f
Napping for 0.607022 seconds...
	liking... {u'likes_remaining': 100, u'match': False}
Aww, it's not a match:(
name: Elaine, id: 5707f380a8f4cfdd328b43ba
Napping for 1.054324 seconds...
	liking... {u'likes_remaining': 100, u'match': False}
Aww, it's not a match:(
name: Jessica, id: 5840a4bd90bab2dc09e18ebd
Napping for 1.064503 seconds...
	liking... {u'likes_remaining': 100, u'match': False}
Aww, it's not a match:(
name: Iris, id: 58609926080be8535fc3b308
Napping for 0.427000 seconds...
	liking... {u'likes_remaining': 100, u'match': False}
Aww, it's not a match:(
name: Abby, id: 5a490de75920884b1d5a9fd7
Napping for 0.271219 seconds...
	liking... {u'likes_remaining': 100, u'match': False}
Aww, it's not a match:(
name: Alyssa, id: 5a48851eb86023b51281744f
Napping for 0.157558 seconds...
	liking... {u'likes_remaining': 100, u'match': False}
Aww, it's not a match:(
name: Sierra, id: 550f4f0564a85aaf1c243726
Napping for 0.039008 seconds...
	liking... {u'likes_remaining': 100, u'match': False}
Aww, it's not a match:(
name: Lindsay, id: 5a4853df56899e2525a48331
Napping for 0.584007 seconds...
	liking... {u'likes_remaining': 100, u'match': False}
Aww, it's not a match:(
name: Samantha, id: 573c567b340f73fa0dc34115
Napping for 0.698480 seconds...
	liking... {u'likes_remaining': 100, u'match': False}
Aww, it's not a match:(
name: Jenessa, id: 5a2b4978c958a22b29f71858
Napping for 0.940309 seconds...
	liking... {u'likes_remaining': 100, u'match': False}
Aww, it's not a match:(
name: Chyna, id: 59dad4826ef79681268dc439
Napping for 0.892383 seconds...
	liking... {u'likes_remaining': 100, u'match': False}
Aww, it's not a match:(
name: Brenda, id: 5a4987069e6f7d69258835ad
Napping for 0.097245 seconds...
	liking... {u'likes_remaining': 100, u'match': False}
Aww, it's not a match:(
name: Hailey, id: 59e4f7273fed5bd614864a2d
Napping for 0.382692 seconds...
	liking... {u'likes_remaining': 100, u'match': False}
Aww, it's not a match:(
name: Casey, id: 5a1b8ed3d9154a1169aa921e
Napping for 0.078016 seconds...
	liking... {u'likes_remaining': 100, u'match': False}
Aww, it's not a match:(
name: Caitriona, id: 57895d69bf34df450a54aec9
Napping for 0.839132 seconds...
	liking... {u'likes_remaining': 100, u'match': False}
Aww, it's not a match:(
name: Bryn, id: 56037449154b8ab2472de113
Napping for 0.966253 seconds...
	liking... {u'likes_remaining': 100, u'match': False}
Aww, it's not a match:(
name: Andrea, id: 5a49a39498f95f5012616511
Napping for 1.007890 seconds...
	liking... {u'likes_remaining': 100, u'match': False}
Aww, it's not a match:(
name: Mihnathul, id: 59861e893c99f19c4bcd8a11
Napping for 0.585132 seconds...
	liking... {u'likes_remaining': 100, u'match': False}
Aww, it's not a match:(
name: Sofina, id: 5a2b235c7c54c52e3901838c
Napping for 1.054244 seconds...
	liking... {u'likes_remaining': 100, u'match': False}
Aww, it's not a match:(
name: Eva, id: 5a404f5200a7d7751d981307
Napping for 1.134156 seconds...
	liking... {u'likes_remaining': 100, u'match': False}
Aww, it's not a match:(
name: Elize, id: 5424c0c4c9f45d8f10d4fcd2
Napping for 0.130155 seconds...
	liking... {u'likes_remaining': 100, u'match': False}
Aww, it's not a match:(
name: Cori, id: 59e29f134094b87533e2ca13
Napping for 0.659627 seconds...
	liking... {u'likes_remaining': 100, u'match': False}
Aww, it's not a match:(
name: Manu, id: 597190e6ddf9b7836d5cece2
Napping for 0.104716 seconds...
	liking... {u'likes_remaining': 100, u'match': False}
Aww, it's not a match:(
name: Pauline, id: 548482269e206a487b2a7e7d
Napping for 1.016357 seconds...
	liking... {u'likes_remaining': 100, u'match': False}
Aww, it's not a match:(
name: London, id: 5938aa562854a198255f6e0e
Napping for 0.591451 seconds...
	liking... {u'likes_remaining': 100, u'match': False}
Aww, it's not a match:(
name: Rochelle, id: 564d885938d978550e9c9211
Napping for 0.671656 seconds...
	liking... {u'likes_remaining': 100, u'match': False}
Aww, it's not a match:(
name: Cindy, id: 5a454e565f165d7212388b52
Napping for 0.605521 seconds...
	liking... {u'likes_remaining': 100, u'match': False}
Aww, it's not a match:(
name: Divya, id: 5a4890fc98f95f501260bd84
Napping for 0.339666 seconds...
	liking... {u'likes_remaining': 100, u'match': False}
Aww, it's not a match:(
name: Rishaaaliyah, id: 5a448dc72eced07167441bc9
Napping for 0.450182 seconds...
	liking... {u'likes_remaining': 100, u'match': False}
Aww, it's not a match:(
name: Priyanka, id: 551229b8b92ebd4e1881f661
Napping for 0.117090 seconds...
	liking... {u'likes_remaining': 100, u'match': False}
Aww, it's not a match:(
name: Samantha, id: 5a35fe8df75486d90fd971e2
Napping for 0.258632 seconds...
	liking... {u'likes_remaining': 100, u'match': False}
Aww, it's not a match:(
name: Brittany, id: 5470487d93ab29a5298f2894
Napping for 0.005412 seconds...
	liking... {u'likes_remaining': 100, u'match': False}
Aww, it's not a match:(
name: Gabrielle, id: 56c092c5202d94cc55313fec
Napping for 0.544387 seconds...
	liking... {u'likes_remaining': 100, u'match': False}
Aww, it's not a match:(
name: Shalay, id: 5a4083c55f165d7212352793
Napping for 0.845273 seconds...
	liking... {u'likes_remaining': 100, u'match': False}
Aww, it's not a match:(
name: Cortney, id: 5a41fcb05920884b1d55c496
Napping for 0.745160 seconds...
	liking... {u'likes_remaining': 100, u'match': False}
Aww, it's not a match:(
name: Maria, id: 541c8aeb2313ee3c7f928541
Napping for 0.609990 seconds...
	liking... {u'likes_remaining': 100, u'match': False}
Aww, it's not a match:(
name: Mary, id: 5987db6f279e98504b10d2b3
Napping for 0.026653 seconds...
	liking... {u'likes_remaining': 100, u'match': False}
Aww, it's not a match:(
name: Jessica, id: 57ca51dbcd8c3bb10f203b6b
Napping for 1.077269 seconds...
	liking... {u'likes_remaining': 100, u'match': False}
Aww, it's not a match:(
name: Barbara, id: 5a3b1f2bafd817a25875f119
Napping for 0.710680 seconds...
	liking... {u'likes_remaining': 100, u'match': False}
Aww, it's not a match:(
name: Kim, id: 5a4754c95920884b1d59f152
Napping for 0.609659 seconds...
	liking... {u'likes_remaining': 100, u'match': False}
Aww, it's not a match:(
name: Edna, id: 588d71d573564ae27e8522a2
Napping for 0.048212 seconds...
	liking... {u'likes_remaining': 100, u'match': False}
Aww, it's not a match:(
name: Lisa, id: 5a3604e196f2b8b105d1a601
Napping for 0.910315 seconds...
	liking... {u'likes_remaining': 100, u'match': False}
Aww, it's not a match:(
name: Kelly, id: 56c6cbf5f62f510d32777044
Napping for 0.985810 seconds...
	liking... {u'likes_remaining': 100, u'match': False}
Aww, it's not a match:(
name: Charman, id: 59a99c6273bf68e32b6eb459
Napping for 0.345665 seconds...
	liking... {u'likes_remaining': 100, u'match': False}
Aww, it's not a match:(
name: Kasandra, id: 5a45e51c56899e2525a2f17b
Napping for 0.211622 seconds...
	liking... {u'likes_remaining': 100, u'match': False}
Aww, it's not a match:(
name: Kavya, id: 563361e30c5058b8186b75c8
Napping for 0.347869 seconds...
	liking... {u'likes_remaining': 100, u'match': False}
Aww, it's not a match:(
name: Monica, id: 5a3974f714181c5332ad4c8d
Napping for 0.530560 seconds...
	liking... {u'likes_remaining': 100, u'match': False}
Aww, it's not a match:(
name: Erin, id: 58634da49f0484bb0a0601a2
Napping for 0.475312 seconds...
	liking... {u'likes_remaining': 100, u'match': False}
Aww, it's not a match:(
name: Marissa, id: 5a430ec136e65f961d51d83a
Napping for 0.131400 seconds...
	liking... {u'likes_remaining': 100, u'match': False}
Aww, it's not a match:(
name: Milena, id: 5a497ec498f95f50126138c2
Napping for 1.070295 seconds...
	liking... {u'likes_remaining': 100, u'match': False}
Aww, it's not a match:(
name: Kichi, id: 59fc01c962dab66a0c557b3b
Napping for 0.437911 seconds...
	liking... {u'likes_remaining': 100, u'match': False}
Aww, it's not a match:(
name: Wiktoria, id: 54e9981f8420cc1f3726592e
Napping for 0.536049 seconds...
	liking... {u'likes_remaining': 100, u'match': False}
Aww, it's not a match:(
name: dani, id: 59ea9df96aefe26124f06f4c
Napping for 0.291372 seconds...
	liking... {u'likes_remaining': 100, u'match': False}
Aww, it's not a match:(
name: Hannah, id: 59b86ff89e1afac71ecd0418
Napping for 0.879156 seconds...
	liking... {u'likes_remaining': 100, u'match': False}
Aww, it's not a match:(
name: Cecilia, id: 5a052409a643d198054e8ddd
Napping for 0.938382 seconds...
	liking... {u'likes_remaining': 100, u'match': False}
Aww, it's not a match:(
name: Jazmin, id: 5a4049b72eced071674048b6
Napping for 1.102901 seconds...
	liking... {u'likes_remaining': 100, u'match': False}
Aww, it's not a match:(
name: Katya, id: 584dcf5bc58ea34f4f26d5b5
Napping for 0.689258 seconds...
	liking... {u'likes_remaining': 100, u'match': False}
Aww, it's not a match:(
name: Erica, id: 57dc9e226f0bf1bb20bb97ff
Napping for 0.430345 seconds...
	liking... {u'likes_remaining': 100, u'match': False}
Aww, it's not a match:(
name: Tanya, id: 522d442fe48ab48d19000018
Napping for 0.714246 seconds...
	liking... {u'likes_remaining': 100, u'match': False}
Aww, it's not a match:(
name: Jazzy, id: 5a4883eeb86023b512817339
Napping for 1.119456 seconds...
	liking... {u'likes_remaining': 100, u'match': False}
Aww, it's not a match:(
name: Tiana, id: 5916919bbc6ea4df1bc19093
Napping for 0.067976 seconds...
	liking... {u'likes_remaining': 100, u'match': False}
Aww, it's not a match:(
name: Janessa, id: 59758f36b212a8916d29956f
Napping for 0.968552 seconds...
	liking... {u'likes_remaining': 100, u'match': False}
Aww, it's not a match:(
name: Diana, id: 59a8887f7bba86aa2b022023
Napping for 0.796603 seconds...
	liking... {u'likes_remaining': 100, u'match': False}
Aww, it's not a match:(
name: Rena, id: 5a2e08ff96f2b8b105cb5de7
Napping for 0.657432 seconds...
	liking... {u'likes_remaining': 100, u'match': False}
Aww, it's not a match:(
name: Mayna, id: 5a4608475920884b1d589457
Napping for 0.106439 seconds...
	liking... {u'likes_remaining': 100, u'match': False}
Aww, it's not a match:(
name: Nancy, id: 57a244adc6a6d01a3d487ca2
Napping for 0.112591 seconds...
	liking... {u'likes_remaining': 100, u'match': False}
Aww, it's not a match:(
name: Anna, id: 5a41dbc198f95f50125c3c0a
Napping for 0.889784 seconds...
	liking... {u'likes_remaining': 100, u'match': False}
Aww, it's not a match:(
name: Haarika, id: 59b485fa76f207a33caeb191
Napping for 0.011740 seconds...
	liking... {u'likes_remaining': 100, u'match': False}
Aww, it's not a match:(
name: Anahid, id: 5a45a837702237291d142602
Napping for 0.204580 seconds...
	liking... {u'likes_remaining': 100, u'match': False}
Aww, it's not a match:(
name: Tiffany, id: 586cdbe3a3ef8b5f4db8091c
Napping for 0.678517 seconds...
	liking... {u'rate_limited_until': 1514827883994, u'likes_remaining': 0, u'match': False}
Aww, it's not a match:(
name: Madelyn, id: 57ee0f49037b154568232151
Napping for 0.627164 seconds...
	liking... {u'rate_limited_until': 1514827883994, u'likes_remaining': 0, u'match': False}
Aww, it's not a match:(
name: Shadi, id: 59a0f2af646d298907cd8e82
Napping for 0.615130 seconds...
	liking... {u'rate_limited_until': 1514827883994, u'likes_remaining': 0, u'match': False}
Aww, it's not a match:(
name: Emmett, id: 59b73d64cc6eac241f4a9956
Napping for 0.547763 seconds...
	liking... {u'rate_limited_until': 1514827883994, u'likes_remaining': 0, u'match': False}
Aww, it's not a match:(
name: Regina, id: 5917b9a591054c331c37e417
Napping for 0.121371 seconds...
	liking... {u'rate_limited_until': 1514827883994, u'likes_remaining': 0, u'match': False}
Aww, it's not a match:(
name: Kayla, id: 594d6693d108c9e056af68db
Napping for 0.903042 seconds...
	liking... {u'rate_limited_until': 1514827883994, u'likes_remaining': 0, u'match': False}
Aww, it's not a match:(
name: Elissa, id: 5a40ce622eced071674072e5
Napping for 0.552044 seconds...
	liking... {u'rate_limited_until': 1514827883994, u'likes_remaining': 0, u'match': False}
Aww, it's not a match:(
name: Alijah, id: 5a480b9ab86023b51281168a
Napping for 0.605269 seconds...
	liking... {u'rate_limited_until': 1514827883994, u'likes_remaining': 0, u'match': False}
Aww, it's not a match:(
name: Michelle, id: 5995138f0cde093f2e16f75c
Napping for 0.034624 seconds...
	liking... {u'rate_limited_until': 1514827883994, u'likes_remaining': 0, u'match': False}
Aww, it's not a match:(
name: Sabrina, id: 5a224936d8341715086bd25e
Napping for 1.111933 seconds...
	liking... {u'rate_limited_until': 1514827883994, u'likes_remaining': 0, u'match': False}
Aww, it's not a match:(
name: Beatriz, id: 54406541447bf8153ac7cb95
Napping for 0.513756 seconds...
	liking... {u'rate_limited_until': 1514827883994, u'likes_remaining': 0, u'match': False}
Aww, it's not a match:(
name: Alexandra, id: 59f416141d0f17950c2ca3ae
Napping for 0.633172 seconds...
	liking... {u'rate_limited_until': 1514827883994, u'likes_remaining': 0, u'match': False}
Aww, it's not a match:(
name: Victoria, id: 59b75f31cc6eac241f4ab2c9
Napping for 0.528420 seconds...
	liking... {u'rate_limited_until': 1514827883994, u'likes_remaining': 0, u'match': False}
Aww, it's not a match:(
name: Emily, id: 5a024a82ba6f48710485ad3d
Napping for 0.419453 seconds...
	liking... {u'rate_limited_until': 1514827883994, u'likes_remaining': 0, u'match': False}
Aww, it's not a match:(
name: Jessica, id: 53955afa7b6e38651ea947d1
Napping for 0.101862 seconds...
	liking... {u'rate_limited_until': 1514827883994, u'likes_remaining': 0, u'match': False}
Aww, it's not a match:(
name: Casey, id: 54c8aa9b1deb38ff196a920b
Napping for 1.197845 seconds...
	liking... {u'rate_limited_until': 1514827883994, u'likes_remaining': 0, u'match': False}
Aww, it's not a match:(
name: Zara, id: 5a2db7b2f1d30c4c055297a7
Napping for 0.929767 seconds...
	liking... {u'rate_limited_until': 1514827883994, u'likes_remaining': 0, u'match': False}
Aww, it's not a match:(
name: Ayushi, id: 5a3f7cd198f95f50125a73b0
Napping for 0.098314 seconds...
	liking... {u'rate_limited_until': 1514827883994, u'likes_remaining': 0, u'match': False}
Aww, it's not a match:(
name: Milfy, id: 59a8488d81d558ec079e4176
Napping for 0.156022 seconds...
	liking... {u'rate_limited_until': 1514827883994, u'likes_remaining': 0, u'match': False}
Aww, it's not a match:(
name: Ashley, id: 55c2a723e1e6372a38fb960a
Napping for 0.567036 seconds...
	liking... {u'rate_limited_until': 1514827883994, u'likes_remaining': 0, u'match': False}
Aww, it's not a match:(
name: Clarissa, id: 5a489c2ab86023b5128185a5
Napping for 0.477251 seconds...
	liking... {u'rate_limited_until': 1514827883994, u'likes_remaining': 0, u'match': False}
Aww, it's not a match:(
name: Susan, id: 5699ebe7f777ba8260e7fd43
Napping for 0.128503 seconds...
	liking... {u'rate_limited_until': 1514827883994, u'likes_remaining': 0, u'match': False}
Aww, it's not a match:(
name: Taylor, id: 54e90d8dd239417e352fce16
Napping for 1.023927 seconds...
	liking... {u'rate_limited_until': 1514827883994, u'likes_remaining': 0, u'match': False}
Aww, it's not a match:(
name: Erin, id: 59efca4672a405807d58da6f
Napping for 0.915702 seconds...
	liking... {u'rate_limited_until': 1514827883994, u'likes_remaining': 0, u'match': False}
Aww, it's not a match:(
name: Karen, id: 5a4815f4702237291d156508
Napping for 0.294359 seconds...
	liking... {u'rate_limited_until': 1514827883994, u'likes_remaining': 0, u'match': False}
Aww, it's not a match:(
name: Katie, id: 5a48a7fd702237291d15f24d
Napping for 1.100489 seconds...
	liking... {u'rate_limited_until': 1514827883994, u'likes_remaining': 0, u'match': False}
Aww, it's not a match:(
name: Maya, id: 5a25fc9ec599fa6d77cad847
Napping for 0.500752 seconds...
	liking... {u'rate_limited_until': 1514827883994, u'likes_remaining': 0, u'match': False}
Aww, it's not a match:(
name: Dominique, id: 59bad05c5df5efaf0a359ab1
Napping for 0.750316 seconds...
	liking... {u'rate_limited_until': 1514827883994, u'likes_remaining': 0, u'match': False}
Aww, it's not a match:(
name: Brii, id: 54ad871bc28f88712437a10c
Napping for 0.183271 seconds...
	liking... {u'rate_limited_until': 1514827883994, u'likes_remaining': 0, u'match': False}
Aww, it's not a match:(
name: Melanie, id: 591fcf45a59b56cd2bb307f7
Napping for 0.536212 seconds...
	liking... {u'rate_limited_until': 1514827883994, u'likes_remaining': 0, u'match': False}
Aww, it's not a match:(
name: Sofia, id: 54cc231365b36fdb3c947b2b
Napping for 0.609316 seconds...
	liking... {u'rate_limited_until': 1514827883994, u'likes_remaining': 0, u'match': False}
Aww, it's not a match:(
name: Natalie, id: 54d7d35303fa06a848ce1c27
Napping for 0.398174 seconds...
	liking... {u'rate_limited_until': 1514827883994, u'likes_remaining': 0, u'match': False}
Aww, it's not a match:(
name: Zoe, id: 53a267ff1abd5dfe03b897a2
Napping for 1.193937 seconds...
	liking... {u'rate_limited_until': 1514827883994, u'likes_remaining': 0, u'match': False}
Aww, it's not a match:(
name: Colleen, id: 53f0f7e2ab8f2db149be6f3e
Napping for 0.197820 seconds...
	liking... {u'rate_limited_until': 1514827883994, u'likes_remaining': 0, u'match': False}
Aww, it's not a match:(
name: Mona, id: 58e1814613dbdde40b701c9d
Napping for 0.147116 seconds...
	liking... {u'rate_limited_until': 1514827883994, u'likes_remaining': 0, u'match': False}
Aww, it's not a match:(
name: Chloe, id: 5a3df7fab86023b5127a318a
Napping for 0.115614 seconds...
	liking... {u'rate_limited_until': 1514827883994, u'likes_remaining': 0, u'match': False}
Aww, it's not a match:(
name: Lisset M., id: 5a3dbd90aa9e1a4725cf5a39
Napping for 0.450575 seconds...
	liking... {u'rate_limited_until': 1514827883994, u'likes_remaining': 0, u'match': False}
Aww, it's not a match:(
name: Shandis, id: 58d81909a7847bd40b6f35ff
Napping for 0.864643 seconds...
	liking... {u'rate_limited_until': 1514827883994, u'likes_remaining': 0, u'match': False}
Aww, it's not a match:(
name: Rissi, id: 57b824209c8435824b196496
Napping for 0.839290 seconds...
	liking... {u'rate_limited_until': 1514827883994, u'likes_remaining': 0, u'match': False}
Aww, it's not a match:(
name: Emily, id: 59f008de6f57b3297d1c4035
Napping for 1.017032 seconds...
	liking... {u'rate_limited_until': 1514827883994, u'likes_remaining': 0, u'match': False}
Aww, it's not a match:(
name: Victoria, id: 593ab344c578063044cf3c55
Napping for 0.150322 seconds...
	liking... {u'rate_limited_until': 1514827883994, u'likes_remaining': 0, u'match': False}
Aww, it's not a match:(
name: Fatimah, id: 5a35d0278c464cb70ff7a111
Napping for 0.768490 seconds...
	liking... {u'rate_limited_until': 1514827883994, u'likes_remaining': 0, u'match': False}
Aww, it's not a match:(
name: Ari, id: 5a430d47b86023b5127d7a10
Napping for 0.530067 seconds...
	liking... {u'rate_limited_until': 1514827883994, u'likes_remaining': 0, u'match': False}
Aww, it's not a match:(
name: Megan, id: 5108169d5d3b86fe0a0000ab
Napping for 0.238459 seconds...
	liking... {u'rate_limited_until': 1514827883994, u'likes_remaining': 0, u'match': False}
Aww, it's not a match:(
name: Kimberly, id: 56de5ffb15c5afd57ae022fa
Napping for 0.158923 seconds...
	liking... {u'rate_limited_until': 1514827883994, u'likes_remaining': 0, u'match': False}
Aww, it's not a match:(
name: Jocelyn, id: 5a448e96aa9e1a4725d32cad
Napping for 0.443649 seconds...
	liking... {u'rate_limited_until': 1514827883994, u'likes_remaining': 0, u'match': False}
Aww, it's not a match:(
name: Anna, id: 545b0369ce7729830def367e
Napping for 0.213133 seconds...
	liking... {u'rate_limited_until': 1514827883994, u'likes_remaining': 0, u'match': False}
Aww, it's not a match:(
name: Audrey, id: 5a3f443a36e65f961d4f3100
Napping for 0.850523 seconds...
	liking... {u'rate_limited_until': 1514827883994, u'likes_remaining': 0, u'match': False}
Aww, it's not a match:(
name: Carissa, id: 5a38af6217519cd50b61994f
Napping for 1.065592 seconds...
	liking... {u'rate_limited_until': 1514827883994, u'likes_remaining': 0, u'match': False}
Aww, it's not a match:(
name: Stephanie, id: 5a434dbc36e65f961d520541
Napping for 0.900845 seconds...
	liking... {u'rate_limited_until': 1514827883994, u'likes_remaining': 0, u'match': False}
Aww, it's not a match:(
name: Sammy, id: 5a1cfbfdd9154a1169abd821
Napping for 0.854536 seconds...
	liking... {u'rate_limited_until': 1514827883994, u'likes_remaining': 0, u'match': False}
Aww, it's not a match:(
name: Audrey, id: 5455838487150e44034ffbdb
Napping for 0.381031 seconds...
	liking... {u'rate_limited_until': 1514827883994, u'likes_remaining': 0, u'match': False}
Aww, it's not a match:(
name: Elizabeth, id: 59f26ddcffc02cff7ce924e3
Napping for 0.311783 seconds...
	liking... {u'rate_limited_until': 1514827883994, u'likes_remaining': 0, u'match': False}
Aww, it's not a match:(
name: Amber, id: 5987ead83c99f19c4bceedee
Napping for 1.022822 seconds...
	liking... {u'rate_limited_until': 1514827883994, u'likes_remaining': 0, u'match': False}
Aww, it's not a match:(
name: Rory, id: 567f60bea288bd994dd554ee
Napping for 0.608430 seconds...
	liking... {u'rate_limited_until': 1514827883994, u'likes_remaining': 0, u'match': False}
Aww, it's not a match:(
name: Sammi, id: 5a49b6a62788ab671ef8e3a5
Napping for 0.683923 seconds...
	liking... {u'rate_limited_until': 1514827883994, u'likes_remaining': 0, u'match': False}
Aww, it's not a match:(
name: Cara, id: 5567fbeb584815574c265a78
Napping for 0.676122 seconds...
	liking... {u'rate_limited_until': 1514827883994, u'likes_remaining': 0, u'match': False}
Aww, it's not a match:(
name: Elizza, id: 5a488805199b629412e03ad5
Napping for 0.291397 seconds...
	liking... {u'rate_limited_until': 1514827883994, u'likes_remaining': 0, u'match': False}
Aww, it's not a match:(
name: Sammie, id: 563839f549c9def01f7f8b74
Napping for 0.608616 seconds...
	liking... {u'rate_limited_until': 1514827883994, u'likes_remaining': 0, u'match': False}
Aww, it's not a match:(
name: Aia, id: 597fe92f23175fc02d2d9282
Napping for 0.459979 seconds...
	liking... {u'rate_limited_until': 1514827883994, u'likes_remaining': 0, u'match': False}
Aww, it's not a match:(
name: Madeline, id: 580124710cce09c05e9a78dd
Napping for 1.013264 seconds...
	liking... {u'rate_limited_until': 1514827883994, u'likes_remaining': 0, u'match': False}
Aww, it's not a match:(
name: Tara, id: 5a3c899785a42ee579145933
Napping for 0.071528 seconds...
	liking... {u'rate_limited_until': 1514827883994, u'likes_remaining': 0, u'match': False}
Aww, it's not a match:(
name: Kiana, id: 58e14a628df9b22e7c336b2c
Napping for 0.911140 seconds...
	liking... {u'rate_limited_until': 1514827883994, u'likes_remaining': 0, u'match': False}
Aww, it's not a match:(
name: Anissa, id: 595ae1f58439c3e3728f9921
Napping for 0.669155 seconds...
	liking... {u'rate_limited_until': 1514827883994, u'likes_remaining': 0, u'match': False}
Aww, it's not a match:(
name: Emma, id: 534cd85e3ed4d4ec6100795f
Napping for 1.028344 seconds...
	liking... {u'rate_limited_until': 1514827883994, u'likes_remaining': 0, u'match': False}
Aww, it's not a match:(
name: Carolyn, id: 567f1ec4551f622c7e222cb4
Napping for 0.364209 seconds...
	liking... {u'rate_limited_until': 1514827883994, u'likes_remaining': 0, u'match': False}
Aww, it's not a match:(
name: Andrea, id: 5a0529bd242e0c6205fee62d
Napping for 0.267384 seconds...
	liking... {u'rate_limited_until': 1514827883994, u'likes_remaining': 0, u'match': False}
Aww, it's not a match:(
name: Devyani, id: 593985e448eda4601fdd6466
Napping for 0.953614 seconds...
	liking... {u'rate_limited_until': 1514827883994, u'likes_remaining': 0, u'match': False}
Aww, it's not a match:(
name: Biljana, id: 574bb228f53e0e7d0c69837e
Napping for 0.288606 seconds...
	liking... {u'rate_limited_until': 1514827883994, u'likes_remaining': 0, u'match': False}
Aww, it's not a match:(
name: Svetlana, id: 59f8124e62dab66a0c53de5c
Napping for 0.162420 seconds...
	liking... {u'rate_limited_until': 1514827883994, u'likes_remaining': 0, u'match': False}
Aww, it's not a match:(
name: Riya, id: 574e34a4b81c11ef2075e53e
Napping for 1.130892 seconds...
	liking... {u'rate_limited_until': 1514827883994, u'likes_remaining': 0, u'match': False}
Aww, it's not a match:(
name: Sesilia, id: 5a43fbe756899e2525a1a4fb
Napping for 0.414638 seconds...
	liking... {u'rate_limited_until': 1514827883994, u'likes_remaining': 0, u'match': False}
Aww, it's not a match:(
name: Sameen, id: 54c34e9176c147c2400def86
Napping for 0.804593 seconds...
	liking... {u'rate_limited_until': 1514827883994, u'likes_remaining': 0, u'match': False}
Aww, it's not a match:(
name: Rhea, id: 59ea9d52021ee7b5248cb0eb
Napping for 0.833306 seconds...
	liking... {u'rate_limited_until': 1514827883994, u'likes_remaining': 0, u'match': False}
Aww, it's not a match:(
name: Samantha, id: 5a3def484584d1451e4933c8
Napping for 0.765301 seconds...
	liking... {u'rate_limited_until': 1514827883994, u'likes_remaining': 0, u'match': False}
Aww, it's not a match:(
name: Evelyn, id: 5a1c72389b83dbe36f6d014b
Napping for 0.091762 seconds...
	liking... {u'rate_limited_until': 1514827883994, u'likes_remaining': 0, u'match': False}
Aww, it's not a match:(
name: T, id: 5a3c56e8c6de1ca3024b7cb7
Napping for 0.692266 seconds...
	liking... {u'rate_limited_until': 1514827883994, u'likes_remaining': 0, u'match': False}
Aww, it's not a match:(
name: jessa, id: 5a42954100a7d7751d996da2
Napping for 0.376326 seconds...
	liking... {u'rate_limited_until': 1514827883994, u'likes_remaining': 0, u'match': False}
Aww, it's not a match:(
name: Samantha, id: 5987e6433c99f19c4bceeb52
Napping for 1.160377 seconds...
	liking... {u'rate_limited_until': 1514827883994, u'likes_remaining': 0, u'match': False}
Aww, it's not a match:(
name: Venus, id: 55c1a1c2a422a34223659662
Napping for 1.130002 seconds...
	liking... {u'rate_limited_until': 1514827883994, u'likes_remaining': 0, u'match': False}
Aww, it's not a match:(
name: Juju, id: 5a47093136e65f961d5488e0
Napping for 1.173740 seconds...
	liking... {u'rate_limited_until': 1514827883994, u'likes_remaining': 0, u'match': False}
Aww, it's not a match:(
name: Natasha, id: 59703fd531bfe0d251d775bd
Napping for 0.911363 seconds...
	liking... {u'rate_limited_until': 1514827883994, u'likes_remaining': 0, u'match': False}
Aww, it's not a match:(
name: Marie, id: 59bc2e24aca1dedc0ab5c89b
Napping for 0.434120 seconds...
	liking... {u'rate_limited_until': 1514827883994, u'likes_remaining': 0, u'match': False}
Aww, it's not a match:(
name: Brianna, id: 596c06bf88035257344b4299
Napping for 0.627318 seconds...
	liking... {u'rate_limited_until': 1514827883994, u'likes_remaining': 0, u'match': False}
Aww, it's not a match:(
name: Aciel, id: 579473c30f09ba48379f6eb6
Napping for 0.121614 seconds...
	liking... {u'rate_limited_until': 1514827883994, u'likes_remaining': 0, u'match': False}
Aww, it's not a match:(
name: Melissa, id: 57cbd0c180de0b4325e74552
Napping for 1.081750 seconds...
	liking... {u'rate_limited_until': 1514827883994, u'likes_remaining': 0, u'match': False}
Aww, it's not a match:(
name: Claire, id: 583a84ace3c2c0ee681f7d3f
Napping for 0.526125 seconds...
	liking... {u'rate_limited_until': 1514827883994, u'likes_remaining': 0, u'match': False}
Aww, it's not a match:(
name: Ruby, id: 5a3a0034e3cd914631f2f339
Napping for 0.405432 seconds...
	liking... {u'rate_limited_until': 1514827883994, u'likes_remaining': 0, u'match': False}
Aww, it's not a match:(
name: Michelle, id: 5a20d9edef50a8e44c737e32
Napping for 1.130409 seconds...
	liking... {u'rate_limited_until': 1514827883994, u'likes_remaining': 0, u'match': False}
Aww, it's not a match:(
name: Gianna, id: 5a078cada643d19805503f74
Napping for 0.012635 seconds...
	liking... {u'rate_limited_until': 1514827883994, u'likes_remaining': 0, u'match': False}
Aww, it's not a match:(
name: Olivia, id: 5a3897fbca247b9413c93a2d
Napping for 0.431204 seconds...
	liking... {u'rate_limited_until': 1514827883994, u'likes_remaining': 0, u'match': False}
Aww, it's not a match:(
name: Emily, id: 5a36e996e4953290059709ac
Napping for 0.688942 seconds...
	liking... {u'rate_limited_until': 1514827883994, u'likes_remaining': 0, u'match': False}
Aww, it's not a match:(
name: Vanessa, id: 59cad91b8674ba0b7e0b85be
Napping for 0.091391 seconds...
	liking... {u'rate_limited_until': 1514827883994, u'likes_remaining': 0, u'match': False}
Aww, it's not a match:(
name: Juka, id: 56c67ceb9fff60834cdcba9e
Napping for 0.874194 seconds...
	liking... {u'rate_limited_until': 1514827883994, u'likes_remaining': 0, u'match': False}
Aww, it's not a match:(
name: Shanleigh, id: 584afec5d185210a0a03cbed
Napping for 0.167865 seconds...
	liking... {u'rate_limited_until': 1514827883994, u'likes_remaining': 0, u'match': False}
Aww, it's not a match:(
name: Jaclyn, id: 5365c4e63273930e53004693
Napping for 0.643327 seconds...
	liking... {u'rate_limited_until': 1514827883994, u'likes_remaining': 0, u'match': False}
Aww, it's not a match:(
name: Gabriela, id: 5780a659b732c8240acce870
Napping for 0.933913 seconds...
	liking... {u'rate_limited_until': 1514827883994, u'likes_remaining': 0, u'match': False}
Aww, it's not a match:(
name: Cameron, id: 59913360234772c54bbfac77
Napping for 0.575667 seconds...
	liking... {u'rate_limited_until': 1514827883994, u'likes_remaining': 0, u'match': False}
Aww, it's not a match:(
name: Lisa, id: 5590529f0caaa6d638022a11
Napping for 1.017007 seconds...
	liking... {u'rate_limited_until': 1514827883994, u'likes_remaining': 0, u'match': False}
Aww, it's not a match:(
name: Samantha, id: 597a189a7a53baf37bda9cd8
Napping for 0.609294 seconds...
	liking... {u'rate_limited_until': 1514827883994, u'likes_remaining': 0, u'match': False}
Aww, it's not a match:(
name: Amber, id: 5a472b375920884b1d59c31d
Napping for 0.810977 seconds...
	liking... {u'rate_limited_until': 1514827883994, u'likes_remaining': 0, u'match': False}
Aww, it's not a match:(
